[8.173s] Invoking command in '/home/rstole01/Documents/CSE-596/msu_ws/src/waypoint_writer': PYTHONPATH=/home/rstole01/Documents/CSE-596/msu_ws/build/waypoint_writer/prefix_override:/home/rstole01/Documents/CSE-596/msu_ws/install/waypoint_writer/lib/python3.10/site-packages:${PYTHONPATH} /usr/bin/python3 setup.py egg_info --egg-base ../../build/waypoint_writer build --build-base /home/rstole01/Documents/CSE-596/msu_ws/build/waypoint_writer/build install --record /home/rstole01/Documents/CSE-596/msu_ws/build/waypoint_writer/install.log --single-version-externally-managed
[8.953s] running egg_info
[8.955s] writing ../../build/waypoint_writer/waypoint_writer.egg-info/PKG-INFO
[8.955s] writing dependency_links to ../../build/waypoint_writer/waypoint_writer.egg-info/dependency_links.txt
[8.956s] writing entry points to ../../build/waypoint_writer/waypoint_writer.egg-info/entry_points.txt
[8.957s] writing requirements to ../../build/waypoint_writer/waypoint_writer.egg-info/requires.txt
[8.957s] writing top-level names to ../../build/waypoint_writer/waypoint_writer.egg-info/top_level.txt
[8.963s] reading manifest file '../../build/waypoint_writer/waypoint_writer.egg-info/SOURCES.txt'
[8.987s] writing manifest file '../../build/waypoint_writer/waypoint_writer.egg-info/SOURCES.txt'
[8.987s] running build
[8.988s] running build_py
[8.988s] running install
[8.989s] /usr/lib/python3/dist-packages/setuptools/command/install.py:34: SetuptoolsDeprecationWarning: setup.py install is deprecated. Use build and pip and other standards-based tools.
[8.989s]   warnings.warn(
[8.990s] running install_lib
[8.994s] running install_data
[8.996s] running install_egg_info
[9.002s] removing '/home/rstole01/Documents/CSE-596/msu_ws/install/waypoint_writer/lib/python3.10/site-packages/waypoint_writer-0.0.0-py3.10.egg-info' (and everything under it)
[9.003s] Copying ../../build/waypoint_writer/waypoint_writer.egg-info to /home/rstole01/Documents/CSE-596/msu_ws/install/waypoint_writer/lib/python3.10/site-packages/waypoint_writer-0.0.0-py3.10.egg-info
[9.006s] running install_scripts
[9.078s] Installing waypoint_writer script to /home/rstole01/Documents/CSE-596/msu_ws/install/waypoint_writer/lib/waypoint_writer
[9.079s] writing list of installed files to '/home/rstole01/Documents/CSE-596/msu_ws/build/waypoint_writer/install.log'
[9.159s] Invoked command in '/home/rstole01/Documents/CSE-596/msu_ws/src/waypoint_writer' returned '0': PYTHONPATH=/home/rstole01/Documents/CSE-596/msu_ws/build/waypoint_writer/prefix_override:/home/rstole01/Documents/CSE-596/msu_ws/install/waypoint_writer/lib/python3.10/site-packages:${PYTHONPATH} /usr/bin/python3 setup.py egg_info --egg-base ../../build/waypoint_writer build --build-base /home/rstole01/Documents/CSE-596/msu_ws/build/waypoint_writer/build install --record /home/rstole01/Documents/CSE-596/msu_ws/build/waypoint_writer/install.log --single-version-externally-managed
