[1.378s] Invoking command in '/home/rstole01/Documents/CSE-596/msu_ws/build/pid_msgs': CMAKE_PREFIX_PATH=${CMAKE_PREFIX_PATH}:/home/rstole01/Documents/CSE-596/msu_ws/install/waypoint_writer:/home/rstole01/Documents/CSE-596/msu_ws/install/waypoint_follow:/home/rstole01/Documents/CSE-596/msu_ws/install/wall_follower_pid:/home/rstole01/Documents/CSE-596/msu_ws/install/qlearn:/home/rstole01/Documents/CSE-596/msu_ws/install/py_pubsub:/home/rstole01/Documents/CSE-596/msu_ws/install/plexer360:/home/rstole01/Documents/CSE-596/msu_ws/install/painter:/home/rstole01/Documents/CSE-596/msu_ws/install/f1tenth_gym_ros:/opt/ros/humble /usr/bin/cmake --build /home/rstole01/Documents/CSE-596/msu_ws/build/pid_msgs -- -j8 -l8
[3.808s] [  9%] Built target pid_msgs__rosidl_generator_c
[3.809s] [ 12%] Built target pid_msgs__cpp
[3.809s] [ 12%] Built target ament_cmake_python_copy_pid_msgs
[3.810s] [ 22%] Built target pid_msgs__rosidl_typesupport_fastrtps_c
[3.812s] [ 32%] Built target pid_msgs__rosidl_typesupport_fastrtps_cpp
[3.812s] [ 41%] Built target pid_msgs__rosidl_typesupport_introspection_c
[3.814s] [ 51%] Built target pid_msgs__rosidl_typesupport_c
[3.814s] [ 61%] Built target pid_msgs__rosidl_typesupport_introspection_cpp
[3.815s] [ 70%] Built target pid_msgs__rosidl_typesupport_cpp
[3.815s] [ 70%] Built target pid_msgs
[3.815s] [ 74%] Built target pid_msgs__py
[3.815s] [ 80%] Built target pid_msgs__rosidl_generator_py
[3.816s] [ 87%] Built target pid_msgs__rosidl_typesupport_fastrtps_c__pyext
[3.816s] [ 93%] Built target pid_msgs__rosidl_typesupport_introspection_c__pyext
[3.816s] [100%] Built target pid_msgs__rosidl_typesupport_c__pyext
[3.816s] running egg_info
[3.817s] writing pid_msgs.egg-info/PKG-INFO
[3.817s] writing dependency_links to pid_msgs.egg-info/dependency_links.txt
[3.817s] writing top-level names to pid_msgs.egg-info/top_level.txt
[3.817s] reading manifest file 'pid_msgs.egg-info/SOURCES.txt'
[3.818s] writing manifest file 'pid_msgs.egg-info/SOURCES.txt'
[3.818s] [100%] Built target ament_cmake_python_build_pid_msgs_egg
[3.828s] Invoked command in '/home/rstole01/Documents/CSE-596/msu_ws/build/pid_msgs' returned '0': CMAKE_PREFIX_PATH=${CMAKE_PREFIX_PATH}:/home/rstole01/Documents/CSE-596/msu_ws/install/waypoint_writer:/home/rstole01/Documents/CSE-596/msu_ws/install/waypoint_follow:/home/rstole01/Documents/CSE-596/msu_ws/install/wall_follower_pid:/home/rstole01/Documents/CSE-596/msu_ws/install/qlearn:/home/rstole01/Documents/CSE-596/msu_ws/install/py_pubsub:/home/rstole01/Documents/CSE-596/msu_ws/install/plexer360:/home/rstole01/Documents/CSE-596/msu_ws/install/painter:/home/rstole01/Documents/CSE-596/msu_ws/install/f1tenth_gym_ros:/opt/ros/humble /usr/bin/cmake --build /home/rstole01/Documents/CSE-596/msu_ws/build/pid_msgs -- -j8 -l8
[4.627s] Invoking command in '/home/rstole01/Documents/CSE-596/msu_ws/build/pid_msgs': CMAKE_PREFIX_PATH=${CMAKE_PREFIX_PATH}:/home/rstole01/Documents/CSE-596/msu_ws/install/waypoint_writer:/home/rstole01/Documents/CSE-596/msu_ws/install/waypoint_follow:/home/rstole01/Documents/CSE-596/msu_ws/install/wall_follower_pid:/home/rstole01/Documents/CSE-596/msu_ws/install/qlearn:/home/rstole01/Documents/CSE-596/msu_ws/install/py_pubsub:/home/rstole01/Documents/CSE-596/msu_ws/install/plexer360:/home/rstole01/Documents/CSE-596/msu_ws/install/painter:/home/rstole01/Documents/CSE-596/msu_ws/install/f1tenth_gym_ros:/opt/ros/humble /usr/bin/cmake --install /home/rstole01/Documents/CSE-596/msu_ws/build/pid_msgs
[4.675s] -- Install configuration: ""
[4.676s] -- Up-to-date: /home/rstole01/Documents/CSE-596/msu_ws/install/pid_msgs/share/ament_index/resource_index/rosidl_interfaces/pid_msgs
[4.676s] -- Up-to-date: /home/rstole01/Documents/CSE-596/msu_ws/install/pid_msgs/include/pid_msgs/pid_msgs
[4.677s] -- Up-to-date: /home/rstole01/Documents/CSE-596/msu_ws/install/pid_msgs/include/pid_msgs/pid_msgs/msg
[4.677s] -- Up-to-date: /home/rstole01/Documents/CSE-596/msu_ws/install/pid_msgs/include/pid_msgs/pid_msgs/msg/rosidl_generator_c__visibility_control.h
[4.677s] -- Up-to-date: /home/rstole01/Documents/CSE-596/msu_ws/install/pid_msgs/include/pid_msgs/pid_msgs/msg/detail
[4.678s] -- Up-to-date: /home/rstole01/Documents/CSE-596/msu_ws/install/pid_msgs/include/pid_msgs/pid_msgs/msg/detail/pid_input__type_support.h
[4.678s] -- Up-to-date: /home/rstole01/Documents/CSE-596/msu_ws/install/pid_msgs/include/pid_msgs/pid_msgs/msg/detail/pid_input__functions.h
[4.679s] -- Up-to-date: /home/rstole01/Documents/CSE-596/msu_ws/install/pid_msgs/include/pid_msgs/pid_msgs/msg/detail/pid_input__functions.c
[4.679s] -- Up-to-date: /home/rstole01/Documents/CSE-596/msu_ws/install/pid_msgs/include/pid_msgs/pid_msgs/msg/detail/pid_input__struct.h
[4.679s] -- Up-to-date: /home/rstole01/Documents/CSE-596/msu_ws/install/pid_msgs/include/pid_msgs/pid_msgs/msg/pid_input.h
[4.680s] -- Up-to-date: /home/rstole01/Documents/CSE-596/msu_ws/install/pid_msgs/share/pid_msgs/environment/library_path.sh
[4.680s] -- Up-to-date: /home/rstole01/Documents/CSE-596/msu_ws/install/pid_msgs/share/pid_msgs/environment/library_path.dsv
[4.680s] -- Up-to-date: /home/rstole01/Documents/CSE-596/msu_ws/install/pid_msgs/lib/libpid_msgs__rosidl_generator_c.so
[4.680s] -- Up-to-date: /home/rstole01/Documents/CSE-596/msu_ws/install/pid_msgs/include/pid_msgs/pid_msgs
[4.681s] -- Up-to-date: /home/rstole01/Documents/CSE-596/msu_ws/install/pid_msgs/include/pid_msgs/pid_msgs/msg
[4.681s] -- Up-to-date: /home/rstole01/Documents/CSE-596/msu_ws/install/pid_msgs/include/pid_msgs/pid_msgs/msg/rosidl_typesupport_fastrtps_c__visibility_control.h
[4.681s] -- Up-to-date: /home/rstole01/Documents/CSE-596/msu_ws/install/pid_msgs/include/pid_msgs/pid_msgs/msg/detail
[4.682s] -- Up-to-date: /home/rstole01/Documents/CSE-596/msu_ws/install/pid_msgs/include/pid_msgs/pid_msgs/msg/detail/pid_input__rosidl_typesupport_fastrtps_c.h
[4.682s] -- Up-to-date: /home/rstole01/Documents/CSE-596/msu_ws/install/pid_msgs/lib/libpid_msgs__rosidl_typesupport_fastrtps_c.so
[4.683s] -- Up-to-date: /home/rstole01/Documents/CSE-596/msu_ws/install/pid_msgs/include/pid_msgs/pid_msgs
[4.684s] -- Up-to-date: /home/rstole01/Documents/CSE-596/msu_ws/install/pid_msgs/include/pid_msgs/pid_msgs/msg
[4.684s] -- Up-to-date: /home/rstole01/Documents/CSE-596/msu_ws/install/pid_msgs/include/pid_msgs/pid_msgs/msg/rosidl_typesupport_introspection_c__visibility_control.h
[4.685s] -- Up-to-date: /home/rstole01/Documents/CSE-596/msu_ws/install/pid_msgs/include/pid_msgs/pid_msgs/msg/detail
[4.685s] -- Up-to-date: /home/rstole01/Documents/CSE-596/msu_ws/install/pid_msgs/include/pid_msgs/pid_msgs/msg/detail/pid_input__rosidl_typesupport_introspection_c.h
[4.685s] -- Up-to-date: /home/rstole01/Documents/CSE-596/msu_ws/install/pid_msgs/include/pid_msgs/pid_msgs/msg/detail/pid_input__type_support.c
[4.686s] -- Up-to-date: /home/rstole01/Documents/CSE-596/msu_ws/install/pid_msgs/lib/libpid_msgs__rosidl_typesupport_introspection_c.so
[4.687s] -- Up-to-date: /home/rstole01/Documents/CSE-596/msu_ws/install/pid_msgs/lib/libpid_msgs__rosidl_typesupport_c.so
[4.687s] -- Up-to-date: /home/rstole01/Documents/CSE-596/msu_ws/install/pid_msgs/include/pid_msgs/pid_msgs
[4.687s] -- Up-to-date: /home/rstole01/Documents/CSE-596/msu_ws/install/pid_msgs/include/pid_msgs/pid_msgs/msg
[4.690s] -- Up-to-date: /home/rstole01/Documents/CSE-596/msu_ws/install/pid_msgs/include/pid_msgs/pid_msgs/msg/pid_input.hpp
[4.691s] -- Up-to-date: /home/rstole01/Documents/CSE-596/msu_ws/install/pid_msgs/include/pid_msgs/pid_msgs/msg/detail
[4.691s] -- Up-to-date: /home/rstole01/Documents/CSE-596/msu_ws/install/pid_msgs/include/pid_msgs/pid_msgs/msg/detail/pid_input__builder.hpp
[4.691s] -- Up-to-date: /home/rstole01/Documents/CSE-596/msu_ws/install/pid_msgs/include/pid_msgs/pid_msgs/msg/detail/pid_input__struct.hpp
[4.692s] -- Up-to-date: /home/rstole01/Documents/CSE-596/msu_ws/install/pid_msgs/include/pid_msgs/pid_msgs/msg/detail/pid_input__traits.hpp
[4.692s] -- Up-to-date: /home/rstole01/Documents/CSE-596/msu_ws/install/pid_msgs/include/pid_msgs/pid_msgs
[4.692s] -- Up-to-date: /home/rstole01/Documents/CSE-596/msu_ws/install/pid_msgs/include/pid_msgs/pid_msgs/msg
[4.693s] -- Up-to-date: /home/rstole01/Documents/CSE-596/msu_ws/install/pid_msgs/include/pid_msgs/pid_msgs/msg/detail
[4.698s] -- Up-to-date: /home/rstole01/Documents/CSE-596/msu_ws/install/pid_msgs/include/pid_msgs/pid_msgs/msg/detail/pid_input__rosidl_typesupport_fastrtps_cpp.hpp
[4.698s] -- Up-to-date: /home/rstole01/Documents/CSE-596/msu_ws/install/pid_msgs/include/pid_msgs/pid_msgs/msg/detail/dds_fastrtps
[4.701s] -- Up-to-date: /home/rstole01/Documents/CSE-596/msu_ws/install/pid_msgs/include/pid_msgs/pid_msgs/msg/rosidl_typesupport_fastrtps_cpp__visibility_control.h
[4.701s] -- Up-to-date: /home/rstole01/Documents/CSE-596/msu_ws/install/pid_msgs/lib/libpid_msgs__rosidl_typesupport_fastrtps_cpp.so
[4.702s] -- Up-to-date: /home/rstole01/Documents/CSE-596/msu_ws/install/pid_msgs/include/pid_msgs/pid_msgs
[4.702s] -- Up-to-date: /home/rstole01/Documents/CSE-596/msu_ws/install/pid_msgs/include/pid_msgs/pid_msgs/msg
[4.702s] -- Up-to-date: /home/rstole01/Documents/CSE-596/msu_ws/install/pid_msgs/include/pid_msgs/pid_msgs/msg/detail
[4.702s] -- Up-to-date: /home/rstole01/Documents/CSE-596/msu_ws/install/pid_msgs/include/pid_msgs/pid_msgs/msg/detail/pid_input__rosidl_typesupport_introspection_cpp.hpp
[4.703s] -- Up-to-date: /home/rstole01/Documents/CSE-596/msu_ws/install/pid_msgs/include/pid_msgs/pid_msgs/msg/detail/pid_input__type_support.cpp
[4.703s] -- Up-to-date: /home/rstole01/Documents/CSE-596/msu_ws/install/pid_msgs/lib/libpid_msgs__rosidl_typesupport_introspection_cpp.so
[4.704s] -- Up-to-date: /home/rstole01/Documents/CSE-596/msu_ws/install/pid_msgs/lib/libpid_msgs__rosidl_typesupport_cpp.so
[4.704s] -- Up-to-date: /home/rstole01/Documents/CSE-596/msu_ws/install/pid_msgs/share/pid_msgs/environment/pythonpath.sh
[4.704s] -- Up-to-date: /home/rstole01/Documents/CSE-596/msu_ws/install/pid_msgs/share/pid_msgs/environment/pythonpath.dsv
[4.705s] -- Up-to-date: /home/rstole01/Documents/CSE-596/msu_ws/install/pid_msgs/local/lib/python3.10/dist-packages/pid_msgs-0.0.0-py3.10.egg-info
[4.705s] -- Installing: /home/rstole01/Documents/CSE-596/msu_ws/install/pid_msgs/local/lib/python3.10/dist-packages/pid_msgs-0.0.0-py3.10.egg-info/top_level.txt
[4.706s] -- Installing: /home/rstole01/Documents/CSE-596/msu_ws/install/pid_msgs/local/lib/python3.10/dist-packages/pid_msgs-0.0.0-py3.10.egg-info/SOURCES.txt
[4.706s] -- Installing: /home/rstole01/Documents/CSE-596/msu_ws/install/pid_msgs/local/lib/python3.10/dist-packages/pid_msgs-0.0.0-py3.10.egg-info/PKG-INFO
[4.707s] -- Installing: /home/rstole01/Documents/CSE-596/msu_ws/install/pid_msgs/local/lib/python3.10/dist-packages/pid_msgs-0.0.0-py3.10.egg-info/dependency_links.txt
[4.711s] -- Up-to-date: /home/rstole01/Documents/CSE-596/msu_ws/install/pid_msgs/local/lib/python3.10/dist-packages/pid_msgs
[4.716s] -- Up-to-date: /home/rstole01/Documents/CSE-596/msu_ws/install/pid_msgs/local/lib/python3.10/dist-packages/pid_msgs/pid_msgs_s__rosidl_typesupport_fastrtps_c.cpython-310-x86_64-linux-gnu.so
[4.717s] -- Up-to-date: /home/rstole01/Documents/CSE-596/msu_ws/install/pid_msgs/local/lib/python3.10/dist-packages/pid_msgs/pid_msgs_s__rosidl_typesupport_introspection_c.cpython-310-x86_64-linux-gnu.so
[4.717s] -- Up-to-date: /home/rstole01/Documents/CSE-596/msu_ws/install/pid_msgs/local/lib/python3.10/dist-packages/pid_msgs/_pid_msgs_s.ep.rosidl_typesupport_c.c
[4.718s] -- Up-to-date: /home/rstole01/Documents/CSE-596/msu_ws/install/pid_msgs/local/lib/python3.10/dist-packages/pid_msgs/__init__.py
[4.718s] -- Up-to-date: /home/rstole01/Documents/CSE-596/msu_ws/install/pid_msgs/local/lib/python3.10/dist-packages/pid_msgs/msg
[4.718s] -- Up-to-date: /home/rstole01/Documents/CSE-596/msu_ws/install/pid_msgs/local/lib/python3.10/dist-packages/pid_msgs/msg/_pid_input.py
[4.719s] -- Up-to-date: /home/rstole01/Documents/CSE-596/msu_ws/install/pid_msgs/local/lib/python3.10/dist-packages/pid_msgs/msg/__init__.py
[4.720s] -- Up-to-date: /home/rstole01/Documents/CSE-596/msu_ws/install/pid_msgs/local/lib/python3.10/dist-packages/pid_msgs/msg/_pid_input_s.c
[4.720s] -- Up-to-date: /home/rstole01/Documents/CSE-596/msu_ws/install/pid_msgs/local/lib/python3.10/dist-packages/pid_msgs/pid_msgs_s__rosidl_typesupport_c.cpython-310-x86_64-linux-gnu.so
[4.721s] -- Up-to-date: /home/rstole01/Documents/CSE-596/msu_ws/install/pid_msgs/local/lib/python3.10/dist-packages/pid_msgs/_pid_msgs_s.ep.rosidl_typesupport_introspection_c.c
[4.727s] -- Up-to-date: /home/rstole01/Documents/CSE-596/msu_ws/install/pid_msgs/local/lib/python3.10/dist-packages/pid_msgs/libpid_msgs__rosidl_generator_py.so
[4.727s] -- Up-to-date: /home/rstole01/Documents/CSE-596/msu_ws/install/pid_msgs/local/lib/python3.10/dist-packages/pid_msgs/_pid_msgs_s.ep.rosidl_typesupport_fastrtps_c.c
[5.016s] Listing '/home/rstole01/Documents/CSE-596/msu_ws/install/pid_msgs/local/lib/python3.10/dist-packages/pid_msgs'...
[5.016s] Listing '/home/rstole01/Documents/CSE-596/msu_ws/install/pid_msgs/local/lib/python3.10/dist-packages/pid_msgs/msg'...
[5.048s] -- Up-to-date: /home/rstole01/Documents/CSE-596/msu_ws/install/pid_msgs/local/lib/python3.10/dist-packages/pid_msgs/pid_msgs_s__rosidl_typesupport_fastrtps_c.cpython-310-x86_64-linux-gnu.so
[5.049s] -- Up-to-date: /home/rstole01/Documents/CSE-596/msu_ws/install/pid_msgs/local/lib/python3.10/dist-packages/pid_msgs/pid_msgs_s__rosidl_typesupport_introspection_c.cpython-310-x86_64-linux-gnu.so
[5.052s] -- Up-to-date: /home/rstole01/Documents/CSE-596/msu_ws/install/pid_msgs/local/lib/python3.10/dist-packages/pid_msgs/pid_msgs_s__rosidl_typesupport_c.cpython-310-x86_64-linux-gnu.so
[5.053s] -- Up-to-date: /home/rstole01/Documents/CSE-596/msu_ws/install/pid_msgs/lib/libpid_msgs__rosidl_generator_py.so
[5.062s] -- Up-to-date: /home/rstole01/Documents/CSE-596/msu_ws/install/pid_msgs/share/pid_msgs/msg/PIDInput.idl
[5.062s] -- Up-to-date: /home/rstole01/Documents/CSE-596/msu_ws/install/pid_msgs/share/pid_msgs/msg/PIDInput.msg
[5.062s] -- Up-to-date: /home/rstole01/Documents/CSE-596/msu_ws/install/pid_msgs/share/ament_index/resource_index/package_run_dependencies/pid_msgs
[5.063s] -- Up-to-date: /home/rstole01/Documents/CSE-596/msu_ws/install/pid_msgs/share/ament_index/resource_index/parent_prefix_path/pid_msgs
[5.063s] -- Up-to-date: /home/rstole01/Documents/CSE-596/msu_ws/install/pid_msgs/share/pid_msgs/environment/ament_prefix_path.sh
[5.063s] -- Up-to-date: /home/rstole01/Documents/CSE-596/msu_ws/install/pid_msgs/share/pid_msgs/environment/ament_prefix_path.dsv
[5.063s] -- Up-to-date: /home/rstole01/Documents/CSE-596/msu_ws/install/pid_msgs/share/pid_msgs/environment/path.sh
[5.064s] -- Up-to-date: /home/rstole01/Documents/CSE-596/msu_ws/install/pid_msgs/share/pid_msgs/environment/path.dsv
[5.064s] -- Up-to-date: /home/rstole01/Documents/CSE-596/msu_ws/install/pid_msgs/share/pid_msgs/local_setup.bash
[5.064s] -- Up-to-date: /home/rstole01/Documents/CSE-596/msu_ws/install/pid_msgs/share/pid_msgs/local_setup.sh
[5.064s] -- Up-to-date: /home/rstole01/Documents/CSE-596/msu_ws/install/pid_msgs/share/pid_msgs/local_setup.zsh
[5.064s] -- Up-to-date: /home/rstole01/Documents/CSE-596/msu_ws/install/pid_msgs/share/pid_msgs/local_setup.dsv
[5.065s] -- Installing: /home/rstole01/Documents/CSE-596/msu_ws/install/pid_msgs/share/pid_msgs/package.dsv
[5.065s] -- Up-to-date: /home/rstole01/Documents/CSE-596/msu_ws/install/pid_msgs/share/ament_index/resource_index/packages/pid_msgs
[5.065s] -- Up-to-date: /home/rstole01/Documents/CSE-596/msu_ws/install/pid_msgs/share/pid_msgs/cmake/export_pid_msgs__rosidl_generator_cExport.cmake
[5.065s] -- Up-to-date: /home/rstole01/Documents/CSE-596/msu_ws/install/pid_msgs/share/pid_msgs/cmake/export_pid_msgs__rosidl_generator_cExport-noconfig.cmake
[5.067s] -- Up-to-date: /home/rstole01/Documents/CSE-596/msu_ws/install/pid_msgs/share/pid_msgs/cmake/export_pid_msgs__rosidl_typesupport_fastrtps_cExport.cmake
[5.067s] -- Up-to-date: /home/rstole01/Documents/CSE-596/msu_ws/install/pid_msgs/share/pid_msgs/cmake/export_pid_msgs__rosidl_typesupport_fastrtps_cExport-noconfig.cmake
[5.067s] -- Up-to-date: /home/rstole01/Documents/CSE-596/msu_ws/install/pid_msgs/share/pid_msgs/cmake/pid_msgs__rosidl_typesupport_introspection_cExport.cmake
[5.067s] -- Up-to-date: /home/rstole01/Documents/CSE-596/msu_ws/install/pid_msgs/share/pid_msgs/cmake/pid_msgs__rosidl_typesupport_introspection_cExport-noconfig.cmake
[5.068s] -- Up-to-date: /home/rstole01/Documents/CSE-596/msu_ws/install/pid_msgs/share/pid_msgs/cmake/pid_msgs__rosidl_typesupport_cExport.cmake
[5.068s] -- Up-to-date: /home/rstole01/Documents/CSE-596/msu_ws/install/pid_msgs/share/pid_msgs/cmake/pid_msgs__rosidl_typesupport_cExport-noconfig.cmake
[5.068s] -- Up-to-date: /home/rstole01/Documents/CSE-596/msu_ws/install/pid_msgs/share/pid_msgs/cmake/export_pid_msgs__rosidl_generator_cppExport.cmake
[5.068s] -- Up-to-date: /home/rstole01/Documents/CSE-596/msu_ws/install/pid_msgs/share/pid_msgs/cmake/export_pid_msgs__rosidl_typesupport_fastrtps_cppExport.cmake
[5.069s] -- Up-to-date: /home/rstole01/Documents/CSE-596/msu_ws/install/pid_msgs/share/pid_msgs/cmake/export_pid_msgs__rosidl_typesupport_fastrtps_cppExport-noconfig.cmake
[5.069s] -- Up-to-date: /home/rstole01/Documents/CSE-596/msu_ws/install/pid_msgs/share/pid_msgs/cmake/pid_msgs__rosidl_typesupport_introspection_cppExport.cmake
[5.069s] -- Up-to-date: /home/rstole01/Documents/CSE-596/msu_ws/install/pid_msgs/share/pid_msgs/cmake/pid_msgs__rosidl_typesupport_introspection_cppExport-noconfig.cmake
[5.069s] -- Up-to-date: /home/rstole01/Documents/CSE-596/msu_ws/install/pid_msgs/share/pid_msgs/cmake/pid_msgs__rosidl_typesupport_cppExport.cmake
[5.069s] -- Up-to-date: /home/rstole01/Documents/CSE-596/msu_ws/install/pid_msgs/share/pid_msgs/cmake/pid_msgs__rosidl_typesupport_cppExport-noconfig.cmake
[5.070s] -- Up-to-date: /home/rstole01/Documents/CSE-596/msu_ws/install/pid_msgs/share/pid_msgs/cmake/export_pid_msgs__rosidl_generator_pyExport.cmake
[5.070s] -- Up-to-date: /home/rstole01/Documents/CSE-596/msu_ws/install/pid_msgs/share/pid_msgs/cmake/export_pid_msgs__rosidl_generator_pyExport-noconfig.cmake
[5.070s] -- Up-to-date: /home/rstole01/Documents/CSE-596/msu_ws/install/pid_msgs/share/pid_msgs/cmake/rosidl_cmake-extras.cmake
[5.070s] -- Up-to-date: /home/rstole01/Documents/CSE-596/msu_ws/install/pid_msgs/share/pid_msgs/cmake/ament_cmake_export_dependencies-extras.cmake
[5.071s] -- Up-to-date: /home/rstole01/Documents/CSE-596/msu_ws/install/pid_msgs/share/pid_msgs/cmake/ament_cmake_export_include_directories-extras.cmake
[5.071s] -- Up-to-date: /home/rstole01/Documents/CSE-596/msu_ws/install/pid_msgs/share/pid_msgs/cmake/ament_cmake_export_libraries-extras.cmake
[5.082s] -- Up-to-date: /home/rstole01/Documents/CSE-596/msu_ws/install/pid_msgs/share/pid_msgs/cmake/ament_cmake_export_targets-extras.cmake
[5.082s] -- Up-to-date: /home/rstole01/Documents/CSE-596/msu_ws/install/pid_msgs/share/pid_msgs/cmake/rosidl_cmake_export_typesupport_targets-extras.cmake
[5.082s] -- Up-to-date: /home/rstole01/Documents/CSE-596/msu_ws/install/pid_msgs/share/pid_msgs/cmake/rosidl_cmake_export_typesupport_libraries-extras.cmake
[5.083s] -- Up-to-date: /home/rstole01/Documents/CSE-596/msu_ws/install/pid_msgs/share/pid_msgs/cmake/pid_msgsConfig.cmake
[5.083s] -- Up-to-date: /home/rstole01/Documents/CSE-596/msu_ws/install/pid_msgs/share/pid_msgs/cmake/pid_msgsConfig-version.cmake
[5.083s] -- Up-to-date: /home/rstole01/Documents/CSE-596/msu_ws/install/pid_msgs/share/pid_msgs/package.xml
[6.024s] Invoked command in '/home/rstole01/Documents/CSE-596/msu_ws/build/pid_msgs' returned '0': CMAKE_PREFIX_PATH=${CMAKE_PREFIX_PATH}:/home/rstole01/Documents/CSE-596/msu_ws/install/waypoint_writer:/home/rstole01/Documents/CSE-596/msu_ws/install/waypoint_follow:/home/rstole01/Documents/CSE-596/msu_ws/install/wall_follower_pid:/home/rstole01/Documents/CSE-596/msu_ws/install/qlearn:/home/rstole01/Documents/CSE-596/msu_ws/install/py_pubsub:/home/rstole01/Documents/CSE-596/msu_ws/install/plexer360:/home/rstole01/Documents/CSE-596/msu_ws/install/painter:/home/rstole01/Documents/CSE-596/msu_ws/install/f1tenth_gym_ros:/opt/ros/humble /usr/bin/cmake --install /home/rstole01/Documents/CSE-596/msu_ws/build/pid_msgs
