[  3%] Built target pid_msgs__cpp
[ 12%] Built target pid_msgs__rosidl_generator_c
[ 12%] Built target ament_cmake_python_copy_pid_msgs
[ 22%] Built target pid_msgs__rosidl_typesupport_cpp
[ 41%] Built target pid_msgs__rosidl_typesupport_fastrtps_cpp
[ 35%] Built target pid_msgs__rosidl_typesupport_introspection_cpp
[ 51%] Built target pid_msgs__rosidl_typesupport_introspection_c
[ 61%] Built target pid_msgs__rosidl_typesupport_c
[ 70%] Built target pid_msgs__rosidl_typesupport_fastrtps_c
[ 70%] Built target pid_msgs
[ 74%] Built target pid_msgs__py
[ 80%] Built target pid_msgs__rosidl_generator_py
[ 87%] Built target pid_msgs__rosidl_typesupport_fastrtps_c__pyext
[ 93%] Built target pid_msgs__rosidl_typesupport_introspection_c__pyext
[100%] Built target pid_msgs__rosidl_typesupport_c__pyext
running egg_info
writing pid_msgs.egg-info/PKG-INFO
writing dependency_links to pid_msgs.egg-info/dependency_links.txt
writing top-level names to pid_msgs.egg-info/top_level.txt
reading manifest file 'pid_msgs.egg-info/SOURCES.txt'
writing manifest file 'pid_msgs.egg-info/SOURCES.txt'
[100%] Built target ament_cmake_python_build_pid_msgs_egg
-- Install configuration: ""
-- Up-to-date: /home/rstole01/Documents/CSE-596/msu_ws/install/pid_msgs/share/ament_index/resource_index/rosidl_interfaces/pid_msgs
-- Up-to-date: /home/rstole01/Documents/CSE-596/msu_ws/install/pid_msgs/include/pid_msgs/pid_msgs
-- Up-to-date: /home/rstole01/Documents/CSE-596/msu_ws/install/pid_msgs/include/pid_msgs/pid_msgs/msg
-- Up-to-date: /home/rstole01/Documents/CSE-596/msu_ws/install/pid_msgs/include/pid_msgs/pid_msgs/msg/rosidl_generator_c__visibility_control.h
-- Up-to-date: /home/rstole01/Documents/CSE-596/msu_ws/install/pid_msgs/include/pid_msgs/pid_msgs/msg/detail
-- Up-to-date: /home/rstole01/Documents/CSE-596/msu_ws/install/pid_msgs/include/pid_msgs/pid_msgs/msg/detail/pid_input__type_support.h
-- Up-to-date: /home/rstole01/Documents/CSE-596/msu_ws/install/pid_msgs/include/pid_msgs/pid_msgs/msg/detail/pid_input__functions.h
-- Up-to-date: /home/rstole01/Documents/CSE-596/msu_ws/install/pid_msgs/include/pid_msgs/pid_msgs/msg/detail/pid_input__functions.c
-- Up-to-date: /home/rstole01/Documents/CSE-596/msu_ws/install/pid_msgs/include/pid_msgs/pid_msgs/msg/detail/pid_input__struct.h
-- Up-to-date: /home/rstole01/Documents/CSE-596/msu_ws/install/pid_msgs/include/pid_msgs/pid_msgs/msg/pid_input.h
-- Up-to-date: /home/rstole01/Documents/CSE-596/msu_ws/install/pid_msgs/share/pid_msgs/environment/library_path.sh
-- Up-to-date: /home/rstole01/Documents/CSE-596/msu_ws/install/pid_msgs/share/pid_msgs/environment/library_path.dsv
-- Up-to-date: /home/rstole01/Documents/CSE-596/msu_ws/install/pid_msgs/lib/libpid_msgs__rosidl_generator_c.so
-- Up-to-date: /home/rstole01/Documents/CSE-596/msu_ws/install/pid_msgs/include/pid_msgs/pid_msgs
-- Up-to-date: /home/rstole01/Documents/CSE-596/msu_ws/install/pid_msgs/include/pid_msgs/pid_msgs/msg
-- Up-to-date: /home/rstole01/Documents/CSE-596/msu_ws/install/pid_msgs/include/pid_msgs/pid_msgs/msg/rosidl_typesupport_fastrtps_c__visibility_control.h
-- Up-to-date: /home/rstole01/Documents/CSE-596/msu_ws/install/pid_msgs/include/pid_msgs/pid_msgs/msg/detail
-- Up-to-date: /home/rstole01/Documents/CSE-596/msu_ws/install/pid_msgs/include/pid_msgs/pid_msgs/msg/detail/pid_input__rosidl_typesupport_fastrtps_c.h
-- Up-to-date: /home/rstole01/Documents/CSE-596/msu_ws/install/pid_msgs/lib/libpid_msgs__rosidl_typesupport_fastrtps_c.so
-- Up-to-date: /home/rstole01/Documents/CSE-596/msu_ws/install/pid_msgs/include/pid_msgs/pid_msgs
-- Up-to-date: /home/rstole01/Documents/CSE-596/msu_ws/install/pid_msgs/include/pid_msgs/pid_msgs/msg
-- Up-to-date: /home/rstole01/Documents/CSE-596/msu_ws/install/pid_msgs/include/pid_msgs/pid_msgs/msg/rosidl_typesupport_introspection_c__visibility_control.h
-- Up-to-date: /home/rstole01/Documents/CSE-596/msu_ws/install/pid_msgs/include/pid_msgs/pid_msgs/msg/detail
-- Up-to-date: /home/rstole01/Documents/CSE-596/msu_ws/install/pid_msgs/include/pid_msgs/pid_msgs/msg/detail/pid_input__rosidl_typesupport_introspection_c.h
-- Up-to-date: /home/rstole01/Documents/CSE-596/msu_ws/install/pid_msgs/include/pid_msgs/pid_msgs/msg/detail/pid_input__type_support.c
-- Up-to-date: /home/rstole01/Documents/CSE-596/msu_ws/install/pid_msgs/lib/libpid_msgs__rosidl_typesupport_introspection_c.so
-- Up-to-date: /home/rstole01/Documents/CSE-596/msu_ws/install/pid_msgs/lib/libpid_msgs__rosidl_typesupport_c.so
-- Up-to-date: /home/rstole01/Documents/CSE-596/msu_ws/install/pid_msgs/include/pid_msgs/pid_msgs
-- Up-to-date: /home/rstole01/Documents/CSE-596/msu_ws/install/pid_msgs/include/pid_msgs/pid_msgs/msg
-- Up-to-date: /home/rstole01/Documents/CSE-596/msu_ws/install/pid_msgs/include/pid_msgs/pid_msgs/msg/pid_input.hpp
-- Up-to-date: /home/rstole01/Documents/CSE-596/msu_ws/install/pid_msgs/include/pid_msgs/pid_msgs/msg/detail
-- Up-to-date: /home/rstole01/Documents/CSE-596/msu_ws/install/pid_msgs/include/pid_msgs/pid_msgs/msg/detail/pid_input__builder.hpp
-- Up-to-date: /home/rstole01/Documents/CSE-596/msu_ws/install/pid_msgs/include/pid_msgs/pid_msgs/msg/detail/pid_input__struct.hpp
-- Up-to-date: /home/rstole01/Documents/CSE-596/msu_ws/install/pid_msgs/include/pid_msgs/pid_msgs/msg/detail/pid_input__traits.hpp
-- Up-to-date: /home/rstole01/Documents/CSE-596/msu_ws/install/pid_msgs/include/pid_msgs/pid_msgs
-- Up-to-date: /home/rstole01/Documents/CSE-596/msu_ws/install/pid_msgs/include/pid_msgs/pid_msgs/msg
-- Up-to-date: /home/rstole01/Documents/CSE-596/msu_ws/install/pid_msgs/include/pid_msgs/pid_msgs/msg/detail
-- Up-to-date: /home/rstole01/Documents/CSE-596/msu_ws/install/pid_msgs/include/pid_msgs/pid_msgs/msg/detail/pid_input__rosidl_typesupport_fastrtps_cpp.hpp
-- Up-to-date: /home/rstole01/Documents/CSE-596/msu_ws/install/pid_msgs/include/pid_msgs/pid_msgs/msg/detail/dds_fastrtps
-- Up-to-date: /home/rstole01/Documents/CSE-596/msu_ws/install/pid_msgs/include/pid_msgs/pid_msgs/msg/rosidl_typesupport_fastrtps_cpp__visibility_control.h
-- Up-to-date: /home/rstole01/Documents/CSE-596/msu_ws/install/pid_msgs/lib/libpid_msgs__rosidl_typesupport_fastrtps_cpp.so
-- Up-to-date: /home/rstole01/Documents/CSE-596/msu_ws/install/pid_msgs/include/pid_msgs/pid_msgs
-- Up-to-date: /home/rstole01/Documents/CSE-596/msu_ws/install/pid_msgs/include/pid_msgs/pid_msgs/msg
-- Up-to-date: /home/rstole01/Documents/CSE-596/msu_ws/install/pid_msgs/include/pid_msgs/pid_msgs/msg/detail
-- Up-to-date: /home/rstole01/Documents/CSE-596/msu_ws/install/pid_msgs/include/pid_msgs/pid_msgs/msg/detail/pid_input__rosidl_typesupport_introspection_cpp.hpp
-- Up-to-date: /home/rstole01/Documents/CSE-596/msu_ws/install/pid_msgs/include/pid_msgs/pid_msgs/msg/detail/pid_input__type_support.cpp
-- Up-to-date: /home/rstole01/Documents/CSE-596/msu_ws/install/pid_msgs/lib/libpid_msgs__rosidl_typesupport_introspection_cpp.so
-- Up-to-date: /home/rstole01/Documents/CSE-596/msu_ws/install/pid_msgs/lib/libpid_msgs__rosidl_typesupport_cpp.so
-- Up-to-date: /home/rstole01/Documents/CSE-596/msu_ws/install/pid_msgs/share/pid_msgs/environment/pythonpath.sh
-- Up-to-date: /home/rstole01/Documents/CSE-596/msu_ws/install/pid_msgs/share/pid_msgs/environment/pythonpath.dsv
-- Up-to-date: /home/rstole01/Documents/CSE-596/msu_ws/install/pid_msgs/local/lib/python3.10/dist-packages/pid_msgs-0.0.0-py3.10.egg-info
-- Installing: /home/rstole01/Documents/CSE-596/msu_ws/install/pid_msgs/local/lib/python3.10/dist-packages/pid_msgs-0.0.0-py3.10.egg-info/top_level.txt
-- Installing: /home/rstole01/Documents/CSE-596/msu_ws/install/pid_msgs/local/lib/python3.10/dist-packages/pid_msgs-0.0.0-py3.10.egg-info/SOURCES.txt
-- Installing: /home/rstole01/Documents/CSE-596/msu_ws/install/pid_msgs/local/lib/python3.10/dist-packages/pid_msgs-0.0.0-py3.10.egg-info/PKG-INFO
-- Installing: /home/rstole01/Documents/CSE-596/msu_ws/install/pid_msgs/local/lib/python3.10/dist-packages/pid_msgs-0.0.0-py3.10.egg-info/dependency_links.txt
-- Up-to-date: /home/rstole01/Documents/CSE-596/msu_ws/install/pid_msgs/local/lib/python3.10/dist-packages/pid_msgs
-- Up-to-date: /home/rstole01/Documents/CSE-596/msu_ws/install/pid_msgs/local/lib/python3.10/dist-packages/pid_msgs/pid_msgs_s__rosidl_typesupport_fastrtps_c.cpython-310-x86_64-linux-gnu.so
-- Up-to-date: /home/rstole01/Documents/CSE-596/msu_ws/install/pid_msgs/local/lib/python3.10/dist-packages/pid_msgs/pid_msgs_s__rosidl_typesupport_introspection_c.cpython-310-x86_64-linux-gnu.so
-- Up-to-date: /home/rstole01/Documents/CSE-596/msu_ws/install/pid_msgs/local/lib/python3.10/dist-packages/pid_msgs/_pid_msgs_s.ep.rosidl_typesupport_c.c
-- Up-to-date: /home/rstole01/Documents/CSE-596/msu_ws/install/pid_msgs/local/lib/python3.10/dist-packages/pid_msgs/__init__.py
-- Up-to-date: /home/rstole01/Documents/CSE-596/msu_ws/install/pid_msgs/local/lib/python3.10/dist-packages/pid_msgs/msg
-- Up-to-date: /home/rstole01/Documents/CSE-596/msu_ws/install/pid_msgs/local/lib/python3.10/dist-packages/pid_msgs/msg/_pid_input.py
-- Up-to-date: /home/rstole01/Documents/CSE-596/msu_ws/install/pid_msgs/local/lib/python3.10/dist-packages/pid_msgs/msg/__init__.py
-- Up-to-date: /home/rstole01/Documents/CSE-596/msu_ws/install/pid_msgs/local/lib/python3.10/dist-packages/pid_msgs/msg/_pid_input_s.c
-- Up-to-date: /home/rstole01/Documents/CSE-596/msu_ws/install/pid_msgs/local/lib/python3.10/dist-packages/pid_msgs/pid_msgs_s__rosidl_typesupport_c.cpython-310-x86_64-linux-gnu.so
-- Up-to-date: /home/rstole01/Documents/CSE-596/msu_ws/install/pid_msgs/local/lib/python3.10/dist-packages/pid_msgs/_pid_msgs_s.ep.rosidl_typesupport_introspection_c.c
-- Up-to-date: /home/rstole01/Documents/CSE-596/msu_ws/install/pid_msgs/local/lib/python3.10/dist-packages/pid_msgs/libpid_msgs__rosidl_generator_py.so
-- Up-to-date: /home/rstole01/Documents/CSE-596/msu_ws/install/pid_msgs/local/lib/python3.10/dist-packages/pid_msgs/_pid_msgs_s.ep.rosidl_typesupport_fastrtps_c.c
Listing '/home/rstole01/Documents/CSE-596/msu_ws/install/pid_msgs/local/lib/python3.10/dist-packages/pid_msgs'...
Listing '/home/rstole01/Documents/CSE-596/msu_ws/install/pid_msgs/local/lib/python3.10/dist-packages/pid_msgs/msg'...
-- Up-to-date: /home/rstole01/Documents/CSE-596/msu_ws/install/pid_msgs/local/lib/python3.10/dist-packages/pid_msgs/pid_msgs_s__rosidl_typesupport_fastrtps_c.cpython-310-x86_64-linux-gnu.so
-- Up-to-date: /home/rstole01/Documents/CSE-596/msu_ws/install/pid_msgs/local/lib/python3.10/dist-packages/pid_msgs/pid_msgs_s__rosidl_typesupport_introspection_c.cpython-310-x86_64-linux-gnu.so
-- Up-to-date: /home/rstole01/Documents/CSE-596/msu_ws/install/pid_msgs/local/lib/python3.10/dist-packages/pid_msgs/pid_msgs_s__rosidl_typesupport_c.cpython-310-x86_64-linux-gnu.so
-- Up-to-date: /home/rstole01/Documents/CSE-596/msu_ws/install/pid_msgs/lib/libpid_msgs__rosidl_generator_py.so
-- Up-to-date: /home/rstole01/Documents/CSE-596/msu_ws/install/pid_msgs/share/pid_msgs/msg/PIDInput.idl
-- Up-to-date: /home/rstole01/Documents/CSE-596/msu_ws/install/pid_msgs/share/pid_msgs/msg/PIDInput.msg
-- Up-to-date: /home/rstole01/Documents/CSE-596/msu_ws/install/pid_msgs/share/ament_index/resource_index/package_run_dependencies/pid_msgs
-- Up-to-date: /home/rstole01/Documents/CSE-596/msu_ws/install/pid_msgs/share/ament_index/resource_index/parent_prefix_path/pid_msgs
-- Up-to-date: /home/rstole01/Documents/CSE-596/msu_ws/install/pid_msgs/share/pid_msgs/environment/ament_prefix_path.sh
-- Up-to-date: /home/rstole01/Documents/CSE-596/msu_ws/install/pid_msgs/share/pid_msgs/environment/ament_prefix_path.dsv
-- Up-to-date: /home/rstole01/Documents/CSE-596/msu_ws/install/pid_msgs/share/pid_msgs/environment/path.sh
-- Up-to-date: /home/rstole01/Documents/CSE-596/msu_ws/install/pid_msgs/share/pid_msgs/environment/path.dsv
-- Up-to-date: /home/rstole01/Documents/CSE-596/msu_ws/install/pid_msgs/share/pid_msgs/local_setup.bash
-- Up-to-date: /home/rstole01/Documents/CSE-596/msu_ws/install/pid_msgs/share/pid_msgs/local_setup.sh
-- Up-to-date: /home/rstole01/Documents/CSE-596/msu_ws/install/pid_msgs/share/pid_msgs/local_setup.zsh
-- Up-to-date: /home/rstole01/Documents/CSE-596/msu_ws/install/pid_msgs/share/pid_msgs/local_setup.dsv
-- Installing: /home/rstole01/Documents/CSE-596/msu_ws/install/pid_msgs/share/pid_msgs/package.dsv
-- Up-to-date: /home/rstole01/Documents/CSE-596/msu_ws/install/pid_msgs/share/ament_index/resource_index/packages/pid_msgs
-- Up-to-date: /home/rstole01/Documents/CSE-596/msu_ws/install/pid_msgs/share/pid_msgs/cmake/export_pid_msgs__rosidl_generator_cExport.cmake
-- Up-to-date: /home/rstole01/Documents/CSE-596/msu_ws/install/pid_msgs/share/pid_msgs/cmake/export_pid_msgs__rosidl_generator_cExport-noconfig.cmake
-- Up-to-date: /home/rstole01/Documents/CSE-596/msu_ws/install/pid_msgs/share/pid_msgs/cmake/export_pid_msgs__rosidl_typesupport_fastrtps_cExport.cmake
-- Up-to-date: /home/rstole01/Documents/CSE-596/msu_ws/install/pid_msgs/share/pid_msgs/cmake/export_pid_msgs__rosidl_typesupport_fastrtps_cExport-noconfig.cmake
-- Up-to-date: /home/rstole01/Documents/CSE-596/msu_ws/install/pid_msgs/share/pid_msgs/cmake/pid_msgs__rosidl_typesupport_introspection_cExport.cmake
-- Up-to-date: /home/rstole01/Documents/CSE-596/msu_ws/install/pid_msgs/share/pid_msgs/cmake/pid_msgs__rosidl_typesupport_introspection_cExport-noconfig.cmake
-- Up-to-date: /home/rstole01/Documents/CSE-596/msu_ws/install/pid_msgs/share/pid_msgs/cmake/pid_msgs__rosidl_typesupport_cExport.cmake
-- Up-to-date: /home/rstole01/Documents/CSE-596/msu_ws/install/pid_msgs/share/pid_msgs/cmake/pid_msgs__rosidl_typesupport_cExport-noconfig.cmake
-- Up-to-date: /home/rstole01/Documents/CSE-596/msu_ws/install/pid_msgs/share/pid_msgs/cmake/export_pid_msgs__rosidl_generator_cppExport.cmake
-- Up-to-date: /home/rstole01/Documents/CSE-596/msu_ws/install/pid_msgs/share/pid_msgs/cmake/export_pid_msgs__rosidl_typesupport_fastrtps_cppExport.cmake
-- Up-to-date: /home/rstole01/Documents/CSE-596/msu_ws/install/pid_msgs/share/pid_msgs/cmake/export_pid_msgs__rosidl_typesupport_fastrtps_cppExport-noconfig.cmake
-- Up-to-date: /home/rstole01/Documents/CSE-596/msu_ws/install/pid_msgs/share/pid_msgs/cmake/pid_msgs__rosidl_typesupport_introspection_cppExport.cmake
-- Up-to-date: /home/rstole01/Documents/CSE-596/msu_ws/install/pid_msgs/share/pid_msgs/cmake/pid_msgs__rosidl_typesupport_introspection_cppExport-noconfig.cmake
-- Up-to-date: /home/rstole01/Documents/CSE-596/msu_ws/install/pid_msgs/share/pid_msgs/cmake/pid_msgs__rosidl_typesupport_cppExport.cmake
-- Up-to-date: /home/rstole01/Documents/CSE-596/msu_ws/install/pid_msgs/share/pid_msgs/cmake/pid_msgs__rosidl_typesupport_cppExport-noconfig.cmake
-- Up-to-date: /home/rstole01/Documents/CSE-596/msu_ws/install/pid_msgs/share/pid_msgs/cmake/export_pid_msgs__rosidl_generator_pyExport.cmake
-- Up-to-date: /home/rstole01/Documents/CSE-596/msu_ws/install/pid_msgs/share/pid_msgs/cmake/export_pid_msgs__rosidl_generator_pyExport-noconfig.cmake
-- Up-to-date: /home/rstole01/Documents/CSE-596/msu_ws/install/pid_msgs/share/pid_msgs/cmake/rosidl_cmake-extras.cmake
-- Up-to-date: /home/rstole01/Documents/CSE-596/msu_ws/install/pid_msgs/share/pid_msgs/cmake/ament_cmake_export_dependencies-extras.cmake
-- Up-to-date: /home/rstole01/Documents/CSE-596/msu_ws/install/pid_msgs/share/pid_msgs/cmake/ament_cmake_export_include_directories-extras.cmake
-- Up-to-date: /home/rstole01/Documents/CSE-596/msu_ws/install/pid_msgs/share/pid_msgs/cmake/ament_cmake_export_libraries-extras.cmake
-- Up-to-date: /home/rstole01/Documents/CSE-596/msu_ws/install/pid_msgs/share/pid_msgs/cmake/ament_cmake_export_targets-extras.cmake
-- Up-to-date: /home/rstole01/Documents/CSE-596/msu_ws/install/pid_msgs/share/pid_msgs/cmake/rosidl_cmake_export_typesupport_targets-extras.cmake
-- Up-to-date: /home/rstole01/Documents/CSE-596/msu_ws/install/pid_msgs/share/pid_msgs/cmake/rosidl_cmake_export_typesupport_libraries-extras.cmake
-- Up-to-date: /home/rstole01/Documents/CSE-596/msu_ws/install/pid_msgs/share/pid_msgs/cmake/pid_msgsConfig.cmake
-- Up-to-date: /home/rstole01/Documents/CSE-596/msu_ws/install/pid_msgs/share/pid_msgs/cmake/pid_msgsConfig-version.cmake
-- Up-to-date: /home/rstole01/Documents/CSE-596/msu_ws/install/pid_msgs/share/pid_msgs/package.xml
