running egg_info
creating ../../build/waypoint_logger/waypoint_logger.egg-info
writing ../../build/waypoint_logger/waypoint_logger.egg-info/PKG-INFO
writing dependency_links to ../../build/waypoint_logger/waypoint_logger.egg-info/dependency_links.txt
writing entry points to ../../build/waypoint_logger/waypoint_logger.egg-info/entry_points.txt
writing requirements to ../../build/waypoint_logger/waypoint_logger.egg-info/requires.txt
writing top-level names to ../../build/waypoint_logger/waypoint_logger.egg-info/top_level.txt
writing manifest file '../../build/waypoint_logger/waypoint_logger.egg-info/SOURCES.txt'
reading manifest file '../../build/waypoint_logger/waypoint_logger.egg-info/SOURCES.txt'
adding license file 'LICENSE'
writing manifest file '../../build/waypoint_logger/waypoint_logger.egg-info/SOURCES.txt'
running build
running build_py
creating /home/rstole01/Documents/CSE-596/humble_ws/build/waypoint_logger/build
creating /home/rstole01/Documents/CSE-596/humble_ws/build/waypoint_logger/build/lib
creating /home/rstole01/Documents/CSE-596/humble_ws/build/waypoint_logger/build/lib/waypoint_logger
copying waypoint_logger/__init__.py -> /home/rstole01/Documents/CSE-596/humble_ws/build/waypoint_logger/build/lib/waypoint_logger
running install
/usr/lib/python3/dist-packages/setuptools/command/install.py:34: SetuptoolsDeprecationWarning: setup.py install is deprecated. Use build and pip and other standards-based tools.
  warnings.warn(
running install_lib
creating /home/rstole01/Documents/CSE-596/humble_ws/install/waypoint_logger/lib/python3.10/site-packages/waypoint_logger
copying /home/rstole01/Documents/CSE-596/humble_ws/build/waypoint_logger/build/lib/waypoint_logger/__init__.py -> /home/rstole01/Documents/CSE-596/humble_ws/install/waypoint_logger/lib/python3.10/site-packages/waypoint_logger
byte-compiling /home/rstole01/Documents/CSE-596/humble_ws/install/waypoint_logger/lib/python3.10/site-packages/waypoint_logger/__init__.py to __init__.cpython-310.pyc
running install_data
creating /home/rstole01/Documents/CSE-596/humble_ws/install/waypoint_logger/share/ament_index
creating /home/rstole01/Documents/CSE-596/humble_ws/install/waypoint_logger/share/ament_index/resource_index
creating /home/rstole01/Documents/CSE-596/humble_ws/install/waypoint_logger/share/ament_index/resource_index/packages
copying resource/waypoint_logger -> /home/rstole01/Documents/CSE-596/humble_ws/install/waypoint_logger/share/ament_index/resource_index/packages
copying package.xml -> /home/rstole01/Documents/CSE-596/humble_ws/install/waypoint_logger/share/waypoint_logger
running install_egg_info
Copying ../../build/waypoint_logger/waypoint_logger.egg-info to /home/rstole01/Documents/CSE-596/humble_ws/install/waypoint_logger/lib/python3.10/site-packages/waypoint_logger-0.0.0-py3.10.egg-info
running install_scripts
Installing logger script to /home/rstole01/Documents/CSE-596/humble_ws/install/waypoint_logger/lib/waypoint_logger
writing list of installed files to '/home/rstole01/Documents/CSE-596/humble_ws/build/waypoint_logger/install.log'
