[2.057s] Invoking command in '/home/rstole01/Documents/CSE-596/humble_ws/src/waypoint_logger': PYTHONPATH=/home/rstole01/Documents/CSE-596/humble_ws/build/waypoint_logger/prefix_override:/home/rstole01/Documents/CSE-596/humble_ws/install/waypoint_logger/lib/python3.10/site-packages:${PYTHONPATH} /usr/bin/python3 setup.py egg_info --egg-base ../../build/waypoint_logger build --build-base /home/rstole01/Documents/CSE-596/humble_ws/build/waypoint_logger/build install --record /home/rstole01/Documents/CSE-596/humble_ws/build/waypoint_logger/install.log --single-version-externally-managed
[2.595s] running egg_info
[2.596s] creating ../../build/waypoint_logger/waypoint_logger.egg-info
[2.597s] writing ../../build/waypoint_logger/waypoint_logger.egg-info/PKG-INFO
[2.597s] writing dependency_links to ../../build/waypoint_logger/waypoint_logger.egg-info/dependency_links.txt
[2.598s] writing entry points to ../../build/waypoint_logger/waypoint_logger.egg-info/entry_points.txt
[2.598s] writing requirements to ../../build/waypoint_logger/waypoint_logger.egg-info/requires.txt
[2.598s] writing top-level names to ../../build/waypoint_logger/waypoint_logger.egg-info/top_level.txt
[2.598s] writing manifest file '../../build/waypoint_logger/waypoint_logger.egg-info/SOURCES.txt'
[2.601s] reading manifest file '../../build/waypoint_logger/waypoint_logger.egg-info/SOURCES.txt'
[2.602s] adding license file 'LICENSE'
[2.603s] writing manifest file '../../build/waypoint_logger/waypoint_logger.egg-info/SOURCES.txt'
[2.603s] running build
[2.604s] running build_py
[2.604s] creating /home/rstole01/Documents/CSE-596/humble_ws/build/waypoint_logger/build
[2.604s] creating /home/rstole01/Documents/CSE-596/humble_ws/build/waypoint_logger/build/lib
[2.604s] creating /home/rstole01/Documents/CSE-596/humble_ws/build/waypoint_logger/build/lib/waypoint_logger
[2.604s] copying waypoint_logger/__init__.py -> /home/rstole01/Documents/CSE-596/humble_ws/build/waypoint_logger/build/lib/waypoint_logger
[2.604s] running install
[2.629s] /usr/lib/python3/dist-packages/setuptools/command/install.py:34: SetuptoolsDeprecationWarning: setup.py install is deprecated. Use build and pip and other standards-based tools.
[2.629s]   warnings.warn(
[2.629s] running install_lib
[2.631s] creating /home/rstole01/Documents/CSE-596/humble_ws/install/waypoint_logger/lib/python3.10/site-packages/waypoint_logger
[2.631s] copying /home/rstole01/Documents/CSE-596/humble_ws/build/waypoint_logger/build/lib/waypoint_logger/__init__.py -> /home/rstole01/Documents/CSE-596/humble_ws/install/waypoint_logger/lib/python3.10/site-packages/waypoint_logger
[2.632s] byte-compiling /home/rstole01/Documents/CSE-596/humble_ws/install/waypoint_logger/lib/python3.10/site-packages/waypoint_logger/__init__.py to __init__.cpython-310.pyc
[2.632s] running install_data
[2.633s] creating /home/rstole01/Documents/CSE-596/humble_ws/install/waypoint_logger/share/ament_index
[2.633s] creating /home/rstole01/Documents/CSE-596/humble_ws/install/waypoint_logger/share/ament_index/resource_index
[2.634s] creating /home/rstole01/Documents/CSE-596/humble_ws/install/waypoint_logger/share/ament_index/resource_index/packages
[2.634s] copying resource/waypoint_logger -> /home/rstole01/Documents/CSE-596/humble_ws/install/waypoint_logger/share/ament_index/resource_index/packages
[2.634s] copying package.xml -> /home/rstole01/Documents/CSE-596/humble_ws/install/waypoint_logger/share/waypoint_logger
[2.634s] running install_egg_info
[2.637s] Copying ../../build/waypoint_logger/waypoint_logger.egg-info to /home/rstole01/Documents/CSE-596/humble_ws/install/waypoint_logger/lib/python3.10/site-packages/waypoint_logger-0.0.0-py3.10.egg-info
[2.639s] running install_scripts
[2.680s] Installing logger script to /home/rstole01/Documents/CSE-596/humble_ws/install/waypoint_logger/lib/waypoint_logger
[2.680s] writing list of installed files to '/home/rstole01/Documents/CSE-596/humble_ws/build/waypoint_logger/install.log'
[2.721s] Invoked command in '/home/rstole01/Documents/CSE-596/humble_ws/src/waypoint_logger' returned '0': PYTHONPATH=/home/rstole01/Documents/CSE-596/humble_ws/build/waypoint_logger/prefix_override:/home/rstole01/Documents/CSE-596/humble_ws/install/waypoint_logger/lib/python3.10/site-packages:${PYTHONPATH} /usr/bin/python3 setup.py egg_info --egg-base ../../build/waypoint_logger build --build-base /home/rstole01/Documents/CSE-596/humble_ws/build/waypoint_logger/build install --record /home/rstole01/Documents/CSE-596/humble_ws/build/waypoint_logger/install.log --single-version-externally-managed
