-- The C compiler identification is GNU 11.4.0
-- The CXX compiler identification is GNU 11.4.0
-- Detecting C compiler ABI info
-- Detecting C compiler ABI info - done
-- Check for working C compiler: /usr/bin/cc - skipped
-- Detecting C compile features
-- Detecting C compile features - done
-- Detecting CXX compiler ABI info
-- Detecting CXX compiler ABI info - done
-- Check for working CXX compiler: /usr/bin/c++ - skipped
-- Detecting CXX compile features
-- Detecting CXX compile features - done
-- Found ament_cmake: 1.3.8 (/opt/ros/humble/share/ament_cmake/cmake)
-- Found Python3: /usr/bin/python3 (found version "3.10.12") found components: Interpreter 
-- Found rclcpp: 16.0.8 (/opt/ros/humble/share/rclcpp/cmake)
-- Found rosidl_generator_c: 3.1.5 (/opt/ros/humble/share/rosidl_generator_c/cmake)
-- Found rosidl_adapter: 3.1.5 (/opt/ros/humble/share/rosidl_adapter/cmake)
-- Found rosidl_generator_cpp: 3.1.5 (/opt/ros/humble/share/rosidl_generator_cpp/cmake)
-- Using all available rosidl_typesupport_c: rosidl_typesupport_fastrtps_c;rosidl_typesupport_introspection_c
-- Using all available rosidl_typesupport_cpp: rosidl_typesupport_fastrtps_cpp;rosidl_typesupport_introspection_cpp
-- Found rmw_implementation_cmake: 6.1.1 (/opt/ros/humble/share/rmw_implementation_cmake/cmake)
-- Found rmw_cyclonedds_cpp: 1.3.4 (/opt/ros/humble/share/rmw_cyclonedds_cpp/cmake)
-- Using RMW implementation 'rmw_cyclonedds_cpp' as default
-- Looking for pthread.h
-- Looking for pthread.h - found
-- Performing Test CMAKE_HAVE_LIBC_PTHREAD
-- Performing Test CMAKE_HAVE_LIBC_PTHREAD - Success
-- Found Threads: TRUE  
-- Found rclpy: 3.3.12 (/opt/ros/humble/share/rclpy/cmake)
-- Found geometry_msgs: 4.2.3 (/opt/ros/humble/share/geometry_msgs/cmake)
-- Found nav_msgs: 4.2.3 (/opt/ros/humble/share/nav_msgs/cmake)
-- Found ackermann_msgs: 2.0.2 (/opt/ros/humble/share/ackermann_msgs/cmake)
-- Found sensor_msgs: 4.2.3 (/opt/ros/humble/share/sensor_msgs/cmake)
-- Found ament_lint_auto: 0.12.10 (/opt/ros/humble/share/ament_lint_auto/cmake)
-- Added test 'copyright' to check source files copyright and LICENSE
-- Added test 'cppcheck' to perform static code analysis on C / C++ code
-- Configured cppcheck include dirs: /home/rstole01/Documents/CSE-596/humble_ws/src/pid_lab/include
-- Configured cppcheck exclude dirs and/or files: 
-- Added test 'cpplint' to check C / C++ code against the Google style
-- Configured cpplint exclude dirs and/or files: 
-- Added test 'lint_cmake' to check CMake code style
-- Added test 'uncrustify' to check C / C++ code style
-- Configured uncrustify additional arguments: 
-- Added test 'xmllint' to check XML markup files
-- Configuring done
-- Generating done
-- Build files have been written to: /home/rstole01/Documents/CSE-596/humble_ws/src/build/pid_lab
[ 50%] [32mBuilding CXX object CMakeFiles/pid.dir/src/wall_follow_node.cpp.o[0m
[100%] [32m[1mLinking CXX executable pid[0m
[100%] Built target pid
-- Install configuration: ""
-- Installing: /home/rstole01/Documents/CSE-596/humble_ws/src/install/pid_lab/lib/pid_lab/pid
-- Set runtime path of "/home/rstole01/Documents/CSE-596/humble_ws/src/install/pid_lab/lib/pid_lab/pid" to ""
-- Installing: /home/rstole01/Documents/CSE-596/humble_ws/src/install/pid_lab/share/ament_index/resource_index/package_run_dependencies/pid_lab
-- Installing: /home/rstole01/Documents/CSE-596/humble_ws/src/install/pid_lab/share/ament_index/resource_index/parent_prefix_path/pid_lab
-- Installing: /home/rstole01/Documents/CSE-596/humble_ws/src/install/pid_lab/share/pid_lab/environment/ament_prefix_path.sh
-- Installing: /home/rstole01/Documents/CSE-596/humble_ws/src/install/pid_lab/share/pid_lab/environment/ament_prefix_path.dsv
-- Installing: /home/rstole01/Documents/CSE-596/humble_ws/src/install/pid_lab/share/pid_lab/environment/path.sh
-- Installing: /home/rstole01/Documents/CSE-596/humble_ws/src/install/pid_lab/share/pid_lab/environment/path.dsv
-- Installing: /home/rstole01/Documents/CSE-596/humble_ws/src/install/pid_lab/share/pid_lab/local_setup.bash
-- Installing: /home/rstole01/Documents/CSE-596/humble_ws/src/install/pid_lab/share/pid_lab/local_setup.sh
-- Installing: /home/rstole01/Documents/CSE-596/humble_ws/src/install/pid_lab/share/pid_lab/local_setup.zsh
-- Installing: /home/rstole01/Documents/CSE-596/humble_ws/src/install/pid_lab/share/pid_lab/local_setup.dsv
-- Installing: /home/rstole01/Documents/CSE-596/humble_ws/src/install/pid_lab/share/pid_lab/package.dsv
-- Installing: /home/rstole01/Documents/CSE-596/humble_ws/src/install/pid_lab/share/ament_index/resource_index/packages/pid_lab
-- Installing: /home/rstole01/Documents/CSE-596/humble_ws/src/install/pid_lab/share/pid_lab/cmake/pid_labConfig.cmake
-- Installing: /home/rstole01/Documents/CSE-596/humble_ws/src/install/pid_lab/share/pid_lab/cmake/pid_labConfig-version.cmake
-- Installing: /home/rstole01/Documents/CSE-596/humble_ws/src/install/pid_lab/share/pid_lab/package.xml
