running egg_info
writing ../../build/waypoint_follow/waypoint_follow.egg-info/PKG-INFO
writing dependency_links to ../../build/waypoint_follow/waypoint_follow.egg-info/dependency_links.txt
writing entry points to ../../build/waypoint_follow/waypoint_follow.egg-info/entry_points.txt
writing requirements to ../../build/waypoint_follow/waypoint_follow.egg-info/requires.txt
writing top-level names to ../../build/waypoint_follow/waypoint_follow.egg-info/top_level.txt
reading manifest file '../../build/waypoint_follow/waypoint_follow.egg-info/SOURCES.txt'
writing manifest file '../../build/waypoint_follow/waypoint_follow.egg-info/SOURCES.txt'
running build
running build_py
running install
/usr/lib/python3/dist-packages/setuptools/command/install.py:34: SetuptoolsDeprecationWarning: setup.py install is deprecated. Use build and pip and other standards-based tools.
  warnings.warn(
running install_lib
running install_data
running install_egg_info
removing '/home/rstole01/Documents/CSE-596/msu_ws/install/waypoint_follow/lib/python3.10/site-packages/waypoint_follow-0.0.0-py3.10.egg-info' (and everything under it)
Copying ../../build/waypoint_follow/waypoint_follow.egg-info to /home/rstole01/Documents/CSE-596/msu_ws/install/waypoint_follow/lib/python3.10/site-packages/waypoint_follow-0.0.0-py3.10.egg-info
running install_scripts
Installing waypoint_follow script to /home/rstole01/Documents/CSE-596/msu_ws/install/waypoint_follow/lib/waypoint_follow
writing list of installed files to '/home/rstole01/Documents/CSE-596/msu_ws/build/waypoint_follow/install.log'
