[9.143s] Invoking command in '/home/rstole01/Documents/CSE-596/msu_ws/src/wall_follower_pid': AMENT_PREFIX_PATH=/home/rstole01/Documents/CSE-596/msu_ws/install/pid_msgs:/home/rstole01/Documents/CSE-596/msu_ws/install/ackermann_msgs:${AMENT_PREFIX_PATH} CMAKE_PREFIX_PATH=/home/rstole01/Documents/CSE-596/msu_ws/install/pid_msgs:/home/rstole01/Documents/CSE-596/msu_ws/install/ackermann_msgs LD_LIBRARY_PATH=/home/rstole01/Documents/CSE-596/msu_ws/install/pid_msgs/lib:/home/rstole01/Documents/CSE-596/msu_ws/install/ackermann_msgs/lib:${LD_LIBRARY_PATH} PYTHONPATH=/home/rstole01/Documents/CSE-596/msu_ws/build/wall_follower_pid/prefix_override:/home/rstole01/Documents/CSE-596/msu_ws/install/wall_follower_pid/lib/python3.10/site-packages:/home/rstole01/Documents/CSE-596/msu_ws/install/pid_msgs/local/lib/python3.10/dist-packages:/home/rstole01/Documents/CSE-596/msu_ws/install/ackermann_msgs/local/lib/python3.10/dist-packages:${PYTHONPATH} /usr/bin/python3 setup.py egg_info --egg-base ../../build/wall_follower_pid build --build-base /home/rstole01/Documents/CSE-596/msu_ws/build/wall_follower_pid/build install --record /home/rstole01/Documents/CSE-596/msu_ws/build/wall_follower_pid/install.log --single-version-externally-managed
[10.197s] running egg_info
[10.200s] writing ../../build/wall_follower_pid/wall_follower_pid.egg-info/PKG-INFO
[10.201s] writing dependency_links to ../../build/wall_follower_pid/wall_follower_pid.egg-info/dependency_links.txt
[10.202s] writing entry points to ../../build/wall_follower_pid/wall_follower_pid.egg-info/entry_points.txt
[10.202s] writing requirements to ../../build/wall_follower_pid/wall_follower_pid.egg-info/requires.txt
[10.204s] writing top-level names to ../../build/wall_follower_pid/wall_follower_pid.egg-info/top_level.txt
[10.212s] reading manifest file '../../build/wall_follower_pid/wall_follower_pid.egg-info/SOURCES.txt'
[10.224s] writing manifest file '../../build/wall_follower_pid/wall_follower_pid.egg-info/SOURCES.txt'
[10.225s] running build
[10.225s] running build_py
[10.231s] /usr/lib/python3/dist-packages/setuptools/command/install.py:34: SetuptoolsDeprecationWarning: setup.py install is deprecated. Use build and pip and other standards-based tools.
[10.231s]   warnings.warn(
[10.231s] running install
[10.233s] running install_lib
[10.236s] running install_data
[10.243s] running install_egg_info
[10.251s] removing '/home/rstole01/Documents/CSE-596/msu_ws/install/wall_follower_pid/lib/python3.10/site-packages/wall_follower_pid-0.0.0-py3.10.egg-info' (and everything under it)
[10.253s] Copying ../../build/wall_follower_pid/wall_follower_pid.egg-info to /home/rstole01/Documents/CSE-596/msu_ws/install/wall_follower_pid/lib/python3.10/site-packages/wall_follower_pid-0.0.0-py3.10.egg-info
[10.255s] running install_scripts
[10.345s] Installing control script to /home/rstole01/Documents/CSE-596/msu_ws/install/wall_follower_pid/lib/wall_follower_pid
[10.347s] Installing wall_distance_finder script to /home/rstole01/Documents/CSE-596/msu_ws/install/wall_follower_pid/lib/wall_follower_pid
[10.347s] writing list of installed files to '/home/rstole01/Documents/CSE-596/msu_ws/build/wall_follower_pid/install.log'
[10.601s] Invoked command in '/home/rstole01/Documents/CSE-596/msu_ws/src/wall_follower_pid' returned '0': AMENT_PREFIX_PATH=/home/rstole01/Documents/CSE-596/msu_ws/install/pid_msgs:/home/rstole01/Documents/CSE-596/msu_ws/install/ackermann_msgs:${AMENT_PREFIX_PATH} CMAKE_PREFIX_PATH=/home/rstole01/Documents/CSE-596/msu_ws/install/pid_msgs:/home/rstole01/Documents/CSE-596/msu_ws/install/ackermann_msgs LD_LIBRARY_PATH=/home/rstole01/Documents/CSE-596/msu_ws/install/pid_msgs/lib:/home/rstole01/Documents/CSE-596/msu_ws/install/ackermann_msgs/lib:${LD_LIBRARY_PATH} PYTHONPATH=/home/rstole01/Documents/CSE-596/msu_ws/build/wall_follower_pid/prefix_override:/home/rstole01/Documents/CSE-596/msu_ws/install/wall_follower_pid/lib/python3.10/site-packages:/home/rstole01/Documents/CSE-596/msu_ws/install/pid_msgs/local/lib/python3.10/dist-packages:/home/rstole01/Documents/CSE-596/msu_ws/install/ackermann_msgs/local/lib/python3.10/dist-packages:${PYTHONPATH} /usr/bin/python3 setup.py egg_info --egg-base ../../build/wall_follower_pid build --build-base /home/rstole01/Documents/CSE-596/msu_ws/build/wall_follower_pid/build install --record /home/rstole01/Documents/CSE-596/msu_ws/build/wall_follower_pid/install.log --single-version-externally-managed
