[1.182s] Invoking command in '/home/rstole01/Documents/CSE-596/msu_ws/build/my_messages': CMAKE_PREFIX_PATH=${CMAKE_PREFIX_PATH}:/home/rstole01/Documents/CSE-596/msu_ws/install/waypoint_writer:/home/rstole01/Documents/CSE-596/msu_ws/install/waypoint_follow:/home/rstole01/Documents/CSE-596/msu_ws/install/wall_follower_pid:/home/rstole01/Documents/CSE-596/msu_ws/install/qlearn:/home/rstole01/Documents/CSE-596/msu_ws/install/py_pubsub:/home/rstole01/Documents/CSE-596/msu_ws/install/plexer360:/home/rstole01/Documents/CSE-596/msu_ws/install/painter:/home/rstole01/Documents/CSE-596/msu_ws/install/f1tenth_gym_ros:/opt/ros/humble /usr/bin/cmake --build /home/rstole01/Documents/CSE-596/msu_ws/build/my_messages -- -j8 -l8
[3.500s] [  2%] Built target my_messages__cpp
[3.500s] [ 12%] Built target my_messages__rosidl_generator_c
[3.501s] [ 12%] Built target ament_cmake_python_copy_my_messages
[3.501s] [ 23%] Built target my_messages__rosidl_typesupport_introspection_cpp
[3.501s] [ 33%] Built target my_messages__rosidl_typesupport_fastrtps_cpp
[3.502s] [ 43%] Built target my_messages__rosidl_typesupport_introspection_c
[3.502s] [ 53%] Built target my_messages__rosidl_typesupport_fastrtps_c
[3.502s] [ 64%] Built target my_messages__rosidl_typesupport_cpp
[3.503s] [ 74%] Built target my_messages__rosidl_typesupport_c
[3.503s] [ 74%] Built target my_messages
[3.503s] [ 76%] Built target my_messages__py
[3.503s] [ 84%] Built target my_messages__rosidl_generator_py
[3.504s] [ 89%] Built target my_messages__rosidl_typesupport_fastrtps_c__pyext
[3.504s] [ 94%] Built target my_messages__rosidl_typesupport_introspection_c__pyext
[3.504s] [100%] Built target my_messages__rosidl_typesupport_c__pyext
[3.505s] running egg_info
[3.505s] writing my_messages.egg-info/PKG-INFO
[3.506s] writing dependency_links to my_messages.egg-info/dependency_links.txt
[3.506s] writing top-level names to my_messages.egg-info/top_level.txt
[3.506s] reading manifest file 'my_messages.egg-info/SOURCES.txt'
[3.507s] writing manifest file 'my_messages.egg-info/SOURCES.txt'
[3.507s] [100%] Built target ament_cmake_python_build_my_messages_egg
[3.511s] Invoked command in '/home/rstole01/Documents/CSE-596/msu_ws/build/my_messages' returned '0': CMAKE_PREFIX_PATH=${CMAKE_PREFIX_PATH}:/home/rstole01/Documents/CSE-596/msu_ws/install/waypoint_writer:/home/rstole01/Documents/CSE-596/msu_ws/install/waypoint_follow:/home/rstole01/Documents/CSE-596/msu_ws/install/wall_follower_pid:/home/rstole01/Documents/CSE-596/msu_ws/install/qlearn:/home/rstole01/Documents/CSE-596/msu_ws/install/py_pubsub:/home/rstole01/Documents/CSE-596/msu_ws/install/plexer360:/home/rstole01/Documents/CSE-596/msu_ws/install/painter:/home/rstole01/Documents/CSE-596/msu_ws/install/f1tenth_gym_ros:/opt/ros/humble /usr/bin/cmake --build /home/rstole01/Documents/CSE-596/msu_ws/build/my_messages -- -j8 -l8
[4.781s] Invoking command in '/home/rstole01/Documents/CSE-596/msu_ws/build/my_messages': CMAKE_PREFIX_PATH=${CMAKE_PREFIX_PATH}:/home/rstole01/Documents/CSE-596/msu_ws/install/waypoint_writer:/home/rstole01/Documents/CSE-596/msu_ws/install/waypoint_follow:/home/rstole01/Documents/CSE-596/msu_ws/install/wall_follower_pid:/home/rstole01/Documents/CSE-596/msu_ws/install/qlearn:/home/rstole01/Documents/CSE-596/msu_ws/install/py_pubsub:/home/rstole01/Documents/CSE-596/msu_ws/install/plexer360:/home/rstole01/Documents/CSE-596/msu_ws/install/painter:/home/rstole01/Documents/CSE-596/msu_ws/install/f1tenth_gym_ros:/opt/ros/humble /usr/bin/cmake --install /home/rstole01/Documents/CSE-596/msu_ws/build/my_messages
[4.884s] -- Install configuration: ""
[4.885s] -- Up-to-date: /home/rstole01/Documents/CSE-596/msu_ws/install/my_messages/share/ament_index/resource_index/rosidl_interfaces/my_messages
[4.885s] -- Up-to-date: /home/rstole01/Documents/CSE-596/msu_ws/install/my_messages/include/my_messages/my_messages
[4.885s] -- Up-to-date: /home/rstole01/Documents/CSE-596/msu_ws/install/my_messages/include/my_messages/my_messages/msg
[4.886s] -- Up-to-date: /home/rstole01/Documents/CSE-596/msu_ws/install/my_messages/include/my_messages/my_messages/msg/rosidl_generator_c__visibility_control.h
[4.886s] -- Up-to-date: /home/rstole01/Documents/CSE-596/msu_ws/install/my_messages/include/my_messages/my_messages/msg/key_value.h
[4.886s] -- Up-to-date: /home/rstole01/Documents/CSE-596/msu_ws/install/my_messages/include/my_messages/my_messages/msg/detail
[4.887s] -- Up-to-date: /home/rstole01/Documents/CSE-596/msu_ws/install/my_messages/include/my_messages/my_messages/msg/detail/pid_input__type_support.h
[4.887s] -- Up-to-date: /home/rstole01/Documents/CSE-596/msu_ws/install/my_messages/include/my_messages/my_messages/msg/detail/pid_input__functions.h
[4.887s] -- Up-to-date: /home/rstole01/Documents/CSE-596/msu_ws/install/my_messages/include/my_messages/my_messages/msg/detail/key_value__type_support.h
[4.888s] -- Up-to-date: /home/rstole01/Documents/CSE-596/msu_ws/install/my_messages/include/my_messages/my_messages/msg/detail/pid_input__functions.c
[4.890s] -- Up-to-date: /home/rstole01/Documents/CSE-596/msu_ws/install/my_messages/include/my_messages/my_messages/msg/detail/pid_input__struct.h
[4.890s] -- Up-to-date: /home/rstole01/Documents/CSE-596/msu_ws/install/my_messages/include/my_messages/my_messages/msg/detail/key_value__functions.c
[4.904s] -- Up-to-date: /home/rstole01/Documents/CSE-596/msu_ws/install/my_messages/include/my_messages/my_messages/msg/detail/key_value__functions.h
[4.904s] -- Up-to-date: /home/rstole01/Documents/CSE-596/msu_ws/install/my_messages/include/my_messages/my_messages/msg/detail/key_value__struct.h
[4.906s] -- Up-to-date: /home/rstole01/Documents/CSE-596/msu_ws/install/my_messages/include/my_messages/my_messages/msg/pid_input.h
[4.907s] -- Up-to-date: /home/rstole01/Documents/CSE-596/msu_ws/install/my_messages/share/my_messages/environment/library_path.sh
[4.908s] -- Up-to-date: /home/rstole01/Documents/CSE-596/msu_ws/install/my_messages/share/my_messages/environment/library_path.dsv
[4.908s] -- Up-to-date: /home/rstole01/Documents/CSE-596/msu_ws/install/my_messages/lib/libmy_messages__rosidl_generator_c.so
[4.908s] -- Up-to-date: /home/rstole01/Documents/CSE-596/msu_ws/install/my_messages/include/my_messages/my_messages
[4.908s] -- Up-to-date: /home/rstole01/Documents/CSE-596/msu_ws/install/my_messages/include/my_messages/my_messages/msg
[4.909s] -- Up-to-date: /home/rstole01/Documents/CSE-596/msu_ws/install/my_messages/include/my_messages/my_messages/msg/rosidl_typesupport_fastrtps_c__visibility_control.h
[4.909s] -- Up-to-date: /home/rstole01/Documents/CSE-596/msu_ws/install/my_messages/include/my_messages/my_messages/msg/detail
[4.909s] -- Up-to-date: /home/rstole01/Documents/CSE-596/msu_ws/install/my_messages/include/my_messages/my_messages/msg/detail/key_value__rosidl_typesupport_fastrtps_c.h
[4.910s] -- Up-to-date: /home/rstole01/Documents/CSE-596/msu_ws/install/my_messages/include/my_messages/my_messages/msg/detail/pid_input__rosidl_typesupport_fastrtps_c.h
[4.910s] -- Up-to-date: /home/rstole01/Documents/CSE-596/msu_ws/install/my_messages/lib/libmy_messages__rosidl_typesupport_fastrtps_c.so
[4.910s] -- Up-to-date: /home/rstole01/Documents/CSE-596/msu_ws/install/my_messages/include/my_messages/my_messages
[4.910s] -- Up-to-date: /home/rstole01/Documents/CSE-596/msu_ws/install/my_messages/include/my_messages/my_messages/msg
[4.911s] -- Up-to-date: /home/rstole01/Documents/CSE-596/msu_ws/install/my_messages/include/my_messages/my_messages/msg/rosidl_typesupport_introspection_c__visibility_control.h
[4.911s] -- Up-to-date: /home/rstole01/Documents/CSE-596/msu_ws/install/my_messages/include/my_messages/my_messages/msg/detail
[4.912s] -- Up-to-date: /home/rstole01/Documents/CSE-596/msu_ws/install/my_messages/include/my_messages/my_messages/msg/detail/key_value__type_support.c
[4.913s] -- Up-to-date: /home/rstole01/Documents/CSE-596/msu_ws/install/my_messages/include/my_messages/my_messages/msg/detail/key_value__rosidl_typesupport_introspection_c.h
[4.913s] -- Up-to-date: /home/rstole01/Documents/CSE-596/msu_ws/install/my_messages/include/my_messages/my_messages/msg/detail/pid_input__rosidl_typesupport_introspection_c.h
[4.914s] -- Up-to-date: /home/rstole01/Documents/CSE-596/msu_ws/install/my_messages/include/my_messages/my_messages/msg/detail/pid_input__type_support.c
[4.914s] -- Up-to-date: /home/rstole01/Documents/CSE-596/msu_ws/install/my_messages/lib/libmy_messages__rosidl_typesupport_introspection_c.so
[4.914s] -- Up-to-date: /home/rstole01/Documents/CSE-596/msu_ws/install/my_messages/lib/libmy_messages__rosidl_typesupport_c.so
[4.915s] -- Up-to-date: /home/rstole01/Documents/CSE-596/msu_ws/install/my_messages/include/my_messages/my_messages
[4.915s] -- Up-to-date: /home/rstole01/Documents/CSE-596/msu_ws/install/my_messages/include/my_messages/my_messages/msg
[4.915s] -- Up-to-date: /home/rstole01/Documents/CSE-596/msu_ws/install/my_messages/include/my_messages/my_messages/msg/pid_input.hpp
[4.916s] -- Up-to-date: /home/rstole01/Documents/CSE-596/msu_ws/install/my_messages/include/my_messages/my_messages/msg/key_value.hpp
[4.916s] -- Up-to-date: /home/rstole01/Documents/CSE-596/msu_ws/install/my_messages/include/my_messages/my_messages/msg/detail
[4.916s] -- Up-to-date: /home/rstole01/Documents/CSE-596/msu_ws/install/my_messages/include/my_messages/my_messages/msg/detail/pid_input__builder.hpp
[4.917s] -- Up-to-date: /home/rstole01/Documents/CSE-596/msu_ws/install/my_messages/include/my_messages/my_messages/msg/detail/key_value__builder.hpp
[4.917s] -- Up-to-date: /home/rstole01/Documents/CSE-596/msu_ws/install/my_messages/include/my_messages/my_messages/msg/detail/pid_input__struct.hpp
[4.917s] -- Up-to-date: /home/rstole01/Documents/CSE-596/msu_ws/install/my_messages/include/my_messages/my_messages/msg/detail/pid_input__traits.hpp
[4.918s] -- Up-to-date: /home/rstole01/Documents/CSE-596/msu_ws/install/my_messages/include/my_messages/my_messages/msg/detail/key_value__traits.hpp
[4.918s] -- Up-to-date: /home/rstole01/Documents/CSE-596/msu_ws/install/my_messages/include/my_messages/my_messages/msg/detail/key_value__struct.hpp
[4.918s] -- Up-to-date: /home/rstole01/Documents/CSE-596/msu_ws/install/my_messages/include/my_messages/my_messages
[4.919s] -- Up-to-date: /home/rstole01/Documents/CSE-596/msu_ws/install/my_messages/include/my_messages/my_messages/msg
[4.919s] -- Up-to-date: /home/rstole01/Documents/CSE-596/msu_ws/install/my_messages/include/my_messages/my_messages/msg/detail
[4.919s] -- Up-to-date: /home/rstole01/Documents/CSE-596/msu_ws/install/my_messages/include/my_messages/my_messages/msg/detail/pid_input__rosidl_typesupport_fastrtps_cpp.hpp
[4.919s] -- Up-to-date: /home/rstole01/Documents/CSE-596/msu_ws/install/my_messages/include/my_messages/my_messages/msg/detail/key_value__rosidl_typesupport_fastrtps_cpp.hpp
[4.920s] -- Up-to-date: /home/rstole01/Documents/CSE-596/msu_ws/install/my_messages/include/my_messages/my_messages/msg/detail/dds_fastrtps
[4.920s] -- Up-to-date: /home/rstole01/Documents/CSE-596/msu_ws/install/my_messages/include/my_messages/my_messages/msg/rosidl_typesupport_fastrtps_cpp__visibility_control.h
[4.920s] -- Up-to-date: /home/rstole01/Documents/CSE-596/msu_ws/install/my_messages/lib/libmy_messages__rosidl_typesupport_fastrtps_cpp.so
[4.920s] -- Up-to-date: /home/rstole01/Documents/CSE-596/msu_ws/install/my_messages/include/my_messages/my_messages
[4.921s] -- Up-to-date: /home/rstole01/Documents/CSE-596/msu_ws/install/my_messages/include/my_messages/my_messages/msg
[4.921s] -- Up-to-date: /home/rstole01/Documents/CSE-596/msu_ws/install/my_messages/include/my_messages/my_messages/msg/detail
[4.926s] -- Up-to-date: /home/rstole01/Documents/CSE-596/msu_ws/install/my_messages/include/my_messages/my_messages/msg/detail/pid_input__rosidl_typesupport_introspection_cpp.hpp
[4.926s] -- Up-to-date: /home/rstole01/Documents/CSE-596/msu_ws/install/my_messages/include/my_messages/my_messages/msg/detail/pid_input__type_support.cpp
[4.926s] -- Up-to-date: /home/rstole01/Documents/CSE-596/msu_ws/install/my_messages/include/my_messages/my_messages/msg/detail/key_value__type_support.cpp
[4.927s] -- Up-to-date: /home/rstole01/Documents/CSE-596/msu_ws/install/my_messages/include/my_messages/my_messages/msg/detail/key_value__rosidl_typesupport_introspection_cpp.hpp
[4.927s] -- Up-to-date: /home/rstole01/Documents/CSE-596/msu_ws/install/my_messages/lib/libmy_messages__rosidl_typesupport_introspection_cpp.so
[4.927s] -- Up-to-date: /home/rstole01/Documents/CSE-596/msu_ws/install/my_messages/lib/libmy_messages__rosidl_typesupport_cpp.so
[4.927s] -- Up-to-date: /home/rstole01/Documents/CSE-596/msu_ws/install/my_messages/share/my_messages/environment/pythonpath.sh
[4.928s] -- Up-to-date: /home/rstole01/Documents/CSE-596/msu_ws/install/my_messages/share/my_messages/environment/pythonpath.dsv
[4.929s] -- Up-to-date: /home/rstole01/Documents/CSE-596/msu_ws/install/my_messages/local/lib/python3.10/dist-packages/my_messages-0.0.0-py3.10.egg-info
[4.929s] -- Installing: /home/rstole01/Documents/CSE-596/msu_ws/install/my_messages/local/lib/python3.10/dist-packages/my_messages-0.0.0-py3.10.egg-info/top_level.txt
[4.936s] -- Installing: /home/rstole01/Documents/CSE-596/msu_ws/install/my_messages/local/lib/python3.10/dist-packages/my_messages-0.0.0-py3.10.egg-info/SOURCES.txt
[4.936s] -- Installing: /home/rstole01/Documents/CSE-596/msu_ws/install/my_messages/local/lib/python3.10/dist-packages/my_messages-0.0.0-py3.10.egg-info/PKG-INFO
[4.936s] -- Installing: /home/rstole01/Documents/CSE-596/msu_ws/install/my_messages/local/lib/python3.10/dist-packages/my_messages-0.0.0-py3.10.egg-info/dependency_links.txt
[4.937s] -- Up-to-date: /home/rstole01/Documents/CSE-596/msu_ws/install/my_messages/local/lib/python3.10/dist-packages/my_messages
[4.937s] -- Up-to-date: /home/rstole01/Documents/CSE-596/msu_ws/install/my_messages/local/lib/python3.10/dist-packages/my_messages/libmy_messages__rosidl_generator_py.so
[4.937s] -- Up-to-date: /home/rstole01/Documents/CSE-596/msu_ws/install/my_messages/local/lib/python3.10/dist-packages/my_messages/_my_messages_s.ep.rosidl_typesupport_introspection_c.c
[4.937s] -- Up-to-date: /home/rstole01/Documents/CSE-596/msu_ws/install/my_messages/local/lib/python3.10/dist-packages/my_messages/my_messages_s__rosidl_typesupport_fastrtps_c.cpython-310-x86_64-linux-gnu.so
[4.937s] -- Up-to-date: /home/rstole01/Documents/CSE-596/msu_ws/install/my_messages/local/lib/python3.10/dist-packages/my_messages/_my_messages_s.ep.rosidl_typesupport_c.c
[4.938s] -- Up-to-date: /home/rstole01/Documents/CSE-596/msu_ws/install/my_messages/local/lib/python3.10/dist-packages/my_messages/my_messages_s__rosidl_typesupport_c.cpython-310-x86_64-linux-gnu.so
[4.943s] -- Up-to-date: /home/rstole01/Documents/CSE-596/msu_ws/install/my_messages/local/lib/python3.10/dist-packages/my_messages/__init__.py
[4.944s] -- Up-to-date: /home/rstole01/Documents/CSE-596/msu_ws/install/my_messages/local/lib/python3.10/dist-packages/my_messages/msg
[4.944s] -- Up-to-date: /home/rstole01/Documents/CSE-596/msu_ws/install/my_messages/local/lib/python3.10/dist-packages/my_messages/msg/_key_value.py
[4.944s] -- Up-to-date: /home/rstole01/Documents/CSE-596/msu_ws/install/my_messages/local/lib/python3.10/dist-packages/my_messages/msg/_key_value_s.c
[4.945s] -- Up-to-date: /home/rstole01/Documents/CSE-596/msu_ws/install/my_messages/local/lib/python3.10/dist-packages/my_messages/msg/_pid_input.py
[4.945s] -- Up-to-date: /home/rstole01/Documents/CSE-596/msu_ws/install/my_messages/local/lib/python3.10/dist-packages/my_messages/msg/__init__.py
[4.945s] -- Up-to-date: /home/rstole01/Documents/CSE-596/msu_ws/install/my_messages/local/lib/python3.10/dist-packages/my_messages/msg/_pid_input_s.c
[4.945s] -- Up-to-date: /home/rstole01/Documents/CSE-596/msu_ws/install/my_messages/local/lib/python3.10/dist-packages/my_messages/my_messages_s__rosidl_typesupport_introspection_c.cpython-310-x86_64-linux-gnu.so
[4.946s] -- Up-to-date: /home/rstole01/Documents/CSE-596/msu_ws/install/my_messages/local/lib/python3.10/dist-packages/my_messages/_my_messages_s.ep.rosidl_typesupport_fastrtps_c.c
[5.130s] Listing '/home/rstole01/Documents/CSE-596/msu_ws/install/my_messages/local/lib/python3.10/dist-packages/my_messages'...
[5.130s] Listing '/home/rstole01/Documents/CSE-596/msu_ws/install/my_messages/local/lib/python3.10/dist-packages/my_messages/msg'...
[5.141s] -- Up-to-date: /home/rstole01/Documents/CSE-596/msu_ws/install/my_messages/local/lib/python3.10/dist-packages/my_messages/my_messages_s__rosidl_typesupport_fastrtps_c.cpython-310-x86_64-linux-gnu.so
[5.142s] -- Up-to-date: /home/rstole01/Documents/CSE-596/msu_ws/install/my_messages/local/lib/python3.10/dist-packages/my_messages/my_messages_s__rosidl_typesupport_introspection_c.cpython-310-x86_64-linux-gnu.so
[5.143s] -- Up-to-date: /home/rstole01/Documents/CSE-596/msu_ws/install/my_messages/local/lib/python3.10/dist-packages/my_messages/my_messages_s__rosidl_typesupport_c.cpython-310-x86_64-linux-gnu.so
[5.146s] -- Up-to-date: /home/rstole01/Documents/CSE-596/msu_ws/install/my_messages/lib/libmy_messages__rosidl_generator_py.so
[5.146s] -- Up-to-date: /home/rstole01/Documents/CSE-596/msu_ws/install/my_messages/share/my_messages/msg/PIDInput.idl
[5.146s] -- Up-to-date: /home/rstole01/Documents/CSE-596/msu_ws/install/my_messages/share/my_messages/msg/KeyValue.idl
[5.147s] -- Up-to-date: /home/rstole01/Documents/CSE-596/msu_ws/install/my_messages/share/my_messages/msg/PIDInput.msg
[5.147s] -- Up-to-date: /home/rstole01/Documents/CSE-596/msu_ws/install/my_messages/share/my_messages/msg/KeyValue.msg
[5.147s] -- Up-to-date: /home/rstole01/Documents/CSE-596/msu_ws/install/my_messages/share/ament_index/resource_index/package_run_dependencies/my_messages
[5.147s] -- Up-to-date: /home/rstole01/Documents/CSE-596/msu_ws/install/my_messages/share/ament_index/resource_index/parent_prefix_path/my_messages
[5.148s] -- Up-to-date: /home/rstole01/Documents/CSE-596/msu_ws/install/my_messages/share/my_messages/environment/ament_prefix_path.sh
[5.158s] -- Up-to-date: /home/rstole01/Documents/CSE-596/msu_ws/install/my_messages/share/my_messages/environment/ament_prefix_path.dsv
[5.159s] -- Up-to-date: /home/rstole01/Documents/CSE-596/msu_ws/install/my_messages/share/my_messages/environment/path.sh
[5.159s] -- Up-to-date: /home/rstole01/Documents/CSE-596/msu_ws/install/my_messages/share/my_messages/environment/path.dsv
[5.160s] -- Up-to-date: /home/rstole01/Documents/CSE-596/msu_ws/install/my_messages/share/my_messages/local_setup.bash
[5.160s] -- Up-to-date: /home/rstole01/Documents/CSE-596/msu_ws/install/my_messages/share/my_messages/local_setup.sh
[5.160s] -- Up-to-date: /home/rstole01/Documents/CSE-596/msu_ws/install/my_messages/share/my_messages/local_setup.zsh
[5.160s] -- Up-to-date: /home/rstole01/Documents/CSE-596/msu_ws/install/my_messages/share/my_messages/local_setup.dsv
[5.161s] -- Installing: /home/rstole01/Documents/CSE-596/msu_ws/install/my_messages/share/my_messages/package.dsv
[5.161s] -- Up-to-date: /home/rstole01/Documents/CSE-596/msu_ws/install/my_messages/share/ament_index/resource_index/packages/my_messages
[5.161s] -- Up-to-date: /home/rstole01/Documents/CSE-596/msu_ws/install/my_messages/share/my_messages/cmake/export_my_messages__rosidl_generator_cExport.cmake
[5.161s] -- Up-to-date: /home/rstole01/Documents/CSE-596/msu_ws/install/my_messages/share/my_messages/cmake/export_my_messages__rosidl_generator_cExport-noconfig.cmake
[5.162s] -- Up-to-date: /home/rstole01/Documents/CSE-596/msu_ws/install/my_messages/share/my_messages/cmake/export_my_messages__rosidl_typesupport_fastrtps_cExport.cmake
[5.162s] -- Up-to-date: /home/rstole01/Documents/CSE-596/msu_ws/install/my_messages/share/my_messages/cmake/export_my_messages__rosidl_typesupport_fastrtps_cExport-noconfig.cmake
[5.162s] -- Up-to-date: /home/rstole01/Documents/CSE-596/msu_ws/install/my_messages/share/my_messages/cmake/my_messages__rosidl_typesupport_introspection_cExport.cmake
[5.162s] -- Up-to-date: /home/rstole01/Documents/CSE-596/msu_ws/install/my_messages/share/my_messages/cmake/my_messages__rosidl_typesupport_introspection_cExport-noconfig.cmake
[5.163s] -- Up-to-date: /home/rstole01/Documents/CSE-596/msu_ws/install/my_messages/share/my_messages/cmake/my_messages__rosidl_typesupport_cExport.cmake
[5.163s] -- Up-to-date: /home/rstole01/Documents/CSE-596/msu_ws/install/my_messages/share/my_messages/cmake/my_messages__rosidl_typesupport_cExport-noconfig.cmake
[5.180s] -- Up-to-date: /home/rstole01/Documents/CSE-596/msu_ws/install/my_messages/share/my_messages/cmake/export_my_messages__rosidl_generator_cppExport.cmake
[5.180s] -- Up-to-date: /home/rstole01/Documents/CSE-596/msu_ws/install/my_messages/share/my_messages/cmake/export_my_messages__rosidl_typesupport_fastrtps_cppExport.cmake
[5.180s] -- Up-to-date: /home/rstole01/Documents/CSE-596/msu_ws/install/my_messages/share/my_messages/cmake/export_my_messages__rosidl_typesupport_fastrtps_cppExport-noconfig.cmake
[5.180s] -- Up-to-date: /home/rstole01/Documents/CSE-596/msu_ws/install/my_messages/share/my_messages/cmake/my_messages__rosidl_typesupport_introspection_cppExport.cmake
[5.181s] -- Up-to-date: /home/rstole01/Documents/CSE-596/msu_ws/install/my_messages/share/my_messages/cmake/my_messages__rosidl_typesupport_introspection_cppExport-noconfig.cmake
[5.181s] -- Up-to-date: /home/rstole01/Documents/CSE-596/msu_ws/install/my_messages/share/my_messages/cmake/my_messages__rosidl_typesupport_cppExport.cmake
[5.181s] -- Up-to-date: /home/rstole01/Documents/CSE-596/msu_ws/install/my_messages/share/my_messages/cmake/my_messages__rosidl_typesupport_cppExport-noconfig.cmake
[5.182s] -- Up-to-date: /home/rstole01/Documents/CSE-596/msu_ws/install/my_messages/share/my_messages/cmake/export_my_messages__rosidl_generator_pyExport.cmake
[5.182s] -- Up-to-date: /home/rstole01/Documents/CSE-596/msu_ws/install/my_messages/share/my_messages/cmake/export_my_messages__rosidl_generator_pyExport-noconfig.cmake
[5.182s] -- Up-to-date: /home/rstole01/Documents/CSE-596/msu_ws/install/my_messages/share/my_messages/cmake/rosidl_cmake-extras.cmake
[5.182s] -- Up-to-date: /home/rstole01/Documents/CSE-596/msu_ws/install/my_messages/share/my_messages/cmake/ament_cmake_export_dependencies-extras.cmake
[5.183s] -- Up-to-date: /home/rstole01/Documents/CSE-596/msu_ws/install/my_messages/share/my_messages/cmake/ament_cmake_export_include_directories-extras.cmake
[5.183s] -- Up-to-date: /home/rstole01/Documents/CSE-596/msu_ws/install/my_messages/share/my_messages/cmake/ament_cmake_export_libraries-extras.cmake
[5.183s] -- Up-to-date: /home/rstole01/Documents/CSE-596/msu_ws/install/my_messages/share/my_messages/cmake/ament_cmake_export_targets-extras.cmake
[5.184s] -- Up-to-date: /home/rstole01/Documents/CSE-596/msu_ws/install/my_messages/share/my_messages/cmake/rosidl_cmake_export_typesupport_targets-extras.cmake
[5.184s] -- Up-to-date: /home/rstole01/Documents/CSE-596/msu_ws/install/my_messages/share/my_messages/cmake/rosidl_cmake_export_typesupport_libraries-extras.cmake
[5.184s] -- Up-to-date: /home/rstole01/Documents/CSE-596/msu_ws/install/my_messages/share/my_messages/cmake/my_messagesConfig.cmake
[5.184s] -- Up-to-date: /home/rstole01/Documents/CSE-596/msu_ws/install/my_messages/share/my_messages/cmake/my_messagesConfig-version.cmake
[5.185s] -- Up-to-date: /home/rstole01/Documents/CSE-596/msu_ws/install/my_messages/share/my_messages/package.xml
[5.992s] Invoked command in '/home/rstole01/Documents/CSE-596/msu_ws/build/my_messages' returned '0': CMAKE_PREFIX_PATH=${CMAKE_PREFIX_PATH}:/home/rstole01/Documents/CSE-596/msu_ws/install/waypoint_writer:/home/rstole01/Documents/CSE-596/msu_ws/install/waypoint_follow:/home/rstole01/Documents/CSE-596/msu_ws/install/wall_follower_pid:/home/rstole01/Documents/CSE-596/msu_ws/install/qlearn:/home/rstole01/Documents/CSE-596/msu_ws/install/py_pubsub:/home/rstole01/Documents/CSE-596/msu_ws/install/plexer360:/home/rstole01/Documents/CSE-596/msu_ws/install/painter:/home/rstole01/Documents/CSE-596/msu_ws/install/f1tenth_gym_ros:/opt/ros/humble /usr/bin/cmake --install /home/rstole01/Documents/CSE-596/msu_ws/build/my_messages
