-- The C compiler identification is GNU 11.4.0
-- The CXX compiler identification is GNU 11.4.0
-- Detecting C compiler ABI info
-- Detecting C compiler ABI info - done
-- Check for working C compiler: /usr/bin/cc - skipped
-- Detecting C compile features
-- Detecting C compile features - done
-- Detecting CXX compiler ABI info
-- Detecting CXX compiler ABI info - done
-- Check for working CXX compiler: /usr/bin/c++ - skipped
-- Detecting CXX compile features
-- Detecting CXX compile features - done
-- Found ament_cmake: 1.3.8 (/opt/ros/humble/share/ament_cmake/cmake)
-- Found Python3: /usr/bin/python3 (found version "3.10.12") found components: Interpreter 
-- Found rclcpp: 16.0.8 (/opt/ros/humble/share/rclcpp/cmake)
-- Found rosidl_generator_c: 3.1.5 (/opt/ros/humble/share/rosidl_generator_c/cmake)
-- Found rosidl_adapter: 3.1.5 (/opt/ros/humble/share/rosidl_adapter/cmake)
-- Found rosidl_generator_cpp: 3.1.5 (/opt/ros/humble/share/rosidl_generator_cpp/cmake)
-- Using all available rosidl_typesupport_c: rosidl_typesupport_fastrtps_c;rosidl_typesupport_introspection_c
-- Using all available rosidl_typesupport_cpp: rosidl_typesupport_fastrtps_cpp;rosidl_typesupport_introspection_cpp
-- Found rmw_implementation_cmake: 6.1.1 (/opt/ros/humble/share/rmw_implementation_cmake/cmake)
-- Found rmw_cyclonedds_cpp: 1.3.4 (/opt/ros/humble/share/rmw_cyclonedds_cpp/cmake)
-- Using RMW implementation 'rmw_cyclonedds_cpp' as default
-- Looking for pthread.h
-- Looking for pthread.h - found
-- Performing Test CMAKE_HAVE_LIBC_PTHREAD
-- Performing Test CMAKE_HAVE_LIBC_PTHREAD - Success
-- Found Threads: TRUE  
-- Found rclpy: 3.3.12 (/opt/ros/humble/share/rclpy/cmake)
-- Found geometry_msgs: 4.2.3 (/opt/ros/humble/share/geometry_msgs/cmake)
-- Found nav_msgs: 4.2.3 (/opt/ros/humble/share/nav_msgs/cmake)
-- Found ackermann_msgs: 2.0.2 (/opt/ros/humble/share/ackermann_msgs/cmake)
-- Found sensor_msgs: 4.2.3 (/opt/ros/humble/share/sensor_msgs/cmake)
-- Found visualization_msgs: 4.2.3 (/opt/ros/humble/share/visualization_msgs/cmake)
-- Found tf2_ros: 0.25.6 (/opt/ros/humble/share/tf2_ros/cmake)
-- Found ament_lint_auto: 0.12.10 (/opt/ros/humble/share/ament_lint_auto/cmake)
-- Added test 'copyright' to check source files copyright and LICENSE
-- Added test 'flake8' to check Python code syntax and style conventions
-- Added test 'lint_cmake' to check CMake code style
-- Added test 'pep257' to check Python code against some of the docstring style conventions in PEP 257
-- Added test 'xmllint' to check XML markup files
-- Configuring done
-- Generating done
-- Build files have been written to: /home/rstole01/Documents/CapstoneGit/humble_ws/build/pursuit_lab
Built target ament_cmake_python_copy_pursuit_lab_setup
Built target ament_cmake_python_copy_pursuit_lab
running egg_info
creating pursuit_lab.egg-info
writing pursuit_lab.egg-info/PKG-INFO
writing dependency_links to pursuit_lab.egg-info/dependency_links.txt
writing top-level names to pursuit_lab.egg-info/top_level.txt
writing manifest file 'pursuit_lab.egg-info/SOURCES.txt'
reading manifest file 'pursuit_lab.egg-info/SOURCES.txt'
writing manifest file 'pursuit_lab.egg-info/SOURCES.txt'
Built target ament_cmake_python_build_pursuit_lab_egg
-- Install configuration: ""
-- Installing: /home/rstole01/Documents/CapstoneGit/humble_ws/install/pursuit_lab/share/pursuit_lab/environment/pythonpath.sh
-- Installing: /home/rstole01/Documents/CapstoneGit/humble_ws/install/pursuit_lab/share/pursuit_lab/environment/pythonpath.dsv
-- Up-to-date: /home/rstole01/Documents/CapstoneGit/humble_ws/install/pursuit_lab/local/lib/python3.10/dist-packages/pursuit_lab-0.0.0-py3.10.egg-info
-- Installing: /home/rstole01/Documents/CapstoneGit/humble_ws/install/pursuit_lab/local/lib/python3.10/dist-packages/pursuit_lab-0.0.0-py3.10.egg-info/top_level.txt
-- Installing: /home/rstole01/Documents/CapstoneGit/humble_ws/install/pursuit_lab/local/lib/python3.10/dist-packages/pursuit_lab-0.0.0-py3.10.egg-info/SOURCES.txt
-- Installing: /home/rstole01/Documents/CapstoneGit/humble_ws/install/pursuit_lab/local/lib/python3.10/dist-packages/pursuit_lab-0.0.0-py3.10.egg-info/PKG-INFO
-- Installing: /home/rstole01/Documents/CapstoneGit/humble_ws/install/pursuit_lab/local/lib/python3.10/dist-packages/pursuit_lab-0.0.0-py3.10.egg-info/dependency_links.txt
-- Up-to-date: /home/rstole01/Documents/CapstoneGit/humble_ws/install/pursuit_lab/local/lib/python3.10/dist-packages/pursuit_lab
-- Up-to-date: /home/rstole01/Documents/CapstoneGit/humble_ws/install/pursuit_lab/local/lib/python3.10/dist-packages/pursuit_lab/__init__.py
-- Installing: /home/rstole01/Documents/CapstoneGit/humble_ws/install/pursuit_lab/local/lib/python3.10/dist-packages/pursuit_lab/pure_pursuit_node.py
Listing '/home/rstole01/Documents/CapstoneGit/humble_ws/install/pursuit_lab/local/lib/python3.10/dist-packages/pursuit_lab'...
Compiling '/home/rstole01/Documents/CapstoneGit/humble_ws/install/pursuit_lab/local/lib/python3.10/dist-packages/pursuit_lab/pure_pursuit_node.py'...
-- Installing: /home/rstole01/Documents/CapstoneGit/humble_ws/install/pursuit_lab/lib/pursuit_lab/pure_pursuit_node.py
-- Installing: /home/rstole01/Documents/CapstoneGit/humble_ws/install/pursuit_lab/share/ament_index/resource_index/package_run_dependencies/pursuit_lab
-- Installing: /home/rstole01/Documents/CapstoneGit/humble_ws/install/pursuit_lab/share/ament_index/resource_index/parent_prefix_path/pursuit_lab
-- Up-to-date: /home/rstole01/Documents/CapstoneGit/humble_ws/install/pursuit_lab/share/pursuit_lab/environment/ament_prefix_path.sh
-- Installing: /home/rstole01/Documents/CapstoneGit/humble_ws/install/pursuit_lab/share/pursuit_lab/environment/ament_prefix_path.dsv
-- Up-to-date: /home/rstole01/Documents/CapstoneGit/humble_ws/install/pursuit_lab/share/pursuit_lab/environment/path.sh
-- Installing: /home/rstole01/Documents/CapstoneGit/humble_ws/install/pursuit_lab/share/pursuit_lab/environment/path.dsv
-- Installing: /home/rstole01/Documents/CapstoneGit/humble_ws/install/pursuit_lab/share/pursuit_lab/local_setup.bash
-- Installing: /home/rstole01/Documents/CapstoneGit/humble_ws/install/pursuit_lab/share/pursuit_lab/local_setup.sh
-- Installing: /home/rstole01/Documents/CapstoneGit/humble_ws/install/pursuit_lab/share/pursuit_lab/local_setup.zsh
-- Installing: /home/rstole01/Documents/CapstoneGit/humble_ws/install/pursuit_lab/share/pursuit_lab/local_setup.dsv
-- Installing: /home/rstole01/Documents/CapstoneGit/humble_ws/install/pursuit_lab/share/pursuit_lab/package.dsv
-- Installing: /home/rstole01/Documents/CapstoneGit/humble_ws/install/pursuit_lab/share/ament_index/resource_index/packages/pursuit_lab
-- Installing: /home/rstole01/Documents/CapstoneGit/humble_ws/install/pursuit_lab/share/pursuit_lab/cmake/pursuit_labConfig.cmake
-- Installing: /home/rstole01/Documents/CapstoneGit/humble_ws/install/pursuit_lab/share/pursuit_lab/cmake/pursuit_labConfig-version.cmake
-- Up-to-date: /home/rstole01/Documents/CapstoneGit/humble_ws/install/pursuit_lab/share/pursuit_lab/package.xml
