[0.650s] Invoking command in '/home/rstole01/Documents/CSE-596/humble_ws/build/lab1_package': /usr/bin/cmake /home/rstole01/Documents/CSE-596/humble_ws/src/lab1_package -DCMAKE_INSTALL_PREFIX=/home/rstole01/Documents/CSE-596/humble_ws/install/lab1_package
[0.675s] [31mCMake Error at CMakeLists.txt:9 (find_package):
[0.675s]   By not providing "Findament_cmake.cmake" in CMAKE_MODULE_PATH this project
[0.675s]   has asked CMake to find a package configuration file provided by
[0.676s]   "ament_cmake", but CMake did not find one.
[0.676s] 
[0.677s]   Could not find a package configuration file provided by "ament_cmake" with
[0.677s]   any of the following names:
[0.677s] 
[0.678s]     ament_cmakeConfig.cmake
[0.678s]     ament_cmake-config.cmake
[0.679s] 
[0.679s]   Add the installation prefix of "ament_cmake" to CMAKE_PREFIX_PATH or set
[0.680s]   "ament_cmake_DIR" to a directory containing one of the above files.  If
[0.680s]   "ament_cmake" provides a separate development package or SDK, be sure it
[0.681s]   has been installed.
[0.681s] 
[0.682s] [0m
[0.682s] -- Configuring incomplete, errors occurred!
[0.683s] See also "/home/rstole01/Documents/CSE-596/humble_ws/build/lab1_package/CMakeFiles/CMakeOutput.log".
