[3.144s] Invoking command in '/home/rstole01/Documents/CSE-596/msu_ws/build/qlearn_interfaces': CMAKE_PREFIX_PATH=${CMAKE_PREFIX_PATH}:/home/rstole01/Documents/CSE-596/msu_ws/install/waypoint_writer:/home/rstole01/Documents/CSE-596/msu_ws/install/waypoint_follow:/home/rstole01/Documents/CSE-596/msu_ws/install/wall_follower_pid:/home/rstole01/Documents/CSE-596/msu_ws/install/qlearn:/home/rstole01/Documents/CSE-596/msu_ws/install/py_pubsub:/home/rstole01/Documents/CSE-596/msu_ws/install/plexer360:/home/rstole01/Documents/CSE-596/msu_ws/install/painter:/home/rstole01/Documents/CSE-596/msu_ws/install/f1tenth_gym_ros:/opt/ros/humble /usr/bin/cmake --build /home/rstole01/Documents/CSE-596/msu_ws/build/qlearn_interfaces -- -j8 -l8
[3.338s] [  1%] Built target qlearn_interfaces__cpp
[3.451s] [  1%] Built target ament_cmake_python_copy_qlearn_interfaces
[3.544s] [ 12%] Built target qlearn_interfaces__rosidl_typesupport_introspection_cpp
[4.671s] running egg_info
[4.671s] writing qlearn_interfaces.egg-info/PKG-INFO
[4.673s] writing dependency_links to qlearn_interfaces.egg-info/dependency_links.txt
[4.674s] writing top-level names to qlearn_interfaces.egg-info/top_level.txt
[4.679s] reading manifest file 'qlearn_interfaces.egg-info/SOURCES.txt'
[4.680s] writing manifest file 'qlearn_interfaces.egg-info/SOURCES.txt'
[4.762s] [ 12%] Built target ament_cmake_python_build_qlearn_interfaces_egg
[4.840s] [ 23%] Built target qlearn_interfaces__rosidl_typesupport_fastrtps_cpp
[4.918s] [ 35%] Built target qlearn_interfaces__rosidl_typesupport_cpp
[4.997s] [ 46%] Built target qlearn_interfaces__rosidl_generator_c
[5.073s] [ 57%] Built target qlearn_interfaces__rosidl_typesupport_fastrtps_c
[5.125s] [ 69%] Built target qlearn_interfaces__rosidl_typesupport_c
[5.184s] [ 80%] Built target qlearn_interfaces__rosidl_typesupport_introspection_c
[5.239s] [ 80%] Built target qlearn_interfaces
[5.294s] [ 81%] Built target qlearn_interfaces__py
[5.356s] [ 91%] Built target qlearn_interfaces__rosidl_generator_py
[5.427s] [ 94%] Built target qlearn_interfaces__rosidl_typesupport_fastrtps_c__pyext
[5.495s] [ 97%] Built target qlearn_interfaces__rosidl_typesupport_c__pyext
[5.563s] [100%] Built target qlearn_interfaces__rosidl_typesupport_introspection_c__pyext
[5.940s] Invoked command in '/home/rstole01/Documents/CSE-596/msu_ws/build/qlearn_interfaces' returned '0': CMAKE_PREFIX_PATH=${CMAKE_PREFIX_PATH}:/home/rstole01/Documents/CSE-596/msu_ws/install/waypoint_writer:/home/rstole01/Documents/CSE-596/msu_ws/install/waypoint_follow:/home/rstole01/Documents/CSE-596/msu_ws/install/wall_follower_pid:/home/rstole01/Documents/CSE-596/msu_ws/install/qlearn:/home/rstole01/Documents/CSE-596/msu_ws/install/py_pubsub:/home/rstole01/Documents/CSE-596/msu_ws/install/plexer360:/home/rstole01/Documents/CSE-596/msu_ws/install/painter:/home/rstole01/Documents/CSE-596/msu_ws/install/f1tenth_gym_ros:/opt/ros/humble /usr/bin/cmake --build /home/rstole01/Documents/CSE-596/msu_ws/build/qlearn_interfaces -- -j8 -l8
[8.549s] Invoking command in '/home/rstole01/Documents/CSE-596/msu_ws/build/qlearn_interfaces': CMAKE_PREFIX_PATH=${CMAKE_PREFIX_PATH}:/home/rstole01/Documents/CSE-596/msu_ws/install/waypoint_writer:/home/rstole01/Documents/CSE-596/msu_ws/install/waypoint_follow:/home/rstole01/Documents/CSE-596/msu_ws/install/wall_follower_pid:/home/rstole01/Documents/CSE-596/msu_ws/install/qlearn:/home/rstole01/Documents/CSE-596/msu_ws/install/py_pubsub:/home/rstole01/Documents/CSE-596/msu_ws/install/plexer360:/home/rstole01/Documents/CSE-596/msu_ws/install/painter:/home/rstole01/Documents/CSE-596/msu_ws/install/f1tenth_gym_ros:/opt/ros/humble /usr/bin/cmake --install /home/rstole01/Documents/CSE-596/msu_ws/build/qlearn_interfaces
[9.024s] -- Install configuration: ""
[9.025s] -- Up-to-date: /home/rstole01/Documents/CSE-596/msu_ws/install/qlearn_interfaces/share/ament_index/resource_index/rosidl_interfaces/qlearn_interfaces
[9.027s] -- Up-to-date: /home/rstole01/Documents/CSE-596/msu_ws/install/qlearn_interfaces/include/qlearn_interfaces/qlearn_interfaces
[9.027s] -- Up-to-date: /home/rstole01/Documents/CSE-596/msu_ws/install/qlearn_interfaces/include/qlearn_interfaces/qlearn_interfaces/srv
[9.027s] -- Up-to-date: /home/rstole01/Documents/CSE-596/msu_ws/install/qlearn_interfaces/include/qlearn_interfaces/qlearn_interfaces/srv/save_q_table.h
[9.028s] -- Up-to-date: /home/rstole01/Documents/CSE-596/msu_ws/install/qlearn_interfaces/include/qlearn_interfaces/qlearn_interfaces/srv/set_int.h
[9.028s] -- Up-to-date: /home/rstole01/Documents/CSE-596/msu_ws/install/qlearn_interfaces/include/qlearn_interfaces/qlearn_interfaces/srv/set_float.h
[9.029s] -- Up-to-date: /home/rstole01/Documents/CSE-596/msu_ws/install/qlearn_interfaces/include/qlearn_interfaces/qlearn_interfaces/srv/detail
[9.029s] -- Up-to-date: /home/rstole01/Documents/CSE-596/msu_ws/install/qlearn_interfaces/include/qlearn_interfaces/qlearn_interfaces/srv/detail/load_q_table__functions.h
[9.029s] -- Up-to-date: /home/rstole01/Documents/CSE-596/msu_ws/install/qlearn_interfaces/include/qlearn_interfaces/qlearn_interfaces/srv/detail/load_q_table__functions.c
[9.030s] -- Up-to-date: /home/rstole01/Documents/CSE-596/msu_ws/install/qlearn_interfaces/include/qlearn_interfaces/qlearn_interfaces/srv/detail/set_int__functions.c
[9.030s] -- Up-to-date: /home/rstole01/Documents/CSE-596/msu_ws/install/qlearn_interfaces/include/qlearn_interfaces/qlearn_interfaces/srv/detail/set_float__functions.h
[9.030s] -- Up-to-date: /home/rstole01/Documents/CSE-596/msu_ws/install/qlearn_interfaces/include/qlearn_interfaces/qlearn_interfaces/srv/detail/save_q_table__functions.h
[9.030s] -- Up-to-date: /home/rstole01/Documents/CSE-596/msu_ws/install/qlearn_interfaces/include/qlearn_interfaces/qlearn_interfaces/srv/detail/set_int__type_support.h
[9.031s] -- Up-to-date: /home/rstole01/Documents/CSE-596/msu_ws/install/qlearn_interfaces/include/qlearn_interfaces/qlearn_interfaces/srv/detail/save_q_table__type_support.h
[9.031s] -- Up-to-date: /home/rstole01/Documents/CSE-596/msu_ws/install/qlearn_interfaces/include/qlearn_interfaces/qlearn_interfaces/srv/detail/set_int__functions.h
[9.031s] -- Up-to-date: /home/rstole01/Documents/CSE-596/msu_ws/install/qlearn_interfaces/include/qlearn_interfaces/qlearn_interfaces/srv/detail/load_q_table__struct.h
[9.031s] -- Up-to-date: /home/rstole01/Documents/CSE-596/msu_ws/install/qlearn_interfaces/include/qlearn_interfaces/qlearn_interfaces/srv/detail/save_q_table__functions.c
[9.032s] -- Up-to-date: /home/rstole01/Documents/CSE-596/msu_ws/install/qlearn_interfaces/include/qlearn_interfaces/qlearn_interfaces/srv/detail/save_q_table__struct.h
[9.032s] -- Up-to-date: /home/rstole01/Documents/CSE-596/msu_ws/install/qlearn_interfaces/include/qlearn_interfaces/qlearn_interfaces/srv/detail/set_int__struct.h
[9.032s] -- Up-to-date: /home/rstole01/Documents/CSE-596/msu_ws/install/qlearn_interfaces/include/qlearn_interfaces/qlearn_interfaces/srv/detail/set_float__type_support.h
[9.033s] -- Up-to-date: /home/rstole01/Documents/CSE-596/msu_ws/install/qlearn_interfaces/include/qlearn_interfaces/qlearn_interfaces/srv/detail/set_float__struct.h
[9.033s] -- Up-to-date: /home/rstole01/Documents/CSE-596/msu_ws/install/qlearn_interfaces/include/qlearn_interfaces/qlearn_interfaces/srv/detail/load_q_table__type_support.h
[9.033s] -- Up-to-date: /home/rstole01/Documents/CSE-596/msu_ws/install/qlearn_interfaces/include/qlearn_interfaces/qlearn_interfaces/srv/detail/set_float__functions.c
[9.033s] -- Up-to-date: /home/rstole01/Documents/CSE-596/msu_ws/install/qlearn_interfaces/include/qlearn_interfaces/qlearn_interfaces/srv/load_q_table.h
[9.034s] -- Up-to-date: /home/rstole01/Documents/CSE-596/msu_ws/install/qlearn_interfaces/include/qlearn_interfaces/qlearn_interfaces/msg
[9.034s] -- Up-to-date: /home/rstole01/Documents/CSE-596/msu_ws/install/qlearn_interfaces/include/qlearn_interfaces/qlearn_interfaces/msg/float_stamped.h
[9.034s] -- Up-to-date: /home/rstole01/Documents/CSE-596/msu_ws/install/qlearn_interfaces/include/qlearn_interfaces/qlearn_interfaces/msg/rosidl_generator_c__visibility_control.h
[9.035s] -- Up-to-date: /home/rstole01/Documents/CSE-596/msu_ws/install/qlearn_interfaces/include/qlearn_interfaces/qlearn_interfaces/msg/int_stamped.h
[9.035s] -- Up-to-date: /home/rstole01/Documents/CSE-596/msu_ws/install/qlearn_interfaces/include/qlearn_interfaces/qlearn_interfaces/msg/detail
[9.036s] -- Up-to-date: /home/rstole01/Documents/CSE-596/msu_ws/install/qlearn_interfaces/include/qlearn_interfaces/qlearn_interfaces/msg/detail/int_stamped__type_support.h
[9.036s] -- Up-to-date: /home/rstole01/Documents/CSE-596/msu_ws/install/qlearn_interfaces/include/qlearn_interfaces/qlearn_interfaces/msg/detail/int_stamped__struct.h
[9.036s] -- Up-to-date: /home/rstole01/Documents/CSE-596/msu_ws/install/qlearn_interfaces/include/qlearn_interfaces/qlearn_interfaces/msg/detail/float_stamped__functions.h
[9.036s] -- Up-to-date: /home/rstole01/Documents/CSE-596/msu_ws/install/qlearn_interfaces/include/qlearn_interfaces/qlearn_interfaces/msg/detail/int_stamped__functions.c
[9.037s] -- Up-to-date: /home/rstole01/Documents/CSE-596/msu_ws/install/qlearn_interfaces/include/qlearn_interfaces/qlearn_interfaces/msg/detail/int_stamped__functions.h
[9.037s] -- Up-to-date: /home/rstole01/Documents/CSE-596/msu_ws/install/qlearn_interfaces/include/qlearn_interfaces/qlearn_interfaces/msg/detail/float_stamped__struct.h
[9.037s] -- Up-to-date: /home/rstole01/Documents/CSE-596/msu_ws/install/qlearn_interfaces/include/qlearn_interfaces/qlearn_interfaces/msg/detail/float_stamped__functions.c
[9.037s] -- Up-to-date: /home/rstole01/Documents/CSE-596/msu_ws/install/qlearn_interfaces/include/qlearn_interfaces/qlearn_interfaces/msg/detail/float_stamped__type_support.h
[9.038s] -- Up-to-date: /home/rstole01/Documents/CSE-596/msu_ws/install/qlearn_interfaces/share/qlearn_interfaces/environment/library_path.sh
[9.038s] -- Up-to-date: /home/rstole01/Documents/CSE-596/msu_ws/install/qlearn_interfaces/share/qlearn_interfaces/environment/library_path.dsv
[9.038s] -- Up-to-date: /home/rstole01/Documents/CSE-596/msu_ws/install/qlearn_interfaces/lib/libqlearn_interfaces__rosidl_generator_c.so
[9.038s] -- Up-to-date: /home/rstole01/Documents/CSE-596/msu_ws/install/qlearn_interfaces/include/qlearn_interfaces/qlearn_interfaces
[9.039s] -- Up-to-date: /home/rstole01/Documents/CSE-596/msu_ws/install/qlearn_interfaces/include/qlearn_interfaces/qlearn_interfaces/srv
[9.039s] -- Up-to-date: /home/rstole01/Documents/CSE-596/msu_ws/install/qlearn_interfaces/include/qlearn_interfaces/qlearn_interfaces/srv/detail
[9.039s] -- Up-to-date: /home/rstole01/Documents/CSE-596/msu_ws/install/qlearn_interfaces/include/qlearn_interfaces/qlearn_interfaces/srv/detail/load_q_table__rosidl_typesupport_fastrtps_c.h
[9.039s] -- Up-to-date: /home/rstole01/Documents/CSE-596/msu_ws/install/qlearn_interfaces/include/qlearn_interfaces/qlearn_interfaces/srv/detail/save_q_table__rosidl_typesupport_fastrtps_c.h
[9.040s] -- Up-to-date: /home/rstole01/Documents/CSE-596/msu_ws/install/qlearn_interfaces/include/qlearn_interfaces/qlearn_interfaces/srv/detail/set_float__rosidl_typesupport_fastrtps_c.h
[9.040s] -- Up-to-date: /home/rstole01/Documents/CSE-596/msu_ws/install/qlearn_interfaces/include/qlearn_interfaces/qlearn_interfaces/srv/detail/set_int__rosidl_typesupport_fastrtps_c.h
[9.040s] -- Up-to-date: /home/rstole01/Documents/CSE-596/msu_ws/install/qlearn_interfaces/include/qlearn_interfaces/qlearn_interfaces/msg
[9.041s] -- Up-to-date: /home/rstole01/Documents/CSE-596/msu_ws/install/qlearn_interfaces/include/qlearn_interfaces/qlearn_interfaces/msg/rosidl_typesupport_fastrtps_c__visibility_control.h
[9.041s] -- Up-to-date: /home/rstole01/Documents/CSE-596/msu_ws/install/qlearn_interfaces/include/qlearn_interfaces/qlearn_interfaces/msg/detail
[9.041s] -- Up-to-date: /home/rstole01/Documents/CSE-596/msu_ws/install/qlearn_interfaces/include/qlearn_interfaces/qlearn_interfaces/msg/detail/int_stamped__rosidl_typesupport_fastrtps_c.h
[9.041s] -- Up-to-date: /home/rstole01/Documents/CSE-596/msu_ws/install/qlearn_interfaces/include/qlearn_interfaces/qlearn_interfaces/msg/detail/float_stamped__rosidl_typesupport_fastrtps_c.h
[9.042s] -- Up-to-date: /home/rstole01/Documents/CSE-596/msu_ws/install/qlearn_interfaces/lib/libqlearn_interfaces__rosidl_typesupport_fastrtps_c.so
[9.042s] -- Up-to-date: /home/rstole01/Documents/CSE-596/msu_ws/install/qlearn_interfaces/include/qlearn_interfaces/qlearn_interfaces
[9.042s] -- Up-to-date: /home/rstole01/Documents/CSE-596/msu_ws/install/qlearn_interfaces/include/qlearn_interfaces/qlearn_interfaces/srv
[9.042s] -- Up-to-date: /home/rstole01/Documents/CSE-596/msu_ws/install/qlearn_interfaces/include/qlearn_interfaces/qlearn_interfaces/srv/load_q_table.hpp
[9.043s] -- Up-to-date: /home/rstole01/Documents/CSE-596/msu_ws/install/qlearn_interfaces/include/qlearn_interfaces/qlearn_interfaces/srv/set_float.hpp
[9.043s] -- Up-to-date: /home/rstole01/Documents/CSE-596/msu_ws/install/qlearn_interfaces/include/qlearn_interfaces/qlearn_interfaces/srv/detail
[9.043s] -- Up-to-date: /home/rstole01/Documents/CSE-596/msu_ws/install/qlearn_interfaces/include/qlearn_interfaces/qlearn_interfaces/srv/detail/load_q_table__builder.hpp
[9.043s] -- Up-to-date: /home/rstole01/Documents/CSE-596/msu_ws/install/qlearn_interfaces/include/qlearn_interfaces/qlearn_interfaces/srv/detail/set_float__traits.hpp
[9.044s] -- Up-to-date: /home/rstole01/Documents/CSE-596/msu_ws/install/qlearn_interfaces/include/qlearn_interfaces/qlearn_interfaces/srv/detail/set_int__traits.hpp
[9.044s] -- Up-to-date: /home/rstole01/Documents/CSE-596/msu_ws/install/qlearn_interfaces/include/qlearn_interfaces/qlearn_interfaces/srv/detail/set_float__struct.hpp
[9.044s] -- Up-to-date: /home/rstole01/Documents/CSE-596/msu_ws/install/qlearn_interfaces/include/qlearn_interfaces/qlearn_interfaces/srv/detail/set_int__struct.hpp
[9.044s] -- Up-to-date: /home/rstole01/Documents/CSE-596/msu_ws/install/qlearn_interfaces/include/qlearn_interfaces/qlearn_interfaces/srv/detail/set_int__builder.hpp
[9.045s] -- Up-to-date: /home/rstole01/Documents/CSE-596/msu_ws/install/qlearn_interfaces/include/qlearn_interfaces/qlearn_interfaces/srv/detail/save_q_table__traits.hpp
[9.045s] -- Up-to-date: /home/rstole01/Documents/CSE-596/msu_ws/install/qlearn_interfaces/include/qlearn_interfaces/qlearn_interfaces/srv/detail/set_float__builder.hpp
[9.045s] -- Up-to-date: /home/rstole01/Documents/CSE-596/msu_ws/install/qlearn_interfaces/include/qlearn_interfaces/qlearn_interfaces/srv/detail/save_q_table__builder.hpp
[9.045s] -- Up-to-date: /home/rstole01/Documents/CSE-596/msu_ws/install/qlearn_interfaces/include/qlearn_interfaces/qlearn_interfaces/srv/detail/save_q_table__struct.hpp
[9.046s] -- Up-to-date: /home/rstole01/Documents/CSE-596/msu_ws/install/qlearn_interfaces/include/qlearn_interfaces/qlearn_interfaces/srv/detail/load_q_table__traits.hpp
[9.046s] -- Up-to-date: /home/rstole01/Documents/CSE-596/msu_ws/install/qlearn_interfaces/include/qlearn_interfaces/qlearn_interfaces/srv/detail/load_q_table__struct.hpp
[9.046s] -- Up-to-date: /home/rstole01/Documents/CSE-596/msu_ws/install/qlearn_interfaces/include/qlearn_interfaces/qlearn_interfaces/srv/save_q_table.hpp
[9.046s] -- Up-to-date: /home/rstole01/Documents/CSE-596/msu_ws/install/qlearn_interfaces/include/qlearn_interfaces/qlearn_interfaces/srv/set_int.hpp
[9.047s] -- Up-to-date: /home/rstole01/Documents/CSE-596/msu_ws/install/qlearn_interfaces/include/qlearn_interfaces/qlearn_interfaces/msg
[9.047s] -- Up-to-date: /home/rstole01/Documents/CSE-596/msu_ws/install/qlearn_interfaces/include/qlearn_interfaces/qlearn_interfaces/msg/int_stamped.hpp
[9.047s] -- Up-to-date: /home/rstole01/Documents/CSE-596/msu_ws/install/qlearn_interfaces/include/qlearn_interfaces/qlearn_interfaces/msg/detail
[9.047s] -- Up-to-date: /home/rstole01/Documents/CSE-596/msu_ws/install/qlearn_interfaces/include/qlearn_interfaces/qlearn_interfaces/msg/detail/int_stamped__struct.hpp
[9.048s] -- Up-to-date: /home/rstole01/Documents/CSE-596/msu_ws/install/qlearn_interfaces/include/qlearn_interfaces/qlearn_interfaces/msg/detail/int_stamped__traits.hpp
[9.048s] -- Up-to-date: /home/rstole01/Documents/CSE-596/msu_ws/install/qlearn_interfaces/include/qlearn_interfaces/qlearn_interfaces/msg/detail/float_stamped__builder.hpp
[9.048s] -- Up-to-date: /home/rstole01/Documents/CSE-596/msu_ws/install/qlearn_interfaces/include/qlearn_interfaces/qlearn_interfaces/msg/detail/int_stamped__builder.hpp
[9.048s] -- Up-to-date: /home/rstole01/Documents/CSE-596/msu_ws/install/qlearn_interfaces/include/qlearn_interfaces/qlearn_interfaces/msg/detail/float_stamped__traits.hpp
[9.049s] -- Up-to-date: /home/rstole01/Documents/CSE-596/msu_ws/install/qlearn_interfaces/include/qlearn_interfaces/qlearn_interfaces/msg/detail/float_stamped__struct.hpp
[9.049s] -- Up-to-date: /home/rstole01/Documents/CSE-596/msu_ws/install/qlearn_interfaces/include/qlearn_interfaces/qlearn_interfaces/msg/float_stamped.hpp
[9.049s] -- Up-to-date: /home/rstole01/Documents/CSE-596/msu_ws/install/qlearn_interfaces/include/qlearn_interfaces/qlearn_interfaces
[9.050s] -- Up-to-date: /home/rstole01/Documents/CSE-596/msu_ws/install/qlearn_interfaces/include/qlearn_interfaces/qlearn_interfaces/srv
[9.050s] -- Up-to-date: /home/rstole01/Documents/CSE-596/msu_ws/install/qlearn_interfaces/include/qlearn_interfaces/qlearn_interfaces/srv/detail
[9.050s] -- Up-to-date: /home/rstole01/Documents/CSE-596/msu_ws/install/qlearn_interfaces/include/qlearn_interfaces/qlearn_interfaces/srv/detail/save_q_table__rosidl_typesupport_fastrtps_cpp.hpp
[9.050s] -- Up-to-date: /home/rstole01/Documents/CSE-596/msu_ws/install/qlearn_interfaces/include/qlearn_interfaces/qlearn_interfaces/srv/detail/set_int__rosidl_typesupport_fastrtps_cpp.hpp
[9.051s] -- Up-to-date: /home/rstole01/Documents/CSE-596/msu_ws/install/qlearn_interfaces/include/qlearn_interfaces/qlearn_interfaces/srv/detail/set_float__rosidl_typesupport_fastrtps_cpp.hpp
[9.051s] -- Up-to-date: /home/rstole01/Documents/CSE-596/msu_ws/install/qlearn_interfaces/include/qlearn_interfaces/qlearn_interfaces/srv/detail/load_q_table__rosidl_typesupport_fastrtps_cpp.hpp
[9.051s] -- Up-to-date: /home/rstole01/Documents/CSE-596/msu_ws/install/qlearn_interfaces/include/qlearn_interfaces/qlearn_interfaces/srv/detail/dds_fastrtps
[9.051s] -- Up-to-date: /home/rstole01/Documents/CSE-596/msu_ws/install/qlearn_interfaces/include/qlearn_interfaces/qlearn_interfaces/msg
[9.052s] -- Up-to-date: /home/rstole01/Documents/CSE-596/msu_ws/install/qlearn_interfaces/include/qlearn_interfaces/qlearn_interfaces/msg/detail
[9.052s] -- Up-to-date: /home/rstole01/Documents/CSE-596/msu_ws/install/qlearn_interfaces/include/qlearn_interfaces/qlearn_interfaces/msg/detail/int_stamped__rosidl_typesupport_fastrtps_cpp.hpp
[9.052s] -- Up-to-date: /home/rstole01/Documents/CSE-596/msu_ws/install/qlearn_interfaces/include/qlearn_interfaces/qlearn_interfaces/msg/detail/dds_fastrtps
[9.052s] -- Up-to-date: /home/rstole01/Documents/CSE-596/msu_ws/install/qlearn_interfaces/include/qlearn_interfaces/qlearn_interfaces/msg/detail/float_stamped__rosidl_typesupport_fastrtps_cpp.hpp
[9.053s] -- Up-to-date: /home/rstole01/Documents/CSE-596/msu_ws/install/qlearn_interfaces/include/qlearn_interfaces/qlearn_interfaces/msg/rosidl_typesupport_fastrtps_cpp__visibility_control.h
[9.053s] -- Up-to-date: /home/rstole01/Documents/CSE-596/msu_ws/install/qlearn_interfaces/lib/libqlearn_interfaces__rosidl_typesupport_fastrtps_cpp.so
[9.053s] -- Up-to-date: /home/rstole01/Documents/CSE-596/msu_ws/install/qlearn_interfaces/include/qlearn_interfaces/qlearn_interfaces
[9.053s] -- Up-to-date: /home/rstole01/Documents/CSE-596/msu_ws/install/qlearn_interfaces/include/qlearn_interfaces/qlearn_interfaces/srv
[9.054s] -- Up-to-date: /home/rstole01/Documents/CSE-596/msu_ws/install/qlearn_interfaces/include/qlearn_interfaces/qlearn_interfaces/srv/detail
[9.054s] -- Up-to-date: /home/rstole01/Documents/CSE-596/msu_ws/install/qlearn_interfaces/include/qlearn_interfaces/qlearn_interfaces/srv/detail/load_q_table__rosidl_typesupport_introspection_c.h
[9.054s] -- Up-to-date: /home/rstole01/Documents/CSE-596/msu_ws/install/qlearn_interfaces/include/qlearn_interfaces/qlearn_interfaces/srv/detail/set_int__rosidl_typesupport_introspection_c.h
[9.054s] -- Up-to-date: /home/rstole01/Documents/CSE-596/msu_ws/install/qlearn_interfaces/include/qlearn_interfaces/qlearn_interfaces/srv/detail/set_int__type_support.c
[9.055s] -- Up-to-date: /home/rstole01/Documents/CSE-596/msu_ws/install/qlearn_interfaces/include/qlearn_interfaces/qlearn_interfaces/srv/detail/save_q_table__rosidl_typesupport_introspection_c.h
[9.055s] -- Up-to-date: /home/rstole01/Documents/CSE-596/msu_ws/install/qlearn_interfaces/include/qlearn_interfaces/qlearn_interfaces/srv/detail/set_float__type_support.c
[9.055s] -- Up-to-date: /home/rstole01/Documents/CSE-596/msu_ws/install/qlearn_interfaces/include/qlearn_interfaces/qlearn_interfaces/srv/detail/save_q_table__type_support.c
[9.055s] -- Up-to-date: /home/rstole01/Documents/CSE-596/msu_ws/install/qlearn_interfaces/include/qlearn_interfaces/qlearn_interfaces/srv/detail/load_q_table__type_support.c
[9.056s] -- Up-to-date: /home/rstole01/Documents/CSE-596/msu_ws/install/qlearn_interfaces/include/qlearn_interfaces/qlearn_interfaces/srv/detail/set_float__rosidl_typesupport_introspection_c.h
[9.056s] -- Up-to-date: /home/rstole01/Documents/CSE-596/msu_ws/install/qlearn_interfaces/include/qlearn_interfaces/qlearn_interfaces/msg
[9.056s] -- Up-to-date: /home/rstole01/Documents/CSE-596/msu_ws/install/qlearn_interfaces/include/qlearn_interfaces/qlearn_interfaces/msg/rosidl_typesupport_introspection_c__visibility_control.h
[9.057s] -- Up-to-date: /home/rstole01/Documents/CSE-596/msu_ws/install/qlearn_interfaces/include/qlearn_interfaces/qlearn_interfaces/msg/detail
[9.057s] -- Up-to-date: /home/rstole01/Documents/CSE-596/msu_ws/install/qlearn_interfaces/include/qlearn_interfaces/qlearn_interfaces/msg/detail/float_stamped__type_support.c
[9.057s] -- Up-to-date: /home/rstole01/Documents/CSE-596/msu_ws/install/qlearn_interfaces/include/qlearn_interfaces/qlearn_interfaces/msg/detail/float_stamped__rosidl_typesupport_introspection_c.h
[9.057s] -- Up-to-date: /home/rstole01/Documents/CSE-596/msu_ws/install/qlearn_interfaces/include/qlearn_interfaces/qlearn_interfaces/msg/detail/int_stamped__rosidl_typesupport_introspection_c.h
[9.058s] -- Up-to-date: /home/rstole01/Documents/CSE-596/msu_ws/install/qlearn_interfaces/include/qlearn_interfaces/qlearn_interfaces/msg/detail/int_stamped__type_support.c
[9.058s] -- Up-to-date: /home/rstole01/Documents/CSE-596/msu_ws/install/qlearn_interfaces/lib/libqlearn_interfaces__rosidl_typesupport_introspection_c.so
[9.058s] -- Up-to-date: /home/rstole01/Documents/CSE-596/msu_ws/install/qlearn_interfaces/lib/libqlearn_interfaces__rosidl_typesupport_c.so
[9.058s] -- Up-to-date: /home/rstole01/Documents/CSE-596/msu_ws/install/qlearn_interfaces/include/qlearn_interfaces/qlearn_interfaces
[9.059s] -- Up-to-date: /home/rstole01/Documents/CSE-596/msu_ws/install/qlearn_interfaces/include/qlearn_interfaces/qlearn_interfaces/srv
[9.059s] -- Up-to-date: /home/rstole01/Documents/CSE-596/msu_ws/install/qlearn_interfaces/include/qlearn_interfaces/qlearn_interfaces/srv/detail
[9.059s] -- Up-to-date: /home/rstole01/Documents/CSE-596/msu_ws/install/qlearn_interfaces/include/qlearn_interfaces/qlearn_interfaces/srv/detail/set_float__rosidl_typesupport_introspection_cpp.hpp
[9.059s] -- Up-to-date: /home/rstole01/Documents/CSE-596/msu_ws/install/qlearn_interfaces/include/qlearn_interfaces/qlearn_interfaces/srv/detail/load_q_table__rosidl_typesupport_introspection_cpp.hpp
[9.060s] -- Up-to-date: /home/rstole01/Documents/CSE-596/msu_ws/install/qlearn_interfaces/include/qlearn_interfaces/qlearn_interfaces/srv/detail/set_int__type_support.cpp
[9.060s] -- Up-to-date: /home/rstole01/Documents/CSE-596/msu_ws/install/qlearn_interfaces/include/qlearn_interfaces/qlearn_interfaces/srv/detail/load_q_table__type_support.cpp
[9.060s] -- Up-to-date: /home/rstole01/Documents/CSE-596/msu_ws/install/qlearn_interfaces/include/qlearn_interfaces/qlearn_interfaces/srv/detail/set_int__rosidl_typesupport_introspection_cpp.hpp
[9.060s] -- Up-to-date: /home/rstole01/Documents/CSE-596/msu_ws/install/qlearn_interfaces/include/qlearn_interfaces/qlearn_interfaces/srv/detail/save_q_table__rosidl_typesupport_introspection_cpp.hpp
[9.061s] -- Up-to-date: /home/rstole01/Documents/CSE-596/msu_ws/install/qlearn_interfaces/include/qlearn_interfaces/qlearn_interfaces/srv/detail/save_q_table__type_support.cpp
[9.061s] -- Up-to-date: /home/rstole01/Documents/CSE-596/msu_ws/install/qlearn_interfaces/include/qlearn_interfaces/qlearn_interfaces/srv/detail/set_float__type_support.cpp
[9.061s] -- Up-to-date: /home/rstole01/Documents/CSE-596/msu_ws/install/qlearn_interfaces/include/qlearn_interfaces/qlearn_interfaces/msg
[9.061s] -- Up-to-date: /home/rstole01/Documents/CSE-596/msu_ws/install/qlearn_interfaces/include/qlearn_interfaces/qlearn_interfaces/msg/detail
[9.062s] -- Up-to-date: /home/rstole01/Documents/CSE-596/msu_ws/install/qlearn_interfaces/include/qlearn_interfaces/qlearn_interfaces/msg/detail/float_stamped__rosidl_typesupport_introspection_cpp.hpp
[9.062s] -- Up-to-date: /home/rstole01/Documents/CSE-596/msu_ws/install/qlearn_interfaces/include/qlearn_interfaces/qlearn_interfaces/msg/detail/int_stamped__rosidl_typesupport_introspection_cpp.hpp
[9.062s] -- Up-to-date: /home/rstole01/Documents/CSE-596/msu_ws/install/qlearn_interfaces/include/qlearn_interfaces/qlearn_interfaces/msg/detail/int_stamped__type_support.cpp
[9.063s] -- Up-to-date: /home/rstole01/Documents/CSE-596/msu_ws/install/qlearn_interfaces/include/qlearn_interfaces/qlearn_interfaces/msg/detail/float_stamped__type_support.cpp
[9.063s] -- Up-to-date: /home/rstole01/Documents/CSE-596/msu_ws/install/qlearn_interfaces/lib/libqlearn_interfaces__rosidl_typesupport_introspection_cpp.so
[9.063s] -- Up-to-date: /home/rstole01/Documents/CSE-596/msu_ws/install/qlearn_interfaces/lib/libqlearn_interfaces__rosidl_typesupport_cpp.so
[9.063s] -- Up-to-date: /home/rstole01/Documents/CSE-596/msu_ws/install/qlearn_interfaces/share/qlearn_interfaces/environment/pythonpath.sh
[9.064s] -- Up-to-date: /home/rstole01/Documents/CSE-596/msu_ws/install/qlearn_interfaces/share/qlearn_interfaces/environment/pythonpath.dsv
[9.064s] -- Up-to-date: /home/rstole01/Documents/CSE-596/msu_ws/install/qlearn_interfaces/local/lib/python3.10/dist-packages/qlearn_interfaces-0.0.0-py3.10.egg-info
[9.064s] -- Installing: /home/rstole01/Documents/CSE-596/msu_ws/install/qlearn_interfaces/local/lib/python3.10/dist-packages/qlearn_interfaces-0.0.0-py3.10.egg-info/top_level.txt
[9.064s] -- Installing: /home/rstole01/Documents/CSE-596/msu_ws/install/qlearn_interfaces/local/lib/python3.10/dist-packages/qlearn_interfaces-0.0.0-py3.10.egg-info/SOURCES.txt
[9.065s] -- Installing: /home/rstole01/Documents/CSE-596/msu_ws/install/qlearn_interfaces/local/lib/python3.10/dist-packages/qlearn_interfaces-0.0.0-py3.10.egg-info/PKG-INFO
[9.065s] -- Installing: /home/rstole01/Documents/CSE-596/msu_ws/install/qlearn_interfaces/local/lib/python3.10/dist-packages/qlearn_interfaces-0.0.0-py3.10.egg-info/dependency_links.txt
[9.065s] -- Up-to-date: /home/rstole01/Documents/CSE-596/msu_ws/install/qlearn_interfaces/local/lib/python3.10/dist-packages/qlearn_interfaces
[9.065s] -- Up-to-date: /home/rstole01/Documents/CSE-596/msu_ws/install/qlearn_interfaces/local/lib/python3.10/dist-packages/qlearn_interfaces/qlearn_interfaces_s__rosidl_typesupport_introspection_c.cpython-310-x86_64-linux-gnu.so
[9.066s] -- Up-to-date: /home/rstole01/Documents/CSE-596/msu_ws/install/qlearn_interfaces/local/lib/python3.10/dist-packages/qlearn_interfaces/_qlearn_interfaces_s.ep.rosidl_typesupport_fastrtps_c.c
[9.066s] -- Up-to-date: /home/rstole01/Documents/CSE-596/msu_ws/install/qlearn_interfaces/local/lib/python3.10/dist-packages/qlearn_interfaces/_qlearn_interfaces_s.ep.rosidl_typesupport_c.c
[9.066s] -- Up-to-date: /home/rstole01/Documents/CSE-596/msu_ws/install/qlearn_interfaces/local/lib/python3.10/dist-packages/qlearn_interfaces/srv
[9.066s] -- Up-to-date: /home/rstole01/Documents/CSE-596/msu_ws/install/qlearn_interfaces/local/lib/python3.10/dist-packages/qlearn_interfaces/srv/_load_q_table.py
[9.067s] -- Up-to-date: /home/rstole01/Documents/CSE-596/msu_ws/install/qlearn_interfaces/local/lib/python3.10/dist-packages/qlearn_interfaces/srv/_load_q_table_s.c
[9.067s] -- Up-to-date: /home/rstole01/Documents/CSE-596/msu_ws/install/qlearn_interfaces/local/lib/python3.10/dist-packages/qlearn_interfaces/srv/_set_int_s.c
[9.067s] -- Up-to-date: /home/rstole01/Documents/CSE-596/msu_ws/install/qlearn_interfaces/local/lib/python3.10/dist-packages/qlearn_interfaces/srv/_save_q_table.py
[9.067s] -- Up-to-date: /home/rstole01/Documents/CSE-596/msu_ws/install/qlearn_interfaces/local/lib/python3.10/dist-packages/qlearn_interfaces/srv/_set_float.py
[9.068s] -- Up-to-date: /home/rstole01/Documents/CSE-596/msu_ws/install/qlearn_interfaces/local/lib/python3.10/dist-packages/qlearn_interfaces/srv/__init__.py
[9.068s] -- Up-to-date: /home/rstole01/Documents/CSE-596/msu_ws/install/qlearn_interfaces/local/lib/python3.10/dist-packages/qlearn_interfaces/srv/_set_float_s.c
[9.068s] -- Up-to-date: /home/rstole01/Documents/CSE-596/msu_ws/install/qlearn_interfaces/local/lib/python3.10/dist-packages/qlearn_interfaces/srv/_set_int.py
[9.069s] -- Up-to-date: /home/rstole01/Documents/CSE-596/msu_ws/install/qlearn_interfaces/local/lib/python3.10/dist-packages/qlearn_interfaces/srv/_save_q_table_s.c
[9.069s] -- Up-to-date: /home/rstole01/Documents/CSE-596/msu_ws/install/qlearn_interfaces/local/lib/python3.10/dist-packages/qlearn_interfaces/qlearn_interfaces_s__rosidl_typesupport_c.cpython-310-x86_64-linux-gnu.so
[9.069s] -- Up-to-date: /home/rstole01/Documents/CSE-596/msu_ws/install/qlearn_interfaces/local/lib/python3.10/dist-packages/qlearn_interfaces/__init__.py
[9.069s] -- Up-to-date: /home/rstole01/Documents/CSE-596/msu_ws/install/qlearn_interfaces/local/lib/python3.10/dist-packages/qlearn_interfaces/msg
[9.070s] -- Up-to-date: /home/rstole01/Documents/CSE-596/msu_ws/install/qlearn_interfaces/local/lib/python3.10/dist-packages/qlearn_interfaces/msg/_float_stamped_s.c
[9.070s] -- Up-to-date: /home/rstole01/Documents/CSE-596/msu_ws/install/qlearn_interfaces/local/lib/python3.10/dist-packages/qlearn_interfaces/msg/_int_stamped.py
[9.070s] -- Up-to-date: /home/rstole01/Documents/CSE-596/msu_ws/install/qlearn_interfaces/local/lib/python3.10/dist-packages/qlearn_interfaces/msg/__init__.py
[9.070s] -- Up-to-date: /home/rstole01/Documents/CSE-596/msu_ws/install/qlearn_interfaces/local/lib/python3.10/dist-packages/qlearn_interfaces/msg/_float_stamped.py
[9.071s] -- Up-to-date: /home/rstole01/Documents/CSE-596/msu_ws/install/qlearn_interfaces/local/lib/python3.10/dist-packages/qlearn_interfaces/msg/_int_stamped_s.c
[9.071s] -- Up-to-date: /home/rstole01/Documents/CSE-596/msu_ws/install/qlearn_interfaces/local/lib/python3.10/dist-packages/qlearn_interfaces/qlearn_interfaces_s__rosidl_typesupport_fastrtps_c.cpython-310-x86_64-linux-gnu.so
[9.071s] -- Up-to-date: /home/rstole01/Documents/CSE-596/msu_ws/install/qlearn_interfaces/local/lib/python3.10/dist-packages/qlearn_interfaces/libqlearn_interfaces__rosidl_generator_py.so
[9.071s] -- Up-to-date: /home/rstole01/Documents/CSE-596/msu_ws/install/qlearn_interfaces/local/lib/python3.10/dist-packages/qlearn_interfaces/_qlearn_interfaces_s.ep.rosidl_typesupport_introspection_c.c
[9.125s] Listing '/home/rstole01/Documents/CSE-596/msu_ws/install/qlearn_interfaces/local/lib/python3.10/dist-packages/qlearn_interfaces'...
[9.125s] Listing '/home/rstole01/Documents/CSE-596/msu_ws/install/qlearn_interfaces/local/lib/python3.10/dist-packages/qlearn_interfaces/msg'...
[9.125s] Listing '/home/rstole01/Documents/CSE-596/msu_ws/install/qlearn_interfaces/local/lib/python3.10/dist-packages/qlearn_interfaces/srv'...
[9.137s] -- Up-to-date: /home/rstole01/Documents/CSE-596/msu_ws/install/qlearn_interfaces/local/lib/python3.10/dist-packages/qlearn_interfaces/qlearn_interfaces_s__rosidl_typesupport_fastrtps_c.cpython-310-x86_64-linux-gnu.so
[9.138s] -- Up-to-date: /home/rstole01/Documents/CSE-596/msu_ws/install/qlearn_interfaces/local/lib/python3.10/dist-packages/qlearn_interfaces/qlearn_interfaces_s__rosidl_typesupport_introspection_c.cpython-310-x86_64-linux-gnu.so
[9.139s] -- Up-to-date: /home/rstole01/Documents/CSE-596/msu_ws/install/qlearn_interfaces/local/lib/python3.10/dist-packages/qlearn_interfaces/qlearn_interfaces_s__rosidl_typesupport_c.cpython-310-x86_64-linux-gnu.so
[9.140s] -- Up-to-date: /home/rstole01/Documents/CSE-596/msu_ws/install/qlearn_interfaces/lib/libqlearn_interfaces__rosidl_generator_py.so
[9.141s] -- Up-to-date: /home/rstole01/Documents/CSE-596/msu_ws/install/qlearn_interfaces/share/qlearn_interfaces/srv/SaveQTable.idl
[9.141s] -- Up-to-date: /home/rstole01/Documents/CSE-596/msu_ws/install/qlearn_interfaces/share/qlearn_interfaces/srv/LoadQTable.idl
[9.142s] -- Up-to-date: /home/rstole01/Documents/CSE-596/msu_ws/install/qlearn_interfaces/share/qlearn_interfaces/srv/SetFloat.idl
[9.142s] -- Up-to-date: /home/rstole01/Documents/CSE-596/msu_ws/install/qlearn_interfaces/share/qlearn_interfaces/srv/SetInt.idl
[9.143s] -- Up-to-date: /home/rstole01/Documents/CSE-596/msu_ws/install/qlearn_interfaces/share/qlearn_interfaces/msg/FloatStamped.idl
[9.143s] -- Up-to-date: /home/rstole01/Documents/CSE-596/msu_ws/install/qlearn_interfaces/share/qlearn_interfaces/msg/IntStamped.idl
[9.143s] -- Up-to-date: /home/rstole01/Documents/CSE-596/msu_ws/install/qlearn_interfaces/share/qlearn_interfaces/srv/SaveQTable.srv
[9.144s] -- Up-to-date: /home/rstole01/Documents/CSE-596/msu_ws/install/qlearn_interfaces/share/qlearn_interfaces/srv/SaveQTable_Request.msg
[9.144s] -- Up-to-date: /home/rstole01/Documents/CSE-596/msu_ws/install/qlearn_interfaces/share/qlearn_interfaces/srv/SaveQTable_Response.msg
[9.144s] -- Up-to-date: /home/rstole01/Documents/CSE-596/msu_ws/install/qlearn_interfaces/share/qlearn_interfaces/srv/LoadQTable.srv
[9.145s] -- Up-to-date: /home/rstole01/Documents/CSE-596/msu_ws/install/qlearn_interfaces/share/qlearn_interfaces/srv/LoadQTable_Request.msg
[9.145s] -- Up-to-date: /home/rstole01/Documents/CSE-596/msu_ws/install/qlearn_interfaces/share/qlearn_interfaces/srv/LoadQTable_Response.msg
[9.145s] -- Up-to-date: /home/rstole01/Documents/CSE-596/msu_ws/install/qlearn_interfaces/share/qlearn_interfaces/srv/SetFloat.srv
[9.146s] -- Up-to-date: /home/rstole01/Documents/CSE-596/msu_ws/install/qlearn_interfaces/share/qlearn_interfaces/srv/SetFloat_Request.msg
[9.146s] -- Up-to-date: /home/rstole01/Documents/CSE-596/msu_ws/install/qlearn_interfaces/share/qlearn_interfaces/srv/SetFloat_Response.msg
[9.146s] -- Up-to-date: /home/rstole01/Documents/CSE-596/msu_ws/install/qlearn_interfaces/share/qlearn_interfaces/srv/SetInt.srv
[9.147s] -- Up-to-date: /home/rstole01/Documents/CSE-596/msu_ws/install/qlearn_interfaces/share/qlearn_interfaces/srv/SetInt_Request.msg
[9.147s] -- Up-to-date: /home/rstole01/Documents/CSE-596/msu_ws/install/qlearn_interfaces/share/qlearn_interfaces/srv/SetInt_Response.msg
[9.147s] -- Up-to-date: /home/rstole01/Documents/CSE-596/msu_ws/install/qlearn_interfaces/share/qlearn_interfaces/msg/FloatStamped.msg
[9.147s] -- Up-to-date: /home/rstole01/Documents/CSE-596/msu_ws/install/qlearn_interfaces/share/qlearn_interfaces/msg/IntStamped.msg
[9.148s] -- Up-to-date: /home/rstole01/Documents/CSE-596/msu_ws/install/qlearn_interfaces/share/ament_index/resource_index/package_run_dependencies/qlearn_interfaces
[9.148s] -- Up-to-date: /home/rstole01/Documents/CSE-596/msu_ws/install/qlearn_interfaces/share/ament_index/resource_index/parent_prefix_path/qlearn_interfaces
[9.149s] -- Up-to-date: /home/rstole01/Documents/CSE-596/msu_ws/install/qlearn_interfaces/share/qlearn_interfaces/environment/ament_prefix_path.sh
[9.149s] -- Up-to-date: /home/rstole01/Documents/CSE-596/msu_ws/install/qlearn_interfaces/share/qlearn_interfaces/environment/ament_prefix_path.dsv
[9.149s] -- Up-to-date: /home/rstole01/Documents/CSE-596/msu_ws/install/qlearn_interfaces/share/qlearn_interfaces/environment/path.sh
[9.150s] -- Up-to-date: /home/rstole01/Documents/CSE-596/msu_ws/install/qlearn_interfaces/share/qlearn_interfaces/environment/path.dsv
[9.150s] -- Up-to-date: /home/rstole01/Documents/CSE-596/msu_ws/install/qlearn_interfaces/share/qlearn_interfaces/local_setup.bash
[9.150s] -- Up-to-date: /home/rstole01/Documents/CSE-596/msu_ws/install/qlearn_interfaces/share/qlearn_interfaces/local_setup.sh
[9.151s] -- Up-to-date: /home/rstole01/Documents/CSE-596/msu_ws/install/qlearn_interfaces/share/qlearn_interfaces/local_setup.zsh
[9.151s] -- Up-to-date: /home/rstole01/Documents/CSE-596/msu_ws/install/qlearn_interfaces/share/qlearn_interfaces/local_setup.dsv
[9.151s] -- Installing: /home/rstole01/Documents/CSE-596/msu_ws/install/qlearn_interfaces/share/qlearn_interfaces/package.dsv
[9.152s] -- Up-to-date: /home/rstole01/Documents/CSE-596/msu_ws/install/qlearn_interfaces/share/ament_index/resource_index/packages/qlearn_interfaces
[9.152s] -- Up-to-date: /home/rstole01/Documents/CSE-596/msu_ws/install/qlearn_interfaces/share/qlearn_interfaces/cmake/export_qlearn_interfaces__rosidl_generator_cExport.cmake
[9.152s] -- Up-to-date: /home/rstole01/Documents/CSE-596/msu_ws/install/qlearn_interfaces/share/qlearn_interfaces/cmake/export_qlearn_interfaces__rosidl_generator_cExport-noconfig.cmake
[9.152s] -- Up-to-date: /home/rstole01/Documents/CSE-596/msu_ws/install/qlearn_interfaces/share/qlearn_interfaces/cmake/export_qlearn_interfaces__rosidl_typesupport_fastrtps_cExport.cmake
[9.153s] -- Up-to-date: /home/rstole01/Documents/CSE-596/msu_ws/install/qlearn_interfaces/share/qlearn_interfaces/cmake/export_qlearn_interfaces__rosidl_typesupport_fastrtps_cExport-noconfig.cmake
[9.153s] -- Up-to-date: /home/rstole01/Documents/CSE-596/msu_ws/install/qlearn_interfaces/share/qlearn_interfaces/cmake/export_qlearn_interfaces__rosidl_generator_cppExport.cmake
[9.153s] -- Up-to-date: /home/rstole01/Documents/CSE-596/msu_ws/install/qlearn_interfaces/share/qlearn_interfaces/cmake/export_qlearn_interfaces__rosidl_typesupport_fastrtps_cppExport.cmake
[9.153s] -- Up-to-date: /home/rstole01/Documents/CSE-596/msu_ws/install/qlearn_interfaces/share/qlearn_interfaces/cmake/export_qlearn_interfaces__rosidl_typesupport_fastrtps_cppExport-noconfig.cmake
[9.154s] -- Up-to-date: /home/rstole01/Documents/CSE-596/msu_ws/install/qlearn_interfaces/share/qlearn_interfaces/cmake/qlearn_interfaces__rosidl_typesupport_introspection_cExport.cmake
[9.154s] -- Up-to-date: /home/rstole01/Documents/CSE-596/msu_ws/install/qlearn_interfaces/share/qlearn_interfaces/cmake/qlearn_interfaces__rosidl_typesupport_introspection_cExport-noconfig.cmake
[9.154s] -- Up-to-date: /home/rstole01/Documents/CSE-596/msu_ws/install/qlearn_interfaces/share/qlearn_interfaces/cmake/qlearn_interfaces__rosidl_typesupport_cExport.cmake
[9.154s] -- Up-to-date: /home/rstole01/Documents/CSE-596/msu_ws/install/qlearn_interfaces/share/qlearn_interfaces/cmake/qlearn_interfaces__rosidl_typesupport_cExport-noconfig.cmake
[9.155s] -- Up-to-date: /home/rstole01/Documents/CSE-596/msu_ws/install/qlearn_interfaces/share/qlearn_interfaces/cmake/qlearn_interfaces__rosidl_typesupport_introspection_cppExport.cmake
[9.155s] -- Up-to-date: /home/rstole01/Documents/CSE-596/msu_ws/install/qlearn_interfaces/share/qlearn_interfaces/cmake/qlearn_interfaces__rosidl_typesupport_introspection_cppExport-noconfig.cmake
[9.155s] -- Up-to-date: /home/rstole01/Documents/CSE-596/msu_ws/install/qlearn_interfaces/share/qlearn_interfaces/cmake/qlearn_interfaces__rosidl_typesupport_cppExport.cmake
[9.155s] -- Up-to-date: /home/rstole01/Documents/CSE-596/msu_ws/install/qlearn_interfaces/share/qlearn_interfaces/cmake/qlearn_interfaces__rosidl_typesupport_cppExport-noconfig.cmake
[9.156s] -- Up-to-date: /home/rstole01/Documents/CSE-596/msu_ws/install/qlearn_interfaces/share/qlearn_interfaces/cmake/export_qlearn_interfaces__rosidl_generator_pyExport.cmake
[9.156s] -- Up-to-date: /home/rstole01/Documents/CSE-596/msu_ws/install/qlearn_interfaces/share/qlearn_interfaces/cmake/export_qlearn_interfaces__rosidl_generator_pyExport-noconfig.cmake
[9.156s] -- Up-to-date: /home/rstole01/Documents/CSE-596/msu_ws/install/qlearn_interfaces/share/qlearn_interfaces/cmake/rosidl_cmake-extras.cmake
[9.156s] -- Up-to-date: /home/rstole01/Documents/CSE-596/msu_ws/install/qlearn_interfaces/share/qlearn_interfaces/cmake/ament_cmake_export_dependencies-extras.cmake
[9.157s] -- Up-to-date: /home/rstole01/Documents/CSE-596/msu_ws/install/qlearn_interfaces/share/qlearn_interfaces/cmake/ament_cmake_export_include_directories-extras.cmake
[9.157s] -- Up-to-date: /home/rstole01/Documents/CSE-596/msu_ws/install/qlearn_interfaces/share/qlearn_interfaces/cmake/ament_cmake_export_libraries-extras.cmake
[9.157s] -- Up-to-date: /home/rstole01/Documents/CSE-596/msu_ws/install/qlearn_interfaces/share/qlearn_interfaces/cmake/ament_cmake_export_targets-extras.cmake
[9.158s] -- Up-to-date: /home/rstole01/Documents/CSE-596/msu_ws/install/qlearn_interfaces/share/qlearn_interfaces/cmake/rosidl_cmake_export_typesupport_targets-extras.cmake
[9.158s] -- Up-to-date: /home/rstole01/Documents/CSE-596/msu_ws/install/qlearn_interfaces/share/qlearn_interfaces/cmake/rosidl_cmake_export_typesupport_libraries-extras.cmake
[9.158s] -- Up-to-date: /home/rstole01/Documents/CSE-596/msu_ws/install/qlearn_interfaces/share/qlearn_interfaces/cmake/qlearn_interfacesConfig.cmake
[9.158s] -- Up-to-date: /home/rstole01/Documents/CSE-596/msu_ws/install/qlearn_interfaces/share/qlearn_interfaces/cmake/qlearn_interfacesConfig-version.cmake
[9.159s] -- Up-to-date: /home/rstole01/Documents/CSE-596/msu_ws/install/qlearn_interfaces/share/qlearn_interfaces/package.xml
[13.241s] Invoked command in '/home/rstole01/Documents/CSE-596/msu_ws/build/qlearn_interfaces' returned '0': CMAKE_PREFIX_PATH=${CMAKE_PREFIX_PATH}:/home/rstole01/Documents/CSE-596/msu_ws/install/waypoint_writer:/home/rstole01/Documents/CSE-596/msu_ws/install/waypoint_follow:/home/rstole01/Documents/CSE-596/msu_ws/install/wall_follower_pid:/home/rstole01/Documents/CSE-596/msu_ws/install/qlearn:/home/rstole01/Documents/CSE-596/msu_ws/install/py_pubsub:/home/rstole01/Documents/CSE-596/msu_ws/install/plexer360:/home/rstole01/Documents/CSE-596/msu_ws/install/painter:/home/rstole01/Documents/CSE-596/msu_ws/install/f1tenth_gym_ros:/opt/ros/humble /usr/bin/cmake --install /home/rstole01/Documents/CSE-596/msu_ws/build/qlearn_interfaces
