[6.397s] Invoking command in '/home/rstole01/Documents/CSE-596/msu_ws/src/painter': PYTHONPATH=/home/rstole01/Documents/CSE-596/msu_ws/build/painter/prefix_override:/home/rstole01/Documents/CSE-596/msu_ws/install/painter/lib/python3.10/site-packages:${PYTHONPATH} /usr/bin/python3 setup.py egg_info --egg-base ../../build/painter build --build-base /home/rstole01/Documents/CSE-596/msu_ws/build/painter/build install --record /home/rstole01/Documents/CSE-596/msu_ws/build/painter/install.log --single-version-externally-managed
[7.529s] running egg_info
[7.530s] writing ../../build/painter/painter.egg-info/PKG-INFO
[7.530s] writing dependency_links to ../../build/painter/painter.egg-info/dependency_links.txt
[7.531s] writing entry points to ../../build/painter/painter.egg-info/entry_points.txt
[7.531s] writing requirements to ../../build/painter/painter.egg-info/requires.txt
[7.531s] writing top-level names to ../../build/painter/painter.egg-info/top_level.txt
[7.532s] reading manifest file '../../build/painter/painter.egg-info/SOURCES.txt'
[7.533s] writing manifest file '../../build/painter/painter.egg-info/SOURCES.txt'
[7.533s] running build
[7.534s] running build_py
[7.534s] running install
[7.535s] running install_lib
[7.536s] running install_data
[7.537s] running install_egg_info
[7.537s] removing '/home/rstole01/Documents/CSE-596/msu_ws/install/painter/lib/python3.10/site-packages/painter-0.0.0-py3.10.egg-info' (and everything under it)
[7.538s] Copying ../../build/painter/painter.egg-info to /home/rstole01/Documents/CSE-596/msu_ws/install/painter/lib/python3.10/site-packages/painter-0.0.0-py3.10.egg-info
[7.538s] running install_scripts
[7.539s] Installing painter script to /home/rstole01/Documents/CSE-596/msu_ws/install/painter/lib/painter
[7.539s] writing list of installed files to '/home/rstole01/Documents/CSE-596/msu_ws/build/painter/install.log'
[7.541s] /usr/lib/python3/dist-packages/setuptools/command/install.py:34: SetuptoolsDeprecationWarning: setup.py install is deprecated. Use build and pip and other standards-based tools.
[7.542s]   warnings.warn(
[8.729s] Invoked command in '/home/rstole01/Documents/CSE-596/msu_ws/src/painter' returned '0': PYTHONPATH=/home/rstole01/Documents/CSE-596/msu_ws/build/painter/prefix_override:/home/rstole01/Documents/CSE-596/msu_ws/install/painter/lib/python3.10/site-packages:${PYTHONPATH} /usr/bin/python3 setup.py egg_info --egg-base ../../build/painter build --build-base /home/rstole01/Documents/CSE-596/msu_ws/build/painter/build install --record /home/rstole01/Documents/CSE-596/msu_ws/build/painter/install.log --single-version-externally-managed
