[0.639s] Invoking command in '/home/rstole01/Documents/CapstoneGit/humble_ws/build/lab1_package': CMAKE_PREFIX_PATH=${CMAKE_PREFIX_PATH}:/home/rstole01/Documents/CapstoneGit/humble_ws/install/waypoint_logger:/home/rstole01/Documents/CapstoneGit/humble_ws/install/scan_pubsub:/home/rstole01/Documents/CapstoneGit/humble_ws/install/cpp_pubsub:/home/rstole01/Documents/CapstoneGit/humble_ws/install/tutorial_interfaces:/home/rstole01/Documents/CapstoneGit/humble_ws/install/pid_lab:/home/rstole01/Documents/CapstoneGit/humble_ws/install/lab1_package:/home/rstole01/Documents/CapstoneGit/humble_ws/install/f1tenth_gym_ros:/home/rstole01/Documents/CapstoneGit/humble_ws/install/aeb_lab:/opt/ros/humble /usr/bin/cmake /home/rstole01/Documents/CapstoneGit/humble_ws/src/lab1_package -DCMAKE_INSTALL_PREFIX=/home/rstole01/Documents/CapstoneGit/humble_ws/install/lab1_package
[0.761s] -- The C compiler identification is GNU 11.4.0
[0.908s] -- The CXX compiler identification is GNU 11.4.0
[0.926s] -- Detecting C compiler ABI info
[1.105s] -- Detecting C compiler ABI info - done
[1.136s] -- Check for working C compiler: /usr/bin/cc - skipped
[1.137s] -- Detecting C compile features
[1.138s] -- Detecting C compile features - done
[1.148s] -- Detecting CXX compiler ABI info
[1.385s] -- Detecting CXX compiler ABI info - done
[1.413s] -- Check for working CXX compiler: /usr/bin/c++ - skipped
[1.414s] -- Detecting CXX compile features
[1.416s] -- Detecting CXX compile features - done
[1.426s] -- Found ament_cmake: 1.3.8 (/opt/ros/humble/share/ament_cmake/cmake)
[1.846s] -- Found Python3: /usr/bin/python3 (found version "3.10.12") found components: Interpreter 
[2.182s] -- Found ament_lint_auto: 0.12.10 (/opt/ros/humble/share/ament_lint_auto/cmake)
[2.500s] -- Added test 'cppcheck' to perform static code analysis on C / C++ code
[2.500s] -- Configured cppcheck include dirs: $<BUILD_INTERFACE:/home/rstole01/Documents/CapstoneGit/humble_ws/src/lab1_package/include>
[2.500s] -- Configured cppcheck exclude dirs and/or files: 
[2.502s] -- Added test 'lint_cmake' to check CMake code style
[2.505s] -- Added test 'uncrustify' to check C / C++ code style
[2.506s] -- Configured uncrustify additional arguments: 
[2.508s] -- Added test 'xmllint' to check XML markup files
[2.512s] -- Configuring done
[2.524s] -- Generating done
[2.527s] -- Build files have been written to: /home/rstole01/Documents/CapstoneGit/humble_ws/build/lab1_package
[2.542s] Invoked command in '/home/rstole01/Documents/CapstoneGit/humble_ws/build/lab1_package' returned '0': CMAKE_PREFIX_PATH=${CMAKE_PREFIX_PATH}:/home/rstole01/Documents/CapstoneGit/humble_ws/install/waypoint_logger:/home/rstole01/Documents/CapstoneGit/humble_ws/install/scan_pubsub:/home/rstole01/Documents/CapstoneGit/humble_ws/install/cpp_pubsub:/home/rstole01/Documents/CapstoneGit/humble_ws/install/tutorial_interfaces:/home/rstole01/Documents/CapstoneGit/humble_ws/install/pid_lab:/home/rstole01/Documents/CapstoneGit/humble_ws/install/lab1_package:/home/rstole01/Documents/CapstoneGit/humble_ws/install/f1tenth_gym_ros:/home/rstole01/Documents/CapstoneGit/humble_ws/install/aeb_lab:/opt/ros/humble /usr/bin/cmake /home/rstole01/Documents/CapstoneGit/humble_ws/src/lab1_package -DCMAKE_INSTALL_PREFIX=/home/rstole01/Documents/CapstoneGit/humble_ws/install/lab1_package
[2.543s] Invoking command in '/home/rstole01/Documents/CapstoneGit/humble_ws/build/lab1_package': CMAKE_PREFIX_PATH=${CMAKE_PREFIX_PATH}:/home/rstole01/Documents/CapstoneGit/humble_ws/install/waypoint_logger:/home/rstole01/Documents/CapstoneGit/humble_ws/install/scan_pubsub:/home/rstole01/Documents/CapstoneGit/humble_ws/install/cpp_pubsub:/home/rstole01/Documents/CapstoneGit/humble_ws/install/tutorial_interfaces:/home/rstole01/Documents/CapstoneGit/humble_ws/install/pid_lab:/home/rstole01/Documents/CapstoneGit/humble_ws/install/lab1_package:/home/rstole01/Documents/CapstoneGit/humble_ws/install/f1tenth_gym_ros:/home/rstole01/Documents/CapstoneGit/humble_ws/install/aeb_lab:/opt/ros/humble /usr/bin/cmake --build /home/rstole01/Documents/CapstoneGit/humble_ws/build/lab1_package -- -j8 -l8
[2.675s] [ 50%] [32mBuilding CXX object CMakeFiles/my_node.dir/src/my_node.cpp.o[0m
[2.764s] [100%] [32m[1mLinking CXX executable my_node[0m
[2.876s] [100%] Built target my_node
[2.901s] Invoked command in '/home/rstole01/Documents/CapstoneGit/humble_ws/build/lab1_package' returned '0': CMAKE_PREFIX_PATH=${CMAKE_PREFIX_PATH}:/home/rstole01/Documents/CapstoneGit/humble_ws/install/waypoint_logger:/home/rstole01/Documents/CapstoneGit/humble_ws/install/scan_pubsub:/home/rstole01/Documents/CapstoneGit/humble_ws/install/cpp_pubsub:/home/rstole01/Documents/CapstoneGit/humble_ws/install/tutorial_interfaces:/home/rstole01/Documents/CapstoneGit/humble_ws/install/pid_lab:/home/rstole01/Documents/CapstoneGit/humble_ws/install/lab1_package:/home/rstole01/Documents/CapstoneGit/humble_ws/install/f1tenth_gym_ros:/home/rstole01/Documents/CapstoneGit/humble_ws/install/aeb_lab:/opt/ros/humble /usr/bin/cmake --build /home/rstole01/Documents/CapstoneGit/humble_ws/build/lab1_package -- -j8 -l8
[2.970s] Invoking command in '/home/rstole01/Documents/CapstoneGit/humble_ws/build/lab1_package': CMAKE_PREFIX_PATH=${CMAKE_PREFIX_PATH}:/home/rstole01/Documents/CapstoneGit/humble_ws/install/waypoint_logger:/home/rstole01/Documents/CapstoneGit/humble_ws/install/scan_pubsub:/home/rstole01/Documents/CapstoneGit/humble_ws/install/cpp_pubsub:/home/rstole01/Documents/CapstoneGit/humble_ws/install/tutorial_interfaces:/home/rstole01/Documents/CapstoneGit/humble_ws/install/pid_lab:/home/rstole01/Documents/CapstoneGit/humble_ws/install/lab1_package:/home/rstole01/Documents/CapstoneGit/humble_ws/install/f1tenth_gym_ros:/home/rstole01/Documents/CapstoneGit/humble_ws/install/aeb_lab:/opt/ros/humble /usr/bin/cmake --install /home/rstole01/Documents/CapstoneGit/humble_ws/build/lab1_package
[2.986s] -- Install configuration: ""
[2.987s] -- Installing: /home/rstole01/Documents/CapstoneGit/humble_ws/install/lab1_package/lib/lab1_package/my_node
[2.987s] -- Installing: /home/rstole01/Documents/CapstoneGit/humble_ws/install/lab1_package/share/ament_index/resource_index/package_run_dependencies/lab1_package
[2.988s] -- Installing: /home/rstole01/Documents/CapstoneGit/humble_ws/install/lab1_package/share/ament_index/resource_index/parent_prefix_path/lab1_package
[2.989s] -- Up-to-date: /home/rstole01/Documents/CapstoneGit/humble_ws/install/lab1_package/share/lab1_package/environment/ament_prefix_path.sh
[2.989s] -- Installing: /home/rstole01/Documents/CapstoneGit/humble_ws/install/lab1_package/share/lab1_package/environment/ament_prefix_path.dsv
[2.989s] -- Up-to-date: /home/rstole01/Documents/CapstoneGit/humble_ws/install/lab1_package/share/lab1_package/environment/path.sh
[2.990s] -- Installing: /home/rstole01/Documents/CapstoneGit/humble_ws/install/lab1_package/share/lab1_package/environment/path.dsv
[2.990s] -- Installing: /home/rstole01/Documents/CapstoneGit/humble_ws/install/lab1_package/share/lab1_package/local_setup.bash
[2.990s] -- Installing: /home/rstole01/Documents/CapstoneGit/humble_ws/install/lab1_package/share/lab1_package/local_setup.sh
[2.991s] -- Installing: /home/rstole01/Documents/CapstoneGit/humble_ws/install/lab1_package/share/lab1_package/local_setup.zsh
[2.991s] -- Installing: /home/rstole01/Documents/CapstoneGit/humble_ws/install/lab1_package/share/lab1_package/local_setup.dsv
[2.992s] -- Installing: /home/rstole01/Documents/CapstoneGit/humble_ws/install/lab1_package/share/lab1_package/package.dsv
[2.992s] -- Installing: /home/rstole01/Documents/CapstoneGit/humble_ws/install/lab1_package/share/ament_index/resource_index/packages/lab1_package
[2.993s] -- Installing: /home/rstole01/Documents/CapstoneGit/humble_ws/install/lab1_package/share/lab1_package/cmake/lab1_packageConfig.cmake
[2.994s] -- Installing: /home/rstole01/Documents/CapstoneGit/humble_ws/install/lab1_package/share/lab1_package/cmake/lab1_packageConfig-version.cmake
[2.994s] -- Up-to-date: /home/rstole01/Documents/CapstoneGit/humble_ws/install/lab1_package/share/lab1_package/package.xml
[2.997s] Invoked command in '/home/rstole01/Documents/CapstoneGit/humble_ws/build/lab1_package' returned '0': CMAKE_PREFIX_PATH=${CMAKE_PREFIX_PATH}:/home/rstole01/Documents/CapstoneGit/humble_ws/install/waypoint_logger:/home/rstole01/Documents/CapstoneGit/humble_ws/install/scan_pubsub:/home/rstole01/Documents/CapstoneGit/humble_ws/install/cpp_pubsub:/home/rstole01/Documents/CapstoneGit/humble_ws/install/tutorial_interfaces:/home/rstole01/Documents/CapstoneGit/humble_ws/install/pid_lab:/home/rstole01/Documents/CapstoneGit/humble_ws/install/lab1_package:/home/rstole01/Documents/CapstoneGit/humble_ws/install/f1tenth_gym_ros:/home/rstole01/Documents/CapstoneGit/humble_ws/install/aeb_lab:/opt/ros/humble /usr/bin/cmake --install /home/rstole01/Documents/CapstoneGit/humble_ws/build/lab1_package
