[0.992s] Invoking command in '/home/rstole01/Documents/CSE-596/msu_ws/build/pid_msgs': CMAKE_PREFIX_PATH=/opt/ros/humble /usr/bin/cmake /home/rstole01/Documents/CSE-596/msu_ws/src/pid_msgs -DCMAKE_INSTALL_PREFIX=/home/rstole01/Documents/CSE-596/msu_ws/install/pid_msgs
[2.760s] -- The C compiler identification is GNU 11.4.0
[2.760s] -- The CXX compiler identification is GNU 11.4.0
[2.760s] -- Detecting C compiler ABI info
[2.760s] -- Detecting C compiler ABI info - done
[2.761s] -- Check for working C compiler: /usr/bin/cc - skipped
[2.761s] -- Detecting C compile features
[2.761s] -- Detecting C compile features - done
[2.761s] -- Detecting CXX compiler ABI info
[2.762s] -- Detecting CXX compiler ABI info - done
[2.762s] -- Check for working CXX compiler: /usr/bin/c++ - skipped
[2.762s] -- Detecting CXX compile features
[2.762s] -- Detecting CXX compile features - done
[2.763s] -- Found ament_cmake: 1.3.7 (/opt/ros/humble/share/ament_cmake/cmake)
[2.764s] -- Found Python3: /usr/bin/python3.10 (found version "3.10.12") found components: Interpreter 
[2.764s] -- Found rosidl_default_generators: 1.2.0 (/opt/ros/humble/share/rosidl_default_generators/cmake)
[2.765s] -- Using all available rosidl_typesupport_c: rosidl_typesupport_fastrtps_c;rosidl_typesupport_introspection_c
[2.766s] -- Found rosidl_adapter: 3.1.5 (/opt/ros/humble/share/rosidl_adapter/cmake)
[2.772s] -- Using all available rosidl_typesupport_cpp: rosidl_typesupport_fastrtps_cpp;rosidl_typesupport_introspection_cpp
[2.773s] -- Found std_msgs: 4.2.3 (/opt/ros/humble/share/std_msgs/cmake)
[4.022s] -- Found ament_cmake_cppcheck: 0.12.10 (/opt/ros/humble/share/ament_cmake_cppcheck/cmake)
[4.032s] -- Found ament_cmake_cpplint: 0.12.10 (/opt/ros/humble/share/ament_cmake_cpplint/cmake)
[4.039s] -- Found ament_cmake_uncrustify: 0.12.10 (/opt/ros/humble/share/ament_cmake_uncrustify/cmake)
[4.047s] -- Found ament_cmake_ros: 0.10.0 (/opt/ros/humble/share/ament_cmake_ros/cmake)
[4.907s] -- Using all available rosidl_typesupport_c: rosidl_typesupport_fastrtps_c;rosidl_typesupport_introspection_c
[6.175s] -- Using all available rosidl_typesupport_cpp: rosidl_typesupport_fastrtps_cpp;rosidl_typesupport_introspection_cpp
[6.264s] -- Found PythonInterp: /usr/bin/python3 (found suitable version "3.10.12", minimum required is "3.6") 
[6.270s] -- Found python_cmake_module: 0.10.0 (/opt/ros/humble/share/python_cmake_module/cmake)
[6.371s] -- Found PythonLibs: /usr/lib/x86_64-linux-gnu/libpython3.10.so (found suitable version "3.10.12", minimum required is "3.5") 
[6.372s] -- Using PYTHON_EXECUTABLE: /usr/bin/python3
[6.373s] -- Using PYTHON_INCLUDE_DIRS: /usr/include/python3.10
[6.374s] -- Using PYTHON_LIBRARIES: /usr/lib/x86_64-linux-gnu/libpython3.10.so
[6.450s] -- Found PythonExtra: .so  
[6.635s] -- Found ament_cmake_flake8: 0.12.10 (/opt/ros/humble/share/ament_cmake_flake8/cmake)
[6.642s] -- Found ament_cmake_pep257: 0.12.10 (/opt/ros/humble/share/ament_cmake_pep257/cmake)
[6.676s] -- Configuring done
[6.823s] -- Generating done
[6.833s] -- Build files have been written to: /home/rstole01/Documents/CSE-596/msu_ws/build/pid_msgs
[8.330s] Invoked command in '/home/rstole01/Documents/CSE-596/msu_ws/build/pid_msgs' returned '0': CMAKE_PREFIX_PATH=/opt/ros/humble /usr/bin/cmake /home/rstole01/Documents/CSE-596/msu_ws/src/pid_msgs -DCMAKE_INSTALL_PREFIX=/home/rstole01/Documents/CSE-596/msu_ws/install/pid_msgs
[8.333s] Invoking command in '/home/rstole01/Documents/CSE-596/msu_ws/build/pid_msgs': CMAKE_PREFIX_PATH=/opt/ros/humble /usr/bin/cmake --build /home/rstole01/Documents/CSE-596/msu_ws/build/pid_msgs -- -j8 -l8
[8.572s] [  3%] [34m[1mGenerating C code for ROS interfaces[0m
[8.637s] [  3%] Built target ament_cmake_python_copy_pid_msgs
[8.700s] [  6%] [34m[1mGenerating C++ code for ROS interfaces[0m
[10.924s] [  6%] Built target pid_msgs__cpp
[11.047s] [  9%] [34m[1mGenerating C++ type support dispatch for ROS interfaces[0m
[11.085s] [ 12%] [34m[1mGenerating C++ type support for eProsima Fast-RTPS[0m
[11.089s] [ 16%] [32mBuilding C object CMakeFiles/pid_msgs__rosidl_generator_c.dir/rosidl_generator_c/pid_msgs/msg/detail/pid_input__functions.c.o[0m
[11.133s] running egg_info
[11.133s] [ 19%] [34m[1mGenerating C++ introspection for ROS interfaces[0m
[11.134s] creating pid_msgs.egg-info
[11.134s] writing pid_msgs.egg-info/PKG-INFO
[11.134s] writing dependency_links to pid_msgs.egg-info/dependency_links.txt
[11.135s] writing top-level names to pid_msgs.egg-info/top_level.txt
[11.135s] writing manifest file 'pid_msgs.egg-info/SOURCES.txt'
[11.139s] reading manifest file 'pid_msgs.egg-info/SOURCES.txt'
[11.182s] writing manifest file 'pid_msgs.egg-info/SOURCES.txt'
[11.598s] [ 19%] Built target ament_cmake_python_build_pid_msgs_egg
[11.816s] [ 22%] [32m[1mLinking C shared library libpid_msgs__rosidl_generator_c.so[0m
[12.057s] [ 22%] Built target pid_msgs__rosidl_generator_c
[12.108s] [ 25%] [34m[1mGenerating C type support for eProsima Fast-RTPS[0m
[12.233s] [ 29%] [34m[1mGenerating C introspection for ROS interfaces[0m
[12.280s] [ 32%] [32mBuilding CXX object CMakeFiles/pid_msgs__rosidl_typesupport_introspection_cpp.dir/rosidl_typesupport_introspection_cpp/pid_msgs/msg/detail/pid_input__type_support.cpp.o[0m
[12.295s] [ 35%] [34m[1mGenerating C type support dispatch for ROS interfaces[0m
[13.485s] [ 38%] [32mBuilding CXX object CMakeFiles/pid_msgs__rosidl_typesupport_cpp.dir/rosidl_typesupport_cpp/pid_msgs/msg/pid_input__type_support.cpp.o[0m
[13.926s] [ 41%] [32mBuilding CXX object CMakeFiles/pid_msgs__rosidl_typesupport_fastrtps_cpp.dir/rosidl_typesupport_fastrtps_cpp/pid_msgs/msg/detail/dds_fastrtps/pid_input__type_support.cpp.o[0m
[15.043s] [ 45%] [32mBuilding CXX object CMakeFiles/pid_msgs__rosidl_typesupport_fastrtps_c.dir/rosidl_typesupport_fastrtps_c/pid_msgs/msg/detail/pid_input__type_support_c.cpp.o[0m
[15.740s] [ 48%] [32mBuilding C object CMakeFiles/pid_msgs__rosidl_typesupport_introspection_c.dir/rosidl_typesupport_introspection_c/pid_msgs/msg/detail/pid_input__type_support.c.o[0m
[15.796s] [ 51%] [32mBuilding CXX object CMakeFiles/pid_msgs__rosidl_typesupport_c.dir/rosidl_typesupport_c/pid_msgs/msg/pid_input__type_support.cpp.o[0m
[15.811s] [ 54%] [32m[1mLinking CXX shared library libpid_msgs__rosidl_typesupport_cpp.so[0m
[16.096s] [ 58%] [32m[1mLinking CXX shared library libpid_msgs__rosidl_typesupport_c.so[0m
[16.336s] [ 61%] [32m[1mLinking C shared library libpid_msgs__rosidl_typesupport_introspection_c.so[0m
[16.429s] [ 61%] Built target pid_msgs__rosidl_typesupport_cpp
[16.638s] [ 61%] Built target pid_msgs__rosidl_typesupport_c
[16.722s] [ 61%] Built target pid_msgs__rosidl_typesupport_introspection_c
[17.104s] [ 64%] [32m[1mLinking CXX shared library libpid_msgs__rosidl_typesupport_introspection_cpp.so[0m
[17.612s] [ 64%] Built target pid_msgs__rosidl_typesupport_introspection_cpp
[18.917s] [ 67%] [32m[1mLinking CXX shared library libpid_msgs__rosidl_typesupport_fastrtps_c.so[0m
[19.144s] [ 70%] [32m[1mLinking CXX shared library libpid_msgs__rosidl_typesupport_fastrtps_cpp.so[0m
[19.831s] [ 70%] Built target pid_msgs__rosidl_typesupport_fastrtps_c
[19.965s] [ 70%] Built target pid_msgs__rosidl_typesupport_fastrtps_cpp
[20.125s] [ 70%] Built target pid_msgs
[20.285s] [ 74%] [34m[1mGenerating Python code for ROS interfaces[0m
[21.670s] [ 74%] Built target pid_msgs__py
[21.744s] [ 77%] [32mBuilding C object CMakeFiles/pid_msgs__rosidl_generator_py.dir/rosidl_generator_py/pid_msgs/msg/_pid_input_s.c.o[0m
[22.378s] [ 80%] [32m[1mLinking C shared library rosidl_generator_py/pid_msgs/libpid_msgs__rosidl_generator_py.so[0m
[22.601s] [ 80%] Built target pid_msgs__rosidl_generator_py
[22.709s] [ 83%] [32mBuilding C object CMakeFiles/pid_msgs__rosidl_typesupport_fastrtps_c__pyext.dir/rosidl_generator_py/pid_msgs/_pid_msgs_s.ep.rosidl_typesupport_fastrtps_c.c.o[0m
[22.734s] [ 87%] [32mBuilding C object CMakeFiles/pid_msgs__rosidl_typesupport_introspection_c__pyext.dir/rosidl_generator_py/pid_msgs/_pid_msgs_s.ep.rosidl_typesupport_introspection_c.c.o[0m
[23.163s] [ 90%] [32m[1mLinking C shared library rosidl_generator_py/pid_msgs/pid_msgs_s__rosidl_typesupport_introspection_c.cpython-310-x86_64-linux-gnu.so[0m
[23.278s] [ 93%] [32m[1mLinking C shared library rosidl_generator_py/pid_msgs/pid_msgs_s__rosidl_typesupport_fastrtps_c.cpython-310-x86_64-linux-gnu.so[0m
[23.378s] [ 93%] Built target pid_msgs__rosidl_typesupport_introspection_c__pyext
[23.492s] [ 96%] [32mBuilding C object CMakeFiles/pid_msgs__rosidl_typesupport_c__pyext.dir/rosidl_generator_py/pid_msgs/_pid_msgs_s.ep.rosidl_typesupport_c.c.o[0m
[23.509s] [ 96%] Built target pid_msgs__rosidl_typesupport_fastrtps_c__pyext
[23.896s] [100%] [32m[1mLinking C shared library rosidl_generator_py/pid_msgs/pid_msgs_s__rosidl_typesupport_c.cpython-310-x86_64-linux-gnu.so[0m
[24.195s] [100%] Built target pid_msgs__rosidl_typesupport_c__pyext
[24.255s] Invoked command in '/home/rstole01/Documents/CSE-596/msu_ws/build/pid_msgs' returned '0': CMAKE_PREFIX_PATH=/opt/ros/humble /usr/bin/cmake --build /home/rstole01/Documents/CSE-596/msu_ws/build/pid_msgs -- -j8 -l8
[25.250s] Invoking command in '/home/rstole01/Documents/CSE-596/msu_ws/build/pid_msgs': CMAKE_PREFIX_PATH=/opt/ros/humble /usr/bin/cmake --install /home/rstole01/Documents/CSE-596/msu_ws/build/pid_msgs
[25.275s] -- Install configuration: ""
[25.276s] -- Installing: /home/rstole01/Documents/CSE-596/msu_ws/install/pid_msgs/share/ament_index/resource_index/rosidl_interfaces/pid_msgs
[25.277s] -- Installing: /home/rstole01/Documents/CSE-596/msu_ws/install/pid_msgs/include/pid_msgs/pid_msgs
[25.278s] -- Installing: /home/rstole01/Documents/CSE-596/msu_ws/install/pid_msgs/include/pid_msgs/pid_msgs/msg
[25.279s] -- Installing: /home/rstole01/Documents/CSE-596/msu_ws/install/pid_msgs/include/pid_msgs/pid_msgs/msg/rosidl_generator_c__visibility_control.h
[25.280s] -- Installing: /home/rstole01/Documents/CSE-596/msu_ws/install/pid_msgs/include/pid_msgs/pid_msgs/msg/detail
[25.281s] -- Installing: /home/rstole01/Documents/CSE-596/msu_ws/install/pid_msgs/include/pid_msgs/pid_msgs/msg/detail/pid_input__type_support.h
[25.282s] -- Installing: /home/rstole01/Documents/CSE-596/msu_ws/install/pid_msgs/include/pid_msgs/pid_msgs/msg/detail/pid_input__functions.h
[25.283s] -- Installing: /home/rstole01/Documents/CSE-596/msu_ws/install/pid_msgs/include/pid_msgs/pid_msgs/msg/detail/pid_input__functions.c
[25.284s] -- Installing: /home/rstole01/Documents/CSE-596/msu_ws/install/pid_msgs/include/pid_msgs/pid_msgs/msg/detail/pid_input__struct.h
[25.285s] -- Installing: /home/rstole01/Documents/CSE-596/msu_ws/install/pid_msgs/include/pid_msgs/pid_msgs/msg/pid_input.h
[25.286s] -- Installing: /home/rstole01/Documents/CSE-596/msu_ws/install/pid_msgs/share/pid_msgs/environment/library_path.sh
[25.287s] -- Installing: /home/rstole01/Documents/CSE-596/msu_ws/install/pid_msgs/share/pid_msgs/environment/library_path.dsv
[25.291s] -- Installing: /home/rstole01/Documents/CSE-596/msu_ws/install/pid_msgs/lib/libpid_msgs__rosidl_generator_c.so
[25.293s] -- Set runtime path of "/home/rstole01/Documents/CSE-596/msu_ws/install/pid_msgs/lib/libpid_msgs__rosidl_generator_c.so" to ""
[25.294s] -- Up-to-date: /home/rstole01/Documents/CSE-596/msu_ws/install/pid_msgs/include/pid_msgs/pid_msgs
[25.294s] -- Up-to-date: /home/rstole01/Documents/CSE-596/msu_ws/install/pid_msgs/include/pid_msgs/pid_msgs/msg
[25.294s] -- Installing: /home/rstole01/Documents/CSE-596/msu_ws/install/pid_msgs/include/pid_msgs/pid_msgs/msg/rosidl_typesupport_fastrtps_c__visibility_control.h
[25.297s] -- Up-to-date: /home/rstole01/Documents/CSE-596/msu_ws/install/pid_msgs/include/pid_msgs/pid_msgs/msg/detail
[25.297s] -- Installing: /home/rstole01/Documents/CSE-596/msu_ws/install/pid_msgs/include/pid_msgs/pid_msgs/msg/detail/pid_input__rosidl_typesupport_fastrtps_c.h
[25.297s] -- Installing: /home/rstole01/Documents/CSE-596/msu_ws/install/pid_msgs/lib/libpid_msgs__rosidl_typesupport_fastrtps_c.so
[25.299s] -- Set runtime path of "/home/rstole01/Documents/CSE-596/msu_ws/install/pid_msgs/lib/libpid_msgs__rosidl_typesupport_fastrtps_c.so" to ""
[25.299s] -- Up-to-date: /home/rstole01/Documents/CSE-596/msu_ws/install/pid_msgs/include/pid_msgs/pid_msgs
[25.299s] -- Up-to-date: /home/rstole01/Documents/CSE-596/msu_ws/install/pid_msgs/include/pid_msgs/pid_msgs/msg
[25.300s] -- Installing: /home/rstole01/Documents/CSE-596/msu_ws/install/pid_msgs/include/pid_msgs/pid_msgs/msg/rosidl_typesupport_introspection_c__visibility_control.h
[25.301s] -- Up-to-date: /home/rstole01/Documents/CSE-596/msu_ws/install/pid_msgs/include/pid_msgs/pid_msgs/msg/detail
[25.301s] -- Installing: /home/rstole01/Documents/CSE-596/msu_ws/install/pid_msgs/include/pid_msgs/pid_msgs/msg/detail/pid_input__rosidl_typesupport_introspection_c.h
[25.301s] -- Installing: /home/rstole01/Documents/CSE-596/msu_ws/install/pid_msgs/include/pid_msgs/pid_msgs/msg/detail/pid_input__type_support.c
[25.302s] -- Installing: /home/rstole01/Documents/CSE-596/msu_ws/install/pid_msgs/lib/libpid_msgs__rosidl_typesupport_introspection_c.so
[25.303s] -- Set runtime path of "/home/rstole01/Documents/CSE-596/msu_ws/install/pid_msgs/lib/libpid_msgs__rosidl_typesupport_introspection_c.so" to ""
[25.304s] -- Installing: /home/rstole01/Documents/CSE-596/msu_ws/install/pid_msgs/lib/libpid_msgs__rosidl_typesupport_c.so
[25.305s] -- Set runtime path of "/home/rstole01/Documents/CSE-596/msu_ws/install/pid_msgs/lib/libpid_msgs__rosidl_typesupport_c.so" to ""
[25.305s] -- Up-to-date: /home/rstole01/Documents/CSE-596/msu_ws/install/pid_msgs/include/pid_msgs/pid_msgs
[25.306s] -- Up-to-date: /home/rstole01/Documents/CSE-596/msu_ws/install/pid_msgs/include/pid_msgs/pid_msgs/msg
[25.306s] -- Installing: /home/rstole01/Documents/CSE-596/msu_ws/install/pid_msgs/include/pid_msgs/pid_msgs/msg/pid_input.hpp
[25.306s] -- Up-to-date: /home/rstole01/Documents/CSE-596/msu_ws/install/pid_msgs/include/pid_msgs/pid_msgs/msg/detail
[25.306s] -- Installing: /home/rstole01/Documents/CSE-596/msu_ws/install/pid_msgs/include/pid_msgs/pid_msgs/msg/detail/pid_input__builder.hpp
[25.307s] -- Installing: /home/rstole01/Documents/CSE-596/msu_ws/install/pid_msgs/include/pid_msgs/pid_msgs/msg/detail/pid_input__struct.hpp
[25.307s] -- Installing: /home/rstole01/Documents/CSE-596/msu_ws/install/pid_msgs/include/pid_msgs/pid_msgs/msg/detail/pid_input__traits.hpp
[25.308s] -- Up-to-date: /home/rstole01/Documents/CSE-596/msu_ws/install/pid_msgs/include/pid_msgs/pid_msgs
[25.308s] -- Up-to-date: /home/rstole01/Documents/CSE-596/msu_ws/install/pid_msgs/include/pid_msgs/pid_msgs/msg
[25.309s] -- Up-to-date: /home/rstole01/Documents/CSE-596/msu_ws/install/pid_msgs/include/pid_msgs/pid_msgs/msg/detail
[25.309s] -- Installing: /home/rstole01/Documents/CSE-596/msu_ws/install/pid_msgs/include/pid_msgs/pid_msgs/msg/detail/pid_input__rosidl_typesupport_fastrtps_cpp.hpp
[25.309s] -- Installing: /home/rstole01/Documents/CSE-596/msu_ws/install/pid_msgs/include/pid_msgs/pid_msgs/msg/detail/dds_fastrtps
[25.310s] -- Installing: /home/rstole01/Documents/CSE-596/msu_ws/install/pid_msgs/include/pid_msgs/pid_msgs/msg/rosidl_typesupport_fastrtps_cpp__visibility_control.h
[25.310s] -- Installing: /home/rstole01/Documents/CSE-596/msu_ws/install/pid_msgs/lib/libpid_msgs__rosidl_typesupport_fastrtps_cpp.so
[25.311s] -- Set runtime path of "/home/rstole01/Documents/CSE-596/msu_ws/install/pid_msgs/lib/libpid_msgs__rosidl_typesupport_fastrtps_cpp.so" to ""
[25.312s] -- Up-to-date: /home/rstole01/Documents/CSE-596/msu_ws/install/pid_msgs/include/pid_msgs/pid_msgs
[25.312s] -- Up-to-date: /home/rstole01/Documents/CSE-596/msu_ws/install/pid_msgs/include/pid_msgs/pid_msgs/msg
[25.312s] -- Up-to-date: /home/rstole01/Documents/CSE-596/msu_ws/install/pid_msgs/include/pid_msgs/pid_msgs/msg/detail
[25.312s] -- Installing: /home/rstole01/Documents/CSE-596/msu_ws/install/pid_msgs/include/pid_msgs/pid_msgs/msg/detail/pid_input__rosidl_typesupport_introspection_cpp.hpp
[25.313s] -- Installing: /home/rstole01/Documents/CSE-596/msu_ws/install/pid_msgs/include/pid_msgs/pid_msgs/msg/detail/pid_input__type_support.cpp
[25.313s] -- Installing: /home/rstole01/Documents/CSE-596/msu_ws/install/pid_msgs/lib/libpid_msgs__rosidl_typesupport_introspection_cpp.so
[25.314s] -- Set runtime path of "/home/rstole01/Documents/CSE-596/msu_ws/install/pid_msgs/lib/libpid_msgs__rosidl_typesupport_introspection_cpp.so" to ""
[25.314s] -- Installing: /home/rstole01/Documents/CSE-596/msu_ws/install/pid_msgs/lib/libpid_msgs__rosidl_typesupport_cpp.so
[25.315s] -- Set runtime path of "/home/rstole01/Documents/CSE-596/msu_ws/install/pid_msgs/lib/libpid_msgs__rosidl_typesupport_cpp.so" to ""
[25.316s] -- Installing: /home/rstole01/Documents/CSE-596/msu_ws/install/pid_msgs/share/pid_msgs/environment/pythonpath.sh
[25.316s] -- Installing: /home/rstole01/Documents/CSE-596/msu_ws/install/pid_msgs/share/pid_msgs/environment/pythonpath.dsv
[25.320s] -- Installing: /home/rstole01/Documents/CSE-596/msu_ws/install/pid_msgs/local/lib/python3.10/dist-packages/pid_msgs-0.0.0-py3.10.egg-info
[25.321s] -- Installing: /home/rstole01/Documents/CSE-596/msu_ws/install/pid_msgs/local/lib/python3.10/dist-packages/pid_msgs-0.0.0-py3.10.egg-info/top_level.txt
[25.322s] -- Installing: /home/rstole01/Documents/CSE-596/msu_ws/install/pid_msgs/local/lib/python3.10/dist-packages/pid_msgs-0.0.0-py3.10.egg-info/SOURCES.txt
[25.323s] -- Installing: /home/rstole01/Documents/CSE-596/msu_ws/install/pid_msgs/local/lib/python3.10/dist-packages/pid_msgs-0.0.0-py3.10.egg-info/PKG-INFO
[25.324s] -- Installing: /home/rstole01/Documents/CSE-596/msu_ws/install/pid_msgs/local/lib/python3.10/dist-packages/pid_msgs-0.0.0-py3.10.egg-info/dependency_links.txt
[25.325s] -- Installing: /home/rstole01/Documents/CSE-596/msu_ws/install/pid_msgs/local/lib/python3.10/dist-packages/pid_msgs
[25.326s] -- Installing: /home/rstole01/Documents/CSE-596/msu_ws/install/pid_msgs/local/lib/python3.10/dist-packages/pid_msgs/pid_msgs_s__rosidl_typesupport_fastrtps_c.cpython-310-x86_64-linux-gnu.so
[25.326s] -- Installing: /home/rstole01/Documents/CSE-596/msu_ws/install/pid_msgs/local/lib/python3.10/dist-packages/pid_msgs/pid_msgs_s__rosidl_typesupport_introspection_c.cpython-310-x86_64-linux-gnu.so
[25.327s] -- Installing: /home/rstole01/Documents/CSE-596/msu_ws/install/pid_msgs/local/lib/python3.10/dist-packages/pid_msgs/_pid_msgs_s.ep.rosidl_typesupport_c.c
[25.327s] -- Installing: /home/rstole01/Documents/CSE-596/msu_ws/install/pid_msgs/local/lib/python3.10/dist-packages/pid_msgs/__init__.py
[25.328s] -- Installing: /home/rstole01/Documents/CSE-596/msu_ws/install/pid_msgs/local/lib/python3.10/dist-packages/pid_msgs/msg
[25.328s] -- Installing: /home/rstole01/Documents/CSE-596/msu_ws/install/pid_msgs/local/lib/python3.10/dist-packages/pid_msgs/msg/_pid_input.py
[25.328s] -- Installing: /home/rstole01/Documents/CSE-596/msu_ws/install/pid_msgs/local/lib/python3.10/dist-packages/pid_msgs/msg/__init__.py
[25.329s] -- Installing: /home/rstole01/Documents/CSE-596/msu_ws/install/pid_msgs/local/lib/python3.10/dist-packages/pid_msgs/msg/_pid_input_s.c
[25.329s] -- Installing: /home/rstole01/Documents/CSE-596/msu_ws/install/pid_msgs/local/lib/python3.10/dist-packages/pid_msgs/pid_msgs_s__rosidl_typesupport_c.cpython-310-x86_64-linux-gnu.so
[25.329s] -- Installing: /home/rstole01/Documents/CSE-596/msu_ws/install/pid_msgs/local/lib/python3.10/dist-packages/pid_msgs/_pid_msgs_s.ep.rosidl_typesupport_introspection_c.c
[25.330s] -- Installing: /home/rstole01/Documents/CSE-596/msu_ws/install/pid_msgs/local/lib/python3.10/dist-packages/pid_msgs/libpid_msgs__rosidl_generator_py.so
[25.330s] -- Installing: /home/rstole01/Documents/CSE-596/msu_ws/install/pid_msgs/local/lib/python3.10/dist-packages/pid_msgs/_pid_msgs_s.ep.rosidl_typesupport_fastrtps_c.c
[25.458s] Listing '/home/rstole01/Documents/CSE-596/msu_ws/install/pid_msgs/local/lib/python3.10/dist-packages/pid_msgs'...
[25.458s] Compiling '/home/rstole01/Documents/CSE-596/msu_ws/install/pid_msgs/local/lib/python3.10/dist-packages/pid_msgs/__init__.py'...
[25.459s] Listing '/home/rstole01/Documents/CSE-596/msu_ws/install/pid_msgs/local/lib/python3.10/dist-packages/pid_msgs/msg'...
[25.459s] Compiling '/home/rstole01/Documents/CSE-596/msu_ws/install/pid_msgs/local/lib/python3.10/dist-packages/pid_msgs/msg/__init__.py'...
[25.459s] Compiling '/home/rstole01/Documents/CSE-596/msu_ws/install/pid_msgs/local/lib/python3.10/dist-packages/pid_msgs/msg/_pid_input.py'...
[25.471s] -- Installing: /home/rstole01/Documents/CSE-596/msu_ws/install/pid_msgs/local/lib/python3.10/dist-packages/pid_msgs/pid_msgs_s__rosidl_typesupport_fastrtps_c.cpython-310-x86_64-linux-gnu.so
[25.472s] -- Set runtime path of "/home/rstole01/Documents/CSE-596/msu_ws/install/pid_msgs/local/lib/python3.10/dist-packages/pid_msgs/pid_msgs_s__rosidl_typesupport_fastrtps_c.cpython-310-x86_64-linux-gnu.so" to ""
[25.474s] -- Installing: /home/rstole01/Documents/CSE-596/msu_ws/install/pid_msgs/local/lib/python3.10/dist-packages/pid_msgs/pid_msgs_s__rosidl_typesupport_introspection_c.cpython-310-x86_64-linux-gnu.so
[25.476s] -- Set runtime path of "/home/rstole01/Documents/CSE-596/msu_ws/install/pid_msgs/local/lib/python3.10/dist-packages/pid_msgs/pid_msgs_s__rosidl_typesupport_introspection_c.cpython-310-x86_64-linux-gnu.so" to ""
[25.477s] -- Installing: /home/rstole01/Documents/CSE-596/msu_ws/install/pid_msgs/local/lib/python3.10/dist-packages/pid_msgs/pid_msgs_s__rosidl_typesupport_c.cpython-310-x86_64-linux-gnu.so
[25.479s] -- Set runtime path of "/home/rstole01/Documents/CSE-596/msu_ws/install/pid_msgs/local/lib/python3.10/dist-packages/pid_msgs/pid_msgs_s__rosidl_typesupport_c.cpython-310-x86_64-linux-gnu.so" to ""
[25.479s] -- Installing: /home/rstole01/Documents/CSE-596/msu_ws/install/pid_msgs/lib/libpid_msgs__rosidl_generator_py.so
[25.481s] -- Set runtime path of "/home/rstole01/Documents/CSE-596/msu_ws/install/pid_msgs/lib/libpid_msgs__rosidl_generator_py.so" to ""
[25.482s] -- Installing: /home/rstole01/Documents/CSE-596/msu_ws/install/pid_msgs/share/pid_msgs/msg/PIDInput.idl
[25.483s] -- Installing: /home/rstole01/Documents/CSE-596/msu_ws/install/pid_msgs/share/pid_msgs/msg/PIDInput.msg
[25.484s] -- Installing: /home/rstole01/Documents/CSE-596/msu_ws/install/pid_msgs/share/ament_index/resource_index/package_run_dependencies/pid_msgs
[25.485s] -- Installing: /home/rstole01/Documents/CSE-596/msu_ws/install/pid_msgs/share/ament_index/resource_index/parent_prefix_path/pid_msgs
[25.486s] -- Installing: /home/rstole01/Documents/CSE-596/msu_ws/install/pid_msgs/share/pid_msgs/environment/ament_prefix_path.sh
[25.487s] -- Installing: /home/rstole01/Documents/CSE-596/msu_ws/install/pid_msgs/share/pid_msgs/environment/ament_prefix_path.dsv
[25.489s] -- Installing: /home/rstole01/Documents/CSE-596/msu_ws/install/pid_msgs/share/pid_msgs/environment/path.sh
[25.490s] -- Installing: /home/rstole01/Documents/CSE-596/msu_ws/install/pid_msgs/share/pid_msgs/environment/path.dsv
[25.491s] -- Installing: /home/rstole01/Documents/CSE-596/msu_ws/install/pid_msgs/share/pid_msgs/local_setup.bash
[25.496s] -- Installing: /home/rstole01/Documents/CSE-596/msu_ws/install/pid_msgs/share/pid_msgs/local_setup.sh
[25.497s] -- Installing: /home/rstole01/Documents/CSE-596/msu_ws/install/pid_msgs/share/pid_msgs/local_setup.zsh
[25.497s] -- Installing: /home/rstole01/Documents/CSE-596/msu_ws/install/pid_msgs/share/pid_msgs/local_setup.dsv
[25.498s] -- Installing: /home/rstole01/Documents/CSE-596/msu_ws/install/pid_msgs/share/pid_msgs/package.dsv
[25.498s] -- Installing: /home/rstole01/Documents/CSE-596/msu_ws/install/pid_msgs/share/ament_index/resource_index/packages/pid_msgs
[25.499s] -- Installing: /home/rstole01/Documents/CSE-596/msu_ws/install/pid_msgs/share/pid_msgs/cmake/export_pid_msgs__rosidl_generator_cExport.cmake
[25.500s] -- Installing: /home/rstole01/Documents/CSE-596/msu_ws/install/pid_msgs/share/pid_msgs/cmake/export_pid_msgs__rosidl_generator_cExport-noconfig.cmake
[25.500s] -- Installing: /home/rstole01/Documents/CSE-596/msu_ws/install/pid_msgs/share/pid_msgs/cmake/export_pid_msgs__rosidl_typesupport_fastrtps_cExport.cmake
[25.501s] -- Installing: /home/rstole01/Documents/CSE-596/msu_ws/install/pid_msgs/share/pid_msgs/cmake/export_pid_msgs__rosidl_typesupport_fastrtps_cExport-noconfig.cmake
[25.501s] -- Installing: /home/rstole01/Documents/CSE-596/msu_ws/install/pid_msgs/share/pid_msgs/cmake/pid_msgs__rosidl_typesupport_introspection_cExport.cmake
[25.502s] -- Installing: /home/rstole01/Documents/CSE-596/msu_ws/install/pid_msgs/share/pid_msgs/cmake/pid_msgs__rosidl_typesupport_introspection_cExport-noconfig.cmake
[25.502s] -- Installing: /home/rstole01/Documents/CSE-596/msu_ws/install/pid_msgs/share/pid_msgs/cmake/pid_msgs__rosidl_typesupport_cExport.cmake
[25.502s] -- Installing: /home/rstole01/Documents/CSE-596/msu_ws/install/pid_msgs/share/pid_msgs/cmake/pid_msgs__rosidl_typesupport_cExport-noconfig.cmake
[25.503s] -- Installing: /home/rstole01/Documents/CSE-596/msu_ws/install/pid_msgs/share/pid_msgs/cmake/export_pid_msgs__rosidl_generator_cppExport.cmake
[25.503s] -- Installing: /home/rstole01/Documents/CSE-596/msu_ws/install/pid_msgs/share/pid_msgs/cmake/export_pid_msgs__rosidl_typesupport_fastrtps_cppExport.cmake
[25.503s] -- Installing: /home/rstole01/Documents/CSE-596/msu_ws/install/pid_msgs/share/pid_msgs/cmake/export_pid_msgs__rosidl_typesupport_fastrtps_cppExport-noconfig.cmake
[25.504s] -- Installing: /home/rstole01/Documents/CSE-596/msu_ws/install/pid_msgs/share/pid_msgs/cmake/pid_msgs__rosidl_typesupport_introspection_cppExport.cmake
[25.504s] -- Installing: /home/rstole01/Documents/CSE-596/msu_ws/install/pid_msgs/share/pid_msgs/cmake/pid_msgs__rosidl_typesupport_introspection_cppExport-noconfig.cmake
[25.504s] -- Installing: /home/rstole01/Documents/CSE-596/msu_ws/install/pid_msgs/share/pid_msgs/cmake/pid_msgs__rosidl_typesupport_cppExport.cmake
[25.504s] -- Installing: /home/rstole01/Documents/CSE-596/msu_ws/install/pid_msgs/share/pid_msgs/cmake/pid_msgs__rosidl_typesupport_cppExport-noconfig.cmake
[25.505s] -- Installing: /home/rstole01/Documents/CSE-596/msu_ws/install/pid_msgs/share/pid_msgs/cmake/export_pid_msgs__rosidl_generator_pyExport.cmake
[25.506s] -- Installing: /home/rstole01/Documents/CSE-596/msu_ws/install/pid_msgs/share/pid_msgs/cmake/export_pid_msgs__rosidl_generator_pyExport-noconfig.cmake
[25.507s] -- Installing: /home/rstole01/Documents/CSE-596/msu_ws/install/pid_msgs/share/pid_msgs/cmake/rosidl_cmake-extras.cmake
[25.507s] -- Installing: /home/rstole01/Documents/CSE-596/msu_ws/install/pid_msgs/share/pid_msgs/cmake/ament_cmake_export_dependencies-extras.cmake
[25.512s] -- Installing: /home/rstole01/Documents/CSE-596/msu_ws/install/pid_msgs/share/pid_msgs/cmake/ament_cmake_export_include_directories-extras.cmake
[25.512s] -- Installing: /home/rstole01/Documents/CSE-596/msu_ws/install/pid_msgs/share/pid_msgs/cmake/ament_cmake_export_libraries-extras.cmake
[25.513s] -- Installing: /home/rstole01/Documents/CSE-596/msu_ws/install/pid_msgs/share/pid_msgs/cmake/ament_cmake_export_targets-extras.cmake
[25.513s] -- Installing: /home/rstole01/Documents/CSE-596/msu_ws/install/pid_msgs/share/pid_msgs/cmake/rosidl_cmake_export_typesupport_targets-extras.cmake
[25.514s] -- Installing: /home/rstole01/Documents/CSE-596/msu_ws/install/pid_msgs/share/pid_msgs/cmake/rosidl_cmake_export_typesupport_libraries-extras.cmake
[25.514s] -- Installing: /home/rstole01/Documents/CSE-596/msu_ws/install/pid_msgs/share/pid_msgs/cmake/pid_msgsConfig.cmake
[25.515s] -- Installing: /home/rstole01/Documents/CSE-596/msu_ws/install/pid_msgs/share/pid_msgs/cmake/pid_msgsConfig-version.cmake
[25.515s] -- Installing: /home/rstole01/Documents/CSE-596/msu_ws/install/pid_msgs/share/pid_msgs/package.xml
[25.520s] Invoked command in '/home/rstole01/Documents/CSE-596/msu_ws/build/pid_msgs' returned '0': CMAKE_PREFIX_PATH=/opt/ros/humble /usr/bin/cmake --install /home/rstole01/Documents/CSE-596/msu_ws/build/pid_msgs
