[2.125s] Invoking command in '/home/rstole01/Documents/CSE-596/msu_ws/build/qlearn_interfaces': CMAKE_PREFIX_PATH=${CMAKE_PREFIX_PATH}:/home/rstole01/Documents/CSE-596/msu_ws/install/waypoint_writer:/home/rstole01/Documents/CSE-596/msu_ws/install/waypoint_follow:/home/rstole01/Documents/CSE-596/msu_ws/install/wall_follower_pid:/home/rstole01/Documents/CSE-596/msu_ws/install/qlearn:/home/rstole01/Documents/CSE-596/msu_ws/install/py_pubsub:/home/rstole01/Documents/CSE-596/msu_ws/install/plexer360:/home/rstole01/Documents/CSE-596/msu_ws/install/painter:/home/rstole01/Documents/CSE-596/msu_ws/install/f1tenth_gym_ros:/opt/ros/humble /usr/bin/cmake --build /home/rstole01/Documents/CSE-596/msu_ws/build/qlearn_interfaces -- -j8 -l8
[2.335s] [ 11%] Built target qlearn_interfaces__rosidl_generator_c
[2.341s] [ 12%] Built target qlearn_interfaces__cpp
[2.358s] [ 12%] Built target ament_cmake_python_copy_qlearn_interfaces
[2.499s] [ 23%] Built target qlearn_interfaces__rosidl_typesupport_fastrtps_c
[2.516s] [ 35%] Built target qlearn_interfaces__rosidl_typesupport_introspection_c
[2.554s] [ 46%] Built target qlearn_interfaces__rosidl_typesupport_c
[2.557s] [ 57%] Built target qlearn_interfaces__rosidl_typesupport_introspection_cpp
[2.688s] [ 69%] Built target qlearn_interfaces__rosidl_typesupport_cpp
[2.703s] [ 80%] Built target qlearn_interfaces__rosidl_typesupport_fastrtps_cpp
[2.849s] [ 80%] Built target qlearn_interfaces
[2.963s] [ 81%] Built target qlearn_interfaces__py
[3.171s] [ 91%] Built target qlearn_interfaces__rosidl_generator_py
[3.382s] [ 94%] Built target qlearn_interfaces__rosidl_typesupport_fastrtps_c__pyext
[3.382s] [ 97%] Built target qlearn_interfaces__rosidl_typesupport_c__pyext
[3.393s] [100%] Built target qlearn_interfaces__rosidl_typesupport_introspection_c__pyext
[3.756s] running egg_info
[3.758s] writing qlearn_interfaces.egg-info/PKG-INFO
[3.759s] writing dependency_links to qlearn_interfaces.egg-info/dependency_links.txt
[3.760s] writing top-level names to qlearn_interfaces.egg-info/top_level.txt
[3.767s] reading manifest file 'qlearn_interfaces.egg-info/SOURCES.txt'
[3.770s] writing manifest file 'qlearn_interfaces.egg-info/SOURCES.txt'
[3.842s] [100%] Built target ament_cmake_python_build_qlearn_interfaces_egg
[4.660s] Invoked command in '/home/rstole01/Documents/CSE-596/msu_ws/build/qlearn_interfaces' returned '0': CMAKE_PREFIX_PATH=${CMAKE_PREFIX_PATH}:/home/rstole01/Documents/CSE-596/msu_ws/install/waypoint_writer:/home/rstole01/Documents/CSE-596/msu_ws/install/waypoint_follow:/home/rstole01/Documents/CSE-596/msu_ws/install/wall_follower_pid:/home/rstole01/Documents/CSE-596/msu_ws/install/qlearn:/home/rstole01/Documents/CSE-596/msu_ws/install/py_pubsub:/home/rstole01/Documents/CSE-596/msu_ws/install/plexer360:/home/rstole01/Documents/CSE-596/msu_ws/install/painter:/home/rstole01/Documents/CSE-596/msu_ws/install/f1tenth_gym_ros:/opt/ros/humble /usr/bin/cmake --build /home/rstole01/Documents/CSE-596/msu_ws/build/qlearn_interfaces -- -j8 -l8
[6.886s] Invoking command in '/home/rstole01/Documents/CSE-596/msu_ws/build/qlearn_interfaces': CMAKE_PREFIX_PATH=${CMAKE_PREFIX_PATH}:/home/rstole01/Documents/CSE-596/msu_ws/install/waypoint_writer:/home/rstole01/Documents/CSE-596/msu_ws/install/waypoint_follow:/home/rstole01/Documents/CSE-596/msu_ws/install/wall_follower_pid:/home/rstole01/Documents/CSE-596/msu_ws/install/qlearn:/home/rstole01/Documents/CSE-596/msu_ws/install/py_pubsub:/home/rstole01/Documents/CSE-596/msu_ws/install/plexer360:/home/rstole01/Documents/CSE-596/msu_ws/install/painter:/home/rstole01/Documents/CSE-596/msu_ws/install/f1tenth_gym_ros:/opt/ros/humble /usr/bin/cmake --install /home/rstole01/Documents/CSE-596/msu_ws/build/qlearn_interfaces
[6.903s] -- Install configuration: ""
[6.903s] -- Up-to-date: /home/rstole01/Documents/CSE-596/msu_ws/install/qlearn_interfaces/share/ament_index/resource_index/rosidl_interfaces/qlearn_interfaces
[6.904s] -- Up-to-date: /home/rstole01/Documents/CSE-596/msu_ws/install/qlearn_interfaces/include/qlearn_interfaces/qlearn_interfaces
[6.905s] -- Up-to-date: /home/rstole01/Documents/CSE-596/msu_ws/install/qlearn_interfaces/include/qlearn_interfaces/qlearn_interfaces/srv
[6.905s] -- Up-to-date: /home/rstole01/Documents/CSE-596/msu_ws/install/qlearn_interfaces/include/qlearn_interfaces/qlearn_interfaces/srv/save_q_table.h
[6.906s] -- Up-to-date: /home/rstole01/Documents/CSE-596/msu_ws/install/qlearn_interfaces/include/qlearn_interfaces/qlearn_interfaces/srv/set_int.h
[6.906s] -- Up-to-date: /home/rstole01/Documents/CSE-596/msu_ws/install/qlearn_interfaces/include/qlearn_interfaces/qlearn_interfaces/srv/set_float.h
[6.907s] -- Up-to-date: /home/rstole01/Documents/CSE-596/msu_ws/install/qlearn_interfaces/include/qlearn_interfaces/qlearn_interfaces/srv/detail
[6.907s] -- Up-to-date: /home/rstole01/Documents/CSE-596/msu_ws/install/qlearn_interfaces/include/qlearn_interfaces/qlearn_interfaces/srv/detail/load_q_table__functions.h
[6.908s] -- Up-to-date: /home/rstole01/Documents/CSE-596/msu_ws/install/qlearn_interfaces/include/qlearn_interfaces/qlearn_interfaces/srv/detail/load_q_table__functions.c
[6.908s] -- Up-to-date: /home/rstole01/Documents/CSE-596/msu_ws/install/qlearn_interfaces/include/qlearn_interfaces/qlearn_interfaces/srv/detail/set_int__functions.c
[6.909s] -- Up-to-date: /home/rstole01/Documents/CSE-596/msu_ws/install/qlearn_interfaces/include/qlearn_interfaces/qlearn_interfaces/srv/detail/set_float__functions.h
[6.910s] -- Up-to-date: /home/rstole01/Documents/CSE-596/msu_ws/install/qlearn_interfaces/include/qlearn_interfaces/qlearn_interfaces/srv/detail/save_q_table__functions.h
[6.911s] -- Up-to-date: /home/rstole01/Documents/CSE-596/msu_ws/install/qlearn_interfaces/include/qlearn_interfaces/qlearn_interfaces/srv/detail/set_int__type_support.h
[6.912s] -- Up-to-date: /home/rstole01/Documents/CSE-596/msu_ws/install/qlearn_interfaces/include/qlearn_interfaces/qlearn_interfaces/srv/detail/save_q_table__type_support.h
[6.913s] -- Up-to-date: /home/rstole01/Documents/CSE-596/msu_ws/install/qlearn_interfaces/include/qlearn_interfaces/qlearn_interfaces/srv/detail/set_int__functions.h
[6.914s] -- Up-to-date: /home/rstole01/Documents/CSE-596/msu_ws/install/qlearn_interfaces/include/qlearn_interfaces/qlearn_interfaces/srv/detail/load_q_table__struct.h
[6.914s] -- Up-to-date: /home/rstole01/Documents/CSE-596/msu_ws/install/qlearn_interfaces/include/qlearn_interfaces/qlearn_interfaces/srv/detail/save_q_table__functions.c
[6.915s] -- Up-to-date: /home/rstole01/Documents/CSE-596/msu_ws/install/qlearn_interfaces/include/qlearn_interfaces/qlearn_interfaces/srv/detail/save_q_table__struct.h
[6.916s] -- Up-to-date: /home/rstole01/Documents/CSE-596/msu_ws/install/qlearn_interfaces/include/qlearn_interfaces/qlearn_interfaces/srv/detail/set_int__struct.h
[6.917s] -- Up-to-date: /home/rstole01/Documents/CSE-596/msu_ws/install/qlearn_interfaces/include/qlearn_interfaces/qlearn_interfaces/srv/detail/set_float__type_support.h
[6.918s] -- Up-to-date: /home/rstole01/Documents/CSE-596/msu_ws/install/qlearn_interfaces/include/qlearn_interfaces/qlearn_interfaces/srv/detail/set_float__struct.h
[6.919s] -- Up-to-date: /home/rstole01/Documents/CSE-596/msu_ws/install/qlearn_interfaces/include/qlearn_interfaces/qlearn_interfaces/srv/detail/load_q_table__type_support.h
[6.919s] -- Up-to-date: /home/rstole01/Documents/CSE-596/msu_ws/install/qlearn_interfaces/include/qlearn_interfaces/qlearn_interfaces/srv/detail/set_float__functions.c
[6.920s] -- Up-to-date: /home/rstole01/Documents/CSE-596/msu_ws/install/qlearn_interfaces/include/qlearn_interfaces/qlearn_interfaces/srv/load_q_table.h
[6.921s] -- Up-to-date: /home/rstole01/Documents/CSE-596/msu_ws/install/qlearn_interfaces/include/qlearn_interfaces/qlearn_interfaces/msg
[6.921s] -- Up-to-date: /home/rstole01/Documents/CSE-596/msu_ws/install/qlearn_interfaces/include/qlearn_interfaces/qlearn_interfaces/msg/float_stamped.h
[6.922s] -- Up-to-date: /home/rstole01/Documents/CSE-596/msu_ws/install/qlearn_interfaces/include/qlearn_interfaces/qlearn_interfaces/msg/rosidl_generator_c__visibility_control.h
[6.923s] -- Up-to-date: /home/rstole01/Documents/CSE-596/msu_ws/install/qlearn_interfaces/include/qlearn_interfaces/qlearn_interfaces/msg/int_stamped.h
[6.923s] -- Up-to-date: /home/rstole01/Documents/CSE-596/msu_ws/install/qlearn_interfaces/include/qlearn_interfaces/qlearn_interfaces/msg/detail
[6.924s] -- Up-to-date: /home/rstole01/Documents/CSE-596/msu_ws/install/qlearn_interfaces/include/qlearn_interfaces/qlearn_interfaces/msg/detail/int_stamped__type_support.h
[6.926s] -- Up-to-date: /home/rstole01/Documents/CSE-596/msu_ws/install/qlearn_interfaces/include/qlearn_interfaces/qlearn_interfaces/msg/detail/int_stamped__struct.h
[6.926s] -- Up-to-date: /home/rstole01/Documents/CSE-596/msu_ws/install/qlearn_interfaces/include/qlearn_interfaces/qlearn_interfaces/msg/detail/float_stamped__functions.h
[6.927s] -- Up-to-date: /home/rstole01/Documents/CSE-596/msu_ws/install/qlearn_interfaces/include/qlearn_interfaces/qlearn_interfaces/msg/detail/int_stamped__functions.c
[6.927s] -- Up-to-date: /home/rstole01/Documents/CSE-596/msu_ws/install/qlearn_interfaces/include/qlearn_interfaces/qlearn_interfaces/msg/detail/int_stamped__functions.h
[6.928s] -- Up-to-date: /home/rstole01/Documents/CSE-596/msu_ws/install/qlearn_interfaces/include/qlearn_interfaces/qlearn_interfaces/msg/detail/float_stamped__struct.h
[6.929s] -- Up-to-date: /home/rstole01/Documents/CSE-596/msu_ws/install/qlearn_interfaces/include/qlearn_interfaces/qlearn_interfaces/msg/detail/float_stamped__functions.c
[6.929s] -- Up-to-date: /home/rstole01/Documents/CSE-596/msu_ws/install/qlearn_interfaces/include/qlearn_interfaces/qlearn_interfaces/msg/detail/float_stamped__type_support.h
[6.930s] -- Up-to-date: /home/rstole01/Documents/CSE-596/msu_ws/install/qlearn_interfaces/share/qlearn_interfaces/environment/library_path.sh
[6.930s] -- Up-to-date: /home/rstole01/Documents/CSE-596/msu_ws/install/qlearn_interfaces/share/qlearn_interfaces/environment/library_path.dsv
[6.931s] -- Up-to-date: /home/rstole01/Documents/CSE-596/msu_ws/install/qlearn_interfaces/lib/libqlearn_interfaces__rosidl_generator_c.so
[6.931s] -- Up-to-date: /home/rstole01/Documents/CSE-596/msu_ws/install/qlearn_interfaces/include/qlearn_interfaces/qlearn_interfaces
[6.931s] -- Up-to-date: /home/rstole01/Documents/CSE-596/msu_ws/install/qlearn_interfaces/include/qlearn_interfaces/qlearn_interfaces/srv
[6.932s] -- Up-to-date: /home/rstole01/Documents/CSE-596/msu_ws/install/qlearn_interfaces/include/qlearn_interfaces/qlearn_interfaces/srv/detail
[6.932s] -- Up-to-date: /home/rstole01/Documents/CSE-596/msu_ws/install/qlearn_interfaces/include/qlearn_interfaces/qlearn_interfaces/srv/detail/load_q_table__rosidl_typesupport_fastrtps_c.h
[6.933s] -- Up-to-date: /home/rstole01/Documents/CSE-596/msu_ws/install/qlearn_interfaces/include/qlearn_interfaces/qlearn_interfaces/srv/detail/save_q_table__rosidl_typesupport_fastrtps_c.h
[6.933s] -- Up-to-date: /home/rstole01/Documents/CSE-596/msu_ws/install/qlearn_interfaces/include/qlearn_interfaces/qlearn_interfaces/srv/detail/set_float__rosidl_typesupport_fastrtps_c.h
[6.934s] -- Up-to-date: /home/rstole01/Documents/CSE-596/msu_ws/install/qlearn_interfaces/include/qlearn_interfaces/qlearn_interfaces/srv/detail/set_int__rosidl_typesupport_fastrtps_c.h
[6.934s] -- Up-to-date: /home/rstole01/Documents/CSE-596/msu_ws/install/qlearn_interfaces/include/qlearn_interfaces/qlearn_interfaces/msg
[6.935s] -- Up-to-date: /home/rstole01/Documents/CSE-596/msu_ws/install/qlearn_interfaces/include/qlearn_interfaces/qlearn_interfaces/msg/rosidl_typesupport_fastrtps_c__visibility_control.h
[6.935s] -- Up-to-date: /home/rstole01/Documents/CSE-596/msu_ws/install/qlearn_interfaces/include/qlearn_interfaces/qlearn_interfaces/msg/detail
[6.935s] -- Up-to-date: /home/rstole01/Documents/CSE-596/msu_ws/install/qlearn_interfaces/include/qlearn_interfaces/qlearn_interfaces/msg/detail/int_stamped__rosidl_typesupport_fastrtps_c.h
[6.936s] -- Up-to-date: /home/rstole01/Documents/CSE-596/msu_ws/install/qlearn_interfaces/include/qlearn_interfaces/qlearn_interfaces/msg/detail/float_stamped__rosidl_typesupport_fastrtps_c.h
[6.937s] -- Up-to-date: /home/rstole01/Documents/CSE-596/msu_ws/install/qlearn_interfaces/lib/libqlearn_interfaces__rosidl_typesupport_fastrtps_c.so
[6.937s] -- Up-to-date: /home/rstole01/Documents/CSE-596/msu_ws/install/qlearn_interfaces/include/qlearn_interfaces/qlearn_interfaces
[6.937s] -- Up-to-date: /home/rstole01/Documents/CSE-596/msu_ws/install/qlearn_interfaces/include/qlearn_interfaces/qlearn_interfaces/srv
[6.938s] -- Up-to-date: /home/rstole01/Documents/CSE-596/msu_ws/install/qlearn_interfaces/include/qlearn_interfaces/qlearn_interfaces/srv/load_q_table.hpp
[6.938s] -- Up-to-date: /home/rstole01/Documents/CSE-596/msu_ws/install/qlearn_interfaces/include/qlearn_interfaces/qlearn_interfaces/srv/set_float.hpp
[6.938s] -- Up-to-date: /home/rstole01/Documents/CSE-596/msu_ws/install/qlearn_interfaces/include/qlearn_interfaces/qlearn_interfaces/srv/detail
[6.939s] -- Up-to-date: /home/rstole01/Documents/CSE-596/msu_ws/install/qlearn_interfaces/include/qlearn_interfaces/qlearn_interfaces/srv/detail/load_q_table__builder.hpp
[6.939s] -- Up-to-date: /home/rstole01/Documents/CSE-596/msu_ws/install/qlearn_interfaces/include/qlearn_interfaces/qlearn_interfaces/srv/detail/set_float__traits.hpp
[6.939s] -- Up-to-date: /home/rstole01/Documents/CSE-596/msu_ws/install/qlearn_interfaces/include/qlearn_interfaces/qlearn_interfaces/srv/detail/set_int__traits.hpp
[6.940s] -- Up-to-date: /home/rstole01/Documents/CSE-596/msu_ws/install/qlearn_interfaces/include/qlearn_interfaces/qlearn_interfaces/srv/detail/set_float__struct.hpp
[6.940s] -- Up-to-date: /home/rstole01/Documents/CSE-596/msu_ws/install/qlearn_interfaces/include/qlearn_interfaces/qlearn_interfaces/srv/detail/set_int__struct.hpp
[6.940s] -- Up-to-date: /home/rstole01/Documents/CSE-596/msu_ws/install/qlearn_interfaces/include/qlearn_interfaces/qlearn_interfaces/srv/detail/set_int__builder.hpp
[6.941s] -- Up-to-date: /home/rstole01/Documents/CSE-596/msu_ws/install/qlearn_interfaces/include/qlearn_interfaces/qlearn_interfaces/srv/detail/save_q_table__traits.hpp
[6.941s] -- Up-to-date: /home/rstole01/Documents/CSE-596/msu_ws/install/qlearn_interfaces/include/qlearn_interfaces/qlearn_interfaces/srv/detail/set_float__builder.hpp
[6.942s] -- Up-to-date: /home/rstole01/Documents/CSE-596/msu_ws/install/qlearn_interfaces/include/qlearn_interfaces/qlearn_interfaces/srv/detail/save_q_table__builder.hpp
[6.942s] -- Up-to-date: /home/rstole01/Documents/CSE-596/msu_ws/install/qlearn_interfaces/include/qlearn_interfaces/qlearn_interfaces/srv/detail/save_q_table__struct.hpp
[6.942s] -- Up-to-date: /home/rstole01/Documents/CSE-596/msu_ws/install/qlearn_interfaces/include/qlearn_interfaces/qlearn_interfaces/srv/detail/load_q_table__traits.hpp
[6.943s] -- Up-to-date: /home/rstole01/Documents/CSE-596/msu_ws/install/qlearn_interfaces/include/qlearn_interfaces/qlearn_interfaces/srv/detail/load_q_table__struct.hpp
[6.943s] -- Up-to-date: /home/rstole01/Documents/CSE-596/msu_ws/install/qlearn_interfaces/include/qlearn_interfaces/qlearn_interfaces/srv/save_q_table.hpp
[6.944s] -- Up-to-date: /home/rstole01/Documents/CSE-596/msu_ws/install/qlearn_interfaces/include/qlearn_interfaces/qlearn_interfaces/srv/set_int.hpp
[6.944s] -- Up-to-date: /home/rstole01/Documents/CSE-596/msu_ws/install/qlearn_interfaces/include/qlearn_interfaces/qlearn_interfaces/msg
[6.945s] -- Up-to-date: /home/rstole01/Documents/CSE-596/msu_ws/install/qlearn_interfaces/include/qlearn_interfaces/qlearn_interfaces/msg/int_stamped.hpp
[6.946s] -- Up-to-date: /home/rstole01/Documents/CSE-596/msu_ws/install/qlearn_interfaces/include/qlearn_interfaces/qlearn_interfaces/msg/detail
[6.946s] -- Up-to-date: /home/rstole01/Documents/CSE-596/msu_ws/install/qlearn_interfaces/include/qlearn_interfaces/qlearn_interfaces/msg/detail/int_stamped__struct.hpp
[6.946s] -- Up-to-date: /home/rstole01/Documents/CSE-596/msu_ws/install/qlearn_interfaces/include/qlearn_interfaces/qlearn_interfaces/msg/detail/int_stamped__traits.hpp
[6.947s] -- Up-to-date: /home/rstole01/Documents/CSE-596/msu_ws/install/qlearn_interfaces/include/qlearn_interfaces/qlearn_interfaces/msg/detail/float_stamped__builder.hpp
[6.948s] -- Up-to-date: /home/rstole01/Documents/CSE-596/msu_ws/install/qlearn_interfaces/include/qlearn_interfaces/qlearn_interfaces/msg/detail/int_stamped__builder.hpp
[6.948s] -- Up-to-date: /home/rstole01/Documents/CSE-596/msu_ws/install/qlearn_interfaces/include/qlearn_interfaces/qlearn_interfaces/msg/detail/float_stamped__traits.hpp
[6.949s] -- Up-to-date: /home/rstole01/Documents/CSE-596/msu_ws/install/qlearn_interfaces/include/qlearn_interfaces/qlearn_interfaces/msg/detail/float_stamped__struct.hpp
[6.950s] -- Up-to-date: /home/rstole01/Documents/CSE-596/msu_ws/install/qlearn_interfaces/include/qlearn_interfaces/qlearn_interfaces/msg/float_stamped.hpp
[6.950s] -- Up-to-date: /home/rstole01/Documents/CSE-596/msu_ws/install/qlearn_interfaces/include/qlearn_interfaces/qlearn_interfaces
[6.950s] -- Up-to-date: /home/rstole01/Documents/CSE-596/msu_ws/install/qlearn_interfaces/include/qlearn_interfaces/qlearn_interfaces/srv
[6.951s] -- Up-to-date: /home/rstole01/Documents/CSE-596/msu_ws/install/qlearn_interfaces/include/qlearn_interfaces/qlearn_interfaces/srv/detail
[6.951s] -- Up-to-date: /home/rstole01/Documents/CSE-596/msu_ws/install/qlearn_interfaces/include/qlearn_interfaces/qlearn_interfaces/srv/detail/save_q_table__rosidl_typesupport_fastrtps_cpp.hpp
[6.952s] -- Up-to-date: /home/rstole01/Documents/CSE-596/msu_ws/install/qlearn_interfaces/include/qlearn_interfaces/qlearn_interfaces/srv/detail/set_int__rosidl_typesupport_fastrtps_cpp.hpp
[6.952s] -- Up-to-date: /home/rstole01/Documents/CSE-596/msu_ws/install/qlearn_interfaces/include/qlearn_interfaces/qlearn_interfaces/srv/detail/set_float__rosidl_typesupport_fastrtps_cpp.hpp
[6.952s] -- Up-to-date: /home/rstole01/Documents/CSE-596/msu_ws/install/qlearn_interfaces/include/qlearn_interfaces/qlearn_interfaces/srv/detail/load_q_table__rosidl_typesupport_fastrtps_cpp.hpp
[6.953s] -- Up-to-date: /home/rstole01/Documents/CSE-596/msu_ws/install/qlearn_interfaces/include/qlearn_interfaces/qlearn_interfaces/srv/detail/dds_fastrtps
[6.953s] -- Up-to-date: /home/rstole01/Documents/CSE-596/msu_ws/install/qlearn_interfaces/include/qlearn_interfaces/qlearn_interfaces/msg
[6.954s] -- Up-to-date: /home/rstole01/Documents/CSE-596/msu_ws/install/qlearn_interfaces/include/qlearn_interfaces/qlearn_interfaces/msg/detail
[6.954s] -- Up-to-date: /home/rstole01/Documents/CSE-596/msu_ws/install/qlearn_interfaces/include/qlearn_interfaces/qlearn_interfaces/msg/detail/int_stamped__rosidl_typesupport_fastrtps_cpp.hpp
[6.954s] -- Up-to-date: /home/rstole01/Documents/CSE-596/msu_ws/install/qlearn_interfaces/include/qlearn_interfaces/qlearn_interfaces/msg/detail/dds_fastrtps
[6.955s] -- Up-to-date: /home/rstole01/Documents/CSE-596/msu_ws/install/qlearn_interfaces/include/qlearn_interfaces/qlearn_interfaces/msg/detail/float_stamped__rosidl_typesupport_fastrtps_cpp.hpp
[6.955s] -- Up-to-date: /home/rstole01/Documents/CSE-596/msu_ws/install/qlearn_interfaces/include/qlearn_interfaces/qlearn_interfaces/msg/rosidl_typesupport_fastrtps_cpp__visibility_control.h
[6.956s] -- Up-to-date: /home/rstole01/Documents/CSE-596/msu_ws/install/qlearn_interfaces/lib/libqlearn_interfaces__rosidl_typesupport_fastrtps_cpp.so
[6.956s] -- Up-to-date: /home/rstole01/Documents/CSE-596/msu_ws/install/qlearn_interfaces/include/qlearn_interfaces/qlearn_interfaces
[6.957s] -- Up-to-date: /home/rstole01/Documents/CSE-596/msu_ws/install/qlearn_interfaces/include/qlearn_interfaces/qlearn_interfaces/srv
[6.957s] -- Up-to-date: /home/rstole01/Documents/CSE-596/msu_ws/install/qlearn_interfaces/include/qlearn_interfaces/qlearn_interfaces/srv/detail
[6.957s] -- Up-to-date: /home/rstole01/Documents/CSE-596/msu_ws/install/qlearn_interfaces/include/qlearn_interfaces/qlearn_interfaces/srv/detail/load_q_table__rosidl_typesupport_introspection_c.h
[6.958s] -- Up-to-date: /home/rstole01/Documents/CSE-596/msu_ws/install/qlearn_interfaces/include/qlearn_interfaces/qlearn_interfaces/srv/detail/set_int__rosidl_typesupport_introspection_c.h
[6.958s] -- Up-to-date: /home/rstole01/Documents/CSE-596/msu_ws/install/qlearn_interfaces/include/qlearn_interfaces/qlearn_interfaces/srv/detail/set_int__type_support.c
[6.959s] -- Up-to-date: /home/rstole01/Documents/CSE-596/msu_ws/install/qlearn_interfaces/include/qlearn_interfaces/qlearn_interfaces/srv/detail/save_q_table__rosidl_typesupport_introspection_c.h
[6.959s] -- Up-to-date: /home/rstole01/Documents/CSE-596/msu_ws/install/qlearn_interfaces/include/qlearn_interfaces/qlearn_interfaces/srv/detail/set_float__type_support.c
[6.959s] -- Up-to-date: /home/rstole01/Documents/CSE-596/msu_ws/install/qlearn_interfaces/include/qlearn_interfaces/qlearn_interfaces/srv/detail/save_q_table__type_support.c
[6.960s] -- Up-to-date: /home/rstole01/Documents/CSE-596/msu_ws/install/qlearn_interfaces/include/qlearn_interfaces/qlearn_interfaces/srv/detail/load_q_table__type_support.c
[6.960s] -- Up-to-date: /home/rstole01/Documents/CSE-596/msu_ws/install/qlearn_interfaces/include/qlearn_interfaces/qlearn_interfaces/srv/detail/set_float__rosidl_typesupport_introspection_c.h
[6.961s] -- Up-to-date: /home/rstole01/Documents/CSE-596/msu_ws/install/qlearn_interfaces/include/qlearn_interfaces/qlearn_interfaces/msg
[6.962s] -- Up-to-date: /home/rstole01/Documents/CSE-596/msu_ws/install/qlearn_interfaces/include/qlearn_interfaces/qlearn_interfaces/msg/rosidl_typesupport_introspection_c__visibility_control.h
[6.962s] -- Up-to-date: /home/rstole01/Documents/CSE-596/msu_ws/install/qlearn_interfaces/include/qlearn_interfaces/qlearn_interfaces/msg/detail
[6.962s] -- Up-to-date: /home/rstole01/Documents/CSE-596/msu_ws/install/qlearn_interfaces/include/qlearn_interfaces/qlearn_interfaces/msg/detail/float_stamped__type_support.c
[6.963s] -- Up-to-date: /home/rstole01/Documents/CSE-596/msu_ws/install/qlearn_interfaces/include/qlearn_interfaces/qlearn_interfaces/msg/detail/float_stamped__rosidl_typesupport_introspection_c.h
[6.963s] -- Up-to-date: /home/rstole01/Documents/CSE-596/msu_ws/install/qlearn_interfaces/include/qlearn_interfaces/qlearn_interfaces/msg/detail/int_stamped__rosidl_typesupport_introspection_c.h
[6.963s] -- Up-to-date: /home/rstole01/Documents/CSE-596/msu_ws/install/qlearn_interfaces/include/qlearn_interfaces/qlearn_interfaces/msg/detail/int_stamped__type_support.c
[6.964s] -- Up-to-date: /home/rstole01/Documents/CSE-596/msu_ws/install/qlearn_interfaces/lib/libqlearn_interfaces__rosidl_typesupport_introspection_c.so
[6.964s] -- Up-to-date: /home/rstole01/Documents/CSE-596/msu_ws/install/qlearn_interfaces/lib/libqlearn_interfaces__rosidl_typesupport_c.so
[6.965s] -- Up-to-date: /home/rstole01/Documents/CSE-596/msu_ws/install/qlearn_interfaces/include/qlearn_interfaces/qlearn_interfaces
[6.966s] -- Up-to-date: /home/rstole01/Documents/CSE-596/msu_ws/install/qlearn_interfaces/include/qlearn_interfaces/qlearn_interfaces/srv
[6.968s] -- Up-to-date: /home/rstole01/Documents/CSE-596/msu_ws/install/qlearn_interfaces/include/qlearn_interfaces/qlearn_interfaces/srv/detail
[6.968s] -- Up-to-date: /home/rstole01/Documents/CSE-596/msu_ws/install/qlearn_interfaces/include/qlearn_interfaces/qlearn_interfaces/srv/detail/set_float__rosidl_typesupport_introspection_cpp.hpp
[6.968s] -- Up-to-date: /home/rstole01/Documents/CSE-596/msu_ws/install/qlearn_interfaces/include/qlearn_interfaces/qlearn_interfaces/srv/detail/load_q_table__rosidl_typesupport_introspection_cpp.hpp
[6.969s] -- Up-to-date: /home/rstole01/Documents/CSE-596/msu_ws/install/qlearn_interfaces/include/qlearn_interfaces/qlearn_interfaces/srv/detail/set_int__type_support.cpp
[6.969s] -- Up-to-date: /home/rstole01/Documents/CSE-596/msu_ws/install/qlearn_interfaces/include/qlearn_interfaces/qlearn_interfaces/srv/detail/load_q_table__type_support.cpp
[6.970s] -- Up-to-date: /home/rstole01/Documents/CSE-596/msu_ws/install/qlearn_interfaces/include/qlearn_interfaces/qlearn_interfaces/srv/detail/set_int__rosidl_typesupport_introspection_cpp.hpp
[6.970s] -- Up-to-date: /home/rstole01/Documents/CSE-596/msu_ws/install/qlearn_interfaces/include/qlearn_interfaces/qlearn_interfaces/srv/detail/save_q_table__rosidl_typesupport_introspection_cpp.hpp
[6.970s] -- Up-to-date: /home/rstole01/Documents/CSE-596/msu_ws/install/qlearn_interfaces/include/qlearn_interfaces/qlearn_interfaces/srv/detail/save_q_table__type_support.cpp
[6.971s] -- Up-to-date: /home/rstole01/Documents/CSE-596/msu_ws/install/qlearn_interfaces/include/qlearn_interfaces/qlearn_interfaces/srv/detail/set_float__type_support.cpp
[6.971s] -- Up-to-date: /home/rstole01/Documents/CSE-596/msu_ws/install/qlearn_interfaces/include/qlearn_interfaces/qlearn_interfaces/msg
[6.971s] -- Up-to-date: /home/rstole01/Documents/CSE-596/msu_ws/install/qlearn_interfaces/include/qlearn_interfaces/qlearn_interfaces/msg/detail
[6.972s] -- Up-to-date: /home/rstole01/Documents/CSE-596/msu_ws/install/qlearn_interfaces/include/qlearn_interfaces/qlearn_interfaces/msg/detail/float_stamped__rosidl_typesupport_introspection_cpp.hpp
[6.972s] -- Up-to-date: /home/rstole01/Documents/CSE-596/msu_ws/install/qlearn_interfaces/include/qlearn_interfaces/qlearn_interfaces/msg/detail/int_stamped__rosidl_typesupport_introspection_cpp.hpp
[6.973s] -- Up-to-date: /home/rstole01/Documents/CSE-596/msu_ws/install/qlearn_interfaces/include/qlearn_interfaces/qlearn_interfaces/msg/detail/int_stamped__type_support.cpp
[6.974s] -- Up-to-date: /home/rstole01/Documents/CSE-596/msu_ws/install/qlearn_interfaces/include/qlearn_interfaces/qlearn_interfaces/msg/detail/float_stamped__type_support.cpp
[6.975s] -- Up-to-date: /home/rstole01/Documents/CSE-596/msu_ws/install/qlearn_interfaces/lib/libqlearn_interfaces__rosidl_typesupport_introspection_cpp.so
[6.975s] -- Up-to-date: /home/rstole01/Documents/CSE-596/msu_ws/install/qlearn_interfaces/lib/libqlearn_interfaces__rosidl_typesupport_cpp.so
[6.975s] -- Up-to-date: /home/rstole01/Documents/CSE-596/msu_ws/install/qlearn_interfaces/share/qlearn_interfaces/environment/pythonpath.sh
[6.976s] -- Up-to-date: /home/rstole01/Documents/CSE-596/msu_ws/install/qlearn_interfaces/share/qlearn_interfaces/environment/pythonpath.dsv
[6.976s] -- Up-to-date: /home/rstole01/Documents/CSE-596/msu_ws/install/qlearn_interfaces/local/lib/python3.10/dist-packages/qlearn_interfaces-0.0.0-py3.10.egg-info
[6.977s] -- Installing: /home/rstole01/Documents/CSE-596/msu_ws/install/qlearn_interfaces/local/lib/python3.10/dist-packages/qlearn_interfaces-0.0.0-py3.10.egg-info/top_level.txt
[6.977s] -- Installing: /home/rstole01/Documents/CSE-596/msu_ws/install/qlearn_interfaces/local/lib/python3.10/dist-packages/qlearn_interfaces-0.0.0-py3.10.egg-info/SOURCES.txt
[6.977s] -- Installing: /home/rstole01/Documents/CSE-596/msu_ws/install/qlearn_interfaces/local/lib/python3.10/dist-packages/qlearn_interfaces-0.0.0-py3.10.egg-info/PKG-INFO
[6.978s] -- Installing: /home/rstole01/Documents/CSE-596/msu_ws/install/qlearn_interfaces/local/lib/python3.10/dist-packages/qlearn_interfaces-0.0.0-py3.10.egg-info/dependency_links.txt
[6.978s] -- Up-to-date: /home/rstole01/Documents/CSE-596/msu_ws/install/qlearn_interfaces/local/lib/python3.10/dist-packages/qlearn_interfaces
[6.979s] -- Up-to-date: /home/rstole01/Documents/CSE-596/msu_ws/install/qlearn_interfaces/local/lib/python3.10/dist-packages/qlearn_interfaces/qlearn_interfaces_s__rosidl_typesupport_introspection_c.cpython-310-x86_64-linux-gnu.so
[6.979s] -- Up-to-date: /home/rstole01/Documents/CSE-596/msu_ws/install/qlearn_interfaces/local/lib/python3.10/dist-packages/qlearn_interfaces/_qlearn_interfaces_s.ep.rosidl_typesupport_fastrtps_c.c
[6.980s] -- Up-to-date: /home/rstole01/Documents/CSE-596/msu_ws/install/qlearn_interfaces/local/lib/python3.10/dist-packages/qlearn_interfaces/_qlearn_interfaces_s.ep.rosidl_typesupport_c.c
[6.980s] -- Up-to-date: /home/rstole01/Documents/CSE-596/msu_ws/install/qlearn_interfaces/local/lib/python3.10/dist-packages/qlearn_interfaces/srv
[6.980s] -- Up-to-date: /home/rstole01/Documents/CSE-596/msu_ws/install/qlearn_interfaces/local/lib/python3.10/dist-packages/qlearn_interfaces/srv/_load_q_table.py
[6.981s] -- Up-to-date: /home/rstole01/Documents/CSE-596/msu_ws/install/qlearn_interfaces/local/lib/python3.10/dist-packages/qlearn_interfaces/srv/_load_q_table_s.c
[6.981s] -- Up-to-date: /home/rstole01/Documents/CSE-596/msu_ws/install/qlearn_interfaces/local/lib/python3.10/dist-packages/qlearn_interfaces/srv/_set_int_s.c
[6.981s] -- Up-to-date: /home/rstole01/Documents/CSE-596/msu_ws/install/qlearn_interfaces/local/lib/python3.10/dist-packages/qlearn_interfaces/srv/_save_q_table.py
[6.982s] -- Up-to-date: /home/rstole01/Documents/CSE-596/msu_ws/install/qlearn_interfaces/local/lib/python3.10/dist-packages/qlearn_interfaces/srv/_set_float.py
[6.983s] -- Up-to-date: /home/rstole01/Documents/CSE-596/msu_ws/install/qlearn_interfaces/local/lib/python3.10/dist-packages/qlearn_interfaces/srv/__init__.py
[6.983s] -- Up-to-date: /home/rstole01/Documents/CSE-596/msu_ws/install/qlearn_interfaces/local/lib/python3.10/dist-packages/qlearn_interfaces/srv/_set_float_s.c
[6.984s] -- Up-to-date: /home/rstole01/Documents/CSE-596/msu_ws/install/qlearn_interfaces/local/lib/python3.10/dist-packages/qlearn_interfaces/srv/_set_int.py
[6.984s] -- Up-to-date: /home/rstole01/Documents/CSE-596/msu_ws/install/qlearn_interfaces/local/lib/python3.10/dist-packages/qlearn_interfaces/srv/_save_q_table_s.c
[6.984s] -- Up-to-date: /home/rstole01/Documents/CSE-596/msu_ws/install/qlearn_interfaces/local/lib/python3.10/dist-packages/qlearn_interfaces/qlearn_interfaces_s__rosidl_typesupport_c.cpython-310-x86_64-linux-gnu.so
[6.985s] -- Up-to-date: /home/rstole01/Documents/CSE-596/msu_ws/install/qlearn_interfaces/local/lib/python3.10/dist-packages/qlearn_interfaces/__init__.py
[6.988s] -- Up-to-date: /home/rstole01/Documents/CSE-596/msu_ws/install/qlearn_interfaces/local/lib/python3.10/dist-packages/qlearn_interfaces/msg
[6.989s] -- Up-to-date: /home/rstole01/Documents/CSE-596/msu_ws/install/qlearn_interfaces/local/lib/python3.10/dist-packages/qlearn_interfaces/msg/_float_stamped_s.c
[6.989s] -- Up-to-date: /home/rstole01/Documents/CSE-596/msu_ws/install/qlearn_interfaces/local/lib/python3.10/dist-packages/qlearn_interfaces/msg/_int_stamped.py
[6.990s] -- Up-to-date: /home/rstole01/Documents/CSE-596/msu_ws/install/qlearn_interfaces/local/lib/python3.10/dist-packages/qlearn_interfaces/msg/__init__.py
[6.990s] -- Up-to-date: /home/rstole01/Documents/CSE-596/msu_ws/install/qlearn_interfaces/local/lib/python3.10/dist-packages/qlearn_interfaces/msg/_float_stamped.py
[6.990s] -- Up-to-date: /home/rstole01/Documents/CSE-596/msu_ws/install/qlearn_interfaces/local/lib/python3.10/dist-packages/qlearn_interfaces/msg/_int_stamped_s.c
[6.990s] -- Up-to-date: /home/rstole01/Documents/CSE-596/msu_ws/install/qlearn_interfaces/local/lib/python3.10/dist-packages/qlearn_interfaces/qlearn_interfaces_s__rosidl_typesupport_fastrtps_c.cpython-310-x86_64-linux-gnu.so
[6.991s] -- Up-to-date: /home/rstole01/Documents/CSE-596/msu_ws/install/qlearn_interfaces/local/lib/python3.10/dist-packages/qlearn_interfaces/libqlearn_interfaces__rosidl_generator_py.so
[6.991s] -- Up-to-date: /home/rstole01/Documents/CSE-596/msu_ws/install/qlearn_interfaces/local/lib/python3.10/dist-packages/qlearn_interfaces/_qlearn_interfaces_s.ep.rosidl_typesupport_introspection_c.c
[6.999s] Listing '/home/rstole01/Documents/CSE-596/msu_ws/install/qlearn_interfaces/local/lib/python3.10/dist-packages/qlearn_interfaces'...
[7.000s] Listing '/home/rstole01/Documents/CSE-596/msu_ws/install/qlearn_interfaces/local/lib/python3.10/dist-packages/qlearn_interfaces/msg'...
[7.001s] Listing '/home/rstole01/Documents/CSE-596/msu_ws/install/qlearn_interfaces/local/lib/python3.10/dist-packages/qlearn_interfaces/srv'...
[7.008s] -- Up-to-date: /home/rstole01/Documents/CSE-596/msu_ws/install/qlearn_interfaces/local/lib/python3.10/dist-packages/qlearn_interfaces/qlearn_interfaces_s__rosidl_typesupport_fastrtps_c.cpython-310-x86_64-linux-gnu.so
[7.009s] -- Up-to-date: /home/rstole01/Documents/CSE-596/msu_ws/install/qlearn_interfaces/local/lib/python3.10/dist-packages/qlearn_interfaces/qlearn_interfaces_s__rosidl_typesupport_introspection_c.cpython-310-x86_64-linux-gnu.so
[7.010s] -- Up-to-date: /home/rstole01/Documents/CSE-596/msu_ws/install/qlearn_interfaces/local/lib/python3.10/dist-packages/qlearn_interfaces/qlearn_interfaces_s__rosidl_typesupport_c.cpython-310-x86_64-linux-gnu.so
[7.011s] -- Up-to-date: /home/rstole01/Documents/CSE-596/msu_ws/install/qlearn_interfaces/lib/libqlearn_interfaces__rosidl_generator_py.so
[7.011s] -- Up-to-date: /home/rstole01/Documents/CSE-596/msu_ws/install/qlearn_interfaces/share/qlearn_interfaces/srv/SaveQTable.idl
[7.012s] -- Up-to-date: /home/rstole01/Documents/CSE-596/msu_ws/install/qlearn_interfaces/share/qlearn_interfaces/srv/LoadQTable.idl
[7.012s] -- Up-to-date: /home/rstole01/Documents/CSE-596/msu_ws/install/qlearn_interfaces/share/qlearn_interfaces/srv/SetFloat.idl
[7.013s] -- Up-to-date: /home/rstole01/Documents/CSE-596/msu_ws/install/qlearn_interfaces/share/qlearn_interfaces/srv/SetInt.idl
[7.014s] -- Up-to-date: /home/rstole01/Documents/CSE-596/msu_ws/install/qlearn_interfaces/share/qlearn_interfaces/msg/FloatStamped.idl
[7.015s] -- Up-to-date: /home/rstole01/Documents/CSE-596/msu_ws/install/qlearn_interfaces/share/qlearn_interfaces/msg/IntStamped.idl
[7.015s] -- Up-to-date: /home/rstole01/Documents/CSE-596/msu_ws/install/qlearn_interfaces/share/qlearn_interfaces/srv/SaveQTable.srv
[7.016s] -- Up-to-date: /home/rstole01/Documents/CSE-596/msu_ws/install/qlearn_interfaces/share/qlearn_interfaces/srv/SaveQTable_Request.msg
[7.017s] -- Up-to-date: /home/rstole01/Documents/CSE-596/msu_ws/install/qlearn_interfaces/share/qlearn_interfaces/srv/SaveQTable_Response.msg
[7.017s] -- Up-to-date: /home/rstole01/Documents/CSE-596/msu_ws/install/qlearn_interfaces/share/qlearn_interfaces/srv/LoadQTable.srv
[7.018s] -- Up-to-date: /home/rstole01/Documents/CSE-596/msu_ws/install/qlearn_interfaces/share/qlearn_interfaces/srv/LoadQTable_Request.msg
[7.018s] -- Up-to-date: /home/rstole01/Documents/CSE-596/msu_ws/install/qlearn_interfaces/share/qlearn_interfaces/srv/LoadQTable_Response.msg
[7.019s] -- Up-to-date: /home/rstole01/Documents/CSE-596/msu_ws/install/qlearn_interfaces/share/qlearn_interfaces/srv/SetFloat.srv
[7.019s] -- Up-to-date: /home/rstole01/Documents/CSE-596/msu_ws/install/qlearn_interfaces/share/qlearn_interfaces/srv/SetFloat_Request.msg
[7.020s] -- Up-to-date: /home/rstole01/Documents/CSE-596/msu_ws/install/qlearn_interfaces/share/qlearn_interfaces/srv/SetFloat_Response.msg
[7.020s] -- Up-to-date: /home/rstole01/Documents/CSE-596/msu_ws/install/qlearn_interfaces/share/qlearn_interfaces/srv/SetInt.srv
[7.021s] -- Up-to-date: /home/rstole01/Documents/CSE-596/msu_ws/install/qlearn_interfaces/share/qlearn_interfaces/srv/SetInt_Request.msg
[7.022s] -- Up-to-date: /home/rstole01/Documents/CSE-596/msu_ws/install/qlearn_interfaces/share/qlearn_interfaces/srv/SetInt_Response.msg
[7.022s] -- Up-to-date: /home/rstole01/Documents/CSE-596/msu_ws/install/qlearn_interfaces/share/qlearn_interfaces/msg/FloatStamped.msg
[7.023s] -- Up-to-date: /home/rstole01/Documents/CSE-596/msu_ws/install/qlearn_interfaces/share/qlearn_interfaces/msg/IntStamped.msg
[7.024s] -- Up-to-date: /home/rstole01/Documents/CSE-596/msu_ws/install/qlearn_interfaces/share/ament_index/resource_index/package_run_dependencies/qlearn_interfaces
[7.024s] -- Up-to-date: /home/rstole01/Documents/CSE-596/msu_ws/install/qlearn_interfaces/share/ament_index/resource_index/parent_prefix_path/qlearn_interfaces
[7.025s] -- Up-to-date: /home/rstole01/Documents/CSE-596/msu_ws/install/qlearn_interfaces/share/qlearn_interfaces/environment/ament_prefix_path.sh
[7.026s] -- Up-to-date: /home/rstole01/Documents/CSE-596/msu_ws/install/qlearn_interfaces/share/qlearn_interfaces/environment/ament_prefix_path.dsv
[7.026s] -- Up-to-date: /home/rstole01/Documents/CSE-596/msu_ws/install/qlearn_interfaces/share/qlearn_interfaces/environment/path.sh
[7.027s] -- Up-to-date: /home/rstole01/Documents/CSE-596/msu_ws/install/qlearn_interfaces/share/qlearn_interfaces/environment/path.dsv
[7.027s] -- Up-to-date: /home/rstole01/Documents/CSE-596/msu_ws/install/qlearn_interfaces/share/qlearn_interfaces/local_setup.bash
[7.028s] -- Up-to-date: /home/rstole01/Documents/CSE-596/msu_ws/install/qlearn_interfaces/share/qlearn_interfaces/local_setup.sh
[7.029s] -- Up-to-date: /home/rstole01/Documents/CSE-596/msu_ws/install/qlearn_interfaces/share/qlearn_interfaces/local_setup.zsh
[7.029s] -- Up-to-date: /home/rstole01/Documents/CSE-596/msu_ws/install/qlearn_interfaces/share/qlearn_interfaces/local_setup.dsv
[7.029s] -- Installing: /home/rstole01/Documents/CSE-596/msu_ws/install/qlearn_interfaces/share/qlearn_interfaces/package.dsv
[7.030s] -- Up-to-date: /home/rstole01/Documents/CSE-596/msu_ws/install/qlearn_interfaces/share/ament_index/resource_index/packages/qlearn_interfaces
[7.030s] -- Up-to-date: /home/rstole01/Documents/CSE-596/msu_ws/install/qlearn_interfaces/share/qlearn_interfaces/cmake/export_qlearn_interfaces__rosidl_generator_cExport.cmake
[7.030s] -- Up-to-date: /home/rstole01/Documents/CSE-596/msu_ws/install/qlearn_interfaces/share/qlearn_interfaces/cmake/export_qlearn_interfaces__rosidl_generator_cExport-noconfig.cmake
[7.031s] -- Up-to-date: /home/rstole01/Documents/CSE-596/msu_ws/install/qlearn_interfaces/share/qlearn_interfaces/cmake/export_qlearn_interfaces__rosidl_typesupport_fastrtps_cExport.cmake
[7.031s] -- Up-to-date: /home/rstole01/Documents/CSE-596/msu_ws/install/qlearn_interfaces/share/qlearn_interfaces/cmake/export_qlearn_interfaces__rosidl_typesupport_fastrtps_cExport-noconfig.cmake
[7.031s] -- Up-to-date: /home/rstole01/Documents/CSE-596/msu_ws/install/qlearn_interfaces/share/qlearn_interfaces/cmake/export_qlearn_interfaces__rosidl_generator_cppExport.cmake
[7.031s] -- Up-to-date: /home/rstole01/Documents/CSE-596/msu_ws/install/qlearn_interfaces/share/qlearn_interfaces/cmake/export_qlearn_interfaces__rosidl_typesupport_fastrtps_cppExport.cmake
[7.032s] -- Up-to-date: /home/rstole01/Documents/CSE-596/msu_ws/install/qlearn_interfaces/share/qlearn_interfaces/cmake/export_qlearn_interfaces__rosidl_typesupport_fastrtps_cppExport-noconfig.cmake
[7.032s] -- Up-to-date: /home/rstole01/Documents/CSE-596/msu_ws/install/qlearn_interfaces/share/qlearn_interfaces/cmake/qlearn_interfaces__rosidl_typesupport_introspection_cExport.cmake
[7.032s] -- Up-to-date: /home/rstole01/Documents/CSE-596/msu_ws/install/qlearn_interfaces/share/qlearn_interfaces/cmake/qlearn_interfaces__rosidl_typesupport_introspection_cExport-noconfig.cmake
[7.033s] -- Up-to-date: /home/rstole01/Documents/CSE-596/msu_ws/install/qlearn_interfaces/share/qlearn_interfaces/cmake/qlearn_interfaces__rosidl_typesupport_cExport.cmake
[7.033s] -- Up-to-date: /home/rstole01/Documents/CSE-596/msu_ws/install/qlearn_interfaces/share/qlearn_interfaces/cmake/qlearn_interfaces__rosidl_typesupport_cExport-noconfig.cmake
[7.033s] -- Up-to-date: /home/rstole01/Documents/CSE-596/msu_ws/install/qlearn_interfaces/share/qlearn_interfaces/cmake/qlearn_interfaces__rosidl_typesupport_introspection_cppExport.cmake
[7.034s] -- Up-to-date: /home/rstole01/Documents/CSE-596/msu_ws/install/qlearn_interfaces/share/qlearn_interfaces/cmake/qlearn_interfaces__rosidl_typesupport_introspection_cppExport-noconfig.cmake
[7.035s] -- Up-to-date: /home/rstole01/Documents/CSE-596/msu_ws/install/qlearn_interfaces/share/qlearn_interfaces/cmake/qlearn_interfaces__rosidl_typesupport_cppExport.cmake
[7.035s] -- Up-to-date: /home/rstole01/Documents/CSE-596/msu_ws/install/qlearn_interfaces/share/qlearn_interfaces/cmake/qlearn_interfaces__rosidl_typesupport_cppExport-noconfig.cmake
[7.035s] -- Up-to-date: /home/rstole01/Documents/CSE-596/msu_ws/install/qlearn_interfaces/share/qlearn_interfaces/cmake/export_qlearn_interfaces__rosidl_generator_pyExport.cmake
[7.036s] -- Up-to-date: /home/rstole01/Documents/CSE-596/msu_ws/install/qlearn_interfaces/share/qlearn_interfaces/cmake/export_qlearn_interfaces__rosidl_generator_pyExport-noconfig.cmake
[7.036s] -- Up-to-date: /home/rstole01/Documents/CSE-596/msu_ws/install/qlearn_interfaces/share/qlearn_interfaces/cmake/rosidl_cmake-extras.cmake
[7.037s] -- Up-to-date: /home/rstole01/Documents/CSE-596/msu_ws/install/qlearn_interfaces/share/qlearn_interfaces/cmake/ament_cmake_export_dependencies-extras.cmake
[7.037s] -- Up-to-date: /home/rstole01/Documents/CSE-596/msu_ws/install/qlearn_interfaces/share/qlearn_interfaces/cmake/ament_cmake_export_include_directories-extras.cmake
[7.038s] -- Up-to-date: /home/rstole01/Documents/CSE-596/msu_ws/install/qlearn_interfaces/share/qlearn_interfaces/cmake/ament_cmake_export_libraries-extras.cmake
[7.038s] -- Up-to-date: /home/rstole01/Documents/CSE-596/msu_ws/install/qlearn_interfaces/share/qlearn_interfaces/cmake/ament_cmake_export_targets-extras.cmake
[7.039s] -- Up-to-date: /home/rstole01/Documents/CSE-596/msu_ws/install/qlearn_interfaces/share/qlearn_interfaces/cmake/rosidl_cmake_export_typesupport_targets-extras.cmake
[7.039s] -- Up-to-date: /home/rstole01/Documents/CSE-596/msu_ws/install/qlearn_interfaces/share/qlearn_interfaces/cmake/rosidl_cmake_export_typesupport_libraries-extras.cmake
[7.040s] -- Up-to-date: /home/rstole01/Documents/CSE-596/msu_ws/install/qlearn_interfaces/share/qlearn_interfaces/cmake/qlearn_interfacesConfig.cmake
[7.040s] -- Up-to-date: /home/rstole01/Documents/CSE-596/msu_ws/install/qlearn_interfaces/share/qlearn_interfaces/cmake/qlearn_interfacesConfig-version.cmake
[7.041s] -- Up-to-date: /home/rstole01/Documents/CSE-596/msu_ws/install/qlearn_interfaces/share/qlearn_interfaces/package.xml
[10.021s] Invoked command in '/home/rstole01/Documents/CSE-596/msu_ws/build/qlearn_interfaces' returned '0': CMAKE_PREFIX_PATH=${CMAKE_PREFIX_PATH}:/home/rstole01/Documents/CSE-596/msu_ws/install/waypoint_writer:/home/rstole01/Documents/CSE-596/msu_ws/install/waypoint_follow:/home/rstole01/Documents/CSE-596/msu_ws/install/wall_follower_pid:/home/rstole01/Documents/CSE-596/msu_ws/install/qlearn:/home/rstole01/Documents/CSE-596/msu_ws/install/py_pubsub:/home/rstole01/Documents/CSE-596/msu_ws/install/plexer360:/home/rstole01/Documents/CSE-596/msu_ws/install/painter:/home/rstole01/Documents/CSE-596/msu_ws/install/f1tenth_gym_ros:/opt/ros/humble /usr/bin/cmake --install /home/rstole01/Documents/CSE-596/msu_ws/build/qlearn_interfaces
