[1.437s] Invoking command in '/home/rstole01/Documents/CSE-596/humble_ws/build/aeb_lab': CMAKE_PREFIX_PATH=/opt/ros/humble /usr/bin/cmake --build /home/rstole01/Documents/CSE-596/humble_ws/build/aeb_lab -- -j8 -l8
[2.527s] -- Found ament_cmake: 1.3.7 (/opt/ros/humble/share/ament_cmake/cmake)
[2.528s] -- Found ackermann_msgs: 2.0.2 (/opt/ros/humble/share/ackermann_msgs/cmake)
[2.528s] -- Found rosidl_generator_c: 3.1.5 (/opt/ros/humble/share/rosidl_generator_c/cmake)
[2.528s] -- Found rosidl_adapter: 3.1.5 (/opt/ros/humble/share/rosidl_adapter/cmake)
[2.528s] -- Found rosidl_generator_cpp: 3.1.5 (/opt/ros/humble/share/rosidl_generator_cpp/cmake)
[2.529s] -- Using all available rosidl_typesupport_c: rosidl_typesupport_fastrtps_c;rosidl_typesupport_introspection_c
[2.529s] -- Using all available rosidl_typesupport_cpp: rosidl_typesupport_fastrtps_cpp;rosidl_typesupport_introspection_cpp
[2.699s] -- Found geometry_msgs: 4.2.3 (/opt/ros/humble/share/geometry_msgs/cmake)
[2.922s] -- Found nav_msgs: 4.2.3 (/opt/ros/humble/share/nav_msgs/cmake)
[3.320s] -- Found rclcpp: 16.0.8 (/opt/ros/humble/share/rclcpp/cmake)
[3.505s] -- Found rmw_implementation_cmake: 6.1.1 (/opt/ros/humble/share/rmw_implementation_cmake/cmake)
[3.513s] -- Found rmw_cyclonedds_cpp: 1.3.4 (/opt/ros/humble/share/rmw_cyclonedds_cpp/cmake)
[3.642s] -- Using RMW implementation 'rmw_cyclonedds_cpp' as default
[4.224s] -- Found rclpy: 3.3.11 (/opt/ros/humble/share/rclpy/cmake)
[4.224s] -- Found sensor_msgs: 4.2.3 (/opt/ros/humble/share/sensor_msgs/cmake)
[4.879s] -- Configuring done
[4.972s] -- Generating done
[4.972s] -- Build files have been written to: /home/rstole01/Documents/CSE-596/humble_ws/build/aeb_lab
[5.138s] [35m[1mConsolidate compiler generated dependencies of target aeb[0m
[5.280s] [ 50%] [32mBuilding CXX object CMakeFiles/aeb.dir/src/aeb.cpp.o[0m
[65.118s] [100%] [32m[1mLinking CXX executable aeb[0m
[65.608s] [100%] Built target aeb
