[10.220s] Invoking command in '/home/rstole01/Documents/CSE-596/msu_ws/src/waypoint_writer': PYTHONPATH=/home/rstole01/Documents/CSE-596/msu_ws/build/waypoint_writer/prefix_override:/home/rstole01/Documents/CSE-596/msu_ws/install/waypoint_writer/lib/python3.10/site-packages:${PYTHONPATH} /usr/bin/python3 setup.py egg_info --egg-base ../../build/waypoint_writer build --build-base /home/rstole01/Documents/CSE-596/msu_ws/build/waypoint_writer/build install --record /home/rstole01/Documents/CSE-596/msu_ws/build/waypoint_writer/install.log --single-version-externally-managed
[11.358s] running egg_info
[11.361s] writing ../../build/waypoint_writer/waypoint_writer.egg-info/PKG-INFO
[11.362s] writing dependency_links to ../../build/waypoint_writer/waypoint_writer.egg-info/dependency_links.txt
[11.363s] writing entry points to ../../build/waypoint_writer/waypoint_writer.egg-info/entry_points.txt
[11.363s] writing requirements to ../../build/waypoint_writer/waypoint_writer.egg-info/requires.txt
[11.363s] writing top-level names to ../../build/waypoint_writer/waypoint_writer.egg-info/top_level.txt
[11.369s] reading manifest file '../../build/waypoint_writer/waypoint_writer.egg-info/SOURCES.txt'
[11.373s] writing manifest file '../../build/waypoint_writer/waypoint_writer.egg-info/SOURCES.txt'
[11.373s] running build
[11.373s] running build_py
[11.374s] running install
[11.374s] /usr/lib/python3/dist-packages/setuptools/command/install.py:34: SetuptoolsDeprecationWarning: setup.py install is deprecated. Use build and pip and other standards-based tools.
[11.374s]   warnings.warn(
[11.375s] running install_lib
[11.379s] running install_data
[11.381s] running install_egg_info
[11.387s] removing '/home/rstole01/Documents/CSE-596/msu_ws/install/waypoint_writer/lib/python3.10/site-packages/waypoint_writer-0.0.0-py3.10.egg-info' (and everything under it)
[11.393s] Copying ../../build/waypoint_writer/waypoint_writer.egg-info to /home/rstole01/Documents/CSE-596/msu_ws/install/waypoint_writer/lib/python3.10/site-packages/waypoint_writer-0.0.0-py3.10.egg-info
[11.396s] running install_scripts
[11.484s] Installing waypoint_writer script to /home/rstole01/Documents/CSE-596/msu_ws/install/waypoint_writer/lib/waypoint_writer
[11.485s] writing list of installed files to '/home/rstole01/Documents/CSE-596/msu_ws/build/waypoint_writer/install.log'
[11.591s] Invoked command in '/home/rstole01/Documents/CSE-596/msu_ws/src/waypoint_writer' returned '0': PYTHONPATH=/home/rstole01/Documents/CSE-596/msu_ws/build/waypoint_writer/prefix_override:/home/rstole01/Documents/CSE-596/msu_ws/install/waypoint_writer/lib/python3.10/site-packages:${PYTHONPATH} /usr/bin/python3 setup.py egg_info --egg-base ../../build/waypoint_writer build --build-base /home/rstole01/Documents/CSE-596/msu_ws/build/waypoint_writer/build install --record /home/rstole01/Documents/CSE-596/msu_ws/build/waypoint_writer/install.log --single-version-externally-managed
