[0.685s] Invoking command in '/home/rstole01/Documents/CSE-596/msu_ws/build/pid_msgs': CMAKE_PREFIX_PATH=${CMAKE_PREFIX_PATH}:/home/rstole01/Documents/CSE-596/msu_ws/install/waypoint_writer:/home/rstole01/Documents/CSE-596/msu_ws/install/waypoint_follow:/home/rstole01/Documents/CSE-596/msu_ws/install/wall_follower_pid:/home/rstole01/Documents/CSE-596/msu_ws/install/qlearn:/home/rstole01/Documents/CSE-596/msu_ws/install/py_pubsub:/home/rstole01/Documents/CSE-596/msu_ws/install/plexer360:/home/rstole01/Documents/CSE-596/msu_ws/install/painter:/home/rstole01/Documents/CSE-596/msu_ws/install/f1tenth_gym_ros:/opt/ros/humble /usr/bin/cmake --build /home/rstole01/Documents/CSE-596/msu_ws/build/pid_msgs -- -j8 -l8
[2.143s] [  3%] Built target pid_msgs__cpp
[2.144s] [ 12%] Built target pid_msgs__rosidl_generator_c
[2.144s] [ 12%] Built target ament_cmake_python_copy_pid_msgs
[2.144s] [ 22%] Built target pid_msgs__rosidl_typesupport_cpp
[2.144s] [ 32%] Built target pid_msgs__rosidl_typesupport_introspection_cpp
[2.145s] [ 51%] Built target pid_msgs__rosidl_typesupport_fastrtps_c
[2.145s] [ 51%] Built target pid_msgs__rosidl_typesupport_fastrtps_cpp
[2.146s] [ 61%] Built target pid_msgs__rosidl_typesupport_c
[2.147s] [ 70%] Built target pid_msgs__rosidl_typesupport_introspection_c
[2.147s] [ 70%] Built target pid_msgs
[2.148s] [ 74%] Built target pid_msgs__py
[2.149s] [ 80%] Built target pid_msgs__rosidl_generator_py
[2.150s] [ 87%] Built target pid_msgs__rosidl_typesupport_c__pyext
[2.151s] [ 93%] Built target pid_msgs__rosidl_typesupport_fastrtps_c__pyext
[2.151s] [100%] Built target pid_msgs__rosidl_typesupport_introspection_c__pyext
[2.152s] running egg_info
[2.152s] writing pid_msgs.egg-info/PKG-INFO
[2.154s] writing dependency_links to pid_msgs.egg-info/dependency_links.txt
[2.154s] writing top-level names to pid_msgs.egg-info/top_level.txt
[2.155s] reading manifest file 'pid_msgs.egg-info/SOURCES.txt'
[2.155s] writing manifest file 'pid_msgs.egg-info/SOURCES.txt'
[2.155s] [100%] Built target ament_cmake_python_build_pid_msgs_egg
[2.162s] Invoked command in '/home/rstole01/Documents/CSE-596/msu_ws/build/pid_msgs' returned '0': CMAKE_PREFIX_PATH=${CMAKE_PREFIX_PATH}:/home/rstole01/Documents/CSE-596/msu_ws/install/waypoint_writer:/home/rstole01/Documents/CSE-596/msu_ws/install/waypoint_follow:/home/rstole01/Documents/CSE-596/msu_ws/install/wall_follower_pid:/home/rstole01/Documents/CSE-596/msu_ws/install/qlearn:/home/rstole01/Documents/CSE-596/msu_ws/install/py_pubsub:/home/rstole01/Documents/CSE-596/msu_ws/install/plexer360:/home/rstole01/Documents/CSE-596/msu_ws/install/painter:/home/rstole01/Documents/CSE-596/msu_ws/install/f1tenth_gym_ros:/opt/ros/humble /usr/bin/cmake --build /home/rstole01/Documents/CSE-596/msu_ws/build/pid_msgs -- -j8 -l8
[2.667s] Invoking command in '/home/rstole01/Documents/CSE-596/msu_ws/build/pid_msgs': CMAKE_PREFIX_PATH=${CMAKE_PREFIX_PATH}:/home/rstole01/Documents/CSE-596/msu_ws/install/waypoint_writer:/home/rstole01/Documents/CSE-596/msu_ws/install/waypoint_follow:/home/rstole01/Documents/CSE-596/msu_ws/install/wall_follower_pid:/home/rstole01/Documents/CSE-596/msu_ws/install/qlearn:/home/rstole01/Documents/CSE-596/msu_ws/install/py_pubsub:/home/rstole01/Documents/CSE-596/msu_ws/install/plexer360:/home/rstole01/Documents/CSE-596/msu_ws/install/painter:/home/rstole01/Documents/CSE-596/msu_ws/install/f1tenth_gym_ros:/opt/ros/humble /usr/bin/cmake --install /home/rstole01/Documents/CSE-596/msu_ws/build/pid_msgs
[2.704s] -- Install configuration: ""
[2.707s] -- Up-to-date: /home/rstole01/Documents/CSE-596/msu_ws/install/pid_msgs/share/ament_index/resource_index/rosidl_interfaces/pid_msgs
[2.713s] -- Up-to-date: /home/rstole01/Documents/CSE-596/msu_ws/install/pid_msgs/include/pid_msgs/pid_msgs
[2.714s] -- Up-to-date: /home/rstole01/Documents/CSE-596/msu_ws/install/pid_msgs/include/pid_msgs/pid_msgs/msg
[2.714s] -- Up-to-date: /home/rstole01/Documents/CSE-596/msu_ws/install/pid_msgs/include/pid_msgs/pid_msgs/msg/rosidl_generator_c__visibility_control.h
[2.715s] -- Up-to-date: /home/rstole01/Documents/CSE-596/msu_ws/install/pid_msgs/include/pid_msgs/pid_msgs/msg/detail
[2.715s] -- Up-to-date: /home/rstole01/Documents/CSE-596/msu_ws/install/pid_msgs/include/pid_msgs/pid_msgs/msg/detail/pid_input__type_support.h
[2.716s] -- Up-to-date: /home/rstole01/Documents/CSE-596/msu_ws/install/pid_msgs/include/pid_msgs/pid_msgs/msg/detail/pid_input__functions.h
[2.716s] -- Up-to-date: /home/rstole01/Documents/CSE-596/msu_ws/install/pid_msgs/include/pid_msgs/pid_msgs/msg/detail/pid_input__functions.c
[2.716s] -- Up-to-date: /home/rstole01/Documents/CSE-596/msu_ws/install/pid_msgs/include/pid_msgs/pid_msgs/msg/detail/pid_input__struct.h
[2.717s] -- Up-to-date: /home/rstole01/Documents/CSE-596/msu_ws/install/pid_msgs/include/pid_msgs/pid_msgs/msg/pid_input.h
[2.717s] -- Up-to-date: /home/rstole01/Documents/CSE-596/msu_ws/install/pid_msgs/share/pid_msgs/environment/library_path.sh
[2.718s] -- Up-to-date: /home/rstole01/Documents/CSE-596/msu_ws/install/pid_msgs/share/pid_msgs/environment/library_path.dsv
[2.719s] -- Up-to-date: /home/rstole01/Documents/CSE-596/msu_ws/install/pid_msgs/lib/libpid_msgs__rosidl_generator_c.so
[2.720s] -- Up-to-date: /home/rstole01/Documents/CSE-596/msu_ws/install/pid_msgs/include/pid_msgs/pid_msgs
[2.720s] -- Up-to-date: /home/rstole01/Documents/CSE-596/msu_ws/install/pid_msgs/include/pid_msgs/pid_msgs/msg
[2.721s] -- Up-to-date: /home/rstole01/Documents/CSE-596/msu_ws/install/pid_msgs/include/pid_msgs/pid_msgs/msg/rosidl_typesupport_fastrtps_c__visibility_control.h
[2.721s] -- Up-to-date: /home/rstole01/Documents/CSE-596/msu_ws/install/pid_msgs/include/pid_msgs/pid_msgs/msg/detail
[2.721s] -- Up-to-date: /home/rstole01/Documents/CSE-596/msu_ws/install/pid_msgs/include/pid_msgs/pid_msgs/msg/detail/pid_input__rosidl_typesupport_fastrtps_c.h
[2.722s] -- Up-to-date: /home/rstole01/Documents/CSE-596/msu_ws/install/pid_msgs/lib/libpid_msgs__rosidl_typesupport_fastrtps_c.so
[2.722s] -- Up-to-date: /home/rstole01/Documents/CSE-596/msu_ws/install/pid_msgs/include/pid_msgs/pid_msgs
[2.724s] -- Up-to-date: /home/rstole01/Documents/CSE-596/msu_ws/install/pid_msgs/include/pid_msgs/pid_msgs/msg
[2.725s] -- Up-to-date: /home/rstole01/Documents/CSE-596/msu_ws/install/pid_msgs/include/pid_msgs/pid_msgs/msg/rosidl_typesupport_introspection_c__visibility_control.h
[2.726s] -- Up-to-date: /home/rstole01/Documents/CSE-596/msu_ws/install/pid_msgs/include/pid_msgs/pid_msgs/msg/detail
[2.729s] -- Up-to-date: /home/rstole01/Documents/CSE-596/msu_ws/install/pid_msgs/include/pid_msgs/pid_msgs/msg/detail/pid_input__rosidl_typesupport_introspection_c.h
[2.730s] -- Up-to-date: /home/rstole01/Documents/CSE-596/msu_ws/install/pid_msgs/include/pid_msgs/pid_msgs/msg/detail/pid_input__type_support.c
[2.730s] -- Up-to-date: /home/rstole01/Documents/CSE-596/msu_ws/install/pid_msgs/lib/libpid_msgs__rosidl_typesupport_introspection_c.so
[2.732s] -- Up-to-date: /home/rstole01/Documents/CSE-596/msu_ws/install/pid_msgs/lib/libpid_msgs__rosidl_typesupport_c.so
[2.732s] -- Up-to-date: /home/rstole01/Documents/CSE-596/msu_ws/install/pid_msgs/include/pid_msgs/pid_msgs
[2.733s] -- Up-to-date: /home/rstole01/Documents/CSE-596/msu_ws/install/pid_msgs/include/pid_msgs/pid_msgs/msg
[2.733s] -- Up-to-date: /home/rstole01/Documents/CSE-596/msu_ws/install/pid_msgs/include/pid_msgs/pid_msgs/msg/pid_input.hpp
[2.734s] -- Up-to-date: /home/rstole01/Documents/CSE-596/msu_ws/install/pid_msgs/include/pid_msgs/pid_msgs/msg/detail
[2.734s] -- Up-to-date: /home/rstole01/Documents/CSE-596/msu_ws/install/pid_msgs/include/pid_msgs/pid_msgs/msg/detail/pid_input__builder.hpp
[2.735s] -- Up-to-date: /home/rstole01/Documents/CSE-596/msu_ws/install/pid_msgs/include/pid_msgs/pid_msgs/msg/detail/pid_input__struct.hpp
[2.735s] -- Up-to-date: /home/rstole01/Documents/CSE-596/msu_ws/install/pid_msgs/include/pid_msgs/pid_msgs/msg/detail/pid_input__traits.hpp
[2.751s] -- Up-to-date: /home/rstole01/Documents/CSE-596/msu_ws/install/pid_msgs/include/pid_msgs/pid_msgs
[2.751s] -- Up-to-date: /home/rstole01/Documents/CSE-596/msu_ws/install/pid_msgs/include/pid_msgs/pid_msgs/msg
[2.752s] -- Up-to-date: /home/rstole01/Documents/CSE-596/msu_ws/install/pid_msgs/include/pid_msgs/pid_msgs/msg/detail
[2.752s] -- Up-to-date: /home/rstole01/Documents/CSE-596/msu_ws/install/pid_msgs/include/pid_msgs/pid_msgs/msg/detail/pid_input__rosidl_typesupport_fastrtps_cpp.hpp
[2.752s] -- Up-to-date: /home/rstole01/Documents/CSE-596/msu_ws/install/pid_msgs/include/pid_msgs/pid_msgs/msg/detail/dds_fastrtps
[2.752s] -- Up-to-date: /home/rstole01/Documents/CSE-596/msu_ws/install/pid_msgs/include/pid_msgs/pid_msgs/msg/rosidl_typesupport_fastrtps_cpp__visibility_control.h
[2.752s] -- Up-to-date: /home/rstole01/Documents/CSE-596/msu_ws/install/pid_msgs/lib/libpid_msgs__rosidl_typesupport_fastrtps_cpp.so
[2.753s] -- Up-to-date: /home/rstole01/Documents/CSE-596/msu_ws/install/pid_msgs/include/pid_msgs/pid_msgs
[2.753s] -- Up-to-date: /home/rstole01/Documents/CSE-596/msu_ws/install/pid_msgs/include/pid_msgs/pid_msgs/msg
[2.753s] -- Up-to-date: /home/rstole01/Documents/CSE-596/msu_ws/install/pid_msgs/include/pid_msgs/pid_msgs/msg/detail
[2.753s] -- Up-to-date: /home/rstole01/Documents/CSE-596/msu_ws/install/pid_msgs/include/pid_msgs/pid_msgs/msg/detail/pid_input__rosidl_typesupport_introspection_cpp.hpp
[2.753s] -- Up-to-date: /home/rstole01/Documents/CSE-596/msu_ws/install/pid_msgs/include/pid_msgs/pid_msgs/msg/detail/pid_input__type_support.cpp
[2.753s] -- Up-to-date: /home/rstole01/Documents/CSE-596/msu_ws/install/pid_msgs/lib/libpid_msgs__rosidl_typesupport_introspection_cpp.so
[2.754s] -- Up-to-date: /home/rstole01/Documents/CSE-596/msu_ws/install/pid_msgs/lib/libpid_msgs__rosidl_typesupport_cpp.so
[2.754s] -- Up-to-date: /home/rstole01/Documents/CSE-596/msu_ws/install/pid_msgs/share/pid_msgs/environment/pythonpath.sh
[2.754s] -- Up-to-date: /home/rstole01/Documents/CSE-596/msu_ws/install/pid_msgs/share/pid_msgs/environment/pythonpath.dsv
[2.754s] -- Up-to-date: /home/rstole01/Documents/CSE-596/msu_ws/install/pid_msgs/local/lib/python3.10/dist-packages/pid_msgs-0.0.0-py3.10.egg-info
[2.754s] -- Installing: /home/rstole01/Documents/CSE-596/msu_ws/install/pid_msgs/local/lib/python3.10/dist-packages/pid_msgs-0.0.0-py3.10.egg-info/top_level.txt
[2.754s] -- Installing: /home/rstole01/Documents/CSE-596/msu_ws/install/pid_msgs/local/lib/python3.10/dist-packages/pid_msgs-0.0.0-py3.10.egg-info/SOURCES.txt
[2.755s] -- Installing: /home/rstole01/Documents/CSE-596/msu_ws/install/pid_msgs/local/lib/python3.10/dist-packages/pid_msgs-0.0.0-py3.10.egg-info/PKG-INFO
[2.755s] -- Installing: /home/rstole01/Documents/CSE-596/msu_ws/install/pid_msgs/local/lib/python3.10/dist-packages/pid_msgs-0.0.0-py3.10.egg-info/dependency_links.txt
[2.755s] -- Up-to-date: /home/rstole01/Documents/CSE-596/msu_ws/install/pid_msgs/local/lib/python3.10/dist-packages/pid_msgs
[2.755s] -- Up-to-date: /home/rstole01/Documents/CSE-596/msu_ws/install/pid_msgs/local/lib/python3.10/dist-packages/pid_msgs/pid_msgs_s__rosidl_typesupport_fastrtps_c.cpython-310-x86_64-linux-gnu.so
[2.755s] -- Up-to-date: /home/rstole01/Documents/CSE-596/msu_ws/install/pid_msgs/local/lib/python3.10/dist-packages/pid_msgs/pid_msgs_s__rosidl_typesupport_introspection_c.cpython-310-x86_64-linux-gnu.so
[2.756s] -- Up-to-date: /home/rstole01/Documents/CSE-596/msu_ws/install/pid_msgs/local/lib/python3.10/dist-packages/pid_msgs/_pid_msgs_s.ep.rosidl_typesupport_c.c
[2.756s] -- Up-to-date: /home/rstole01/Documents/CSE-596/msu_ws/install/pid_msgs/local/lib/python3.10/dist-packages/pid_msgs/__init__.py
[2.756s] -- Up-to-date: /home/rstole01/Documents/CSE-596/msu_ws/install/pid_msgs/local/lib/python3.10/dist-packages/pid_msgs/msg
[2.756s] -- Up-to-date: /home/rstole01/Documents/CSE-596/msu_ws/install/pid_msgs/local/lib/python3.10/dist-packages/pid_msgs/msg/_pid_input.py
[2.756s] -- Up-to-date: /home/rstole01/Documents/CSE-596/msu_ws/install/pid_msgs/local/lib/python3.10/dist-packages/pid_msgs/msg/__init__.py
[2.757s] -- Up-to-date: /home/rstole01/Documents/CSE-596/msu_ws/install/pid_msgs/local/lib/python3.10/dist-packages/pid_msgs/msg/_pid_input_s.c
[2.757s] -- Up-to-date: /home/rstole01/Documents/CSE-596/msu_ws/install/pid_msgs/local/lib/python3.10/dist-packages/pid_msgs/pid_msgs_s__rosidl_typesupport_c.cpython-310-x86_64-linux-gnu.so
[2.757s] -- Up-to-date: /home/rstole01/Documents/CSE-596/msu_ws/install/pid_msgs/local/lib/python3.10/dist-packages/pid_msgs/_pid_msgs_s.ep.rosidl_typesupport_introspection_c.c
[2.757s] -- Up-to-date: /home/rstole01/Documents/CSE-596/msu_ws/install/pid_msgs/local/lib/python3.10/dist-packages/pid_msgs/libpid_msgs__rosidl_generator_py.so
[2.757s] -- Up-to-date: /home/rstole01/Documents/CSE-596/msu_ws/install/pid_msgs/local/lib/python3.10/dist-packages/pid_msgs/_pid_msgs_s.ep.rosidl_typesupport_fastrtps_c.c
[2.846s] Listing '/home/rstole01/Documents/CSE-596/msu_ws/install/pid_msgs/local/lib/python3.10/dist-packages/pid_msgs'...
[2.846s] Listing '/home/rstole01/Documents/CSE-596/msu_ws/install/pid_msgs/local/lib/python3.10/dist-packages/pid_msgs/msg'...
[2.868s] -- Up-to-date: /home/rstole01/Documents/CSE-596/msu_ws/install/pid_msgs/local/lib/python3.10/dist-packages/pid_msgs/pid_msgs_s__rosidl_typesupport_fastrtps_c.cpython-310-x86_64-linux-gnu.so
[2.868s] -- Up-to-date: /home/rstole01/Documents/CSE-596/msu_ws/install/pid_msgs/local/lib/python3.10/dist-packages/pid_msgs/pid_msgs_s__rosidl_typesupport_introspection_c.cpython-310-x86_64-linux-gnu.so
[2.868s] -- Up-to-date: /home/rstole01/Documents/CSE-596/msu_ws/install/pid_msgs/local/lib/python3.10/dist-packages/pid_msgs/pid_msgs_s__rosidl_typesupport_c.cpython-310-x86_64-linux-gnu.so
[2.869s] -- Up-to-date: /home/rstole01/Documents/CSE-596/msu_ws/install/pid_msgs/lib/libpid_msgs__rosidl_generator_py.so
[2.869s] -- Up-to-date: /home/rstole01/Documents/CSE-596/msu_ws/install/pid_msgs/share/pid_msgs/msg/PIDInput.idl
[2.869s] -- Up-to-date: /home/rstole01/Documents/CSE-596/msu_ws/install/pid_msgs/share/pid_msgs/msg/PIDInput.msg
[2.869s] -- Up-to-date: /home/rstole01/Documents/CSE-596/msu_ws/install/pid_msgs/share/ament_index/resource_index/package_run_dependencies/pid_msgs
[2.869s] -- Up-to-date: /home/rstole01/Documents/CSE-596/msu_ws/install/pid_msgs/share/ament_index/resource_index/parent_prefix_path/pid_msgs
[2.869s] -- Up-to-date: /home/rstole01/Documents/CSE-596/msu_ws/install/pid_msgs/share/pid_msgs/environment/ament_prefix_path.sh
[2.870s] -- Up-to-date: /home/rstole01/Documents/CSE-596/msu_ws/install/pid_msgs/share/pid_msgs/environment/ament_prefix_path.dsv
[2.870s] -- Up-to-date: /home/rstole01/Documents/CSE-596/msu_ws/install/pid_msgs/share/pid_msgs/environment/path.sh
[2.873s] -- Up-to-date: /home/rstole01/Documents/CSE-596/msu_ws/install/pid_msgs/share/pid_msgs/environment/path.dsv
[2.874s] -- Up-to-date: /home/rstole01/Documents/CSE-596/msu_ws/install/pid_msgs/share/pid_msgs/local_setup.bash
[2.874s] -- Up-to-date: /home/rstole01/Documents/CSE-596/msu_ws/install/pid_msgs/share/pid_msgs/local_setup.sh
[2.874s] -- Up-to-date: /home/rstole01/Documents/CSE-596/msu_ws/install/pid_msgs/share/pid_msgs/local_setup.zsh
[2.875s] -- Up-to-date: /home/rstole01/Documents/CSE-596/msu_ws/install/pid_msgs/share/pid_msgs/local_setup.dsv
[2.875s] -- Installing: /home/rstole01/Documents/CSE-596/msu_ws/install/pid_msgs/share/pid_msgs/package.dsv
[2.875s] -- Up-to-date: /home/rstole01/Documents/CSE-596/msu_ws/install/pid_msgs/share/ament_index/resource_index/packages/pid_msgs
[2.875s] -- Up-to-date: /home/rstole01/Documents/CSE-596/msu_ws/install/pid_msgs/share/pid_msgs/cmake/export_pid_msgs__rosidl_generator_cExport.cmake
[2.875s] -- Up-to-date: /home/rstole01/Documents/CSE-596/msu_ws/install/pid_msgs/share/pid_msgs/cmake/export_pid_msgs__rosidl_generator_cExport-noconfig.cmake
[2.875s] -- Up-to-date: /home/rstole01/Documents/CSE-596/msu_ws/install/pid_msgs/share/pid_msgs/cmake/export_pid_msgs__rosidl_typesupport_fastrtps_cExport.cmake
[2.875s] -- Up-to-date: /home/rstole01/Documents/CSE-596/msu_ws/install/pid_msgs/share/pid_msgs/cmake/export_pid_msgs__rosidl_typesupport_fastrtps_cExport-noconfig.cmake
[2.876s] -- Up-to-date: /home/rstole01/Documents/CSE-596/msu_ws/install/pid_msgs/share/pid_msgs/cmake/pid_msgs__rosidl_typesupport_introspection_cExport.cmake
[2.876s] -- Up-to-date: /home/rstole01/Documents/CSE-596/msu_ws/install/pid_msgs/share/pid_msgs/cmake/pid_msgs__rosidl_typesupport_introspection_cExport-noconfig.cmake
[2.876s] -- Up-to-date: /home/rstole01/Documents/CSE-596/msu_ws/install/pid_msgs/share/pid_msgs/cmake/pid_msgs__rosidl_typesupport_cExport.cmake
[2.876s] -- Up-to-date: /home/rstole01/Documents/CSE-596/msu_ws/install/pid_msgs/share/pid_msgs/cmake/pid_msgs__rosidl_typesupport_cExport-noconfig.cmake
[2.876s] -- Up-to-date: /home/rstole01/Documents/CSE-596/msu_ws/install/pid_msgs/share/pid_msgs/cmake/export_pid_msgs__rosidl_generator_cppExport.cmake
[2.876s] -- Up-to-date: /home/rstole01/Documents/CSE-596/msu_ws/install/pid_msgs/share/pid_msgs/cmake/export_pid_msgs__rosidl_typesupport_fastrtps_cppExport.cmake
[2.877s] -- Up-to-date: /home/rstole01/Documents/CSE-596/msu_ws/install/pid_msgs/share/pid_msgs/cmake/export_pid_msgs__rosidl_typesupport_fastrtps_cppExport-noconfig.cmake
[2.877s] -- Up-to-date: /home/rstole01/Documents/CSE-596/msu_ws/install/pid_msgs/share/pid_msgs/cmake/pid_msgs__rosidl_typesupport_introspection_cppExport.cmake
[2.877s] -- Up-to-date: /home/rstole01/Documents/CSE-596/msu_ws/install/pid_msgs/share/pid_msgs/cmake/pid_msgs__rosidl_typesupport_introspection_cppExport-noconfig.cmake
[2.878s] -- Up-to-date: /home/rstole01/Documents/CSE-596/msu_ws/install/pid_msgs/share/pid_msgs/cmake/pid_msgs__rosidl_typesupport_cppExport.cmake
[2.878s] -- Up-to-date: /home/rstole01/Documents/CSE-596/msu_ws/install/pid_msgs/share/pid_msgs/cmake/pid_msgs__rosidl_typesupport_cppExport-noconfig.cmake
[2.878s] -- Up-to-date: /home/rstole01/Documents/CSE-596/msu_ws/install/pid_msgs/share/pid_msgs/cmake/export_pid_msgs__rosidl_generator_pyExport.cmake
[2.879s] -- Up-to-date: /home/rstole01/Documents/CSE-596/msu_ws/install/pid_msgs/share/pid_msgs/cmake/export_pid_msgs__rosidl_generator_pyExport-noconfig.cmake
[2.879s] -- Up-to-date: /home/rstole01/Documents/CSE-596/msu_ws/install/pid_msgs/share/pid_msgs/cmake/rosidl_cmake-extras.cmake
[2.879s] -- Up-to-date: /home/rstole01/Documents/CSE-596/msu_ws/install/pid_msgs/share/pid_msgs/cmake/ament_cmake_export_dependencies-extras.cmake
[2.879s] -- Up-to-date: /home/rstole01/Documents/CSE-596/msu_ws/install/pid_msgs/share/pid_msgs/cmake/ament_cmake_export_include_directories-extras.cmake
[2.880s] -- Up-to-date: /home/rstole01/Documents/CSE-596/msu_ws/install/pid_msgs/share/pid_msgs/cmake/ament_cmake_export_libraries-extras.cmake
[2.880s] -- Up-to-date: /home/rstole01/Documents/CSE-596/msu_ws/install/pid_msgs/share/pid_msgs/cmake/ament_cmake_export_targets-extras.cmake
[2.890s] -- Up-to-date: /home/rstole01/Documents/CSE-596/msu_ws/install/pid_msgs/share/pid_msgs/cmake/rosidl_cmake_export_typesupport_targets-extras.cmake
[2.890s] -- Up-to-date: /home/rstole01/Documents/CSE-596/msu_ws/install/pid_msgs/share/pid_msgs/cmake/rosidl_cmake_export_typesupport_libraries-extras.cmake
[2.891s] -- Up-to-date: /home/rstole01/Documents/CSE-596/msu_ws/install/pid_msgs/share/pid_msgs/cmake/pid_msgsConfig.cmake
[2.891s] -- Up-to-date: /home/rstole01/Documents/CSE-596/msu_ws/install/pid_msgs/share/pid_msgs/cmake/pid_msgsConfig-version.cmake
[2.891s] -- Up-to-date: /home/rstole01/Documents/CSE-596/msu_ws/install/pid_msgs/share/pid_msgs/package.xml
[3.087s] Invoked command in '/home/rstole01/Documents/CSE-596/msu_ws/build/pid_msgs' returned '0': CMAKE_PREFIX_PATH=${CMAKE_PREFIX_PATH}:/home/rstole01/Documents/CSE-596/msu_ws/install/waypoint_writer:/home/rstole01/Documents/CSE-596/msu_ws/install/waypoint_follow:/home/rstole01/Documents/CSE-596/msu_ws/install/wall_follower_pid:/home/rstole01/Documents/CSE-596/msu_ws/install/qlearn:/home/rstole01/Documents/CSE-596/msu_ws/install/py_pubsub:/home/rstole01/Documents/CSE-596/msu_ws/install/plexer360:/home/rstole01/Documents/CSE-596/msu_ws/install/painter:/home/rstole01/Documents/CSE-596/msu_ws/install/f1tenth_gym_ros:/opt/ros/humble /usr/bin/cmake --install /home/rstole01/Documents/CSE-596/msu_ws/build/pid_msgs
