[7.224s] Invoking command in '/home/rstole01/Documents/CSE-596/msu_ws/src/wall_follower_pid': CMAKE_PREFIX_PATH=/home/rstole01/Documents/CSE-596/msu_ws/install/pid_msgs:/home/rstole01/Documents/CSE-596/msu_ws/install/ackermann_msgs:/home/rstole01/Documents/CSE-596/msu_ws/install/waypoint_publisher:/home/rstole01/Documents/CSE-596/msu_ws/install/slam_toolbox:/home/rstole01/Documents/CSE-596/msu_ws/install/qlearn_interfaces:/home/rstole01/Documents/CSE-596/msu_ws/install/my_messages LD_LIBRARY_PATH=/home/rstole01/Documents/CSE-596/msu_ws/install/pid_msgs/lib:/home/rstole01/Documents/CSE-596/msu_ws/install/ackermann_msgs/lib:/home/rstole01/Documents/CSE-596/msu_ws/install/slam_toolbox/lib:/home/rstole01/Documents/CSE-596/msu_ws/install/qlearn_interfaces/lib:/home/rstole01/Documents/CSE-596/msu_ws/install/my_messages/lib:/usr/lib/x86_64-linux-gnu/gazebo-11/plugins:/opt/ros/humble/opt/rviz_ogre_vendor/lib:/opt/ros/humble/lib/x86_64-linux-gnu:/opt/ros/humble/lib PYTHONPATH=/home/rstole01/Documents/CSE-596/msu_ws/build/wall_follower_pid/prefix_override:/home/rstole01/Documents/CSE-596/msu_ws/install/wall_follower_pid/lib/python3.10/site-packages:${PYTHONPATH} /usr/bin/python3 setup.py egg_info --egg-base ../../build/wall_follower_pid build --build-base /home/rstole01/Documents/CSE-596/msu_ws/build/wall_follower_pid/build install --record /home/rstole01/Documents/CSE-596/msu_ws/build/wall_follower_pid/install.log --single-version-externally-managed
[8.051s] running egg_info
[8.052s] writing ../../build/wall_follower_pid/wall_follower_pid.egg-info/PKG-INFO
[8.053s] writing dependency_links to ../../build/wall_follower_pid/wall_follower_pid.egg-info/dependency_links.txt
[8.054s] writing entry points to ../../build/wall_follower_pid/wall_follower_pid.egg-info/entry_points.txt
[8.055s] writing requirements to ../../build/wall_follower_pid/wall_follower_pid.egg-info/requires.txt
[8.055s] writing top-level names to ../../build/wall_follower_pid/wall_follower_pid.egg-info/top_level.txt
[8.060s] reading manifest file '../../build/wall_follower_pid/wall_follower_pid.egg-info/SOURCES.txt'
[8.065s] writing manifest file '../../build/wall_follower_pid/wall_follower_pid.egg-info/SOURCES.txt'
[8.066s] running build
[8.066s] running build_py
[8.067s] running install
[8.069s] /usr/lib/python3/dist-packages/setuptools/command/install.py:34: SetuptoolsDeprecationWarning: setup.py install is deprecated. Use build and pip and other standards-based tools.
[8.070s]   warnings.warn(
[8.071s] running install_lib
[8.072s] running install_data
[8.076s] running install_egg_info
[8.076s] removing '/home/rstole01/Documents/CSE-596/msu_ws/install/wall_follower_pid/lib/python3.10/site-packages/wall_follower_pid-0.0.0-py3.10.egg-info' (and everything under it)
[8.077s] Copying ../../build/wall_follower_pid/wall_follower_pid.egg-info to /home/rstole01/Documents/CSE-596/msu_ws/install/wall_follower_pid/lib/python3.10/site-packages/wall_follower_pid-0.0.0-py3.10.egg-info
[8.079s] running install_scripts
[8.144s] Installing control script to /home/rstole01/Documents/CSE-596/msu_ws/install/wall_follower_pid/lib/wall_follower_pid
[8.145s] Installing wall_distance_finder script to /home/rstole01/Documents/CSE-596/msu_ws/install/wall_follower_pid/lib/wall_follower_pid
[8.146s] writing list of installed files to '/home/rstole01/Documents/CSE-596/msu_ws/build/wall_follower_pid/install.log'
[8.405s] Invoked command in '/home/rstole01/Documents/CSE-596/msu_ws/src/wall_follower_pid' returned '0': CMAKE_PREFIX_PATH=/home/rstole01/Documents/CSE-596/msu_ws/install/pid_msgs:/home/rstole01/Documents/CSE-596/msu_ws/install/ackermann_msgs:/home/rstole01/Documents/CSE-596/msu_ws/install/waypoint_publisher:/home/rstole01/Documents/CSE-596/msu_ws/install/slam_toolbox:/home/rstole01/Documents/CSE-596/msu_ws/install/qlearn_interfaces:/home/rstole01/Documents/CSE-596/msu_ws/install/my_messages LD_LIBRARY_PATH=/home/rstole01/Documents/CSE-596/msu_ws/install/pid_msgs/lib:/home/rstole01/Documents/CSE-596/msu_ws/install/ackermann_msgs/lib:/home/rstole01/Documents/CSE-596/msu_ws/install/slam_toolbox/lib:/home/rstole01/Documents/CSE-596/msu_ws/install/qlearn_interfaces/lib:/home/rstole01/Documents/CSE-596/msu_ws/install/my_messages/lib:/usr/lib/x86_64-linux-gnu/gazebo-11/plugins:/opt/ros/humble/opt/rviz_ogre_vendor/lib:/opt/ros/humble/lib/x86_64-linux-gnu:/opt/ros/humble/lib PYTHONPATH=/home/rstole01/Documents/CSE-596/msu_ws/build/wall_follower_pid/prefix_override:/home/rstole01/Documents/CSE-596/msu_ws/install/wall_follower_pid/lib/python3.10/site-packages:${PYTHONPATH} /usr/bin/python3 setup.py egg_info --egg-base ../../build/wall_follower_pid build --build-base /home/rstole01/Documents/CSE-596/msu_ws/build/wall_follower_pid/build install --record /home/rstole01/Documents/CSE-596/msu_ws/build/wall_follower_pid/install.log --single-version-externally-managed
