<<<<<<< HEAD
/home/rstole01/Documents/CapstoneGit/humble_ws/install/f1tenth_gym_ros/lib/python3.10/site-packages/f1tenth_gym_ros/gym_bridge.py
/home/rstole01/Documents/CapstoneGit/humble_ws/install/f1tenth_gym_ros/lib/python3.10/site-packages/f1tenth_gym_ros/__init__.py
/home/rstole01/Documents/CapstoneGit/humble_ws/install/f1tenth_gym_ros/lib/python3.10/site-packages/f1tenth_gym_ros/__pycache__/gym_bridge.cpython-310.pyc
/home/rstole01/Documents/CapstoneGit/humble_ws/install/f1tenth_gym_ros/lib/python3.10/site-packages/f1tenth_gym_ros/__pycache__/__init__.cpython-310.pyc
/home/rstole01/Documents/CapstoneGit/humble_ws/install/f1tenth_gym_ros/share/ament_index/resource_index/packages/f1tenth_gym_ros
/home/rstole01/Documents/CapstoneGit/humble_ws/install/f1tenth_gym_ros/share/f1tenth_gym_ros/package.xml
/home/rstole01/Documents/CapstoneGit/humble_ws/install/f1tenth_gym_ros/share/f1tenth_gym_ros/launch/gym_bridge_launch.py
/home/rstole01/Documents/CapstoneGit/humble_ws/install/f1tenth_gym_ros/share/f1tenth_gym_ros/launch/opp_racecar.xacro
/home/rstole01/Documents/CapstoneGit/humble_ws/install/f1tenth_gym_ros/share/f1tenth_gym_ros/launch/ego_racecar.xacro
/home/rstole01/Documents/CapstoneGit/humble_ws/install/f1tenth_gym_ros/share/f1tenth_gym_ros/launch/gym_bridge.rviz
/home/rstole01/Documents/CapstoneGit/humble_ws/install/f1tenth_gym_ros/share/f1tenth_gym_ros/config/f1tenth_online_async.yaml
/home/rstole01/Documents/CapstoneGit/humble_ws/install/f1tenth_gym_ros/share/f1tenth_gym_ros/config/sim.yaml
/home/rstole01/Documents/CapstoneGit/humble_ws/install/f1tenth_gym_ros/lib/python3.10/site-packages/f1tenth_gym_ros-0.0.0-py3.10.egg-info/top_level.txt
/home/rstole01/Documents/CapstoneGit/humble_ws/install/f1tenth_gym_ros/lib/python3.10/site-packages/f1tenth_gym_ros-0.0.0-py3.10.egg-info/SOURCES.txt
/home/rstole01/Documents/CapstoneGit/humble_ws/install/f1tenth_gym_ros/lib/python3.10/site-packages/f1tenth_gym_ros-0.0.0-py3.10.egg-info/PKG-INFO
/home/rstole01/Documents/CapstoneGit/humble_ws/install/f1tenth_gym_ros/lib/python3.10/site-packages/f1tenth_gym_ros-0.0.0-py3.10.egg-info/entry_points.txt
/home/rstole01/Documents/CapstoneGit/humble_ws/install/f1tenth_gym_ros/lib/python3.10/site-packages/f1tenth_gym_ros-0.0.0-py3.10.egg-info/dependency_links.txt
/home/rstole01/Documents/CapstoneGit/humble_ws/install/f1tenth_gym_ros/lib/python3.10/site-packages/f1tenth_gym_ros-0.0.0-py3.10.egg-info/zip-safe
/home/rstole01/Documents/CapstoneGit/humble_ws/install/f1tenth_gym_ros/lib/python3.10/site-packages/f1tenth_gym_ros-0.0.0-py3.10.egg-info/requires.txt
/home/rstole01/Documents/CapstoneGit/humble_ws/install/f1tenth_gym_ros/lib/f1tenth_gym_ros/gym_bridge
=======
/home/rstole01/Documents/CSE-596/humble_ws/install/f1tenth_gym_ros/lib/python3.10/site-packages/f1tenth_gym_ros/gym_bridge.py
/home/rstole01/Documents/CSE-596/humble_ws/install/f1tenth_gym_ros/lib/python3.10/site-packages/f1tenth_gym_ros/__init__.py
/home/rstole01/Documents/CSE-596/humble_ws/install/f1tenth_gym_ros/lib/python3.10/site-packages/f1tenth_gym_ros/__pycache__/gym_bridge.cpython-310.pyc
/home/rstole01/Documents/CSE-596/humble_ws/install/f1tenth_gym_ros/lib/python3.10/site-packages/f1tenth_gym_ros/__pycache__/__init__.cpython-310.pyc
/home/rstole01/Documents/CSE-596/humble_ws/install/f1tenth_gym_ros/share/ament_index/resource_index/packages/f1tenth_gym_ros
/home/rstole01/Documents/CSE-596/humble_ws/install/f1tenth_gym_ros/share/f1tenth_gym_ros/package.xml
/home/rstole01/Documents/CSE-596/humble_ws/install/f1tenth_gym_ros/share/f1tenth_gym_ros/launch/gym_bridge_launch.py
/home/rstole01/Documents/CSE-596/humble_ws/install/f1tenth_gym_ros/share/f1tenth_gym_ros/launch/opp_racecar.xacro
/home/rstole01/Documents/CSE-596/humble_ws/install/f1tenth_gym_ros/share/f1tenth_gym_ros/launch/ego_racecar.xacro
/home/rstole01/Documents/CSE-596/humble_ws/install/f1tenth_gym_ros/share/f1tenth_gym_ros/launch/gym_bridge.rviz
/home/rstole01/Documents/CSE-596/humble_ws/install/f1tenth_gym_ros/share/f1tenth_gym_ros/config/f1tenth_online_async.yaml
/home/rstole01/Documents/CSE-596/humble_ws/install/f1tenth_gym_ros/share/f1tenth_gym_ros/config/sim.yaml
/home/rstole01/Documents/CSE-596/humble_ws/install/f1tenth_gym_ros/lib/python3.10/site-packages/f1tenth_gym_ros-0.0.0-py3.10.egg-info/top_level.txt
/home/rstole01/Documents/CSE-596/humble_ws/install/f1tenth_gym_ros/lib/python3.10/site-packages/f1tenth_gym_ros-0.0.0-py3.10.egg-info/SOURCES.txt
/home/rstole01/Documents/CSE-596/humble_ws/install/f1tenth_gym_ros/lib/python3.10/site-packages/f1tenth_gym_ros-0.0.0-py3.10.egg-info/PKG-INFO
/home/rstole01/Documents/CSE-596/humble_ws/install/f1tenth_gym_ros/lib/python3.10/site-packages/f1tenth_gym_ros-0.0.0-py3.10.egg-info/entry_points.txt
/home/rstole01/Documents/CSE-596/humble_ws/install/f1tenth_gym_ros/lib/python3.10/site-packages/f1tenth_gym_ros-0.0.0-py3.10.egg-info/dependency_links.txt
/home/rstole01/Documents/CSE-596/humble_ws/install/f1tenth_gym_ros/lib/python3.10/site-packages/f1tenth_gym_ros-0.0.0-py3.10.egg-info/zip-safe
/home/rstole01/Documents/CSE-596/humble_ws/install/f1tenth_gym_ros/lib/python3.10/site-packages/f1tenth_gym_ros-0.0.0-py3.10.egg-info/requires.txt
/home/rstole01/Documents/CSE-596/humble_ws/install/f1tenth_gym_ros/lib/f1tenth_gym_ros/gym_bridge
>>>>>>> ce1a67ebf7edb694f0f93a1943a2aeb630cdb943
