-- The C compiler identification is GNU 11.4.0
-- The CXX compiler identification is GNU 11.4.0
-- Detecting C compiler ABI info
-- Detecting C compiler ABI info - done
-- Check for working C compiler: /usr/bin/cc - skipped
-- Detecting C compile features
-- Detecting C compile features - done
-- Detecting CXX compiler ABI info
-- Detecting CXX compiler ABI info - done
-- Check for working CXX compiler: /usr/bin/c++ - skipped
-- Detecting CXX compile features
-- Detecting CXX compile features - done
-- Found ament_cmake: 1.3.7 (/opt/ros/humble/share/ament_cmake/cmake)
-- Found Python3: /usr/bin/python3.10 (found version "3.10.12") found components: Interpreter 
-- Found rclcpp: 16.0.8 (/opt/ros/humble/share/rclcpp/cmake)
-- Found rosidl_generator_c: 3.1.5 (/opt/ros/humble/share/rosidl_generator_c/cmake)
-- Found rosidl_adapter: 3.1.5 (/opt/ros/humble/share/rosidl_adapter/cmake)
-- Found rosidl_generator_cpp: 3.1.5 (/opt/ros/humble/share/rosidl_generator_cpp/cmake)
-- Using all available rosidl_typesupport_c: rosidl_typesupport_fastrtps_c;rosidl_typesupport_introspection_c
-- Using all available rosidl_typesupport_cpp: rosidl_typesupport_fastrtps_cpp;rosidl_typesupport_introspection_cpp
-- Found rmw_implementation_cmake: 6.1.1 (/opt/ros/humble/share/rmw_implementation_cmake/cmake)
-- Found rmw_cyclonedds_cpp: 1.3.4 (/opt/ros/humble/share/rmw_cyclonedds_cpp/cmake)
-- Using RMW implementation 'rmw_cyclonedds_cpp' as default
-- Looking for pthread.h
-- Looking for pthread.h - found
-- Performing Test CMAKE_HAVE_LIBC_PTHREAD
-- Performing Test CMAKE_HAVE_LIBC_PTHREAD - Success
-- Found Threads: TRUE  
-- Found nav_msgs: 4.2.3 (/opt/ros/humble/share/nav_msgs/cmake)
-- Configuring done
-- Generating done
-- Build files have been written to: /home/rstole01/Documents/CSE-596/msu_ws/build/waypoint_publisher
[ 50%] [32mBuilding CXX object CMakeFiles/waypoint_publisher.dir/src/waypoint_publisher.cpp.o[0m
[100%] [32m[1mLinking CXX executable waypoint_publisher[0m
[100%] Built target waypoint_publisher
-- Install configuration: ""
-- Installing: /home/rstole01/Documents/CSE-596/msu_ws/install/waypoint_publisher/share/waypoint_publisher/data
-- Installing: /home/rstole01/Documents/CSE-596/msu_ws/install/waypoint_publisher/share/waypoint_publisher/data/IMS_raceline.csv
-- Installing: /home/rstole01/Documents/CSE-596/msu_ws/install/waypoint_publisher/share/waypoint_publisher/data/Spa_centerline.csv
-- Installing: /home/rstole01/Documents/CSE-596/msu_ws/install/waypoint_publisher/share/waypoint_publisher/data/Spa_raceline.csv
-- Installing: /home/rstole01/Documents/CSE-596/msu_ws/install/waypoint_publisher/share/waypoint_publisher/data/Oschersleben_raceline.csv
-- Installing: /home/rstole01/Documents/CSE-596/msu_ws/install/waypoint_publisher/share/waypoint_publisher/data/Spa_slammed_mincurv-0.15.csv
-- Installing: /home/rstole01/Documents/CSE-596/msu_ws/install/waypoint_publisher/share/waypoint_publisher/data/IMS_centerline.csv
-- Installing: /home/rstole01/Documents/CSE-596/msu_ws/install/waypoint_publisher/share/waypoint_publisher/data/campusmap_path.csv
-- Installing: /home/rstole01/Documents/CSE-596/msu_ws/install/waypoint_publisher/share/waypoint_publisher/data/Spa_slammed_mincurv-0.3.csv
-- Installing: /home/rstole01/Documents/CSE-596/msu_ws/install/waypoint_publisher/share/waypoint_publisher/data/Oschersleben_centerline.csv
-- Installing: /home/rstole01/Documents/CSE-596/msu_ws/install/waypoint_publisher/lib/waypoint_publisher/waypoint_publisher
-- Set runtime path of "/home/rstole01/Documents/CSE-596/msu_ws/install/waypoint_publisher/lib/waypoint_publisher/waypoint_publisher" to ""
-- Installing: /home/rstole01/Documents/CSE-596/msu_ws/install/waypoint_publisher/share/ament_index/resource_index/package_run_dependencies/waypoint_publisher
-- Installing: /home/rstole01/Documents/CSE-596/msu_ws/install/waypoint_publisher/share/ament_index/resource_index/parent_prefix_path/waypoint_publisher
-- Installing: /home/rstole01/Documents/CSE-596/msu_ws/install/waypoint_publisher/share/waypoint_publisher/environment/ament_prefix_path.sh
-- Installing: /home/rstole01/Documents/CSE-596/msu_ws/install/waypoint_publisher/share/waypoint_publisher/environment/ament_prefix_path.dsv
-- Installing: /home/rstole01/Documents/CSE-596/msu_ws/install/waypoint_publisher/share/waypoint_publisher/environment/path.sh
-- Installing: /home/rstole01/Documents/CSE-596/msu_ws/install/waypoint_publisher/share/waypoint_publisher/environment/path.dsv
-- Installing: /home/rstole01/Documents/CSE-596/msu_ws/install/waypoint_publisher/share/waypoint_publisher/local_setup.bash
-- Installing: /home/rstole01/Documents/CSE-596/msu_ws/install/waypoint_publisher/share/waypoint_publisher/local_setup.sh
-- Installing: /home/rstole01/Documents/CSE-596/msu_ws/install/waypoint_publisher/share/waypoint_publisher/local_setup.zsh
-- Installing: /home/rstole01/Documents/CSE-596/msu_ws/install/waypoint_publisher/share/waypoint_publisher/local_setup.dsv
-- Installing: /home/rstole01/Documents/CSE-596/msu_ws/install/waypoint_publisher/share/waypoint_publisher/package.dsv
-- Installing: /home/rstole01/Documents/CSE-596/msu_ws/install/waypoint_publisher/share/ament_index/resource_index/packages/waypoint_publisher
-- Installing: /home/rstole01/Documents/CSE-596/msu_ws/install/waypoint_publisher/share/waypoint_publisher/cmake/waypoint_publisherConfig.cmake
-- Installing: /home/rstole01/Documents/CSE-596/msu_ws/install/waypoint_publisher/share/waypoint_publisher/cmake/waypoint_publisherConfig-version.cmake
-- Installing: /home/rstole01/Documents/CSE-596/msu_ws/install/waypoint_publisher/share/waypoint_publisher/package.xml
