[1.928s] Invoking command in '/home/rstole01/Documents/CSE-596/msu_ws/build/waypoint_publisher': CMAKE_PREFIX_PATH=/opt/ros/humble /usr/bin/cmake /home/rstole01/Documents/CSE-596/msu_ws/src/waypoint_publisher -DCMAKE_INSTALL_PREFIX=/home/rstole01/Documents/CSE-596/msu_ws/install/waypoint_publisher
[2.113s] -- The C compiler identification is GNU 11.4.0
[2.386s] -- The CXX compiler identification is GNU 11.4.0
[2.419s] -- Detecting C compiler ABI info
[2.731s] -- Detecting C compiler ABI info - done
[2.764s] -- Check for working C compiler: /usr/bin/cc - skipped
[2.765s] -- Detecting C compile features
[2.766s] -- Detecting C compile features - done
[2.782s] -- Detecting CXX compiler ABI info
[3.094s] -- Detecting CXX compiler ABI info - done
[3.130s] -- Check for working CXX compiler: /usr/bin/c++ - skipped
[3.131s] -- Detecting CXX compile features
[3.133s] -- Detecting CXX compile features - done
[3.141s] -- Found ament_cmake: 1.3.7 (/opt/ros/humble/share/ament_cmake/cmake)
[3.715s] -- Found Python3: /usr/bin/python3.10 (found version "3.10.12") found components: Interpreter 
[4.069s] -- Found rclcpp: 16.0.8 (/opt/ros/humble/share/rclcpp/cmake)
[4.267s] -- Found rosidl_generator_c: 3.1.5 (/opt/ros/humble/share/rosidl_generator_c/cmake)
[4.284s] -- Found rosidl_adapter: 3.1.5 (/opt/ros/humble/share/rosidl_adapter/cmake)
[4.315s] -- Found rosidl_generator_cpp: 3.1.5 (/opt/ros/humble/share/rosidl_generator_cpp/cmake)
[4.368s] -- Using all available rosidl_typesupport_c: rosidl_typesupport_fastrtps_c;rosidl_typesupport_introspection_c
[4.442s] -- Using all available rosidl_typesupport_cpp: rosidl_typesupport_fastrtps_cpp;rosidl_typesupport_introspection_cpp
[4.743s] -- Found rmw_implementation_cmake: 6.1.1 (/opt/ros/humble/share/rmw_implementation_cmake/cmake)
[4.760s] -- Found rmw_cyclonedds_cpp: 1.3.4 (/opt/ros/humble/share/rmw_cyclonedds_cpp/cmake)
[4.926s] -- Using RMW implementation 'rmw_cyclonedds_cpp' as default
[4.959s] -- Looking for pthread.h
[5.220s] -- Looking for pthread.h - found
[5.220s] -- Performing Test CMAKE_HAVE_LIBC_PTHREAD
[5.451s] -- Performing Test CMAKE_HAVE_LIBC_PTHREAD - Success
[5.454s] -- Found Threads: TRUE  
[6.223s] -- Found nav_msgs: 4.2.3 (/opt/ros/humble/share/nav_msgs/cmake)
[7.401s] -- Configuring done
[7.435s] -- Generating done
[7.441s] -- Build files have been written to: /home/rstole01/Documents/CSE-596/msu_ws/build/waypoint_publisher
[7.602s] Invoked command in '/home/rstole01/Documents/CSE-596/msu_ws/build/waypoint_publisher' returned '0': CMAKE_PREFIX_PATH=/opt/ros/humble /usr/bin/cmake /home/rstole01/Documents/CSE-596/msu_ws/src/waypoint_publisher -DCMAKE_INSTALL_PREFIX=/home/rstole01/Documents/CSE-596/msu_ws/install/waypoint_publisher
[7.604s] Invoking command in '/home/rstole01/Documents/CSE-596/msu_ws/build/waypoint_publisher': CMAKE_PREFIX_PATH=/opt/ros/humble /usr/bin/cmake --build /home/rstole01/Documents/CSE-596/msu_ws/build/waypoint_publisher -- -j8 -l8
[10.292s] [ 50%] [32mBuilding CXX object CMakeFiles/waypoint_publisher.dir/src/waypoint_publisher.cpp.o[0m
[30.954s] [100%] [32m[1mLinking CXX executable waypoint_publisher[0m
[31.454s] [100%] Built target waypoint_publisher
[33.807s] Invoked command in '/home/rstole01/Documents/CSE-596/msu_ws/build/waypoint_publisher' returned '0': CMAKE_PREFIX_PATH=/opt/ros/humble /usr/bin/cmake --build /home/rstole01/Documents/CSE-596/msu_ws/build/waypoint_publisher -- -j8 -l8
[34.178s] Invoking command in '/home/rstole01/Documents/CSE-596/msu_ws/build/waypoint_publisher': CMAKE_PREFIX_PATH=/opt/ros/humble /usr/bin/cmake --install /home/rstole01/Documents/CSE-596/msu_ws/build/waypoint_publisher
[34.210s] -- Install configuration: ""
[34.211s] -- Installing: /home/rstole01/Documents/CSE-596/msu_ws/install/waypoint_publisher/share/waypoint_publisher/data
[34.211s] -- Installing: /home/rstole01/Documents/CSE-596/msu_ws/install/waypoint_publisher/share/waypoint_publisher/data/IMS_raceline.csv
[34.212s] -- Installing: /home/rstole01/Documents/CSE-596/msu_ws/install/waypoint_publisher/share/waypoint_publisher/data/Spa_centerline.csv
[34.212s] -- Installing: /home/rstole01/Documents/CSE-596/msu_ws/install/waypoint_publisher/share/waypoint_publisher/data/Spa_raceline.csv
[34.213s] -- Installing: /home/rstole01/Documents/CSE-596/msu_ws/install/waypoint_publisher/share/waypoint_publisher/data/Oschersleben_raceline.csv
[34.214s] -- Installing: /home/rstole01/Documents/CSE-596/msu_ws/install/waypoint_publisher/share/waypoint_publisher/data/Spa_slammed_mincurv-0.15.csv
[34.215s] -- Installing: /home/rstole01/Documents/CSE-596/msu_ws/install/waypoint_publisher/share/waypoint_publisher/data/IMS_centerline.csv
[34.215s] -- Installing: /home/rstole01/Documents/CSE-596/msu_ws/install/waypoint_publisher/share/waypoint_publisher/data/campusmap_path.csv
[34.216s] -- Installing: /home/rstole01/Documents/CSE-596/msu_ws/install/waypoint_publisher/share/waypoint_publisher/data/Spa_slammed_mincurv-0.3.csv
[34.216s] -- Installing: /home/rstole01/Documents/CSE-596/msu_ws/install/waypoint_publisher/share/waypoint_publisher/data/Oschersleben_centerline.csv
[34.233s] -- Installing: /home/rstole01/Documents/CSE-596/msu_ws/install/waypoint_publisher/lib/waypoint_publisher/waypoint_publisher
[34.238s] -- Set runtime path of "/home/rstole01/Documents/CSE-596/msu_ws/install/waypoint_publisher/lib/waypoint_publisher/waypoint_publisher" to ""
[34.238s] -- Installing: /home/rstole01/Documents/CSE-596/msu_ws/install/waypoint_publisher/share/ament_index/resource_index/package_run_dependencies/waypoint_publisher
[34.264s] -- Installing: /home/rstole01/Documents/CSE-596/msu_ws/install/waypoint_publisher/share/ament_index/resource_index/parent_prefix_path/waypoint_publisher
[34.264s] -- Installing: /home/rstole01/Documents/CSE-596/msu_ws/install/waypoint_publisher/share/waypoint_publisher/environment/ament_prefix_path.sh
[34.265s] -- Installing: /home/rstole01/Documents/CSE-596/msu_ws/install/waypoint_publisher/share/waypoint_publisher/environment/ament_prefix_path.dsv
[34.265s] -- Installing: /home/rstole01/Documents/CSE-596/msu_ws/install/waypoint_publisher/share/waypoint_publisher/environment/path.sh
[34.266s] -- Installing: /home/rstole01/Documents/CSE-596/msu_ws/install/waypoint_publisher/share/waypoint_publisher/environment/path.dsv
[34.266s] -- Installing: /home/rstole01/Documents/CSE-596/msu_ws/install/waypoint_publisher/share/waypoint_publisher/local_setup.bash
[34.267s] -- Installing: /home/rstole01/Documents/CSE-596/msu_ws/install/waypoint_publisher/share/waypoint_publisher/local_setup.sh
[34.267s] -- Installing: /home/rstole01/Documents/CSE-596/msu_ws/install/waypoint_publisher/share/waypoint_publisher/local_setup.zsh
[34.268s] -- Installing: /home/rstole01/Documents/CSE-596/msu_ws/install/waypoint_publisher/share/waypoint_publisher/local_setup.dsv
[34.268s] -- Installing: /home/rstole01/Documents/CSE-596/msu_ws/install/waypoint_publisher/share/waypoint_publisher/package.dsv
[34.269s] -- Installing: /home/rstole01/Documents/CSE-596/msu_ws/install/waypoint_publisher/share/ament_index/resource_index/packages/waypoint_publisher
[34.269s] -- Installing: /home/rstole01/Documents/CSE-596/msu_ws/install/waypoint_publisher/share/waypoint_publisher/cmake/waypoint_publisherConfig.cmake
[34.270s] -- Installing: /home/rstole01/Documents/CSE-596/msu_ws/install/waypoint_publisher/share/waypoint_publisher/cmake/waypoint_publisherConfig-version.cmake
[34.271s] -- Installing: /home/rstole01/Documents/CSE-596/msu_ws/install/waypoint_publisher/share/waypoint_publisher/package.xml
[34.291s] Invoked command in '/home/rstole01/Documents/CSE-596/msu_ws/build/waypoint_publisher' returned '0': CMAKE_PREFIX_PATH=/opt/ros/humble /usr/bin/cmake --install /home/rstole01/Documents/CSE-596/msu_ws/build/waypoint_publisher
