[8.407s] Invoking command in '/home/rstole01/Documents/CSE-596/msu_ws/src/plexer360': CMAKE_PREFIX_PATH=/home/rstole01/Documents/CSE-596/msu_ws/install/ackermann_msgs:/home/rstole01/Documents/CSE-596/msu_ws/install/waypoint_publisher:/home/rstole01/Documents/CSE-596/msu_ws/install/slam_toolbox:/home/rstole01/Documents/CSE-596/msu_ws/install/qlearn_interfaces:/home/rstole01/Documents/CSE-596/msu_ws/install/pid_msgs:/home/rstole01/Documents/CSE-596/msu_ws/install/my_messages LD_LIBRARY_PATH=/home/rstole01/Documents/CSE-596/msu_ws/install/ackermann_msgs/lib:/home/rstole01/Documents/CSE-596/msu_ws/install/slam_toolbox/lib:/home/rstole01/Documents/CSE-596/msu_ws/install/qlearn_interfaces/lib:/home/rstole01/Documents/CSE-596/msu_ws/install/pid_msgs/lib:/home/rstole01/Documents/CSE-596/msu_ws/install/my_messages/lib:/usr/lib/x86_64-linux-gnu/gazebo-11/plugins:/opt/ros/humble/opt/rviz_ogre_vendor/lib:/opt/ros/humble/lib/x86_64-linux-gnu:/opt/ros/humble/lib PYTHONPATH=/home/rstole01/Documents/CSE-596/msu_ws/build/plexer360/prefix_override:/home/rstole01/Documents/CSE-596/msu_ws/install/plexer360/lib/python3.10/site-packages:${PYTHONPATH} /usr/bin/python3 setup.py egg_info --egg-base ../../build/plexer360 build --build-base /home/rstole01/Documents/CSE-596/msu_ws/build/plexer360/build install --record /home/rstole01/Documents/CSE-596/msu_ws/build/plexer360/install.log --single-version-externally-managed
[9.396s] running egg_info
[9.398s] writing ../../build/plexer360/plexer360.egg-info/PKG-INFO
[9.399s] writing dependency_links to ../../build/plexer360/plexer360.egg-info/dependency_links.txt
[9.399s] writing entry points to ../../build/plexer360/plexer360.egg-info/entry_points.txt
[9.400s] writing requirements to ../../build/plexer360/plexer360.egg-info/requires.txt
[9.401s] writing top-level names to ../../build/plexer360/plexer360.egg-info/top_level.txt
[9.406s] reading manifest file '../../build/plexer360/plexer360.egg-info/SOURCES.txt'
[9.409s] writing manifest file '../../build/plexer360/plexer360.egg-info/SOURCES.txt'
[9.410s] running build
[9.410s] running build_py
[9.411s] running install
[9.412s] /usr/lib/python3/dist-packages/setuptools/command/install.py:34: SetuptoolsDeprecationWarning: setup.py install is deprecated. Use build and pip and other standards-based tools.
[9.413s]   warnings.warn(
[9.415s] running install_lib
[9.418s] running install_data
[9.419s] running install_egg_info
[9.426s] removing '/home/rstole01/Documents/CSE-596/msu_ws/install/plexer360/lib/python3.10/site-packages/plexer360-0.0.0-py3.10.egg-info' (and everything under it)
[9.427s] Copying ../../build/plexer360/plexer360.egg-info to /home/rstole01/Documents/CSE-596/msu_ws/install/plexer360/lib/python3.10/site-packages/plexer360-0.0.0-py3.10.egg-info
[9.428s] running install_scripts
[9.498s] Installing dec script to /home/rstole01/Documents/CSE-596/msu_ws/install/plexer360/lib/plexer360
[9.498s] Installing learn script to /home/rstole01/Documents/CSE-596/msu_ws/install/plexer360/lib/plexer360
[9.499s] Installing pub script to /home/rstole01/Documents/CSE-596/msu_ws/install/plexer360/lib/plexer360
[9.500s] Installing sub script to /home/rstole01/Documents/CSE-596/msu_ws/install/plexer360/lib/plexer360
[9.501s] writing list of installed files to '/home/rstole01/Documents/CSE-596/msu_ws/build/plexer360/install.log'
[9.832s] Invoked command in '/home/rstole01/Documents/CSE-596/msu_ws/src/plexer360' returned '0': CMAKE_PREFIX_PATH=/home/rstole01/Documents/CSE-596/msu_ws/install/ackermann_msgs:/home/rstole01/Documents/CSE-596/msu_ws/install/waypoint_publisher:/home/rstole01/Documents/CSE-596/msu_ws/install/slam_toolbox:/home/rstole01/Documents/CSE-596/msu_ws/install/qlearn_interfaces:/home/rstole01/Documents/CSE-596/msu_ws/install/pid_msgs:/home/rstole01/Documents/CSE-596/msu_ws/install/my_messages LD_LIBRARY_PATH=/home/rstole01/Documents/CSE-596/msu_ws/install/ackermann_msgs/lib:/home/rstole01/Documents/CSE-596/msu_ws/install/slam_toolbox/lib:/home/rstole01/Documents/CSE-596/msu_ws/install/qlearn_interfaces/lib:/home/rstole01/Documents/CSE-596/msu_ws/install/pid_msgs/lib:/home/rstole01/Documents/CSE-596/msu_ws/install/my_messages/lib:/usr/lib/x86_64-linux-gnu/gazebo-11/plugins:/opt/ros/humble/opt/rviz_ogre_vendor/lib:/opt/ros/humble/lib/x86_64-linux-gnu:/opt/ros/humble/lib PYTHONPATH=/home/rstole01/Documents/CSE-596/msu_ws/build/plexer360/prefix_override:/home/rstole01/Documents/CSE-596/msu_ws/install/plexer360/lib/python3.10/site-packages:${PYTHONPATH} /usr/bin/python3 setup.py egg_info --egg-base ../../build/plexer360 build --build-base /home/rstole01/Documents/CSE-596/msu_ws/build/plexer360/build install --record /home/rstole01/Documents/CSE-596/msu_ws/build/plexer360/install.log --single-version-externally-managed
