[0.677s] Invoking command in '/home/rstole01/Documents/CapstoneGit/humble_ws/build/pid_lab': CMAKE_PREFIX_PATH=${CMAKE_PREFIX_PATH}:/home/rstole01/Documents/CapstoneGit/humble_ws/install/waypoint_logger:/home/rstole01/Documents/CapstoneGit/humble_ws/install/scan_pubsub:/home/rstole01/Documents/CapstoneGit/humble_ws/install/cpp_pubsub:/home/rstole01/Documents/CapstoneGit/humble_ws/install/tutorial_interfaces:/home/rstole01/Documents/CapstoneGit/humble_ws/install/pid_lab:/home/rstole01/Documents/CapstoneGit/humble_ws/install/lab1_package:/home/rstole01/Documents/CapstoneGit/humble_ws/install/f1tenth_gym_ros:/home/rstole01/Documents/CapstoneGit/humble_ws/install/aeb_lab:/opt/ros/humble /usr/bin/cmake /home/rstole01/Documents/CapstoneGit/humble_ws/src/pid_lab -DCMAKE_INSTALL_PREFIX=/home/rstole01/Documents/CapstoneGit/humble_ws/install/pid_lab
[0.798s] -- The C compiler identification is GNU 11.4.0
[0.937s] -- The CXX compiler identification is GNU 11.4.0
[0.951s] -- Detecting C compiler ABI info
[1.110s] -- Detecting C compiler ABI info - done
[1.144s] -- Check for working C compiler: /usr/bin/cc - skipped
[1.144s] -- Detecting C compile features
[1.145s] -- Detecting C compile features - done
[1.156s] -- Detecting CXX compiler ABI info
[1.357s] -- Detecting CXX compiler ABI info - done
[1.392s] -- Check for working CXX compiler: /usr/bin/c++ - skipped
[1.392s] -- Detecting CXX compile features
[1.393s] -- Detecting CXX compile features - done
[1.403s] -- Found ament_cmake: 1.3.8 (/opt/ros/humble/share/ament_cmake/cmake)
[1.828s] -- Found Python3: /usr/bin/python3 (found version "3.10.12") found components: Interpreter 
[2.126s] -- Found rclcpp: 16.0.8 (/opt/ros/humble/share/rclcpp/cmake)
[2.292s] -- Found rosidl_generator_c: 3.1.5 (/opt/ros/humble/share/rosidl_generator_c/cmake)
[2.317s] -- Found rosidl_adapter: 3.1.5 (/opt/ros/humble/share/rosidl_adapter/cmake)
[2.353s] -- Found rosidl_generator_cpp: 3.1.5 (/opt/ros/humble/share/rosidl_generator_cpp/cmake)
[2.411s] -- Using all available rosidl_typesupport_c: rosidl_typesupport_fastrtps_c;rosidl_typesupport_introspection_c
[2.474s] -- Using all available rosidl_typesupport_cpp: rosidl_typesupport_fastrtps_cpp;rosidl_typesupport_introspection_cpp
[2.757s] -- Found rmw_implementation_cmake: 6.1.1 (/opt/ros/humble/share/rmw_implementation_cmake/cmake)
[2.771s] -- Found rmw_cyclonedds_cpp: 1.3.4 (/opt/ros/humble/share/rmw_cyclonedds_cpp/cmake)
[2.928s] -- Using RMW implementation 'rmw_cyclonedds_cpp' as default
[2.976s] -- Looking for pthread.h
[3.184s] -- Looking for pthread.h - found
[3.184s] -- Performing Test CMAKE_HAVE_LIBC_PTHREAD
[3.386s] -- Performing Test CMAKE_HAVE_LIBC_PTHREAD - Success
[3.387s] -- Found Threads: TRUE  
[4.046s] -- Found rclpy: 3.3.12 (/opt/ros/humble/share/rclpy/cmake)
[4.056s] -- Found geometry_msgs: 4.2.3 (/opt/ros/humble/share/geometry_msgs/cmake)
[4.235s] -- Found nav_msgs: 4.2.3 (/opt/ros/humble/share/nav_msgs/cmake)
[4.481s] -- Found ackermann_msgs: 2.0.2 (/opt/ros/humble/share/ackermann_msgs/cmake)
[4.578s] -- Found sensor_msgs: 4.2.3 (/opt/ros/humble/share/sensor_msgs/cmake)
[4.770s] -- Found ament_lint_auto: 0.12.10 (/opt/ros/humble/share/ament_lint_auto/cmake)
[4.993s] -- Added test 'copyright' to check source files copyright and LICENSE
[4.995s] -- Added test 'cppcheck' to perform static code analysis on C / C++ code
[4.996s] -- Configured cppcheck include dirs: /home/rstole01/Documents/CapstoneGit/humble_ws/src/pid_lab/include
[4.996s] -- Configured cppcheck exclude dirs and/or files: 
[4.998s] -- Added test 'cpplint' to check C / C++ code against the Google style
[4.998s] -- Configured cpplint exclude dirs and/or files: 
[5.000s] -- Added test 'lint_cmake' to check CMake code style
[5.003s] -- Added test 'uncrustify' to check C / C++ code style
[5.003s] -- Configured uncrustify additional arguments: 
[5.004s] -- Added test 'xmllint' to check XML markup files
[5.007s] -- Configuring done
[5.028s] -- Generating done
[5.031s] -- Build files have been written to: /home/rstole01/Documents/CapstoneGit/humble_ws/build/pid_lab
[5.045s] Invoked command in '/home/rstole01/Documents/CapstoneGit/humble_ws/build/pid_lab' returned '0': CMAKE_PREFIX_PATH=${CMAKE_PREFIX_PATH}:/home/rstole01/Documents/CapstoneGit/humble_ws/install/waypoint_logger:/home/rstole01/Documents/CapstoneGit/humble_ws/install/scan_pubsub:/home/rstole01/Documents/CapstoneGit/humble_ws/install/cpp_pubsub:/home/rstole01/Documents/CapstoneGit/humble_ws/install/tutorial_interfaces:/home/rstole01/Documents/CapstoneGit/humble_ws/install/pid_lab:/home/rstole01/Documents/CapstoneGit/humble_ws/install/lab1_package:/home/rstole01/Documents/CapstoneGit/humble_ws/install/f1tenth_gym_ros:/home/rstole01/Documents/CapstoneGit/humble_ws/install/aeb_lab:/opt/ros/humble /usr/bin/cmake /home/rstole01/Documents/CapstoneGit/humble_ws/src/pid_lab -DCMAKE_INSTALL_PREFIX=/home/rstole01/Documents/CapstoneGit/humble_ws/install/pid_lab
[5.047s] Invoking command in '/home/rstole01/Documents/CapstoneGit/humble_ws/build/pid_lab': CMAKE_PREFIX_PATH=${CMAKE_PREFIX_PATH}:/home/rstole01/Documents/CapstoneGit/humble_ws/install/waypoint_logger:/home/rstole01/Documents/CapstoneGit/humble_ws/install/scan_pubsub:/home/rstole01/Documents/CapstoneGit/humble_ws/install/cpp_pubsub:/home/rstole01/Documents/CapstoneGit/humble_ws/install/tutorial_interfaces:/home/rstole01/Documents/CapstoneGit/humble_ws/install/pid_lab:/home/rstole01/Documents/CapstoneGit/humble_ws/install/lab1_package:/home/rstole01/Documents/CapstoneGit/humble_ws/install/f1tenth_gym_ros:/home/rstole01/Documents/CapstoneGit/humble_ws/install/aeb_lab:/opt/ros/humble /usr/bin/cmake --build /home/rstole01/Documents/CapstoneGit/humble_ws/build/pid_lab -- -j8 -l8
[5.153s] [ 50%] [32mBuilding CXX object CMakeFiles/pid.dir/src/wall_follow_node.cpp.o[0m
[27.042s] [100%] [32m[1mLinking CXX executable pid[0m
[28.118s] [100%] Built target pid
[28.141s] Invoked command in '/home/rstole01/Documents/CapstoneGit/humble_ws/build/pid_lab' returned '0': CMAKE_PREFIX_PATH=${CMAKE_PREFIX_PATH}:/home/rstole01/Documents/CapstoneGit/humble_ws/install/waypoint_logger:/home/rstole01/Documents/CapstoneGit/humble_ws/install/scan_pubsub:/home/rstole01/Documents/CapstoneGit/humble_ws/install/cpp_pubsub:/home/rstole01/Documents/CapstoneGit/humble_ws/install/tutorial_interfaces:/home/rstole01/Documents/CapstoneGit/humble_ws/install/pid_lab:/home/rstole01/Documents/CapstoneGit/humble_ws/install/lab1_package:/home/rstole01/Documents/CapstoneGit/humble_ws/install/f1tenth_gym_ros:/home/rstole01/Documents/CapstoneGit/humble_ws/install/aeb_lab:/opt/ros/humble /usr/bin/cmake --build /home/rstole01/Documents/CapstoneGit/humble_ws/build/pid_lab -- -j8 -l8
[28.197s] Invoking command in '/home/rstole01/Documents/CapstoneGit/humble_ws/build/pid_lab': CMAKE_PREFIX_PATH=${CMAKE_PREFIX_PATH}:/home/rstole01/Documents/CapstoneGit/humble_ws/install/waypoint_logger:/home/rstole01/Documents/CapstoneGit/humble_ws/install/scan_pubsub:/home/rstole01/Documents/CapstoneGit/humble_ws/install/cpp_pubsub:/home/rstole01/Documents/CapstoneGit/humble_ws/install/tutorial_interfaces:/home/rstole01/Documents/CapstoneGit/humble_ws/install/pid_lab:/home/rstole01/Documents/CapstoneGit/humble_ws/install/lab1_package:/home/rstole01/Documents/CapstoneGit/humble_ws/install/f1tenth_gym_ros:/home/rstole01/Documents/CapstoneGit/humble_ws/install/aeb_lab:/opt/ros/humble /usr/bin/cmake --install /home/rstole01/Documents/CapstoneGit/humble_ws/build/pid_lab
[28.218s] -- Install configuration: ""
[28.219s] -- Installing: /home/rstole01/Documents/CapstoneGit/humble_ws/install/pid_lab/lib/pid_lab/pid
[28.231s] -- Set runtime path of "/home/rstole01/Documents/CapstoneGit/humble_ws/install/pid_lab/lib/pid_lab/pid" to ""
[28.231s] -- Installing: /home/rstole01/Documents/CapstoneGit/humble_ws/install/pid_lab/share/ament_index/resource_index/package_run_dependencies/pid_lab
[28.231s] -- Installing: /home/rstole01/Documents/CapstoneGit/humble_ws/install/pid_lab/share/ament_index/resource_index/parent_prefix_path/pid_lab
[28.232s] -- Up-to-date: /home/rstole01/Documents/CapstoneGit/humble_ws/install/pid_lab/share/pid_lab/environment/ament_prefix_path.sh
[28.232s] -- Installing: /home/rstole01/Documents/CapstoneGit/humble_ws/install/pid_lab/share/pid_lab/environment/ament_prefix_path.dsv
[28.232s] -- Up-to-date: /home/rstole01/Documents/CapstoneGit/humble_ws/install/pid_lab/share/pid_lab/environment/path.sh
[28.233s] -- Installing: /home/rstole01/Documents/CapstoneGit/humble_ws/install/pid_lab/share/pid_lab/environment/path.dsv
[28.233s] -- Installing: /home/rstole01/Documents/CapstoneGit/humble_ws/install/pid_lab/share/pid_lab/local_setup.bash
[28.233s] -- Installing: /home/rstole01/Documents/CapstoneGit/humble_ws/install/pid_lab/share/pid_lab/local_setup.sh
[28.234s] -- Installing: /home/rstole01/Documents/CapstoneGit/humble_ws/install/pid_lab/share/pid_lab/local_setup.zsh
[28.235s] -- Installing: /home/rstole01/Documents/CapstoneGit/humble_ws/install/pid_lab/share/pid_lab/local_setup.dsv
[28.235s] -- Installing: /home/rstole01/Documents/CapstoneGit/humble_ws/install/pid_lab/share/pid_lab/package.dsv
[28.236s] -- Installing: /home/rstole01/Documents/CapstoneGit/humble_ws/install/pid_lab/share/ament_index/resource_index/packages/pid_lab
[28.236s] -- Installing: /home/rstole01/Documents/CapstoneGit/humble_ws/install/pid_lab/share/pid_lab/cmake/pid_labConfig.cmake
[28.236s] -- Installing: /home/rstole01/Documents/CapstoneGit/humble_ws/install/pid_lab/share/pid_lab/cmake/pid_labConfig-version.cmake
[28.237s] -- Up-to-date: /home/rstole01/Documents/CapstoneGit/humble_ws/install/pid_lab/share/pid_lab/package.xml
[28.241s] Invoked command in '/home/rstole01/Documents/CapstoneGit/humble_ws/build/pid_lab' returned '0': CMAKE_PREFIX_PATH=${CMAKE_PREFIX_PATH}:/home/rstole01/Documents/CapstoneGit/humble_ws/install/waypoint_logger:/home/rstole01/Documents/CapstoneGit/humble_ws/install/scan_pubsub:/home/rstole01/Documents/CapstoneGit/humble_ws/install/cpp_pubsub:/home/rstole01/Documents/CapstoneGit/humble_ws/install/tutorial_interfaces:/home/rstole01/Documents/CapstoneGit/humble_ws/install/pid_lab:/home/rstole01/Documents/CapstoneGit/humble_ws/install/lab1_package:/home/rstole01/Documents/CapstoneGit/humble_ws/install/f1tenth_gym_ros:/home/rstole01/Documents/CapstoneGit/humble_ws/install/aeb_lab:/opt/ros/humble /usr/bin/cmake --install /home/rstole01/Documents/CapstoneGit/humble_ws/build/pid_lab
