[0.639s] Invoking command in '/home/rstole01/Documents/CapstoneGit/humble_ws/build/pursuit_lab': CMAKE_PREFIX_PATH=${CMAKE_PREFIX_PATH}:/home/rstole01/Documents/CapstoneGit/humble_ws/install/waypoint_logger:/home/rstole01/Documents/CapstoneGit/humble_ws/install/f1tenth_gym_ros:/opt/ros/humble /usr/bin/cmake /home/rstole01/Documents/CapstoneGit/humble_ws/src/pursuit_lab -DCMAKE_INSTALL_PREFIX=/home/rstole01/Documents/CapstoneGit/humble_ws/install/pursuit_lab
[0.795s] -- The C compiler identification is GNU 11.4.0
[0.969s] -- The CXX compiler identification is GNU 11.4.0
[0.991s] -- Detecting C compiler ABI info
[1.177s] -- Detecting C compiler ABI info - done
[1.206s] -- Check for working C compiler: /usr/bin/cc - skipped
[1.207s] -- Detecting C compile features
[1.209s] -- Detecting C compile features - done
[1.220s] -- Detecting CXX compiler ABI info
[1.452s] -- Detecting CXX compiler ABI info - done
[1.486s] -- Check for working CXX compiler: /usr/bin/c++ - skipped
[1.488s] -- Detecting CXX compile features
[1.490s] -- Detecting CXX compile features - done
[1.501s] -- Found ament_cmake: 1.3.8 (/opt/ros/humble/share/ament_cmake/cmake)
[1.929s] -- Found Python3: /usr/bin/python3 (found version "3.10.12") found components: Interpreter 
[2.281s] -- Found rclcpp: 16.0.8 (/opt/ros/humble/share/rclcpp/cmake)
[2.484s] -- Found rosidl_generator_c: 3.1.5 (/opt/ros/humble/share/rosidl_generator_c/cmake)
[2.512s] -- Found rosidl_adapter: 3.1.5 (/opt/ros/humble/share/rosidl_adapter/cmake)
[2.551s] -- Found rosidl_generator_cpp: 3.1.5 (/opt/ros/humble/share/rosidl_generator_cpp/cmake)
[2.611s] -- Using all available rosidl_typesupport_c: rosidl_typesupport_fastrtps_c;rosidl_typesupport_introspection_c
[2.694s] -- Using all available rosidl_typesupport_cpp: rosidl_typesupport_fastrtps_cpp;rosidl_typesupport_introspection_cpp
[3.048s] -- Found rmw_implementation_cmake: 6.1.1 (/opt/ros/humble/share/rmw_implementation_cmake/cmake)
[3.061s] -- Found rmw_cyclonedds_cpp: 1.3.4 (/opt/ros/humble/share/rmw_cyclonedds_cpp/cmake)
[3.230s] -- Using RMW implementation 'rmw_cyclonedds_cpp' as default
[3.280s] -- Looking for pthread.h
[3.507s] -- Looking for pthread.h - found
[3.508s] -- Performing Test CMAKE_HAVE_LIBC_PTHREAD
[3.693s] -- Performing Test CMAKE_HAVE_LIBC_PTHREAD - Success
[3.695s] -- Found Threads: TRUE  
[4.149s] -- Found rclpy: 3.3.12 (/opt/ros/humble/share/rclpy/cmake)
[4.155s] -- Found geometry_msgs: 4.2.3 (/opt/ros/humble/share/geometry_msgs/cmake)
[4.262s] -- Found nav_msgs: 4.2.3 (/opt/ros/humble/share/nav_msgs/cmake)
[4.515s] -- Found ackermann_msgs: 2.0.2 (/opt/ros/humble/share/ackermann_msgs/cmake)
[4.632s] -- Found sensor_msgs: 4.2.3 (/opt/ros/humble/share/sensor_msgs/cmake)
[4.868s] -- Found visualization_msgs: 4.2.3 (/opt/ros/humble/share/visualization_msgs/cmake)
[5.147s] -- Found tf2_ros: 0.25.6 (/opt/ros/humble/share/tf2_ros/cmake)
[6.669s] -- Found ament_lint_auto: 0.12.10 (/opt/ros/humble/share/ament_lint_auto/cmake)
[7.031s] -- Added test 'copyright' to check source files copyright and LICENSE
[7.039s] -- Added test 'flake8' to check Python code syntax and style conventions
[7.041s] -- Added test 'lint_cmake' to check CMake code style
[7.043s] -- Added test 'pep257' to check Python code against some of the docstring style conventions in PEP 257
[7.048s] -- Added test 'xmllint' to check XML markup files
[7.053s] -- Configuring done
[7.073s] -- Generating done
[7.079s] -- Build files have been written to: /home/rstole01/Documents/CapstoneGit/humble_ws/build/pursuit_lab
[7.104s] Invoked command in '/home/rstole01/Documents/CapstoneGit/humble_ws/build/pursuit_lab' returned '0': CMAKE_PREFIX_PATH=${CMAKE_PREFIX_PATH}:/home/rstole01/Documents/CapstoneGit/humble_ws/install/waypoint_logger:/home/rstole01/Documents/CapstoneGit/humble_ws/install/f1tenth_gym_ros:/opt/ros/humble /usr/bin/cmake /home/rstole01/Documents/CapstoneGit/humble_ws/src/pursuit_lab -DCMAKE_INSTALL_PREFIX=/home/rstole01/Documents/CapstoneGit/humble_ws/install/pursuit_lab
[7.108s] Invoking command in '/home/rstole01/Documents/CapstoneGit/humble_ws/build/pursuit_lab': CMAKE_PREFIX_PATH=${CMAKE_PREFIX_PATH}:/home/rstole01/Documents/CapstoneGit/humble_ws/install/waypoint_logger:/home/rstole01/Documents/CapstoneGit/humble_ws/install/f1tenth_gym_ros:/opt/ros/humble /usr/bin/cmake --build /home/rstole01/Documents/CapstoneGit/humble_ws/build/pursuit_lab -- -j8 -l8
[7.283s] Built target ament_cmake_python_copy_pursuit_lab_setup
[7.297s] Built target ament_cmake_python_copy_pursuit_lab
[8.319s] running egg_info
[8.335s] creating pursuit_lab.egg-info
[8.335s] writing pursuit_lab.egg-info/PKG-INFO
[8.336s] writing dependency_links to pursuit_lab.egg-info/dependency_links.txt
[8.337s] writing top-level names to pursuit_lab.egg-info/top_level.txt
[8.337s] writing manifest file 'pursuit_lab.egg-info/SOURCES.txt'
[8.346s] reading manifest file 'pursuit_lab.egg-info/SOURCES.txt'
[8.352s] writing manifest file 'pursuit_lab.egg-info/SOURCES.txt'
[8.478s] Built target ament_cmake_python_build_pursuit_lab_egg
[8.544s] Invoked command in '/home/rstole01/Documents/CapstoneGit/humble_ws/build/pursuit_lab' returned '0': CMAKE_PREFIX_PATH=${CMAKE_PREFIX_PATH}:/home/rstole01/Documents/CapstoneGit/humble_ws/install/waypoint_logger:/home/rstole01/Documents/CapstoneGit/humble_ws/install/f1tenth_gym_ros:/opt/ros/humble /usr/bin/cmake --build /home/rstole01/Documents/CapstoneGit/humble_ws/build/pursuit_lab -- -j8 -l8
[8.889s] Invoking command in '/home/rstole01/Documents/CapstoneGit/humble_ws/build/pursuit_lab': CMAKE_PREFIX_PATH=${CMAKE_PREFIX_PATH}:/home/rstole01/Documents/CapstoneGit/humble_ws/install/waypoint_logger:/home/rstole01/Documents/CapstoneGit/humble_ws/install/f1tenth_gym_ros:/opt/ros/humble /usr/bin/cmake --install /home/rstole01/Documents/CapstoneGit/humble_ws/build/pursuit_lab
[8.926s] -- Install configuration: ""
[8.926s] -- Installing: /home/rstole01/Documents/CapstoneGit/humble_ws/install/pursuit_lab/share/pursuit_lab/environment/pythonpath.sh
[8.927s] -- Installing: /home/rstole01/Documents/CapstoneGit/humble_ws/install/pursuit_lab/share/pursuit_lab/environment/pythonpath.dsv
[8.927s] -- Up-to-date: /home/rstole01/Documents/CapstoneGit/humble_ws/install/pursuit_lab/local/lib/python3.10/dist-packages/pursuit_lab-0.0.0-py3.10.egg-info
[8.927s] -- Installing: /home/rstole01/Documents/CapstoneGit/humble_ws/install/pursuit_lab/local/lib/python3.10/dist-packages/pursuit_lab-0.0.0-py3.10.egg-info/top_level.txt
[8.928s] -- Installing: /home/rstole01/Documents/CapstoneGit/humble_ws/install/pursuit_lab/local/lib/python3.10/dist-packages/pursuit_lab-0.0.0-py3.10.egg-info/SOURCES.txt
[8.928s] -- Installing: /home/rstole01/Documents/CapstoneGit/humble_ws/install/pursuit_lab/local/lib/python3.10/dist-packages/pursuit_lab-0.0.0-py3.10.egg-info/PKG-INFO
[8.928s] -- Installing: /home/rstole01/Documents/CapstoneGit/humble_ws/install/pursuit_lab/local/lib/python3.10/dist-packages/pursuit_lab-0.0.0-py3.10.egg-info/dependency_links.txt
[8.929s] -- Up-to-date: /home/rstole01/Documents/CapstoneGit/humble_ws/install/pursuit_lab/local/lib/python3.10/dist-packages/pursuit_lab
[8.929s] -- Up-to-date: /home/rstole01/Documents/CapstoneGit/humble_ws/install/pursuit_lab/local/lib/python3.10/dist-packages/pursuit_lab/__init__.py
[8.930s] -- Up-to-date: /home/rstole01/Documents/CapstoneGit/humble_ws/install/pursuit_lab/local/lib/python3.10/dist-packages/pursuit_lab/pure_pursuit_node.py
[9.071s] Listing '/home/rstole01/Documents/CapstoneGit/humble_ws/install/pursuit_lab/local/lib/python3.10/dist-packages/pursuit_lab'...
[9.091s] -- Up-to-date: /home/rstole01/Documents/CapstoneGit/humble_ws/install/pursuit_lab/lib/pursuit_lab/pure_pursuit_node.py
[9.092s] -- Installing: /home/rstole01/Documents/CapstoneGit/humble_ws/install/pursuit_lab/share/ament_index/resource_index/package_run_dependencies/pursuit_lab
[9.092s] -- Installing: /home/rstole01/Documents/CapstoneGit/humble_ws/install/pursuit_lab/share/ament_index/resource_index/parent_prefix_path/pursuit_lab
[9.093s] -- Up-to-date: /home/rstole01/Documents/CapstoneGit/humble_ws/install/pursuit_lab/share/pursuit_lab/environment/ament_prefix_path.sh
[9.093s] -- Installing: /home/rstole01/Documents/CapstoneGit/humble_ws/install/pursuit_lab/share/pursuit_lab/environment/ament_prefix_path.dsv
[9.093s] -- Up-to-date: /home/rstole01/Documents/CapstoneGit/humble_ws/install/pursuit_lab/share/pursuit_lab/environment/path.sh
[9.094s] -- Installing: /home/rstole01/Documents/CapstoneGit/humble_ws/install/pursuit_lab/share/pursuit_lab/environment/path.dsv
[9.094s] -- Installing: /home/rstole01/Documents/CapstoneGit/humble_ws/install/pursuit_lab/share/pursuit_lab/local_setup.bash
[9.094s] -- Installing: /home/rstole01/Documents/CapstoneGit/humble_ws/install/pursuit_lab/share/pursuit_lab/local_setup.sh
[9.095s] -- Installing: /home/rstole01/Documents/CapstoneGit/humble_ws/install/pursuit_lab/share/pursuit_lab/local_setup.zsh
[9.095s] -- Installing: /home/rstole01/Documents/CapstoneGit/humble_ws/install/pursuit_lab/share/pursuit_lab/local_setup.dsv
[9.096s] -- Installing: /home/rstole01/Documents/CapstoneGit/humble_ws/install/pursuit_lab/share/pursuit_lab/package.dsv
[9.096s] -- Installing: /home/rstole01/Documents/CapstoneGit/humble_ws/install/pursuit_lab/share/ament_index/resource_index/packages/pursuit_lab
[9.096s] -- Installing: /home/rstole01/Documents/CapstoneGit/humble_ws/install/pursuit_lab/share/pursuit_lab/cmake/pursuit_labConfig.cmake
[9.097s] -- Installing: /home/rstole01/Documents/CapstoneGit/humble_ws/install/pursuit_lab/share/pursuit_lab/cmake/pursuit_labConfig-version.cmake
[9.097s] -- Up-to-date: /home/rstole01/Documents/CapstoneGit/humble_ws/install/pursuit_lab/share/pursuit_lab/package.xml
[9.104s] Invoked command in '/home/rstole01/Documents/CapstoneGit/humble_ws/build/pursuit_lab' returned '0': CMAKE_PREFIX_PATH=${CMAKE_PREFIX_PATH}:/home/rstole01/Documents/CapstoneGit/humble_ws/install/waypoint_logger:/home/rstole01/Documents/CapstoneGit/humble_ws/install/f1tenth_gym_ros:/opt/ros/humble /usr/bin/cmake --install /home/rstole01/Documents/CapstoneGit/humble_ws/build/pursuit_lab
