[0.152s] Invoking command in '/home/rstole01/Documents/CSE-596/humble_ws/build/scan_pubsub': AMENT_PREFIX_PATH=/home/rstole01/Documents/CSE-596/humble_ws/install/tutorial_interfaces:${AMENT_PREFIX_PATH} CMAKE_PREFIX_PATH=/home/rstole01/Documents/CSE-596/humble_ws/install/tutorial_interfaces:/opt/ros/humble LD_LIBRARY_PATH=/home/rstole01/Documents/CSE-596/humble_ws/install/tutorial_interfaces/lib:${LD_LIBRARY_PATH} PYTHONPATH=/home/rstole01/Documents/CSE-596/humble_ws/install/tutorial_interfaces/local/lib/python3.10/dist-packages:${PYTHONPATH} /usr/bin/cmake --build /home/rstole01/Documents/CSE-596/humble_ws/build/scan_pubsub -- -j8 -l8
[0.259s] [100%] Built target pubsub
[0.293s] Invoked command in '/home/rstole01/Documents/CSE-596/humble_ws/build/scan_pubsub' returned '0': AMENT_PREFIX_PATH=/home/rstole01/Documents/CSE-596/humble_ws/install/tutorial_interfaces:${AMENT_PREFIX_PATH} CMAKE_PREFIX_PATH=/home/rstole01/Documents/CSE-596/humble_ws/install/tutorial_interfaces:/opt/ros/humble LD_LIBRARY_PATH=/home/rstole01/Documents/CSE-596/humble_ws/install/tutorial_interfaces/lib:${LD_LIBRARY_PATH} PYTHONPATH=/home/rstole01/Documents/CSE-596/humble_ws/install/tutorial_interfaces/local/lib/python3.10/dist-packages:${PYTHONPATH} /usr/bin/cmake --build /home/rstole01/Documents/CSE-596/humble_ws/build/scan_pubsub -- -j8 -l8
[0.344s] Invoking command in '/home/rstole01/Documents/CSE-596/humble_ws/build/scan_pubsub': AMENT_PREFIX_PATH=/home/rstole01/Documents/CSE-596/humble_ws/install/tutorial_interfaces:${AMENT_PREFIX_PATH} CMAKE_PREFIX_PATH=/home/rstole01/Documents/CSE-596/humble_ws/install/tutorial_interfaces:/opt/ros/humble LD_LIBRARY_PATH=/home/rstole01/Documents/CSE-596/humble_ws/install/tutorial_interfaces/lib:${LD_LIBRARY_PATH} PYTHONPATH=/home/rstole01/Documents/CSE-596/humble_ws/install/tutorial_interfaces/local/lib/python3.10/dist-packages:${PYTHONPATH} /usr/bin/cmake --install /home/rstole01/Documents/CSE-596/humble_ws/build/scan_pubsub
[0.361s] -- Install configuration: ""
[0.361s] -- Up-to-date: /home/rstole01/Documents/CSE-596/humble_ws/install/scan_pubsub/lib/scan_pubsub/pubsub
[0.363s] -- Up-to-date: /home/rstole01/Documents/CSE-596/humble_ws/install/scan_pubsub/share/scan_pubsub/launch
[0.363s] -- Up-to-date: /home/rstole01/Documents/CSE-596/humble_ws/install/scan_pubsub/share/scan_pubsub/launch/opp_racecar.xacro
[0.364s] -- Up-to-date: /home/rstole01/Documents/CSE-596/humble_ws/install/scan_pubsub/share/scan_pubsub/launch/__pycache__
[0.364s] -- Up-to-date: /home/rstole01/Documents/CSE-596/humble_ws/install/scan_pubsub/share/scan_pubsub/launch/__pycache__/lab1Launch.cpython-310.pyc
[0.364s] -- Up-to-date: /home/rstole01/Documents/CSE-596/humble_ws/install/scan_pubsub/share/scan_pubsub/launch/gym_bridge_launch.py
[0.364s] -- Up-to-date: /home/rstole01/Documents/CSE-596/humble_ws/install/scan_pubsub/share/scan_pubsub/launch/ego_racecar.xacro
[0.365s] -- Up-to-date: /home/rstole01/Documents/CSE-596/humble_ws/install/scan_pubsub/share/scan_pubsub/launch/lab1Launch.py
[0.365s] -- Up-to-date: /home/rstole01/Documents/CSE-596/humble_ws/install/scan_pubsub/share/scan_pubsub/launch/gym_bridge.rviz
[0.365s] -- Up-to-date: /home/rstole01/Documents/CSE-596/humble_ws/install/scan_pubsub/share/ament_index/resource_index/package_run_dependencies/scan_pubsub
[0.365s] -- Up-to-date: /home/rstole01/Documents/CSE-596/humble_ws/install/scan_pubsub/share/ament_index/resource_index/parent_prefix_path/scan_pubsub
[0.365s] -- Up-to-date: /home/rstole01/Documents/CSE-596/humble_ws/install/scan_pubsub/share/scan_pubsub/environment/ament_prefix_path.sh
[0.365s] -- Up-to-date: /home/rstole01/Documents/CSE-596/humble_ws/install/scan_pubsub/share/scan_pubsub/environment/ament_prefix_path.dsv
[0.366s] -- Up-to-date: /home/rstole01/Documents/CSE-596/humble_ws/install/scan_pubsub/share/scan_pubsub/environment/path.sh
[0.366s] -- Up-to-date: /home/rstole01/Documents/CSE-596/humble_ws/install/scan_pubsub/share/scan_pubsub/environment/path.dsv
[0.366s] -- Up-to-date: /home/rstole01/Documents/CSE-596/humble_ws/install/scan_pubsub/share/scan_pubsub/local_setup.bash
[0.367s] -- Up-to-date: /home/rstole01/Documents/CSE-596/humble_ws/install/scan_pubsub/share/scan_pubsub/local_setup.sh
[0.367s] -- Up-to-date: /home/rstole01/Documents/CSE-596/humble_ws/install/scan_pubsub/share/scan_pubsub/local_setup.zsh
[0.369s] -- Up-to-date: /home/rstole01/Documents/CSE-596/humble_ws/install/scan_pubsub/share/scan_pubsub/local_setup.dsv
[0.369s] -- Installing: /home/rstole01/Documents/CSE-596/humble_ws/install/scan_pubsub/share/scan_pubsub/package.dsv
[0.370s] -- Up-to-date: /home/rstole01/Documents/CSE-596/humble_ws/install/scan_pubsub/share/ament_index/resource_index/packages/scan_pubsub
[0.371s] -- Up-to-date: /home/rstole01/Documents/CSE-596/humble_ws/install/scan_pubsub/share/scan_pubsub/cmake/scan_pubsubConfig.cmake
[0.371s] -- Up-to-date: /home/rstole01/Documents/CSE-596/humble_ws/install/scan_pubsub/share/scan_pubsub/cmake/scan_pubsubConfig-version.cmake
[0.371s] -- Up-to-date: /home/rstole01/Documents/CSE-596/humble_ws/install/scan_pubsub/share/scan_pubsub/package.xml
[0.377s] Invoked command in '/home/rstole01/Documents/CSE-596/humble_ws/build/scan_pubsub' returned '0': AMENT_PREFIX_PATH=/home/rstole01/Documents/CSE-596/humble_ws/install/tutorial_interfaces:${AMENT_PREFIX_PATH} CMAKE_PREFIX_PATH=/home/rstole01/Documents/CSE-596/humble_ws/install/tutorial_interfaces:/opt/ros/humble LD_LIBRARY_PATH=/home/rstole01/Documents/CSE-596/humble_ws/install/tutorial_interfaces/lib:${LD_LIBRARY_PATH} PYTHONPATH=/home/rstole01/Documents/CSE-596/humble_ws/install/tutorial_interfaces/local/lib/python3.10/dist-packages:${PYTHONPATH} /usr/bin/cmake --install /home/rstole01/Documents/CSE-596/humble_ws/build/scan_pubsub
