[0.703s] Invoking command in '/home/rstole01/Documents/CSE-596/humble_ws/build/cpp_pubsub': AMENT_PREFIX_PATH=/home/rstole01/Documents/CSE-596/humble_ws/install/tutorial_interfaces:${AMENT_PREFIX_PATH} CMAKE_PREFIX_PATH=/home/rstole01/Documents/CSE-596/humble_ws/install/tutorial_interfaces:/opt/ros/humble LD_LIBRARY_PATH=/home/rstole01/Documents/CSE-596/humble_ws/install/tutorial_interfaces/lib:${LD_LIBRARY_PATH} PYTHONPATH=/home/rstole01/Documents/CSE-596/humble_ws/install/tutorial_interfaces/local/lib/python3.10/dist-packages:${PYTHONPATH} /usr/bin/cmake --build /home/rstole01/Documents/CSE-596/humble_ws/build/cpp_pubsub -- -j8 -l8
[0.828s] [ 50%] Built target listener
[0.835s] [100%] Built target talker
[0.865s] Invoked command in '/home/rstole01/Documents/CSE-596/humble_ws/build/cpp_pubsub' returned '0': AMENT_PREFIX_PATH=/home/rstole01/Documents/CSE-596/humble_ws/install/tutorial_interfaces:${AMENT_PREFIX_PATH} CMAKE_PREFIX_PATH=/home/rstole01/Documents/CSE-596/humble_ws/install/tutorial_interfaces:/opt/ros/humble LD_LIBRARY_PATH=/home/rstole01/Documents/CSE-596/humble_ws/install/tutorial_interfaces/lib:${LD_LIBRARY_PATH} PYTHONPATH=/home/rstole01/Documents/CSE-596/humble_ws/install/tutorial_interfaces/local/lib/python3.10/dist-packages:${PYTHONPATH} /usr/bin/cmake --build /home/rstole01/Documents/CSE-596/humble_ws/build/cpp_pubsub -- -j8 -l8
[0.930s] Invoking command in '/home/rstole01/Documents/CSE-596/humble_ws/build/cpp_pubsub': AMENT_PREFIX_PATH=/home/rstole01/Documents/CSE-596/humble_ws/install/tutorial_interfaces:${AMENT_PREFIX_PATH} CMAKE_PREFIX_PATH=/home/rstole01/Documents/CSE-596/humble_ws/install/tutorial_interfaces:/opt/ros/humble LD_LIBRARY_PATH=/home/rstole01/Documents/CSE-596/humble_ws/install/tutorial_interfaces/lib:${LD_LIBRARY_PATH} PYTHONPATH=/home/rstole01/Documents/CSE-596/humble_ws/install/tutorial_interfaces/local/lib/python3.10/dist-packages:${PYTHONPATH} /usr/bin/cmake --install /home/rstole01/Documents/CSE-596/humble_ws/build/cpp_pubsub
[0.947s] -- Install configuration: ""
[0.948s] -- Up-to-date: /home/rstole01/Documents/CSE-596/humble_ws/install/cpp_pubsub/lib/cpp_pubsub/talker
[0.949s] -- Up-to-date: /home/rstole01/Documents/CSE-596/humble_ws/install/cpp_pubsub/lib/cpp_pubsub/listener
[0.950s] -- Up-to-date: /home/rstole01/Documents/CSE-596/humble_ws/install/cpp_pubsub/share/ament_index/resource_index/package_run_dependencies/cpp_pubsub
[0.950s] -- Up-to-date: /home/rstole01/Documents/CSE-596/humble_ws/install/cpp_pubsub/share/ament_index/resource_index/parent_prefix_path/cpp_pubsub
[0.951s] -- Up-to-date: /home/rstole01/Documents/CSE-596/humble_ws/install/cpp_pubsub/share/cpp_pubsub/environment/ament_prefix_path.sh
[0.951s] -- Up-to-date: /home/rstole01/Documents/CSE-596/humble_ws/install/cpp_pubsub/share/cpp_pubsub/environment/ament_prefix_path.dsv
[0.951s] -- Up-to-date: /home/rstole01/Documents/CSE-596/humble_ws/install/cpp_pubsub/share/cpp_pubsub/environment/path.sh
[0.952s] -- Up-to-date: /home/rstole01/Documents/CSE-596/humble_ws/install/cpp_pubsub/share/cpp_pubsub/environment/path.dsv
[0.952s] -- Up-to-date: /home/rstole01/Documents/CSE-596/humble_ws/install/cpp_pubsub/share/cpp_pubsub/local_setup.bash
[0.952s] -- Up-to-date: /home/rstole01/Documents/CSE-596/humble_ws/install/cpp_pubsub/share/cpp_pubsub/local_setup.sh
[0.953s] -- Up-to-date: /home/rstole01/Documents/CSE-596/humble_ws/install/cpp_pubsub/share/cpp_pubsub/local_setup.zsh
[0.953s] -- Up-to-date: /home/rstole01/Documents/CSE-596/humble_ws/install/cpp_pubsub/share/cpp_pubsub/local_setup.dsv
[0.953s] -- Installing: /home/rstole01/Documents/CSE-596/humble_ws/install/cpp_pubsub/share/cpp_pubsub/package.dsv
[0.953s] -- Up-to-date: /home/rstole01/Documents/CSE-596/humble_ws/install/cpp_pubsub/share/ament_index/resource_index/packages/cpp_pubsub
[0.954s] -- Up-to-date: /home/rstole01/Documents/CSE-596/humble_ws/install/cpp_pubsub/share/cpp_pubsub/cmake/cpp_pubsubConfig.cmake
[0.954s] -- Up-to-date: /home/rstole01/Documents/CSE-596/humble_ws/install/cpp_pubsub/share/cpp_pubsub/cmake/cpp_pubsubConfig-version.cmake
[0.954s] -- Up-to-date: /home/rstole01/Documents/CSE-596/humble_ws/install/cpp_pubsub/share/cpp_pubsub/package.xml
[0.961s] Invoked command in '/home/rstole01/Documents/CSE-596/humble_ws/build/cpp_pubsub' returned '0': AMENT_PREFIX_PATH=/home/rstole01/Documents/CSE-596/humble_ws/install/tutorial_interfaces:${AMENT_PREFIX_PATH} CMAKE_PREFIX_PATH=/home/rstole01/Documents/CSE-596/humble_ws/install/tutorial_interfaces:/opt/ros/humble LD_LIBRARY_PATH=/home/rstole01/Documents/CSE-596/humble_ws/install/tutorial_interfaces/lib:${LD_LIBRARY_PATH} PYTHONPATH=/home/rstole01/Documents/CSE-596/humble_ws/install/tutorial_interfaces/local/lib/python3.10/dist-packages:${PYTHONPATH} /usr/bin/cmake --install /home/rstole01/Documents/CSE-596/humble_ws/build/cpp_pubsub
