[2.779s] Invoking command in '/home/rstole01/Documents/CSE-596/humble_ws/src/f1tenth_system/teleop_tools/key_teleop': PYTHONPATH=/home/rstole01/Documents/CSE-596/humble_ws/build/key_teleop/prefix_override:/home/rstole01/Documents/CSE-596/humble_ws/install/key_teleop/lib/python3.10/site-packages:${PYTHONPATH} /usr/bin/python3 setup.py egg_info --egg-base ../../../../build/key_teleop build --build-base /home/rstole01/Documents/CSE-596/humble_ws/build/key_teleop/build install --record /home/rstole01/Documents/CSE-596/humble_ws/build/key_teleop/install.log --install-scripts $base/lib/key_teleop --single-version-externally-managed
[3.238s] running egg_info
[3.239s] writing ../../../../build/key_teleop/key_teleop.egg-info/PKG-INFO
[3.239s] writing dependency_links to ../../../../build/key_teleop/key_teleop.egg-info/dependency_links.txt
[3.240s] writing entry points to ../../../../build/key_teleop/key_teleop.egg-info/entry_points.txt
[3.240s] writing requirements to ../../../../build/key_teleop/key_teleop.egg-info/requires.txt
[3.240s] writing top-level names to ../../../../build/key_teleop/key_teleop.egg-info/top_level.txt
[3.240s] reading manifest file '../../../../build/key_teleop/key_teleop.egg-info/SOURCES.txt'
[3.241s] adding license file 'LICENSE'
[3.241s] writing manifest file '../../../../build/key_teleop/key_teleop.egg-info/SOURCES.txt'
[3.241s] running build
[3.241s] running build_py
[3.241s] running install
[3.242s] running install_lib
[3.242s] creating /home/rstole01/Documents/CSE-596/humble_ws/install/key_teleop/lib/python3.10/site-packages/key_teleop
[3.242s] copying /home/rstole01/Documents/CSE-596/humble_ws/build/key_teleop/build/lib/key_teleop/__init__.py -> /home/rstole01/Documents/CSE-596/humble_ws/install/key_teleop/lib/python3.10/site-packages/key_teleop
[3.242s] copying /home/rstole01/Documents/CSE-596/humble_ws/build/key_teleop/build/lib/key_teleop/key_teleop.py -> /home/rstole01/Documents/CSE-596/humble_ws/install/key_teleop/lib/python3.10/site-packages/key_teleop
[3.243s] byte-compiling /home/rstole01/Documents/CSE-596/humble_ws/install/key_teleop/lib/python3.10/site-packages/key_teleop/__init__.py to __init__.cpython-310.pyc
[3.243s] byte-compiling /home/rstole01/Documents/CSE-596/humble_ws/install/key_teleop/lib/python3.10/site-packages/key_teleop/key_teleop.py to key_teleop.cpython-310.pyc
[3.243s] running install_data
[3.243s] copying package.xml -> /home/rstole01/Documents/CSE-596/humble_ws/install/key_teleop/share/key_teleop
[3.243s] creating /home/rstole01/Documents/CSE-596/humble_ws/install/key_teleop/share/key_teleop/config
[3.244s] copying config/key_teleop.yaml -> /home/rstole01/Documents/CSE-596/humble_ws/install/key_teleop/share/key_teleop/config
[3.244s] creating /home/rstole01/Documents/CSE-596/humble_ws/install/key_teleop/share/ament_index
[3.244s] creating /home/rstole01/Documents/CSE-596/humble_ws/install/key_teleop/share/ament_index/resource_index
[3.244s] creating /home/rstole01/Documents/CSE-596/humble_ws/install/key_teleop/share/ament_index/resource_index/packages
[3.244s] copying resource/key_teleop -> /home/rstole01/Documents/CSE-596/humble_ws/install/key_teleop/share/ament_index/resource_index/packages
[3.245s] running install_egg_info
[3.245s] Copying ../../../../build/key_teleop/key_teleop.egg-info to /home/rstole01/Documents/CSE-596/humble_ws/install/key_teleop/lib/python3.10/site-packages/key_teleop-0.3.0-py3.10.egg-info
[3.245s] running install_scripts
[3.245s] Installing key_teleop script to /home/rstole01/Documents/CSE-596/humble_ws/install/key_teleop/lib/key_teleop
[3.245s] writing list of installed files to '/home/rstole01/Documents/CSE-596/humble_ws/build/key_teleop/install.log'
[3.246s] /usr/lib/python3/dist-packages/setuptools/dist.py:723: UserWarning: Usage of dash-separated 'script-dir' will not be supported in future versions. Please use the underscore name 'script_dir' instead
[3.246s]   warnings.warn(
[3.246s] /usr/lib/python3/dist-packages/setuptools/command/install.py:34: SetuptoolsDeprecationWarning: setup.py install is deprecated. Use build and pip and other standards-based tools.
[3.246s]   warnings.warn(
[4.228s] Invoked command in '/home/rstole01/Documents/CSE-596/humble_ws/src/f1tenth_system/teleop_tools/key_teleop' returned '0': PYTHONPATH=/home/rstole01/Documents/CSE-596/humble_ws/build/key_teleop/prefix_override:/home/rstole01/Documents/CSE-596/humble_ws/install/key_teleop/lib/python3.10/site-packages:${PYTHONPATH} /usr/bin/python3 setup.py egg_info --egg-base ../../../../build/key_teleop build --build-base /home/rstole01/Documents/CSE-596/humble_ws/build/key_teleop/build install --record /home/rstole01/Documents/CSE-596/humble_ws/build/key_teleop/install.log --install-scripts $base/lib/key_teleop --single-version-externally-managed
