[4.853s] Invoking command in '/home/rstole01/Documents/CSE-596/msu_ws/src/py_pubsub': PYTHONPATH=/home/rstole01/Documents/CSE-596/msu_ws/build/py_pubsub/prefix_override:/home/rstole01/Documents/CSE-596/msu_ws/install/py_pubsub/lib/python3.10/site-packages:${PYTHONPATH} /usr/bin/python3 setup.py egg_info --egg-base ../../build/py_pubsub build --build-base /home/rstole01/Documents/CSE-596/msu_ws/build/py_pubsub/build install --record /home/rstole01/Documents/CSE-596/msu_ws/build/py_pubsub/install.log --single-version-externally-managed
[5.754s] running egg_info
[5.756s] writing ../../build/py_pubsub/py_pubsub.egg-info/PKG-INFO
[5.756s] writing dependency_links to ../../build/py_pubsub/py_pubsub.egg-info/dependency_links.txt
[5.757s] writing entry points to ../../build/py_pubsub/py_pubsub.egg-info/entry_points.txt
[5.757s] writing requirements to ../../build/py_pubsub/py_pubsub.egg-info/requires.txt
[5.758s] writing top-level names to ../../build/py_pubsub/py_pubsub.egg-info/top_level.txt
[5.762s] reading manifest file '../../build/py_pubsub/py_pubsub.egg-info/SOURCES.txt'
[5.785s] writing manifest file '../../build/py_pubsub/py_pubsub.egg-info/SOURCES.txt'
[5.785s] running build
[5.785s] running build_py
[5.786s] running install
[5.787s] /usr/lib/python3/dist-packages/setuptools/command/install.py:34: SetuptoolsDeprecationWarning: setup.py install is deprecated. Use build and pip and other standards-based tools.
[5.787s]   warnings.warn(
[5.788s] running install_lib
[5.792s] running install_data
[5.794s] running install_egg_info
[5.799s] removing '/home/rstole01/Documents/CSE-596/msu_ws/install/py_pubsub/lib/python3.10/site-packages/py_pubsub-0.0.0-py3.10.egg-info' (and everything under it)
[5.800s] Copying ../../build/py_pubsub/py_pubsub.egg-info to /home/rstole01/Documents/CSE-596/msu_ws/install/py_pubsub/lib/python3.10/site-packages/py_pubsub-0.0.0-py3.10.egg-info
[5.802s] running install_scripts
[5.859s] Installing listener script to /home/rstole01/Documents/CSE-596/msu_ws/install/py_pubsub/lib/py_pubsub
[5.860s] Installing talker script to /home/rstole01/Documents/CSE-596/msu_ws/install/py_pubsub/lib/py_pubsub
[5.860s] writing list of installed files to '/home/rstole01/Documents/CSE-596/msu_ws/build/py_pubsub/install.log'
[7.340s] Invoked command in '/home/rstole01/Documents/CSE-596/msu_ws/src/py_pubsub' returned '0': PYTHONPATH=/home/rstole01/Documents/CSE-596/msu_ws/build/py_pubsub/prefix_override:/home/rstole01/Documents/CSE-596/msu_ws/install/py_pubsub/lib/python3.10/site-packages:${PYTHONPATH} /usr/bin/python3 setup.py egg_info --egg-base ../../build/py_pubsub build --build-base /home/rstole01/Documents/CSE-596/msu_ws/build/py_pubsub/build install --record /home/rstole01/Documents/CSE-596/msu_ws/build/py_pubsub/install.log --single-version-externally-managed
