[0.051s] Invoking command in '/home/rstole01/Documents/CSE-596/humble_ws/build/tutorial_interfaces': CMAKE_PREFIX_PATH=${CMAKE_PREFIX_PATH}:/home/rstole01/Documents/CSE-596/humble_ws/install/waypoint_logger:/home/rstole01/Documents/CSE-596/humble_ws/install/f1tenth_gym_ros:/opt/ros/humble /usr/bin/cmake --build /home/rstole01/Documents/CSE-596/humble_ws/build/tutorial_interfaces -- -j8 -l8
[0.615s] [35m[1mConsolidate compiler generated dependencies of target tutorial_interfaces__rosidl_generator_c[0m
[0.615s] [  1%] Built target tutorial_interfaces__cpp
[0.616s] [ 12%] Built target tutorial_interfaces__rosidl_generator_c
[0.616s] [ 12%] Built target ament_cmake_python_copy_tutorial_interfaces
[0.617s] [35m[1mConsolidate compiler generated dependencies of target tutorial_interfaces__rosidl_typesupport_cpp[0m
[0.618s] [35m[1mConsolidate compiler generated dependencies of target tutorial_interfaces__rosidl_typesupport_introspection_cpp[0m
[0.618s] [35m[1mConsolidate compiler generated dependencies of target tutorial_interfaces__rosidl_typesupport_fastrtps_cpp[0m
[0.618s] [35m[1mConsolidate compiler generated dependencies of target tutorial_interfaces__rosidl_typesupport_introspection_c[0m
[0.619s] [35m[1mConsolidate compiler generated dependencies of target tutorial_interfaces__rosidl_typesupport_c[0m
[0.619s] [ 23%] Built target tutorial_interfaces__rosidl_typesupport_cpp
[0.619s] [35m[1mConsolidate compiler generated dependencies of target tutorial_interfaces__rosidl_typesupport_fastrtps_c[0m
[0.620s] [ 34%] Built target tutorial_interfaces__rosidl_typesupport_introspection_cpp
[0.620s] [ 45%] Built target tutorial_interfaces__rosidl_typesupport_c
[0.620s] [ 56%] Built target tutorial_interfaces__rosidl_typesupport_introspection_c
[0.620s] [ 67%] Built target tutorial_interfaces__rosidl_typesupport_fastrtps_cpp
[0.620s] [ 78%] Built target tutorial_interfaces__rosidl_typesupport_fastrtps_c
[0.620s] [ 78%] Built target tutorial_interfaces
[0.621s] [ 80%] Built target tutorial_interfaces__py
[0.621s] [35m[1mConsolidate compiler generated dependencies of target tutorial_interfaces__rosidl_generator_py[0m
[0.621s] [ 89%] Built target tutorial_interfaces__rosidl_generator_py
[0.621s] [35m[1mConsolidate compiler generated dependencies of target tutorial_interfaces__rosidl_typesupport_fastrtps_c__pyext[0m
[0.621s] [35m[1mConsolidate compiler generated dependencies of target tutorial_interfaces__rosidl_typesupport_c__pyext[0m
[0.621s] [35m[1mConsolidate compiler generated dependencies of target tutorial_interfaces__rosidl_typesupport_introspection_c__pyext[0m
[0.622s] [100%] Built target tutorial_interfaces__rosidl_typesupport_c__pyext
[0.622s] [100%] Built target tutorial_interfaces__rosidl_typesupport_introspection_c__pyext
[0.622s] [100%] Built target tutorial_interfaces__rosidl_typesupport_fastrtps_c__pyext
[0.696s] running egg_info
[0.698s] writing tutorial_interfaces.egg-info/PKG-INFO
[0.698s] writing dependency_links to tutorial_interfaces.egg-info/dependency_links.txt
[0.699s] writing top-level names to tutorial_interfaces.egg-info/top_level.txt
[0.708s] reading manifest file 'tutorial_interfaces.egg-info/SOURCES.txt'
[0.708s] writing manifest file 'tutorial_interfaces.egg-info/SOURCES.txt'
[0.772s] [100%] Built target ament_cmake_python_build_tutorial_interfaces_egg
[1.120s] Invoked command in '/home/rstole01/Documents/CSE-596/humble_ws/build/tutorial_interfaces' returned '0': CMAKE_PREFIX_PATH=${CMAKE_PREFIX_PATH}:/home/rstole01/Documents/CSE-596/humble_ws/install/waypoint_logger:/home/rstole01/Documents/CSE-596/humble_ws/install/f1tenth_gym_ros:/opt/ros/humble /usr/bin/cmake --build /home/rstole01/Documents/CSE-596/humble_ws/build/tutorial_interfaces -- -j8 -l8
[1.399s] Invoking command in '/home/rstole01/Documents/CSE-596/humble_ws/build/tutorial_interfaces': CMAKE_PREFIX_PATH=${CMAKE_PREFIX_PATH}:/home/rstole01/Documents/CSE-596/humble_ws/install/waypoint_logger:/home/rstole01/Documents/CSE-596/humble_ws/install/f1tenth_gym_ros:/opt/ros/humble /usr/bin/cmake --install /home/rstole01/Documents/CSE-596/humble_ws/build/tutorial_interfaces
[1.412s] -- Install configuration: ""
[1.412s] -- Up-to-date: /home/rstole01/Documents/CSE-596/humble_ws/install/tutorial_interfaces/share/ament_index/resource_index/rosidl_interfaces/tutorial_interfaces
[1.412s] -- Up-to-date: /home/rstole01/Documents/CSE-596/humble_ws/install/tutorial_interfaces/include/tutorial_interfaces/tutorial_interfaces
[1.412s] -- Up-to-date: /home/rstole01/Documents/CSE-596/humble_ws/install/tutorial_interfaces/include/tutorial_interfaces/tutorial_interfaces/srv
[1.413s] -- Installing: /home/rstole01/Documents/CSE-596/humble_ws/install/tutorial_interfaces/include/tutorial_interfaces/tutorial_interfaces/srv/add_three_ints.h
[1.413s] -- Up-to-date: /home/rstole01/Documents/CSE-596/humble_ws/install/tutorial_interfaces/include/tutorial_interfaces/tutorial_interfaces/srv/detail
[1.413s] -- Installing: /home/rstole01/Documents/CSE-596/humble_ws/install/tutorial_interfaces/include/tutorial_interfaces/tutorial_interfaces/srv/detail/add_three_ints__struct.h
[1.413s] -- Installing: /home/rstole01/Documents/CSE-596/humble_ws/install/tutorial_interfaces/include/tutorial_interfaces/tutorial_interfaces/srv/detail/add_three_ints__type_support.h
[1.413s] -- Installing: /home/rstole01/Documents/CSE-596/humble_ws/install/tutorial_interfaces/include/tutorial_interfaces/tutorial_interfaces/srv/detail/add_three_ints__functions.h
[1.414s] -- Installing: /home/rstole01/Documents/CSE-596/humble_ws/install/tutorial_interfaces/include/tutorial_interfaces/tutorial_interfaces/srv/detail/add_three_ints__functions.c
[1.414s] -- Up-to-date: /home/rstole01/Documents/CSE-596/humble_ws/install/tutorial_interfaces/include/tutorial_interfaces/tutorial_interfaces/msg
[1.415s] -- Installing: /home/rstole01/Documents/CSE-596/humble_ws/install/tutorial_interfaces/include/tutorial_interfaces/tutorial_interfaces/msg/scan_range.h
[1.415s] -- Up-to-date: /home/rstole01/Documents/CSE-596/humble_ws/install/tutorial_interfaces/include/tutorial_interfaces/tutorial_interfaces/msg/rosidl_generator_c__visibility_control.h
[1.415s] -- Installing: /home/rstole01/Documents/CSE-596/humble_ws/install/tutorial_interfaces/include/tutorial_interfaces/tutorial_interfaces/msg/sphere.h
[1.416s] -- Up-to-date: /home/rstole01/Documents/CSE-596/humble_ws/install/tutorial_interfaces/include/tutorial_interfaces/tutorial_interfaces/msg/detail
[1.416s] -- Installing: /home/rstole01/Documents/CSE-596/humble_ws/install/tutorial_interfaces/include/tutorial_interfaces/tutorial_interfaces/msg/detail/scan_range__functions.c
[1.416s] -- Installing: /home/rstole01/Documents/CSE-596/humble_ws/install/tutorial_interfaces/include/tutorial_interfaces/tutorial_interfaces/msg/detail/num__type_support.h
[1.417s] -- Installing: /home/rstole01/Documents/CSE-596/humble_ws/install/tutorial_interfaces/include/tutorial_interfaces/tutorial_interfaces/msg/detail/scan_range__type_support.h
[1.417s] -- Installing: /home/rstole01/Documents/CSE-596/humble_ws/install/tutorial_interfaces/include/tutorial_interfaces/tutorial_interfaces/msg/detail/sphere__functions.c
[1.417s] -- Installing: /home/rstole01/Documents/CSE-596/humble_ws/install/tutorial_interfaces/include/tutorial_interfaces/tutorial_interfaces/msg/detail/num__functions.c
[1.418s] -- Installing: /home/rstole01/Documents/CSE-596/humble_ws/install/tutorial_interfaces/include/tutorial_interfaces/tutorial_interfaces/msg/detail/scan_range__struct.h
[1.418s] -- Installing: /home/rstole01/Documents/CSE-596/humble_ws/install/tutorial_interfaces/include/tutorial_interfaces/tutorial_interfaces/msg/detail/num__functions.h
[1.419s] -- Installing: /home/rstole01/Documents/CSE-596/humble_ws/install/tutorial_interfaces/include/tutorial_interfaces/tutorial_interfaces/msg/detail/scan_range__functions.h
[1.419s] -- Installing: /home/rstole01/Documents/CSE-596/humble_ws/install/tutorial_interfaces/include/tutorial_interfaces/tutorial_interfaces/msg/detail/sphere__functions.h
[1.420s] -- Installing: /home/rstole01/Documents/CSE-596/humble_ws/install/tutorial_interfaces/include/tutorial_interfaces/tutorial_interfaces/msg/detail/sphere__struct.h
[1.420s] -- Installing: /home/rstole01/Documents/CSE-596/humble_ws/install/tutorial_interfaces/include/tutorial_interfaces/tutorial_interfaces/msg/detail/num__struct.h
[1.421s] -- Installing: /home/rstole01/Documents/CSE-596/humble_ws/install/tutorial_interfaces/include/tutorial_interfaces/tutorial_interfaces/msg/detail/sphere__type_support.h
[1.421s] -- Installing: /home/rstole01/Documents/CSE-596/humble_ws/install/tutorial_interfaces/include/tutorial_interfaces/tutorial_interfaces/msg/num.h
[1.422s] -- Up-to-date: /home/rstole01/Documents/CSE-596/humble_ws/install/tutorial_interfaces/share/tutorial_interfaces/environment/library_path.sh
[1.422s] -- Installing: /home/rstole01/Documents/CSE-596/humble_ws/install/tutorial_interfaces/share/tutorial_interfaces/environment/library_path.dsv
[1.423s] -- Installing: /home/rstole01/Documents/CSE-596/humble_ws/install/tutorial_interfaces/lib/libtutorial_interfaces__rosidl_generator_c.so
[1.425s] -- Set runtime path of "/home/rstole01/Documents/CSE-596/humble_ws/install/tutorial_interfaces/lib/libtutorial_interfaces__rosidl_generator_c.so" to ""
[1.425s] -- Up-to-date: /home/rstole01/Documents/CSE-596/humble_ws/install/tutorial_interfaces/include/tutorial_interfaces/tutorial_interfaces
[1.425s] -- Up-to-date: /home/rstole01/Documents/CSE-596/humble_ws/install/tutorial_interfaces/include/tutorial_interfaces/tutorial_interfaces/srv
[1.425s] -- Up-to-date: /home/rstole01/Documents/CSE-596/humble_ws/install/tutorial_interfaces/include/tutorial_interfaces/tutorial_interfaces/srv/detail
[1.426s] -- Installing: /home/rstole01/Documents/CSE-596/humble_ws/install/tutorial_interfaces/include/tutorial_interfaces/tutorial_interfaces/srv/detail/add_three_ints__rosidl_typesupport_fastrtps_c.h
[1.426s] -- Up-to-date: /home/rstole01/Documents/CSE-596/humble_ws/install/tutorial_interfaces/include/tutorial_interfaces/tutorial_interfaces/msg
[1.426s] -- Up-to-date: /home/rstole01/Documents/CSE-596/humble_ws/install/tutorial_interfaces/include/tutorial_interfaces/tutorial_interfaces/msg/rosidl_typesupport_fastrtps_c__visibility_control.h
[1.426s] -- Up-to-date: /home/rstole01/Documents/CSE-596/humble_ws/install/tutorial_interfaces/include/tutorial_interfaces/tutorial_interfaces/msg/detail
[1.426s] -- Installing: /home/rstole01/Documents/CSE-596/humble_ws/install/tutorial_interfaces/include/tutorial_interfaces/tutorial_interfaces/msg/detail/sphere__rosidl_typesupport_fastrtps_c.h
[1.427s] -- Installing: /home/rstole01/Documents/CSE-596/humble_ws/install/tutorial_interfaces/include/tutorial_interfaces/tutorial_interfaces/msg/detail/num__rosidl_typesupport_fastrtps_c.h
[1.427s] -- Installing: /home/rstole01/Documents/CSE-596/humble_ws/install/tutorial_interfaces/include/tutorial_interfaces/tutorial_interfaces/msg/detail/scan_range__rosidl_typesupport_fastrtps_c.h
[1.428s] -- Installing: /home/rstole01/Documents/CSE-596/humble_ws/install/tutorial_interfaces/lib/libtutorial_interfaces__rosidl_typesupport_fastrtps_c.so
[1.429s] -- Set runtime path of "/home/rstole01/Documents/CSE-596/humble_ws/install/tutorial_interfaces/lib/libtutorial_interfaces__rosidl_typesupport_fastrtps_c.so" to ""
[1.429s] -- Up-to-date: /home/rstole01/Documents/CSE-596/humble_ws/install/tutorial_interfaces/include/tutorial_interfaces/tutorial_interfaces
[1.430s] -- Up-to-date: /home/rstole01/Documents/CSE-596/humble_ws/install/tutorial_interfaces/include/tutorial_interfaces/tutorial_interfaces/srv
[1.430s] -- Up-to-date: /home/rstole01/Documents/CSE-596/humble_ws/install/tutorial_interfaces/include/tutorial_interfaces/tutorial_interfaces/srv/detail
[1.430s] -- Installing: /home/rstole01/Documents/CSE-596/humble_ws/install/tutorial_interfaces/include/tutorial_interfaces/tutorial_interfaces/srv/detail/add_three_ints__struct.hpp
[1.430s] -- Installing: /home/rstole01/Documents/CSE-596/humble_ws/install/tutorial_interfaces/include/tutorial_interfaces/tutorial_interfaces/srv/detail/add_three_ints__builder.hpp
[1.431s] -- Installing: /home/rstole01/Documents/CSE-596/humble_ws/install/tutorial_interfaces/include/tutorial_interfaces/tutorial_interfaces/srv/detail/add_three_ints__traits.hpp
[1.431s] -- Installing: /home/rstole01/Documents/CSE-596/humble_ws/install/tutorial_interfaces/include/tutorial_interfaces/tutorial_interfaces/srv/add_three_ints.hpp
[1.431s] -- Up-to-date: /home/rstole01/Documents/CSE-596/humble_ws/install/tutorial_interfaces/include/tutorial_interfaces/tutorial_interfaces/msg
[1.432s] -- Installing: /home/rstole01/Documents/CSE-596/humble_ws/install/tutorial_interfaces/include/tutorial_interfaces/tutorial_interfaces/msg/scan_range.hpp
[1.432s] -- Installing: /home/rstole01/Documents/CSE-596/humble_ws/install/tutorial_interfaces/include/tutorial_interfaces/tutorial_interfaces/msg/sphere.hpp
[1.432s] -- Up-to-date: /home/rstole01/Documents/CSE-596/humble_ws/install/tutorial_interfaces/include/tutorial_interfaces/tutorial_interfaces/msg/detail
[1.432s] -- Installing: /home/rstole01/Documents/CSE-596/humble_ws/install/tutorial_interfaces/include/tutorial_interfaces/tutorial_interfaces/msg/detail/scan_range__struct.hpp
[1.433s] -- Installing: /home/rstole01/Documents/CSE-596/humble_ws/install/tutorial_interfaces/include/tutorial_interfaces/tutorial_interfaces/msg/detail/sphere__traits.hpp
[1.433s] -- Installing: /home/rstole01/Documents/CSE-596/humble_ws/install/tutorial_interfaces/include/tutorial_interfaces/tutorial_interfaces/msg/detail/num__traits.hpp
[1.434s] -- Installing: /home/rstole01/Documents/CSE-596/humble_ws/install/tutorial_interfaces/include/tutorial_interfaces/tutorial_interfaces/msg/detail/num__struct.hpp
[1.434s] -- Installing: /home/rstole01/Documents/CSE-596/humble_ws/install/tutorial_interfaces/include/tutorial_interfaces/tutorial_interfaces/msg/detail/sphere__builder.hpp
[1.434s] -- Installing: /home/rstole01/Documents/CSE-596/humble_ws/install/tutorial_interfaces/include/tutorial_interfaces/tutorial_interfaces/msg/detail/num__builder.hpp
[1.435s] -- Installing: /home/rstole01/Documents/CSE-596/humble_ws/install/tutorial_interfaces/include/tutorial_interfaces/tutorial_interfaces/msg/detail/scan_range__traits.hpp
[1.435s] -- Installing: /home/rstole01/Documents/CSE-596/humble_ws/install/tutorial_interfaces/include/tutorial_interfaces/tutorial_interfaces/msg/detail/sphere__struct.hpp
[1.436s] -- Installing: /home/rstole01/Documents/CSE-596/humble_ws/install/tutorial_interfaces/include/tutorial_interfaces/tutorial_interfaces/msg/detail/scan_range__builder.hpp
[1.436s] -- Installing: /home/rstole01/Documents/CSE-596/humble_ws/install/tutorial_interfaces/include/tutorial_interfaces/tutorial_interfaces/msg/num.hpp
[1.436s] -- Up-to-date: /home/rstole01/Documents/CSE-596/humble_ws/install/tutorial_interfaces/include/tutorial_interfaces/tutorial_interfaces
[1.437s] -- Up-to-date: /home/rstole01/Documents/CSE-596/humble_ws/install/tutorial_interfaces/include/tutorial_interfaces/tutorial_interfaces/srv
[1.437s] -- Up-to-date: /home/rstole01/Documents/CSE-596/humble_ws/install/tutorial_interfaces/include/tutorial_interfaces/tutorial_interfaces/srv/detail
[1.437s] -- Installing: /home/rstole01/Documents/CSE-596/humble_ws/install/tutorial_interfaces/include/tutorial_interfaces/tutorial_interfaces/srv/detail/add_three_ints__rosidl_typesupport_fastrtps_cpp.hpp
[1.437s] -- Up-to-date: /home/rstole01/Documents/CSE-596/humble_ws/install/tutorial_interfaces/include/tutorial_interfaces/tutorial_interfaces/srv/detail/dds_fastrtps
[1.438s] -- Up-to-date: /home/rstole01/Documents/CSE-596/humble_ws/install/tutorial_interfaces/include/tutorial_interfaces/tutorial_interfaces/msg
[1.438s] -- Up-to-date: /home/rstole01/Documents/CSE-596/humble_ws/install/tutorial_interfaces/include/tutorial_interfaces/tutorial_interfaces/msg/detail
[1.438s] -- Installing: /home/rstole01/Documents/CSE-596/humble_ws/install/tutorial_interfaces/include/tutorial_interfaces/tutorial_interfaces/msg/detail/scan_range__rosidl_typesupport_fastrtps_cpp.hpp
[1.438s] -- Installing: /home/rstole01/Documents/CSE-596/humble_ws/install/tutorial_interfaces/include/tutorial_interfaces/tutorial_interfaces/msg/detail/num__rosidl_typesupport_fastrtps_cpp.hpp
[1.439s] -- Installing: /home/rstole01/Documents/CSE-596/humble_ws/install/tutorial_interfaces/include/tutorial_interfaces/tutorial_interfaces/msg/detail/sphere__rosidl_typesupport_fastrtps_cpp.hpp
[1.439s] -- Up-to-date: /home/rstole01/Documents/CSE-596/humble_ws/install/tutorial_interfaces/include/tutorial_interfaces/tutorial_interfaces/msg/detail/dds_fastrtps
[1.439s] -- Up-to-date: /home/rstole01/Documents/CSE-596/humble_ws/install/tutorial_interfaces/include/tutorial_interfaces/tutorial_interfaces/msg/rosidl_typesupport_fastrtps_cpp__visibility_control.h
[1.440s] -- Installing: /home/rstole01/Documents/CSE-596/humble_ws/install/tutorial_interfaces/lib/libtutorial_interfaces__rosidl_typesupport_fastrtps_cpp.so
[1.441s] -- Set runtime path of "/home/rstole01/Documents/CSE-596/humble_ws/install/tutorial_interfaces/lib/libtutorial_interfaces__rosidl_typesupport_fastrtps_cpp.so" to ""
[1.442s] -- Up-to-date: /home/rstole01/Documents/CSE-596/humble_ws/install/tutorial_interfaces/include/tutorial_interfaces/tutorial_interfaces
[1.442s] -- Up-to-date: /home/rstole01/Documents/CSE-596/humble_ws/install/tutorial_interfaces/include/tutorial_interfaces/tutorial_interfaces/srv
[1.442s] -- Up-to-date: /home/rstole01/Documents/CSE-596/humble_ws/install/tutorial_interfaces/include/tutorial_interfaces/tutorial_interfaces/srv/detail
[1.442s] -- Installing: /home/rstole01/Documents/CSE-596/humble_ws/install/tutorial_interfaces/include/tutorial_interfaces/tutorial_interfaces/srv/detail/add_three_ints__type_support.c
[1.442s] -- Installing: /home/rstole01/Documents/CSE-596/humble_ws/install/tutorial_interfaces/include/tutorial_interfaces/tutorial_interfaces/srv/detail/add_three_ints__rosidl_typesupport_introspection_c.h
[1.443s] -- Up-to-date: /home/rstole01/Documents/CSE-596/humble_ws/install/tutorial_interfaces/include/tutorial_interfaces/tutorial_interfaces/msg
[1.443s] -- Up-to-date: /home/rstole01/Documents/CSE-596/humble_ws/install/tutorial_interfaces/include/tutorial_interfaces/tutorial_interfaces/msg/rosidl_typesupport_introspection_c__visibility_control.h
[1.443s] -- Up-to-date: /home/rstole01/Documents/CSE-596/humble_ws/install/tutorial_interfaces/include/tutorial_interfaces/tutorial_interfaces/msg/detail
[1.444s] -- Installing: /home/rstole01/Documents/CSE-596/humble_ws/install/tutorial_interfaces/include/tutorial_interfaces/tutorial_interfaces/msg/detail/scan_range__type_support.c
[1.444s] -- Installing: /home/rstole01/Documents/CSE-596/humble_ws/install/tutorial_interfaces/include/tutorial_interfaces/tutorial_interfaces/msg/detail/num__type_support.c
[1.444s] -- Installing: /home/rstole01/Documents/CSE-596/humble_ws/install/tutorial_interfaces/include/tutorial_interfaces/tutorial_interfaces/msg/detail/num__rosidl_typesupport_introspection_c.h
[1.445s] -- Installing: /home/rstole01/Documents/CSE-596/humble_ws/install/tutorial_interfaces/include/tutorial_interfaces/tutorial_interfaces/msg/detail/scan_range__rosidl_typesupport_introspection_c.h
[1.445s] -- Installing: /home/rstole01/Documents/CSE-596/humble_ws/install/tutorial_interfaces/include/tutorial_interfaces/tutorial_interfaces/msg/detail/sphere__type_support.c
[1.445s] -- Installing: /home/rstole01/Documents/CSE-596/humble_ws/install/tutorial_interfaces/include/tutorial_interfaces/tutorial_interfaces/msg/detail/sphere__rosidl_typesupport_introspection_c.h
[1.447s] -- Installing: /home/rstole01/Documents/CSE-596/humble_ws/install/tutorial_interfaces/lib/libtutorial_interfaces__rosidl_typesupport_introspection_c.so
[1.448s] -- Set runtime path of "/home/rstole01/Documents/CSE-596/humble_ws/install/tutorial_interfaces/lib/libtutorial_interfaces__rosidl_typesupport_introspection_c.so" to ""
[1.448s] -- Installing: /home/rstole01/Documents/CSE-596/humble_ws/install/tutorial_interfaces/lib/libtutorial_interfaces__rosidl_typesupport_c.so
[1.449s] -- Set runtime path of "/home/rstole01/Documents/CSE-596/humble_ws/install/tutorial_interfaces/lib/libtutorial_interfaces__rosidl_typesupport_c.so" to ""
[1.450s] -- Up-to-date: /home/rstole01/Documents/CSE-596/humble_ws/install/tutorial_interfaces/include/tutorial_interfaces/tutorial_interfaces
[1.450s] -- Up-to-date: /home/rstole01/Documents/CSE-596/humble_ws/install/tutorial_interfaces/include/tutorial_interfaces/tutorial_interfaces/srv
[1.450s] -- Up-to-date: /home/rstole01/Documents/CSE-596/humble_ws/install/tutorial_interfaces/include/tutorial_interfaces/tutorial_interfaces/srv/detail
[1.450s] -- Installing: /home/rstole01/Documents/CSE-596/humble_ws/install/tutorial_interfaces/include/tutorial_interfaces/tutorial_interfaces/srv/detail/add_three_ints__rosidl_typesupport_introspection_cpp.hpp
[1.451s] -- Installing: /home/rstole01/Documents/CSE-596/humble_ws/install/tutorial_interfaces/include/tutorial_interfaces/tutorial_interfaces/srv/detail/add_three_ints__type_support.cpp
[1.451s] -- Up-to-date: /home/rstole01/Documents/CSE-596/humble_ws/install/tutorial_interfaces/include/tutorial_interfaces/tutorial_interfaces/msg
[1.451s] -- Up-to-date: /home/rstole01/Documents/CSE-596/humble_ws/install/tutorial_interfaces/include/tutorial_interfaces/tutorial_interfaces/msg/detail
[1.451s] -- Installing: /home/rstole01/Documents/CSE-596/humble_ws/install/tutorial_interfaces/include/tutorial_interfaces/tutorial_interfaces/msg/detail/scan_range__rosidl_typesupport_introspection_cpp.hpp
[1.451s] -- Installing: /home/rstole01/Documents/CSE-596/humble_ws/install/tutorial_interfaces/include/tutorial_interfaces/tutorial_interfaces/msg/detail/sphere__rosidl_typesupport_introspection_cpp.hpp
[1.452s] -- Installing: /home/rstole01/Documents/CSE-596/humble_ws/install/tutorial_interfaces/include/tutorial_interfaces/tutorial_interfaces/msg/detail/sphere__type_support.cpp
[1.452s] -- Installing: /home/rstole01/Documents/CSE-596/humble_ws/install/tutorial_interfaces/include/tutorial_interfaces/tutorial_interfaces/msg/detail/num__type_support.cpp
[1.453s] -- Installing: /home/rstole01/Documents/CSE-596/humble_ws/install/tutorial_interfaces/include/tutorial_interfaces/tutorial_interfaces/msg/detail/num__rosidl_typesupport_introspection_cpp.hpp
[1.453s] -- Installing: /home/rstole01/Documents/CSE-596/humble_ws/install/tutorial_interfaces/include/tutorial_interfaces/tutorial_interfaces/msg/detail/scan_range__type_support.cpp
[1.455s] -- Installing: /home/rstole01/Documents/CSE-596/humble_ws/install/tutorial_interfaces/lib/libtutorial_interfaces__rosidl_typesupport_introspection_cpp.so
[1.456s] -- Set runtime path of "/home/rstole01/Documents/CSE-596/humble_ws/install/tutorial_interfaces/lib/libtutorial_interfaces__rosidl_typesupport_introspection_cpp.so" to ""
[1.457s] -- Installing: /home/rstole01/Documents/CSE-596/humble_ws/install/tutorial_interfaces/lib/libtutorial_interfaces__rosidl_typesupport_cpp.so
[1.458s] -- Set runtime path of "/home/rstole01/Documents/CSE-596/humble_ws/install/tutorial_interfaces/lib/libtutorial_interfaces__rosidl_typesupport_cpp.so" to ""
[1.458s] -- Up-to-date: /home/rstole01/Documents/CSE-596/humble_ws/install/tutorial_interfaces/share/tutorial_interfaces/environment/pythonpath.sh
[1.458s] -- Installing: /home/rstole01/Documents/CSE-596/humble_ws/install/tutorial_interfaces/share/tutorial_interfaces/environment/pythonpath.dsv
[1.458s] -- Up-to-date: /home/rstole01/Documents/CSE-596/humble_ws/install/tutorial_interfaces/local/lib/python3.10/dist-packages/tutorial_interfaces-0.0.0-py3.10.egg-info
[1.459s] -- Installing: /home/rstole01/Documents/CSE-596/humble_ws/install/tutorial_interfaces/local/lib/python3.10/dist-packages/tutorial_interfaces-0.0.0-py3.10.egg-info/top_level.txt
[1.459s] -- Installing: /home/rstole01/Documents/CSE-596/humble_ws/install/tutorial_interfaces/local/lib/python3.10/dist-packages/tutorial_interfaces-0.0.0-py3.10.egg-info/SOURCES.txt
[1.459s] -- Installing: /home/rstole01/Documents/CSE-596/humble_ws/install/tutorial_interfaces/local/lib/python3.10/dist-packages/tutorial_interfaces-0.0.0-py3.10.egg-info/PKG-INFO
[1.459s] -- Installing: /home/rstole01/Documents/CSE-596/humble_ws/install/tutorial_interfaces/local/lib/python3.10/dist-packages/tutorial_interfaces-0.0.0-py3.10.egg-info/dependency_links.txt
[1.460s] -- Up-to-date: /home/rstole01/Documents/CSE-596/humble_ws/install/tutorial_interfaces/local/lib/python3.10/dist-packages/tutorial_interfaces
[1.460s] -- Installing: /home/rstole01/Documents/CSE-596/humble_ws/install/tutorial_interfaces/local/lib/python3.10/dist-packages/tutorial_interfaces/libtutorial_interfaces__rosidl_generator_py.so
[1.460s] -- Installing: /home/rstole01/Documents/CSE-596/humble_ws/install/tutorial_interfaces/local/lib/python3.10/dist-packages/tutorial_interfaces/_tutorial_interfaces_s.ep.rosidl_typesupport_introspection_c.c
[1.460s] -- Up-to-date: /home/rstole01/Documents/CSE-596/humble_ws/install/tutorial_interfaces/local/lib/python3.10/dist-packages/tutorial_interfaces/srv
[1.461s] -- Installing: /home/rstole01/Documents/CSE-596/humble_ws/install/tutorial_interfaces/local/lib/python3.10/dist-packages/tutorial_interfaces/srv/_add_three_ints.py
[1.461s] -- Installing: /home/rstole01/Documents/CSE-596/humble_ws/install/tutorial_interfaces/local/lib/python3.10/dist-packages/tutorial_interfaces/srv/_add_three_ints_s.c
[1.461s] -- Installing: /home/rstole01/Documents/CSE-596/humble_ws/install/tutorial_interfaces/local/lib/python3.10/dist-packages/tutorial_interfaces/srv/__init__.py
[1.461s] -- Installing: /home/rstole01/Documents/CSE-596/humble_ws/install/tutorial_interfaces/local/lib/python3.10/dist-packages/tutorial_interfaces/_tutorial_interfaces_s.ep.rosidl_typesupport_c.c
[1.462s] -- Installing: /home/rstole01/Documents/CSE-596/humble_ws/install/tutorial_interfaces/local/lib/python3.10/dist-packages/tutorial_interfaces/__init__.py
[1.462s] -- Up-to-date: /home/rstole01/Documents/CSE-596/humble_ws/install/tutorial_interfaces/local/lib/python3.10/dist-packages/tutorial_interfaces/msg
[1.463s] -- Installing: /home/rstole01/Documents/CSE-596/humble_ws/install/tutorial_interfaces/local/lib/python3.10/dist-packages/tutorial_interfaces/msg/_sphere.py
[1.463s] -- Installing: /home/rstole01/Documents/CSE-596/humble_ws/install/tutorial_interfaces/local/lib/python3.10/dist-packages/tutorial_interfaces/msg/_num.py
[1.463s] -- Installing: /home/rstole01/Documents/CSE-596/humble_ws/install/tutorial_interfaces/local/lib/python3.10/dist-packages/tutorial_interfaces/msg/_scan_range.py
[1.463s] -- Installing: /home/rstole01/Documents/CSE-596/humble_ws/install/tutorial_interfaces/local/lib/python3.10/dist-packages/tutorial_interfaces/msg/_sphere_s.c
[1.463s] -- Installing: /home/rstole01/Documents/CSE-596/humble_ws/install/tutorial_interfaces/local/lib/python3.10/dist-packages/tutorial_interfaces/msg/__init__.py
[1.464s] -- Installing: /home/rstole01/Documents/CSE-596/humble_ws/install/tutorial_interfaces/local/lib/python3.10/dist-packages/tutorial_interfaces/msg/_num_s.c
[1.464s] -- Installing: /home/rstole01/Documents/CSE-596/humble_ws/install/tutorial_interfaces/local/lib/python3.10/dist-packages/tutorial_interfaces/msg/_scan_range_s.c
[1.464s] -- Installing: /home/rstole01/Documents/CSE-596/humble_ws/install/tutorial_interfaces/local/lib/python3.10/dist-packages/tutorial_interfaces/tutorial_interfaces_s__rosidl_typesupport_introspection_c.cpython-310-x86_64-linux-gnu.so
[1.464s] -- Installing: /home/rstole01/Documents/CSE-596/humble_ws/install/tutorial_interfaces/local/lib/python3.10/dist-packages/tutorial_interfaces/tutorial_interfaces_s__rosidl_typesupport_c.cpython-310-x86_64-linux-gnu.so
[1.465s] -- Installing: /home/rstole01/Documents/CSE-596/humble_ws/install/tutorial_interfaces/local/lib/python3.10/dist-packages/tutorial_interfaces/tutorial_interfaces_s__rosidl_typesupport_fastrtps_c.cpython-310-x86_64-linux-gnu.so
[1.465s] -- Installing: /home/rstole01/Documents/CSE-596/humble_ws/install/tutorial_interfaces/local/lib/python3.10/dist-packages/tutorial_interfaces/_tutorial_interfaces_s.ep.rosidl_typesupport_fastrtps_c.c
[1.552s] Listing '/home/rstole01/Documents/CSE-596/humble_ws/install/tutorial_interfaces/local/lib/python3.10/dist-packages/tutorial_interfaces'...
[1.552s] Compiling '/home/rstole01/Documents/CSE-596/humble_ws/install/tutorial_interfaces/local/lib/python3.10/dist-packages/tutorial_interfaces/__init__.py'...
[1.553s] Listing '/home/rstole01/Documents/CSE-596/humble_ws/install/tutorial_interfaces/local/lib/python3.10/dist-packages/tutorial_interfaces/msg'...
[1.553s] Compiling '/home/rstole01/Documents/CSE-596/humble_ws/install/tutorial_interfaces/local/lib/python3.10/dist-packages/tutorial_interfaces/msg/__init__.py'...
[1.555s] Compiling '/home/rstole01/Documents/CSE-596/humble_ws/install/tutorial_interfaces/local/lib/python3.10/dist-packages/tutorial_interfaces/msg/_num.py'...
[1.555s] Compiling '/home/rstole01/Documents/CSE-596/humble_ws/install/tutorial_interfaces/local/lib/python3.10/dist-packages/tutorial_interfaces/msg/_scan_range.py'...
[1.556s] Compiling '/home/rstole01/Documents/CSE-596/humble_ws/install/tutorial_interfaces/local/lib/python3.10/dist-packages/tutorial_interfaces/msg/_sphere.py'...
[1.556s] Listing '/home/rstole01/Documents/CSE-596/humble_ws/install/tutorial_interfaces/local/lib/python3.10/dist-packages/tutorial_interfaces/srv'...
[1.556s] Compiling '/home/rstole01/Documents/CSE-596/humble_ws/install/tutorial_interfaces/local/lib/python3.10/dist-packages/tutorial_interfaces/srv/__init__.py'...
[1.558s] Compiling '/home/rstole01/Documents/CSE-596/humble_ws/install/tutorial_interfaces/local/lib/python3.10/dist-packages/tutorial_interfaces/srv/_add_three_ints.py'...
[1.564s] -- Installing: /home/rstole01/Documents/CSE-596/humble_ws/install/tutorial_interfaces/local/lib/python3.10/dist-packages/tutorial_interfaces/tutorial_interfaces_s__rosidl_typesupport_fastrtps_c.cpython-310-x86_64-linux-gnu.so
[1.564s] -- Set runtime path of "/home/rstole01/Documents/CSE-596/humble_ws/install/tutorial_interfaces/local/lib/python3.10/dist-packages/tutorial_interfaces/tutorial_interfaces_s__rosidl_typesupport_fastrtps_c.cpython-310-x86_64-linux-gnu.so" to ""
[1.564s] -- Installing: /home/rstole01/Documents/CSE-596/humble_ws/install/tutorial_interfaces/local/lib/python3.10/dist-packages/tutorial_interfaces/tutorial_interfaces_s__rosidl_typesupport_introspection_c.cpython-310-x86_64-linux-gnu.so
[1.565s] -- Set runtime path of "/home/rstole01/Documents/CSE-596/humble_ws/install/tutorial_interfaces/local/lib/python3.10/dist-packages/tutorial_interfaces/tutorial_interfaces_s__rosidl_typesupport_introspection_c.cpython-310-x86_64-linux-gnu.so" to ""
[1.566s] -- Installing: /home/rstole01/Documents/CSE-596/humble_ws/install/tutorial_interfaces/local/lib/python3.10/dist-packages/tutorial_interfaces/tutorial_interfaces_s__rosidl_typesupport_c.cpython-310-x86_64-linux-gnu.so
[1.567s] -- Set runtime path of "/home/rstole01/Documents/CSE-596/humble_ws/install/tutorial_interfaces/local/lib/python3.10/dist-packages/tutorial_interfaces/tutorial_interfaces_s__rosidl_typesupport_c.cpython-310-x86_64-linux-gnu.so" to ""
[1.568s] -- Installing: /home/rstole01/Documents/CSE-596/humble_ws/install/tutorial_interfaces/lib/libtutorial_interfaces__rosidl_generator_py.so
[1.569s] -- Set runtime path of "/home/rstole01/Documents/CSE-596/humble_ws/install/tutorial_interfaces/lib/libtutorial_interfaces__rosidl_generator_py.so" to ""
[1.569s] -- Up-to-date: /home/rstole01/Documents/CSE-596/humble_ws/install/tutorial_interfaces/share/tutorial_interfaces/msg/Num.idl
[1.569s] -- Up-to-date: /home/rstole01/Documents/CSE-596/humble_ws/install/tutorial_interfaces/share/tutorial_interfaces/msg/Sphere.idl
[1.570s] -- Up-to-date: /home/rstole01/Documents/CSE-596/humble_ws/install/tutorial_interfaces/share/tutorial_interfaces/srv/AddThreeInts.idl
[1.570s] -- Up-to-date: /home/rstole01/Documents/CSE-596/humble_ws/install/tutorial_interfaces/share/tutorial_interfaces/msg/ScanRange.idl
[1.570s] -- Up-to-date: /home/rstole01/Documents/CSE-596/humble_ws/install/tutorial_interfaces/share/tutorial_interfaces/msg/Num.msg
[1.570s] -- Up-to-date: /home/rstole01/Documents/CSE-596/humble_ws/install/tutorial_interfaces/share/tutorial_interfaces/msg/Sphere.msg
[1.570s] -- Up-to-date: /home/rstole01/Documents/CSE-596/humble_ws/install/tutorial_interfaces/share/tutorial_interfaces/srv/AddThreeInts.srv
[1.571s] -- Up-to-date: /home/rstole01/Documents/CSE-596/humble_ws/install/tutorial_interfaces/share/tutorial_interfaces/srv/AddThreeInts_Request.msg
[1.571s] -- Up-to-date: /home/rstole01/Documents/CSE-596/humble_ws/install/tutorial_interfaces/share/tutorial_interfaces/srv/AddThreeInts_Response.msg
[1.571s] -- Up-to-date: /home/rstole01/Documents/CSE-596/humble_ws/install/tutorial_interfaces/share/tutorial_interfaces/msg/ScanRange.msg
[1.571s] -- Up-to-date: /home/rstole01/Documents/CSE-596/humble_ws/install/tutorial_interfaces/share/ament_index/resource_index/package_run_dependencies/tutorial_interfaces
[1.571s] -- Installing: /home/rstole01/Documents/CSE-596/humble_ws/install/tutorial_interfaces/share/ament_index/resource_index/parent_prefix_path/tutorial_interfaces
[1.572s] -- Installing: /home/rstole01/Documents/CSE-596/humble_ws/install/tutorial_interfaces/share/tutorial_interfaces/environment/ament_prefix_path.sh
[1.572s] -- Installing: /home/rstole01/Documents/CSE-596/humble_ws/install/tutorial_interfaces/share/tutorial_interfaces/environment/ament_prefix_path.dsv
[1.572s] -- Installing: /home/rstole01/Documents/CSE-596/humble_ws/install/tutorial_interfaces/share/tutorial_interfaces/environment/path.sh
[1.572s] -- Installing: /home/rstole01/Documents/CSE-596/humble_ws/install/tutorial_interfaces/share/tutorial_interfaces/environment/path.dsv
[1.572s] -- Up-to-date: /home/rstole01/Documents/CSE-596/humble_ws/install/tutorial_interfaces/share/tutorial_interfaces/local_setup.bash
[1.573s] -- Up-to-date: /home/rstole01/Documents/CSE-596/humble_ws/install/tutorial_interfaces/share/tutorial_interfaces/local_setup.sh
[1.573s] -- Up-to-date: /home/rstole01/Documents/CSE-596/humble_ws/install/tutorial_interfaces/share/tutorial_interfaces/local_setup.zsh
[1.573s] -- Installing: /home/rstole01/Documents/CSE-596/humble_ws/install/tutorial_interfaces/share/tutorial_interfaces/local_setup.dsv
[1.573s] -- Installing: /home/rstole01/Documents/CSE-596/humble_ws/install/tutorial_interfaces/share/tutorial_interfaces/package.dsv
[1.573s] -- Up-to-date: /home/rstole01/Documents/CSE-596/humble_ws/install/tutorial_interfaces/share/ament_index/resource_index/packages/tutorial_interfaces
[1.574s] -- Up-to-date: /home/rstole01/Documents/CSE-596/humble_ws/install/tutorial_interfaces/share/tutorial_interfaces/cmake/export_tutorial_interfaces__rosidl_generator_cExport.cmake
[1.574s] -- Up-to-date: /home/rstole01/Documents/CSE-596/humble_ws/install/tutorial_interfaces/share/tutorial_interfaces/cmake/export_tutorial_interfaces__rosidl_generator_cExport-noconfig.cmake
[1.574s] -- Up-to-date: /home/rstole01/Documents/CSE-596/humble_ws/install/tutorial_interfaces/share/tutorial_interfaces/cmake/export_tutorial_interfaces__rosidl_typesupport_fastrtps_cExport.cmake
[1.574s] -- Up-to-date: /home/rstole01/Documents/CSE-596/humble_ws/install/tutorial_interfaces/share/tutorial_interfaces/cmake/export_tutorial_interfaces__rosidl_typesupport_fastrtps_cExport-noconfig.cmake
[1.575s] -- Up-to-date: /home/rstole01/Documents/CSE-596/humble_ws/install/tutorial_interfaces/share/tutorial_interfaces/cmake/export_tutorial_interfaces__rosidl_generator_cppExport.cmake
[1.575s] -- Up-to-date: /home/rstole01/Documents/CSE-596/humble_ws/install/tutorial_interfaces/share/tutorial_interfaces/cmake/export_tutorial_interfaces__rosidl_typesupport_fastrtps_cppExport.cmake
[1.575s] -- Up-to-date: /home/rstole01/Documents/CSE-596/humble_ws/install/tutorial_interfaces/share/tutorial_interfaces/cmake/export_tutorial_interfaces__rosidl_typesupport_fastrtps_cppExport-noconfig.cmake
[1.576s] -- Up-to-date: /home/rstole01/Documents/CSE-596/humble_ws/install/tutorial_interfaces/share/tutorial_interfaces/cmake/tutorial_interfaces__rosidl_typesupport_introspection_cExport.cmake
[1.576s] -- Up-to-date: /home/rstole01/Documents/CSE-596/humble_ws/install/tutorial_interfaces/share/tutorial_interfaces/cmake/tutorial_interfaces__rosidl_typesupport_introspection_cExport-noconfig.cmake
[1.576s] -- Up-to-date: /home/rstole01/Documents/CSE-596/humble_ws/install/tutorial_interfaces/share/tutorial_interfaces/cmake/tutorial_interfaces__rosidl_typesupport_cExport.cmake
[1.577s] -- Up-to-date: /home/rstole01/Documents/CSE-596/humble_ws/install/tutorial_interfaces/share/tutorial_interfaces/cmake/tutorial_interfaces__rosidl_typesupport_cExport-noconfig.cmake
[1.577s] -- Up-to-date: /home/rstole01/Documents/CSE-596/humble_ws/install/tutorial_interfaces/share/tutorial_interfaces/cmake/tutorial_interfaces__rosidl_typesupport_introspection_cppExport.cmake
[1.577s] -- Up-to-date: /home/rstole01/Documents/CSE-596/humble_ws/install/tutorial_interfaces/share/tutorial_interfaces/cmake/tutorial_interfaces__rosidl_typesupport_introspection_cppExport-noconfig.cmake
[1.578s] -- Up-to-date: /home/rstole01/Documents/CSE-596/humble_ws/install/tutorial_interfaces/share/tutorial_interfaces/cmake/tutorial_interfaces__rosidl_typesupport_cppExport.cmake
[1.578s] -- Up-to-date: /home/rstole01/Documents/CSE-596/humble_ws/install/tutorial_interfaces/share/tutorial_interfaces/cmake/tutorial_interfaces__rosidl_typesupport_cppExport-noconfig.cmake
[1.578s] -- Up-to-date: /home/rstole01/Documents/CSE-596/humble_ws/install/tutorial_interfaces/share/tutorial_interfaces/cmake/export_tutorial_interfaces__rosidl_generator_pyExport.cmake
[1.579s] -- Up-to-date: /home/rstole01/Documents/CSE-596/humble_ws/install/tutorial_interfaces/share/tutorial_interfaces/cmake/export_tutorial_interfaces__rosidl_generator_pyExport-noconfig.cmake
[1.579s] -- Up-to-date: /home/rstole01/Documents/CSE-596/humble_ws/install/tutorial_interfaces/share/tutorial_interfaces/cmake/rosidl_cmake-extras.cmake
[1.579s] -- Up-to-date: /home/rstole01/Documents/CSE-596/humble_ws/install/tutorial_interfaces/share/tutorial_interfaces/cmake/ament_cmake_export_dependencies-extras.cmake
[1.580s] -- Up-to-date: /home/rstole01/Documents/CSE-596/humble_ws/install/tutorial_interfaces/share/tutorial_interfaces/cmake/ament_cmake_export_include_directories-extras.cmake
[1.580s] -- Up-to-date: /home/rstole01/Documents/CSE-596/humble_ws/install/tutorial_interfaces/share/tutorial_interfaces/cmake/ament_cmake_export_libraries-extras.cmake
[1.580s] -- Up-to-date: /home/rstole01/Documents/CSE-596/humble_ws/install/tutorial_interfaces/share/tutorial_interfaces/cmake/ament_cmake_export_targets-extras.cmake
[1.580s] -- Up-to-date: /home/rstole01/Documents/CSE-596/humble_ws/install/tutorial_interfaces/share/tutorial_interfaces/cmake/rosidl_cmake_export_typesupport_targets-extras.cmake
[1.580s] -- Up-to-date: /home/rstole01/Documents/CSE-596/humble_ws/install/tutorial_interfaces/share/tutorial_interfaces/cmake/rosidl_cmake_export_typesupport_libraries-extras.cmake
[1.581s] -- Up-to-date: /home/rstole01/Documents/CSE-596/humble_ws/install/tutorial_interfaces/share/tutorial_interfaces/cmake/tutorial_interfacesConfig.cmake
[1.581s] -- Up-to-date: /home/rstole01/Documents/CSE-596/humble_ws/install/tutorial_interfaces/share/tutorial_interfaces/cmake/tutorial_interfacesConfig-version.cmake
[1.581s] -- Up-to-date: /home/rstole01/Documents/CSE-596/humble_ws/install/tutorial_interfaces/share/tutorial_interfaces/package.xml
[1.585s] Invoked command in '/home/rstole01/Documents/CSE-596/humble_ws/build/tutorial_interfaces' returned '0': CMAKE_PREFIX_PATH=${CMAKE_PREFIX_PATH}:/home/rstole01/Documents/CSE-596/humble_ws/install/waypoint_logger:/home/rstole01/Documents/CSE-596/humble_ws/install/f1tenth_gym_ros:/opt/ros/humble /usr/bin/cmake --install /home/rstole01/Documents/CSE-596/humble_ws/build/tutorial_interfaces
