[0.746s] Invoking command in '/home/rstole01/Documents/CSE-596/msu_ws/build/ackermann_msgs': CMAKE_PREFIX_PATH=${CMAKE_PREFIX_PATH}:/home/rstole01/Documents/CSE-596/msu_ws/install/waypoint_writer:/home/rstole01/Documents/CSE-596/msu_ws/install/waypoint_follow:/home/rstole01/Documents/CSE-596/msu_ws/install/wall_follower_pid:/home/rstole01/Documents/CSE-596/msu_ws/install/qlearn:/home/rstole01/Documents/CSE-596/msu_ws/install/py_pubsub:/home/rstole01/Documents/CSE-596/msu_ws/install/plexer360:/home/rstole01/Documents/CSE-596/msu_ws/install/painter:/home/rstole01/Documents/CSE-596/msu_ws/install/f1tenth_gym_ros:/opt/ros/humble /usr/bin/cmake --build /home/rstole01/Documents/CSE-596/msu_ws/build/ackermann_msgs -- -j8 -l8
[2.840s] [  2%] Built target ackermann_msgs__cpp
[2.841s] [ 12%] Built target ackermann_msgs__rosidl_generator_c
[2.841s] [ 12%] Built target ament_cmake_python_copy_ackermann_msgs
[2.842s] [ 23%] Built target ackermann_msgs__rosidl_typesupport_introspection_cpp
[2.843s] [ 33%] Built target ackermann_msgs__rosidl_typesupport_cpp
[2.843s] [ 43%] Built target ackermann_msgs__rosidl_typesupport_fastrtps_cpp
[2.843s] [ 53%] Built target ackermann_msgs__rosidl_typesupport_introspection_c
[2.844s] [ 64%] Built target ackermann_msgs__rosidl_typesupport_c
[2.844s] [ 74%] Built target ackermann_msgs__rosidl_typesupport_fastrtps_c
[2.844s] [ 74%] Built target ackermann_msgs
[2.845s] [ 76%] Built target ackermann_msgs__py
[2.845s] [ 84%] Built target ackermann_msgs__rosidl_generator_py
[2.846s] [ 89%] Built target ackermann_msgs__rosidl_typesupport_introspection_c__pyext
[2.848s] [ 94%] Built target ackermann_msgs__rosidl_typesupport_fastrtps_c__pyext
[2.849s] [100%] Built target ackermann_msgs__rosidl_typesupport_c__pyext
[2.851s] running egg_info
[2.854s] writing ackermann_msgs.egg-info/PKG-INFO
[2.856s] writing dependency_links to ackermann_msgs.egg-info/dependency_links.txt
[2.857s] writing top-level names to ackermann_msgs.egg-info/top_level.txt
[2.858s] reading manifest file 'ackermann_msgs.egg-info/SOURCES.txt'
[2.860s] writing manifest file 'ackermann_msgs.egg-info/SOURCES.txt'
[2.860s] [100%] Built target ament_cmake_python_build_ackermann_msgs_egg
[2.880s] Invoked command in '/home/rstole01/Documents/CSE-596/msu_ws/build/ackermann_msgs' returned '0': CMAKE_PREFIX_PATH=${CMAKE_PREFIX_PATH}:/home/rstole01/Documents/CSE-596/msu_ws/install/waypoint_writer:/home/rstole01/Documents/CSE-596/msu_ws/install/waypoint_follow:/home/rstole01/Documents/CSE-596/msu_ws/install/wall_follower_pid:/home/rstole01/Documents/CSE-596/msu_ws/install/qlearn:/home/rstole01/Documents/CSE-596/msu_ws/install/py_pubsub:/home/rstole01/Documents/CSE-596/msu_ws/install/plexer360:/home/rstole01/Documents/CSE-596/msu_ws/install/painter:/home/rstole01/Documents/CSE-596/msu_ws/install/f1tenth_gym_ros:/opt/ros/humble /usr/bin/cmake --build /home/rstole01/Documents/CSE-596/msu_ws/build/ackermann_msgs -- -j8 -l8
[3.981s] Invoking command in '/home/rstole01/Documents/CSE-596/msu_ws/build/ackermann_msgs': CMAKE_PREFIX_PATH=${CMAKE_PREFIX_PATH}:/home/rstole01/Documents/CSE-596/msu_ws/install/waypoint_writer:/home/rstole01/Documents/CSE-596/msu_ws/install/waypoint_follow:/home/rstole01/Documents/CSE-596/msu_ws/install/wall_follower_pid:/home/rstole01/Documents/CSE-596/msu_ws/install/qlearn:/home/rstole01/Documents/CSE-596/msu_ws/install/py_pubsub:/home/rstole01/Documents/CSE-596/msu_ws/install/plexer360:/home/rstole01/Documents/CSE-596/msu_ws/install/painter:/home/rstole01/Documents/CSE-596/msu_ws/install/f1tenth_gym_ros:/opt/ros/humble /usr/bin/cmake --install /home/rstole01/Documents/CSE-596/msu_ws/build/ackermann_msgs
[4.067s] -- Install configuration: ""
[4.079s] -- Up-to-date: /home/rstole01/Documents/CSE-596/msu_ws/install/ackermann_msgs/share/ament_index/resource_index/rosidl_interfaces/ackermann_msgs
[4.079s] -- Up-to-date: /home/rstole01/Documents/CSE-596/msu_ws/install/ackermann_msgs/include/ackermann_msgs/ackermann_msgs
[4.080s] -- Up-to-date: /home/rstole01/Documents/CSE-596/msu_ws/install/ackermann_msgs/include/ackermann_msgs/ackermann_msgs/msg
[4.080s] -- Up-to-date: /home/rstole01/Documents/CSE-596/msu_ws/install/ackermann_msgs/include/ackermann_msgs/ackermann_msgs/msg/rosidl_generator_c__visibility_control.h
[4.081s] -- Up-to-date: /home/rstole01/Documents/CSE-596/msu_ws/install/ackermann_msgs/include/ackermann_msgs/ackermann_msgs/msg/detail
[4.081s] -- Up-to-date: /home/rstole01/Documents/CSE-596/msu_ws/install/ackermann_msgs/include/ackermann_msgs/ackermann_msgs/msg/detail/ackermann_drive_stamped__functions.c
[4.081s] -- Up-to-date: /home/rstole01/Documents/CSE-596/msu_ws/install/ackermann_msgs/include/ackermann_msgs/ackermann_msgs/msg/detail/ackermann_drive__functions.h
[4.082s] -- Up-to-date: /home/rstole01/Documents/CSE-596/msu_ws/install/ackermann_msgs/include/ackermann_msgs/ackermann_msgs/msg/detail/ackermann_drive_stamped__struct.h
[4.082s] -- Up-to-date: /home/rstole01/Documents/CSE-596/msu_ws/install/ackermann_msgs/include/ackermann_msgs/ackermann_msgs/msg/detail/ackermann_drive_stamped__type_support.h
[4.082s] -- Up-to-date: /home/rstole01/Documents/CSE-596/msu_ws/install/ackermann_msgs/include/ackermann_msgs/ackermann_msgs/msg/detail/ackermann_drive__functions.c
[4.082s] -- Up-to-date: /home/rstole01/Documents/CSE-596/msu_ws/install/ackermann_msgs/include/ackermann_msgs/ackermann_msgs/msg/detail/ackermann_drive__struct.h
[4.083s] -- Up-to-date: /home/rstole01/Documents/CSE-596/msu_ws/install/ackermann_msgs/include/ackermann_msgs/ackermann_msgs/msg/detail/ackermann_drive__type_support.h
[4.083s] -- Up-to-date: /home/rstole01/Documents/CSE-596/msu_ws/install/ackermann_msgs/include/ackermann_msgs/ackermann_msgs/msg/detail/ackermann_drive_stamped__functions.h
[4.083s] -- Up-to-date: /home/rstole01/Documents/CSE-596/msu_ws/install/ackermann_msgs/include/ackermann_msgs/ackermann_msgs/msg/ackermann_drive_stamped.h
[4.083s] -- Up-to-date: /home/rstole01/Documents/CSE-596/msu_ws/install/ackermann_msgs/include/ackermann_msgs/ackermann_msgs/msg/ackermann_drive.h
[4.084s] -- Up-to-date: /home/rstole01/Documents/CSE-596/msu_ws/install/ackermann_msgs/share/ackermann_msgs/environment/library_path.sh
[4.085s] -- Up-to-date: /home/rstole01/Documents/CSE-596/msu_ws/install/ackermann_msgs/share/ackermann_msgs/environment/library_path.dsv
[4.086s] -- Up-to-date: /home/rstole01/Documents/CSE-596/msu_ws/install/ackermann_msgs/lib/libackermann_msgs__rosidl_generator_c.so
[4.087s] -- Up-to-date: /home/rstole01/Documents/CSE-596/msu_ws/install/ackermann_msgs/include/ackermann_msgs/ackermann_msgs
[4.087s] -- Up-to-date: /home/rstole01/Documents/CSE-596/msu_ws/install/ackermann_msgs/include/ackermann_msgs/ackermann_msgs/msg
[4.087s] -- Up-to-date: /home/rstole01/Documents/CSE-596/msu_ws/install/ackermann_msgs/include/ackermann_msgs/ackermann_msgs/msg/rosidl_typesupport_fastrtps_c__visibility_control.h
[4.087s] -- Up-to-date: /home/rstole01/Documents/CSE-596/msu_ws/install/ackermann_msgs/include/ackermann_msgs/ackermann_msgs/msg/detail
[4.088s] -- Up-to-date: /home/rstole01/Documents/CSE-596/msu_ws/install/ackermann_msgs/include/ackermann_msgs/ackermann_msgs/msg/detail/ackermann_drive__rosidl_typesupport_fastrtps_c.h
[4.088s] -- Up-to-date: /home/rstole01/Documents/CSE-596/msu_ws/install/ackermann_msgs/include/ackermann_msgs/ackermann_msgs/msg/detail/ackermann_drive_stamped__rosidl_typesupport_fastrtps_c.h
[4.104s] -- Up-to-date: /home/rstole01/Documents/CSE-596/msu_ws/install/ackermann_msgs/lib/libackermann_msgs__rosidl_typesupport_fastrtps_c.so
[4.106s] -- Up-to-date: /home/rstole01/Documents/CSE-596/msu_ws/install/ackermann_msgs/include/ackermann_msgs/ackermann_msgs
[4.106s] -- Up-to-date: /home/rstole01/Documents/CSE-596/msu_ws/install/ackermann_msgs/include/ackermann_msgs/ackermann_msgs/msg
[4.107s] -- Up-to-date: /home/rstole01/Documents/CSE-596/msu_ws/install/ackermann_msgs/include/ackermann_msgs/ackermann_msgs/msg/rosidl_typesupport_introspection_c__visibility_control.h
[4.107s] -- Up-to-date: /home/rstole01/Documents/CSE-596/msu_ws/install/ackermann_msgs/include/ackermann_msgs/ackermann_msgs/msg/detail
[4.107s] -- Up-to-date: /home/rstole01/Documents/CSE-596/msu_ws/install/ackermann_msgs/include/ackermann_msgs/ackermann_msgs/msg/detail/ackermann_drive_stamped__type_support.c
[4.108s] -- Up-to-date: /home/rstole01/Documents/CSE-596/msu_ws/install/ackermann_msgs/include/ackermann_msgs/ackermann_msgs/msg/detail/ackermann_drive_stamped__rosidl_typesupport_introspection_c.h
[4.108s] -- Up-to-date: /home/rstole01/Documents/CSE-596/msu_ws/install/ackermann_msgs/include/ackermann_msgs/ackermann_msgs/msg/detail/ackermann_drive__rosidl_typesupport_introspection_c.h
[4.108s] -- Up-to-date: /home/rstole01/Documents/CSE-596/msu_ws/install/ackermann_msgs/include/ackermann_msgs/ackermann_msgs/msg/detail/ackermann_drive__type_support.c
[4.108s] -- Up-to-date: /home/rstole01/Documents/CSE-596/msu_ws/install/ackermann_msgs/lib/libackermann_msgs__rosidl_typesupport_introspection_c.so
[4.109s] -- Up-to-date: /home/rstole01/Documents/CSE-596/msu_ws/install/ackermann_msgs/lib/libackermann_msgs__rosidl_typesupport_c.so
[4.109s] -- Up-to-date: /home/rstole01/Documents/CSE-596/msu_ws/install/ackermann_msgs/include/ackermann_msgs/ackermann_msgs
[4.109s] -- Up-to-date: /home/rstole01/Documents/CSE-596/msu_ws/install/ackermann_msgs/include/ackermann_msgs/ackermann_msgs/msg
[4.110s] -- Up-to-date: /home/rstole01/Documents/CSE-596/msu_ws/install/ackermann_msgs/include/ackermann_msgs/ackermann_msgs/msg/ackermann_drive.hpp
[4.110s] -- Up-to-date: /home/rstole01/Documents/CSE-596/msu_ws/install/ackermann_msgs/include/ackermann_msgs/ackermann_msgs/msg/detail
[4.116s] -- Up-to-date: /home/rstole01/Documents/CSE-596/msu_ws/install/ackermann_msgs/include/ackermann_msgs/ackermann_msgs/msg/detail/ackermann_drive_stamped__traits.hpp
[4.116s] -- Up-to-date: /home/rstole01/Documents/CSE-596/msu_ws/install/ackermann_msgs/include/ackermann_msgs/ackermann_msgs/msg/detail/ackermann_drive_stamped__builder.hpp
[4.116s] -- Up-to-date: /home/rstole01/Documents/CSE-596/msu_ws/install/ackermann_msgs/include/ackermann_msgs/ackermann_msgs/msg/detail/ackermann_drive__builder.hpp
[4.116s] -- Up-to-date: /home/rstole01/Documents/CSE-596/msu_ws/install/ackermann_msgs/include/ackermann_msgs/ackermann_msgs/msg/detail/ackermann_drive__struct.hpp
[4.117s] -- Up-to-date: /home/rstole01/Documents/CSE-596/msu_ws/install/ackermann_msgs/include/ackermann_msgs/ackermann_msgs/msg/detail/ackermann_drive__traits.hpp
[4.117s] -- Up-to-date: /home/rstole01/Documents/CSE-596/msu_ws/install/ackermann_msgs/include/ackermann_msgs/ackermann_msgs/msg/detail/ackermann_drive_stamped__struct.hpp
[4.117s] -- Up-to-date: /home/rstole01/Documents/CSE-596/msu_ws/install/ackermann_msgs/include/ackermann_msgs/ackermann_msgs/msg/ackermann_drive_stamped.hpp
[4.117s] -- Up-to-date: /home/rstole01/Documents/CSE-596/msu_ws/install/ackermann_msgs/include/ackermann_msgs/ackermann_msgs
[4.118s] -- Up-to-date: /home/rstole01/Documents/CSE-596/msu_ws/install/ackermann_msgs/include/ackermann_msgs/ackermann_msgs/msg
[4.118s] -- Up-to-date: /home/rstole01/Documents/CSE-596/msu_ws/install/ackermann_msgs/include/ackermann_msgs/ackermann_msgs/msg/detail
[4.118s] -- Up-to-date: /home/rstole01/Documents/CSE-596/msu_ws/install/ackermann_msgs/include/ackermann_msgs/ackermann_msgs/msg/detail/ackermann_drive__rosidl_typesupport_fastrtps_cpp.hpp
[4.119s] -- Up-to-date: /home/rstole01/Documents/CSE-596/msu_ws/install/ackermann_msgs/include/ackermann_msgs/ackermann_msgs/msg/detail/ackermann_drive_stamped__rosidl_typesupport_fastrtps_cpp.hpp
[4.119s] -- Up-to-date: /home/rstole01/Documents/CSE-596/msu_ws/install/ackermann_msgs/include/ackermann_msgs/ackermann_msgs/msg/detail/dds_fastrtps
[4.119s] -- Up-to-date: /home/rstole01/Documents/CSE-596/msu_ws/install/ackermann_msgs/include/ackermann_msgs/ackermann_msgs/msg/rosidl_typesupport_fastrtps_cpp__visibility_control.h
[4.119s] -- Up-to-date: /home/rstole01/Documents/CSE-596/msu_ws/install/ackermann_msgs/lib/libackermann_msgs__rosidl_typesupport_fastrtps_cpp.so
[4.120s] -- Up-to-date: /home/rstole01/Documents/CSE-596/msu_ws/install/ackermann_msgs/include/ackermann_msgs/ackermann_msgs
[4.120s] -- Up-to-date: /home/rstole01/Documents/CSE-596/msu_ws/install/ackermann_msgs/include/ackermann_msgs/ackermann_msgs/msg
[4.120s] -- Up-to-date: /home/rstole01/Documents/CSE-596/msu_ws/install/ackermann_msgs/include/ackermann_msgs/ackermann_msgs/msg/detail
[4.121s] -- Up-to-date: /home/rstole01/Documents/CSE-596/msu_ws/install/ackermann_msgs/include/ackermann_msgs/ackermann_msgs/msg/detail/ackermann_drive_stamped__rosidl_typesupport_introspection_cpp.hpp
[4.121s] -- Up-to-date: /home/rstole01/Documents/CSE-596/msu_ws/install/ackermann_msgs/include/ackermann_msgs/ackermann_msgs/msg/detail/ackermann_drive__rosidl_typesupport_introspection_cpp.hpp
[4.121s] -- Up-to-date: /home/rstole01/Documents/CSE-596/msu_ws/install/ackermann_msgs/include/ackermann_msgs/ackermann_msgs/msg/detail/ackermann_drive_stamped__type_support.cpp
[4.121s] -- Up-to-date: /home/rstole01/Documents/CSE-596/msu_ws/install/ackermann_msgs/include/ackermann_msgs/ackermann_msgs/msg/detail/ackermann_drive__type_support.cpp
[4.122s] -- Up-to-date: /home/rstole01/Documents/CSE-596/msu_ws/install/ackermann_msgs/lib/libackermann_msgs__rosidl_typesupport_introspection_cpp.so
[4.122s] -- Up-to-date: /home/rstole01/Documents/CSE-596/msu_ws/install/ackermann_msgs/lib/libackermann_msgs__rosidl_typesupport_cpp.so
[4.122s] -- Up-to-date: /home/rstole01/Documents/CSE-596/msu_ws/install/ackermann_msgs/share/ackermann_msgs/environment/pythonpath.sh
[4.123s] -- Up-to-date: /home/rstole01/Documents/CSE-596/msu_ws/install/ackermann_msgs/share/ackermann_msgs/environment/pythonpath.dsv
[4.123s] -- Up-to-date: /home/rstole01/Documents/CSE-596/msu_ws/install/ackermann_msgs/local/lib/python3.10/dist-packages/ackermann_msgs-2.0.2-py3.10.egg-info
[4.123s] -- Installing: /home/rstole01/Documents/CSE-596/msu_ws/install/ackermann_msgs/local/lib/python3.10/dist-packages/ackermann_msgs-2.0.2-py3.10.egg-info/top_level.txt
[4.124s] -- Installing: /home/rstole01/Documents/CSE-596/msu_ws/install/ackermann_msgs/local/lib/python3.10/dist-packages/ackermann_msgs-2.0.2-py3.10.egg-info/SOURCES.txt
[4.124s] -- Installing: /home/rstole01/Documents/CSE-596/msu_ws/install/ackermann_msgs/local/lib/python3.10/dist-packages/ackermann_msgs-2.0.2-py3.10.egg-info/PKG-INFO
[4.124s] -- Installing: /home/rstole01/Documents/CSE-596/msu_ws/install/ackermann_msgs/local/lib/python3.10/dist-packages/ackermann_msgs-2.0.2-py3.10.egg-info/dependency_links.txt
[4.124s] -- Up-to-date: /home/rstole01/Documents/CSE-596/msu_ws/install/ackermann_msgs/local/lib/python3.10/dist-packages/ackermann_msgs
[4.125s] -- Up-to-date: /home/rstole01/Documents/CSE-596/msu_ws/install/ackermann_msgs/local/lib/python3.10/dist-packages/ackermann_msgs/ackermann_msgs_s__rosidl_typesupport_c.cpython-310-x86_64-linux-gnu.so
[4.125s] -- Up-to-date: /home/rstole01/Documents/CSE-596/msu_ws/install/ackermann_msgs/local/lib/python3.10/dist-packages/ackermann_msgs/_ackermann_msgs_s.ep.rosidl_typesupport_fastrtps_c.c
[4.125s] -- Up-to-date: /home/rstole01/Documents/CSE-596/msu_ws/install/ackermann_msgs/local/lib/python3.10/dist-packages/ackermann_msgs/__init__.py
[4.125s] -- Up-to-date: /home/rstole01/Documents/CSE-596/msu_ws/install/ackermann_msgs/local/lib/python3.10/dist-packages/ackermann_msgs/msg
[4.126s] -- Up-to-date: /home/rstole01/Documents/CSE-596/msu_ws/install/ackermann_msgs/local/lib/python3.10/dist-packages/ackermann_msgs/msg/_ackermann_drive_stamped.py
[4.126s] -- Up-to-date: /home/rstole01/Documents/CSE-596/msu_ws/install/ackermann_msgs/local/lib/python3.10/dist-packages/ackermann_msgs/msg/_ackermann_drive.py
[4.151s] -- Up-to-date: /home/rstole01/Documents/CSE-596/msu_ws/install/ackermann_msgs/local/lib/python3.10/dist-packages/ackermann_msgs/msg/_ackermann_drive_stamped_s.c
[4.152s] -- Up-to-date: /home/rstole01/Documents/CSE-596/msu_ws/install/ackermann_msgs/local/lib/python3.10/dist-packages/ackermann_msgs/msg/_ackermann_drive_s.c
[4.152s] -- Up-to-date: /home/rstole01/Documents/CSE-596/msu_ws/install/ackermann_msgs/local/lib/python3.10/dist-packages/ackermann_msgs/msg/__init__.py
[4.153s] -- Up-to-date: /home/rstole01/Documents/CSE-596/msu_ws/install/ackermann_msgs/local/lib/python3.10/dist-packages/ackermann_msgs/libackermann_msgs__rosidl_generator_py.so
[4.153s] -- Up-to-date: /home/rstole01/Documents/CSE-596/msu_ws/install/ackermann_msgs/local/lib/python3.10/dist-packages/ackermann_msgs/ackermann_msgs_s__rosidl_typesupport_introspection_c.cpython-310-x86_64-linux-gnu.so
[4.153s] -- Up-to-date: /home/rstole01/Documents/CSE-596/msu_ws/install/ackermann_msgs/local/lib/python3.10/dist-packages/ackermann_msgs/ackermann_msgs_s__rosidl_typesupport_fastrtps_c.cpython-310-x86_64-linux-gnu.so
[4.153s] -- Up-to-date: /home/rstole01/Documents/CSE-596/msu_ws/install/ackermann_msgs/local/lib/python3.10/dist-packages/ackermann_msgs/_ackermann_msgs_s.ep.rosidl_typesupport_c.c
[4.154s] -- Up-to-date: /home/rstole01/Documents/CSE-596/msu_ws/install/ackermann_msgs/local/lib/python3.10/dist-packages/ackermann_msgs/_ackermann_msgs_s.ep.rosidl_typesupport_introspection_c.c
[4.272s] Listing '/home/rstole01/Documents/CSE-596/msu_ws/install/ackermann_msgs/local/lib/python3.10/dist-packages/ackermann_msgs'...
[4.272s] Listing '/home/rstole01/Documents/CSE-596/msu_ws/install/ackermann_msgs/local/lib/python3.10/dist-packages/ackermann_msgs/msg'...
[4.308s] -- Up-to-date: /home/rstole01/Documents/CSE-596/msu_ws/install/ackermann_msgs/local/lib/python3.10/dist-packages/ackermann_msgs/ackermann_msgs_s__rosidl_typesupport_fastrtps_c.cpython-310-x86_64-linux-gnu.so
[4.309s] -- Up-to-date: /home/rstole01/Documents/CSE-596/msu_ws/install/ackermann_msgs/local/lib/python3.10/dist-packages/ackermann_msgs/ackermann_msgs_s__rosidl_typesupport_introspection_c.cpython-310-x86_64-linux-gnu.so
[4.310s] -- Up-to-date: /home/rstole01/Documents/CSE-596/msu_ws/install/ackermann_msgs/local/lib/python3.10/dist-packages/ackermann_msgs/ackermann_msgs_s__rosidl_typesupport_c.cpython-310-x86_64-linux-gnu.so
[4.310s] -- Up-to-date: /home/rstole01/Documents/CSE-596/msu_ws/install/ackermann_msgs/lib/libackermann_msgs__rosidl_generator_py.so
[4.310s] -- Up-to-date: /home/rstole01/Documents/CSE-596/msu_ws/install/ackermann_msgs/share/ackermann_msgs/msg/AckermannDrive.idl
[4.311s] -- Up-to-date: /home/rstole01/Documents/CSE-596/msu_ws/install/ackermann_msgs/share/ackermann_msgs/msg/AckermannDriveStamped.idl
[4.311s] -- Up-to-date: /home/rstole01/Documents/CSE-596/msu_ws/install/ackermann_msgs/share/ackermann_msgs/msg/AckermannDrive.msg
[4.312s] -- Up-to-date: /home/rstole01/Documents/CSE-596/msu_ws/install/ackermann_msgs/share/ackermann_msgs/msg/AckermannDriveStamped.msg
[4.313s] -- Up-to-date: /home/rstole01/Documents/CSE-596/msu_ws/install/ackermann_msgs/share/ament_index/resource_index/package_run_dependencies/ackermann_msgs
[4.313s] -- Up-to-date: /home/rstole01/Documents/CSE-596/msu_ws/install/ackermann_msgs/share/ament_index/resource_index/parent_prefix_path/ackermann_msgs
[4.314s] -- Up-to-date: /home/rstole01/Documents/CSE-596/msu_ws/install/ackermann_msgs/share/ackermann_msgs/environment/ament_prefix_path.sh
[4.315s] -- Up-to-date: /home/rstole01/Documents/CSE-596/msu_ws/install/ackermann_msgs/share/ackermann_msgs/environment/ament_prefix_path.dsv
[4.315s] -- Up-to-date: /home/rstole01/Documents/CSE-596/msu_ws/install/ackermann_msgs/share/ackermann_msgs/environment/path.sh
[4.316s] -- Up-to-date: /home/rstole01/Documents/CSE-596/msu_ws/install/ackermann_msgs/share/ackermann_msgs/environment/path.dsv
[4.317s] -- Up-to-date: /home/rstole01/Documents/CSE-596/msu_ws/install/ackermann_msgs/share/ackermann_msgs/local_setup.bash
[4.317s] -- Up-to-date: /home/rstole01/Documents/CSE-596/msu_ws/install/ackermann_msgs/share/ackermann_msgs/local_setup.sh
[4.318s] -- Up-to-date: /home/rstole01/Documents/CSE-596/msu_ws/install/ackermann_msgs/share/ackermann_msgs/local_setup.zsh
[4.319s] -- Up-to-date: /home/rstole01/Documents/CSE-596/msu_ws/install/ackermann_msgs/share/ackermann_msgs/local_setup.dsv
[4.331s] -- Installing: /home/rstole01/Documents/CSE-596/msu_ws/install/ackermann_msgs/share/ackermann_msgs/package.dsv
[4.332s] -- Up-to-date: /home/rstole01/Documents/CSE-596/msu_ws/install/ackermann_msgs/share/ament_index/resource_index/packages/ackermann_msgs
[4.332s] -- Up-to-date: /home/rstole01/Documents/CSE-596/msu_ws/install/ackermann_msgs/share/ackermann_msgs/cmake/export_ackermann_msgs__rosidl_generator_cExport.cmake
[4.332s] -- Up-to-date: /home/rstole01/Documents/CSE-596/msu_ws/install/ackermann_msgs/share/ackermann_msgs/cmake/export_ackermann_msgs__rosidl_generator_cExport-noconfig.cmake
[4.333s] -- Up-to-date: /home/rstole01/Documents/CSE-596/msu_ws/install/ackermann_msgs/share/ackermann_msgs/cmake/export_ackermann_msgs__rosidl_typesupport_fastrtps_cExport.cmake
[4.333s] -- Up-to-date: /home/rstole01/Documents/CSE-596/msu_ws/install/ackermann_msgs/share/ackermann_msgs/cmake/export_ackermann_msgs__rosidl_typesupport_fastrtps_cExport-noconfig.cmake
[4.333s] -- Up-to-date: /home/rstole01/Documents/CSE-596/msu_ws/install/ackermann_msgs/share/ackermann_msgs/cmake/ackermann_msgs__rosidl_typesupport_introspection_cExport.cmake
[4.333s] -- Up-to-date: /home/rstole01/Documents/CSE-596/msu_ws/install/ackermann_msgs/share/ackermann_msgs/cmake/ackermann_msgs__rosidl_typesupport_introspection_cExport-noconfig.cmake
[4.334s] -- Up-to-date: /home/rstole01/Documents/CSE-596/msu_ws/install/ackermann_msgs/share/ackermann_msgs/cmake/ackermann_msgs__rosidl_typesupport_cExport.cmake
[4.334s] -- Up-to-date: /home/rstole01/Documents/CSE-596/msu_ws/install/ackermann_msgs/share/ackermann_msgs/cmake/ackermann_msgs__rosidl_typesupport_cExport-noconfig.cmake
[4.334s] -- Up-to-date: /home/rstole01/Documents/CSE-596/msu_ws/install/ackermann_msgs/share/ackermann_msgs/cmake/export_ackermann_msgs__rosidl_generator_cppExport.cmake
[4.335s] -- Up-to-date: /home/rstole01/Documents/CSE-596/msu_ws/install/ackermann_msgs/share/ackermann_msgs/cmake/export_ackermann_msgs__rosidl_typesupport_fastrtps_cppExport.cmake
[4.335s] -- Up-to-date: /home/rstole01/Documents/CSE-596/msu_ws/install/ackermann_msgs/share/ackermann_msgs/cmake/export_ackermann_msgs__rosidl_typesupport_fastrtps_cppExport-noconfig.cmake
[4.335s] -- Up-to-date: /home/rstole01/Documents/CSE-596/msu_ws/install/ackermann_msgs/share/ackermann_msgs/cmake/ackermann_msgs__rosidl_typesupport_introspection_cppExport.cmake
[4.336s] -- Up-to-date: /home/rstole01/Documents/CSE-596/msu_ws/install/ackermann_msgs/share/ackermann_msgs/cmake/ackermann_msgs__rosidl_typesupport_introspection_cppExport-noconfig.cmake
[4.336s] -- Up-to-date: /home/rstole01/Documents/CSE-596/msu_ws/install/ackermann_msgs/share/ackermann_msgs/cmake/ackermann_msgs__rosidl_typesupport_cppExport.cmake
[4.336s] -- Up-to-date: /home/rstole01/Documents/CSE-596/msu_ws/install/ackermann_msgs/share/ackermann_msgs/cmake/ackermann_msgs__rosidl_typesupport_cppExport-noconfig.cmake
[4.336s] -- Up-to-date: /home/rstole01/Documents/CSE-596/msu_ws/install/ackermann_msgs/share/ackermann_msgs/cmake/export_ackermann_msgs__rosidl_generator_pyExport.cmake
[4.337s] -- Up-to-date: /home/rstole01/Documents/CSE-596/msu_ws/install/ackermann_msgs/share/ackermann_msgs/cmake/export_ackermann_msgs__rosidl_generator_pyExport-noconfig.cmake
[4.337s] -- Up-to-date: /home/rstole01/Documents/CSE-596/msu_ws/install/ackermann_msgs/share/ackermann_msgs/cmake/rosidl_cmake-extras.cmake
[4.337s] -- Up-to-date: /home/rstole01/Documents/CSE-596/msu_ws/install/ackermann_msgs/share/ackermann_msgs/cmake/ament_cmake_export_dependencies-extras.cmake
[4.338s] -- Up-to-date: /home/rstole01/Documents/CSE-596/msu_ws/install/ackermann_msgs/share/ackermann_msgs/cmake/ament_cmake_export_include_directories-extras.cmake
[4.338s] -- Up-to-date: /home/rstole01/Documents/CSE-596/msu_ws/install/ackermann_msgs/share/ackermann_msgs/cmake/ament_cmake_export_libraries-extras.cmake
[4.338s] -- Up-to-date: /home/rstole01/Documents/CSE-596/msu_ws/install/ackermann_msgs/share/ackermann_msgs/cmake/ament_cmake_export_targets-extras.cmake
[4.338s] -- Up-to-date: /home/rstole01/Documents/CSE-596/msu_ws/install/ackermann_msgs/share/ackermann_msgs/cmake/rosidl_cmake_export_typesupport_targets-extras.cmake
[4.339s] -- Up-to-date: /home/rstole01/Documents/CSE-596/msu_ws/install/ackermann_msgs/share/ackermann_msgs/cmake/rosidl_cmake_export_typesupport_libraries-extras.cmake
[4.339s] -- Up-to-date: /home/rstole01/Documents/CSE-596/msu_ws/install/ackermann_msgs/share/ackermann_msgs/cmake/ackermann_msgsConfig.cmake
[4.339s] -- Up-to-date: /home/rstole01/Documents/CSE-596/msu_ws/install/ackermann_msgs/share/ackermann_msgs/cmake/ackermann_msgsConfig-version.cmake
[4.340s] -- Up-to-date: /home/rstole01/Documents/CSE-596/msu_ws/install/ackermann_msgs/share/ackermann_msgs/package.xml
[5.077s] Invoked command in '/home/rstole01/Documents/CSE-596/msu_ws/build/ackermann_msgs' returned '0': CMAKE_PREFIX_PATH=${CMAKE_PREFIX_PATH}:/home/rstole01/Documents/CSE-596/msu_ws/install/waypoint_writer:/home/rstole01/Documents/CSE-596/msu_ws/install/waypoint_follow:/home/rstole01/Documents/CSE-596/msu_ws/install/wall_follower_pid:/home/rstole01/Documents/CSE-596/msu_ws/install/qlearn:/home/rstole01/Documents/CSE-596/msu_ws/install/py_pubsub:/home/rstole01/Documents/CSE-596/msu_ws/install/plexer360:/home/rstole01/Documents/CSE-596/msu_ws/install/painter:/home/rstole01/Documents/CSE-596/msu_ws/install/f1tenth_gym_ros:/opt/ros/humble /usr/bin/cmake --install /home/rstole01/Documents/CSE-596/msu_ws/build/ackermann_msgs
