[8.279s] Invoking command in '/home/rstole01/Documents/CSE-596/msu_ws/src/waypoint_follow': CMAKE_PREFIX_PATH=/home/rstole01/Documents/CSE-596/msu_ws/install/ackermann_msgs:/home/rstole01/Documents/CSE-596/msu_ws/install/waypoint_publisher:/home/rstole01/Documents/CSE-596/msu_ws/install/slam_toolbox:/home/rstole01/Documents/CSE-596/msu_ws/install/qlearn_interfaces:/home/rstole01/Documents/CSE-596/msu_ws/install/pid_msgs:/home/rstole01/Documents/CSE-596/msu_ws/install/my_messages LD_LIBRARY_PATH=/home/rstole01/Documents/CSE-596/msu_ws/install/ackermann_msgs/lib:/home/rstole01/Documents/CSE-596/msu_ws/install/slam_toolbox/lib:/home/rstole01/Documents/CSE-596/msu_ws/install/qlearn_interfaces/lib:/home/rstole01/Documents/CSE-596/msu_ws/install/pid_msgs/lib:/home/rstole01/Documents/CSE-596/msu_ws/install/my_messages/lib:/usr/lib/x86_64-linux-gnu/gazebo-11/plugins:/opt/ros/humble/opt/rviz_ogre_vendor/lib:/opt/ros/humble/lib/x86_64-linux-gnu:/opt/ros/humble/lib PYTHONPATH=/home/rstole01/Documents/CSE-596/msu_ws/build/waypoint_follow/prefix_override:/home/rstole01/Documents/CSE-596/msu_ws/install/waypoint_follow/lib/python3.10/site-packages:${PYTHONPATH} /usr/bin/python3 setup.py egg_info --egg-base ../../build/waypoint_follow build --build-base /home/rstole01/Documents/CSE-596/msu_ws/build/waypoint_follow/build install --record /home/rstole01/Documents/CSE-596/msu_ws/build/waypoint_follow/install.log --single-version-externally-managed
[9.304s] running egg_info
[9.305s] writing ../../build/waypoint_follow/waypoint_follow.egg-info/PKG-INFO
[9.305s] writing dependency_links to ../../build/waypoint_follow/waypoint_follow.egg-info/dependency_links.txt
[9.306s] writing entry points to ../../build/waypoint_follow/waypoint_follow.egg-info/entry_points.txt
[9.306s] writing requirements to ../../build/waypoint_follow/waypoint_follow.egg-info/requires.txt
[9.306s] writing top-level names to ../../build/waypoint_follow/waypoint_follow.egg-info/top_level.txt
[9.314s] reading manifest file '../../build/waypoint_follow/waypoint_follow.egg-info/SOURCES.txt'
[9.318s] writing manifest file '../../build/waypoint_follow/waypoint_follow.egg-info/SOURCES.txt'
[9.318s] running build
[9.319s] running build_py
[9.320s] running install
[9.321s] /usr/lib/python3/dist-packages/setuptools/command/install.py:34: SetuptoolsDeprecationWarning: setup.py install is deprecated. Use build and pip and other standards-based tools.
[9.322s]   warnings.warn(
[9.323s] running install_lib
[9.327s] running install_data
[9.329s] running install_egg_info
[9.335s] removing '/home/rstole01/Documents/CSE-596/msu_ws/install/waypoint_follow/lib/python3.10/site-packages/waypoint_follow-0.0.0-py3.10.egg-info' (and everything under it)
[9.336s] Copying ../../build/waypoint_follow/waypoint_follow.egg-info to /home/rstole01/Documents/CSE-596/msu_ws/install/waypoint_follow/lib/python3.10/site-packages/waypoint_follow-0.0.0-py3.10.egg-info
[9.339s] running install_scripts
[9.413s] Installing waypoint_follow script to /home/rstole01/Documents/CSE-596/msu_ws/install/waypoint_follow/lib/waypoint_follow
[9.415s] writing list of installed files to '/home/rstole01/Documents/CSE-596/msu_ws/build/waypoint_follow/install.log'
[9.598s] Invoked command in '/home/rstole01/Documents/CSE-596/msu_ws/src/waypoint_follow' returned '0': CMAKE_PREFIX_PATH=/home/rstole01/Documents/CSE-596/msu_ws/install/ackermann_msgs:/home/rstole01/Documents/CSE-596/msu_ws/install/waypoint_publisher:/home/rstole01/Documents/CSE-596/msu_ws/install/slam_toolbox:/home/rstole01/Documents/CSE-596/msu_ws/install/qlearn_interfaces:/home/rstole01/Documents/CSE-596/msu_ws/install/pid_msgs:/home/rstole01/Documents/CSE-596/msu_ws/install/my_messages LD_LIBRARY_PATH=/home/rstole01/Documents/CSE-596/msu_ws/install/ackermann_msgs/lib:/home/rstole01/Documents/CSE-596/msu_ws/install/slam_toolbox/lib:/home/rstole01/Documents/CSE-596/msu_ws/install/qlearn_interfaces/lib:/home/rstole01/Documents/CSE-596/msu_ws/install/pid_msgs/lib:/home/rstole01/Documents/CSE-596/msu_ws/install/my_messages/lib:/usr/lib/x86_64-linux-gnu/gazebo-11/plugins:/opt/ros/humble/opt/rviz_ogre_vendor/lib:/opt/ros/humble/lib/x86_64-linux-gnu:/opt/ros/humble/lib PYTHONPATH=/home/rstole01/Documents/CSE-596/msu_ws/build/waypoint_follow/prefix_override:/home/rstole01/Documents/CSE-596/msu_ws/install/waypoint_follow/lib/python3.10/site-packages:${PYTHONPATH} /usr/bin/python3 setup.py egg_info --egg-base ../../build/waypoint_follow build --build-base /home/rstole01/Documents/CSE-596/msu_ws/build/waypoint_follow/build install --record /home/rstole01/Documents/CSE-596/msu_ws/build/waypoint_follow/install.log --single-version-externally-managed
