[2.856s] DEBUG:colcon:Command line arguments: ['/usr/bin/colcon', 'build', '--packages-select', 'f1tenth_gym_ros']
[2.856s] DEBUG:colcon:Parsed command line arguments: Namespace(log_base=None, log_level=None, verb_name='build', build_base='build', install_base='install', merge_install=False, symlink_install=False, test_result_base=None, continue_on_error=False, executor='parallel', parallel_workers=8, event_handlers=None, ignore_user_meta=False, metas=['./colcon.meta'], base_paths=['.'], packages_ignore=None, packages_ignore_regex=None, paths=None, packages_up_to=None, packages_up_to_regex=None, packages_above=None, packages_above_and_dependencies=None, packages_above_depth=None, packages_select_by_dep=None, packages_skip_by_dep=None, packages_skip_up_to=None, packages_select_build_failed=False, packages_skip_build_finished=False, packages_select_test_failures=False, packages_skip_test_passed=False, packages_select=['f1tenth_gym_ros'], packages_skip=None, packages_select_regex=None, packages_skip_regex=None, packages_start=None, packages_end=None, allow_overriding=[], cmake_args=None, cmake_target=None, cmake_target_skip_unavailable=False, cmake_clean_cache=False, cmake_clean_first=False, cmake_force_configure=False, ament_cmake_args=None, catkin_cmake_args=None, catkin_skip_building_tests=False, mixin_files=None, mixin=None, verb_parser=<colcon_mixin.mixin.mixin_argument.MixinArgumentDecorator object at 0x7fd26e5a42b0>, verb_extension=<colcon_core.verb.build.BuildVerb object at 0x7fd26e597220>, main=<bound method BuildVerb.main of <colcon_core.verb.build.BuildVerb object at 0x7fd26e597220>>, mixin_verb=('build',))
[2.970s] Level 1:colcon.colcon_core.package_discovery:discover_packages(colcon_meta) check parameters
[2.970s] Level 1:colcon.colcon_core.package_discovery:discover_packages(recursive) check parameters
[2.971s] Level 1:colcon.colcon_core.package_discovery:discover_packages(ignore) check parameters
[2.971s] Level 1:colcon.colcon_core.package_discovery:discover_packages(path) check parameters
[2.971s] Level 1:colcon.colcon_core.package_discovery:discover_packages(colcon_meta) discover
[2.971s] Level 1:colcon.colcon_core.package_discovery:discover_packages(recursive) discover
[2.971s] INFO:colcon.colcon_core.package_discovery:Crawling recursively for packages in '/home/rstole01/Documents/CSE-596/humble_ws'
[2.971s] Level 1:colcon.colcon_core.package_identification:_identify(.) by extensions ['ignore', 'ignore_ament_install']
[2.971s] Level 1:colcon.colcon_core.package_identification:_identify(.) by extension 'ignore'
[2.971s] Level 1:colcon.colcon_core.package_identification:_identify(.) by extension 'ignore_ament_install'
[2.971s] Level 1:colcon.colcon_core.package_identification:_identify(.) by extensions ['colcon_pkg']
[2.972s] Level 1:colcon.colcon_core.package_identification:_identify(.) by extension 'colcon_pkg'
[2.972s] Level 1:colcon.colcon_core.package_identification:_identify(.) by extensions ['colcon_meta']
[2.972s] Level 1:colcon.colcon_core.package_identification:_identify(.) by extension 'colcon_meta'
[2.972s] Level 1:colcon.colcon_core.package_identification:_identify(.) by extensions ['ros']
[2.972s] Level 1:colcon.colcon_core.package_identification:_identify(.) by extension 'ros'
[2.994s] Level 1:colcon.colcon_core.package_identification:_identify(.) by extensions ['cmake', 'python']
[2.994s] Level 1:colcon.colcon_core.package_identification:_identify(.) by extension 'cmake'
[2.994s] Level 1:colcon.colcon_core.package_identification:_identify(.) by extension 'python'
[2.994s] Level 1:colcon.colcon_core.package_identification:_identify(.) by extensions ['python_setup_py']
[2.994s] Level 1:colcon.colcon_core.package_identification:_identify(.) by extension 'python_setup_py'
[2.994s] Level 1:colcon.colcon_core.package_identification:_identify(bag_files) by extensions ['ignore', 'ignore_ament_install']
[2.995s] Level 1:colcon.colcon_core.package_identification:_identify(bag_files) by extension 'ignore'
[2.995s] Level 1:colcon.colcon_core.package_identification:_identify(bag_files) by extension 'ignore_ament_install'
[2.995s] Level 1:colcon.colcon_core.package_identification:_identify(bag_files) by extensions ['colcon_pkg']
[2.995s] Level 1:colcon.colcon_core.package_identification:_identify(bag_files) by extension 'colcon_pkg'
[2.995s] Level 1:colcon.colcon_core.package_identification:_identify(bag_files) by extensions ['colcon_meta']
[2.995s] Level 1:colcon.colcon_core.package_identification:_identify(bag_files) by extension 'colcon_meta'
[2.995s] Level 1:colcon.colcon_core.package_identification:_identify(bag_files) by extensions ['ros']
[2.995s] Level 1:colcon.colcon_core.package_identification:_identify(bag_files) by extension 'ros'
[2.995s] Level 1:colcon.colcon_core.package_identification:_identify(bag_files) by extensions ['cmake', 'python']
[2.995s] Level 1:colcon.colcon_core.package_identification:_identify(bag_files) by extension 'cmake'
[2.995s] Level 1:colcon.colcon_core.package_identification:_identify(bag_files) by extension 'python'
[2.996s] Level 1:colcon.colcon_core.package_identification:_identify(bag_files) by extensions ['python_setup_py']
[2.996s] Level 1:colcon.colcon_core.package_identification:_identify(bag_files) by extension 'python_setup_py'
[2.996s] Level 1:colcon.colcon_core.package_identification:_identify(bag_files/rosbag2_2024_01_14-12_54_13) by extensions ['ignore', 'ignore_ament_install']
[2.996s] Level 1:colcon.colcon_core.package_identification:_identify(bag_files/rosbag2_2024_01_14-12_54_13) by extension 'ignore'
[2.996s] Level 1:colcon.colcon_core.package_identification:_identify(bag_files/rosbag2_2024_01_14-12_54_13) by extension 'ignore_ament_install'
[2.996s] Level 1:colcon.colcon_core.package_identification:_identify(bag_files/rosbag2_2024_01_14-12_54_13) by extensions ['colcon_pkg']
[2.996s] Level 1:colcon.colcon_core.package_identification:_identify(bag_files/rosbag2_2024_01_14-12_54_13) by extension 'colcon_pkg'
[2.996s] Level 1:colcon.colcon_core.package_identification:_identify(bag_files/rosbag2_2024_01_14-12_54_13) by extensions ['colcon_meta']
[2.996s] Level 1:colcon.colcon_core.package_identification:_identify(bag_files/rosbag2_2024_01_14-12_54_13) by extension 'colcon_meta'
[2.997s] Level 1:colcon.colcon_core.package_identification:_identify(bag_files/rosbag2_2024_01_14-12_54_13) by extensions ['ros']
[2.997s] Level 1:colcon.colcon_core.package_identification:_identify(bag_files/rosbag2_2024_01_14-12_54_13) by extension 'ros'
[2.997s] Level 1:colcon.colcon_core.package_identification:_identify(bag_files/rosbag2_2024_01_14-12_54_13) by extensions ['cmake', 'python']
[2.997s] Level 1:colcon.colcon_core.package_identification:_identify(bag_files/rosbag2_2024_01_14-12_54_13) by extension 'cmake'
[2.997s] Level 1:colcon.colcon_core.package_identification:_identify(bag_files/rosbag2_2024_01_14-12_54_13) by extension 'python'
[2.997s] Level 1:colcon.colcon_core.package_identification:_identify(bag_files/rosbag2_2024_01_14-12_54_13) by extensions ['python_setup_py']
[2.997s] Level 1:colcon.colcon_core.package_identification:_identify(bag_files/rosbag2_2024_01_14-12_54_13) by extension 'python_setup_py'
[2.997s] Level 1:colcon.colcon_core.package_identification:_identify(bag_files/subset) by extensions ['ignore', 'ignore_ament_install']
[2.997s] Level 1:colcon.colcon_core.package_identification:_identify(bag_files/subset) by extension 'ignore'
[2.998s] Level 1:colcon.colcon_core.package_identification:_identify(bag_files/subset) by extension 'ignore_ament_install'
[2.998s] Level 1:colcon.colcon_core.package_identification:_identify(bag_files/subset) by extensions ['colcon_pkg']
[2.998s] Level 1:colcon.colcon_core.package_identification:_identify(bag_files/subset) by extension 'colcon_pkg'
[2.998s] Level 1:colcon.colcon_core.package_identification:_identify(bag_files/subset) by extensions ['colcon_meta']
[2.998s] Level 1:colcon.colcon_core.package_identification:_identify(bag_files/subset) by extension 'colcon_meta'
[2.998s] Level 1:colcon.colcon_core.package_identification:_identify(bag_files/subset) by extensions ['ros']
[2.998s] Level 1:colcon.colcon_core.package_identification:_identify(bag_files/subset) by extension 'ros'
[2.998s] Level 1:colcon.colcon_core.package_identification:_identify(bag_files/subset) by extensions ['cmake', 'python']
[2.998s] Level 1:colcon.colcon_core.package_identification:_identify(bag_files/subset) by extension 'cmake'
[2.998s] Level 1:colcon.colcon_core.package_identification:_identify(bag_files/subset) by extension 'python'
[2.998s] Level 1:colcon.colcon_core.package_identification:_identify(bag_files/subset) by extensions ['python_setup_py']
[2.999s] Level 1:colcon.colcon_core.package_identification:_identify(bag_files/subset) by extension 'python_setup_py'
[2.999s] Level 1:colcon.colcon_core.package_identification:_identify(build) by extensions ['ignore', 'ignore_ament_install']
[2.999s] Level 1:colcon.colcon_core.package_identification:_identify(build) by extension 'ignore'
[2.999s] Level 1:colcon.colcon_core.package_identification:_identify(build) ignored
[2.999s] Level 1:colcon.colcon_core.package_identification:_identify(install) by extensions ['ignore', 'ignore_ament_install']
[2.999s] Level 1:colcon.colcon_core.package_identification:_identify(install) by extension 'ignore'
[3.000s] Level 1:colcon.colcon_core.package_identification:_identify(install) ignored
[3.000s] Level 1:colcon.colcon_core.package_identification:_identify(log) by extensions ['ignore', 'ignore_ament_install']
[3.000s] Level 1:colcon.colcon_core.package_identification:_identify(log) by extension 'ignore'
[3.000s] Level 1:colcon.colcon_core.package_identification:_identify(log) ignored
[3.000s] Level 1:colcon.colcon_core.package_identification:_identify(src) by extensions ['ignore', 'ignore_ament_install']
[3.000s] Level 1:colcon.colcon_core.package_identification:_identify(src) by extension 'ignore'
[3.000s] Level 1:colcon.colcon_core.package_identification:_identify(src) by extension 'ignore_ament_install'
[3.001s] Level 1:colcon.colcon_core.package_identification:_identify(src) by extensions ['colcon_pkg']
[3.001s] Level 1:colcon.colcon_core.package_identification:_identify(src) by extension 'colcon_pkg'
[3.001s] Level 1:colcon.colcon_core.package_identification:_identify(src) by extensions ['colcon_meta']
[3.001s] Level 1:colcon.colcon_core.package_identification:_identify(src) by extension 'colcon_meta'
[3.001s] Level 1:colcon.colcon_core.package_identification:_identify(src) by extensions ['ros']
[3.001s] Level 1:colcon.colcon_core.package_identification:_identify(src) by extension 'ros'
[3.001s] Level 1:colcon.colcon_core.package_identification:_identify(src) by extensions ['cmake', 'python']
[3.001s] Level 1:colcon.colcon_core.package_identification:_identify(src) by extension 'cmake'
[3.001s] Level 1:colcon.colcon_core.package_identification:_identify(src) by extension 'python'
[3.001s] Level 1:colcon.colcon_core.package_identification:_identify(src) by extensions ['python_setup_py']
[3.001s] Level 1:colcon.colcon_core.package_identification:_identify(src) by extension 'python_setup_py'
[3.002s] Level 1:colcon.colcon_core.package_identification:_identify(src/aeb_lab) by extensions ['ignore', 'ignore_ament_install']
[3.002s] Level 1:colcon.colcon_core.package_identification:_identify(src/aeb_lab) by extension 'ignore'
[3.002s] Level 1:colcon.colcon_core.package_identification:_identify(src/aeb_lab) by extension 'ignore_ament_install'
[3.002s] Level 1:colcon.colcon_core.package_identification:_identify(src/aeb_lab) by extensions ['colcon_pkg']
[3.002s] Level 1:colcon.colcon_core.package_identification:_identify(src/aeb_lab) by extension 'colcon_pkg'
[3.002s] Level 1:colcon.colcon_core.package_identification:_identify(src/aeb_lab) by extensions ['colcon_meta']
[3.002s] Level 1:colcon.colcon_core.package_identification:_identify(src/aeb_lab) by extension 'colcon_meta'
[3.002s] Level 1:colcon.colcon_core.package_identification:_identify(src/aeb_lab) by extensions ['ros']
[3.002s] Level 1:colcon.colcon_core.package_identification:_identify(src/aeb_lab) by extension 'ros'
[3.007s] DEBUG:colcon.colcon_core.package_identification:Package 'src/aeb_lab' with type 'ros.ament_cmake' and name 'aeb_lab'
[3.008s] Level 1:colcon.colcon_core.package_identification:_identify(src/cpp_pubsub) by extensions ['ignore', 'ignore_ament_install']
[3.008s] Level 1:colcon.colcon_core.package_identification:_identify(src/cpp_pubsub) by extension 'ignore'
[3.008s] Level 1:colcon.colcon_core.package_identification:_identify(src/cpp_pubsub) by extension 'ignore_ament_install'
[3.008s] Level 1:colcon.colcon_core.package_identification:_identify(src/cpp_pubsub) by extensions ['colcon_pkg']
[3.008s] Level 1:colcon.colcon_core.package_identification:_identify(src/cpp_pubsub) by extension 'colcon_pkg'
[3.008s] Level 1:colcon.colcon_core.package_identification:_identify(src/cpp_pubsub) by extensions ['colcon_meta']
[3.008s] Level 1:colcon.colcon_core.package_identification:_identify(src/cpp_pubsub) by extension 'colcon_meta'
[3.008s] Level 1:colcon.colcon_core.package_identification:_identify(src/cpp_pubsub) by extensions ['ros']
[3.008s] Level 1:colcon.colcon_core.package_identification:_identify(src/cpp_pubsub) by extension 'ros'
[3.010s] DEBUG:colcon.colcon_core.package_identification:Package 'src/cpp_pubsub' with type 'ros.ament_cmake' and name 'cpp_pubsub'
[3.010s] Level 1:colcon.colcon_core.package_identification:_identify(src/f1tenth_gym_ros) by extensions ['ignore', 'ignore_ament_install']
[3.010s] Level 1:colcon.colcon_core.package_identification:_identify(src/f1tenth_gym_ros) by extension 'ignore'
[3.010s] Level 1:colcon.colcon_core.package_identification:_identify(src/f1tenth_gym_ros) by extension 'ignore_ament_install'
[3.010s] Level 1:colcon.colcon_core.package_identification:_identify(src/f1tenth_gym_ros) by extensions ['colcon_pkg']
[3.010s] Level 1:colcon.colcon_core.package_identification:_identify(src/f1tenth_gym_ros) by extension 'colcon_pkg'
[3.010s] Level 1:colcon.colcon_core.package_identification:_identify(src/f1tenth_gym_ros) by extensions ['colcon_meta']
[3.011s] Level 1:colcon.colcon_core.package_identification:_identify(src/f1tenth_gym_ros) by extension 'colcon_meta'
[3.011s] Level 1:colcon.colcon_core.package_identification:_identify(src/f1tenth_gym_ros) by extensions ['ros']
[3.011s] Level 1:colcon.colcon_core.package_identification:_identify(src/f1tenth_gym_ros) by extension 'ros'
[3.012s] DEBUG:colcon.colcon_core.package_identification:Package 'src/f1tenth_gym_ros' with type 'ros.ament_python' and name 'f1tenth_gym_ros'
[3.012s] Level 1:colcon.colcon_core.package_identification:_identify(src/lab1_package) by extensions ['ignore', 'ignore_ament_install']
[3.013s] Level 1:colcon.colcon_core.package_identification:_identify(src/lab1_package) by extension 'ignore'
[3.013s] Level 1:colcon.colcon_core.package_identification:_identify(src/lab1_package) by extension 'ignore_ament_install'
[3.013s] Level 1:colcon.colcon_core.package_identification:_identify(src/lab1_package) by extensions ['colcon_pkg']
[3.013s] Level 1:colcon.colcon_core.package_identification:_identify(src/lab1_package) by extension 'colcon_pkg'
[3.013s] Level 1:colcon.colcon_core.package_identification:_identify(src/lab1_package) by extensions ['colcon_meta']
[3.013s] Level 1:colcon.colcon_core.package_identification:_identify(src/lab1_package) by extension 'colcon_meta'
[3.013s] Level 1:colcon.colcon_core.package_identification:_identify(src/lab1_package) by extensions ['ros']
[3.013s] Level 1:colcon.colcon_core.package_identification:_identify(src/lab1_package) by extension 'ros'
[3.014s] DEBUG:colcon.colcon_core.package_identification:Package 'src/lab1_package' with type 'ros.ament_cmake' and name 'lab1_package'
[3.014s] Level 1:colcon.colcon_core.package_identification:_identify(src/pid_lab) by extensions ['ignore', 'ignore_ament_install']
[3.014s] Level 1:colcon.colcon_core.package_identification:_identify(src/pid_lab) by extension 'ignore'
[3.015s] Level 1:colcon.colcon_core.package_identification:_identify(src/pid_lab) by extension 'ignore_ament_install'
[3.015s] Level 1:colcon.colcon_core.package_identification:_identify(src/pid_lab) by extensions ['colcon_pkg']
[3.015s] Level 1:colcon.colcon_core.package_identification:_identify(src/pid_lab) by extension 'colcon_pkg'
[3.015s] Level 1:colcon.colcon_core.package_identification:_identify(src/pid_lab) by extensions ['colcon_meta']
[3.015s] Level 1:colcon.colcon_core.package_identification:_identify(src/pid_lab) by extension 'colcon_meta'
[3.015s] Level 1:colcon.colcon_core.package_identification:_identify(src/pid_lab) by extensions ['ros']
[3.015s] Level 1:colcon.colcon_core.package_identification:_identify(src/pid_lab) by extension 'ros'
[3.017s] DEBUG:colcon.colcon_core.package_identification:Package 'src/pid_lab' with type 'ros.ament_cmake' and name 'pid_lab'
[3.017s] Level 1:colcon.colcon_core.package_identification:_identify(src/scan_pubsub) by extensions ['ignore', 'ignore_ament_install']
[3.017s] Level 1:colcon.colcon_core.package_identification:_identify(src/scan_pubsub) by extension 'ignore'
[3.017s] Level 1:colcon.colcon_core.package_identification:_identify(src/scan_pubsub) by extension 'ignore_ament_install'
[3.017s] Level 1:colcon.colcon_core.package_identification:_identify(src/scan_pubsub) by extensions ['colcon_pkg']
[3.017s] Level 1:colcon.colcon_core.package_identification:_identify(src/scan_pubsub) by extension 'colcon_pkg'
[3.017s] Level 1:colcon.colcon_core.package_identification:_identify(src/scan_pubsub) by extensions ['colcon_meta']
[3.018s] Level 1:colcon.colcon_core.package_identification:_identify(src/scan_pubsub) by extension 'colcon_meta'
[3.018s] Level 1:colcon.colcon_core.package_identification:_identify(src/scan_pubsub) by extensions ['ros']
[3.018s] Level 1:colcon.colcon_core.package_identification:_identify(src/scan_pubsub) by extension 'ros'
[3.019s] DEBUG:colcon.colcon_core.package_identification:Package 'src/scan_pubsub' with type 'ros.ament_cmake' and name 'scan_pubsub'
[3.019s] Level 1:colcon.colcon_core.package_identification:_identify(src/tutorial_interfaces) by extensions ['ignore', 'ignore_ament_install']
[3.019s] Level 1:colcon.colcon_core.package_identification:_identify(src/tutorial_interfaces) by extension 'ignore'
[3.020s] Level 1:colcon.colcon_core.package_identification:_identify(src/tutorial_interfaces) by extension 'ignore_ament_install'
[3.020s] Level 1:colcon.colcon_core.package_identification:_identify(src/tutorial_interfaces) by extensions ['colcon_pkg']
[3.020s] Level 1:colcon.colcon_core.package_identification:_identify(src/tutorial_interfaces) by extension 'colcon_pkg'
[3.020s] Level 1:colcon.colcon_core.package_identification:_identify(src/tutorial_interfaces) by extensions ['colcon_meta']
[3.020s] Level 1:colcon.colcon_core.package_identification:_identify(src/tutorial_interfaces) by extension 'colcon_meta'
[3.020s] Level 1:colcon.colcon_core.package_identification:_identify(src/tutorial_interfaces) by extensions ['ros']
[3.020s] Level 1:colcon.colcon_core.package_identification:_identify(src/tutorial_interfaces) by extension 'ros'
[3.021s] DEBUG:colcon.colcon_core.package_identification:Package 'src/tutorial_interfaces' with type 'ros.ament_cmake' and name 'tutorial_interfaces'
[3.021s] Level 1:colcon.colcon_core.package_discovery:discover_packages(recursive) using defaults
[3.021s] Level 1:colcon.colcon_core.package_discovery:discover_packages(ignore) discover
[3.021s] Level 1:colcon.colcon_core.package_discovery:discover_packages(ignore) using defaults
[3.021s] Level 1:colcon.colcon_core.package_discovery:discover_packages(path) discover
[3.022s] Level 1:colcon.colcon_core.package_discovery:discover_packages(path) using defaults
[3.167s] INFO:colcon.colcon_core.package_selection:Skipping not selected package 'aeb_lab' in 'src/aeb_lab'
[3.167s] INFO:colcon.colcon_core.package_selection:Skipping not selected package 'lab1_package' in 'src/lab1_package'
[3.167s] INFO:colcon.colcon_core.package_selection:Skipping not selected package 'pid_lab' in 'src/pid_lab'
[3.167s] INFO:colcon.colcon_core.package_selection:Skipping not selected package 'tutorial_interfaces' in 'src/tutorial_interfaces'
[3.167s] INFO:colcon.colcon_core.package_selection:Skipping not selected package 'cpp_pubsub' in 'src/cpp_pubsub'
[3.167s] INFO:colcon.colcon_core.package_selection:Skipping not selected package 'scan_pubsub' in 'src/scan_pubsub'
[3.234s] Level 1:colcon.colcon_core.package_discovery:discover_packages(prefix_path) check parameters
[3.234s] Level 1:colcon.colcon_core.package_discovery:discover_packages(prefix_path) discover
[3.306s] DEBUG:colcon.colcon_installed_package_information.package_discovery:Found 285 installed packages in /opt/ros/humble
[3.308s] Level 1:colcon.colcon_core.package_discovery:discover_packages(prefix_path) using defaults
[3.502s] Level 5:colcon.colcon_core.verb:set package 'f1tenth_gym_ros' build argument 'cmake_args' from command line to 'None'
[3.502s] Level 5:colcon.colcon_core.verb:set package 'f1tenth_gym_ros' build argument 'cmake_target' from command line to 'None'
[3.502s] Level 5:colcon.colcon_core.verb:set package 'f1tenth_gym_ros' build argument 'cmake_target_skip_unavailable' from command line to 'False'
[3.502s] Level 5:colcon.colcon_core.verb:set package 'f1tenth_gym_ros' build argument 'cmake_clean_cache' from command line to 'False'
[3.502s] Level 5:colcon.colcon_core.verb:set package 'f1tenth_gym_ros' build argument 'cmake_clean_first' from command line to 'False'
[3.502s] Level 5:colcon.colcon_core.verb:set package 'f1tenth_gym_ros' build argument 'cmake_force_configure' from command line to 'False'
[3.502s] Level 5:colcon.colcon_core.verb:set package 'f1tenth_gym_ros' build argument 'ament_cmake_args' from command line to 'None'
[3.502s] Level 5:colcon.colcon_core.verb:set package 'f1tenth_gym_ros' build argument 'catkin_cmake_args' from command line to 'None'
[3.502s] Level 5:colcon.colcon_core.verb:set package 'f1tenth_gym_ros' build argument 'catkin_skip_building_tests' from command line to 'False'
[3.502s] DEBUG:colcon.colcon_core.verb:Building package 'f1tenth_gym_ros' with the following arguments: {'ament_cmake_args': None, 'build_base': '/home/rstole01/Documents/CSE-596/humble_ws/build/f1tenth_gym_ros', 'catkin_cmake_args': None, 'catkin_skip_building_tests': False, 'cmake_args': None, 'cmake_clean_cache': False, 'cmake_clean_first': False, 'cmake_force_configure': False, 'cmake_target': None, 'cmake_target_skip_unavailable': False, 'install_base': '/home/rstole01/Documents/CSE-596/humble_ws/install/f1tenth_gym_ros', 'merge_install': False, 'path': '/home/rstole01/Documents/CSE-596/humble_ws/src/f1tenth_gym_ros', 'symlink_install': False, 'test_result_base': None}
[3.536s] INFO:colcon.colcon_core.executor:Executing jobs using 'parallel' executor
[3.570s] DEBUG:colcon.colcon_parallel_executor.executor.parallel:run_until_complete
[3.571s] INFO:colcon.colcon_ros.task.ament_python.build:Building ROS package in '/home/rstole01/Documents/CSE-596/humble_ws/src/f1tenth_gym_ros' with build type 'ament_python'
[3.571s] Level 1:colcon.colcon_core.shell:create_environment_hook('f1tenth_gym_ros', 'ament_prefix_path')
[3.611s] INFO:colcon.colcon_core.plugin_system:Skipping extension 'colcon_core.shell.bat': Not used on non-Windows systems
[3.611s] INFO:colcon.colcon_core.shell:Creating environment hook '/home/rstole01/Documents/CSE-596/humble_ws/install/f1tenth_gym_ros/share/f1tenth_gym_ros/hook/ament_prefix_path.ps1'
[3.612s] INFO:colcon.colcon_core.shell:Creating environment descriptor '/home/rstole01/Documents/CSE-596/humble_ws/install/f1tenth_gym_ros/share/f1tenth_gym_ros/hook/ament_prefix_path.dsv'
[3.613s] INFO:colcon.colcon_core.shell:Creating environment hook '/home/rstole01/Documents/CSE-596/humble_ws/install/f1tenth_gym_ros/share/f1tenth_gym_ros/hook/ament_prefix_path.sh'
[3.649s] INFO:colcon.colcon_core.shell:Skip shell extension 'powershell' for command environment: Not usable outside of PowerShell
[3.649s] DEBUG:colcon.colcon_core.shell:Skip shell extension 'dsv' for command environment
[4.249s] INFO:colcon.colcon_core.task.python.build:Building Python package in '/home/rstole01/Documents/CSE-596/humble_ws/src/f1tenth_gym_ros'
[4.285s] INFO:colcon.colcon_core.shell:Skip shell extension 'powershell' for command environment: Not usable outside of PowerShell
[4.285s] DEBUG:colcon.colcon_core.shell:Skip shell extension 'dsv' for command environment
[5.038s] DEBUG:colcon.colcon_core.event_handler.log_command:Invoking command in '/home/rstole01/Documents/CSE-596/humble_ws/src/f1tenth_gym_ros': PYTHONPATH=/home/rstole01/Documents/CSE-596/humble_ws/build/f1tenth_gym_ros/prefix_override:/home/rstole01/Documents/CSE-596/humble_ws/install/f1tenth_gym_ros/lib/python3.10/site-packages:${PYTHONPATH} /usr/bin/python3 setup.py egg_info --egg-base ../../build/f1tenth_gym_ros build --build-base /home/rstole01/Documents/CSE-596/humble_ws/build/f1tenth_gym_ros/build install --record /home/rstole01/Documents/CSE-596/humble_ws/build/f1tenth_gym_ros/install.log --install-scripts $base/lib/f1tenth_gym_ros --single-version-externally-managed
[5.646s] DEBUG:colcon.colcon_core.event_handler.log_command:Invoked command in '/home/rstole01/Documents/CSE-596/humble_ws/src/f1tenth_gym_ros' returned '0': PYTHONPATH=/home/rstole01/Documents/CSE-596/humble_ws/build/f1tenth_gym_ros/prefix_override:/home/rstole01/Documents/CSE-596/humble_ws/install/f1tenth_gym_ros/lib/python3.10/site-packages:${PYTHONPATH} /usr/bin/python3 setup.py egg_info --egg-base ../../build/f1tenth_gym_ros build --build-base /home/rstole01/Documents/CSE-596/humble_ws/build/f1tenth_gym_ros/build install --record /home/rstole01/Documents/CSE-596/humble_ws/build/f1tenth_gym_ros/install.log --install-scripts $base/lib/f1tenth_gym_ros --single-version-externally-managed
[5.685s] Level 1:colcon.colcon_core.environment:checking '/home/rstole01/Documents/CSE-596/humble_ws/install/f1tenth_gym_ros' for CMake module files
[5.685s] Level 1:colcon.colcon_core.environment:checking '/home/rstole01/Documents/CSE-596/humble_ws/install/f1tenth_gym_ros' for CMake config files
[5.687s] Level 1:colcon.colcon_core.environment:checking '/home/rstole01/Documents/CSE-596/humble_ws/install/f1tenth_gym_ros/lib'
[5.687s] Level 1:colcon.colcon_core.environment:checking '/home/rstole01/Documents/CSE-596/humble_ws/install/f1tenth_gym_ros/bin'
[5.687s] Level 1:colcon.colcon_core.environment:checking '/home/rstole01/Documents/CSE-596/humble_ws/install/f1tenth_gym_ros/lib/pkgconfig/f1tenth_gym_ros.pc'
[5.688s] Level 1:colcon.colcon_core.environment:checking '/home/rstole01/Documents/CSE-596/humble_ws/install/f1tenth_gym_ros/lib/python3.10/site-packages'
[5.688s] Level 1:colcon.colcon_core.shell:create_environment_hook('f1tenth_gym_ros', 'pythonpath')
[5.724s] INFO:colcon.colcon_core.shell:Creating environment hook '/home/rstole01/Documents/CSE-596/humble_ws/install/f1tenth_gym_ros/share/f1tenth_gym_ros/hook/pythonpath.ps1'
[5.725s] INFO:colcon.colcon_core.shell:Creating environment descriptor '/home/rstole01/Documents/CSE-596/humble_ws/install/f1tenth_gym_ros/share/f1tenth_gym_ros/hook/pythonpath.dsv'
[5.725s] INFO:colcon.colcon_core.shell:Creating environment hook '/home/rstole01/Documents/CSE-596/humble_ws/install/f1tenth_gym_ros/share/f1tenth_gym_ros/hook/pythonpath.sh'
[5.726s] Level 1:colcon.colcon_core.environment:checking '/home/rstole01/Documents/CSE-596/humble_ws/install/f1tenth_gym_ros/bin'
[5.727s] Level 1:colcon.colcon_core.environment:create_environment_scripts_only(f1tenth_gym_ros)
[5.761s] INFO:colcon.colcon_core.shell:Creating package script '/home/rstole01/Documents/CSE-596/humble_ws/install/f1tenth_gym_ros/share/f1tenth_gym_ros/package.ps1'
[5.763s] INFO:colcon.colcon_core.shell:Creating package descriptor '/home/rstole01/Documents/CSE-596/humble_ws/install/f1tenth_gym_ros/share/f1tenth_gym_ros/package.dsv'
[5.764s] INFO:colcon.colcon_core.shell:Creating package script '/home/rstole01/Documents/CSE-596/humble_ws/install/f1tenth_gym_ros/share/f1tenth_gym_ros/package.sh'
[5.765s] INFO:colcon.colcon_core.shell:Creating package script '/home/rstole01/Documents/CSE-596/humble_ws/install/f1tenth_gym_ros/share/f1tenth_gym_ros/package.bash'
[5.766s] INFO:colcon.colcon_core.shell:Creating package script '/home/rstole01/Documents/CSE-596/humble_ws/install/f1tenth_gym_ros/share/f1tenth_gym_ros/package.zsh'
[5.767s] Level 1:colcon.colcon_core.environment:create_file_with_runtime_dependencies(/home/rstole01/Documents/CSE-596/humble_ws/install/f1tenth_gym_ros/share/colcon-core/packages/f1tenth_gym_ros)
[5.768s] DEBUG:colcon.colcon_parallel_executor.executor.parallel:closing loop
[5.768s] DEBUG:colcon.colcon_parallel_executor.executor.parallel:loop closed
[5.769s] DEBUG:colcon.colcon_parallel_executor.executor.parallel:run_until_complete finished with '0'
[5.769s] DEBUG:colcon.colcon_core.event_reactor:joining thread
[5.815s] INFO:colcon.colcon_core.plugin_system:Skipping extension 'colcon_notification.desktop_notification.terminal_notifier': Not used on non-Darwin systems
[5.815s] INFO:colcon.colcon_core.plugin_system:Skipping extension 'colcon_notification.desktop_notification.win32': Not used on non-Windows systems
[5.815s] INFO:colcon.colcon_notification.desktop_notification:Sending desktop notification using 'notify2'
[5.833s] DEBUG:colcon.colcon_core.event_reactor:joined thread
[5.870s] INFO:colcon.colcon_core.shell:Creating prefix script '/home/rstole01/Documents/CSE-596/humble_ws/install/local_setup.ps1'
[5.872s] INFO:colcon.colcon_core.shell:Creating prefix util module '/home/rstole01/Documents/CSE-596/humble_ws/install/_local_setup_util_ps1.py'
[5.875s] INFO:colcon.colcon_core.shell:Creating prefix chain script '/home/rstole01/Documents/CSE-596/humble_ws/install/setup.ps1'
[5.916s] INFO:colcon.colcon_core.shell:Creating prefix script '/home/rstole01/Documents/CSE-596/humble_ws/install/local_setup.sh'
[5.917s] INFO:colcon.colcon_core.shell:Creating prefix util module '/home/rstole01/Documents/CSE-596/humble_ws/install/_local_setup_util_sh.py'
[5.918s] INFO:colcon.colcon_core.shell:Creating prefix chain script '/home/rstole01/Documents/CSE-596/humble_ws/install/setup.sh'
[5.954s] INFO:colcon.colcon_core.shell:Creating prefix script '/home/rstole01/Documents/CSE-596/humble_ws/install/local_setup.bash'
[5.955s] INFO:colcon.colcon_core.shell:Creating prefix chain script '/home/rstole01/Documents/CSE-596/humble_ws/install/setup.bash'
[5.990s] INFO:colcon.colcon_core.shell:Creating prefix script '/home/rstole01/Documents/CSE-596/humble_ws/install/local_setup.zsh'
[5.991s] INFO:colcon.colcon_core.shell:Creating prefix chain script '/home/rstole01/Documents/CSE-596/humble_ws/install/setup.zsh'
