[0.044s] Invoking command in '/home/rstole01/Documents/CSE-596/humble_ws/build/pursuit_lab': CMAKE_PREFIX_PATH=${CMAKE_PREFIX_PATH}:/home/rstole01/Documents/CSE-596/humble_ws/install/waypoint_logger:/home/rstole01/Documents/CSE-596/humble_ws/install/f1tenth_gym_ros:/opt/ros/humble /usr/bin/cmake --build /home/rstole01/Documents/CSE-596/humble_ws/build/pursuit_lab -- -j8 -l8
[0.186s] Built target ament_cmake_python_copy_pursuit_lab_setup
[0.189s] Built target ament_cmake_python_copy_pursuit_lab
[0.906s] running egg_info
[0.907s] writing pursuit_lab.egg-info/PKG-INFO
[0.907s] writing dependency_links to pursuit_lab.egg-info/dependency_links.txt
[0.908s] writing top-level names to pursuit_lab.egg-info/top_level.txt
[0.914s] reading manifest file 'pursuit_lab.egg-info/SOURCES.txt'
[0.915s] writing manifest file 'pursuit_lab.egg-info/SOURCES.txt'
[0.967s] Built target ament_cmake_python_build_pursuit_lab_egg
[0.990s] Invoked command in '/home/rstole01/Documents/CSE-596/humble_ws/build/pursuit_lab' returned '0': CMAKE_PREFIX_PATH=${CMAKE_PREFIX_PATH}:/home/rstole01/Documents/CSE-596/humble_ws/install/waypoint_logger:/home/rstole01/Documents/CSE-596/humble_ws/install/f1tenth_gym_ros:/opt/ros/humble /usr/bin/cmake --build /home/rstole01/Documents/CSE-596/humble_ws/build/pursuit_lab -- -j8 -l8
[1.062s] Invoking command in '/home/rstole01/Documents/CSE-596/humble_ws/build/pursuit_lab': CMAKE_PREFIX_PATH=${CMAKE_PREFIX_PATH}:/home/rstole01/Documents/CSE-596/humble_ws/install/waypoint_logger:/home/rstole01/Documents/CSE-596/humble_ws/install/f1tenth_gym_ros:/opt/ros/humble /usr/bin/cmake --install /home/rstole01/Documents/CSE-596/humble_ws/build/pursuit_lab
[1.078s] -- Install configuration: ""
[1.078s] -- Up-to-date: /home/rstole01/Documents/CSE-596/humble_ws/install/pursuit_lab/share/pursuit_lab/environment/pythonpath.sh
[1.079s] -- Up-to-date: /home/rstole01/Documents/CSE-596/humble_ws/install/pursuit_lab/share/pursuit_lab/environment/pythonpath.dsv
[1.079s] -- Up-to-date: /home/rstole01/Documents/CSE-596/humble_ws/install/pursuit_lab/local/lib/python3.10/dist-packages/pursuit_lab-0.0.0-py3.10.egg-info
[1.080s] -- Installing: /home/rstole01/Documents/CSE-596/humble_ws/install/pursuit_lab/local/lib/python3.10/dist-packages/pursuit_lab-0.0.0-py3.10.egg-info/top_level.txt
[1.080s] -- Installing: /home/rstole01/Documents/CSE-596/humble_ws/install/pursuit_lab/local/lib/python3.10/dist-packages/pursuit_lab-0.0.0-py3.10.egg-info/SOURCES.txt
[1.080s] -- Installing: /home/rstole01/Documents/CSE-596/humble_ws/install/pursuit_lab/local/lib/python3.10/dist-packages/pursuit_lab-0.0.0-py3.10.egg-info/PKG-INFO
[1.081s] -- Installing: /home/rstole01/Documents/CSE-596/humble_ws/install/pursuit_lab/local/lib/python3.10/dist-packages/pursuit_lab-0.0.0-py3.10.egg-info/dependency_links.txt
[1.081s] -- Up-to-date: /home/rstole01/Documents/CSE-596/humble_ws/install/pursuit_lab/local/lib/python3.10/dist-packages/pursuit_lab
[1.081s] -- Up-to-date: /home/rstole01/Documents/CSE-596/humble_ws/install/pursuit_lab/local/lib/python3.10/dist-packages/pursuit_lab/__init__.py
[1.082s] -- Installing: /home/rstole01/Documents/CSE-596/humble_ws/install/pursuit_lab/local/lib/python3.10/dist-packages/pursuit_lab/pure_pursuit_node.py
[1.155s] Listing '/home/rstole01/Documents/CSE-596/humble_ws/install/pursuit_lab/local/lib/python3.10/dist-packages/pursuit_lab'...
[1.155s] Compiling '/home/rstole01/Documents/CSE-596/humble_ws/install/pursuit_lab/local/lib/python3.10/dist-packages/pursuit_lab/pure_pursuit_node.py'...
[1.167s] -- Installing: /home/rstole01/Documents/CSE-596/humble_ws/install/pursuit_lab/lib/pursuit_lab/pure_pursuit_node.py
[1.168s] -- Up-to-date: /home/rstole01/Documents/CSE-596/humble_ws/install/pursuit_lab/share/ament_index/resource_index/package_run_dependencies/pursuit_lab
[1.168s] -- Up-to-date: /home/rstole01/Documents/CSE-596/humble_ws/install/pursuit_lab/share/ament_index/resource_index/parent_prefix_path/pursuit_lab
[1.168s] -- Up-to-date: /home/rstole01/Documents/CSE-596/humble_ws/install/pursuit_lab/share/pursuit_lab/environment/ament_prefix_path.sh
[1.169s] -- Up-to-date: /home/rstole01/Documents/CSE-596/humble_ws/install/pursuit_lab/share/pursuit_lab/environment/ament_prefix_path.dsv
[1.169s] -- Up-to-date: /home/rstole01/Documents/CSE-596/humble_ws/install/pursuit_lab/share/pursuit_lab/environment/path.sh
[1.169s] -- Up-to-date: /home/rstole01/Documents/CSE-596/humble_ws/install/pursuit_lab/share/pursuit_lab/environment/path.dsv
[1.170s] -- Up-to-date: /home/rstole01/Documents/CSE-596/humble_ws/install/pursuit_lab/share/pursuit_lab/local_setup.bash
[1.170s] -- Up-to-date: /home/rstole01/Documents/CSE-596/humble_ws/install/pursuit_lab/share/pursuit_lab/local_setup.sh
[1.170s] -- Up-to-date: /home/rstole01/Documents/CSE-596/humble_ws/install/pursuit_lab/share/pursuit_lab/local_setup.zsh
[1.170s] -- Up-to-date: /home/rstole01/Documents/CSE-596/humble_ws/install/pursuit_lab/share/pursuit_lab/local_setup.dsv
[1.171s] -- Installing: /home/rstole01/Documents/CSE-596/humble_ws/install/pursuit_lab/share/pursuit_lab/package.dsv
[1.171s] -- Up-to-date: /home/rstole01/Documents/CSE-596/humble_ws/install/pursuit_lab/share/ament_index/resource_index/packages/pursuit_lab
[1.171s] -- Up-to-date: /home/rstole01/Documents/CSE-596/humble_ws/install/pursuit_lab/share/pursuit_lab/cmake/pursuit_labConfig.cmake
[1.171s] -- Up-to-date: /home/rstole01/Documents/CSE-596/humble_ws/install/pursuit_lab/share/pursuit_lab/cmake/pursuit_labConfig-version.cmake
[1.172s] -- Up-to-date: /home/rstole01/Documents/CSE-596/humble_ws/install/pursuit_lab/share/pursuit_lab/package.xml
[1.175s] Invoked command in '/home/rstole01/Documents/CSE-596/humble_ws/build/pursuit_lab' returned '0': CMAKE_PREFIX_PATH=${CMAKE_PREFIX_PATH}:/home/rstole01/Documents/CSE-596/humble_ws/install/waypoint_logger:/home/rstole01/Documents/CSE-596/humble_ws/install/f1tenth_gym_ros:/opt/ros/humble /usr/bin/cmake --install /home/rstole01/Documents/CSE-596/humble_ws/build/pursuit_lab
