[1.489s] Invoking command in '/home/rstole01/Documents/CSE-596/msu_ws/build/ackermann_msgs': CMAKE_PREFIX_PATH=${CMAKE_PREFIX_PATH}:/home/rstole01/Documents/CSE-596/msu_ws/install/waypoint_writer:/home/rstole01/Documents/CSE-596/msu_ws/install/waypoint_follow:/home/rstole01/Documents/CSE-596/msu_ws/install/wall_follower_pid:/home/rstole01/Documents/CSE-596/msu_ws/install/qlearn:/home/rstole01/Documents/CSE-596/msu_ws/install/py_pubsub:/home/rstole01/Documents/CSE-596/msu_ws/install/plexer360:/home/rstole01/Documents/CSE-596/msu_ws/install/painter:/home/rstole01/Documents/CSE-596/msu_ws/install/f1tenth_gym_ros:/opt/ros/humble /usr/bin/cmake --build /home/rstole01/Documents/CSE-596/msu_ws/build/ackermann_msgs -- -j8 -l8
[3.643s] [  2%] Built target ackermann_msgs__cpp
[3.643s] [ 12%] Built target ackermann_msgs__rosidl_generator_c
[3.645s] [ 12%] Built target ament_cmake_python_copy_ackermann_msgs
[3.646s] [ 23%] Built target ackermann_msgs__rosidl_typesupport_cpp
[3.647s] [ 33%] Built target ackermann_msgs__rosidl_typesupport_introspection_cpp
[3.648s] [ 43%] Built target ackermann_msgs__rosidl_typesupport_fastrtps_cpp
[3.649s] [ 53%] Built target ackermann_msgs__rosidl_typesupport_fastrtps_c
[3.649s] [ 64%] Built target ackermann_msgs__rosidl_typesupport_introspection_c
[3.650s] [ 74%] Built target ackermann_msgs__rosidl_typesupport_c
[3.650s] [ 74%] Built target ackermann_msgs
[3.652s] [ 76%] Built target ackermann_msgs__py
[3.654s] [ 84%] Built target ackermann_msgs__rosidl_generator_py
[3.655s] [ 89%] Built target ackermann_msgs__rosidl_typesupport_fastrtps_c__pyext
[3.657s] [ 94%] Built target ackermann_msgs__rosidl_typesupport_c__pyext
[3.659s] [100%] Built target ackermann_msgs__rosidl_typesupport_introspection_c__pyext
[3.660s] running egg_info
[3.661s] writing ackermann_msgs.egg-info/PKG-INFO
[3.661s] writing dependency_links to ackermann_msgs.egg-info/dependency_links.txt
[3.662s] writing top-level names to ackermann_msgs.egg-info/top_level.txt
[3.662s] reading manifest file 'ackermann_msgs.egg-info/SOURCES.txt'
[3.663s] writing manifest file 'ackermann_msgs.egg-info/SOURCES.txt'
[3.663s] [100%] Built target ament_cmake_python_build_ackermann_msgs_egg
[3.692s] Invoked command in '/home/rstole01/Documents/CSE-596/msu_ws/build/ackermann_msgs' returned '0': CMAKE_PREFIX_PATH=${CMAKE_PREFIX_PATH}:/home/rstole01/Documents/CSE-596/msu_ws/install/waypoint_writer:/home/rstole01/Documents/CSE-596/msu_ws/install/waypoint_follow:/home/rstole01/Documents/CSE-596/msu_ws/install/wall_follower_pid:/home/rstole01/Documents/CSE-596/msu_ws/install/qlearn:/home/rstole01/Documents/CSE-596/msu_ws/install/py_pubsub:/home/rstole01/Documents/CSE-596/msu_ws/install/plexer360:/home/rstole01/Documents/CSE-596/msu_ws/install/painter:/home/rstole01/Documents/CSE-596/msu_ws/install/f1tenth_gym_ros:/opt/ros/humble /usr/bin/cmake --build /home/rstole01/Documents/CSE-596/msu_ws/build/ackermann_msgs -- -j8 -l8
[4.751s] Invoking command in '/home/rstole01/Documents/CSE-596/msu_ws/build/ackermann_msgs': CMAKE_PREFIX_PATH=${CMAKE_PREFIX_PATH}:/home/rstole01/Documents/CSE-596/msu_ws/install/waypoint_writer:/home/rstole01/Documents/CSE-596/msu_ws/install/waypoint_follow:/home/rstole01/Documents/CSE-596/msu_ws/install/wall_follower_pid:/home/rstole01/Documents/CSE-596/msu_ws/install/qlearn:/home/rstole01/Documents/CSE-596/msu_ws/install/py_pubsub:/home/rstole01/Documents/CSE-596/msu_ws/install/plexer360:/home/rstole01/Documents/CSE-596/msu_ws/install/painter:/home/rstole01/Documents/CSE-596/msu_ws/install/f1tenth_gym_ros:/opt/ros/humble /usr/bin/cmake --install /home/rstole01/Documents/CSE-596/msu_ws/build/ackermann_msgs
[4.817s] -- Install configuration: ""
[4.817s] -- Up-to-date: /home/rstole01/Documents/CSE-596/msu_ws/install/ackermann_msgs/share/ament_index/resource_index/rosidl_interfaces/ackermann_msgs
[4.817s] -- Up-to-date: /home/rstole01/Documents/CSE-596/msu_ws/install/ackermann_msgs/include/ackermann_msgs/ackermann_msgs
[4.817s] -- Up-to-date: /home/rstole01/Documents/CSE-596/msu_ws/install/ackermann_msgs/include/ackermann_msgs/ackermann_msgs/msg
[4.818s] -- Up-to-date: /home/rstole01/Documents/CSE-596/msu_ws/install/ackermann_msgs/include/ackermann_msgs/ackermann_msgs/msg/rosidl_generator_c__visibility_control.h
[4.818s] -- Up-to-date: /home/rstole01/Documents/CSE-596/msu_ws/install/ackermann_msgs/include/ackermann_msgs/ackermann_msgs/msg/detail
[4.818s] -- Up-to-date: /home/rstole01/Documents/CSE-596/msu_ws/install/ackermann_msgs/include/ackermann_msgs/ackermann_msgs/msg/detail/ackermann_drive_stamped__functions.c
[4.819s] -- Up-to-date: /home/rstole01/Documents/CSE-596/msu_ws/install/ackermann_msgs/include/ackermann_msgs/ackermann_msgs/msg/detail/ackermann_drive__functions.h
[4.819s] -- Up-to-date: /home/rstole01/Documents/CSE-596/msu_ws/install/ackermann_msgs/include/ackermann_msgs/ackermann_msgs/msg/detail/ackermann_drive_stamped__struct.h
[4.819s] -- Up-to-date: /home/rstole01/Documents/CSE-596/msu_ws/install/ackermann_msgs/include/ackermann_msgs/ackermann_msgs/msg/detail/ackermann_drive_stamped__type_support.h
[4.820s] -- Up-to-date: /home/rstole01/Documents/CSE-596/msu_ws/install/ackermann_msgs/include/ackermann_msgs/ackermann_msgs/msg/detail/ackermann_drive__functions.c
[4.820s] -- Up-to-date: /home/rstole01/Documents/CSE-596/msu_ws/install/ackermann_msgs/include/ackermann_msgs/ackermann_msgs/msg/detail/ackermann_drive__struct.h
[4.820s] -- Up-to-date: /home/rstole01/Documents/CSE-596/msu_ws/install/ackermann_msgs/include/ackermann_msgs/ackermann_msgs/msg/detail/ackermann_drive__type_support.h
[4.821s] -- Up-to-date: /home/rstole01/Documents/CSE-596/msu_ws/install/ackermann_msgs/include/ackermann_msgs/ackermann_msgs/msg/detail/ackermann_drive_stamped__functions.h
[4.821s] -- Up-to-date: /home/rstole01/Documents/CSE-596/msu_ws/install/ackermann_msgs/include/ackermann_msgs/ackermann_msgs/msg/ackermann_drive_stamped.h
[4.821s] -- Up-to-date: /home/rstole01/Documents/CSE-596/msu_ws/install/ackermann_msgs/include/ackermann_msgs/ackermann_msgs/msg/ackermann_drive.h
[4.821s] -- Up-to-date: /home/rstole01/Documents/CSE-596/msu_ws/install/ackermann_msgs/share/ackermann_msgs/environment/library_path.sh
[4.822s] -- Up-to-date: /home/rstole01/Documents/CSE-596/msu_ws/install/ackermann_msgs/share/ackermann_msgs/environment/library_path.dsv
[4.822s] -- Up-to-date: /home/rstole01/Documents/CSE-596/msu_ws/install/ackermann_msgs/lib/libackermann_msgs__rosidl_generator_c.so
[4.822s] -- Up-to-date: /home/rstole01/Documents/CSE-596/msu_ws/install/ackermann_msgs/include/ackermann_msgs/ackermann_msgs
[4.823s] -- Up-to-date: /home/rstole01/Documents/CSE-596/msu_ws/install/ackermann_msgs/include/ackermann_msgs/ackermann_msgs/msg
[4.823s] -- Up-to-date: /home/rstole01/Documents/CSE-596/msu_ws/install/ackermann_msgs/include/ackermann_msgs/ackermann_msgs/msg/rosidl_typesupport_fastrtps_c__visibility_control.h
[4.823s] -- Up-to-date: /home/rstole01/Documents/CSE-596/msu_ws/install/ackermann_msgs/include/ackermann_msgs/ackermann_msgs/msg/detail
[4.824s] -- Up-to-date: /home/rstole01/Documents/CSE-596/msu_ws/install/ackermann_msgs/include/ackermann_msgs/ackermann_msgs/msg/detail/ackermann_drive__rosidl_typesupport_fastrtps_c.h
[4.824s] -- Up-to-date: /home/rstole01/Documents/CSE-596/msu_ws/install/ackermann_msgs/include/ackermann_msgs/ackermann_msgs/msg/detail/ackermann_drive_stamped__rosidl_typesupport_fastrtps_c.h
[4.824s] -- Up-to-date: /home/rstole01/Documents/CSE-596/msu_ws/install/ackermann_msgs/lib/libackermann_msgs__rosidl_typesupport_fastrtps_c.so
[4.825s] -- Up-to-date: /home/rstole01/Documents/CSE-596/msu_ws/install/ackermann_msgs/include/ackermann_msgs/ackermann_msgs
[4.825s] -- Up-to-date: /home/rstole01/Documents/CSE-596/msu_ws/install/ackermann_msgs/include/ackermann_msgs/ackermann_msgs/msg
[4.825s] -- Up-to-date: /home/rstole01/Documents/CSE-596/msu_ws/install/ackermann_msgs/include/ackermann_msgs/ackermann_msgs/msg/rosidl_typesupport_introspection_c__visibility_control.h
[4.826s] -- Up-to-date: /home/rstole01/Documents/CSE-596/msu_ws/install/ackermann_msgs/include/ackermann_msgs/ackermann_msgs/msg/detail
[4.826s] -- Up-to-date: /home/rstole01/Documents/CSE-596/msu_ws/install/ackermann_msgs/include/ackermann_msgs/ackermann_msgs/msg/detail/ackermann_drive_stamped__type_support.c
[4.826s] -- Up-to-date: /home/rstole01/Documents/CSE-596/msu_ws/install/ackermann_msgs/include/ackermann_msgs/ackermann_msgs/msg/detail/ackermann_drive_stamped__rosidl_typesupport_introspection_c.h
[4.827s] -- Up-to-date: /home/rstole01/Documents/CSE-596/msu_ws/install/ackermann_msgs/include/ackermann_msgs/ackermann_msgs/msg/detail/ackermann_drive__rosidl_typesupport_introspection_c.h
[4.827s] -- Up-to-date: /home/rstole01/Documents/CSE-596/msu_ws/install/ackermann_msgs/include/ackermann_msgs/ackermann_msgs/msg/detail/ackermann_drive__type_support.c
[4.827s] -- Up-to-date: /home/rstole01/Documents/CSE-596/msu_ws/install/ackermann_msgs/lib/libackermann_msgs__rosidl_typesupport_introspection_c.so
[4.827s] -- Up-to-date: /home/rstole01/Documents/CSE-596/msu_ws/install/ackermann_msgs/lib/libackermann_msgs__rosidl_typesupport_c.so
[4.828s] -- Up-to-date: /home/rstole01/Documents/CSE-596/msu_ws/install/ackermann_msgs/include/ackermann_msgs/ackermann_msgs
[4.828s] -- Up-to-date: /home/rstole01/Documents/CSE-596/msu_ws/install/ackermann_msgs/include/ackermann_msgs/ackermann_msgs/msg
[4.829s] -- Up-to-date: /home/rstole01/Documents/CSE-596/msu_ws/install/ackermann_msgs/include/ackermann_msgs/ackermann_msgs/msg/ackermann_drive.hpp
[4.829s] -- Up-to-date: /home/rstole01/Documents/CSE-596/msu_ws/install/ackermann_msgs/include/ackermann_msgs/ackermann_msgs/msg/detail
[4.829s] -- Up-to-date: /home/rstole01/Documents/CSE-596/msu_ws/install/ackermann_msgs/include/ackermann_msgs/ackermann_msgs/msg/detail/ackermann_drive_stamped__traits.hpp
[4.830s] -- Up-to-date: /home/rstole01/Documents/CSE-596/msu_ws/install/ackermann_msgs/include/ackermann_msgs/ackermann_msgs/msg/detail/ackermann_drive_stamped__builder.hpp
[4.830s] -- Up-to-date: /home/rstole01/Documents/CSE-596/msu_ws/install/ackermann_msgs/include/ackermann_msgs/ackermann_msgs/msg/detail/ackermann_drive__builder.hpp
[4.830s] -- Up-to-date: /home/rstole01/Documents/CSE-596/msu_ws/install/ackermann_msgs/include/ackermann_msgs/ackermann_msgs/msg/detail/ackermann_drive__struct.hpp
[4.830s] -- Up-to-date: /home/rstole01/Documents/CSE-596/msu_ws/install/ackermann_msgs/include/ackermann_msgs/ackermann_msgs/msg/detail/ackermann_drive__traits.hpp
[4.830s] -- Up-to-date: /home/rstole01/Documents/CSE-596/msu_ws/install/ackermann_msgs/include/ackermann_msgs/ackermann_msgs/msg/detail/ackermann_drive_stamped__struct.hpp
[4.831s] -- Up-to-date: /home/rstole01/Documents/CSE-596/msu_ws/install/ackermann_msgs/include/ackermann_msgs/ackermann_msgs/msg/ackermann_drive_stamped.hpp
[4.831s] -- Up-to-date: /home/rstole01/Documents/CSE-596/msu_ws/install/ackermann_msgs/include/ackermann_msgs/ackermann_msgs
[4.831s] -- Up-to-date: /home/rstole01/Documents/CSE-596/msu_ws/install/ackermann_msgs/include/ackermann_msgs/ackermann_msgs/msg
[4.835s] -- Up-to-date: /home/rstole01/Documents/CSE-596/msu_ws/install/ackermann_msgs/include/ackermann_msgs/ackermann_msgs/msg/detail
[4.835s] -- Up-to-date: /home/rstole01/Documents/CSE-596/msu_ws/install/ackermann_msgs/include/ackermann_msgs/ackermann_msgs/msg/detail/ackermann_drive__rosidl_typesupport_fastrtps_cpp.hpp
[4.870s] -- Up-to-date: /home/rstole01/Documents/CSE-596/msu_ws/install/ackermann_msgs/include/ackermann_msgs/ackermann_msgs/msg/detail/ackermann_drive_stamped__rosidl_typesupport_fastrtps_cpp.hpp
[4.871s] -- Up-to-date: /home/rstole01/Documents/CSE-596/msu_ws/install/ackermann_msgs/include/ackermann_msgs/ackermann_msgs/msg/detail/dds_fastrtps
[4.871s] -- Up-to-date: /home/rstole01/Documents/CSE-596/msu_ws/install/ackermann_msgs/include/ackermann_msgs/ackermann_msgs/msg/rosidl_typesupport_fastrtps_cpp__visibility_control.h
[4.871s] -- Up-to-date: /home/rstole01/Documents/CSE-596/msu_ws/install/ackermann_msgs/lib/libackermann_msgs__rosidl_typesupport_fastrtps_cpp.so
[4.872s] -- Up-to-date: /home/rstole01/Documents/CSE-596/msu_ws/install/ackermann_msgs/include/ackermann_msgs/ackermann_msgs
[4.872s] -- Up-to-date: /home/rstole01/Documents/CSE-596/msu_ws/install/ackermann_msgs/include/ackermann_msgs/ackermann_msgs/msg
[4.872s] -- Up-to-date: /home/rstole01/Documents/CSE-596/msu_ws/install/ackermann_msgs/include/ackermann_msgs/ackermann_msgs/msg/detail
[4.872s] -- Up-to-date: /home/rstole01/Documents/CSE-596/msu_ws/install/ackermann_msgs/include/ackermann_msgs/ackermann_msgs/msg/detail/ackermann_drive_stamped__rosidl_typesupport_introspection_cpp.hpp
[4.873s] -- Up-to-date: /home/rstole01/Documents/CSE-596/msu_ws/install/ackermann_msgs/include/ackermann_msgs/ackermann_msgs/msg/detail/ackermann_drive__rosidl_typesupport_introspection_cpp.hpp
[4.873s] -- Up-to-date: /home/rstole01/Documents/CSE-596/msu_ws/install/ackermann_msgs/include/ackermann_msgs/ackermann_msgs/msg/detail/ackermann_drive_stamped__type_support.cpp
[4.873s] -- Up-to-date: /home/rstole01/Documents/CSE-596/msu_ws/install/ackermann_msgs/include/ackermann_msgs/ackermann_msgs/msg/detail/ackermann_drive__type_support.cpp
[4.874s] -- Up-to-date: /home/rstole01/Documents/CSE-596/msu_ws/install/ackermann_msgs/lib/libackermann_msgs__rosidl_typesupport_introspection_cpp.so
[4.874s] -- Up-to-date: /home/rstole01/Documents/CSE-596/msu_ws/install/ackermann_msgs/lib/libackermann_msgs__rosidl_typesupport_cpp.so
[4.875s] -- Up-to-date: /home/rstole01/Documents/CSE-596/msu_ws/install/ackermann_msgs/share/ackermann_msgs/environment/pythonpath.sh
[4.875s] -- Up-to-date: /home/rstole01/Documents/CSE-596/msu_ws/install/ackermann_msgs/share/ackermann_msgs/environment/pythonpath.dsv
[4.875s] -- Up-to-date: /home/rstole01/Documents/CSE-596/msu_ws/install/ackermann_msgs/local/lib/python3.10/dist-packages/ackermann_msgs-2.0.2-py3.10.egg-info
[4.875s] -- Installing: /home/rstole01/Documents/CSE-596/msu_ws/install/ackermann_msgs/local/lib/python3.10/dist-packages/ackermann_msgs-2.0.2-py3.10.egg-info/top_level.txt
[4.876s] -- Installing: /home/rstole01/Documents/CSE-596/msu_ws/install/ackermann_msgs/local/lib/python3.10/dist-packages/ackermann_msgs-2.0.2-py3.10.egg-info/SOURCES.txt
[4.876s] -- Installing: /home/rstole01/Documents/CSE-596/msu_ws/install/ackermann_msgs/local/lib/python3.10/dist-packages/ackermann_msgs-2.0.2-py3.10.egg-info/PKG-INFO
[4.876s] -- Installing: /home/rstole01/Documents/CSE-596/msu_ws/install/ackermann_msgs/local/lib/python3.10/dist-packages/ackermann_msgs-2.0.2-py3.10.egg-info/dependency_links.txt
[4.876s] -- Up-to-date: /home/rstole01/Documents/CSE-596/msu_ws/install/ackermann_msgs/local/lib/python3.10/dist-packages/ackermann_msgs
[4.877s] -- Up-to-date: /home/rstole01/Documents/CSE-596/msu_ws/install/ackermann_msgs/local/lib/python3.10/dist-packages/ackermann_msgs/ackermann_msgs_s__rosidl_typesupport_c.cpython-310-x86_64-linux-gnu.so
[4.877s] -- Up-to-date: /home/rstole01/Documents/CSE-596/msu_ws/install/ackermann_msgs/local/lib/python3.10/dist-packages/ackermann_msgs/_ackermann_msgs_s.ep.rosidl_typesupport_fastrtps_c.c
[4.877s] -- Up-to-date: /home/rstole01/Documents/CSE-596/msu_ws/install/ackermann_msgs/local/lib/python3.10/dist-packages/ackermann_msgs/__init__.py
[4.878s] -- Up-to-date: /home/rstole01/Documents/CSE-596/msu_ws/install/ackermann_msgs/local/lib/python3.10/dist-packages/ackermann_msgs/msg
[4.878s] -- Up-to-date: /home/rstole01/Documents/CSE-596/msu_ws/install/ackermann_msgs/local/lib/python3.10/dist-packages/ackermann_msgs/msg/_ackermann_drive_stamped.py
[4.878s] -- Up-to-date: /home/rstole01/Documents/CSE-596/msu_ws/install/ackermann_msgs/local/lib/python3.10/dist-packages/ackermann_msgs/msg/_ackermann_drive.py
[4.879s] -- Up-to-date: /home/rstole01/Documents/CSE-596/msu_ws/install/ackermann_msgs/local/lib/python3.10/dist-packages/ackermann_msgs/msg/_ackermann_drive_stamped_s.c
[4.879s] -- Up-to-date: /home/rstole01/Documents/CSE-596/msu_ws/install/ackermann_msgs/local/lib/python3.10/dist-packages/ackermann_msgs/msg/_ackermann_drive_s.c
[4.879s] -- Up-to-date: /home/rstole01/Documents/CSE-596/msu_ws/install/ackermann_msgs/local/lib/python3.10/dist-packages/ackermann_msgs/msg/__init__.py
[4.879s] -- Up-to-date: /home/rstole01/Documents/CSE-596/msu_ws/install/ackermann_msgs/local/lib/python3.10/dist-packages/ackermann_msgs/libackermann_msgs__rosidl_generator_py.so
[4.880s] -- Up-to-date: /home/rstole01/Documents/CSE-596/msu_ws/install/ackermann_msgs/local/lib/python3.10/dist-packages/ackermann_msgs/ackermann_msgs_s__rosidl_typesupport_introspection_c.cpython-310-x86_64-linux-gnu.so
[4.880s] -- Up-to-date: /home/rstole01/Documents/CSE-596/msu_ws/install/ackermann_msgs/local/lib/python3.10/dist-packages/ackermann_msgs/ackermann_msgs_s__rosidl_typesupport_fastrtps_c.cpython-310-x86_64-linux-gnu.so
[4.880s] -- Up-to-date: /home/rstole01/Documents/CSE-596/msu_ws/install/ackermann_msgs/local/lib/python3.10/dist-packages/ackermann_msgs/_ackermann_msgs_s.ep.rosidl_typesupport_c.c
[4.880s] -- Up-to-date: /home/rstole01/Documents/CSE-596/msu_ws/install/ackermann_msgs/local/lib/python3.10/dist-packages/ackermann_msgs/_ackermann_msgs_s.ep.rosidl_typesupport_introspection_c.c
[5.082s] Listing '/home/rstole01/Documents/CSE-596/msu_ws/install/ackermann_msgs/local/lib/python3.10/dist-packages/ackermann_msgs'...
[5.083s] Listing '/home/rstole01/Documents/CSE-596/msu_ws/install/ackermann_msgs/local/lib/python3.10/dist-packages/ackermann_msgs/msg'...
[5.113s] -- Up-to-date: /home/rstole01/Documents/CSE-596/msu_ws/install/ackermann_msgs/local/lib/python3.10/dist-packages/ackermann_msgs/ackermann_msgs_s__rosidl_typesupport_fastrtps_c.cpython-310-x86_64-linux-gnu.so
[5.113s] -- Up-to-date: /home/rstole01/Documents/CSE-596/msu_ws/install/ackermann_msgs/local/lib/python3.10/dist-packages/ackermann_msgs/ackermann_msgs_s__rosidl_typesupport_introspection_c.cpython-310-x86_64-linux-gnu.so
[5.114s] -- Up-to-date: /home/rstole01/Documents/CSE-596/msu_ws/install/ackermann_msgs/local/lib/python3.10/dist-packages/ackermann_msgs/ackermann_msgs_s__rosidl_typesupport_c.cpython-310-x86_64-linux-gnu.so
[5.114s] -- Up-to-date: /home/rstole01/Documents/CSE-596/msu_ws/install/ackermann_msgs/lib/libackermann_msgs__rosidl_generator_py.so
[5.114s] -- Up-to-date: /home/rstole01/Documents/CSE-596/msu_ws/install/ackermann_msgs/share/ackermann_msgs/msg/AckermannDrive.idl
[5.114s] -- Up-to-date: /home/rstole01/Documents/CSE-596/msu_ws/install/ackermann_msgs/share/ackermann_msgs/msg/AckermannDriveStamped.idl
[5.115s] -- Up-to-date: /home/rstole01/Documents/CSE-596/msu_ws/install/ackermann_msgs/share/ackermann_msgs/msg/AckermannDrive.msg
[5.115s] -- Up-to-date: /home/rstole01/Documents/CSE-596/msu_ws/install/ackermann_msgs/share/ackermann_msgs/msg/AckermannDriveStamped.msg
[5.115s] -- Up-to-date: /home/rstole01/Documents/CSE-596/msu_ws/install/ackermann_msgs/share/ament_index/resource_index/package_run_dependencies/ackermann_msgs
[5.115s] -- Up-to-date: /home/rstole01/Documents/CSE-596/msu_ws/install/ackermann_msgs/share/ament_index/resource_index/parent_prefix_path/ackermann_msgs
[5.116s] -- Up-to-date: /home/rstole01/Documents/CSE-596/msu_ws/install/ackermann_msgs/share/ackermann_msgs/environment/ament_prefix_path.sh
[5.116s] -- Up-to-date: /home/rstole01/Documents/CSE-596/msu_ws/install/ackermann_msgs/share/ackermann_msgs/environment/ament_prefix_path.dsv
[5.116s] -- Up-to-date: /home/rstole01/Documents/CSE-596/msu_ws/install/ackermann_msgs/share/ackermann_msgs/environment/path.sh
[5.116s] -- Up-to-date: /home/rstole01/Documents/CSE-596/msu_ws/install/ackermann_msgs/share/ackermann_msgs/environment/path.dsv
[5.117s] -- Up-to-date: /home/rstole01/Documents/CSE-596/msu_ws/install/ackermann_msgs/share/ackermann_msgs/local_setup.bash
[5.117s] -- Up-to-date: /home/rstole01/Documents/CSE-596/msu_ws/install/ackermann_msgs/share/ackermann_msgs/local_setup.sh
[5.117s] -- Up-to-date: /home/rstole01/Documents/CSE-596/msu_ws/install/ackermann_msgs/share/ackermann_msgs/local_setup.zsh
[5.118s] -- Up-to-date: /home/rstole01/Documents/CSE-596/msu_ws/install/ackermann_msgs/share/ackermann_msgs/local_setup.dsv
[5.130s] -- Installing: /home/rstole01/Documents/CSE-596/msu_ws/install/ackermann_msgs/share/ackermann_msgs/package.dsv
[5.130s] -- Up-to-date: /home/rstole01/Documents/CSE-596/msu_ws/install/ackermann_msgs/share/ament_index/resource_index/packages/ackermann_msgs
[5.131s] -- Up-to-date: /home/rstole01/Documents/CSE-596/msu_ws/install/ackermann_msgs/share/ackermann_msgs/cmake/export_ackermann_msgs__rosidl_generator_cExport.cmake
[5.131s] -- Up-to-date: /home/rstole01/Documents/CSE-596/msu_ws/install/ackermann_msgs/share/ackermann_msgs/cmake/export_ackermann_msgs__rosidl_generator_cExport-noconfig.cmake
[5.131s] -- Up-to-date: /home/rstole01/Documents/CSE-596/msu_ws/install/ackermann_msgs/share/ackermann_msgs/cmake/export_ackermann_msgs__rosidl_typesupport_fastrtps_cExport.cmake
[5.131s] -- Up-to-date: /home/rstole01/Documents/CSE-596/msu_ws/install/ackermann_msgs/share/ackermann_msgs/cmake/export_ackermann_msgs__rosidl_typesupport_fastrtps_cExport-noconfig.cmake
[5.132s] -- Up-to-date: /home/rstole01/Documents/CSE-596/msu_ws/install/ackermann_msgs/share/ackermann_msgs/cmake/ackermann_msgs__rosidl_typesupport_introspection_cExport.cmake
[5.132s] -- Up-to-date: /home/rstole01/Documents/CSE-596/msu_ws/install/ackermann_msgs/share/ackermann_msgs/cmake/ackermann_msgs__rosidl_typesupport_introspection_cExport-noconfig.cmake
[5.132s] -- Up-to-date: /home/rstole01/Documents/CSE-596/msu_ws/install/ackermann_msgs/share/ackermann_msgs/cmake/ackermann_msgs__rosidl_typesupport_cExport.cmake
[5.132s] -- Up-to-date: /home/rstole01/Documents/CSE-596/msu_ws/install/ackermann_msgs/share/ackermann_msgs/cmake/ackermann_msgs__rosidl_typesupport_cExport-noconfig.cmake
[5.133s] -- Up-to-date: /home/rstole01/Documents/CSE-596/msu_ws/install/ackermann_msgs/share/ackermann_msgs/cmake/export_ackermann_msgs__rosidl_generator_cppExport.cmake
[5.133s] -- Up-to-date: /home/rstole01/Documents/CSE-596/msu_ws/install/ackermann_msgs/share/ackermann_msgs/cmake/export_ackermann_msgs__rosidl_typesupport_fastrtps_cppExport.cmake
[5.133s] -- Up-to-date: /home/rstole01/Documents/CSE-596/msu_ws/install/ackermann_msgs/share/ackermann_msgs/cmake/export_ackermann_msgs__rosidl_typesupport_fastrtps_cppExport-noconfig.cmake
[5.133s] -- Up-to-date: /home/rstole01/Documents/CSE-596/msu_ws/install/ackermann_msgs/share/ackermann_msgs/cmake/ackermann_msgs__rosidl_typesupport_introspection_cppExport.cmake
[5.133s] -- Up-to-date: /home/rstole01/Documents/CSE-596/msu_ws/install/ackermann_msgs/share/ackermann_msgs/cmake/ackermann_msgs__rosidl_typesupport_introspection_cppExport-noconfig.cmake
[5.134s] -- Up-to-date: /home/rstole01/Documents/CSE-596/msu_ws/install/ackermann_msgs/share/ackermann_msgs/cmake/ackermann_msgs__rosidl_typesupport_cppExport.cmake
[5.134s] -- Up-to-date: /home/rstole01/Documents/CSE-596/msu_ws/install/ackermann_msgs/share/ackermann_msgs/cmake/ackermann_msgs__rosidl_typesupport_cppExport-noconfig.cmake
[5.134s] -- Up-to-date: /home/rstole01/Documents/CSE-596/msu_ws/install/ackermann_msgs/share/ackermann_msgs/cmake/export_ackermann_msgs__rosidl_generator_pyExport.cmake
[5.134s] -- Up-to-date: /home/rstole01/Documents/CSE-596/msu_ws/install/ackermann_msgs/share/ackermann_msgs/cmake/export_ackermann_msgs__rosidl_generator_pyExport-noconfig.cmake
[5.135s] -- Up-to-date: /home/rstole01/Documents/CSE-596/msu_ws/install/ackermann_msgs/share/ackermann_msgs/cmake/rosidl_cmake-extras.cmake
[5.135s] -- Up-to-date: /home/rstole01/Documents/CSE-596/msu_ws/install/ackermann_msgs/share/ackermann_msgs/cmake/ament_cmake_export_dependencies-extras.cmake
[5.135s] -- Up-to-date: /home/rstole01/Documents/CSE-596/msu_ws/install/ackermann_msgs/share/ackermann_msgs/cmake/ament_cmake_export_include_directories-extras.cmake
[5.135s] -- Up-to-date: /home/rstole01/Documents/CSE-596/msu_ws/install/ackermann_msgs/share/ackermann_msgs/cmake/ament_cmake_export_libraries-extras.cmake
[5.136s] -- Up-to-date: /home/rstole01/Documents/CSE-596/msu_ws/install/ackermann_msgs/share/ackermann_msgs/cmake/ament_cmake_export_targets-extras.cmake
[5.136s] -- Up-to-date: /home/rstole01/Documents/CSE-596/msu_ws/install/ackermann_msgs/share/ackermann_msgs/cmake/rosidl_cmake_export_typesupport_targets-extras.cmake
[5.136s] -- Up-to-date: /home/rstole01/Documents/CSE-596/msu_ws/install/ackermann_msgs/share/ackermann_msgs/cmake/rosidl_cmake_export_typesupport_libraries-extras.cmake
[5.136s] -- Up-to-date: /home/rstole01/Documents/CSE-596/msu_ws/install/ackermann_msgs/share/ackermann_msgs/cmake/ackermann_msgsConfig.cmake
[5.137s] -- Up-to-date: /home/rstole01/Documents/CSE-596/msu_ws/install/ackermann_msgs/share/ackermann_msgs/cmake/ackermann_msgsConfig-version.cmake
[5.137s] -- Up-to-date: /home/rstole01/Documents/CSE-596/msu_ws/install/ackermann_msgs/share/ackermann_msgs/package.xml
[5.954s] Invoked command in '/home/rstole01/Documents/CSE-596/msu_ws/build/ackermann_msgs' returned '0': CMAKE_PREFIX_PATH=${CMAKE_PREFIX_PATH}:/home/rstole01/Documents/CSE-596/msu_ws/install/waypoint_writer:/home/rstole01/Documents/CSE-596/msu_ws/install/waypoint_follow:/home/rstole01/Documents/CSE-596/msu_ws/install/wall_follower_pid:/home/rstole01/Documents/CSE-596/msu_ws/install/qlearn:/home/rstole01/Documents/CSE-596/msu_ws/install/py_pubsub:/home/rstole01/Documents/CSE-596/msu_ws/install/plexer360:/home/rstole01/Documents/CSE-596/msu_ws/install/painter:/home/rstole01/Documents/CSE-596/msu_ws/install/f1tenth_gym_ros:/opt/ros/humble /usr/bin/cmake --install /home/rstole01/Documents/CSE-596/msu_ws/build/ackermann_msgs
