[5.686s] Invoking command in '/home/rstole01/Documents/CSE-596/msu_ws/src/painter': PYTHONPATH=/home/rstole01/Documents/CSE-596/msu_ws/build/painter/prefix_override:/home/rstole01/Documents/CSE-596/msu_ws/install/painter/lib/python3.10/site-packages:${PYTHONPATH} /usr/bin/python3 setup.py egg_info --egg-base ../../build/painter build --build-base /home/rstole01/Documents/CSE-596/msu_ws/build/painter/build install --record /home/rstole01/Documents/CSE-596/msu_ws/build/painter/install.log --single-version-externally-managed
[6.444s] running egg_info
[6.447s] writing ../../build/painter/painter.egg-info/PKG-INFO
[6.448s] writing dependency_links to ../../build/painter/painter.egg-info/dependency_links.txt
[6.448s] writing entry points to ../../build/painter/painter.egg-info/entry_points.txt
[6.448s] writing requirements to ../../build/painter/painter.egg-info/requires.txt
[6.449s] writing top-level names to ../../build/painter/painter.egg-info/top_level.txt
[6.454s] reading manifest file '../../build/painter/painter.egg-info/SOURCES.txt'
[6.457s] writing manifest file '../../build/painter/painter.egg-info/SOURCES.txt'
[6.457s] running build
[6.458s] running build_py
[6.458s] running install
[6.458s] /usr/lib/python3/dist-packages/setuptools/command/install.py:34: SetuptoolsDeprecationWarning: setup.py install is deprecated. Use build and pip and other standards-based tools.
[6.459s]   warnings.warn(
[6.459s] running install_lib
[6.463s] running install_data
[6.465s] running install_egg_info
[6.470s] removing '/home/rstole01/Documents/CSE-596/msu_ws/install/painter/lib/python3.10/site-packages/painter-0.0.0-py3.10.egg-info' (and everything under it)
[6.471s] Copying ../../build/painter/painter.egg-info to /home/rstole01/Documents/CSE-596/msu_ws/install/painter/lib/python3.10/site-packages/painter-0.0.0-py3.10.egg-info
[6.473s] running install_scripts
[6.529s] Installing painter script to /home/rstole01/Documents/CSE-596/msu_ws/install/painter/lib/painter
[6.529s] writing list of installed files to '/home/rstole01/Documents/CSE-596/msu_ws/build/painter/install.log'
[8.104s] Invoked command in '/home/rstole01/Documents/CSE-596/msu_ws/src/painter' returned '0': PYTHONPATH=/home/rstole01/Documents/CSE-596/msu_ws/build/painter/prefix_override:/home/rstole01/Documents/CSE-596/msu_ws/install/painter/lib/python3.10/site-packages:${PYTHONPATH} /usr/bin/python3 setup.py egg_info --egg-base ../../build/painter build --build-base /home/rstole01/Documents/CSE-596/msu_ws/build/painter/build install --record /home/rstole01/Documents/CSE-596/msu_ws/build/painter/install.log --single-version-externally-managed
