[6.855s] Invoking command in '/home/rstole01/Documents/CSE-596/msu_ws/src/plexer360': CMAKE_PREFIX_PATH=/home/rstole01/Documents/CSE-596/msu_ws/install/ackermann_msgs:/home/rstole01/Documents/CSE-596/msu_ws/install/waypoint_publisher:/home/rstole01/Documents/CSE-596/msu_ws/install/slam_toolbox:/home/rstole01/Documents/CSE-596/msu_ws/install/qlearn_interfaces:/home/rstole01/Documents/CSE-596/msu_ws/install/pid_msgs:/home/rstole01/Documents/CSE-596/msu_ws/install/my_messages LD_LIBRARY_PATH=/home/rstole01/Documents/CSE-596/msu_ws/install/ackermann_msgs/lib:/home/rstole01/Documents/CSE-596/msu_ws/install/slam_toolbox/lib:/home/rstole01/Documents/CSE-596/msu_ws/install/qlearn_interfaces/lib:/home/rstole01/Documents/CSE-596/msu_ws/install/pid_msgs/lib:/home/rstole01/Documents/CSE-596/msu_ws/install/my_messages/lib:/usr/lib/x86_64-linux-gnu/gazebo-11/plugins:/opt/ros/humble/opt/rviz_ogre_vendor/lib:/opt/ros/humble/lib/x86_64-linux-gnu:/opt/ros/humble/lib PYTHONPATH=/home/rstole01/Documents/CSE-596/msu_ws/build/plexer360/prefix_override:/home/rstole01/Documents/CSE-596/msu_ws/install/plexer360/lib/python3.10/site-packages:${PYTHONPATH} /usr/bin/python3 setup.py egg_info --egg-base ../../build/plexer360 build --build-base /home/rstole01/Documents/CSE-596/msu_ws/build/plexer360/build install --record /home/rstole01/Documents/CSE-596/msu_ws/build/plexer360/install.log --single-version-externally-managed
[7.440s] running egg_info
[7.441s] writing ../../build/plexer360/plexer360.egg-info/PKG-INFO
[7.442s] writing dependency_links to ../../build/plexer360/plexer360.egg-info/dependency_links.txt
[7.442s] writing entry points to ../../build/plexer360/plexer360.egg-info/entry_points.txt
[7.442s] writing requirements to ../../build/plexer360/plexer360.egg-info/requires.txt
[7.443s] writing top-level names to ../../build/plexer360/plexer360.egg-info/top_level.txt
[7.446s] reading manifest file '../../build/plexer360/plexer360.egg-info/SOURCES.txt'
[7.469s] writing manifest file '../../build/plexer360/plexer360.egg-info/SOURCES.txt'
[7.469s] running build
[7.469s] running build_py
[7.470s] running install
[7.471s] /usr/lib/python3/dist-packages/setuptools/command/install.py:34: SetuptoolsDeprecationWarning: setup.py install is deprecated. Use build and pip and other standards-based tools.
[7.471s]   warnings.warn(
[7.472s] running install_lib
[7.475s] running install_data
[7.476s] running install_egg_info
[7.480s] removing '/home/rstole01/Documents/CSE-596/msu_ws/install/plexer360/lib/python3.10/site-packages/plexer360-0.0.0-py3.10.egg-info' (and everything under it)
[7.480s] Copying ../../build/plexer360/plexer360.egg-info to /home/rstole01/Documents/CSE-596/msu_ws/install/plexer360/lib/python3.10/site-packages/plexer360-0.0.0-py3.10.egg-info
[7.482s] running install_scripts
[7.525s] Installing dec script to /home/rstole01/Documents/CSE-596/msu_ws/install/plexer360/lib/plexer360
[7.525s] Installing learn script to /home/rstole01/Documents/CSE-596/msu_ws/install/plexer360/lib/plexer360
[7.525s] Installing pub script to /home/rstole01/Documents/CSE-596/msu_ws/install/plexer360/lib/plexer360
[7.526s] Installing sub script to /home/rstole01/Documents/CSE-596/msu_ws/install/plexer360/lib/plexer360
[7.527s] writing list of installed files to '/home/rstole01/Documents/CSE-596/msu_ws/build/plexer360/install.log'
[7.577s] Invoked command in '/home/rstole01/Documents/CSE-596/msu_ws/src/plexer360' returned '0': CMAKE_PREFIX_PATH=/home/rstole01/Documents/CSE-596/msu_ws/install/ackermann_msgs:/home/rstole01/Documents/CSE-596/msu_ws/install/waypoint_publisher:/home/rstole01/Documents/CSE-596/msu_ws/install/slam_toolbox:/home/rstole01/Documents/CSE-596/msu_ws/install/qlearn_interfaces:/home/rstole01/Documents/CSE-596/msu_ws/install/pid_msgs:/home/rstole01/Documents/CSE-596/msu_ws/install/my_messages LD_LIBRARY_PATH=/home/rstole01/Documents/CSE-596/msu_ws/install/ackermann_msgs/lib:/home/rstole01/Documents/CSE-596/msu_ws/install/slam_toolbox/lib:/home/rstole01/Documents/CSE-596/msu_ws/install/qlearn_interfaces/lib:/home/rstole01/Documents/CSE-596/msu_ws/install/pid_msgs/lib:/home/rstole01/Documents/CSE-596/msu_ws/install/my_messages/lib:/usr/lib/x86_64-linux-gnu/gazebo-11/plugins:/opt/ros/humble/opt/rviz_ogre_vendor/lib:/opt/ros/humble/lib/x86_64-linux-gnu:/opt/ros/humble/lib PYTHONPATH=/home/rstole01/Documents/CSE-596/msu_ws/build/plexer360/prefix_override:/home/rstole01/Documents/CSE-596/msu_ws/install/plexer360/lib/python3.10/site-packages:${PYTHONPATH} /usr/bin/python3 setup.py egg_info --egg-base ../../build/plexer360 build --build-base /home/rstole01/Documents/CSE-596/msu_ws/build/plexer360/build install --record /home/rstole01/Documents/CSE-596/msu_ws/build/plexer360/install.log --single-version-externally-managed
