[0.607s] Invoking command in '/home/rstole01/Documents/CSE-596/msu_ws/build/my_messages': CMAKE_PREFIX_PATH=${CMAKE_PREFIX_PATH}:/home/rstole01/Documents/CSE-596/msu_ws/install/waypoint_writer:/home/rstole01/Documents/CSE-596/msu_ws/install/waypoint_follow:/home/rstole01/Documents/CSE-596/msu_ws/install/wall_follower_pid:/home/rstole01/Documents/CSE-596/msu_ws/install/qlearn:/home/rstole01/Documents/CSE-596/msu_ws/install/py_pubsub:/home/rstole01/Documents/CSE-596/msu_ws/install/plexer360:/home/rstole01/Documents/CSE-596/msu_ws/install/painter:/home/rstole01/Documents/CSE-596/msu_ws/install/f1tenth_gym_ros:/opt/ros/humble /usr/bin/cmake --build /home/rstole01/Documents/CSE-596/msu_ws/build/my_messages -- -j8 -l8
[2.072s] [ 10%] Built target my_messages__rosidl_generator_c
[2.073s] [ 12%] Built target my_messages__cpp
[2.073s] [ 12%] Built target ament_cmake_python_copy_my_messages
[2.073s] [ 23%] Built target my_messages__rosidl_typesupport_introspection_c
[2.073s] [ 33%] Built target my_messages__rosidl_typesupport_c
[2.073s] [ 43%] Built target my_messages__rosidl_typesupport_fastrtps_c
[2.074s] [ 53%] Built target my_messages__rosidl_typesupport_introspection_cpp
[2.074s] [ 64%] Built target my_messages__rosidl_typesupport_fastrtps_cpp
[2.074s] [ 74%] Built target my_messages__rosidl_typesupport_cpp
[2.074s] [ 74%] Built target my_messages
[2.074s] [ 76%] Built target my_messages__py
[2.074s] [ 84%] Built target my_messages__rosidl_generator_py
[2.074s] [ 89%] Built target my_messages__rosidl_typesupport_c__pyext
[2.075s] [ 94%] Built target my_messages__rosidl_typesupport_fastrtps_c__pyext
[2.075s] [100%] Built target my_messages__rosidl_typesupport_introspection_c__pyext
[2.075s] running egg_info
[2.075s] writing my_messages.egg-info/PKG-INFO
[2.075s] writing dependency_links to my_messages.egg-info/dependency_links.txt
[2.075s] writing top-level names to my_messages.egg-info/top_level.txt
[2.076s] reading manifest file 'my_messages.egg-info/SOURCES.txt'
[2.076s] writing manifest file 'my_messages.egg-info/SOURCES.txt'
[2.076s] [100%] Built target ament_cmake_python_build_my_messages_egg
[2.079s] Invoked command in '/home/rstole01/Documents/CSE-596/msu_ws/build/my_messages' returned '0': CMAKE_PREFIX_PATH=${CMAKE_PREFIX_PATH}:/home/rstole01/Documents/CSE-596/msu_ws/install/waypoint_writer:/home/rstole01/Documents/CSE-596/msu_ws/install/waypoint_follow:/home/rstole01/Documents/CSE-596/msu_ws/install/wall_follower_pid:/home/rstole01/Documents/CSE-596/msu_ws/install/qlearn:/home/rstole01/Documents/CSE-596/msu_ws/install/py_pubsub:/home/rstole01/Documents/CSE-596/msu_ws/install/plexer360:/home/rstole01/Documents/CSE-596/msu_ws/install/painter:/home/rstole01/Documents/CSE-596/msu_ws/install/f1tenth_gym_ros:/opt/ros/humble /usr/bin/cmake --build /home/rstole01/Documents/CSE-596/msu_ws/build/my_messages -- -j8 -l8
[3.634s] Invoking command in '/home/rstole01/Documents/CSE-596/msu_ws/build/my_messages': CMAKE_PREFIX_PATH=${CMAKE_PREFIX_PATH}:/home/rstole01/Documents/CSE-596/msu_ws/install/waypoint_writer:/home/rstole01/Documents/CSE-596/msu_ws/install/waypoint_follow:/home/rstole01/Documents/CSE-596/msu_ws/install/wall_follower_pid:/home/rstole01/Documents/CSE-596/msu_ws/install/qlearn:/home/rstole01/Documents/CSE-596/msu_ws/install/py_pubsub:/home/rstole01/Documents/CSE-596/msu_ws/install/plexer360:/home/rstole01/Documents/CSE-596/msu_ws/install/painter:/home/rstole01/Documents/CSE-596/msu_ws/install/f1tenth_gym_ros:/opt/ros/humble /usr/bin/cmake --install /home/rstole01/Documents/CSE-596/msu_ws/build/my_messages
[3.793s] -- Install configuration: ""
[3.794s] -- Up-to-date: /home/rstole01/Documents/CSE-596/msu_ws/install/my_messages/share/ament_index/resource_index/rosidl_interfaces/my_messages
[3.796s] -- Up-to-date: /home/rstole01/Documents/CSE-596/msu_ws/install/my_messages/include/my_messages/my_messages
[3.796s] -- Up-to-date: /home/rstole01/Documents/CSE-596/msu_ws/install/my_messages/include/my_messages/my_messages/msg
[3.797s] -- Up-to-date: /home/rstole01/Documents/CSE-596/msu_ws/install/my_messages/include/my_messages/my_messages/msg/rosidl_generator_c__visibility_control.h
[3.797s] -- Up-to-date: /home/rstole01/Documents/CSE-596/msu_ws/install/my_messages/include/my_messages/my_messages/msg/key_value.h
[3.798s] -- Up-to-date: /home/rstole01/Documents/CSE-596/msu_ws/install/my_messages/include/my_messages/my_messages/msg/detail
[3.798s] -- Up-to-date: /home/rstole01/Documents/CSE-596/msu_ws/install/my_messages/include/my_messages/my_messages/msg/detail/pid_input__type_support.h
[3.799s] -- Up-to-date: /home/rstole01/Documents/CSE-596/msu_ws/install/my_messages/include/my_messages/my_messages/msg/detail/pid_input__functions.h
[3.799s] -- Up-to-date: /home/rstole01/Documents/CSE-596/msu_ws/install/my_messages/include/my_messages/my_messages/msg/detail/key_value__type_support.h
[3.799s] -- Up-to-date: /home/rstole01/Documents/CSE-596/msu_ws/install/my_messages/include/my_messages/my_messages/msg/detail/pid_input__functions.c
[3.800s] -- Up-to-date: /home/rstole01/Documents/CSE-596/msu_ws/install/my_messages/include/my_messages/my_messages/msg/detail/pid_input__struct.h
[3.800s] -- Up-to-date: /home/rstole01/Documents/CSE-596/msu_ws/install/my_messages/include/my_messages/my_messages/msg/detail/key_value__functions.c
[3.800s] -- Up-to-date: /home/rstole01/Documents/CSE-596/msu_ws/install/my_messages/include/my_messages/my_messages/msg/detail/key_value__functions.h
[3.801s] -- Up-to-date: /home/rstole01/Documents/CSE-596/msu_ws/install/my_messages/include/my_messages/my_messages/msg/detail/key_value__struct.h
[3.801s] -- Up-to-date: /home/rstole01/Documents/CSE-596/msu_ws/install/my_messages/include/my_messages/my_messages/msg/pid_input.h
[3.801s] -- Up-to-date: /home/rstole01/Documents/CSE-596/msu_ws/install/my_messages/share/my_messages/environment/library_path.sh
[3.801s] -- Up-to-date: /home/rstole01/Documents/CSE-596/msu_ws/install/my_messages/share/my_messages/environment/library_path.dsv
[3.802s] -- Up-to-date: /home/rstole01/Documents/CSE-596/msu_ws/install/my_messages/lib/libmy_messages__rosidl_generator_c.so
[3.802s] -- Up-to-date: /home/rstole01/Documents/CSE-596/msu_ws/install/my_messages/include/my_messages/my_messages
[3.802s] -- Up-to-date: /home/rstole01/Documents/CSE-596/msu_ws/install/my_messages/include/my_messages/my_messages/msg
[3.802s] -- Up-to-date: /home/rstole01/Documents/CSE-596/msu_ws/install/my_messages/include/my_messages/my_messages/msg/rosidl_typesupport_fastrtps_c__visibility_control.h
[3.803s] -- Up-to-date: /home/rstole01/Documents/CSE-596/msu_ws/install/my_messages/include/my_messages/my_messages/msg/detail
[3.803s] -- Up-to-date: /home/rstole01/Documents/CSE-596/msu_ws/install/my_messages/include/my_messages/my_messages/msg/detail/key_value__rosidl_typesupport_fastrtps_c.h
[3.803s] -- Up-to-date: /home/rstole01/Documents/CSE-596/msu_ws/install/my_messages/include/my_messages/my_messages/msg/detail/pid_input__rosidl_typesupport_fastrtps_c.h
[3.803s] -- Up-to-date: /home/rstole01/Documents/CSE-596/msu_ws/install/my_messages/lib/libmy_messages__rosidl_typesupport_fastrtps_c.so
[3.804s] -- Up-to-date: /home/rstole01/Documents/CSE-596/msu_ws/install/my_messages/include/my_messages/my_messages
[3.804s] -- Up-to-date: /home/rstole01/Documents/CSE-596/msu_ws/install/my_messages/include/my_messages/my_messages/msg
[3.804s] -- Up-to-date: /home/rstole01/Documents/CSE-596/msu_ws/install/my_messages/include/my_messages/my_messages/msg/rosidl_typesupport_introspection_c__visibility_control.h
[3.804s] -- Up-to-date: /home/rstole01/Documents/CSE-596/msu_ws/install/my_messages/include/my_messages/my_messages/msg/detail
[3.804s] -- Up-to-date: /home/rstole01/Documents/CSE-596/msu_ws/install/my_messages/include/my_messages/my_messages/msg/detail/key_value__type_support.c
[3.804s] -- Up-to-date: /home/rstole01/Documents/CSE-596/msu_ws/install/my_messages/include/my_messages/my_messages/msg/detail/key_value__rosidl_typesupport_introspection_c.h
[3.805s] -- Up-to-date: /home/rstole01/Documents/CSE-596/msu_ws/install/my_messages/include/my_messages/my_messages/msg/detail/pid_input__rosidl_typesupport_introspection_c.h
[3.805s] -- Up-to-date: /home/rstole01/Documents/CSE-596/msu_ws/install/my_messages/include/my_messages/my_messages/msg/detail/pid_input__type_support.c
[3.805s] -- Up-to-date: /home/rstole01/Documents/CSE-596/msu_ws/install/my_messages/lib/libmy_messages__rosidl_typesupport_introspection_c.so
[3.805s] -- Up-to-date: /home/rstole01/Documents/CSE-596/msu_ws/install/my_messages/lib/libmy_messages__rosidl_typesupport_c.so
[3.806s] -- Up-to-date: /home/rstole01/Documents/CSE-596/msu_ws/install/my_messages/include/my_messages/my_messages
[3.806s] -- Up-to-date: /home/rstole01/Documents/CSE-596/msu_ws/install/my_messages/include/my_messages/my_messages/msg
[3.806s] -- Up-to-date: /home/rstole01/Documents/CSE-596/msu_ws/install/my_messages/include/my_messages/my_messages/msg/pid_input.hpp
[3.806s] -- Up-to-date: /home/rstole01/Documents/CSE-596/msu_ws/install/my_messages/include/my_messages/my_messages/msg/key_value.hpp
[3.807s] -- Up-to-date: /home/rstole01/Documents/CSE-596/msu_ws/install/my_messages/include/my_messages/my_messages/msg/detail
[3.807s] -- Up-to-date: /home/rstole01/Documents/CSE-596/msu_ws/install/my_messages/include/my_messages/my_messages/msg/detail/pid_input__builder.hpp
[3.808s] -- Up-to-date: /home/rstole01/Documents/CSE-596/msu_ws/install/my_messages/include/my_messages/my_messages/msg/detail/key_value__builder.hpp
[3.808s] -- Up-to-date: /home/rstole01/Documents/CSE-596/msu_ws/install/my_messages/include/my_messages/my_messages/msg/detail/pid_input__struct.hpp
[3.808s] -- Up-to-date: /home/rstole01/Documents/CSE-596/msu_ws/install/my_messages/include/my_messages/my_messages/msg/detail/pid_input__traits.hpp
[3.809s] -- Up-to-date: /home/rstole01/Documents/CSE-596/msu_ws/install/my_messages/include/my_messages/my_messages/msg/detail/key_value__traits.hpp
[3.809s] -- Up-to-date: /home/rstole01/Documents/CSE-596/msu_ws/install/my_messages/include/my_messages/my_messages/msg/detail/key_value__struct.hpp
[3.810s] -- Up-to-date: /home/rstole01/Documents/CSE-596/msu_ws/install/my_messages/include/my_messages/my_messages
[3.810s] -- Up-to-date: /home/rstole01/Documents/CSE-596/msu_ws/install/my_messages/include/my_messages/my_messages/msg
[3.810s] -- Up-to-date: /home/rstole01/Documents/CSE-596/msu_ws/install/my_messages/include/my_messages/my_messages/msg/detail
[3.811s] -- Up-to-date: /home/rstole01/Documents/CSE-596/msu_ws/install/my_messages/include/my_messages/my_messages/msg/detail/pid_input__rosidl_typesupport_fastrtps_cpp.hpp
[3.811s] -- Up-to-date: /home/rstole01/Documents/CSE-596/msu_ws/install/my_messages/include/my_messages/my_messages/msg/detail/key_value__rosidl_typesupport_fastrtps_cpp.hpp
[3.811s] -- Up-to-date: /home/rstole01/Documents/CSE-596/msu_ws/install/my_messages/include/my_messages/my_messages/msg/detail/dds_fastrtps
[3.812s] -- Up-to-date: /home/rstole01/Documents/CSE-596/msu_ws/install/my_messages/include/my_messages/my_messages/msg/rosidl_typesupport_fastrtps_cpp__visibility_control.h
[3.812s] -- Up-to-date: /home/rstole01/Documents/CSE-596/msu_ws/install/my_messages/lib/libmy_messages__rosidl_typesupport_fastrtps_cpp.so
[3.812s] -- Up-to-date: /home/rstole01/Documents/CSE-596/msu_ws/install/my_messages/include/my_messages/my_messages
[3.813s] -- Up-to-date: /home/rstole01/Documents/CSE-596/msu_ws/install/my_messages/include/my_messages/my_messages/msg
[3.813s] -- Up-to-date: /home/rstole01/Documents/CSE-596/msu_ws/install/my_messages/include/my_messages/my_messages/msg/detail
[3.813s] -- Up-to-date: /home/rstole01/Documents/CSE-596/msu_ws/install/my_messages/include/my_messages/my_messages/msg/detail/pid_input__rosidl_typesupport_introspection_cpp.hpp
[3.813s] -- Up-to-date: /home/rstole01/Documents/CSE-596/msu_ws/install/my_messages/include/my_messages/my_messages/msg/detail/pid_input__type_support.cpp
[3.814s] -- Up-to-date: /home/rstole01/Documents/CSE-596/msu_ws/install/my_messages/include/my_messages/my_messages/msg/detail/key_value__type_support.cpp
[3.814s] -- Up-to-date: /home/rstole01/Documents/CSE-596/msu_ws/install/my_messages/include/my_messages/my_messages/msg/detail/key_value__rosidl_typesupport_introspection_cpp.hpp
[3.814s] -- Up-to-date: /home/rstole01/Documents/CSE-596/msu_ws/install/my_messages/lib/libmy_messages__rosidl_typesupport_introspection_cpp.so
[3.815s] -- Up-to-date: /home/rstole01/Documents/CSE-596/msu_ws/install/my_messages/lib/libmy_messages__rosidl_typesupport_cpp.so
[3.815s] -- Up-to-date: /home/rstole01/Documents/CSE-596/msu_ws/install/my_messages/share/my_messages/environment/pythonpath.sh
[3.815s] -- Up-to-date: /home/rstole01/Documents/CSE-596/msu_ws/install/my_messages/share/my_messages/environment/pythonpath.dsv
[3.815s] -- Up-to-date: /home/rstole01/Documents/CSE-596/msu_ws/install/my_messages/local/lib/python3.10/dist-packages/my_messages-0.0.0-py3.10.egg-info
[3.816s] -- Installing: /home/rstole01/Documents/CSE-596/msu_ws/install/my_messages/local/lib/python3.10/dist-packages/my_messages-0.0.0-py3.10.egg-info/top_level.txt
[3.816s] -- Installing: /home/rstole01/Documents/CSE-596/msu_ws/install/my_messages/local/lib/python3.10/dist-packages/my_messages-0.0.0-py3.10.egg-info/SOURCES.txt
[3.816s] -- Installing: /home/rstole01/Documents/CSE-596/msu_ws/install/my_messages/local/lib/python3.10/dist-packages/my_messages-0.0.0-py3.10.egg-info/PKG-INFO
[3.816s] -- Installing: /home/rstole01/Documents/CSE-596/msu_ws/install/my_messages/local/lib/python3.10/dist-packages/my_messages-0.0.0-py3.10.egg-info/dependency_links.txt
[3.816s] -- Up-to-date: /home/rstole01/Documents/CSE-596/msu_ws/install/my_messages/local/lib/python3.10/dist-packages/my_messages
[3.817s] -- Up-to-date: /home/rstole01/Documents/CSE-596/msu_ws/install/my_messages/local/lib/python3.10/dist-packages/my_messages/libmy_messages__rosidl_generator_py.so
[3.817s] -- Up-to-date: /home/rstole01/Documents/CSE-596/msu_ws/install/my_messages/local/lib/python3.10/dist-packages/my_messages/_my_messages_s.ep.rosidl_typesupport_introspection_c.c
[3.817s] -- Up-to-date: /home/rstole01/Documents/CSE-596/msu_ws/install/my_messages/local/lib/python3.10/dist-packages/my_messages/my_messages_s__rosidl_typesupport_fastrtps_c.cpython-310-x86_64-linux-gnu.so
[3.818s] -- Up-to-date: /home/rstole01/Documents/CSE-596/msu_ws/install/my_messages/local/lib/python3.10/dist-packages/my_messages/_my_messages_s.ep.rosidl_typesupport_c.c
[3.818s] -- Up-to-date: /home/rstole01/Documents/CSE-596/msu_ws/install/my_messages/local/lib/python3.10/dist-packages/my_messages/my_messages_s__rosidl_typesupport_c.cpython-310-x86_64-linux-gnu.so
[3.818s] -- Up-to-date: /home/rstole01/Documents/CSE-596/msu_ws/install/my_messages/local/lib/python3.10/dist-packages/my_messages/__init__.py
[3.818s] -- Up-to-date: /home/rstole01/Documents/CSE-596/msu_ws/install/my_messages/local/lib/python3.10/dist-packages/my_messages/msg
[3.819s] -- Up-to-date: /home/rstole01/Documents/CSE-596/msu_ws/install/my_messages/local/lib/python3.10/dist-packages/my_messages/msg/_key_value.py
[3.819s] -- Up-to-date: /home/rstole01/Documents/CSE-596/msu_ws/install/my_messages/local/lib/python3.10/dist-packages/my_messages/msg/_key_value_s.c
[3.819s] -- Up-to-date: /home/rstole01/Documents/CSE-596/msu_ws/install/my_messages/local/lib/python3.10/dist-packages/my_messages/msg/_pid_input.py
[3.819s] -- Up-to-date: /home/rstole01/Documents/CSE-596/msu_ws/install/my_messages/local/lib/python3.10/dist-packages/my_messages/msg/__init__.py
[3.819s] -- Up-to-date: /home/rstole01/Documents/CSE-596/msu_ws/install/my_messages/local/lib/python3.10/dist-packages/my_messages/msg/_pid_input_s.c
[3.820s] -- Up-to-date: /home/rstole01/Documents/CSE-596/msu_ws/install/my_messages/local/lib/python3.10/dist-packages/my_messages/my_messages_s__rosidl_typesupport_introspection_c.cpython-310-x86_64-linux-gnu.so
[3.820s] -- Up-to-date: /home/rstole01/Documents/CSE-596/msu_ws/install/my_messages/local/lib/python3.10/dist-packages/my_messages/_my_messages_s.ep.rosidl_typesupport_fastrtps_c.c
[3.820s] Listing '/home/rstole01/Documents/CSE-596/msu_ws/install/my_messages/local/lib/python3.10/dist-packages/my_messages'...
[3.820s] Listing '/home/rstole01/Documents/CSE-596/msu_ws/install/my_messages/local/lib/python3.10/dist-packages/my_messages/msg'...
[3.821s] -- Up-to-date: /home/rstole01/Documents/CSE-596/msu_ws/install/my_messages/local/lib/python3.10/dist-packages/my_messages/my_messages_s__rosidl_typesupport_fastrtps_c.cpython-310-x86_64-linux-gnu.so
[3.821s] -- Up-to-date: /home/rstole01/Documents/CSE-596/msu_ws/install/my_messages/local/lib/python3.10/dist-packages/my_messages/my_messages_s__rosidl_typesupport_introspection_c.cpython-310-x86_64-linux-gnu.so
[3.821s] -- Up-to-date: /home/rstole01/Documents/CSE-596/msu_ws/install/my_messages/local/lib/python3.10/dist-packages/my_messages/my_messages_s__rosidl_typesupport_c.cpython-310-x86_64-linux-gnu.so
[3.821s] -- Up-to-date: /home/rstole01/Documents/CSE-596/msu_ws/install/my_messages/lib/libmy_messages__rosidl_generator_py.so
[3.821s] -- Up-to-date: /home/rstole01/Documents/CSE-596/msu_ws/install/my_messages/share/my_messages/msg/PIDInput.idl
[3.821s] -- Up-to-date: /home/rstole01/Documents/CSE-596/msu_ws/install/my_messages/share/my_messages/msg/KeyValue.idl
[3.822s] -- Up-to-date: /home/rstole01/Documents/CSE-596/msu_ws/install/my_messages/share/my_messages/msg/PIDInput.msg
[3.822s] -- Up-to-date: /home/rstole01/Documents/CSE-596/msu_ws/install/my_messages/share/my_messages/msg/KeyValue.msg
[3.822s] -- Up-to-date: /home/rstole01/Documents/CSE-596/msu_ws/install/my_messages/share/ament_index/resource_index/package_run_dependencies/my_messages
[3.823s] -- Up-to-date: /home/rstole01/Documents/CSE-596/msu_ws/install/my_messages/share/ament_index/resource_index/parent_prefix_path/my_messages
[3.823s] -- Up-to-date: /home/rstole01/Documents/CSE-596/msu_ws/install/my_messages/share/my_messages/environment/ament_prefix_path.sh
[3.823s] -- Up-to-date: /home/rstole01/Documents/CSE-596/msu_ws/install/my_messages/share/my_messages/environment/ament_prefix_path.dsv
[3.824s] -- Up-to-date: /home/rstole01/Documents/CSE-596/msu_ws/install/my_messages/share/my_messages/environment/path.sh
[3.824s] -- Up-to-date: /home/rstole01/Documents/CSE-596/msu_ws/install/my_messages/share/my_messages/environment/path.dsv
[3.825s] -- Up-to-date: /home/rstole01/Documents/CSE-596/msu_ws/install/my_messages/share/my_messages/local_setup.bash
[3.825s] -- Up-to-date: /home/rstole01/Documents/CSE-596/msu_ws/install/my_messages/share/my_messages/local_setup.sh
[3.825s] -- Up-to-date: /home/rstole01/Documents/CSE-596/msu_ws/install/my_messages/share/my_messages/local_setup.zsh
[3.826s] -- Up-to-date: /home/rstole01/Documents/CSE-596/msu_ws/install/my_messages/share/my_messages/local_setup.dsv
[3.826s] -- Installing: /home/rstole01/Documents/CSE-596/msu_ws/install/my_messages/share/my_messages/package.dsv
[3.826s] -- Up-to-date: /home/rstole01/Documents/CSE-596/msu_ws/install/my_messages/share/ament_index/resource_index/packages/my_messages
[3.827s] -- Up-to-date: /home/rstole01/Documents/CSE-596/msu_ws/install/my_messages/share/my_messages/cmake/export_my_messages__rosidl_generator_cExport.cmake
[3.827s] -- Up-to-date: /home/rstole01/Documents/CSE-596/msu_ws/install/my_messages/share/my_messages/cmake/export_my_messages__rosidl_generator_cExport-noconfig.cmake
[3.827s] -- Up-to-date: /home/rstole01/Documents/CSE-596/msu_ws/install/my_messages/share/my_messages/cmake/export_my_messages__rosidl_typesupport_fastrtps_cExport.cmake
[3.828s] -- Up-to-date: /home/rstole01/Documents/CSE-596/msu_ws/install/my_messages/share/my_messages/cmake/export_my_messages__rosidl_typesupport_fastrtps_cExport-noconfig.cmake
[3.828s] -- Up-to-date: /home/rstole01/Documents/CSE-596/msu_ws/install/my_messages/share/my_messages/cmake/my_messages__rosidl_typesupport_introspection_cExport.cmake
[3.828s] -- Up-to-date: /home/rstole01/Documents/CSE-596/msu_ws/install/my_messages/share/my_messages/cmake/my_messages__rosidl_typesupport_introspection_cExport-noconfig.cmake
[3.829s] -- Up-to-date: /home/rstole01/Documents/CSE-596/msu_ws/install/my_messages/share/my_messages/cmake/my_messages__rosidl_typesupport_cExport.cmake
[3.829s] -- Up-to-date: /home/rstole01/Documents/CSE-596/msu_ws/install/my_messages/share/my_messages/cmake/my_messages__rosidl_typesupport_cExport-noconfig.cmake
[3.830s] -- Up-to-date: /home/rstole01/Documents/CSE-596/msu_ws/install/my_messages/share/my_messages/cmake/export_my_messages__rosidl_generator_cppExport.cmake
[3.830s] -- Up-to-date: /home/rstole01/Documents/CSE-596/msu_ws/install/my_messages/share/my_messages/cmake/export_my_messages__rosidl_typesupport_fastrtps_cppExport.cmake
[3.831s] -- Up-to-date: /home/rstole01/Documents/CSE-596/msu_ws/install/my_messages/share/my_messages/cmake/export_my_messages__rosidl_typesupport_fastrtps_cppExport-noconfig.cmake
[3.831s] -- Up-to-date: /home/rstole01/Documents/CSE-596/msu_ws/install/my_messages/share/my_messages/cmake/my_messages__rosidl_typesupport_introspection_cppExport.cmake
[3.832s] -- Up-to-date: /home/rstole01/Documents/CSE-596/msu_ws/install/my_messages/share/my_messages/cmake/my_messages__rosidl_typesupport_introspection_cppExport-noconfig.cmake
[3.832s] -- Up-to-date: /home/rstole01/Documents/CSE-596/msu_ws/install/my_messages/share/my_messages/cmake/my_messages__rosidl_typesupport_cppExport.cmake
[3.832s] -- Up-to-date: /home/rstole01/Documents/CSE-596/msu_ws/install/my_messages/share/my_messages/cmake/my_messages__rosidl_typesupport_cppExport-noconfig.cmake
[3.833s] -- Up-to-date: /home/rstole01/Documents/CSE-596/msu_ws/install/my_messages/share/my_messages/cmake/export_my_messages__rosidl_generator_pyExport.cmake
[3.833s] -- Up-to-date: /home/rstole01/Documents/CSE-596/msu_ws/install/my_messages/share/my_messages/cmake/export_my_messages__rosidl_generator_pyExport-noconfig.cmake
[3.833s] -- Up-to-date: /home/rstole01/Documents/CSE-596/msu_ws/install/my_messages/share/my_messages/cmake/rosidl_cmake-extras.cmake
[3.834s] -- Up-to-date: /home/rstole01/Documents/CSE-596/msu_ws/install/my_messages/share/my_messages/cmake/ament_cmake_export_dependencies-extras.cmake
[3.834s] -- Up-to-date: /home/rstole01/Documents/CSE-596/msu_ws/install/my_messages/share/my_messages/cmake/ament_cmake_export_include_directories-extras.cmake
[3.835s] -- Up-to-date: /home/rstole01/Documents/CSE-596/msu_ws/install/my_messages/share/my_messages/cmake/ament_cmake_export_libraries-extras.cmake
[3.835s] -- Up-to-date: /home/rstole01/Documents/CSE-596/msu_ws/install/my_messages/share/my_messages/cmake/ament_cmake_export_targets-extras.cmake
[3.835s] -- Up-to-date: /home/rstole01/Documents/CSE-596/msu_ws/install/my_messages/share/my_messages/cmake/rosidl_cmake_export_typesupport_targets-extras.cmake
[3.835s] -- Up-to-date: /home/rstole01/Documents/CSE-596/msu_ws/install/my_messages/share/my_messages/cmake/rosidl_cmake_export_typesupport_libraries-extras.cmake
[3.836s] -- Up-to-date: /home/rstole01/Documents/CSE-596/msu_ws/install/my_messages/share/my_messages/cmake/my_messagesConfig.cmake
[3.836s] -- Up-to-date: /home/rstole01/Documents/CSE-596/msu_ws/install/my_messages/share/my_messages/cmake/my_messagesConfig-version.cmake
[3.837s] -- Up-to-date: /home/rstole01/Documents/CSE-596/msu_ws/install/my_messages/share/my_messages/package.xml
[4.610s] Invoked command in '/home/rstole01/Documents/CSE-596/msu_ws/build/my_messages' returned '0': CMAKE_PREFIX_PATH=${CMAKE_PREFIX_PATH}:/home/rstole01/Documents/CSE-596/msu_ws/install/waypoint_writer:/home/rstole01/Documents/CSE-596/msu_ws/install/waypoint_follow:/home/rstole01/Documents/CSE-596/msu_ws/install/wall_follower_pid:/home/rstole01/Documents/CSE-596/msu_ws/install/qlearn:/home/rstole01/Documents/CSE-596/msu_ws/install/py_pubsub:/home/rstole01/Documents/CSE-596/msu_ws/install/plexer360:/home/rstole01/Documents/CSE-596/msu_ws/install/painter:/home/rstole01/Documents/CSE-596/msu_ws/install/f1tenth_gym_ros:/opt/ros/humble /usr/bin/cmake --install /home/rstole01/Documents/CSE-596/msu_ws/build/my_messages
