[1.706s] Invoking command in '/home/rstole01/Documents/CSE-596/msu_ws/build/qlearn_interfaces': CMAKE_PREFIX_PATH=${CMAKE_PREFIX_PATH}:/home/rstole01/Documents/CSE-596/msu_ws/install/waypoint_writer:/home/rstole01/Documents/CSE-596/msu_ws/install/waypoint_follow:/home/rstole01/Documents/CSE-596/msu_ws/install/wall_follower_pid:/home/rstole01/Documents/CSE-596/msu_ws/install/qlearn:/home/rstole01/Documents/CSE-596/msu_ws/install/py_pubsub:/home/rstole01/Documents/CSE-596/msu_ws/install/plexer360:/home/rstole01/Documents/CSE-596/msu_ws/install/painter:/home/rstole01/Documents/CSE-596/msu_ws/install/f1tenth_gym_ros:/opt/ros/humble /usr/bin/cmake --build /home/rstole01/Documents/CSE-596/msu_ws/build/qlearn_interfaces -- -j8 -l8
[1.861s] [  1%] Built target qlearn_interfaces__cpp
[1.878s] [ 12%] Built target qlearn_interfaces__rosidl_generator_c
[1.906s] [ 12%] Built target ament_cmake_python_copy_qlearn_interfaces
[2.041s] [ 23%] Built target qlearn_interfaces__rosidl_typesupport_cpp
[2.049s] [ 35%] Built target qlearn_interfaces__rosidl_typesupport_fastrtps_cpp
[2.067s] [ 46%] Built target qlearn_interfaces__rosidl_typesupport_fastrtps_c
[2.073s] [ 57%] Built target qlearn_interfaces__rosidl_typesupport_introspection_c
[2.080s] [ 69%] Built target qlearn_interfaces__rosidl_typesupport_introspection_cpp
[2.091s] [ 80%] Built target qlearn_interfaces__rosidl_typesupport_c
[2.188s] [ 80%] Built target qlearn_interfaces
[2.271s] [ 81%] Built target qlearn_interfaces__py
[2.432s] [ 91%] Built target qlearn_interfaces__rosidl_generator_py
[2.601s] [ 94%] Built target qlearn_interfaces__rosidl_typesupport_fastrtps_c__pyext
[2.613s] [ 97%] Built target qlearn_interfaces__rosidl_typesupport_introspection_c__pyext
[2.622s] [100%] Built target qlearn_interfaces__rosidl_typesupport_c__pyext
[2.830s] running egg_info
[2.831s] writing qlearn_interfaces.egg-info/PKG-INFO
[2.832s] writing dependency_links to qlearn_interfaces.egg-info/dependency_links.txt
[2.833s] writing top-level names to qlearn_interfaces.egg-info/top_level.txt
[2.839s] reading manifest file 'qlearn_interfaces.egg-info/SOURCES.txt'
[2.841s] writing manifest file 'qlearn_interfaces.egg-info/SOURCES.txt'
[2.929s] [100%] Built target ament_cmake_python_build_qlearn_interfaces_egg
[3.305s] Invoked command in '/home/rstole01/Documents/CSE-596/msu_ws/build/qlearn_interfaces' returned '0': CMAKE_PREFIX_PATH=${CMAKE_PREFIX_PATH}:/home/rstole01/Documents/CSE-596/msu_ws/install/waypoint_writer:/home/rstole01/Documents/CSE-596/msu_ws/install/waypoint_follow:/home/rstole01/Documents/CSE-596/msu_ws/install/wall_follower_pid:/home/rstole01/Documents/CSE-596/msu_ws/install/qlearn:/home/rstole01/Documents/CSE-596/msu_ws/install/py_pubsub:/home/rstole01/Documents/CSE-596/msu_ws/install/plexer360:/home/rstole01/Documents/CSE-596/msu_ws/install/painter:/home/rstole01/Documents/CSE-596/msu_ws/install/f1tenth_gym_ros:/opt/ros/humble /usr/bin/cmake --build /home/rstole01/Documents/CSE-596/msu_ws/build/qlearn_interfaces -- -j8 -l8
[4.838s] Invoking command in '/home/rstole01/Documents/CSE-596/msu_ws/build/qlearn_interfaces': CMAKE_PREFIX_PATH=${CMAKE_PREFIX_PATH}:/home/rstole01/Documents/CSE-596/msu_ws/install/waypoint_writer:/home/rstole01/Documents/CSE-596/msu_ws/install/waypoint_follow:/home/rstole01/Documents/CSE-596/msu_ws/install/wall_follower_pid:/home/rstole01/Documents/CSE-596/msu_ws/install/qlearn:/home/rstole01/Documents/CSE-596/msu_ws/install/py_pubsub:/home/rstole01/Documents/CSE-596/msu_ws/install/plexer360:/home/rstole01/Documents/CSE-596/msu_ws/install/painter:/home/rstole01/Documents/CSE-596/msu_ws/install/f1tenth_gym_ros:/opt/ros/humble /usr/bin/cmake --install /home/rstole01/Documents/CSE-596/msu_ws/build/qlearn_interfaces
[4.848s] -- Install configuration: ""
[4.848s] -- Up-to-date: /home/rstole01/Documents/CSE-596/msu_ws/install/qlearn_interfaces/share/ament_index/resource_index/rosidl_interfaces/qlearn_interfaces
[4.849s] -- Up-to-date: /home/rstole01/Documents/CSE-596/msu_ws/install/qlearn_interfaces/include/qlearn_interfaces/qlearn_interfaces
[4.849s] -- Up-to-date: /home/rstole01/Documents/CSE-596/msu_ws/install/qlearn_interfaces/include/qlearn_interfaces/qlearn_interfaces/srv
[4.850s] -- Up-to-date: /home/rstole01/Documents/CSE-596/msu_ws/install/qlearn_interfaces/include/qlearn_interfaces/qlearn_interfaces/srv/save_q_table.h
[4.851s] -- Up-to-date: /home/rstole01/Documents/CSE-596/msu_ws/install/qlearn_interfaces/include/qlearn_interfaces/qlearn_interfaces/srv/set_int.h
[4.851s] -- Up-to-date: /home/rstole01/Documents/CSE-596/msu_ws/install/qlearn_interfaces/include/qlearn_interfaces/qlearn_interfaces/srv/set_float.h
[4.852s] -- Up-to-date: /home/rstole01/Documents/CSE-596/msu_ws/install/qlearn_interfaces/include/qlearn_interfaces/qlearn_interfaces/srv/detail
[4.853s] -- Up-to-date: /home/rstole01/Documents/CSE-596/msu_ws/install/qlearn_interfaces/include/qlearn_interfaces/qlearn_interfaces/srv/detail/load_q_table__functions.h
[4.854s] -- Up-to-date: /home/rstole01/Documents/CSE-596/msu_ws/install/qlearn_interfaces/include/qlearn_interfaces/qlearn_interfaces/srv/detail/load_q_table__functions.c
[4.854s] -- Up-to-date: /home/rstole01/Documents/CSE-596/msu_ws/install/qlearn_interfaces/include/qlearn_interfaces/qlearn_interfaces/srv/detail/set_int__functions.c
[4.855s] -- Up-to-date: /home/rstole01/Documents/CSE-596/msu_ws/install/qlearn_interfaces/include/qlearn_interfaces/qlearn_interfaces/srv/detail/set_float__functions.h
[4.855s] -- Up-to-date: /home/rstole01/Documents/CSE-596/msu_ws/install/qlearn_interfaces/include/qlearn_interfaces/qlearn_interfaces/srv/detail/save_q_table__functions.h
[4.855s] -- Up-to-date: /home/rstole01/Documents/CSE-596/msu_ws/install/qlearn_interfaces/include/qlearn_interfaces/qlearn_interfaces/srv/detail/set_int__type_support.h
[4.856s] -- Up-to-date: /home/rstole01/Documents/CSE-596/msu_ws/install/qlearn_interfaces/include/qlearn_interfaces/qlearn_interfaces/srv/detail/save_q_table__type_support.h
[4.856s] -- Up-to-date: /home/rstole01/Documents/CSE-596/msu_ws/install/qlearn_interfaces/include/qlearn_interfaces/qlearn_interfaces/srv/detail/set_int__functions.h
[4.857s] -- Up-to-date: /home/rstole01/Documents/CSE-596/msu_ws/install/qlearn_interfaces/include/qlearn_interfaces/qlearn_interfaces/srv/detail/load_q_table__struct.h
[4.857s] -- Up-to-date: /home/rstole01/Documents/CSE-596/msu_ws/install/qlearn_interfaces/include/qlearn_interfaces/qlearn_interfaces/srv/detail/save_q_table__functions.c
[4.858s] -- Up-to-date: /home/rstole01/Documents/CSE-596/msu_ws/install/qlearn_interfaces/include/qlearn_interfaces/qlearn_interfaces/srv/detail/save_q_table__struct.h
[4.858s] -- Up-to-date: /home/rstole01/Documents/CSE-596/msu_ws/install/qlearn_interfaces/include/qlearn_interfaces/qlearn_interfaces/srv/detail/set_int__struct.h
[4.858s] -- Up-to-date: /home/rstole01/Documents/CSE-596/msu_ws/install/qlearn_interfaces/include/qlearn_interfaces/qlearn_interfaces/srv/detail/set_float__type_support.h
[4.859s] -- Up-to-date: /home/rstole01/Documents/CSE-596/msu_ws/install/qlearn_interfaces/include/qlearn_interfaces/qlearn_interfaces/srv/detail/set_float__struct.h
[4.859s] -- Up-to-date: /home/rstole01/Documents/CSE-596/msu_ws/install/qlearn_interfaces/include/qlearn_interfaces/qlearn_interfaces/srv/detail/load_q_table__type_support.h
[4.860s] -- Up-to-date: /home/rstole01/Documents/CSE-596/msu_ws/install/qlearn_interfaces/include/qlearn_interfaces/qlearn_interfaces/srv/detail/set_float__functions.c
[4.860s] -- Up-to-date: /home/rstole01/Documents/CSE-596/msu_ws/install/qlearn_interfaces/include/qlearn_interfaces/qlearn_interfaces/srv/load_q_table.h
[4.860s] -- Up-to-date: /home/rstole01/Documents/CSE-596/msu_ws/install/qlearn_interfaces/include/qlearn_interfaces/qlearn_interfaces/msg
[4.860s] -- Up-to-date: /home/rstole01/Documents/CSE-596/msu_ws/install/qlearn_interfaces/include/qlearn_interfaces/qlearn_interfaces/msg/float_stamped.h
[4.860s] -- Up-to-date: /home/rstole01/Documents/CSE-596/msu_ws/install/qlearn_interfaces/include/qlearn_interfaces/qlearn_interfaces/msg/rosidl_generator_c__visibility_control.h
[4.861s] -- Up-to-date: /home/rstole01/Documents/CSE-596/msu_ws/install/qlearn_interfaces/include/qlearn_interfaces/qlearn_interfaces/msg/int_stamped.h
[4.861s] -- Up-to-date: /home/rstole01/Documents/CSE-596/msu_ws/install/qlearn_interfaces/include/qlearn_interfaces/qlearn_interfaces/msg/detail
[4.861s] -- Up-to-date: /home/rstole01/Documents/CSE-596/msu_ws/install/qlearn_interfaces/include/qlearn_interfaces/qlearn_interfaces/msg/detail/int_stamped__type_support.h
[4.861s] -- Up-to-date: /home/rstole01/Documents/CSE-596/msu_ws/install/qlearn_interfaces/include/qlearn_interfaces/qlearn_interfaces/msg/detail/int_stamped__struct.h
[4.862s] -- Up-to-date: /home/rstole01/Documents/CSE-596/msu_ws/install/qlearn_interfaces/include/qlearn_interfaces/qlearn_interfaces/msg/detail/float_stamped__functions.h
[4.862s] -- Up-to-date: /home/rstole01/Documents/CSE-596/msu_ws/install/qlearn_interfaces/include/qlearn_interfaces/qlearn_interfaces/msg/detail/int_stamped__functions.c
[4.862s] -- Up-to-date: /home/rstole01/Documents/CSE-596/msu_ws/install/qlearn_interfaces/include/qlearn_interfaces/qlearn_interfaces/msg/detail/int_stamped__functions.h
[4.863s] -- Up-to-date: /home/rstole01/Documents/CSE-596/msu_ws/install/qlearn_interfaces/include/qlearn_interfaces/qlearn_interfaces/msg/detail/float_stamped__struct.h
[4.863s] -- Up-to-date: /home/rstole01/Documents/CSE-596/msu_ws/install/qlearn_interfaces/include/qlearn_interfaces/qlearn_interfaces/msg/detail/float_stamped__functions.c
[4.863s] -- Up-to-date: /home/rstole01/Documents/CSE-596/msu_ws/install/qlearn_interfaces/include/qlearn_interfaces/qlearn_interfaces/msg/detail/float_stamped__type_support.h
[4.863s] -- Up-to-date: /home/rstole01/Documents/CSE-596/msu_ws/install/qlearn_interfaces/share/qlearn_interfaces/environment/library_path.sh
[4.864s] -- Up-to-date: /home/rstole01/Documents/CSE-596/msu_ws/install/qlearn_interfaces/share/qlearn_interfaces/environment/library_path.dsv
[4.864s] -- Up-to-date: /home/rstole01/Documents/CSE-596/msu_ws/install/qlearn_interfaces/lib/libqlearn_interfaces__rosidl_generator_c.so
[4.864s] -- Up-to-date: /home/rstole01/Documents/CSE-596/msu_ws/install/qlearn_interfaces/include/qlearn_interfaces/qlearn_interfaces
[4.864s] -- Up-to-date: /home/rstole01/Documents/CSE-596/msu_ws/install/qlearn_interfaces/include/qlearn_interfaces/qlearn_interfaces/srv
[4.864s] -- Up-to-date: /home/rstole01/Documents/CSE-596/msu_ws/install/qlearn_interfaces/include/qlearn_interfaces/qlearn_interfaces/srv/detail
[4.865s] -- Up-to-date: /home/rstole01/Documents/CSE-596/msu_ws/install/qlearn_interfaces/include/qlearn_interfaces/qlearn_interfaces/srv/detail/load_q_table__rosidl_typesupport_fastrtps_c.h
[4.865s] -- Up-to-date: /home/rstole01/Documents/CSE-596/msu_ws/install/qlearn_interfaces/include/qlearn_interfaces/qlearn_interfaces/srv/detail/save_q_table__rosidl_typesupport_fastrtps_c.h
[4.865s] -- Up-to-date: /home/rstole01/Documents/CSE-596/msu_ws/install/qlearn_interfaces/include/qlearn_interfaces/qlearn_interfaces/srv/detail/set_float__rosidl_typesupport_fastrtps_c.h
[4.865s] -- Up-to-date: /home/rstole01/Documents/CSE-596/msu_ws/install/qlearn_interfaces/include/qlearn_interfaces/qlearn_interfaces/srv/detail/set_int__rosidl_typesupport_fastrtps_c.h
[4.866s] -- Up-to-date: /home/rstole01/Documents/CSE-596/msu_ws/install/qlearn_interfaces/include/qlearn_interfaces/qlearn_interfaces/msg
[4.866s] -- Up-to-date: /home/rstole01/Documents/CSE-596/msu_ws/install/qlearn_interfaces/include/qlearn_interfaces/qlearn_interfaces/msg/rosidl_typesupport_fastrtps_c__visibility_control.h
[4.866s] -- Up-to-date: /home/rstole01/Documents/CSE-596/msu_ws/install/qlearn_interfaces/include/qlearn_interfaces/qlearn_interfaces/msg/detail
[4.867s] -- Up-to-date: /home/rstole01/Documents/CSE-596/msu_ws/install/qlearn_interfaces/include/qlearn_interfaces/qlearn_interfaces/msg/detail/int_stamped__rosidl_typesupport_fastrtps_c.h
[4.867s] -- Up-to-date: /home/rstole01/Documents/CSE-596/msu_ws/install/qlearn_interfaces/include/qlearn_interfaces/qlearn_interfaces/msg/detail/float_stamped__rosidl_typesupport_fastrtps_c.h
[4.867s] -- Up-to-date: /home/rstole01/Documents/CSE-596/msu_ws/install/qlearn_interfaces/lib/libqlearn_interfaces__rosidl_typesupport_fastrtps_c.so
[4.867s] -- Up-to-date: /home/rstole01/Documents/CSE-596/msu_ws/install/qlearn_interfaces/include/qlearn_interfaces/qlearn_interfaces
[4.867s] -- Up-to-date: /home/rstole01/Documents/CSE-596/msu_ws/install/qlearn_interfaces/include/qlearn_interfaces/qlearn_interfaces/srv
[4.868s] -- Up-to-date: /home/rstole01/Documents/CSE-596/msu_ws/install/qlearn_interfaces/include/qlearn_interfaces/qlearn_interfaces/srv/load_q_table.hpp
[4.868s] -- Up-to-date: /home/rstole01/Documents/CSE-596/msu_ws/install/qlearn_interfaces/include/qlearn_interfaces/qlearn_interfaces/srv/set_float.hpp
[4.868s] -- Up-to-date: /home/rstole01/Documents/CSE-596/msu_ws/install/qlearn_interfaces/include/qlearn_interfaces/qlearn_interfaces/srv/detail
[4.868s] -- Up-to-date: /home/rstole01/Documents/CSE-596/msu_ws/install/qlearn_interfaces/include/qlearn_interfaces/qlearn_interfaces/srv/detail/load_q_table__builder.hpp
[4.868s] -- Up-to-date: /home/rstole01/Documents/CSE-596/msu_ws/install/qlearn_interfaces/include/qlearn_interfaces/qlearn_interfaces/srv/detail/set_float__traits.hpp
[4.869s] -- Up-to-date: /home/rstole01/Documents/CSE-596/msu_ws/install/qlearn_interfaces/include/qlearn_interfaces/qlearn_interfaces/srv/detail/set_int__traits.hpp
[4.869s] -- Up-to-date: /home/rstole01/Documents/CSE-596/msu_ws/install/qlearn_interfaces/include/qlearn_interfaces/qlearn_interfaces/srv/detail/set_float__struct.hpp
[4.869s] -- Up-to-date: /home/rstole01/Documents/CSE-596/msu_ws/install/qlearn_interfaces/include/qlearn_interfaces/qlearn_interfaces/srv/detail/set_int__struct.hpp
[4.869s] -- Up-to-date: /home/rstole01/Documents/CSE-596/msu_ws/install/qlearn_interfaces/include/qlearn_interfaces/qlearn_interfaces/srv/detail/set_int__builder.hpp
[4.870s] -- Up-to-date: /home/rstole01/Documents/CSE-596/msu_ws/install/qlearn_interfaces/include/qlearn_interfaces/qlearn_interfaces/srv/detail/save_q_table__traits.hpp
[4.870s] -- Up-to-date: /home/rstole01/Documents/CSE-596/msu_ws/install/qlearn_interfaces/include/qlearn_interfaces/qlearn_interfaces/srv/detail/set_float__builder.hpp
[4.870s] -- Up-to-date: /home/rstole01/Documents/CSE-596/msu_ws/install/qlearn_interfaces/include/qlearn_interfaces/qlearn_interfaces/srv/detail/save_q_table__builder.hpp
[4.870s] -- Up-to-date: /home/rstole01/Documents/CSE-596/msu_ws/install/qlearn_interfaces/include/qlearn_interfaces/qlearn_interfaces/srv/detail/save_q_table__struct.hpp
[4.870s] -- Up-to-date: /home/rstole01/Documents/CSE-596/msu_ws/install/qlearn_interfaces/include/qlearn_interfaces/qlearn_interfaces/srv/detail/load_q_table__traits.hpp
[4.871s] -- Up-to-date: /home/rstole01/Documents/CSE-596/msu_ws/install/qlearn_interfaces/include/qlearn_interfaces/qlearn_interfaces/srv/detail/load_q_table__struct.hpp
[4.871s] -- Up-to-date: /home/rstole01/Documents/CSE-596/msu_ws/install/qlearn_interfaces/include/qlearn_interfaces/qlearn_interfaces/srv/save_q_table.hpp
[4.871s] -- Up-to-date: /home/rstole01/Documents/CSE-596/msu_ws/install/qlearn_interfaces/include/qlearn_interfaces/qlearn_interfaces/srv/set_int.hpp
[4.872s] -- Up-to-date: /home/rstole01/Documents/CSE-596/msu_ws/install/qlearn_interfaces/include/qlearn_interfaces/qlearn_interfaces/msg
[4.872s] -- Up-to-date: /home/rstole01/Documents/CSE-596/msu_ws/install/qlearn_interfaces/include/qlearn_interfaces/qlearn_interfaces/msg/int_stamped.hpp
[4.872s] -- Up-to-date: /home/rstole01/Documents/CSE-596/msu_ws/install/qlearn_interfaces/include/qlearn_interfaces/qlearn_interfaces/msg/detail
[4.872s] -- Up-to-date: /home/rstole01/Documents/CSE-596/msu_ws/install/qlearn_interfaces/include/qlearn_interfaces/qlearn_interfaces/msg/detail/int_stamped__struct.hpp
[4.872s] -- Up-to-date: /home/rstole01/Documents/CSE-596/msu_ws/install/qlearn_interfaces/include/qlearn_interfaces/qlearn_interfaces/msg/detail/int_stamped__traits.hpp
[4.873s] -- Up-to-date: /home/rstole01/Documents/CSE-596/msu_ws/install/qlearn_interfaces/include/qlearn_interfaces/qlearn_interfaces/msg/detail/float_stamped__builder.hpp
[4.873s] -- Up-to-date: /home/rstole01/Documents/CSE-596/msu_ws/install/qlearn_interfaces/include/qlearn_interfaces/qlearn_interfaces/msg/detail/int_stamped__builder.hpp
[4.873s] -- Up-to-date: /home/rstole01/Documents/CSE-596/msu_ws/install/qlearn_interfaces/include/qlearn_interfaces/qlearn_interfaces/msg/detail/float_stamped__traits.hpp
[4.873s] -- Up-to-date: /home/rstole01/Documents/CSE-596/msu_ws/install/qlearn_interfaces/include/qlearn_interfaces/qlearn_interfaces/msg/detail/float_stamped__struct.hpp
[4.874s] -- Up-to-date: /home/rstole01/Documents/CSE-596/msu_ws/install/qlearn_interfaces/include/qlearn_interfaces/qlearn_interfaces/msg/float_stamped.hpp
[4.874s] -- Up-to-date: /home/rstole01/Documents/CSE-596/msu_ws/install/qlearn_interfaces/include/qlearn_interfaces/qlearn_interfaces
[4.874s] -- Up-to-date: /home/rstole01/Documents/CSE-596/msu_ws/install/qlearn_interfaces/include/qlearn_interfaces/qlearn_interfaces/srv
[4.874s] -- Up-to-date: /home/rstole01/Documents/CSE-596/msu_ws/install/qlearn_interfaces/include/qlearn_interfaces/qlearn_interfaces/srv/detail
[4.874s] -- Up-to-date: /home/rstole01/Documents/CSE-596/msu_ws/install/qlearn_interfaces/include/qlearn_interfaces/qlearn_interfaces/srv/detail/save_q_table__rosidl_typesupport_fastrtps_cpp.hpp
[4.874s] -- Up-to-date: /home/rstole01/Documents/CSE-596/msu_ws/install/qlearn_interfaces/include/qlearn_interfaces/qlearn_interfaces/srv/detail/set_int__rosidl_typesupport_fastrtps_cpp.hpp
[4.875s] -- Up-to-date: /home/rstole01/Documents/CSE-596/msu_ws/install/qlearn_interfaces/include/qlearn_interfaces/qlearn_interfaces/srv/detail/set_float__rosidl_typesupport_fastrtps_cpp.hpp
[4.875s] -- Up-to-date: /home/rstole01/Documents/CSE-596/msu_ws/install/qlearn_interfaces/include/qlearn_interfaces/qlearn_interfaces/srv/detail/load_q_table__rosidl_typesupport_fastrtps_cpp.hpp
[4.875s] -- Up-to-date: /home/rstole01/Documents/CSE-596/msu_ws/install/qlearn_interfaces/include/qlearn_interfaces/qlearn_interfaces/srv/detail/dds_fastrtps
[4.875s] -- Up-to-date: /home/rstole01/Documents/CSE-596/msu_ws/install/qlearn_interfaces/include/qlearn_interfaces/qlearn_interfaces/msg
[4.876s] -- Up-to-date: /home/rstole01/Documents/CSE-596/msu_ws/install/qlearn_interfaces/include/qlearn_interfaces/qlearn_interfaces/msg/detail
[4.876s] -- Up-to-date: /home/rstole01/Documents/CSE-596/msu_ws/install/qlearn_interfaces/include/qlearn_interfaces/qlearn_interfaces/msg/detail/int_stamped__rosidl_typesupport_fastrtps_cpp.hpp
[4.877s] -- Up-to-date: /home/rstole01/Documents/CSE-596/msu_ws/install/qlearn_interfaces/include/qlearn_interfaces/qlearn_interfaces/msg/detail/dds_fastrtps
[4.877s] -- Up-to-date: /home/rstole01/Documents/CSE-596/msu_ws/install/qlearn_interfaces/include/qlearn_interfaces/qlearn_interfaces/msg/detail/float_stamped__rosidl_typesupport_fastrtps_cpp.hpp
[4.877s] -- Up-to-date: /home/rstole01/Documents/CSE-596/msu_ws/install/qlearn_interfaces/include/qlearn_interfaces/qlearn_interfaces/msg/rosidl_typesupport_fastrtps_cpp__visibility_control.h
[4.877s] -- Up-to-date: /home/rstole01/Documents/CSE-596/msu_ws/install/qlearn_interfaces/lib/libqlearn_interfaces__rosidl_typesupport_fastrtps_cpp.so
[4.878s] -- Up-to-date: /home/rstole01/Documents/CSE-596/msu_ws/install/qlearn_interfaces/include/qlearn_interfaces/qlearn_interfaces
[4.878s] -- Up-to-date: /home/rstole01/Documents/CSE-596/msu_ws/install/qlearn_interfaces/include/qlearn_interfaces/qlearn_interfaces/srv
[4.878s] -- Up-to-date: /home/rstole01/Documents/CSE-596/msu_ws/install/qlearn_interfaces/include/qlearn_interfaces/qlearn_interfaces/srv/detail
[4.878s] -- Up-to-date: /home/rstole01/Documents/CSE-596/msu_ws/install/qlearn_interfaces/include/qlearn_interfaces/qlearn_interfaces/srv/detail/load_q_table__rosidl_typesupport_introspection_c.h
[4.878s] -- Up-to-date: /home/rstole01/Documents/CSE-596/msu_ws/install/qlearn_interfaces/include/qlearn_interfaces/qlearn_interfaces/srv/detail/set_int__rosidl_typesupport_introspection_c.h
[4.878s] -- Up-to-date: /home/rstole01/Documents/CSE-596/msu_ws/install/qlearn_interfaces/include/qlearn_interfaces/qlearn_interfaces/srv/detail/set_int__type_support.c
[4.879s] -- Up-to-date: /home/rstole01/Documents/CSE-596/msu_ws/install/qlearn_interfaces/include/qlearn_interfaces/qlearn_interfaces/srv/detail/save_q_table__rosidl_typesupport_introspection_c.h
[4.879s] -- Up-to-date: /home/rstole01/Documents/CSE-596/msu_ws/install/qlearn_interfaces/include/qlearn_interfaces/qlearn_interfaces/srv/detail/set_float__type_support.c
[4.879s] -- Up-to-date: /home/rstole01/Documents/CSE-596/msu_ws/install/qlearn_interfaces/include/qlearn_interfaces/qlearn_interfaces/srv/detail/save_q_table__type_support.c
[4.879s] -- Up-to-date: /home/rstole01/Documents/CSE-596/msu_ws/install/qlearn_interfaces/include/qlearn_interfaces/qlearn_interfaces/srv/detail/load_q_table__type_support.c
[4.879s] -- Up-to-date: /home/rstole01/Documents/CSE-596/msu_ws/install/qlearn_interfaces/include/qlearn_interfaces/qlearn_interfaces/srv/detail/set_float__rosidl_typesupport_introspection_c.h
[4.879s] -- Up-to-date: /home/rstole01/Documents/CSE-596/msu_ws/install/qlearn_interfaces/include/qlearn_interfaces/qlearn_interfaces/msg
[4.880s] -- Up-to-date: /home/rstole01/Documents/CSE-596/msu_ws/install/qlearn_interfaces/include/qlearn_interfaces/qlearn_interfaces/msg/rosidl_typesupport_introspection_c__visibility_control.h
[4.880s] -- Up-to-date: /home/rstole01/Documents/CSE-596/msu_ws/install/qlearn_interfaces/include/qlearn_interfaces/qlearn_interfaces/msg/detail
[4.880s] -- Up-to-date: /home/rstole01/Documents/CSE-596/msu_ws/install/qlearn_interfaces/include/qlearn_interfaces/qlearn_interfaces/msg/detail/float_stamped__type_support.c
[4.880s] -- Up-to-date: /home/rstole01/Documents/CSE-596/msu_ws/install/qlearn_interfaces/include/qlearn_interfaces/qlearn_interfaces/msg/detail/float_stamped__rosidl_typesupport_introspection_c.h
[4.880s] -- Up-to-date: /home/rstole01/Documents/CSE-596/msu_ws/install/qlearn_interfaces/include/qlearn_interfaces/qlearn_interfaces/msg/detail/int_stamped__rosidl_typesupport_introspection_c.h
[4.881s] -- Up-to-date: /home/rstole01/Documents/CSE-596/msu_ws/install/qlearn_interfaces/include/qlearn_interfaces/qlearn_interfaces/msg/detail/int_stamped__type_support.c
[4.881s] -- Up-to-date: /home/rstole01/Documents/CSE-596/msu_ws/install/qlearn_interfaces/lib/libqlearn_interfaces__rosidl_typesupport_introspection_c.so
[4.881s] -- Up-to-date: /home/rstole01/Documents/CSE-596/msu_ws/install/qlearn_interfaces/lib/libqlearn_interfaces__rosidl_typesupport_c.so
[4.881s] -- Up-to-date: /home/rstole01/Documents/CSE-596/msu_ws/install/qlearn_interfaces/include/qlearn_interfaces/qlearn_interfaces
[4.881s] -- Up-to-date: /home/rstole01/Documents/CSE-596/msu_ws/install/qlearn_interfaces/include/qlearn_interfaces/qlearn_interfaces/srv
[4.882s] -- Up-to-date: /home/rstole01/Documents/CSE-596/msu_ws/install/qlearn_interfaces/include/qlearn_interfaces/qlearn_interfaces/srv/detail
[4.882s] -- Up-to-date: /home/rstole01/Documents/CSE-596/msu_ws/install/qlearn_interfaces/include/qlearn_interfaces/qlearn_interfaces/srv/detail/set_float__rosidl_typesupport_introspection_cpp.hpp
[4.882s] -- Up-to-date: /home/rstole01/Documents/CSE-596/msu_ws/install/qlearn_interfaces/include/qlearn_interfaces/qlearn_interfaces/srv/detail/load_q_table__rosidl_typesupport_introspection_cpp.hpp
[4.882s] -- Up-to-date: /home/rstole01/Documents/CSE-596/msu_ws/install/qlearn_interfaces/include/qlearn_interfaces/qlearn_interfaces/srv/detail/set_int__type_support.cpp
[4.882s] -- Up-to-date: /home/rstole01/Documents/CSE-596/msu_ws/install/qlearn_interfaces/include/qlearn_interfaces/qlearn_interfaces/srv/detail/load_q_table__type_support.cpp
[4.883s] -- Up-to-date: /home/rstole01/Documents/CSE-596/msu_ws/install/qlearn_interfaces/include/qlearn_interfaces/qlearn_interfaces/srv/detail/set_int__rosidl_typesupport_introspection_cpp.hpp
[4.883s] -- Up-to-date: /home/rstole01/Documents/CSE-596/msu_ws/install/qlearn_interfaces/include/qlearn_interfaces/qlearn_interfaces/srv/detail/save_q_table__rosidl_typesupport_introspection_cpp.hpp
[4.883s] -- Up-to-date: /home/rstole01/Documents/CSE-596/msu_ws/install/qlearn_interfaces/include/qlearn_interfaces/qlearn_interfaces/srv/detail/save_q_table__type_support.cpp
[4.883s] -- Up-to-date: /home/rstole01/Documents/CSE-596/msu_ws/install/qlearn_interfaces/include/qlearn_interfaces/qlearn_interfaces/srv/detail/set_float__type_support.cpp
[4.883s] -- Up-to-date: /home/rstole01/Documents/CSE-596/msu_ws/install/qlearn_interfaces/include/qlearn_interfaces/qlearn_interfaces/msg
[4.883s] -- Up-to-date: /home/rstole01/Documents/CSE-596/msu_ws/install/qlearn_interfaces/include/qlearn_interfaces/qlearn_interfaces/msg/detail
[4.883s] -- Up-to-date: /home/rstole01/Documents/CSE-596/msu_ws/install/qlearn_interfaces/include/qlearn_interfaces/qlearn_interfaces/msg/detail/float_stamped__rosidl_typesupport_introspection_cpp.hpp
[4.884s] -- Up-to-date: /home/rstole01/Documents/CSE-596/msu_ws/install/qlearn_interfaces/include/qlearn_interfaces/qlearn_interfaces/msg/detail/int_stamped__rosidl_typesupport_introspection_cpp.hpp
[4.884s] -- Up-to-date: /home/rstole01/Documents/CSE-596/msu_ws/install/qlearn_interfaces/include/qlearn_interfaces/qlearn_interfaces/msg/detail/int_stamped__type_support.cpp
[4.884s] -- Up-to-date: /home/rstole01/Documents/CSE-596/msu_ws/install/qlearn_interfaces/include/qlearn_interfaces/qlearn_interfaces/msg/detail/float_stamped__type_support.cpp
[4.884s] -- Up-to-date: /home/rstole01/Documents/CSE-596/msu_ws/install/qlearn_interfaces/lib/libqlearn_interfaces__rosidl_typesupport_introspection_cpp.so
[4.884s] -- Up-to-date: /home/rstole01/Documents/CSE-596/msu_ws/install/qlearn_interfaces/lib/libqlearn_interfaces__rosidl_typesupport_cpp.so
[4.885s] -- Up-to-date: /home/rstole01/Documents/CSE-596/msu_ws/install/qlearn_interfaces/share/qlearn_interfaces/environment/pythonpath.sh
[4.885s] -- Up-to-date: /home/rstole01/Documents/CSE-596/msu_ws/install/qlearn_interfaces/share/qlearn_interfaces/environment/pythonpath.dsv
[4.885s] -- Up-to-date: /home/rstole01/Documents/CSE-596/msu_ws/install/qlearn_interfaces/local/lib/python3.10/dist-packages/qlearn_interfaces-0.0.0-py3.10.egg-info
[4.886s] -- Installing: /home/rstole01/Documents/CSE-596/msu_ws/install/qlearn_interfaces/local/lib/python3.10/dist-packages/qlearn_interfaces-0.0.0-py3.10.egg-info/top_level.txt
[4.886s] -- Installing: /home/rstole01/Documents/CSE-596/msu_ws/install/qlearn_interfaces/local/lib/python3.10/dist-packages/qlearn_interfaces-0.0.0-py3.10.egg-info/SOURCES.txt
[4.886s] -- Installing: /home/rstole01/Documents/CSE-596/msu_ws/install/qlearn_interfaces/local/lib/python3.10/dist-packages/qlearn_interfaces-0.0.0-py3.10.egg-info/PKG-INFO
[4.887s] -- Installing: /home/rstole01/Documents/CSE-596/msu_ws/install/qlearn_interfaces/local/lib/python3.10/dist-packages/qlearn_interfaces-0.0.0-py3.10.egg-info/dependency_links.txt
[4.887s] -- Up-to-date: /home/rstole01/Documents/CSE-596/msu_ws/install/qlearn_interfaces/local/lib/python3.10/dist-packages/qlearn_interfaces
[4.888s] -- Up-to-date: /home/rstole01/Documents/CSE-596/msu_ws/install/qlearn_interfaces/local/lib/python3.10/dist-packages/qlearn_interfaces/qlearn_interfaces_s__rosidl_typesupport_introspection_c.cpython-310-x86_64-linux-gnu.so
[4.888s] -- Up-to-date: /home/rstole01/Documents/CSE-596/msu_ws/install/qlearn_interfaces/local/lib/python3.10/dist-packages/qlearn_interfaces/_qlearn_interfaces_s.ep.rosidl_typesupport_fastrtps_c.c
[4.889s] -- Up-to-date: /home/rstole01/Documents/CSE-596/msu_ws/install/qlearn_interfaces/local/lib/python3.10/dist-packages/qlearn_interfaces/_qlearn_interfaces_s.ep.rosidl_typesupport_c.c
[4.889s] -- Up-to-date: /home/rstole01/Documents/CSE-596/msu_ws/install/qlearn_interfaces/local/lib/python3.10/dist-packages/qlearn_interfaces/srv
[4.890s] -- Up-to-date: /home/rstole01/Documents/CSE-596/msu_ws/install/qlearn_interfaces/local/lib/python3.10/dist-packages/qlearn_interfaces/srv/_load_q_table.py
[4.890s] -- Up-to-date: /home/rstole01/Documents/CSE-596/msu_ws/install/qlearn_interfaces/local/lib/python3.10/dist-packages/qlearn_interfaces/srv/_load_q_table_s.c
[4.890s] -- Up-to-date: /home/rstole01/Documents/CSE-596/msu_ws/install/qlearn_interfaces/local/lib/python3.10/dist-packages/qlearn_interfaces/srv/_set_int_s.c
[4.890s] -- Up-to-date: /home/rstole01/Documents/CSE-596/msu_ws/install/qlearn_interfaces/local/lib/python3.10/dist-packages/qlearn_interfaces/srv/_save_q_table.py
[4.891s] -- Up-to-date: /home/rstole01/Documents/CSE-596/msu_ws/install/qlearn_interfaces/local/lib/python3.10/dist-packages/qlearn_interfaces/srv/_set_float.py
[4.892s] -- Up-to-date: /home/rstole01/Documents/CSE-596/msu_ws/install/qlearn_interfaces/local/lib/python3.10/dist-packages/qlearn_interfaces/srv/__init__.py
[4.892s] -- Up-to-date: /home/rstole01/Documents/CSE-596/msu_ws/install/qlearn_interfaces/local/lib/python3.10/dist-packages/qlearn_interfaces/srv/_set_float_s.c
[4.893s] -- Up-to-date: /home/rstole01/Documents/CSE-596/msu_ws/install/qlearn_interfaces/local/lib/python3.10/dist-packages/qlearn_interfaces/srv/_set_int.py
[4.895s] -- Up-to-date: /home/rstole01/Documents/CSE-596/msu_ws/install/qlearn_interfaces/local/lib/python3.10/dist-packages/qlearn_interfaces/srv/_save_q_table_s.c
[4.895s] -- Up-to-date: /home/rstole01/Documents/CSE-596/msu_ws/install/qlearn_interfaces/local/lib/python3.10/dist-packages/qlearn_interfaces/qlearn_interfaces_s__rosidl_typesupport_c.cpython-310-x86_64-linux-gnu.so
[4.895s] -- Up-to-date: /home/rstole01/Documents/CSE-596/msu_ws/install/qlearn_interfaces/local/lib/python3.10/dist-packages/qlearn_interfaces/__init__.py
[4.895s] -- Up-to-date: /home/rstole01/Documents/CSE-596/msu_ws/install/qlearn_interfaces/local/lib/python3.10/dist-packages/qlearn_interfaces/msg
[4.896s] -- Up-to-date: /home/rstole01/Documents/CSE-596/msu_ws/install/qlearn_interfaces/local/lib/python3.10/dist-packages/qlearn_interfaces/msg/_float_stamped_s.c
[4.896s] -- Up-to-date: /home/rstole01/Documents/CSE-596/msu_ws/install/qlearn_interfaces/local/lib/python3.10/dist-packages/qlearn_interfaces/msg/_int_stamped.py
[4.896s] -- Up-to-date: /home/rstole01/Documents/CSE-596/msu_ws/install/qlearn_interfaces/local/lib/python3.10/dist-packages/qlearn_interfaces/msg/__init__.py
[4.896s] -- Up-to-date: /home/rstole01/Documents/CSE-596/msu_ws/install/qlearn_interfaces/local/lib/python3.10/dist-packages/qlearn_interfaces/msg/_float_stamped.py
[4.897s] -- Up-to-date: /home/rstole01/Documents/CSE-596/msu_ws/install/qlearn_interfaces/local/lib/python3.10/dist-packages/qlearn_interfaces/msg/_int_stamped_s.c
[4.897s] -- Up-to-date: /home/rstole01/Documents/CSE-596/msu_ws/install/qlearn_interfaces/local/lib/python3.10/dist-packages/qlearn_interfaces/qlearn_interfaces_s__rosidl_typesupport_fastrtps_c.cpython-310-x86_64-linux-gnu.so
[4.897s] -- Up-to-date: /home/rstole01/Documents/CSE-596/msu_ws/install/qlearn_interfaces/local/lib/python3.10/dist-packages/qlearn_interfaces/libqlearn_interfaces__rosidl_generator_py.so
[4.897s] -- Up-to-date: /home/rstole01/Documents/CSE-596/msu_ws/install/qlearn_interfaces/local/lib/python3.10/dist-packages/qlearn_interfaces/_qlearn_interfaces_s.ep.rosidl_typesupport_introspection_c.c
[4.914s] Listing '/home/rstole01/Documents/CSE-596/msu_ws/install/qlearn_interfaces/local/lib/python3.10/dist-packages/qlearn_interfaces'...
[4.914s] Listing '/home/rstole01/Documents/CSE-596/msu_ws/install/qlearn_interfaces/local/lib/python3.10/dist-packages/qlearn_interfaces/msg'...
[4.915s] Listing '/home/rstole01/Documents/CSE-596/msu_ws/install/qlearn_interfaces/local/lib/python3.10/dist-packages/qlearn_interfaces/srv'...
[4.920s] -- Up-to-date: /home/rstole01/Documents/CSE-596/msu_ws/install/qlearn_interfaces/local/lib/python3.10/dist-packages/qlearn_interfaces/qlearn_interfaces_s__rosidl_typesupport_fastrtps_c.cpython-310-x86_64-linux-gnu.so
[4.920s] -- Up-to-date: /home/rstole01/Documents/CSE-596/msu_ws/install/qlearn_interfaces/local/lib/python3.10/dist-packages/qlearn_interfaces/qlearn_interfaces_s__rosidl_typesupport_introspection_c.cpython-310-x86_64-linux-gnu.so
[4.921s] -- Up-to-date: /home/rstole01/Documents/CSE-596/msu_ws/install/qlearn_interfaces/local/lib/python3.10/dist-packages/qlearn_interfaces/qlearn_interfaces_s__rosidl_typesupport_c.cpython-310-x86_64-linux-gnu.so
[4.922s] -- Up-to-date: /home/rstole01/Documents/CSE-596/msu_ws/install/qlearn_interfaces/lib/libqlearn_interfaces__rosidl_generator_py.so
[4.922s] -- Up-to-date: /home/rstole01/Documents/CSE-596/msu_ws/install/qlearn_interfaces/share/qlearn_interfaces/srv/SaveQTable.idl
[4.922s] -- Up-to-date: /home/rstole01/Documents/CSE-596/msu_ws/install/qlearn_interfaces/share/qlearn_interfaces/srv/LoadQTable.idl
[4.923s] -- Up-to-date: /home/rstole01/Documents/CSE-596/msu_ws/install/qlearn_interfaces/share/qlearn_interfaces/srv/SetFloat.idl
[4.923s] -- Up-to-date: /home/rstole01/Documents/CSE-596/msu_ws/install/qlearn_interfaces/share/qlearn_interfaces/srv/SetInt.idl
[4.923s] -- Up-to-date: /home/rstole01/Documents/CSE-596/msu_ws/install/qlearn_interfaces/share/qlearn_interfaces/msg/FloatStamped.idl
[4.924s] -- Up-to-date: /home/rstole01/Documents/CSE-596/msu_ws/install/qlearn_interfaces/share/qlearn_interfaces/msg/IntStamped.idl
[4.924s] -- Up-to-date: /home/rstole01/Documents/CSE-596/msu_ws/install/qlearn_interfaces/share/qlearn_interfaces/srv/SaveQTable.srv
[4.924s] -- Up-to-date: /home/rstole01/Documents/CSE-596/msu_ws/install/qlearn_interfaces/share/qlearn_interfaces/srv/SaveQTable_Request.msg
[4.925s] -- Up-to-date: /home/rstole01/Documents/CSE-596/msu_ws/install/qlearn_interfaces/share/qlearn_interfaces/srv/SaveQTable_Response.msg
[4.925s] -- Up-to-date: /home/rstole01/Documents/CSE-596/msu_ws/install/qlearn_interfaces/share/qlearn_interfaces/srv/LoadQTable.srv
[4.925s] -- Up-to-date: /home/rstole01/Documents/CSE-596/msu_ws/install/qlearn_interfaces/share/qlearn_interfaces/srv/LoadQTable_Request.msg
[4.926s] -- Up-to-date: /home/rstole01/Documents/CSE-596/msu_ws/install/qlearn_interfaces/share/qlearn_interfaces/srv/LoadQTable_Response.msg
[4.926s] -- Up-to-date: /home/rstole01/Documents/CSE-596/msu_ws/install/qlearn_interfaces/share/qlearn_interfaces/srv/SetFloat.srv
[4.927s] -- Up-to-date: /home/rstole01/Documents/CSE-596/msu_ws/install/qlearn_interfaces/share/qlearn_interfaces/srv/SetFloat_Request.msg
[4.928s] -- Up-to-date: /home/rstole01/Documents/CSE-596/msu_ws/install/qlearn_interfaces/share/qlearn_interfaces/srv/SetFloat_Response.msg
[4.928s] -- Up-to-date: /home/rstole01/Documents/CSE-596/msu_ws/install/qlearn_interfaces/share/qlearn_interfaces/srv/SetInt.srv
[4.929s] -- Up-to-date: /home/rstole01/Documents/CSE-596/msu_ws/install/qlearn_interfaces/share/qlearn_interfaces/srv/SetInt_Request.msg
[4.929s] -- Up-to-date: /home/rstole01/Documents/CSE-596/msu_ws/install/qlearn_interfaces/share/qlearn_interfaces/srv/SetInt_Response.msg
[4.929s] -- Up-to-date: /home/rstole01/Documents/CSE-596/msu_ws/install/qlearn_interfaces/share/qlearn_interfaces/msg/FloatStamped.msg
[4.929s] -- Up-to-date: /home/rstole01/Documents/CSE-596/msu_ws/install/qlearn_interfaces/share/qlearn_interfaces/msg/IntStamped.msg
[4.930s] -- Up-to-date: /home/rstole01/Documents/CSE-596/msu_ws/install/qlearn_interfaces/share/ament_index/resource_index/package_run_dependencies/qlearn_interfaces
[4.930s] -- Up-to-date: /home/rstole01/Documents/CSE-596/msu_ws/install/qlearn_interfaces/share/ament_index/resource_index/parent_prefix_path/qlearn_interfaces
[4.930s] -- Up-to-date: /home/rstole01/Documents/CSE-596/msu_ws/install/qlearn_interfaces/share/qlearn_interfaces/environment/ament_prefix_path.sh
[4.931s] -- Up-to-date: /home/rstole01/Documents/CSE-596/msu_ws/install/qlearn_interfaces/share/qlearn_interfaces/environment/ament_prefix_path.dsv
[4.931s] -- Up-to-date: /home/rstole01/Documents/CSE-596/msu_ws/install/qlearn_interfaces/share/qlearn_interfaces/environment/path.sh
[4.931s] -- Up-to-date: /home/rstole01/Documents/CSE-596/msu_ws/install/qlearn_interfaces/share/qlearn_interfaces/environment/path.dsv
[4.932s] -- Up-to-date: /home/rstole01/Documents/CSE-596/msu_ws/install/qlearn_interfaces/share/qlearn_interfaces/local_setup.bash
[4.932s] -- Up-to-date: /home/rstole01/Documents/CSE-596/msu_ws/install/qlearn_interfaces/share/qlearn_interfaces/local_setup.sh
[4.932s] -- Up-to-date: /home/rstole01/Documents/CSE-596/msu_ws/install/qlearn_interfaces/share/qlearn_interfaces/local_setup.zsh
[4.933s] -- Up-to-date: /home/rstole01/Documents/CSE-596/msu_ws/install/qlearn_interfaces/share/qlearn_interfaces/local_setup.dsv
[4.933s] -- Installing: /home/rstole01/Documents/CSE-596/msu_ws/install/qlearn_interfaces/share/qlearn_interfaces/package.dsv
[4.933s] -- Up-to-date: /home/rstole01/Documents/CSE-596/msu_ws/install/qlearn_interfaces/share/ament_index/resource_index/packages/qlearn_interfaces
[4.934s] -- Up-to-date: /home/rstole01/Documents/CSE-596/msu_ws/install/qlearn_interfaces/share/qlearn_interfaces/cmake/export_qlearn_interfaces__rosidl_generator_cExport.cmake
[4.934s] -- Up-to-date: /home/rstole01/Documents/CSE-596/msu_ws/install/qlearn_interfaces/share/qlearn_interfaces/cmake/export_qlearn_interfaces__rosidl_generator_cExport-noconfig.cmake
[4.934s] -- Up-to-date: /home/rstole01/Documents/CSE-596/msu_ws/install/qlearn_interfaces/share/qlearn_interfaces/cmake/export_qlearn_interfaces__rosidl_typesupport_fastrtps_cExport.cmake
[4.934s] -- Up-to-date: /home/rstole01/Documents/CSE-596/msu_ws/install/qlearn_interfaces/share/qlearn_interfaces/cmake/export_qlearn_interfaces__rosidl_typesupport_fastrtps_cExport-noconfig.cmake
[4.934s] -- Up-to-date: /home/rstole01/Documents/CSE-596/msu_ws/install/qlearn_interfaces/share/qlearn_interfaces/cmake/export_qlearn_interfaces__rosidl_generator_cppExport.cmake
[4.934s] -- Up-to-date: /home/rstole01/Documents/CSE-596/msu_ws/install/qlearn_interfaces/share/qlearn_interfaces/cmake/export_qlearn_interfaces__rosidl_typesupport_fastrtps_cppExport.cmake
[4.935s] -- Up-to-date: /home/rstole01/Documents/CSE-596/msu_ws/install/qlearn_interfaces/share/qlearn_interfaces/cmake/export_qlearn_interfaces__rosidl_typesupport_fastrtps_cppExport-noconfig.cmake
[4.935s] -- Up-to-date: /home/rstole01/Documents/CSE-596/msu_ws/install/qlearn_interfaces/share/qlearn_interfaces/cmake/qlearn_interfaces__rosidl_typesupport_introspection_cExport.cmake
[4.935s] -- Up-to-date: /home/rstole01/Documents/CSE-596/msu_ws/install/qlearn_interfaces/share/qlearn_interfaces/cmake/qlearn_interfaces__rosidl_typesupport_introspection_cExport-noconfig.cmake
[4.935s] -- Up-to-date: /home/rstole01/Documents/CSE-596/msu_ws/install/qlearn_interfaces/share/qlearn_interfaces/cmake/qlearn_interfaces__rosidl_typesupport_cExport.cmake
[4.935s] -- Up-to-date: /home/rstole01/Documents/CSE-596/msu_ws/install/qlearn_interfaces/share/qlearn_interfaces/cmake/qlearn_interfaces__rosidl_typesupport_cExport-noconfig.cmake
[4.936s] -- Up-to-date: /home/rstole01/Documents/CSE-596/msu_ws/install/qlearn_interfaces/share/qlearn_interfaces/cmake/qlearn_interfaces__rosidl_typesupport_introspection_cppExport.cmake
[4.936s] -- Up-to-date: /home/rstole01/Documents/CSE-596/msu_ws/install/qlearn_interfaces/share/qlearn_interfaces/cmake/qlearn_interfaces__rosidl_typesupport_introspection_cppExport-noconfig.cmake
[4.936s] -- Up-to-date: /home/rstole01/Documents/CSE-596/msu_ws/install/qlearn_interfaces/share/qlearn_interfaces/cmake/qlearn_interfaces__rosidl_typesupport_cppExport.cmake
[4.936s] -- Up-to-date: /home/rstole01/Documents/CSE-596/msu_ws/install/qlearn_interfaces/share/qlearn_interfaces/cmake/qlearn_interfaces__rosidl_typesupport_cppExport-noconfig.cmake
[4.936s] -- Up-to-date: /home/rstole01/Documents/CSE-596/msu_ws/install/qlearn_interfaces/share/qlearn_interfaces/cmake/export_qlearn_interfaces__rosidl_generator_pyExport.cmake
[4.937s] -- Up-to-date: /home/rstole01/Documents/CSE-596/msu_ws/install/qlearn_interfaces/share/qlearn_interfaces/cmake/export_qlearn_interfaces__rosidl_generator_pyExport-noconfig.cmake
[4.937s] -- Up-to-date: /home/rstole01/Documents/CSE-596/msu_ws/install/qlearn_interfaces/share/qlearn_interfaces/cmake/rosidl_cmake-extras.cmake
[4.937s] -- Up-to-date: /home/rstole01/Documents/CSE-596/msu_ws/install/qlearn_interfaces/share/qlearn_interfaces/cmake/ament_cmake_export_dependencies-extras.cmake
[4.937s] -- Up-to-date: /home/rstole01/Documents/CSE-596/msu_ws/install/qlearn_interfaces/share/qlearn_interfaces/cmake/ament_cmake_export_include_directories-extras.cmake
[4.937s] -- Up-to-date: /home/rstole01/Documents/CSE-596/msu_ws/install/qlearn_interfaces/share/qlearn_interfaces/cmake/ament_cmake_export_libraries-extras.cmake
[4.938s] -- Up-to-date: /home/rstole01/Documents/CSE-596/msu_ws/install/qlearn_interfaces/share/qlearn_interfaces/cmake/ament_cmake_export_targets-extras.cmake
[4.938s] -- Up-to-date: /home/rstole01/Documents/CSE-596/msu_ws/install/qlearn_interfaces/share/qlearn_interfaces/cmake/rosidl_cmake_export_typesupport_targets-extras.cmake
[4.938s] -- Up-to-date: /home/rstole01/Documents/CSE-596/msu_ws/install/qlearn_interfaces/share/qlearn_interfaces/cmake/rosidl_cmake_export_typesupport_libraries-extras.cmake
[4.938s] -- Up-to-date: /home/rstole01/Documents/CSE-596/msu_ws/install/qlearn_interfaces/share/qlearn_interfaces/cmake/qlearn_interfacesConfig.cmake
[4.938s] -- Up-to-date: /home/rstole01/Documents/CSE-596/msu_ws/install/qlearn_interfaces/share/qlearn_interfaces/cmake/qlearn_interfacesConfig-version.cmake
[4.939s] -- Up-to-date: /home/rstole01/Documents/CSE-596/msu_ws/install/qlearn_interfaces/share/qlearn_interfaces/package.xml
[7.415s] Invoked command in '/home/rstole01/Documents/CSE-596/msu_ws/build/qlearn_interfaces' returned '0': CMAKE_PREFIX_PATH=${CMAKE_PREFIX_PATH}:/home/rstole01/Documents/CSE-596/msu_ws/install/waypoint_writer:/home/rstole01/Documents/CSE-596/msu_ws/install/waypoint_follow:/home/rstole01/Documents/CSE-596/msu_ws/install/wall_follower_pid:/home/rstole01/Documents/CSE-596/msu_ws/install/qlearn:/home/rstole01/Documents/CSE-596/msu_ws/install/py_pubsub:/home/rstole01/Documents/CSE-596/msu_ws/install/plexer360:/home/rstole01/Documents/CSE-596/msu_ws/install/painter:/home/rstole01/Documents/CSE-596/msu_ws/install/f1tenth_gym_ros:/opt/ros/humble /usr/bin/cmake --install /home/rstole01/Documents/CSE-596/msu_ws/build/qlearn_interfaces
