[1.011s] Invoking command in '/home/rstole01/Documents/CSE-596/humble_ws/build/aeb_lab': CMAKE_PREFIX_PATH=${CMAKE_PREFIX_PATH}:/home/rstole01/Documents/CSE-596/humble_ws/install/f1tenth_stack:/home/rstole01/Documents/CSE-596/humble_ws/install/joy_teleop:/home/rstole01/Documents/CSE-596/humble_ws/install/mouse_teleop:/home/rstole01/Documents/CSE-596/humble_ws/install/key_teleop:/home/rstole01/Documents/CSE-596/humble_ws/install/f1tenth_gym_ros:/opt/ros/humble /usr/bin/cmake --build /home/rstole01/Documents/CSE-596/humble_ws/build/aeb_lab -- -j8 -l8
[2.724s] [100%] Built target aeb
[2.733s] Invoked command in '/home/rstole01/Documents/CSE-596/humble_ws/build/aeb_lab' returned '0': CMAKE_PREFIX_PATH=${CMAKE_PREFIX_PATH}:/home/rstole01/Documents/CSE-596/humble_ws/install/f1tenth_stack:/home/rstole01/Documents/CSE-596/humble_ws/install/joy_teleop:/home/rstole01/Documents/CSE-596/humble_ws/install/mouse_teleop:/home/rstole01/Documents/CSE-596/humble_ws/install/key_teleop:/home/rstole01/Documents/CSE-596/humble_ws/install/f1tenth_gym_ros:/opt/ros/humble /usr/bin/cmake --build /home/rstole01/Documents/CSE-596/humble_ws/build/aeb_lab -- -j8 -l8
[2.823s] Invoking command in '/home/rstole01/Documents/CSE-596/humble_ws/build/aeb_lab': CMAKE_PREFIX_PATH=${CMAKE_PREFIX_PATH}:/home/rstole01/Documents/CSE-596/humble_ws/install/f1tenth_stack:/home/rstole01/Documents/CSE-596/humble_ws/install/joy_teleop:/home/rstole01/Documents/CSE-596/humble_ws/install/mouse_teleop:/home/rstole01/Documents/CSE-596/humble_ws/install/key_teleop:/home/rstole01/Documents/CSE-596/humble_ws/install/f1tenth_gym_ros:/opt/ros/humble /usr/bin/cmake --install /home/rstole01/Documents/CSE-596/humble_ws/build/aeb_lab
[2.847s] -- Install configuration: "Release"
[2.848s] -- Up-to-date: /home/rstole01/Documents/CSE-596/humble_ws/install/aeb_lab/lib/aeb_lab/aeb
[2.849s] -- Up-to-date: /home/rstole01/Documents/CSE-596/humble_ws/install/aeb_lab/share/ament_index/resource_index/package_run_dependencies/aeb_lab
[2.849s] -- Up-to-date: /home/rstole01/Documents/CSE-596/humble_ws/install/aeb_lab/share/ament_index/resource_index/parent_prefix_path/aeb_lab
[2.849s] -- Up-to-date: /home/rstole01/Documents/CSE-596/humble_ws/install/aeb_lab/share/aeb_lab/environment/ament_prefix_path.sh
[2.850s] -- Up-to-date: /home/rstole01/Documents/CSE-596/humble_ws/install/aeb_lab/share/aeb_lab/environment/ament_prefix_path.dsv
[2.850s] -- Up-to-date: /home/rstole01/Documents/CSE-596/humble_ws/install/aeb_lab/share/aeb_lab/environment/path.sh
[2.851s] -- Up-to-date: /home/rstole01/Documents/CSE-596/humble_ws/install/aeb_lab/share/aeb_lab/environment/path.dsv
[2.852s] -- Up-to-date: /home/rstole01/Documents/CSE-596/humble_ws/install/aeb_lab/share/aeb_lab/local_setup.bash
[2.852s] -- Up-to-date: /home/rstole01/Documents/CSE-596/humble_ws/install/aeb_lab/share/aeb_lab/local_setup.sh
[2.852s] -- Up-to-date: /home/rstole01/Documents/CSE-596/humble_ws/install/aeb_lab/share/aeb_lab/local_setup.zsh
[2.853s] -- Up-to-date: /home/rstole01/Documents/CSE-596/humble_ws/install/aeb_lab/share/aeb_lab/local_setup.dsv
[2.853s] -- Installing: /home/rstole01/Documents/CSE-596/humble_ws/install/aeb_lab/share/aeb_lab/package.dsv
[2.853s] -- Up-to-date: /home/rstole01/Documents/CSE-596/humble_ws/install/aeb_lab/share/ament_index/resource_index/packages/aeb_lab
[2.854s] -- Up-to-date: /home/rstole01/Documents/CSE-596/humble_ws/install/aeb_lab/share/aeb_lab/cmake/aeb_labConfig.cmake
[2.855s] -- Up-to-date: /home/rstole01/Documents/CSE-596/humble_ws/install/aeb_lab/share/aeb_lab/cmake/aeb_labConfig-version.cmake
[2.857s] -- Up-to-date: /home/rstole01/Documents/CSE-596/humble_ws/install/aeb_lab/share/aeb_lab/package.xml
[2.864s] Invoked command in '/home/rstole01/Documents/CSE-596/humble_ws/build/aeb_lab' returned '0': CMAKE_PREFIX_PATH=${CMAKE_PREFIX_PATH}:/home/rstole01/Documents/CSE-596/humble_ws/install/f1tenth_stack:/home/rstole01/Documents/CSE-596/humble_ws/install/joy_teleop:/home/rstole01/Documents/CSE-596/humble_ws/install/mouse_teleop:/home/rstole01/Documents/CSE-596/humble_ws/install/key_teleop:/home/rstole01/Documents/CSE-596/humble_ws/install/f1tenth_gym_ros:/opt/ros/humble /usr/bin/cmake --install /home/rstole01/Documents/CSE-596/humble_ws/build/aeb_lab
