[0.202s] Invoking command in '/home/rstole01/Documents/CSE-596/humble_ws/build/aeb_lab': /usr/bin/cmake /home/rstole01/Documents/CSE-596/humble_ws/src/aeb_lab -DCMAKE_INSTALL_PREFIX=/home/rstole01/Documents/CSE-596/humble_ws/install/aeb_lab
[0.764s] -- Configuring incomplete, errors occurred!
[0.765s] See also "/home/rstole01/Documents/CSE-596/humble_ws/build/aeb_lab/CMakeFiles/CMakeOutput.log".
[0.766s] [31mCMake Error at CMakeLists.txt:10 (find_package):
[0.766s]   By not providing "Findament_cmake.cmake" in CMAKE_MODULE_PATH this project
[0.767s]   has asked CMake to find a package configuration file provided by
[0.771s]   "ament_cmake", but CMake did not find one.
[0.772s] 
[0.773s]   Could not find a package configuration file provided by "ament_cmake" with
[0.773s]   any of the following names:
[0.773s] 
[0.775s]     ament_cmakeConfig.cmake
[0.776s]     ament_cmake-config.cmake
[0.776s] 
[0.776s]   Add the installation prefix of "ament_cmake" to CMAKE_PREFIX_PATH or set
[0.776s]   "ament_cmake_DIR" to a directory containing one of the above files.  If
[0.777s]   "ament_cmake" provides a separate development package or SDK, be sure it
[0.777s]   has been installed.
[0.778s] 
[0.778s] [0m
[0.781s] Invoked command in '/home/rstole01/Documents/CSE-596/humble_ws/build/aeb_lab' returned '1': /usr/bin/cmake /home/rstole01/Documents/CSE-596/humble_ws/src/aeb_lab -DCMAKE_INSTALL_PREFIX=/home/rstole01/Documents/CSE-596/humble_ws/install/aeb_lab
