[5.824s] Invoking command in '/home/rstole01/Documents/CSE-596/msu_ws/src/painter': PYTHONPATH=/home/rstole01/Documents/CSE-596/msu_ws/build/painter/prefix_override:/home/rstole01/Documents/CSE-596/msu_ws/install/painter/lib/python3.10/site-packages:${PYTHONPATH} /usr/bin/python3 setup.py egg_info --egg-base ../../build/painter build --build-base /home/rstole01/Documents/CSE-596/msu_ws/build/painter/build install --record /home/rstole01/Documents/CSE-596/msu_ws/build/painter/install.log --single-version-externally-managed
[6.557s] running egg_info
[6.559s] writing ../../build/painter/painter.egg-info/PKG-INFO
[6.560s] writing dependency_links to ../../build/painter/painter.egg-info/dependency_links.txt
[6.560s] writing entry points to ../../build/painter/painter.egg-info/entry_points.txt
[6.561s] writing requirements to ../../build/painter/painter.egg-info/requires.txt
[6.561s] writing top-level names to ../../build/painter/painter.egg-info/top_level.txt
[6.566s] reading manifest file '../../build/painter/painter.egg-info/SOURCES.txt'
[6.587s] writing manifest file '../../build/painter/painter.egg-info/SOURCES.txt'
[6.587s] running build
[6.588s] running build_py
[6.588s] running install
[6.589s] /usr/lib/python3/dist-packages/setuptools/command/install.py:34: SetuptoolsDeprecationWarning: setup.py install is deprecated. Use build and pip and other standards-based tools.
[6.589s]   warnings.warn(
[6.589s] running install_lib
[6.593s] running install_data
[6.594s] running install_egg_info
[6.599s] removing '/home/rstole01/Documents/CSE-596/msu_ws/install/painter/lib/python3.10/site-packages/painter-0.0.0-py3.10.egg-info' (and everything under it)
[6.600s] Copying ../../build/painter/painter.egg-info to /home/rstole01/Documents/CSE-596/msu_ws/install/painter/lib/python3.10/site-packages/painter-0.0.0-py3.10.egg-info
[6.602s] running install_scripts
[6.654s] Installing painter script to /home/rstole01/Documents/CSE-596/msu_ws/install/painter/lib/painter
[6.655s] writing list of installed files to '/home/rstole01/Documents/CSE-596/msu_ws/build/painter/install.log'
[8.008s] Invoked command in '/home/rstole01/Documents/CSE-596/msu_ws/src/painter' returned '0': PYTHONPATH=/home/rstole01/Documents/CSE-596/msu_ws/build/painter/prefix_override:/home/rstole01/Documents/CSE-596/msu_ws/install/painter/lib/python3.10/site-packages:${PYTHONPATH} /usr/bin/python3 setup.py egg_info --egg-base ../../build/painter build --build-base /home/rstole01/Documents/CSE-596/msu_ws/build/painter/build install --record /home/rstole01/Documents/CSE-596/msu_ws/build/painter/install.log --single-version-externally-managed
