running egg_info
writing ../../build/waypoint_logger/waypoint_logger.egg-info/PKG-INFO
writing dependency_links to ../../build/waypoint_logger/waypoint_logger.egg-info/dependency_links.txt
writing entry points to ../../build/waypoint_logger/waypoint_logger.egg-info/entry_points.txt
writing requirements to ../../build/waypoint_logger/waypoint_logger.egg-info/requires.txt
writing top-level names to ../../build/waypoint_logger/waypoint_logger.egg-info/top_level.txt
reading manifest file '../../build/waypoint_logger/waypoint_logger.egg-info/SOURCES.txt'
adding license file 'LICENSE'
writing manifest file '../../build/waypoint_logger/waypoint_logger.egg-info/SOURCES.txt'
running build
running build_py
running install
/usr/lib/python3/dist-packages/setuptools/command/install.py:34: SetuptoolsDeprecationWarning: setup.py install is deprecated. Use build and pip and other standards-based tools.
  warnings.warn(
running install_lib
running install_data
copying package.xml -> /home/rstole01/Documents/CSE-596/humble_ws/install/waypoint_logger/share/waypoint_logger
running install_egg_info
removing '/home/rstole01/Documents/CSE-596/humble_ws/install/waypoint_logger/lib/python3.10/site-packages/waypoint_logger-0.0.0-py3.10.egg-info' (and everything under it)
Copying ../../build/waypoint_logger/waypoint_logger.egg-info to /home/rstole01/Documents/CSE-596/humble_ws/install/waypoint_logger/lib/python3.10/site-packages/waypoint_logger-0.0.0-py3.10.egg-info
running install_scripts
Installing waypoint_logger script to /home/rstole01/Documents/CSE-596/humble_ws/install/waypoint_logger/lib/waypoint_logger
writing list of installed files to '/home/rstole01/Documents/CSE-596/humble_ws/build/waypoint_logger/install.log'
