running egg_info
writing ../../build/qlearn/qlearn.egg-info/PKG-INFO
writing dependency_links to ../../build/qlearn/qlearn.egg-info/dependency_links.txt
writing entry points to ../../build/qlearn/qlearn.egg-info/entry_points.txt
writing requirements to ../../build/qlearn/qlearn.egg-info/requires.txt
writing top-level names to ../../build/qlearn/qlearn.egg-info/top_level.txt
reading manifest file '../../build/qlearn/qlearn.egg-info/SOURCES.txt'
writing manifest file '../../build/qlearn/qlearn.egg-info/SOURCES.txt'
running build
running build_py
/usr/lib/python3/dist-packages/setuptools/command/install.py:34: SetuptoolsDeprecationWarning: setup.py install is deprecated. Use build and pip and other standards-based tools.
  warnings.warn(
running install
running install_lib
running install_data
running install_egg_info
removing '/home/rstole01/Documents/CSE-596/msu_ws/install/qlearn/lib/python3.10/site-packages/qlearn-0.0.0-py3.10.egg-info' (and everything under it)
Copying ../../build/qlearn/qlearn.egg-info to /home/rstole01/Documents/CSE-596/msu_ws/install/qlearn/lib/python3.10/site-packages/qlearn-0.0.0-py3.10.egg-info
running install_scripts
Installing qlearn script to /home/rstole01/Documents/CSE-596/msu_ws/install/qlearn/lib/qlearn
writing list of installed files to '/home/rstole01/Documents/CSE-596/msu_ws/build/qlearn/install.log'
