[0.193s] Invoking command in '/home/rstole01/Documents/CSE-596/humble_ws/build/pure-pursuit_lab': CMAKE_PREFIX_PATH=${CMAKE_PREFIX_PATH}:/home/rstole01/Documents/CSE-596/humble_ws/install/waypoint_logger:/home/rstole01/Documents/CSE-596/humble_ws/install/f1tenth_gym_ros:/opt/ros/humble /usr/bin/cmake /home/rstole01/Documents/CSE-596/humble_ws/src/pure-pursuit_lab -DCMAKE_INSTALL_PREFIX=/home/rstole01/Documents/CSE-596/humble_ws/install/pure-pursuit_lab
[0.220s] -- Found ament_cmake: 1.3.7 (/opt/ros/humble/share/ament_cmake/cmake)
[0.512s] -- Found rclcpp: 16.0.8 (/opt/ros/humble/share/rclcpp/cmake)
[0.584s] -- Found rosidl_generator_c: 3.1.5 (/opt/ros/humble/share/rosidl_generator_c/cmake)
[0.589s] -- Found rosidl_adapter: 3.1.5 (/opt/ros/humble/share/rosidl_adapter/cmake)
[0.601s] -- Found rosidl_generator_cpp: 3.1.5 (/opt/ros/humble/share/rosidl_generator_cpp/cmake)
[0.625s] -- Using all available rosidl_typesupport_c: rosidl_typesupport_fastrtps_c;rosidl_typesupport_introspection_c
[0.658s] -- Using all available rosidl_typesupport_cpp: rosidl_typesupport_fastrtps_cpp;rosidl_typesupport_introspection_cpp
[0.782s] -- Found rmw_implementation_cmake: 6.1.1 (/opt/ros/humble/share/rmw_implementation_cmake/cmake)
[0.785s] -- Found rmw_cyclonedds_cpp: 1.3.4 (/opt/ros/humble/share/rmw_cyclonedds_cpp/cmake)
[0.848s] -- Using RMW implementation 'rmw_cyclonedds_cpp' as default
[1.170s] -- Found rclpy: 3.3.11 (/opt/ros/humble/share/rclpy/cmake)
[1.170s] -- Found geometry_msgs: 4.2.3 (/opt/ros/humble/share/geometry_msgs/cmake)
[1.222s] -- Found nav_msgs: 4.2.3 (/opt/ros/humble/share/nav_msgs/cmake)
[1.305s] -- Found ackermann_msgs: 2.0.2 (/opt/ros/humble/share/ackermann_msgs/cmake)
[1.347s] -- Found sensor_msgs: 4.2.3 (/opt/ros/humble/share/sensor_msgs/cmake)
[1.430s] -- Found visualization_msgs: 4.2.3 (/opt/ros/humble/share/visualization_msgs/cmake)
[1.563s] -- Found tf2_ros: 0.25.5 (/opt/ros/humble/share/tf2_ros/cmake)
[1.945s] -- Found ament_lint_auto: 0.12.10 (/opt/ros/humble/share/ament_lint_auto/cmake)
[2.072s] -- Added test 'copyright' to check source files copyright and LICENSE
[2.073s] -- Added test 'cppcheck' to perform static code analysis on C / C++ code
[2.074s] -- Configured cppcheck include dirs: /home/rstole01/Documents/CSE-596/humble_ws/src/pure-pursuit_lab/include
[2.074s] -- Configured cppcheck exclude dirs and/or files: 
[2.075s] -- Added test 'cpplint' to check C / C++ code against the Google style
[2.075s] -- Configured cpplint exclude dirs and/or files: 
[2.077s] -- Added test 'lint_cmake' to check CMake code style
[2.079s] -- Added test 'uncrustify' to check C / C++ code style
[2.079s] -- Configured uncrustify additional arguments: 
[2.080s] -- Added test 'xmllint' to check XML markup files
[2.082s] -- Configuring done
[2.096s] -- Generating done
[2.098s] -- Build files have been written to: /home/rstole01/Documents/CSE-596/humble_ws/build/pure-pursuit_lab
[2.105s] Invoked command in '/home/rstole01/Documents/CSE-596/humble_ws/build/pure-pursuit_lab' returned '0': CMAKE_PREFIX_PATH=${CMAKE_PREFIX_PATH}:/home/rstole01/Documents/CSE-596/humble_ws/install/waypoint_logger:/home/rstole01/Documents/CSE-596/humble_ws/install/f1tenth_gym_ros:/opt/ros/humble /usr/bin/cmake /home/rstole01/Documents/CSE-596/humble_ws/src/pure-pursuit_lab -DCMAKE_INSTALL_PREFIX=/home/rstole01/Documents/CSE-596/humble_ws/install/pure-pursuit_lab
[2.108s] Invoking command in '/home/rstole01/Documents/CSE-596/humble_ws/build/pure-pursuit_lab': CMAKE_PREFIX_PATH=${CMAKE_PREFIX_PATH}:/home/rstole01/Documents/CSE-596/humble_ws/install/waypoint_logger:/home/rstole01/Documents/CSE-596/humble_ws/install/f1tenth_gym_ros:/opt/ros/humble /usr/bin/cmake --build /home/rstole01/Documents/CSE-596/humble_ws/build/pure-pursuit_lab -- -j8 -l8
[2.165s] [ 50%] [32mBuilding CXX object CMakeFiles/pure_pursuit_node.dir/src/pure_pursuit_node.cpp.o[0m
[5.434s] [01m[K/home/rstole01/Documents/CSE-596/humble_ws/src/pure-pursuit_lab/src/pure_pursuit_node.cpp:32:81:[m[K [01;35m[Kwarning: [m[K‘[01m[Kgeometry_msgs::msg::PoseStamped_<std::allocator<void> >::ConstPtr[m[K’ is deprecated [[01;35m[K]8;;https://gcc.gnu.org/onlinedocs/gcc/Warning-Options.html#index-Wdeprecated-declarations-Wdeprecated-declarations]8;;[m[K]
[5.434s]    32 | ose_callback(const geometry_msgs::msg::PoseStamped::ConstPtr &pose_msg[01;35m[K)[m[K
[5.434s]       |                                                                       [01;35m[K^[m[K
[5.434s] 
[5.434s] In file included from [01m[K/opt/ros/humble/include/geometry_msgs/geometry_msgs/msg/pose_stamped.hpp:7[m[K,
[5.435s]                  from [01m[K/home/rstole01/Documents/CSE-596/humble_ws/src/pure-pursuit_lab/src/pure_pursuit_node.cpp:10[m[K:
[5.435s] [01m[K/opt/ros/humble/include/geometry_msgs/geometry_msgs/msg/detail/pose_stamped__struct.hpp:115:5:[m[K [01;36m[Knote: [m[Kdeclared here
[5.435s]   115 |     [01;36m[KConstPtr[m[K;
[5.435s]       |     [01;36m[K^~~~~~~~[m[K
[5.435s] [01m[K/home/rstole01/Documents/CSE-596/humble_ws/src/pure-pursuit_lab/src/pure_pursuit_node.cpp:[m[K In member function ‘[01m[Kvoid PurePursuit::pose_callback(const ConstPtr&)[m[K’:
[5.435s] [01m[K/home/rstole01/Documents/CSE-596/humble_ws/src/pure-pursuit_lab/src/pure_pursuit_node.cpp:32:73:[m[K [01;35m[Kwarning: [m[Kunused parameter ‘[01m[Kpose_msg[m[K’ [[01;35m[K]8;;https://gcc.gnu.org/onlinedocs/gcc/Warning-Options.html#index-Wunused-parameter-Wunused-parameter]8;;[m[K]
[5.435s]    32 | ose_callback([01;35m[Kconst geometry_msgs::msg::PoseStamped::ConstPtr &pose_msg[m[K)
[5.435s]       |              [01;35m[K~~~~~~~~~~~~~~~~~~~~~~~~~~~~~~~~~~~~~~~~~~~~~~~~~^~~~~~~~[m[K
[5.435s] 
[6.008s] [100%] [32m[1mLinking CXX executable pure_pursuit_node[0m
[6.182s] [100%] Built target pure_pursuit_node
[6.194s] Invoked command in '/home/rstole01/Documents/CSE-596/humble_ws/build/pure-pursuit_lab' returned '0': CMAKE_PREFIX_PATH=${CMAKE_PREFIX_PATH}:/home/rstole01/Documents/CSE-596/humble_ws/install/waypoint_logger:/home/rstole01/Documents/CSE-596/humble_ws/install/f1tenth_gym_ros:/opt/ros/humble /usr/bin/cmake --build /home/rstole01/Documents/CSE-596/humble_ws/build/pure-pursuit_lab -- -j8 -l8
[6.232s] Invoking command in '/home/rstole01/Documents/CSE-596/humble_ws/build/pure-pursuit_lab': CMAKE_PREFIX_PATH=${CMAKE_PREFIX_PATH}:/home/rstole01/Documents/CSE-596/humble_ws/install/waypoint_logger:/home/rstole01/Documents/CSE-596/humble_ws/install/f1tenth_gym_ros:/opt/ros/humble /usr/bin/cmake --install /home/rstole01/Documents/CSE-596/humble_ws/build/pure-pursuit_lab
[6.240s] -- Install configuration: ""
[6.240s] -- Installing: /home/rstole01/Documents/CSE-596/humble_ws/install/pure-pursuit_lab/lib/pure-pursuit_lab/pure_pursuit_node
[6.241s] -- Set runtime path of "/home/rstole01/Documents/CSE-596/humble_ws/install/pure-pursuit_lab/lib/pure-pursuit_lab/pure_pursuit_node" to ""
[6.241s] -- Installing: /home/rstole01/Documents/CSE-596/humble_ws/install/pure-pursuit_lab/share/ament_index/resource_index/package_run_dependencies/pure-pursuit_lab
[6.241s] -- Installing: /home/rstole01/Documents/CSE-596/humble_ws/install/pure-pursuit_lab/share/ament_index/resource_index/parent_prefix_path/pure-pursuit_lab
[6.241s] -- Installing: /home/rstole01/Documents/CSE-596/humble_ws/install/pure-pursuit_lab/share/pure-pursuit_lab/environment/ament_prefix_path.sh
[6.241s] -- Installing: /home/rstole01/Documents/CSE-596/humble_ws/install/pure-pursuit_lab/share/pure-pursuit_lab/environment/ament_prefix_path.dsv
[6.242s] -- Installing: /home/rstole01/Documents/CSE-596/humble_ws/install/pure-pursuit_lab/share/pure-pursuit_lab/environment/path.sh
[6.242s] -- Installing: /home/rstole01/Documents/CSE-596/humble_ws/install/pure-pursuit_lab/share/pure-pursuit_lab/environment/path.dsv
[6.242s] -- Installing: /home/rstole01/Documents/CSE-596/humble_ws/install/pure-pursuit_lab/share/pure-pursuit_lab/local_setup.bash
[6.242s] -- Installing: /home/rstole01/Documents/CSE-596/humble_ws/install/pure-pursuit_lab/share/pure-pursuit_lab/local_setup.sh
[6.242s] -- Installing: /home/rstole01/Documents/CSE-596/humble_ws/install/pure-pursuit_lab/share/pure-pursuit_lab/local_setup.zsh
[6.243s] -- Installing: /home/rstole01/Documents/CSE-596/humble_ws/install/pure-pursuit_lab/share/pure-pursuit_lab/local_setup.dsv
[6.243s] -- Installing: /home/rstole01/Documents/CSE-596/humble_ws/install/pure-pursuit_lab/share/pure-pursuit_lab/package.dsv
[6.244s] -- Installing: /home/rstole01/Documents/CSE-596/humble_ws/install/pure-pursuit_lab/share/ament_index/resource_index/packages/pure-pursuit_lab
[6.244s] -- Installing: /home/rstole01/Documents/CSE-596/humble_ws/install/pure-pursuit_lab/share/pure-pursuit_lab/cmake/pure-pursuit_labConfig.cmake
[6.244s] -- Installing: /home/rstole01/Documents/CSE-596/humble_ws/install/pure-pursuit_lab/share/pure-pursuit_lab/cmake/pure-pursuit_labConfig-version.cmake
[6.244s] -- Installing: /home/rstole01/Documents/CSE-596/humble_ws/install/pure-pursuit_lab/share/pure-pursuit_lab/package.xml
[6.247s] Invoked command in '/home/rstole01/Documents/CSE-596/humble_ws/build/pure-pursuit_lab' returned '0': CMAKE_PREFIX_PATH=${CMAKE_PREFIX_PATH}:/home/rstole01/Documents/CSE-596/humble_ws/install/waypoint_logger:/home/rstole01/Documents/CSE-596/humble_ws/install/f1tenth_gym_ros:/opt/ros/humble /usr/bin/cmake --install /home/rstole01/Documents/CSE-596/humble_ws/build/pure-pursuit_lab
