[3.319s] Invoking command in '/home/rstole01/Documents/CSE-596/msu_ws/build/waypoint_publisher': CMAKE_PREFIX_PATH=/opt/ros/humble /usr/bin/cmake --build /home/rstole01/Documents/CSE-596/msu_ws/build/waypoint_publisher -- -j8 -l8
[3.798s] [100%] Built target waypoint_publisher
[3.868s] Invoked command in '/home/rstole01/Documents/CSE-596/msu_ws/build/waypoint_publisher' returned '0': CMAKE_PREFIX_PATH=/opt/ros/humble /usr/bin/cmake --build /home/rstole01/Documents/CSE-596/msu_ws/build/waypoint_publisher -- -j8 -l8
[4.296s] Invoking command in '/home/rstole01/Documents/CSE-596/msu_ws/build/waypoint_publisher': CMAKE_PREFIX_PATH=/opt/ros/humble /usr/bin/cmake --install /home/rstole01/Documents/CSE-596/msu_ws/build/waypoint_publisher
[4.348s] -- Install configuration: ""
[4.349s] -- Up-to-date: /home/rstole01/Documents/CSE-596/msu_ws/install/waypoint_publisher/share/waypoint_publisher/data
[4.349s] -- Up-to-date: /home/rstole01/Documents/CSE-596/msu_ws/install/waypoint_publisher/share/waypoint_publisher/data/IMS_raceline.csv
[4.350s] -- Up-to-date: /home/rstole01/Documents/CSE-596/msu_ws/install/waypoint_publisher/share/waypoint_publisher/data/Spa_centerline.csv
[4.350s] -- Up-to-date: /home/rstole01/Documents/CSE-596/msu_ws/install/waypoint_publisher/share/waypoint_publisher/data/Spa_raceline.csv
[4.351s] -- Up-to-date: /home/rstole01/Documents/CSE-596/msu_ws/install/waypoint_publisher/share/waypoint_publisher/data/Oschersleben_raceline.csv
[4.352s] -- Up-to-date: /home/rstole01/Documents/CSE-596/msu_ws/install/waypoint_publisher/share/waypoint_publisher/data/Spa_slammed_mincurv-0.15.csv
[4.352s] -- Up-to-date: /home/rstole01/Documents/CSE-596/msu_ws/install/waypoint_publisher/share/waypoint_publisher/data/IMS_centerline.csv
[4.353s] -- Up-to-date: /home/rstole01/Documents/CSE-596/msu_ws/install/waypoint_publisher/share/waypoint_publisher/data/campusmap_path.csv
[4.353s] -- Up-to-date: /home/rstole01/Documents/CSE-596/msu_ws/install/waypoint_publisher/share/waypoint_publisher/data/Spa_slammed_mincurv-0.3.csv
[4.353s] -- Up-to-date: /home/rstole01/Documents/CSE-596/msu_ws/install/waypoint_publisher/share/waypoint_publisher/data/Oschersleben_centerline.csv
[4.355s] -- Up-to-date: /home/rstole01/Documents/CSE-596/msu_ws/install/waypoint_publisher/lib/waypoint_publisher/waypoint_publisher
[4.356s] -- Up-to-date: /home/rstole01/Documents/CSE-596/msu_ws/install/waypoint_publisher/share/ament_index/resource_index/package_run_dependencies/waypoint_publisher
[4.357s] -- Up-to-date: /home/rstole01/Documents/CSE-596/msu_ws/install/waypoint_publisher/share/ament_index/resource_index/parent_prefix_path/waypoint_publisher
[4.357s] -- Up-to-date: /home/rstole01/Documents/CSE-596/msu_ws/install/waypoint_publisher/share/waypoint_publisher/environment/ament_prefix_path.sh
[4.358s] -- Up-to-date: /home/rstole01/Documents/CSE-596/msu_ws/install/waypoint_publisher/share/waypoint_publisher/environment/ament_prefix_path.dsv
[4.361s] -- Up-to-date: /home/rstole01/Documents/CSE-596/msu_ws/install/waypoint_publisher/share/waypoint_publisher/environment/path.sh
[4.361s] -- Up-to-date: /home/rstole01/Documents/CSE-596/msu_ws/install/waypoint_publisher/share/waypoint_publisher/environment/path.dsv
[4.362s] -- Up-to-date: /home/rstole01/Documents/CSE-596/msu_ws/install/waypoint_publisher/share/waypoint_publisher/local_setup.bash
[4.381s] -- Up-to-date: /home/rstole01/Documents/CSE-596/msu_ws/install/waypoint_publisher/share/waypoint_publisher/local_setup.sh
[4.385s] -- Up-to-date: /home/rstole01/Documents/CSE-596/msu_ws/install/waypoint_publisher/share/waypoint_publisher/local_setup.zsh
[4.385s] -- Up-to-date: /home/rstole01/Documents/CSE-596/msu_ws/install/waypoint_publisher/share/waypoint_publisher/local_setup.dsv
[4.386s] -- Installing: /home/rstole01/Documents/CSE-596/msu_ws/install/waypoint_publisher/share/waypoint_publisher/package.dsv
[4.386s] -- Up-to-date: /home/rstole01/Documents/CSE-596/msu_ws/install/waypoint_publisher/share/ament_index/resource_index/packages/waypoint_publisher
[4.386s] -- Up-to-date: /home/rstole01/Documents/CSE-596/msu_ws/install/waypoint_publisher/share/waypoint_publisher/cmake/waypoint_publisherConfig.cmake
[4.387s] -- Up-to-date: /home/rstole01/Documents/CSE-596/msu_ws/install/waypoint_publisher/share/waypoint_publisher/cmake/waypoint_publisherConfig-version.cmake
[4.387s] -- Up-to-date: /home/rstole01/Documents/CSE-596/msu_ws/install/waypoint_publisher/share/waypoint_publisher/package.xml
[4.400s] Invoked command in '/home/rstole01/Documents/CSE-596/msu_ws/build/waypoint_publisher' returned '0': CMAKE_PREFIX_PATH=/opt/ros/humble /usr/bin/cmake --install /home/rstole01/Documents/CSE-596/msu_ws/build/waypoint_publisher
