running egg_info
creating ../../build/plexer360/plexer360.egg-info
writing ../../build/plexer360/plexer360.egg-info/PKG-INFO
writing dependency_links to ../../build/plexer360/plexer360.egg-info/dependency_links.txt
writing entry points to ../../build/plexer360/plexer360.egg-info/entry_points.txt
writing requirements to ../../build/plexer360/plexer360.egg-info/requires.txt
writing top-level names to ../../build/plexer360/plexer360.egg-info/top_level.txt
writing manifest file '../../build/plexer360/plexer360.egg-info/SOURCES.txt'
reading manifest file '../../build/plexer360/plexer360.egg-info/SOURCES.txt'
writing manifest file '../../build/plexer360/plexer360.egg-info/SOURCES.txt'
running build
running build_py
creating /home/rstole01/Documents/CSE-596/msu_ws/build/plexer360/build
creating /home/rstole01/Documents/CSE-596/msu_ws/build/plexer360/build/lib
creating /home/rstole01/Documents/CSE-596/msu_ws/build/plexer360/build/lib/src
copying src/control.py -> /home/rstole01/Documents/CSE-596/msu_ws/build/plexer360/build/lib/src
copying src/field_view.py -> /home/rstole01/Documents/CSE-596/msu_ws/build/plexer360/build/lib/src
copying src/multiplexer.py -> /home/rstole01/Documents/CSE-596/msu_ws/build/plexer360/build/lib/src
copying src/__init__.py -> /home/rstole01/Documents/CSE-596/msu_ws/build/plexer360/build/lib/src
copying src/dqn_bridge.py -> /home/rstole01/Documents/CSE-596/msu_ws/build/plexer360/build/lib/src
copying src/dqn.py -> /home/rstole01/Documents/CSE-596/msu_ws/build/plexer360/build/lib/src
running install
running install_lib
creating /home/rstole01/Documents/CSE-596/msu_ws/install/plexer360/lib/python3.10/site-packages/src
copying /home/rstole01/Documents/CSE-596/msu_ws/build/plexer360/build/lib/src/control.py -> /home/rstole01/Documents/CSE-596/msu_ws/install/plexer360/lib/python3.10/site-packages/src
copying /home/rstole01/Documents/CSE-596/msu_ws/build/plexer360/build/lib/src/field_view.py -> /home/rstole01/Documents/CSE-596/msu_ws/install/plexer360/lib/python3.10/site-packages/src
copying /home/rstole01/Documents/CSE-596/msu_ws/build/plexer360/build/lib/src/multiplexer.py -> /home/rstole01/Documents/CSE-596/msu_ws/install/plexer360/lib/python3.10/site-packages/src
copying /home/rstole01/Documents/CSE-596/msu_ws/build/plexer360/build/lib/src/__init__.py -> /home/rstole01/Documents/CSE-596/msu_ws/install/plexer360/lib/python3.10/site-packages/src
copying /home/rstole01/Documents/CSE-596/msu_ws/build/plexer360/build/lib/src/dqn_bridge.py -> /home/rstole01/Documents/CSE-596/msu_ws/install/plexer360/lib/python3.10/site-packages/src
copying /home/rstole01/Documents/CSE-596/msu_ws/build/plexer360/build/lib/src/dqn.py -> /home/rstole01/Documents/CSE-596/msu_ws/install/plexer360/lib/python3.10/site-packages/src
byte-compiling /home/rstole01/Documents/CSE-596/msu_ws/install/plexer360/lib/python3.10/site-packages/src/control.py to control.cpython-310.pyc
byte-compiling /home/rstole01/Documents/CSE-596/msu_ws/install/plexer360/lib/python3.10/site-packages/src/field_view.py to field_view.cpython-310.pyc
byte-compiling /home/rstole01/Documents/CSE-596/msu_ws/install/plexer360/lib/python3.10/site-packages/src/multiplexer.py to multiplexer.cpython-310.pyc
/usr/lib/python3/dist-packages/setuptools/command/install.py:34: SetuptoolsDeprecationWarning: setup.py install is deprecated. Use build and pip and other standards-based tools.
  warnings.warn(
byte-compiling /home/rstole01/Documents/CSE-596/msu_ws/install/plexer360/lib/python3.10/site-packages/src/__init__.py to __init__.cpython-310.pyc
byte-compiling /home/rstole01/Documents/CSE-596/msu_ws/install/plexer360/lib/python3.10/site-packages/src/dqn_bridge.py to dqn_bridge.cpython-310.pyc
byte-compiling /home/rstole01/Documents/CSE-596/msu_ws/install/plexer360/lib/python3.10/site-packages/src/dqn.py to dqn.cpython-310.pyc
running install_data
creating /home/rstole01/Documents/CSE-596/msu_ws/install/plexer360/share/ament_index
creating /home/rstole01/Documents/CSE-596/msu_ws/install/plexer360/share/ament_index/resource_index
creating /home/rstole01/Documents/CSE-596/msu_ws/install/plexer360/share/ament_index/resource_index/packages
copying resource/plexer360 -> /home/rstole01/Documents/CSE-596/msu_ws/install/plexer360/share/ament_index/resource_index/packages
copying package.xml -> /home/rstole01/Documents/CSE-596/msu_ws/install/plexer360/share/plexer360
running install_egg_info
Copying ../../build/plexer360/plexer360.egg-info to /home/rstole01/Documents/CSE-596/msu_ws/install/plexer360/lib/python3.10/site-packages/plexer360-0.0.0-py3.10.egg-info
running install_scripts
Installing dec script to /home/rstole01/Documents/CSE-596/msu_ws/install/plexer360/lib/plexer360
Installing learn script to /home/rstole01/Documents/CSE-596/msu_ws/install/plexer360/lib/plexer360
Installing pub script to /home/rstole01/Documents/CSE-596/msu_ws/install/plexer360/lib/plexer360
Installing sub script to /home/rstole01/Documents/CSE-596/msu_ws/install/plexer360/lib/plexer360
writing list of installed files to '/home/rstole01/Documents/CSE-596/msu_ws/build/plexer360/install.log'
