[0.024s] Invoking command in '/home/rstole01/Documents/CapstoneGit/humble_ws/build/scan_pubsub': CMAKE_PREFIX_PATH=/home/rstole01/Documents/CapstoneGit/humble_ws/install/tutorial_interfaces:/home/rstole01/Documents/CapstoneGit/humble_ws/install/pursuit_lab:/home/rstole01/Documents/CapstoneGit/humble_ws/install/pure-pursuit_lab:/home/rstole01/Documents/CapstoneGit/humble_ws/install/waypoint_logger:/home/rstole01/Documents/CapstoneGit/humble_ws/install/scan_pubsub:/home/rstole01/Documents/CapstoneGit/humble_ws/install/cpp_pubsub:/home/rstole01/Documents/CapstoneGit/humble_ws/install/pid_lab:/home/rstole01/Documents/CapstoneGit/humble_ws/install/lab1_package:/home/rstole01/Documents/CapstoneGit/humble_ws/install/f1tenth_gym_ros:/home/rstole01/Documents/CapstoneGit/humble_ws/install/aeb_lab:/opt/ros/humble /usr/bin/cmake /home/rstole01/Documents/CapstoneGit/humble_ws/src/scan_pubsub -DCMAKE_INSTALL_PREFIX=/home/rstole01/Documents/CapstoneGit/humble_ws/install/scan_pubsub
[0.145s] -- The C compiler identification is GNU 11.4.0
[0.257s] -- The CXX compiler identification is GNU 11.4.0
[0.272s] -- Detecting C compiler ABI info
[0.406s] -- Detecting C compiler ABI info - done
[0.422s] -- Check for working C compiler: /usr/bin/cc - skipped
[0.422s] -- Detecting C compile features
[0.423s] -- Detecting C compile features - done
[0.429s] -- Detecting CXX compiler ABI info
[0.584s] -- Detecting CXX compiler ABI info - done
[0.600s] -- Check for working CXX compiler: /usr/bin/c++ - skipped
[0.601s] -- Detecting CXX compile features
[0.601s] -- Detecting CXX compile features - done
[0.609s] -- Found ament_cmake: 1.3.8 (/opt/ros/humble/share/ament_cmake/cmake)
[0.888s] -- Found Python3: /usr/bin/python3 (found version "3.10.12") found components: Interpreter 
[1.104s] -- Found rclcpp: 16.0.8 (/opt/ros/humble/share/rclcpp/cmake)
[1.224s] -- Found rosidl_generator_c: 3.1.5 (/opt/ros/humble/share/rosidl_generator_c/cmake)
[1.240s] -- Found rosidl_adapter: 3.1.5 (/opt/ros/humble/share/rosidl_adapter/cmake)
[1.262s] -- Found rosidl_generator_cpp: 3.1.5 (/opt/ros/humble/share/rosidl_generator_cpp/cmake)
[1.297s] -- Using all available rosidl_typesupport_c: rosidl_typesupport_fastrtps_c;rosidl_typesupport_introspection_c
[1.346s] -- Using all available rosidl_typesupport_cpp: rosidl_typesupport_fastrtps_cpp;rosidl_typesupport_introspection_cpp
[1.519s] -- Found rmw_implementation_cmake: 6.1.1 (/opt/ros/humble/share/rmw_implementation_cmake/cmake)
[1.528s] -- Found rmw_cyclonedds_cpp: 1.3.4 (/opt/ros/humble/share/rmw_cyclonedds_cpp/cmake)
[1.612s] -- Using RMW implementation 'rmw_cyclonedds_cpp' as default
[1.640s] -- Looking for pthread.h
[1.780s] -- Looking for pthread.h - found
[1.780s] -- Performing Test CMAKE_HAVE_LIBC_PTHREAD
[1.922s] -- Performing Test CMAKE_HAVE_LIBC_PTHREAD - Success
[1.924s] -- Found Threads: TRUE  
[2.284s] -- Found sensor_msgs: 4.2.3 (/opt/ros/humble/share/sensor_msgs/cmake)
[2.569s] -- Found tutorial_interfaces: 0.0.0 (/home/rstole01/Documents/CapstoneGit/humble_ws/install/tutorial_interfaces/share/tutorial_interfaces/cmake)
[2.846s] -- Configuring done
[2.867s] -- Generating done
[2.870s] -- Build files have been written to: /home/rstole01/Documents/CapstoneGit/humble_ws/build/scan_pubsub
[2.887s] Invoked command in '/home/rstole01/Documents/CapstoneGit/humble_ws/build/scan_pubsub' returned '0': CMAKE_PREFIX_PATH=/home/rstole01/Documents/CapstoneGit/humble_ws/install/tutorial_interfaces:/home/rstole01/Documents/CapstoneGit/humble_ws/install/pursuit_lab:/home/rstole01/Documents/CapstoneGit/humble_ws/install/pure-pursuit_lab:/home/rstole01/Documents/CapstoneGit/humble_ws/install/waypoint_logger:/home/rstole01/Documents/CapstoneGit/humble_ws/install/scan_pubsub:/home/rstole01/Documents/CapstoneGit/humble_ws/install/cpp_pubsub:/home/rstole01/Documents/CapstoneGit/humble_ws/install/pid_lab:/home/rstole01/Documents/CapstoneGit/humble_ws/install/lab1_package:/home/rstole01/Documents/CapstoneGit/humble_ws/install/f1tenth_gym_ros:/home/rstole01/Documents/CapstoneGit/humble_ws/install/aeb_lab:/opt/ros/humble /usr/bin/cmake /home/rstole01/Documents/CapstoneGit/humble_ws/src/scan_pubsub -DCMAKE_INSTALL_PREFIX=/home/rstole01/Documents/CapstoneGit/humble_ws/install/scan_pubsub
[2.891s] Invoking command in '/home/rstole01/Documents/CapstoneGit/humble_ws/build/scan_pubsub': CMAKE_PREFIX_PATH=/home/rstole01/Documents/CapstoneGit/humble_ws/install/tutorial_interfaces:/home/rstole01/Documents/CapstoneGit/humble_ws/install/pursuit_lab:/home/rstole01/Documents/CapstoneGit/humble_ws/install/pure-pursuit_lab:/home/rstole01/Documents/CapstoneGit/humble_ws/install/waypoint_logger:/home/rstole01/Documents/CapstoneGit/humble_ws/install/scan_pubsub:/home/rstole01/Documents/CapstoneGit/humble_ws/install/cpp_pubsub:/home/rstole01/Documents/CapstoneGit/humble_ws/install/pid_lab:/home/rstole01/Documents/CapstoneGit/humble_ws/install/lab1_package:/home/rstole01/Documents/CapstoneGit/humble_ws/install/f1tenth_gym_ros:/home/rstole01/Documents/CapstoneGit/humble_ws/install/aeb_lab:/opt/ros/humble /usr/bin/cmake --build /home/rstole01/Documents/CapstoneGit/humble_ws/build/scan_pubsub -- -j8 -l8
[2.997s] [ 50%] [32mBuilding CXX object CMakeFiles/pubsub.dir/src/scan_pubsub.cpp.o[0m
[22.049s] [100%] [32m[1mLinking CXX executable pubsub[0m
[22.866s] [100%] Built target pubsub
[22.897s] Invoked command in '/home/rstole01/Documents/CapstoneGit/humble_ws/build/scan_pubsub' returned '0': CMAKE_PREFIX_PATH=/home/rstole01/Documents/CapstoneGit/humble_ws/install/tutorial_interfaces:/home/rstole01/Documents/CapstoneGit/humble_ws/install/pursuit_lab:/home/rstole01/Documents/CapstoneGit/humble_ws/install/pure-pursuit_lab:/home/rstole01/Documents/CapstoneGit/humble_ws/install/waypoint_logger:/home/rstole01/Documents/CapstoneGit/humble_ws/install/scan_pubsub:/home/rstole01/Documents/CapstoneGit/humble_ws/install/cpp_pubsub:/home/rstole01/Documents/CapstoneGit/humble_ws/install/pid_lab:/home/rstole01/Documents/CapstoneGit/humble_ws/install/lab1_package:/home/rstole01/Documents/CapstoneGit/humble_ws/install/f1tenth_gym_ros:/home/rstole01/Documents/CapstoneGit/humble_ws/install/aeb_lab:/opt/ros/humble /usr/bin/cmake --build /home/rstole01/Documents/CapstoneGit/humble_ws/build/scan_pubsub -- -j8 -l8
[22.958s] Invoking command in '/home/rstole01/Documents/CapstoneGit/humble_ws/build/scan_pubsub': CMAKE_PREFIX_PATH=/home/rstole01/Documents/CapstoneGit/humble_ws/install/tutorial_interfaces:/home/rstole01/Documents/CapstoneGit/humble_ws/install/pursuit_lab:/home/rstole01/Documents/CapstoneGit/humble_ws/install/pure-pursuit_lab:/home/rstole01/Documents/CapstoneGit/humble_ws/install/waypoint_logger:/home/rstole01/Documents/CapstoneGit/humble_ws/install/scan_pubsub:/home/rstole01/Documents/CapstoneGit/humble_ws/install/cpp_pubsub:/home/rstole01/Documents/CapstoneGit/humble_ws/install/pid_lab:/home/rstole01/Documents/CapstoneGit/humble_ws/install/lab1_package:/home/rstole01/Documents/CapstoneGit/humble_ws/install/f1tenth_gym_ros:/home/rstole01/Documents/CapstoneGit/humble_ws/install/aeb_lab:/opt/ros/humble /usr/bin/cmake --install /home/rstole01/Documents/CapstoneGit/humble_ws/build/scan_pubsub
[22.975s] -- Install configuration: ""
[22.975s] -- Installing: /home/rstole01/Documents/CapstoneGit/humble_ws/install/scan_pubsub/lib/scan_pubsub/pubsub
[22.986s] -- Set runtime path of "/home/rstole01/Documents/CapstoneGit/humble_ws/install/scan_pubsub/lib/scan_pubsub/pubsub" to ""
[22.987s] -- Up-to-date: /home/rstole01/Documents/CapstoneGit/humble_ws/install/scan_pubsub/share/scan_pubsub/launch
[22.987s] -- Up-to-date: /home/rstole01/Documents/CapstoneGit/humble_ws/install/scan_pubsub/share/scan_pubsub/launch/opp_racecar.xacro
[22.987s] -- Up-to-date: /home/rstole01/Documents/CapstoneGit/humble_ws/install/scan_pubsub/share/scan_pubsub/launch/__pycache__
[22.987s] -- Up-to-date: /home/rstole01/Documents/CapstoneGit/humble_ws/install/scan_pubsub/share/scan_pubsub/launch/__pycache__/lab1Launch.cpython-310.pyc
[22.988s] -- Up-to-date: /home/rstole01/Documents/CapstoneGit/humble_ws/install/scan_pubsub/share/scan_pubsub/launch/gym_bridge_launch.py
[22.988s] -- Up-to-date: /home/rstole01/Documents/CapstoneGit/humble_ws/install/scan_pubsub/share/scan_pubsub/launch/ego_racecar.xacro
[22.989s] -- Up-to-date: /home/rstole01/Documents/CapstoneGit/humble_ws/install/scan_pubsub/share/scan_pubsub/launch/lab1Launch.py
[22.989s] -- Up-to-date: /home/rstole01/Documents/CapstoneGit/humble_ws/install/scan_pubsub/share/scan_pubsub/launch/gym_bridge.rviz
[22.989s] -- Installing: /home/rstole01/Documents/CapstoneGit/humble_ws/install/scan_pubsub/share/ament_index/resource_index/package_run_dependencies/scan_pubsub
[22.989s] -- Installing: /home/rstole01/Documents/CapstoneGit/humble_ws/install/scan_pubsub/share/ament_index/resource_index/parent_prefix_path/scan_pubsub
[22.989s] -- Up-to-date: /home/rstole01/Documents/CapstoneGit/humble_ws/install/scan_pubsub/share/scan_pubsub/environment/ament_prefix_path.sh
[22.990s] -- Installing: /home/rstole01/Documents/CapstoneGit/humble_ws/install/scan_pubsub/share/scan_pubsub/environment/ament_prefix_path.dsv
[22.990s] -- Up-to-date: /home/rstole01/Documents/CapstoneGit/humble_ws/install/scan_pubsub/share/scan_pubsub/environment/path.sh
[22.991s] -- Installing: /home/rstole01/Documents/CapstoneGit/humble_ws/install/scan_pubsub/share/scan_pubsub/environment/path.dsv
[22.991s] -- Installing: /home/rstole01/Documents/CapstoneGit/humble_ws/install/scan_pubsub/share/scan_pubsub/local_setup.bash
[22.991s] -- Installing: /home/rstole01/Documents/CapstoneGit/humble_ws/install/scan_pubsub/share/scan_pubsub/local_setup.sh
[22.992s] -- Installing: /home/rstole01/Documents/CapstoneGit/humble_ws/install/scan_pubsub/share/scan_pubsub/local_setup.zsh
[22.992s] -- Installing: /home/rstole01/Documents/CapstoneGit/humble_ws/install/scan_pubsub/share/scan_pubsub/local_setup.dsv
[22.993s] -- Installing: /home/rstole01/Documents/CapstoneGit/humble_ws/install/scan_pubsub/share/scan_pubsub/package.dsv
[22.993s] -- Installing: /home/rstole01/Documents/CapstoneGit/humble_ws/install/scan_pubsub/share/ament_index/resource_index/packages/scan_pubsub
[22.993s] -- Installing: /home/rstole01/Documents/CapstoneGit/humble_ws/install/scan_pubsub/share/scan_pubsub/cmake/scan_pubsubConfig.cmake
[22.993s] -- Installing: /home/rstole01/Documents/CapstoneGit/humble_ws/install/scan_pubsub/share/scan_pubsub/cmake/scan_pubsubConfig-version.cmake
[22.994s] -- Up-to-date: /home/rstole01/Documents/CapstoneGit/humble_ws/install/scan_pubsub/share/scan_pubsub/package.xml
[22.998s] Invoked command in '/home/rstole01/Documents/CapstoneGit/humble_ws/build/scan_pubsub' returned '0': CMAKE_PREFIX_PATH=/home/rstole01/Documents/CapstoneGit/humble_ws/install/tutorial_interfaces:/home/rstole01/Documents/CapstoneGit/humble_ws/install/pursuit_lab:/home/rstole01/Documents/CapstoneGit/humble_ws/install/pure-pursuit_lab:/home/rstole01/Documents/CapstoneGit/humble_ws/install/waypoint_logger:/home/rstole01/Documents/CapstoneGit/humble_ws/install/scan_pubsub:/home/rstole01/Documents/CapstoneGit/humble_ws/install/cpp_pubsub:/home/rstole01/Documents/CapstoneGit/humble_ws/install/pid_lab:/home/rstole01/Documents/CapstoneGit/humble_ws/install/lab1_package:/home/rstole01/Documents/CapstoneGit/humble_ws/install/f1tenth_gym_ros:/home/rstole01/Documents/CapstoneGit/humble_ws/install/aeb_lab:/opt/ros/humble /usr/bin/cmake --install /home/rstole01/Documents/CapstoneGit/humble_ws/build/scan_pubsub
