-- Found ament_cmake: 1.3.6 (/opt/ros/humble/share/ament_cmake/cmake)
-- Found Python3: /usr/bin/python3.10 (found version "3.10.12") found components: Interpreter 
-- Found ackermann_msgs: 2.0.2 (/opt/ros/humble/share/ackermann_msgs/cmake)
-- Found rosidl_generator_c: 3.1.5 (/opt/ros/humble/share/rosidl_generator_c/cmake)
-- Found rosidl_adapter: 3.1.5 (/opt/ros/humble/share/rosidl_adapter/cmake)
-- Found rosidl_generator_cpp: 3.1.5 (/opt/ros/humble/share/rosidl_generator_cpp/cmake)
-- Using all available rosidl_typesupport_c: rosidl_typesupport_fastrtps_c;rosidl_typesupport_introspection_c
-- Using all available rosidl_typesupport_cpp: rosidl_typesupport_fastrtps_cpp;rosidl_typesupport_introspection_cpp
-- Found geometry_msgs: 4.2.3 (/opt/ros/humble/share/geometry_msgs/cmake)
-- Found nav_msgs: 4.2.3 (/opt/ros/humble/share/nav_msgs/cmake)
-- Found rclcpp: 16.0.7 (/opt/ros/humble/share/rclcpp/cmake)
-- Found rmw_implementation_cmake: 6.1.1 (/opt/ros/humble/share/rmw_implementation_cmake/cmake)
-- Found rmw_fastrtps_cpp: 6.2.5 (/opt/ros/humble/share/rmw_fastrtps_cpp/cmake)
-- Found OpenSSL: /usr/lib/x86_64-linux-gnu/libcrypto.so (found version "3.0.2")  
-- Found FastRTPS: /opt/ros/humble/include  
-- Using RMW implementation 'rmw_fastrtps_cpp' as default
-- Looking for pthread.h
-- Looking for pthread.h - found
-- Performing Test CMAKE_HAVE_LIBC_PTHREAD
-- Performing Test CMAKE_HAVE_LIBC_PTHREAD - Success
-- Found Threads: TRUE  
-- Found rclpy: 3.3.11 (/opt/ros/humble/share/rclpy/cmake)
-- Found sensor_msgs: 4.2.3 (/opt/ros/humble/share/sensor_msgs/cmake)
-- Configuring done
-- Generating done
-- Build files have been written to: /home/rstole01/Documents/CSE-596/humble_ws/build/aeb_lab
[ 50%] [32mBuilding CXX object CMakeFiles/aeb.dir/src/aeb.cpp.o[0m
[100%] [32m[1mLinking CXX executable aeb[0m
[100%] Built target aeb
-- Install configuration: "Release"
-- Installing: /home/rstole01/Documents/CSE-596/humble_ws/install/aeb_lab/lib/aeb_lab/aeb
-- Set runtime path of "/home/rstole01/Documents/CSE-596/humble_ws/install/aeb_lab/lib/aeb_lab/aeb" to ""
-- Installing: /home/rstole01/Documents/CSE-596/humble_ws/install/aeb_lab/share/ament_index/resource_index/package_run_dependencies/aeb_lab
-- Installing: /home/rstole01/Documents/CSE-596/humble_ws/install/aeb_lab/share/ament_index/resource_index/parent_prefix_path/aeb_lab
-- Installing: /home/rstole01/Documents/CSE-596/humble_ws/install/aeb_lab/share/aeb_lab/environment/ament_prefix_path.sh
-- Installing: /home/rstole01/Documents/CSE-596/humble_ws/install/aeb_lab/share/aeb_lab/environment/ament_prefix_path.dsv
-- Installing: /home/rstole01/Documents/CSE-596/humble_ws/install/aeb_lab/share/aeb_lab/environment/path.sh
-- Installing: /home/rstole01/Documents/CSE-596/humble_ws/install/aeb_lab/share/aeb_lab/environment/path.dsv
-- Installing: /home/rstole01/Documents/CSE-596/humble_ws/install/aeb_lab/share/aeb_lab/local_setup.bash
-- Installing: /home/rstole01/Documents/CSE-596/humble_ws/install/aeb_lab/share/aeb_lab/local_setup.sh
-- Installing: /home/rstole01/Documents/CSE-596/humble_ws/install/aeb_lab/share/aeb_lab/local_setup.zsh
-- Installing: /home/rstole01/Documents/CSE-596/humble_ws/install/aeb_lab/share/aeb_lab/local_setup.dsv
-- Installing: /home/rstole01/Documents/CSE-596/humble_ws/install/aeb_lab/share/aeb_lab/package.dsv
-- Installing: /home/rstole01/Documents/CSE-596/humble_ws/install/aeb_lab/share/ament_index/resource_index/packages/aeb_lab
-- Installing: /home/rstole01/Documents/CSE-596/humble_ws/install/aeb_lab/share/aeb_lab/cmake/aeb_labConfig.cmake
-- Installing: /home/rstole01/Documents/CSE-596/humble_ws/install/aeb_lab/share/aeb_lab/cmake/aeb_labConfig-version.cmake
-- Installing: /home/rstole01/Documents/CSE-596/humble_ws/install/aeb_lab/share/aeb_lab/package.xml
