[0.099s] Invoking command in '/home/rstole01/Documents/CapstoneGit/humble_ws/build/tutorial_interfaces': CMAKE_PREFIX_PATH=${CMAKE_PREFIX_PATH}:/home/rstole01/Documents/CapstoneGit/humble_ws/install/waypoint_logger:/home/rstole01/Documents/CapstoneGit/humble_ws/install/f1tenth_gym_ros:/opt/ros/humble /usr/bin/cmake --build /home/rstole01/Documents/CapstoneGit/humble_ws/build/tutorial_interfaces -- -j8 -l8
[0.895s] [  1%] Built target tutorial_interfaces__cpp
[0.895s] [ 12%] Built target tutorial_interfaces__rosidl_generator_c
[0.895s] [ 12%] Built target ament_cmake_python_copy_tutorial_interfaces
[0.895s] [ 32%] Built target tutorial_interfaces__rosidl_typesupport_fastrtps_cpp
[0.896s] [ 34%] Built target tutorial_interfaces__rosidl_typesupport_cpp
[0.896s] [ 45%] Built target tutorial_interfaces__rosidl_typesupport_introspection_cpp
[0.896s] [ 56%] Built target tutorial_interfaces__rosidl_typesupport_fastrtps_c
[0.896s] [ 78%] Built target tutorial_interfaces__rosidl_typesupport_introspection_c
[0.897s] [ 78%] Built target tutorial_interfaces__rosidl_typesupport_c
[0.897s] [ 78%] Built target tutorial_interfaces
[0.897s] [ 80%] Built target tutorial_interfaces__py
[0.898s] [ 89%] Built target tutorial_interfaces__rosidl_generator_py
[0.898s] [ 92%] Built target tutorial_interfaces__rosidl_typesupport_fastrtps_c__pyext
[0.898s] [ 96%] Built target tutorial_interfaces__rosidl_typesupport_introspection_c__pyext
[0.898s] [100%] Built target tutorial_interfaces__rosidl_typesupport_c__pyext
[0.899s] [0mCMake Error: The current CMakeCache.txt directory /home/rstole01/Documents/CapstoneGit/humble_ws/build/tutorial_interfaces/CMakeCache.txt is different than the directory /home/rstole01/Documents/CSE-596/humble_ws/build/tutorial_interfaces where CMakeCache.txt was created. This may result in binaries being created in the wrong place. If you are not sure, reedit the CMakeCache.txt[0m
[1.070s] running egg_info
[1.071s] writing tutorial_interfaces.egg-info/PKG-INFO
[1.072s] writing dependency_links to tutorial_interfaces.egg-info/dependency_links.txt
[1.072s] writing top-level names to tutorial_interfaces.egg-info/top_level.txt
[1.078s] reading manifest file 'tutorial_interfaces.egg-info/SOURCES.txt'
[1.080s] writing manifest file 'tutorial_interfaces.egg-info/SOURCES.txt'
[1.139s] [100%] Built target ament_cmake_python_build_tutorial_interfaces_egg
[1.728s] Invoked command in '/home/rstole01/Documents/CapstoneGit/humble_ws/build/tutorial_interfaces' returned '0': CMAKE_PREFIX_PATH=${CMAKE_PREFIX_PATH}:/home/rstole01/Documents/CapstoneGit/humble_ws/install/waypoint_logger:/home/rstole01/Documents/CapstoneGit/humble_ws/install/f1tenth_gym_ros:/opt/ros/humble /usr/bin/cmake --build /home/rstole01/Documents/CapstoneGit/humble_ws/build/tutorial_interfaces -- -j8 -l8
[2.374s] Invoking command in '/home/rstole01/Documents/CapstoneGit/humble_ws/build/tutorial_interfaces': CMAKE_PREFIX_PATH=${CMAKE_PREFIX_PATH}:/home/rstole01/Documents/CapstoneGit/humble_ws/install/waypoint_logger:/home/rstole01/Documents/CapstoneGit/humble_ws/install/f1tenth_gym_ros:/opt/ros/humble /usr/bin/cmake --install /home/rstole01/Documents/CapstoneGit/humble_ws/build/tutorial_interfaces
[2.396s] -- Install configuration: ""
[2.396s] -- Up-to-date: /home/rstole01/Documents/CSE-596/humble_ws/install/tutorial_interfaces/share/ament_index/resource_index/rosidl_interfaces/tutorial_interfaces
[2.397s] -- Up-to-date: /home/rstole01/Documents/CSE-596/humble_ws/install/tutorial_interfaces/include/tutorial_interfaces/tutorial_interfaces
[2.397s] -- Up-to-date: /home/rstole01/Documents/CSE-596/humble_ws/install/tutorial_interfaces/include/tutorial_interfaces/tutorial_interfaces/srv
[2.398s] -- Up-to-date: /home/rstole01/Documents/CSE-596/humble_ws/install/tutorial_interfaces/include/tutorial_interfaces/tutorial_interfaces/srv/add_three_ints.h
[2.398s] -- Up-to-date: /home/rstole01/Documents/CSE-596/humble_ws/install/tutorial_interfaces/include/tutorial_interfaces/tutorial_interfaces/srv/detail
[2.399s] -- Up-to-date: /home/rstole01/Documents/CSE-596/humble_ws/install/tutorial_interfaces/include/tutorial_interfaces/tutorial_interfaces/srv/detail/add_three_ints__struct.h
[2.399s] -- Up-to-date: /home/rstole01/Documents/CSE-596/humble_ws/install/tutorial_interfaces/include/tutorial_interfaces/tutorial_interfaces/srv/detail/add_three_ints__type_support.h
[2.399s] -- Up-to-date: /home/rstole01/Documents/CSE-596/humble_ws/install/tutorial_interfaces/include/tutorial_interfaces/tutorial_interfaces/srv/detail/add_three_ints__functions.h
[2.399s] -- Up-to-date: /home/rstole01/Documents/CSE-596/humble_ws/install/tutorial_interfaces/include/tutorial_interfaces/tutorial_interfaces/srv/detail/add_three_ints__functions.c
[2.400s] -- Up-to-date: /home/rstole01/Documents/CSE-596/humble_ws/install/tutorial_interfaces/include/tutorial_interfaces/tutorial_interfaces/msg
[2.400s] -- Up-to-date: /home/rstole01/Documents/CSE-596/humble_ws/install/tutorial_interfaces/include/tutorial_interfaces/tutorial_interfaces/msg/scan_range.h
[2.400s] -- Up-to-date: /home/rstole01/Documents/CSE-596/humble_ws/install/tutorial_interfaces/include/tutorial_interfaces/tutorial_interfaces/msg/rosidl_generator_c__visibility_control.h
[2.401s] -- Up-to-date: /home/rstole01/Documents/CSE-596/humble_ws/install/tutorial_interfaces/include/tutorial_interfaces/tutorial_interfaces/msg/sphere.h
[2.401s] -- Up-to-date: /home/rstole01/Documents/CSE-596/humble_ws/install/tutorial_interfaces/include/tutorial_interfaces/tutorial_interfaces/msg/detail
[2.401s] -- Up-to-date: /home/rstole01/Documents/CSE-596/humble_ws/install/tutorial_interfaces/include/tutorial_interfaces/tutorial_interfaces/msg/detail/scan_range__functions.c
[2.402s] -- Up-to-date: /home/rstole01/Documents/CSE-596/humble_ws/install/tutorial_interfaces/include/tutorial_interfaces/tutorial_interfaces/msg/detail/num__type_support.h
[2.402s] -- Up-to-date: /home/rstole01/Documents/CSE-596/humble_ws/install/tutorial_interfaces/include/tutorial_interfaces/tutorial_interfaces/msg/detail/scan_range__type_support.h
[2.402s] -- Up-to-date: /home/rstole01/Documents/CSE-596/humble_ws/install/tutorial_interfaces/include/tutorial_interfaces/tutorial_interfaces/msg/detail/sphere__functions.c
[2.403s] -- Up-to-date: /home/rstole01/Documents/CSE-596/humble_ws/install/tutorial_interfaces/include/tutorial_interfaces/tutorial_interfaces/msg/detail/num__functions.c
[2.404s] -- Up-to-date: /home/rstole01/Documents/CSE-596/humble_ws/install/tutorial_interfaces/include/tutorial_interfaces/tutorial_interfaces/msg/detail/scan_range__struct.h
[2.404s] -- Up-to-date: /home/rstole01/Documents/CSE-596/humble_ws/install/tutorial_interfaces/include/tutorial_interfaces/tutorial_interfaces/msg/detail/num__functions.h
[2.405s] -- Up-to-date: /home/rstole01/Documents/CSE-596/humble_ws/install/tutorial_interfaces/include/tutorial_interfaces/tutorial_interfaces/msg/detail/scan_range__functions.h
[2.405s] -- Up-to-date: /home/rstole01/Documents/CSE-596/humble_ws/install/tutorial_interfaces/include/tutorial_interfaces/tutorial_interfaces/msg/detail/sphere__functions.h
[2.405s] -- Up-to-date: /home/rstole01/Documents/CSE-596/humble_ws/install/tutorial_interfaces/include/tutorial_interfaces/tutorial_interfaces/msg/detail/sphere__struct.h
[2.406s] -- Up-to-date: /home/rstole01/Documents/CSE-596/humble_ws/install/tutorial_interfaces/include/tutorial_interfaces/tutorial_interfaces/msg/detail/num__struct.h
[2.406s] -- Up-to-date: /home/rstole01/Documents/CSE-596/humble_ws/install/tutorial_interfaces/include/tutorial_interfaces/tutorial_interfaces/msg/detail/sphere__type_support.h
[2.406s] -- Up-to-date: /home/rstole01/Documents/CSE-596/humble_ws/install/tutorial_interfaces/include/tutorial_interfaces/tutorial_interfaces/msg/num.h
[2.406s] -- Up-to-date: /home/rstole01/Documents/CSE-596/humble_ws/install/tutorial_interfaces/share/tutorial_interfaces/environment/library_path.sh
[2.407s] -- Up-to-date: /home/rstole01/Documents/CSE-596/humble_ws/install/tutorial_interfaces/share/tutorial_interfaces/environment/library_path.dsv
[2.407s] -- Up-to-date: /home/rstole01/Documents/CSE-596/humble_ws/install/tutorial_interfaces/lib/libtutorial_interfaces__rosidl_generator_c.so
[2.407s] -- Up-to-date: /home/rstole01/Documents/CSE-596/humble_ws/install/tutorial_interfaces/include/tutorial_interfaces/tutorial_interfaces
[2.408s] -- Up-to-date: /home/rstole01/Documents/CSE-596/humble_ws/install/tutorial_interfaces/include/tutorial_interfaces/tutorial_interfaces/srv
[2.408s] -- Up-to-date: /home/rstole01/Documents/CSE-596/humble_ws/install/tutorial_interfaces/include/tutorial_interfaces/tutorial_interfaces/srv/detail
[2.408s] -- Up-to-date: /home/rstole01/Documents/CSE-596/humble_ws/install/tutorial_interfaces/include/tutorial_interfaces/tutorial_interfaces/srv/detail/add_three_ints__rosidl_typesupport_fastrtps_c.h
[2.409s] -- Up-to-date: /home/rstole01/Documents/CSE-596/humble_ws/install/tutorial_interfaces/include/tutorial_interfaces/tutorial_interfaces/msg
[2.409s] -- Up-to-date: /home/rstole01/Documents/CSE-596/humble_ws/install/tutorial_interfaces/include/tutorial_interfaces/tutorial_interfaces/msg/rosidl_typesupport_fastrtps_c__visibility_control.h
[2.409s] -- Up-to-date: /home/rstole01/Documents/CSE-596/humble_ws/install/tutorial_interfaces/include/tutorial_interfaces/tutorial_interfaces/msg/detail
[2.410s] -- Up-to-date: /home/rstole01/Documents/CSE-596/humble_ws/install/tutorial_interfaces/include/tutorial_interfaces/tutorial_interfaces/msg/detail/sphere__rosidl_typesupport_fastrtps_c.h
[2.410s] -- Up-to-date: /home/rstole01/Documents/CSE-596/humble_ws/install/tutorial_interfaces/include/tutorial_interfaces/tutorial_interfaces/msg/detail/num__rosidl_typesupport_fastrtps_c.h
[2.410s] -- Up-to-date: /home/rstole01/Documents/CSE-596/humble_ws/install/tutorial_interfaces/include/tutorial_interfaces/tutorial_interfaces/msg/detail/scan_range__rosidl_typesupport_fastrtps_c.h
[2.411s] -- Up-to-date: /home/rstole01/Documents/CSE-596/humble_ws/install/tutorial_interfaces/lib/libtutorial_interfaces__rosidl_typesupport_fastrtps_c.so
[2.411s] -- Up-to-date: /home/rstole01/Documents/CSE-596/humble_ws/install/tutorial_interfaces/include/tutorial_interfaces/tutorial_interfaces
[2.412s] -- Up-to-date: /home/rstole01/Documents/CSE-596/humble_ws/install/tutorial_interfaces/include/tutorial_interfaces/tutorial_interfaces/srv
[2.412s] -- Up-to-date: /home/rstole01/Documents/CSE-596/humble_ws/install/tutorial_interfaces/include/tutorial_interfaces/tutorial_interfaces/srv/detail
[2.412s] -- Up-to-date: /home/rstole01/Documents/CSE-596/humble_ws/install/tutorial_interfaces/include/tutorial_interfaces/tutorial_interfaces/srv/detail/add_three_ints__struct.hpp
[2.412s] -- Up-to-date: /home/rstole01/Documents/CSE-596/humble_ws/install/tutorial_interfaces/include/tutorial_interfaces/tutorial_interfaces/srv/detail/add_three_ints__builder.hpp
[2.413s] -- Up-to-date: /home/rstole01/Documents/CSE-596/humble_ws/install/tutorial_interfaces/include/tutorial_interfaces/tutorial_interfaces/srv/detail/add_three_ints__traits.hpp
[2.413s] -- Up-to-date: /home/rstole01/Documents/CSE-596/humble_ws/install/tutorial_interfaces/include/tutorial_interfaces/tutorial_interfaces/srv/add_three_ints.hpp
[2.413s] -- Up-to-date: /home/rstole01/Documents/CSE-596/humble_ws/install/tutorial_interfaces/include/tutorial_interfaces/tutorial_interfaces/msg
[2.413s] -- Up-to-date: /home/rstole01/Documents/CSE-596/humble_ws/install/tutorial_interfaces/include/tutorial_interfaces/tutorial_interfaces/msg/scan_range.hpp
[2.414s] -- Up-to-date: /home/rstole01/Documents/CSE-596/humble_ws/install/tutorial_interfaces/include/tutorial_interfaces/tutorial_interfaces/msg/sphere.hpp
[2.414s] -- Up-to-date: /home/rstole01/Documents/CSE-596/humble_ws/install/tutorial_interfaces/include/tutorial_interfaces/tutorial_interfaces/msg/detail
[2.414s] -- Up-to-date: /home/rstole01/Documents/CSE-596/humble_ws/install/tutorial_interfaces/include/tutorial_interfaces/tutorial_interfaces/msg/detail/scan_range__struct.hpp
[2.414s] -- Up-to-date: /home/rstole01/Documents/CSE-596/humble_ws/install/tutorial_interfaces/include/tutorial_interfaces/tutorial_interfaces/msg/detail/sphere__traits.hpp
[2.414s] -- Up-to-date: /home/rstole01/Documents/CSE-596/humble_ws/install/tutorial_interfaces/include/tutorial_interfaces/tutorial_interfaces/msg/detail/num__traits.hpp
[2.415s] -- Up-to-date: /home/rstole01/Documents/CSE-596/humble_ws/install/tutorial_interfaces/include/tutorial_interfaces/tutorial_interfaces/msg/detail/num__struct.hpp
[2.415s] -- Up-to-date: /home/rstole01/Documents/CSE-596/humble_ws/install/tutorial_interfaces/include/tutorial_interfaces/tutorial_interfaces/msg/detail/sphere__builder.hpp
[2.415s] -- Up-to-date: /home/rstole01/Documents/CSE-596/humble_ws/install/tutorial_interfaces/include/tutorial_interfaces/tutorial_interfaces/msg/detail/num__builder.hpp
[2.415s] -- Up-to-date: /home/rstole01/Documents/CSE-596/humble_ws/install/tutorial_interfaces/include/tutorial_interfaces/tutorial_interfaces/msg/detail/scan_range__traits.hpp
[2.415s] -- Up-to-date: /home/rstole01/Documents/CSE-596/humble_ws/install/tutorial_interfaces/include/tutorial_interfaces/tutorial_interfaces/msg/detail/sphere__struct.hpp
[2.416s] -- Up-to-date: /home/rstole01/Documents/CSE-596/humble_ws/install/tutorial_interfaces/include/tutorial_interfaces/tutorial_interfaces/msg/detail/scan_range__builder.hpp
[2.416s] -- Up-to-date: /home/rstole01/Documents/CSE-596/humble_ws/install/tutorial_interfaces/include/tutorial_interfaces/tutorial_interfaces/msg/num.hpp
[2.417s] -- Up-to-date: /home/rstole01/Documents/CSE-596/humble_ws/install/tutorial_interfaces/include/tutorial_interfaces/tutorial_interfaces
[2.419s] -- Up-to-date: /home/rstole01/Documents/CSE-596/humble_ws/install/tutorial_interfaces/include/tutorial_interfaces/tutorial_interfaces/srv
[2.419s] -- Up-to-date: /home/rstole01/Documents/CSE-596/humble_ws/install/tutorial_interfaces/include/tutorial_interfaces/tutorial_interfaces/srv/detail
[2.420s] -- Up-to-date: /home/rstole01/Documents/CSE-596/humble_ws/install/tutorial_interfaces/include/tutorial_interfaces/tutorial_interfaces/srv/detail/add_three_ints__rosidl_typesupport_fastrtps_cpp.hpp
[2.420s] -- Up-to-date: /home/rstole01/Documents/CSE-596/humble_ws/install/tutorial_interfaces/include/tutorial_interfaces/tutorial_interfaces/srv/detail/dds_fastrtps
[2.420s] -- Up-to-date: /home/rstole01/Documents/CSE-596/humble_ws/install/tutorial_interfaces/include/tutorial_interfaces/tutorial_interfaces/msg
[2.420s] -- Up-to-date: /home/rstole01/Documents/CSE-596/humble_ws/install/tutorial_interfaces/include/tutorial_interfaces/tutorial_interfaces/msg/detail
[2.420s] -- Up-to-date: /home/rstole01/Documents/CSE-596/humble_ws/install/tutorial_interfaces/include/tutorial_interfaces/tutorial_interfaces/msg/detail/scan_range__rosidl_typesupport_fastrtps_cpp.hpp
[2.421s] -- Up-to-date: /home/rstole01/Documents/CSE-596/humble_ws/install/tutorial_interfaces/include/tutorial_interfaces/tutorial_interfaces/msg/detail/num__rosidl_typesupport_fastrtps_cpp.hpp
[2.421s] -- Up-to-date: /home/rstole01/Documents/CSE-596/humble_ws/install/tutorial_interfaces/include/tutorial_interfaces/tutorial_interfaces/msg/detail/sphere__rosidl_typesupport_fastrtps_cpp.hpp
[2.421s] -- Up-to-date: /home/rstole01/Documents/CSE-596/humble_ws/install/tutorial_interfaces/include/tutorial_interfaces/tutorial_interfaces/msg/detail/dds_fastrtps
[2.421s] -- Up-to-date: /home/rstole01/Documents/CSE-596/humble_ws/install/tutorial_interfaces/include/tutorial_interfaces/tutorial_interfaces/msg/rosidl_typesupport_fastrtps_cpp__visibility_control.h
[2.422s] -- Up-to-date: /home/rstole01/Documents/CSE-596/humble_ws/install/tutorial_interfaces/lib/libtutorial_interfaces__rosidl_typesupport_fastrtps_cpp.so
[2.422s] -- Up-to-date: /home/rstole01/Documents/CSE-596/humble_ws/install/tutorial_interfaces/include/tutorial_interfaces/tutorial_interfaces
[2.422s] -- Up-to-date: /home/rstole01/Documents/CSE-596/humble_ws/install/tutorial_interfaces/include/tutorial_interfaces/tutorial_interfaces/srv
[2.422s] -- Up-to-date: /home/rstole01/Documents/CSE-596/humble_ws/install/tutorial_interfaces/include/tutorial_interfaces/tutorial_interfaces/srv/detail
[2.422s] -- Up-to-date: /home/rstole01/Documents/CSE-596/humble_ws/install/tutorial_interfaces/include/tutorial_interfaces/tutorial_interfaces/srv/detail/add_three_ints__type_support.c
[2.423s] -- Up-to-date: /home/rstole01/Documents/CSE-596/humble_ws/install/tutorial_interfaces/include/tutorial_interfaces/tutorial_interfaces/srv/detail/add_three_ints__rosidl_typesupport_introspection_c.h
[2.423s] -- Up-to-date: /home/rstole01/Documents/CSE-596/humble_ws/install/tutorial_interfaces/include/tutorial_interfaces/tutorial_interfaces/msg
[2.423s] -- Up-to-date: /home/rstole01/Documents/CSE-596/humble_ws/install/tutorial_interfaces/include/tutorial_interfaces/tutorial_interfaces/msg/rosidl_typesupport_introspection_c__visibility_control.h
[2.423s] -- Up-to-date: /home/rstole01/Documents/CSE-596/humble_ws/install/tutorial_interfaces/include/tutorial_interfaces/tutorial_interfaces/msg/detail
[2.424s] -- Up-to-date: /home/rstole01/Documents/CSE-596/humble_ws/install/tutorial_interfaces/include/tutorial_interfaces/tutorial_interfaces/msg/detail/scan_range__type_support.c
[2.424s] -- Up-to-date: /home/rstole01/Documents/CSE-596/humble_ws/install/tutorial_interfaces/include/tutorial_interfaces/tutorial_interfaces/msg/detail/num__type_support.c
[2.424s] -- Up-to-date: /home/rstole01/Documents/CSE-596/humble_ws/install/tutorial_interfaces/include/tutorial_interfaces/tutorial_interfaces/msg/detail/num__rosidl_typesupport_introspection_c.h
[2.424s] -- Up-to-date: /home/rstole01/Documents/CSE-596/humble_ws/install/tutorial_interfaces/include/tutorial_interfaces/tutorial_interfaces/msg/detail/scan_range__rosidl_typesupport_introspection_c.h
[2.424s] -- Up-to-date: /home/rstole01/Documents/CSE-596/humble_ws/install/tutorial_interfaces/include/tutorial_interfaces/tutorial_interfaces/msg/detail/sphere__type_support.c
[2.425s] -- Up-to-date: /home/rstole01/Documents/CSE-596/humble_ws/install/tutorial_interfaces/include/tutorial_interfaces/tutorial_interfaces/msg/detail/sphere__rosidl_typesupport_introspection_c.h
[2.425s] -- Up-to-date: /home/rstole01/Documents/CSE-596/humble_ws/install/tutorial_interfaces/lib/libtutorial_interfaces__rosidl_typesupport_introspection_c.so
[2.425s] -- Up-to-date: /home/rstole01/Documents/CSE-596/humble_ws/install/tutorial_interfaces/lib/libtutorial_interfaces__rosidl_typesupport_c.so
[2.425s] -- Up-to-date: /home/rstole01/Documents/CSE-596/humble_ws/install/tutorial_interfaces/include/tutorial_interfaces/tutorial_interfaces
[2.426s] -- Up-to-date: /home/rstole01/Documents/CSE-596/humble_ws/install/tutorial_interfaces/include/tutorial_interfaces/tutorial_interfaces/srv
[2.426s] -- Up-to-date: /home/rstole01/Documents/CSE-596/humble_ws/install/tutorial_interfaces/include/tutorial_interfaces/tutorial_interfaces/srv/detail
[2.426s] -- Up-to-date: /home/rstole01/Documents/CSE-596/humble_ws/install/tutorial_interfaces/include/tutorial_interfaces/tutorial_interfaces/srv/detail/add_three_ints__rosidl_typesupport_introspection_cpp.hpp
[2.426s] -- Up-to-date: /home/rstole01/Documents/CSE-596/humble_ws/install/tutorial_interfaces/include/tutorial_interfaces/tutorial_interfaces/srv/detail/add_three_ints__type_support.cpp
[2.427s] -- Up-to-date: /home/rstole01/Documents/CSE-596/humble_ws/install/tutorial_interfaces/include/tutorial_interfaces/tutorial_interfaces/msg
[2.427s] -- Up-to-date: /home/rstole01/Documents/CSE-596/humble_ws/install/tutorial_interfaces/include/tutorial_interfaces/tutorial_interfaces/msg/detail
[2.427s] -- Up-to-date: /home/rstole01/Documents/CSE-596/humble_ws/install/tutorial_interfaces/include/tutorial_interfaces/tutorial_interfaces/msg/detail/scan_range__rosidl_typesupport_introspection_cpp.hpp
[2.427s] -- Up-to-date: /home/rstole01/Documents/CSE-596/humble_ws/install/tutorial_interfaces/include/tutorial_interfaces/tutorial_interfaces/msg/detail/sphere__rosidl_typesupport_introspection_cpp.hpp
[2.428s] -- Up-to-date: /home/rstole01/Documents/CSE-596/humble_ws/install/tutorial_interfaces/include/tutorial_interfaces/tutorial_interfaces/msg/detail/sphere__type_support.cpp
[2.428s] -- Up-to-date: /home/rstole01/Documents/CSE-596/humble_ws/install/tutorial_interfaces/include/tutorial_interfaces/tutorial_interfaces/msg/detail/num__type_support.cpp
[2.428s] -- Up-to-date: /home/rstole01/Documents/CSE-596/humble_ws/install/tutorial_interfaces/include/tutorial_interfaces/tutorial_interfaces/msg/detail/num__rosidl_typesupport_introspection_cpp.hpp
[2.428s] -- Up-to-date: /home/rstole01/Documents/CSE-596/humble_ws/install/tutorial_interfaces/include/tutorial_interfaces/tutorial_interfaces/msg/detail/scan_range__type_support.cpp
[2.429s] -- Up-to-date: /home/rstole01/Documents/CSE-596/humble_ws/install/tutorial_interfaces/lib/libtutorial_interfaces__rosidl_typesupport_introspection_cpp.so
[2.429s] -- Up-to-date: /home/rstole01/Documents/CSE-596/humble_ws/install/tutorial_interfaces/lib/libtutorial_interfaces__rosidl_typesupport_cpp.so
[2.429s] -- Up-to-date: /home/rstole01/Documents/CSE-596/humble_ws/install/tutorial_interfaces/share/tutorial_interfaces/environment/pythonpath.sh
[2.429s] -- Up-to-date: /home/rstole01/Documents/CSE-596/humble_ws/install/tutorial_interfaces/share/tutorial_interfaces/environment/pythonpath.dsv
[2.429s] -- Up-to-date: /home/rstole01/Documents/CSE-596/humble_ws/install/tutorial_interfaces/local/lib/python3.10/dist-packages/tutorial_interfaces-0.0.0-py3.10.egg-info
[2.430s] -- Installing: /home/rstole01/Documents/CSE-596/humble_ws/install/tutorial_interfaces/local/lib/python3.10/dist-packages/tutorial_interfaces-0.0.0-py3.10.egg-info/top_level.txt
[2.430s] -- Installing: /home/rstole01/Documents/CSE-596/humble_ws/install/tutorial_interfaces/local/lib/python3.10/dist-packages/tutorial_interfaces-0.0.0-py3.10.egg-info/SOURCES.txt
[2.430s] -- Installing: /home/rstole01/Documents/CSE-596/humble_ws/install/tutorial_interfaces/local/lib/python3.10/dist-packages/tutorial_interfaces-0.0.0-py3.10.egg-info/PKG-INFO
[2.430s] -- Installing: /home/rstole01/Documents/CSE-596/humble_ws/install/tutorial_interfaces/local/lib/python3.10/dist-packages/tutorial_interfaces-0.0.0-py3.10.egg-info/dependency_links.txt
[2.431s] -- Up-to-date: /home/rstole01/Documents/CSE-596/humble_ws/install/tutorial_interfaces/local/lib/python3.10/dist-packages/tutorial_interfaces
[2.431s] -- Up-to-date: /home/rstole01/Documents/CSE-596/humble_ws/install/tutorial_interfaces/local/lib/python3.10/dist-packages/tutorial_interfaces/libtutorial_interfaces__rosidl_generator_py.so
[2.431s] -- Up-to-date: /home/rstole01/Documents/CSE-596/humble_ws/install/tutorial_interfaces/local/lib/python3.10/dist-packages/tutorial_interfaces/_tutorial_interfaces_s.ep.rosidl_typesupport_introspection_c.c
[2.431s] -- Up-to-date: /home/rstole01/Documents/CSE-596/humble_ws/install/tutorial_interfaces/local/lib/python3.10/dist-packages/tutorial_interfaces/srv
[2.432s] -- Up-to-date: /home/rstole01/Documents/CSE-596/humble_ws/install/tutorial_interfaces/local/lib/python3.10/dist-packages/tutorial_interfaces/srv/_add_three_ints.py
[2.432s] -- Up-to-date: /home/rstole01/Documents/CSE-596/humble_ws/install/tutorial_interfaces/local/lib/python3.10/dist-packages/tutorial_interfaces/srv/_add_three_ints_s.c
[2.432s] -- Up-to-date: /home/rstole01/Documents/CSE-596/humble_ws/install/tutorial_interfaces/local/lib/python3.10/dist-packages/tutorial_interfaces/srv/__init__.py
[2.433s] -- Up-to-date: /home/rstole01/Documents/CSE-596/humble_ws/install/tutorial_interfaces/local/lib/python3.10/dist-packages/tutorial_interfaces/_tutorial_interfaces_s.ep.rosidl_typesupport_c.c
[2.433s] -- Up-to-date: /home/rstole01/Documents/CSE-596/humble_ws/install/tutorial_interfaces/local/lib/python3.10/dist-packages/tutorial_interfaces/__init__.py
[2.433s] -- Up-to-date: /home/rstole01/Documents/CSE-596/humble_ws/install/tutorial_interfaces/local/lib/python3.10/dist-packages/tutorial_interfaces/msg
[2.433s] -- Up-to-date: /home/rstole01/Documents/CSE-596/humble_ws/install/tutorial_interfaces/local/lib/python3.10/dist-packages/tutorial_interfaces/msg/_sphere.py
[2.434s] -- Up-to-date: /home/rstole01/Documents/CSE-596/humble_ws/install/tutorial_interfaces/local/lib/python3.10/dist-packages/tutorial_interfaces/msg/_num.py
[2.434s] -- Up-to-date: /home/rstole01/Documents/CSE-596/humble_ws/install/tutorial_interfaces/local/lib/python3.10/dist-packages/tutorial_interfaces/msg/_scan_range.py
[2.434s] -- Up-to-date: /home/rstole01/Documents/CSE-596/humble_ws/install/tutorial_interfaces/local/lib/python3.10/dist-packages/tutorial_interfaces/msg/_sphere_s.c
[2.434s] -- Up-to-date: /home/rstole01/Documents/CSE-596/humble_ws/install/tutorial_interfaces/local/lib/python3.10/dist-packages/tutorial_interfaces/msg/__init__.py
[2.435s] -- Up-to-date: /home/rstole01/Documents/CSE-596/humble_ws/install/tutorial_interfaces/local/lib/python3.10/dist-packages/tutorial_interfaces/msg/_num_s.c
[2.435s] -- Up-to-date: /home/rstole01/Documents/CSE-596/humble_ws/install/tutorial_interfaces/local/lib/python3.10/dist-packages/tutorial_interfaces/msg/_scan_range_s.c
[2.435s] -- Up-to-date: /home/rstole01/Documents/CSE-596/humble_ws/install/tutorial_interfaces/local/lib/python3.10/dist-packages/tutorial_interfaces/tutorial_interfaces_s__rosidl_typesupport_introspection_c.cpython-310-x86_64-linux-gnu.so
[2.435s] -- Up-to-date: /home/rstole01/Documents/CSE-596/humble_ws/install/tutorial_interfaces/local/lib/python3.10/dist-packages/tutorial_interfaces/tutorial_interfaces_s__rosidl_typesupport_c.cpython-310-x86_64-linux-gnu.so
[2.436s] -- Up-to-date: /home/rstole01/Documents/CSE-596/humble_ws/install/tutorial_interfaces/local/lib/python3.10/dist-packages/tutorial_interfaces/tutorial_interfaces_s__rosidl_typesupport_fastrtps_c.cpython-310-x86_64-linux-gnu.so
[2.436s] -- Up-to-date: /home/rstole01/Documents/CSE-596/humble_ws/install/tutorial_interfaces/local/lib/python3.10/dist-packages/tutorial_interfaces/_tutorial_interfaces_s.ep.rosidl_typesupport_fastrtps_c.c
[2.523s] Listing '/home/rstole01/Documents/CSE-596/humble_ws/install/tutorial_interfaces/local/lib/python3.10/dist-packages/tutorial_interfaces'...
[2.524s] Listing '/home/rstole01/Documents/CSE-596/humble_ws/install/tutorial_interfaces/local/lib/python3.10/dist-packages/tutorial_interfaces/msg'...
[2.524s] Listing '/home/rstole01/Documents/CSE-596/humble_ws/install/tutorial_interfaces/local/lib/python3.10/dist-packages/tutorial_interfaces/srv'...
[2.537s] -- Up-to-date: /home/rstole01/Documents/CSE-596/humble_ws/install/tutorial_interfaces/local/lib/python3.10/dist-packages/tutorial_interfaces/tutorial_interfaces_s__rosidl_typesupport_fastrtps_c.cpython-310-x86_64-linux-gnu.so
[2.538s] -- Up-to-date: /home/rstole01/Documents/CSE-596/humble_ws/install/tutorial_interfaces/local/lib/python3.10/dist-packages/tutorial_interfaces/tutorial_interfaces_s__rosidl_typesupport_introspection_c.cpython-310-x86_64-linux-gnu.so
[2.539s] -- Up-to-date: /home/rstole01/Documents/CSE-596/humble_ws/install/tutorial_interfaces/local/lib/python3.10/dist-packages/tutorial_interfaces/tutorial_interfaces_s__rosidl_typesupport_c.cpython-310-x86_64-linux-gnu.so
[2.540s] -- Up-to-date: /home/rstole01/Documents/CSE-596/humble_ws/install/tutorial_interfaces/lib/libtutorial_interfaces__rosidl_generator_py.so
[2.540s] -- Up-to-date: /home/rstole01/Documents/CSE-596/humble_ws/install/tutorial_interfaces/share/tutorial_interfaces/msg/Num.idl
[2.541s] -- Up-to-date: /home/rstole01/Documents/CSE-596/humble_ws/install/tutorial_interfaces/share/tutorial_interfaces/msg/Sphere.idl
[2.541s] -- Up-to-date: /home/rstole01/Documents/CSE-596/humble_ws/install/tutorial_interfaces/share/tutorial_interfaces/srv/AddThreeInts.idl
[2.541s] -- Up-to-date: /home/rstole01/Documents/CSE-596/humble_ws/install/tutorial_interfaces/share/tutorial_interfaces/msg/ScanRange.idl
[2.542s] -- Up-to-date: /home/rstole01/Documents/CSE-596/humble_ws/install/tutorial_interfaces/share/tutorial_interfaces/msg/Num.msg
[2.542s] -- Up-to-date: /home/rstole01/Documents/CSE-596/humble_ws/install/tutorial_interfaces/share/tutorial_interfaces/msg/Sphere.msg
[2.543s] -- Up-to-date: /home/rstole01/Documents/CSE-596/humble_ws/install/tutorial_interfaces/share/tutorial_interfaces/srv/AddThreeInts.srv
[2.543s] -- Up-to-date: /home/rstole01/Documents/CSE-596/humble_ws/install/tutorial_interfaces/share/tutorial_interfaces/srv/AddThreeInts_Request.msg
[2.544s] -- Up-to-date: /home/rstole01/Documents/CSE-596/humble_ws/install/tutorial_interfaces/share/tutorial_interfaces/srv/AddThreeInts_Response.msg
[2.544s] -- Up-to-date: /home/rstole01/Documents/CSE-596/humble_ws/install/tutorial_interfaces/share/tutorial_interfaces/msg/ScanRange.msg
[2.544s] -- Up-to-date: /home/rstole01/Documents/CSE-596/humble_ws/install/tutorial_interfaces/share/ament_index/resource_index/package_run_dependencies/tutorial_interfaces
[2.544s] -- Up-to-date: /home/rstole01/Documents/CSE-596/humble_ws/install/tutorial_interfaces/share/ament_index/resource_index/parent_prefix_path/tutorial_interfaces
[2.545s] -- Up-to-date: /home/rstole01/Documents/CSE-596/humble_ws/install/tutorial_interfaces/share/tutorial_interfaces/environment/ament_prefix_path.sh
[2.545s] -- Up-to-date: /home/rstole01/Documents/CSE-596/humble_ws/install/tutorial_interfaces/share/tutorial_interfaces/environment/ament_prefix_path.dsv
[2.545s] -- Up-to-date: /home/rstole01/Documents/CSE-596/humble_ws/install/tutorial_interfaces/share/tutorial_interfaces/environment/path.sh
[2.546s] -- Up-to-date: /home/rstole01/Documents/CSE-596/humble_ws/install/tutorial_interfaces/share/tutorial_interfaces/environment/path.dsv
[2.546s] -- Up-to-date: /home/rstole01/Documents/CSE-596/humble_ws/install/tutorial_interfaces/share/tutorial_interfaces/local_setup.bash
[2.547s] -- Up-to-date: /home/rstole01/Documents/CSE-596/humble_ws/install/tutorial_interfaces/share/tutorial_interfaces/local_setup.sh
[2.547s] -- Up-to-date: /home/rstole01/Documents/CSE-596/humble_ws/install/tutorial_interfaces/share/tutorial_interfaces/local_setup.zsh
[2.547s] -- Up-to-date: /home/rstole01/Documents/CSE-596/humble_ws/install/tutorial_interfaces/share/tutorial_interfaces/local_setup.dsv
[2.548s] -- Installing: /home/rstole01/Documents/CSE-596/humble_ws/install/tutorial_interfaces/share/tutorial_interfaces/package.dsv
[2.548s] -- Up-to-date: /home/rstole01/Documents/CSE-596/humble_ws/install/tutorial_interfaces/share/ament_index/resource_index/packages/tutorial_interfaces
[2.548s] -- Up-to-date: /home/rstole01/Documents/CSE-596/humble_ws/install/tutorial_interfaces/share/tutorial_interfaces/cmake/export_tutorial_interfaces__rosidl_generator_cExport.cmake
[2.549s] -- Up-to-date: /home/rstole01/Documents/CSE-596/humble_ws/install/tutorial_interfaces/share/tutorial_interfaces/cmake/export_tutorial_interfaces__rosidl_generator_cExport-noconfig.cmake
[2.550s] -- Up-to-date: /home/rstole01/Documents/CSE-596/humble_ws/install/tutorial_interfaces/share/tutorial_interfaces/cmake/export_tutorial_interfaces__rosidl_typesupport_fastrtps_cExport.cmake
[2.550s] -- Up-to-date: /home/rstole01/Documents/CSE-596/humble_ws/install/tutorial_interfaces/share/tutorial_interfaces/cmake/export_tutorial_interfaces__rosidl_typesupport_fastrtps_cExport-noconfig.cmake
[2.550s] -- Up-to-date: /home/rstole01/Documents/CSE-596/humble_ws/install/tutorial_interfaces/share/tutorial_interfaces/cmake/export_tutorial_interfaces__rosidl_generator_cppExport.cmake
[2.551s] -- Up-to-date: /home/rstole01/Documents/CSE-596/humble_ws/install/tutorial_interfaces/share/tutorial_interfaces/cmake/export_tutorial_interfaces__rosidl_typesupport_fastrtps_cppExport.cmake
[2.551s] -- Up-to-date: /home/rstole01/Documents/CSE-596/humble_ws/install/tutorial_interfaces/share/tutorial_interfaces/cmake/export_tutorial_interfaces__rosidl_typesupport_fastrtps_cppExport-noconfig.cmake
[2.551s] -- Up-to-date: /home/rstole01/Documents/CSE-596/humble_ws/install/tutorial_interfaces/share/tutorial_interfaces/cmake/tutorial_interfaces__rosidl_typesupport_introspection_cExport.cmake
[2.552s] -- Up-to-date: /home/rstole01/Documents/CSE-596/humble_ws/install/tutorial_interfaces/share/tutorial_interfaces/cmake/tutorial_interfaces__rosidl_typesupport_introspection_cExport-noconfig.cmake
[2.552s] -- Up-to-date: /home/rstole01/Documents/CSE-596/humble_ws/install/tutorial_interfaces/share/tutorial_interfaces/cmake/tutorial_interfaces__rosidl_typesupport_cExport.cmake
[2.552s] -- Up-to-date: /home/rstole01/Documents/CSE-596/humble_ws/install/tutorial_interfaces/share/tutorial_interfaces/cmake/tutorial_interfaces__rosidl_typesupport_cExport-noconfig.cmake
[2.552s] -- Up-to-date: /home/rstole01/Documents/CSE-596/humble_ws/install/tutorial_interfaces/share/tutorial_interfaces/cmake/tutorial_interfaces__rosidl_typesupport_introspection_cppExport.cmake
[2.553s] -- Up-to-date: /home/rstole01/Documents/CSE-596/humble_ws/install/tutorial_interfaces/share/tutorial_interfaces/cmake/tutorial_interfaces__rosidl_typesupport_introspection_cppExport-noconfig.cmake
[2.554s] -- Up-to-date: /home/rstole01/Documents/CSE-596/humble_ws/install/tutorial_interfaces/share/tutorial_interfaces/cmake/tutorial_interfaces__rosidl_typesupport_cppExport.cmake
[2.555s] -- Up-to-date: /home/rstole01/Documents/CSE-596/humble_ws/install/tutorial_interfaces/share/tutorial_interfaces/cmake/tutorial_interfaces__rosidl_typesupport_cppExport-noconfig.cmake
[2.556s] -- Up-to-date: /home/rstole01/Documents/CSE-596/humble_ws/install/tutorial_interfaces/share/tutorial_interfaces/cmake/export_tutorial_interfaces__rosidl_generator_pyExport.cmake
[2.557s] -- Up-to-date: /home/rstole01/Documents/CSE-596/humble_ws/install/tutorial_interfaces/share/tutorial_interfaces/cmake/export_tutorial_interfaces__rosidl_generator_pyExport-noconfig.cmake
[2.557s] -- Up-to-date: /home/rstole01/Documents/CSE-596/humble_ws/install/tutorial_interfaces/share/tutorial_interfaces/cmake/rosidl_cmake-extras.cmake
[2.557s] -- Up-to-date: /home/rstole01/Documents/CSE-596/humble_ws/install/tutorial_interfaces/share/tutorial_interfaces/cmake/ament_cmake_export_dependencies-extras.cmake
[2.558s] -- Up-to-date: /home/rstole01/Documents/CSE-596/humble_ws/install/tutorial_interfaces/share/tutorial_interfaces/cmake/ament_cmake_export_include_directories-extras.cmake
[2.558s] -- Up-to-date: /home/rstole01/Documents/CSE-596/humble_ws/install/tutorial_interfaces/share/tutorial_interfaces/cmake/ament_cmake_export_libraries-extras.cmake
[2.558s] -- Up-to-date: /home/rstole01/Documents/CSE-596/humble_ws/install/tutorial_interfaces/share/tutorial_interfaces/cmake/ament_cmake_export_targets-extras.cmake
[2.558s] -- Up-to-date: /home/rstole01/Documents/CSE-596/humble_ws/install/tutorial_interfaces/share/tutorial_interfaces/cmake/rosidl_cmake_export_typesupport_targets-extras.cmake
[2.559s] -- Up-to-date: /home/rstole01/Documents/CSE-596/humble_ws/install/tutorial_interfaces/share/tutorial_interfaces/cmake/rosidl_cmake_export_typesupport_libraries-extras.cmake
[2.559s] -- Up-to-date: /home/rstole01/Documents/CSE-596/humble_ws/install/tutorial_interfaces/share/tutorial_interfaces/cmake/tutorial_interfacesConfig.cmake
[2.559s] -- Up-to-date: /home/rstole01/Documents/CSE-596/humble_ws/install/tutorial_interfaces/share/tutorial_interfaces/cmake/tutorial_interfacesConfig-version.cmake
[2.559s] -- Up-to-date: /home/rstole01/Documents/CSE-596/humble_ws/install/tutorial_interfaces/share/tutorial_interfaces/package.xml
[2.560s] Invoked command in '/home/rstole01/Documents/CapstoneGit/humble_ws/build/tutorial_interfaces' returned '0': CMAKE_PREFIX_PATH=${CMAKE_PREFIX_PATH}:/home/rstole01/Documents/CapstoneGit/humble_ws/install/waypoint_logger:/home/rstole01/Documents/CapstoneGit/humble_ws/install/f1tenth_gym_ros:/opt/ros/humble /usr/bin/cmake --install /home/rstole01/Documents/CapstoneGit/humble_ws/build/tutorial_interfaces
