[1.160s] Invoking command in '/home/rstole01/Documents/CSE-596/msu_ws/build/my_messages': CMAKE_PREFIX_PATH=${CMAKE_PREFIX_PATH}:/home/rstole01/Documents/CSE-596/msu_ws/install/waypoint_writer:/home/rstole01/Documents/CSE-596/msu_ws/install/waypoint_follow:/home/rstole01/Documents/CSE-596/msu_ws/install/wall_follower_pid:/home/rstole01/Documents/CSE-596/msu_ws/install/qlearn:/home/rstole01/Documents/CSE-596/msu_ws/install/py_pubsub:/home/rstole01/Documents/CSE-596/msu_ws/install/plexer360:/home/rstole01/Documents/CSE-596/msu_ws/install/painter:/home/rstole01/Documents/CSE-596/msu_ws/install/f1tenth_gym_ros:/opt/ros/humble /usr/bin/cmake --build /home/rstole01/Documents/CSE-596/msu_ws/build/my_messages -- -j8 -l8
[3.404s] [ 10%] Built target my_messages__rosidl_generator_c
[3.404s] [ 12%] Built target my_messages__cpp
[3.404s] [ 12%] Built target ament_cmake_python_copy_my_messages
[3.404s] [ 23%] Built target my_messages__rosidl_typesupport_introspection_c
[3.405s] [ 33%] Built target my_messages__rosidl_typesupport_c
[3.405s] [ 43%] Built target my_messages__rosidl_typesupport_introspection_cpp
[3.405s] [ 53%] Built target my_messages__rosidl_typesupport_fastrtps_cpp
[3.405s] [ 64%] Built target my_messages__rosidl_typesupport_cpp
[3.406s] [ 74%] Built target my_messages__rosidl_typesupport_fastrtps_c
[3.406s] [ 74%] Built target my_messages
[3.406s] [ 76%] Built target my_messages__py
[3.406s] [ 84%] Built target my_messages__rosidl_generator_py
[3.409s] [ 89%] Built target my_messages__rosidl_typesupport_fastrtps_c__pyext
[3.410s] [ 94%] Built target my_messages__rosidl_typesupport_introspection_c__pyext
[3.410s] [100%] Built target my_messages__rosidl_typesupport_c__pyext
[3.410s] running egg_info
[3.411s] writing my_messages.egg-info/PKG-INFO
[3.411s] writing dependency_links to my_messages.egg-info/dependency_links.txt
[3.411s] writing top-level names to my_messages.egg-info/top_level.txt
[3.412s] reading manifest file 'my_messages.egg-info/SOURCES.txt'
[3.412s] writing manifest file 'my_messages.egg-info/SOURCES.txt'
[3.412s] [100%] Built target ament_cmake_python_build_my_messages_egg
[3.415s] Invoked command in '/home/rstole01/Documents/CSE-596/msu_ws/build/my_messages' returned '0': CMAKE_PREFIX_PATH=${CMAKE_PREFIX_PATH}:/home/rstole01/Documents/CSE-596/msu_ws/install/waypoint_writer:/home/rstole01/Documents/CSE-596/msu_ws/install/waypoint_follow:/home/rstole01/Documents/CSE-596/msu_ws/install/wall_follower_pid:/home/rstole01/Documents/CSE-596/msu_ws/install/qlearn:/home/rstole01/Documents/CSE-596/msu_ws/install/py_pubsub:/home/rstole01/Documents/CSE-596/msu_ws/install/plexer360:/home/rstole01/Documents/CSE-596/msu_ws/install/painter:/home/rstole01/Documents/CSE-596/msu_ws/install/f1tenth_gym_ros:/opt/ros/humble /usr/bin/cmake --build /home/rstole01/Documents/CSE-596/msu_ws/build/my_messages -- -j8 -l8
[4.589s] Invoking command in '/home/rstole01/Documents/CSE-596/msu_ws/build/my_messages': CMAKE_PREFIX_PATH=${CMAKE_PREFIX_PATH}:/home/rstole01/Documents/CSE-596/msu_ws/install/waypoint_writer:/home/rstole01/Documents/CSE-596/msu_ws/install/waypoint_follow:/home/rstole01/Documents/CSE-596/msu_ws/install/wall_follower_pid:/home/rstole01/Documents/CSE-596/msu_ws/install/qlearn:/home/rstole01/Documents/CSE-596/msu_ws/install/py_pubsub:/home/rstole01/Documents/CSE-596/msu_ws/install/plexer360:/home/rstole01/Documents/CSE-596/msu_ws/install/painter:/home/rstole01/Documents/CSE-596/msu_ws/install/f1tenth_gym_ros:/opt/ros/humble /usr/bin/cmake --install /home/rstole01/Documents/CSE-596/msu_ws/build/my_messages
[4.670s] -- Install configuration: ""
[4.670s] -- Up-to-date: /home/rstole01/Documents/CSE-596/msu_ws/install/my_messages/share/ament_index/resource_index/rosidl_interfaces/my_messages
[4.671s] -- Up-to-date: /home/rstole01/Documents/CSE-596/msu_ws/install/my_messages/include/my_messages/my_messages
[4.671s] -- Up-to-date: /home/rstole01/Documents/CSE-596/msu_ws/install/my_messages/include/my_messages/my_messages/msg
[4.671s] -- Up-to-date: /home/rstole01/Documents/CSE-596/msu_ws/install/my_messages/include/my_messages/my_messages/msg/rosidl_generator_c__visibility_control.h
[4.672s] -- Up-to-date: /home/rstole01/Documents/CSE-596/msu_ws/install/my_messages/include/my_messages/my_messages/msg/key_value.h
[4.673s] -- Up-to-date: /home/rstole01/Documents/CSE-596/msu_ws/install/my_messages/include/my_messages/my_messages/msg/detail
[4.674s] -- Up-to-date: /home/rstole01/Documents/CSE-596/msu_ws/install/my_messages/include/my_messages/my_messages/msg/detail/pid_input__type_support.h
[4.674s] -- Up-to-date: /home/rstole01/Documents/CSE-596/msu_ws/install/my_messages/include/my_messages/my_messages/msg/detail/pid_input__functions.h
[4.684s] -- Up-to-date: /home/rstole01/Documents/CSE-596/msu_ws/install/my_messages/include/my_messages/my_messages/msg/detail/key_value__type_support.h
[4.684s] -- Up-to-date: /home/rstole01/Documents/CSE-596/msu_ws/install/my_messages/include/my_messages/my_messages/msg/detail/pid_input__functions.c
[4.685s] -- Up-to-date: /home/rstole01/Documents/CSE-596/msu_ws/install/my_messages/include/my_messages/my_messages/msg/detail/pid_input__struct.h
[4.686s] -- Up-to-date: /home/rstole01/Documents/CSE-596/msu_ws/install/my_messages/include/my_messages/my_messages/msg/detail/key_value__functions.c
[4.687s] -- Up-to-date: /home/rstole01/Documents/CSE-596/msu_ws/install/my_messages/include/my_messages/my_messages/msg/detail/key_value__functions.h
[4.687s] -- Up-to-date: /home/rstole01/Documents/CSE-596/msu_ws/install/my_messages/include/my_messages/my_messages/msg/detail/key_value__struct.h
[4.688s] -- Up-to-date: /home/rstole01/Documents/CSE-596/msu_ws/install/my_messages/include/my_messages/my_messages/msg/pid_input.h
[4.688s] -- Up-to-date: /home/rstole01/Documents/CSE-596/msu_ws/install/my_messages/share/my_messages/environment/library_path.sh
[4.688s] -- Up-to-date: /home/rstole01/Documents/CSE-596/msu_ws/install/my_messages/share/my_messages/environment/library_path.dsv
[4.688s] -- Up-to-date: /home/rstole01/Documents/CSE-596/msu_ws/install/my_messages/lib/libmy_messages__rosidl_generator_c.so
[4.689s] -- Up-to-date: /home/rstole01/Documents/CSE-596/msu_ws/install/my_messages/include/my_messages/my_messages
[4.689s] -- Up-to-date: /home/rstole01/Documents/CSE-596/msu_ws/install/my_messages/include/my_messages/my_messages/msg
[4.689s] -- Up-to-date: /home/rstole01/Documents/CSE-596/msu_ws/install/my_messages/include/my_messages/my_messages/msg/rosidl_typesupport_fastrtps_c__visibility_control.h
[4.689s] -- Up-to-date: /home/rstole01/Documents/CSE-596/msu_ws/install/my_messages/include/my_messages/my_messages/msg/detail
[4.690s] -- Up-to-date: /home/rstole01/Documents/CSE-596/msu_ws/install/my_messages/include/my_messages/my_messages/msg/detail/key_value__rosidl_typesupport_fastrtps_c.h
[4.690s] -- Up-to-date: /home/rstole01/Documents/CSE-596/msu_ws/install/my_messages/include/my_messages/my_messages/msg/detail/pid_input__rosidl_typesupport_fastrtps_c.h
[4.691s] -- Up-to-date: /home/rstole01/Documents/CSE-596/msu_ws/install/my_messages/lib/libmy_messages__rosidl_typesupport_fastrtps_c.so
[4.693s] -- Up-to-date: /home/rstole01/Documents/CSE-596/msu_ws/install/my_messages/include/my_messages/my_messages
[4.706s] -- Up-to-date: /home/rstole01/Documents/CSE-596/msu_ws/install/my_messages/include/my_messages/my_messages/msg
[4.712s] -- Up-to-date: /home/rstole01/Documents/CSE-596/msu_ws/install/my_messages/include/my_messages/my_messages/msg/rosidl_typesupport_introspection_c__visibility_control.h
[4.713s] -- Up-to-date: /home/rstole01/Documents/CSE-596/msu_ws/install/my_messages/include/my_messages/my_messages/msg/detail
[4.714s] -- Up-to-date: /home/rstole01/Documents/CSE-596/msu_ws/install/my_messages/include/my_messages/my_messages/msg/detail/key_value__type_support.c
[4.715s] -- Up-to-date: /home/rstole01/Documents/CSE-596/msu_ws/install/my_messages/include/my_messages/my_messages/msg/detail/key_value__rosidl_typesupport_introspection_c.h
[4.715s] -- Up-to-date: /home/rstole01/Documents/CSE-596/msu_ws/install/my_messages/include/my_messages/my_messages/msg/detail/pid_input__rosidl_typesupport_introspection_c.h
[4.716s] -- Up-to-date: /home/rstole01/Documents/CSE-596/msu_ws/install/my_messages/include/my_messages/my_messages/msg/detail/pid_input__type_support.c
[4.718s] -- Up-to-date: /home/rstole01/Documents/CSE-596/msu_ws/install/my_messages/lib/libmy_messages__rosidl_typesupport_introspection_c.so
[4.719s] -- Up-to-date: /home/rstole01/Documents/CSE-596/msu_ws/install/my_messages/lib/libmy_messages__rosidl_typesupport_c.so
[4.720s] -- Up-to-date: /home/rstole01/Documents/CSE-596/msu_ws/install/my_messages/include/my_messages/my_messages
[4.721s] -- Up-to-date: /home/rstole01/Documents/CSE-596/msu_ws/install/my_messages/include/my_messages/my_messages/msg
[4.721s] -- Up-to-date: /home/rstole01/Documents/CSE-596/msu_ws/install/my_messages/include/my_messages/my_messages/msg/pid_input.hpp
[4.721s] -- Up-to-date: /home/rstole01/Documents/CSE-596/msu_ws/install/my_messages/include/my_messages/my_messages/msg/key_value.hpp
[4.721s] -- Up-to-date: /home/rstole01/Documents/CSE-596/msu_ws/install/my_messages/include/my_messages/my_messages/msg/detail
[4.722s] -- Up-to-date: /home/rstole01/Documents/CSE-596/msu_ws/install/my_messages/include/my_messages/my_messages/msg/detail/pid_input__builder.hpp
[4.722s] -- Up-to-date: /home/rstole01/Documents/CSE-596/msu_ws/install/my_messages/include/my_messages/my_messages/msg/detail/key_value__builder.hpp
[4.722s] -- Up-to-date: /home/rstole01/Documents/CSE-596/msu_ws/install/my_messages/include/my_messages/my_messages/msg/detail/pid_input__struct.hpp
[4.722s] -- Up-to-date: /home/rstole01/Documents/CSE-596/msu_ws/install/my_messages/include/my_messages/my_messages/msg/detail/pid_input__traits.hpp
[4.722s] -- Up-to-date: /home/rstole01/Documents/CSE-596/msu_ws/install/my_messages/include/my_messages/my_messages/msg/detail/key_value__traits.hpp
[4.723s] -- Up-to-date: /home/rstole01/Documents/CSE-596/msu_ws/install/my_messages/include/my_messages/my_messages/msg/detail/key_value__struct.hpp
[4.723s] -- Up-to-date: /home/rstole01/Documents/CSE-596/msu_ws/install/my_messages/include/my_messages/my_messages
[4.723s] -- Up-to-date: /home/rstole01/Documents/CSE-596/msu_ws/install/my_messages/include/my_messages/my_messages/msg
[4.723s] -- Up-to-date: /home/rstole01/Documents/CSE-596/msu_ws/install/my_messages/include/my_messages/my_messages/msg/detail
[4.724s] -- Up-to-date: /home/rstole01/Documents/CSE-596/msu_ws/install/my_messages/include/my_messages/my_messages/msg/detail/pid_input__rosidl_typesupport_fastrtps_cpp.hpp
[4.724s] -- Up-to-date: /home/rstole01/Documents/CSE-596/msu_ws/install/my_messages/include/my_messages/my_messages/msg/detail/key_value__rosidl_typesupport_fastrtps_cpp.hpp
[4.724s] -- Up-to-date: /home/rstole01/Documents/CSE-596/msu_ws/install/my_messages/include/my_messages/my_messages/msg/detail/dds_fastrtps
[4.724s] -- Up-to-date: /home/rstole01/Documents/CSE-596/msu_ws/install/my_messages/include/my_messages/my_messages/msg/rosidl_typesupport_fastrtps_cpp__visibility_control.h
[4.725s] -- Up-to-date: /home/rstole01/Documents/CSE-596/msu_ws/install/my_messages/lib/libmy_messages__rosidl_typesupport_fastrtps_cpp.so
[4.725s] -- Up-to-date: /home/rstole01/Documents/CSE-596/msu_ws/install/my_messages/include/my_messages/my_messages
[4.725s] -- Up-to-date: /home/rstole01/Documents/CSE-596/msu_ws/install/my_messages/include/my_messages/my_messages/msg
[4.725s] -- Up-to-date: /home/rstole01/Documents/CSE-596/msu_ws/install/my_messages/include/my_messages/my_messages/msg/detail
[4.726s] -- Up-to-date: /home/rstole01/Documents/CSE-596/msu_ws/install/my_messages/include/my_messages/my_messages/msg/detail/pid_input__rosidl_typesupport_introspection_cpp.hpp
[4.726s] -- Up-to-date: /home/rstole01/Documents/CSE-596/msu_ws/install/my_messages/include/my_messages/my_messages/msg/detail/pid_input__type_support.cpp
[4.726s] -- Up-to-date: /home/rstole01/Documents/CSE-596/msu_ws/install/my_messages/include/my_messages/my_messages/msg/detail/key_value__type_support.cpp
[4.727s] -- Up-to-date: /home/rstole01/Documents/CSE-596/msu_ws/install/my_messages/include/my_messages/my_messages/msg/detail/key_value__rosidl_typesupport_introspection_cpp.hpp
[4.727s] -- Up-to-date: /home/rstole01/Documents/CSE-596/msu_ws/install/my_messages/lib/libmy_messages__rosidl_typesupport_introspection_cpp.so
[4.727s] -- Up-to-date: /home/rstole01/Documents/CSE-596/msu_ws/install/my_messages/lib/libmy_messages__rosidl_typesupport_cpp.so
[4.727s] -- Up-to-date: /home/rstole01/Documents/CSE-596/msu_ws/install/my_messages/share/my_messages/environment/pythonpath.sh
[4.728s] -- Up-to-date: /home/rstole01/Documents/CSE-596/msu_ws/install/my_messages/share/my_messages/environment/pythonpath.dsv
[4.728s] -- Up-to-date: /home/rstole01/Documents/CSE-596/msu_ws/install/my_messages/local/lib/python3.10/dist-packages/my_messages-0.0.0-py3.10.egg-info
[4.728s] -- Installing: /home/rstole01/Documents/CSE-596/msu_ws/install/my_messages/local/lib/python3.10/dist-packages/my_messages-0.0.0-py3.10.egg-info/top_level.txt
[4.728s] -- Installing: /home/rstole01/Documents/CSE-596/msu_ws/install/my_messages/local/lib/python3.10/dist-packages/my_messages-0.0.0-py3.10.egg-info/SOURCES.txt
[4.729s] -- Installing: /home/rstole01/Documents/CSE-596/msu_ws/install/my_messages/local/lib/python3.10/dist-packages/my_messages-0.0.0-py3.10.egg-info/PKG-INFO
[4.729s] -- Installing: /home/rstole01/Documents/CSE-596/msu_ws/install/my_messages/local/lib/python3.10/dist-packages/my_messages-0.0.0-py3.10.egg-info/dependency_links.txt
[4.748s] -- Up-to-date: /home/rstole01/Documents/CSE-596/msu_ws/install/my_messages/local/lib/python3.10/dist-packages/my_messages
[4.749s] -- Up-to-date: /home/rstole01/Documents/CSE-596/msu_ws/install/my_messages/local/lib/python3.10/dist-packages/my_messages/libmy_messages__rosidl_generator_py.so
[4.749s] -- Up-to-date: /home/rstole01/Documents/CSE-596/msu_ws/install/my_messages/local/lib/python3.10/dist-packages/my_messages/_my_messages_s.ep.rosidl_typesupport_introspection_c.c
[4.749s] -- Up-to-date: /home/rstole01/Documents/CSE-596/msu_ws/install/my_messages/local/lib/python3.10/dist-packages/my_messages/my_messages_s__rosidl_typesupport_fastrtps_c.cpython-310-x86_64-linux-gnu.so
[4.749s] -- Up-to-date: /home/rstole01/Documents/CSE-596/msu_ws/install/my_messages/local/lib/python3.10/dist-packages/my_messages/_my_messages_s.ep.rosidl_typesupport_c.c
[4.750s] -- Up-to-date: /home/rstole01/Documents/CSE-596/msu_ws/install/my_messages/local/lib/python3.10/dist-packages/my_messages/my_messages_s__rosidl_typesupport_c.cpython-310-x86_64-linux-gnu.so
[4.751s] -- Up-to-date: /home/rstole01/Documents/CSE-596/msu_ws/install/my_messages/local/lib/python3.10/dist-packages/my_messages/__init__.py
[4.751s] -- Up-to-date: /home/rstole01/Documents/CSE-596/msu_ws/install/my_messages/local/lib/python3.10/dist-packages/my_messages/msg
[4.752s] -- Up-to-date: /home/rstole01/Documents/CSE-596/msu_ws/install/my_messages/local/lib/python3.10/dist-packages/my_messages/msg/_key_value.py
[4.752s] -- Up-to-date: /home/rstole01/Documents/CSE-596/msu_ws/install/my_messages/local/lib/python3.10/dist-packages/my_messages/msg/_key_value_s.c
[4.752s] -- Up-to-date: /home/rstole01/Documents/CSE-596/msu_ws/install/my_messages/local/lib/python3.10/dist-packages/my_messages/msg/_pid_input.py
[4.753s] -- Up-to-date: /home/rstole01/Documents/CSE-596/msu_ws/install/my_messages/local/lib/python3.10/dist-packages/my_messages/msg/__init__.py
[4.753s] -- Up-to-date: /home/rstole01/Documents/CSE-596/msu_ws/install/my_messages/local/lib/python3.10/dist-packages/my_messages/msg/_pid_input_s.c
[4.753s] -- Up-to-date: /home/rstole01/Documents/CSE-596/msu_ws/install/my_messages/local/lib/python3.10/dist-packages/my_messages/my_messages_s__rosidl_typesupport_introspection_c.cpython-310-x86_64-linux-gnu.so
[4.753s] -- Up-to-date: /home/rstole01/Documents/CSE-596/msu_ws/install/my_messages/local/lib/python3.10/dist-packages/my_messages/_my_messages_s.ep.rosidl_typesupport_fastrtps_c.c
[5.050s] Listing '/home/rstole01/Documents/CSE-596/msu_ws/install/my_messages/local/lib/python3.10/dist-packages/my_messages'...
[5.050s] Listing '/home/rstole01/Documents/CSE-596/msu_ws/install/my_messages/local/lib/python3.10/dist-packages/my_messages/msg'...
[5.050s] -- Up-to-date: /home/rstole01/Documents/CSE-596/msu_ws/install/my_messages/local/lib/python3.10/dist-packages/my_messages/my_messages_s__rosidl_typesupport_fastrtps_c.cpython-310-x86_64-linux-gnu.so
[5.051s] -- Up-to-date: /home/rstole01/Documents/CSE-596/msu_ws/install/my_messages/local/lib/python3.10/dist-packages/my_messages/my_messages_s__rosidl_typesupport_introspection_c.cpython-310-x86_64-linux-gnu.so
[5.051s] -- Up-to-date: /home/rstole01/Documents/CSE-596/msu_ws/install/my_messages/local/lib/python3.10/dist-packages/my_messages/my_messages_s__rosidl_typesupport_c.cpython-310-x86_64-linux-gnu.so
[5.051s] -- Up-to-date: /home/rstole01/Documents/CSE-596/msu_ws/install/my_messages/lib/libmy_messages__rosidl_generator_py.so
[5.051s] -- Up-to-date: /home/rstole01/Documents/CSE-596/msu_ws/install/my_messages/share/my_messages/msg/PIDInput.idl
[5.052s] -- Up-to-date: /home/rstole01/Documents/CSE-596/msu_ws/install/my_messages/share/my_messages/msg/KeyValue.idl
[5.052s] -- Up-to-date: /home/rstole01/Documents/CSE-596/msu_ws/install/my_messages/share/my_messages/msg/PIDInput.msg
[5.052s] -- Up-to-date: /home/rstole01/Documents/CSE-596/msu_ws/install/my_messages/share/my_messages/msg/KeyValue.msg
[5.052s] -- Up-to-date: /home/rstole01/Documents/CSE-596/msu_ws/install/my_messages/share/ament_index/resource_index/package_run_dependencies/my_messages
[5.053s] -- Up-to-date: /home/rstole01/Documents/CSE-596/msu_ws/install/my_messages/share/ament_index/resource_index/parent_prefix_path/my_messages
[5.053s] -- Up-to-date: /home/rstole01/Documents/CSE-596/msu_ws/install/my_messages/share/my_messages/environment/ament_prefix_path.sh
[5.053s] -- Up-to-date: /home/rstole01/Documents/CSE-596/msu_ws/install/my_messages/share/my_messages/environment/ament_prefix_path.dsv
[5.053s] -- Up-to-date: /home/rstole01/Documents/CSE-596/msu_ws/install/my_messages/share/my_messages/environment/path.sh
[5.054s] -- Up-to-date: /home/rstole01/Documents/CSE-596/msu_ws/install/my_messages/share/my_messages/environment/path.dsv
[5.054s] -- Up-to-date: /home/rstole01/Documents/CSE-596/msu_ws/install/my_messages/share/my_messages/local_setup.bash
[5.054s] -- Up-to-date: /home/rstole01/Documents/CSE-596/msu_ws/install/my_messages/share/my_messages/local_setup.sh
[5.054s] -- Up-to-date: /home/rstole01/Documents/CSE-596/msu_ws/install/my_messages/share/my_messages/local_setup.zsh
[5.054s] -- Up-to-date: /home/rstole01/Documents/CSE-596/msu_ws/install/my_messages/share/my_messages/local_setup.dsv
[5.055s] -- Installing: /home/rstole01/Documents/CSE-596/msu_ws/install/my_messages/share/my_messages/package.dsv
[5.055s] -- Up-to-date: /home/rstole01/Documents/CSE-596/msu_ws/install/my_messages/share/ament_index/resource_index/packages/my_messages
[5.055s] -- Up-to-date: /home/rstole01/Documents/CSE-596/msu_ws/install/my_messages/share/my_messages/cmake/export_my_messages__rosidl_generator_cExport.cmake
[5.055s] -- Up-to-date: /home/rstole01/Documents/CSE-596/msu_ws/install/my_messages/share/my_messages/cmake/export_my_messages__rosidl_generator_cExport-noconfig.cmake
[5.056s] -- Up-to-date: /home/rstole01/Documents/CSE-596/msu_ws/install/my_messages/share/my_messages/cmake/export_my_messages__rosidl_typesupport_fastrtps_cExport.cmake
[5.056s] -- Up-to-date: /home/rstole01/Documents/CSE-596/msu_ws/install/my_messages/share/my_messages/cmake/export_my_messages__rosidl_typesupport_fastrtps_cExport-noconfig.cmake
[5.056s] -- Up-to-date: /home/rstole01/Documents/CSE-596/msu_ws/install/my_messages/share/my_messages/cmake/my_messages__rosidl_typesupport_introspection_cExport.cmake
[5.056s] -- Up-to-date: /home/rstole01/Documents/CSE-596/msu_ws/install/my_messages/share/my_messages/cmake/my_messages__rosidl_typesupport_introspection_cExport-noconfig.cmake
[5.056s] -- Up-to-date: /home/rstole01/Documents/CSE-596/msu_ws/install/my_messages/share/my_messages/cmake/my_messages__rosidl_typesupport_cExport.cmake
[5.057s] -- Up-to-date: /home/rstole01/Documents/CSE-596/msu_ws/install/my_messages/share/my_messages/cmake/my_messages__rosidl_typesupport_cExport-noconfig.cmake
[5.057s] -- Up-to-date: /home/rstole01/Documents/CSE-596/msu_ws/install/my_messages/share/my_messages/cmake/export_my_messages__rosidl_generator_cppExport.cmake
[5.057s] -- Up-to-date: /home/rstole01/Documents/CSE-596/msu_ws/install/my_messages/share/my_messages/cmake/export_my_messages__rosidl_typesupport_fastrtps_cppExport.cmake
[5.057s] -- Up-to-date: /home/rstole01/Documents/CSE-596/msu_ws/install/my_messages/share/my_messages/cmake/export_my_messages__rosidl_typesupport_fastrtps_cppExport-noconfig.cmake
[5.058s] -- Up-to-date: /home/rstole01/Documents/CSE-596/msu_ws/install/my_messages/share/my_messages/cmake/my_messages__rosidl_typesupport_introspection_cppExport.cmake
[5.058s] -- Up-to-date: /home/rstole01/Documents/CSE-596/msu_ws/install/my_messages/share/my_messages/cmake/my_messages__rosidl_typesupport_introspection_cppExport-noconfig.cmake
[5.058s] -- Up-to-date: /home/rstole01/Documents/CSE-596/msu_ws/install/my_messages/share/my_messages/cmake/my_messages__rosidl_typesupport_cppExport.cmake
[5.058s] -- Up-to-date: /home/rstole01/Documents/CSE-596/msu_ws/install/my_messages/share/my_messages/cmake/my_messages__rosidl_typesupport_cppExport-noconfig.cmake
[5.059s] -- Up-to-date: /home/rstole01/Documents/CSE-596/msu_ws/install/my_messages/share/my_messages/cmake/export_my_messages__rosidl_generator_pyExport.cmake
[5.059s] -- Up-to-date: /home/rstole01/Documents/CSE-596/msu_ws/install/my_messages/share/my_messages/cmake/export_my_messages__rosidl_generator_pyExport-noconfig.cmake
[5.059s] -- Up-to-date: /home/rstole01/Documents/CSE-596/msu_ws/install/my_messages/share/my_messages/cmake/rosidl_cmake-extras.cmake
[5.059s] -- Up-to-date: /home/rstole01/Documents/CSE-596/msu_ws/install/my_messages/share/my_messages/cmake/ament_cmake_export_dependencies-extras.cmake
[5.060s] -- Up-to-date: /home/rstole01/Documents/CSE-596/msu_ws/install/my_messages/share/my_messages/cmake/ament_cmake_export_include_directories-extras.cmake
[5.060s] -- Up-to-date: /home/rstole01/Documents/CSE-596/msu_ws/install/my_messages/share/my_messages/cmake/ament_cmake_export_libraries-extras.cmake
[5.060s] -- Up-to-date: /home/rstole01/Documents/CSE-596/msu_ws/install/my_messages/share/my_messages/cmake/ament_cmake_export_targets-extras.cmake
[5.060s] -- Up-to-date: /home/rstole01/Documents/CSE-596/msu_ws/install/my_messages/share/my_messages/cmake/rosidl_cmake_export_typesupport_targets-extras.cmake
[5.060s] -- Up-to-date: /home/rstole01/Documents/CSE-596/msu_ws/install/my_messages/share/my_messages/cmake/rosidl_cmake_export_typesupport_libraries-extras.cmake
[5.061s] -- Up-to-date: /home/rstole01/Documents/CSE-596/msu_ws/install/my_messages/share/my_messages/cmake/my_messagesConfig.cmake
[5.061s] -- Up-to-date: /home/rstole01/Documents/CSE-596/msu_ws/install/my_messages/share/my_messages/cmake/my_messagesConfig-version.cmake
[5.061s] -- Up-to-date: /home/rstole01/Documents/CSE-596/msu_ws/install/my_messages/share/my_messages/package.xml
[5.865s] Invoked command in '/home/rstole01/Documents/CSE-596/msu_ws/build/my_messages' returned '0': CMAKE_PREFIX_PATH=${CMAKE_PREFIX_PATH}:/home/rstole01/Documents/CSE-596/msu_ws/install/waypoint_writer:/home/rstole01/Documents/CSE-596/msu_ws/install/waypoint_follow:/home/rstole01/Documents/CSE-596/msu_ws/install/wall_follower_pid:/home/rstole01/Documents/CSE-596/msu_ws/install/qlearn:/home/rstole01/Documents/CSE-596/msu_ws/install/py_pubsub:/home/rstole01/Documents/CSE-596/msu_ws/install/plexer360:/home/rstole01/Documents/CSE-596/msu_ws/install/painter:/home/rstole01/Documents/CSE-596/msu_ws/install/f1tenth_gym_ros:/opt/ros/humble /usr/bin/cmake --install /home/rstole01/Documents/CSE-596/msu_ws/build/my_messages
