[0.029s] Invoking command in '/home/rstole01/Documents/CSE-596/humble_ws/build/pursuit_lab': CMAKE_PREFIX_PATH=${CMAKE_PREFIX_PATH}:/home/rstole01/Documents/CSE-596/humble_ws/install/waypoint_logger:/home/rstole01/Documents/CSE-596/humble_ws/install/scan_pubsub:/home/rstole01/Documents/CSE-596/humble_ws/install/cpp_pubsub:/home/rstole01/Documents/CSE-596/humble_ws/install/tutorial_interfaces:/home/rstole01/Documents/CSE-596/humble_ws/install/pursuit_lab:/home/rstole01/Documents/CSE-596/humble_ws/install/pid_lab:/home/rstole01/Documents/CSE-596/humble_ws/install/lab1_package:/home/rstole01/Documents/CSE-596/humble_ws/install/f1tenth_gym_ros:/home/rstole01/Documents/CSE-596/humble_ws/install/aeb_lab:/opt/ros/humble /usr/bin/cmake --build /home/rstole01/Documents/CSE-596/humble_ws/build/pursuit_lab -- -j8 -l8
[0.226s] Built target ament_cmake_python_copy_pursuit_lab_setup
[0.227s] Built target ament_cmake_python_copy_pursuit_lab
[0.848s] running egg_info
[0.849s] writing pursuit_lab.egg-info/PKG-INFO
[0.849s] writing dependency_links to pursuit_lab.egg-info/dependency_links.txt
[0.850s] writing top-level names to pursuit_lab.egg-info/top_level.txt
[0.857s] reading manifest file 'pursuit_lab.egg-info/SOURCES.txt'
[0.858s] writing manifest file 'pursuit_lab.egg-info/SOURCES.txt'
[0.909s] Built target ament_cmake_python_build_pursuit_lab_egg
[0.933s] Invoked command in '/home/rstole01/Documents/CSE-596/humble_ws/build/pursuit_lab' returned '0': CMAKE_PREFIX_PATH=${CMAKE_PREFIX_PATH}:/home/rstole01/Documents/CSE-596/humble_ws/install/waypoint_logger:/home/rstole01/Documents/CSE-596/humble_ws/install/scan_pubsub:/home/rstole01/Documents/CSE-596/humble_ws/install/cpp_pubsub:/home/rstole01/Documents/CSE-596/humble_ws/install/tutorial_interfaces:/home/rstole01/Documents/CSE-596/humble_ws/install/pursuit_lab:/home/rstole01/Documents/CSE-596/humble_ws/install/pid_lab:/home/rstole01/Documents/CSE-596/humble_ws/install/lab1_package:/home/rstole01/Documents/CSE-596/humble_ws/install/f1tenth_gym_ros:/home/rstole01/Documents/CSE-596/humble_ws/install/aeb_lab:/opt/ros/humble /usr/bin/cmake --build /home/rstole01/Documents/CSE-596/humble_ws/build/pursuit_lab -- -j8 -l8
[1.008s] Invoking command in '/home/rstole01/Documents/CSE-596/humble_ws/build/pursuit_lab': CMAKE_PREFIX_PATH=${CMAKE_PREFIX_PATH}:/home/rstole01/Documents/CSE-596/humble_ws/install/waypoint_logger:/home/rstole01/Documents/CSE-596/humble_ws/install/scan_pubsub:/home/rstole01/Documents/CSE-596/humble_ws/install/cpp_pubsub:/home/rstole01/Documents/CSE-596/humble_ws/install/tutorial_interfaces:/home/rstole01/Documents/CSE-596/humble_ws/install/pursuit_lab:/home/rstole01/Documents/CSE-596/humble_ws/install/pid_lab:/home/rstole01/Documents/CSE-596/humble_ws/install/lab1_package:/home/rstole01/Documents/CSE-596/humble_ws/install/f1tenth_gym_ros:/home/rstole01/Documents/CSE-596/humble_ws/install/aeb_lab:/opt/ros/humble /usr/bin/cmake --install /home/rstole01/Documents/CSE-596/humble_ws/build/pursuit_lab
[1.022s] -- Install configuration: ""
[1.023s] -- Up-to-date: /home/rstole01/Documents/CSE-596/humble_ws/install/pursuit_lab/share/pursuit_lab/environment/pythonpath.sh
[1.023s] -- Up-to-date: /home/rstole01/Documents/CSE-596/humble_ws/install/pursuit_lab/share/pursuit_lab/environment/pythonpath.dsv
[1.024s] -- Up-to-date: /home/rstole01/Documents/CSE-596/humble_ws/install/pursuit_lab/local/lib/python3.10/dist-packages/pursuit_lab-0.0.0-py3.10.egg-info
[1.024s] -- Installing: /home/rstole01/Documents/CSE-596/humble_ws/install/pursuit_lab/local/lib/python3.10/dist-packages/pursuit_lab-0.0.0-py3.10.egg-info/top_level.txt
[1.024s] -- Installing: /home/rstole01/Documents/CSE-596/humble_ws/install/pursuit_lab/local/lib/python3.10/dist-packages/pursuit_lab-0.0.0-py3.10.egg-info/SOURCES.txt
[1.024s] -- Installing: /home/rstole01/Documents/CSE-596/humble_ws/install/pursuit_lab/local/lib/python3.10/dist-packages/pursuit_lab-0.0.0-py3.10.egg-info/PKG-INFO
[1.025s] -- Installing: /home/rstole01/Documents/CSE-596/humble_ws/install/pursuit_lab/local/lib/python3.10/dist-packages/pursuit_lab-0.0.0-py3.10.egg-info/dependency_links.txt
[1.025s] -- Up-to-date: /home/rstole01/Documents/CSE-596/humble_ws/install/pursuit_lab/local/lib/python3.10/dist-packages/pursuit_lab
[1.025s] -- Up-to-date: /home/rstole01/Documents/CSE-596/humble_ws/install/pursuit_lab/local/lib/python3.10/dist-packages/pursuit_lab/__init__.py
[1.026s] -- Installing: /home/rstole01/Documents/CSE-596/humble_ws/install/pursuit_lab/local/lib/python3.10/dist-packages/pursuit_lab/pure_pursuit_node.py
[1.103s] Listing '/home/rstole01/Documents/CSE-596/humble_ws/install/pursuit_lab/local/lib/python3.10/dist-packages/pursuit_lab'...
[1.103s] Compiling '/home/rstole01/Documents/CSE-596/humble_ws/install/pursuit_lab/local/lib/python3.10/dist-packages/pursuit_lab/pure_pursuit_node.py'...
[1.112s] -- Installing: /home/rstole01/Documents/CSE-596/humble_ws/install/pursuit_lab/lib/pursuit_lab/pure_pursuit_node.py
[1.113s] -- Up-to-date: /home/rstole01/Documents/CSE-596/humble_ws/install/pursuit_lab/share/ament_index/resource_index/package_run_dependencies/pursuit_lab
[1.113s] -- Up-to-date: /home/rstole01/Documents/CSE-596/humble_ws/install/pursuit_lab/share/ament_index/resource_index/parent_prefix_path/pursuit_lab
[1.113s] -- Up-to-date: /home/rstole01/Documents/CSE-596/humble_ws/install/pursuit_lab/share/pursuit_lab/environment/ament_prefix_path.sh
[1.114s] -- Up-to-date: /home/rstole01/Documents/CSE-596/humble_ws/install/pursuit_lab/share/pursuit_lab/environment/ament_prefix_path.dsv
[1.114s] -- Up-to-date: /home/rstole01/Documents/CSE-596/humble_ws/install/pursuit_lab/share/pursuit_lab/environment/path.sh
[1.114s] -- Up-to-date: /home/rstole01/Documents/CSE-596/humble_ws/install/pursuit_lab/share/pursuit_lab/environment/path.dsv
[1.114s] -- Up-to-date: /home/rstole01/Documents/CSE-596/humble_ws/install/pursuit_lab/share/pursuit_lab/local_setup.bash
[1.115s] -- Up-to-date: /home/rstole01/Documents/CSE-596/humble_ws/install/pursuit_lab/share/pursuit_lab/local_setup.sh
[1.115s] -- Up-to-date: /home/rstole01/Documents/CSE-596/humble_ws/install/pursuit_lab/share/pursuit_lab/local_setup.zsh
[1.115s] -- Up-to-date: /home/rstole01/Documents/CSE-596/humble_ws/install/pursuit_lab/share/pursuit_lab/local_setup.dsv
[1.115s] -- Up-to-date: /home/rstole01/Documents/CSE-596/humble_ws/install/pursuit_lab/share/pursuit_lab/package.dsv
[1.116s] -- Up-to-date: /home/rstole01/Documents/CSE-596/humble_ws/install/pursuit_lab/share/ament_index/resource_index/packages/pursuit_lab
[1.116s] -- Up-to-date: /home/rstole01/Documents/CSE-596/humble_ws/install/pursuit_lab/share/pursuit_lab/cmake/pursuit_labConfig.cmake
[1.116s] -- Up-to-date: /home/rstole01/Documents/CSE-596/humble_ws/install/pursuit_lab/share/pursuit_lab/cmake/pursuit_labConfig-version.cmake
[1.116s] -- Up-to-date: /home/rstole01/Documents/CSE-596/humble_ws/install/pursuit_lab/share/pursuit_lab/package.xml
[1.118s] Invoked command in '/home/rstole01/Documents/CSE-596/humble_ws/build/pursuit_lab' returned '0': CMAKE_PREFIX_PATH=${CMAKE_PREFIX_PATH}:/home/rstole01/Documents/CSE-596/humble_ws/install/waypoint_logger:/home/rstole01/Documents/CSE-596/humble_ws/install/scan_pubsub:/home/rstole01/Documents/CSE-596/humble_ws/install/cpp_pubsub:/home/rstole01/Documents/CSE-596/humble_ws/install/tutorial_interfaces:/home/rstole01/Documents/CSE-596/humble_ws/install/pursuit_lab:/home/rstole01/Documents/CSE-596/humble_ws/install/pid_lab:/home/rstole01/Documents/CSE-596/humble_ws/install/lab1_package:/home/rstole01/Documents/CSE-596/humble_ws/install/f1tenth_gym_ros:/home/rstole01/Documents/CSE-596/humble_ws/install/aeb_lab:/opt/ros/humble /usr/bin/cmake --install /home/rstole01/Documents/CSE-596/humble_ws/build/pursuit_lab
