[0.023s] Invoking command in '/home/rstole01/Documents/CSE-596/humble_ws/build/cpp_pubsub': CMAKE_PREFIX_PATH=/home/rstole01/Documents/CSE-596/humble_ws/install/tutorial_interfaces:/home/rstole01/Documents/CSE-596/humble_ws/install/scan_pubsub:/home/rstole01/Documents/CSE-596/humble_ws/install/cpp_pubsub:/home/rstole01/Documents/CSE-596/humble_ws/install/pursuit_lab:/home/rstole01/Documents/CSE-596/humble_ws/install/pure-pursuit_lab:/home/rstole01/Documents/CSE-596/humble_ws/install/pid_lab:/home/rstole01/Documents/CSE-596/humble_ws/install/lab1_package:/home/rstole01/Documents/CSE-596/humble_ws/install/aeb_lab:/home/rstole01/Documents/CSE-596/humble_ws/install/waypoint_logger:/home/rstole01/Documents/CSE-596/humble_ws/install/f1tenth_gym_ros:/opt/ros/humble /usr/bin/cmake --build /home/rstole01/Documents/CSE-596/humble_ws/build/cpp_pubsub -- -j8 -l8
[0.075s] -- Found ament_cmake: 1.3.8 (/opt/ros/humble/share/ament_cmake/cmake)
[0.327s] -- Found Python3: /usr/bin/python3 (found version "3.10.12") found components: Interpreter 
[0.506s] -- Found rclcpp: 16.0.8 (/opt/ros/humble/share/rclcpp/cmake)
[0.586s] -- Found rosidl_generator_c: 3.1.5 (/opt/ros/humble/share/rosidl_generator_c/cmake)
[0.593s] -- Found rosidl_adapter: 3.1.5 (/opt/ros/humble/share/rosidl_adapter/cmake)
[0.610s] -- Found rosidl_generator_cpp: 3.1.5 (/opt/ros/humble/share/rosidl_generator_cpp/cmake)
[0.644s] -- Using all available rosidl_typesupport_c: rosidl_typesupport_fastrtps_c;rosidl_typesupport_introspection_c
[0.678s] -- Using all available rosidl_typesupport_cpp: rosidl_typesupport_fastrtps_cpp;rosidl_typesupport_introspection_cpp
[0.831s] -- Found rmw_implementation_cmake: 6.1.1 (/opt/ros/humble/share/rmw_implementation_cmake/cmake)
[0.837s] -- Found rmw_cyclonedds_cpp: 1.3.4 (/opt/ros/humble/share/rmw_cyclonedds_cpp/cmake)
[0.918s] -- Using RMW implementation 'rmw_cyclonedds_cpp' as default
[1.241s] -- Found tutorial_interfaces: 0.0.0 (/home/rstole01/Documents/CSE-596/humble_ws/install/tutorial_interfaces/share/tutorial_interfaces/cmake)
[1.581s] -- Configuring done
[1.611s] -- Generating done
[1.615s] -- Build files have been written to: /home/rstole01/Documents/CSE-596/humble_ws/build/cpp_pubsub
[1.658s] [35m[1mConsolidate compiler generated dependencies of target listener[0m
[1.659s] [35m[1mConsolidate compiler generated dependencies of target talker[0m
[1.685s] [ 25%] [32mBuilding CXX object CMakeFiles/listener.dir/src/subscriber_MSG.cpp.o[0m
[1.694s] [ 50%] [32mBuilding CXX object CMakeFiles/talker.dir/src/publisher_MSG.cpp.o[0m
[10.520s] [ 75%] [32m[1mLinking CXX executable talker[0m
[10.935s] [ 75%] Built target talker
[17.125s] [100%] [32m[1mLinking CXX executable listener[0m
[17.922s] [100%] Built target listener
