[0.269s] Invoking command in '/home/rstole01/Documents/CSE-596/humble_ws/build/tutorial_interfaces': /usr/bin/cmake /home/rstole01/Documents/CSE-596/humble_ws/src/tutorial_interfaces -DCMAKE_INSTALL_PREFIX=/home/rstole01/Documents/CSE-596/humble_ws/install/tutorial_interfaces
[0.819s] -- Configuring incomplete, errors occurred!
[0.821s] See also "/home/rstole01/Documents/CSE-596/humble_ws/build/tutorial_interfaces/CMakeFiles/CMakeOutput.log".
[0.821s] [31mCMake Error at CMakeLists.txt:9 (find_package):
[0.821s]   By not providing "Findament_cmake.cmake" in CMAKE_MODULE_PATH this project
[0.822s]   has asked CMake to find a package configuration file provided by
[0.822s]   "ament_cmake", but CMake did not find one.
[0.823s] 
[0.824s]   Could not find a package configuration file provided by "ament_cmake" with
[0.825s]   any of the following names:
[0.826s] 
[0.827s]     ament_cmakeConfig.cmake
[0.828s]     ament_cmake-config.cmake
[0.829s] 
[0.830s]   Add the installation prefix of "ament_cmake" to CMAKE_PREFIX_PATH or set
[0.830s]   "ament_cmake_DIR" to a directory containing one of the above files.  If
[0.831s]   "ament_cmake" provides a separate development package or SDK, be sure it
[0.832s]   has been installed.
[0.833s] 
[0.834s] [0m
[0.855s] Invoked command in '/home/rstole01/Documents/CSE-596/humble_ws/build/tutorial_interfaces' returned '1': /usr/bin/cmake /home/rstole01/Documents/CSE-596/humble_ws/src/tutorial_interfaces -DCMAKE_INSTALL_PREFIX=/home/rstole01/Documents/CSE-596/humble_ws/install/tutorial_interfaces
