[1.446s] DEBUG:colcon:Command line arguments: ['/usr/bin/colcon', 'build', '--packages-select', 'pursuit_lab']
[1.446s] DEBUG:colcon:Parsed command line arguments: Namespace(log_base=None, log_level=None, verb_name='build', build_base='build', install_base='install', merge_install=False, symlink_install=False, test_result_base=None, continue_on_error=False, executor='parallel', parallel_workers=8, event_handlers=None, ignore_user_meta=False, metas=['./colcon.meta'], base_paths=['.'], packages_ignore=None, packages_ignore_regex=None, paths=None, packages_up_to=None, packages_up_to_regex=None, packages_above=None, packages_above_and_dependencies=None, packages_above_depth=None, packages_select_by_dep=None, packages_skip_by_dep=None, packages_skip_up_to=None, packages_select_build_failed=False, packages_skip_build_finished=False, packages_select_test_failures=False, packages_skip_test_passed=False, packages_select=['pursuit_lab'], packages_skip=None, packages_select_regex=None, packages_skip_regex=None, packages_start=None, packages_end=None, allow_overriding=[], cmake_args=None, cmake_target=None, cmake_target_skip_unavailable=False, cmake_clean_cache=False, cmake_clean_first=False, cmake_force_configure=False, ament_cmake_args=None, catkin_cmake_args=None, catkin_skip_building_tests=False, mixin_files=None, mixin=None, verb_parser=<colcon_mixin.mixin.mixin_argument.MixinArgumentDecorator object at 0x7fe375ccef50>, verb_extension=<colcon_core.verb.build.BuildVerb object at 0x7fe375cceb90>, main=<bound method BuildVerb.main of <colcon_core.verb.build.BuildVerb object at 0x7fe375cceb90>>, mixin_verb=('build',))
[1.508s] Level 1:colcon.colcon_core.package_discovery:discover_packages(colcon_meta) check parameters
[1.508s] Level 1:colcon.colcon_core.package_discovery:discover_packages(recursive) check parameters
[1.508s] Level 1:colcon.colcon_core.package_discovery:discover_packages(ignore) check parameters
[1.508s] Level 1:colcon.colcon_core.package_discovery:discover_packages(path) check parameters
[1.508s] Level 1:colcon.colcon_core.package_discovery:discover_packages(colcon_meta) discover
[1.509s] Level 1:colcon.colcon_core.package_discovery:discover_packages(recursive) discover
[1.509s] INFO:colcon.colcon_core.package_discovery:Crawling recursively for packages in '/home/rstole01/Documents/CSE-596/humble_ws'
[1.509s] Level 1:colcon.colcon_core.package_identification:_identify(.) by extensions ['ignore', 'ignore_ament_install']
[1.509s] Level 1:colcon.colcon_core.package_identification:_identify(.) by extension 'ignore'
[1.509s] Level 1:colcon.colcon_core.package_identification:_identify(.) by extension 'ignore_ament_install'
[1.509s] Level 1:colcon.colcon_core.package_identification:_identify(.) by extensions ['colcon_pkg']
[1.509s] Level 1:colcon.colcon_core.package_identification:_identify(.) by extension 'colcon_pkg'
[1.509s] Level 1:colcon.colcon_core.package_identification:_identify(.) by extensions ['colcon_meta']
[1.509s] Level 1:colcon.colcon_core.package_identification:_identify(.) by extension 'colcon_meta'
[1.509s] Level 1:colcon.colcon_core.package_identification:_identify(.) by extensions ['ros']
[1.509s] Level 1:colcon.colcon_core.package_identification:_identify(.) by extension 'ros'
[1.520s] Level 1:colcon.colcon_core.package_identification:_identify(.) by extensions ['cmake', 'python']
[1.521s] Level 1:colcon.colcon_core.package_identification:_identify(.) by extension 'cmake'
[1.521s] Level 1:colcon.colcon_core.package_identification:_identify(.) by extension 'python'
[1.521s] Level 1:colcon.colcon_core.package_identification:_identify(.) by extensions ['python_setup_py']
[1.521s] Level 1:colcon.colcon_core.package_identification:_identify(.) by extension 'python_setup_py'
[1.521s] Level 1:colcon.colcon_core.package_identification:_identify(bag_files) by extensions ['ignore', 'ignore_ament_install']
[1.521s] Level 1:colcon.colcon_core.package_identification:_identify(bag_files) by extension 'ignore'
[1.521s] Level 1:colcon.colcon_core.package_identification:_identify(bag_files) by extension 'ignore_ament_install'
[1.521s] Level 1:colcon.colcon_core.package_identification:_identify(bag_files) by extensions ['colcon_pkg']
[1.521s] Level 1:colcon.colcon_core.package_identification:_identify(bag_files) by extension 'colcon_pkg'
[1.521s] Level 1:colcon.colcon_core.package_identification:_identify(bag_files) by extensions ['colcon_meta']
[1.521s] Level 1:colcon.colcon_core.package_identification:_identify(bag_files) by extension 'colcon_meta'
[1.521s] Level 1:colcon.colcon_core.package_identification:_identify(bag_files) by extensions ['ros']
[1.521s] Level 1:colcon.colcon_core.package_identification:_identify(bag_files) by extension 'ros'
[1.521s] Level 1:colcon.colcon_core.package_identification:_identify(bag_files) by extensions ['cmake', 'python']
[1.521s] Level 1:colcon.colcon_core.package_identification:_identify(bag_files) by extension 'cmake'
[1.522s] Level 1:colcon.colcon_core.package_identification:_identify(bag_files) by extension 'python'
[1.522s] Level 1:colcon.colcon_core.package_identification:_identify(bag_files) by extensions ['python_setup_py']
[1.522s] Level 1:colcon.colcon_core.package_identification:_identify(bag_files) by extension 'python_setup_py'
[1.522s] Level 1:colcon.colcon_core.package_identification:_identify(bag_files/rosbag2_2024_01_14-12_54_13) by extensions ['ignore', 'ignore_ament_install']
[1.522s] Level 1:colcon.colcon_core.package_identification:_identify(bag_files/rosbag2_2024_01_14-12_54_13) by extension 'ignore'
[1.522s] Level 1:colcon.colcon_core.package_identification:_identify(bag_files/rosbag2_2024_01_14-12_54_13) by extension 'ignore_ament_install'
[1.522s] Level 1:colcon.colcon_core.package_identification:_identify(bag_files/rosbag2_2024_01_14-12_54_13) by extensions ['colcon_pkg']
[1.522s] Level 1:colcon.colcon_core.package_identification:_identify(bag_files/rosbag2_2024_01_14-12_54_13) by extension 'colcon_pkg'
[1.522s] Level 1:colcon.colcon_core.package_identification:_identify(bag_files/rosbag2_2024_01_14-12_54_13) by extensions ['colcon_meta']
[1.522s] Level 1:colcon.colcon_core.package_identification:_identify(bag_files/rosbag2_2024_01_14-12_54_13) by extension 'colcon_meta'
[1.522s] Level 1:colcon.colcon_core.package_identification:_identify(bag_files/rosbag2_2024_01_14-12_54_13) by extensions ['ros']
[1.522s] Level 1:colcon.colcon_core.package_identification:_identify(bag_files/rosbag2_2024_01_14-12_54_13) by extension 'ros'
[1.522s] Level 1:colcon.colcon_core.package_identification:_identify(bag_files/rosbag2_2024_01_14-12_54_13) by extensions ['cmake', 'python']
[1.522s] Level 1:colcon.colcon_core.package_identification:_identify(bag_files/rosbag2_2024_01_14-12_54_13) by extension 'cmake'
[1.522s] Level 1:colcon.colcon_core.package_identification:_identify(bag_files/rosbag2_2024_01_14-12_54_13) by extension 'python'
[1.522s] Level 1:colcon.colcon_core.package_identification:_identify(bag_files/rosbag2_2024_01_14-12_54_13) by extensions ['python_setup_py']
[1.523s] Level 1:colcon.colcon_core.package_identification:_identify(bag_files/rosbag2_2024_01_14-12_54_13) by extension 'python_setup_py'
[1.523s] Level 1:colcon.colcon_core.package_identification:_identify(bag_files/subset) by extensions ['ignore', 'ignore_ament_install']
[1.523s] Level 1:colcon.colcon_core.package_identification:_identify(bag_files/subset) by extension 'ignore'
[1.523s] Level 1:colcon.colcon_core.package_identification:_identify(bag_files/subset) by extension 'ignore_ament_install'
[1.523s] Level 1:colcon.colcon_core.package_identification:_identify(bag_files/subset) by extensions ['colcon_pkg']
[1.523s] Level 1:colcon.colcon_core.package_identification:_identify(bag_files/subset) by extension 'colcon_pkg'
[1.523s] Level 1:colcon.colcon_core.package_identification:_identify(bag_files/subset) by extensions ['colcon_meta']
[1.523s] Level 1:colcon.colcon_core.package_identification:_identify(bag_files/subset) by extension 'colcon_meta'
[1.523s] Level 1:colcon.colcon_core.package_identification:_identify(bag_files/subset) by extensions ['ros']
[1.523s] Level 1:colcon.colcon_core.package_identification:_identify(bag_files/subset) by extension 'ros'
[1.523s] Level 1:colcon.colcon_core.package_identification:_identify(bag_files/subset) by extensions ['cmake', 'python']
[1.523s] Level 1:colcon.colcon_core.package_identification:_identify(bag_files/subset) by extension 'cmake'
[1.523s] Level 1:colcon.colcon_core.package_identification:_identify(bag_files/subset) by extension 'python'
[1.523s] Level 1:colcon.colcon_core.package_identification:_identify(bag_files/subset) by extensions ['python_setup_py']
[1.523s] Level 1:colcon.colcon_core.package_identification:_identify(bag_files/subset) by extension 'python_setup_py'
[1.524s] Level 1:colcon.colcon_core.package_identification:_identify(build) by extensions ['ignore', 'ignore_ament_install']
[1.524s] Level 1:colcon.colcon_core.package_identification:_identify(build) by extension 'ignore'
[1.524s] Level 1:colcon.colcon_core.package_identification:_identify(build) ignored
[1.524s] Level 1:colcon.colcon_core.package_identification:_identify(install) by extensions ['ignore', 'ignore_ament_install']
[1.524s] Level 1:colcon.colcon_core.package_identification:_identify(install) by extension 'ignore'
[1.524s] Level 1:colcon.colcon_core.package_identification:_identify(install) ignored
[1.524s] Level 1:colcon.colcon_core.package_identification:_identify(log) by extensions ['ignore', 'ignore_ament_install']
[1.524s] Level 1:colcon.colcon_core.package_identification:_identify(log) by extension 'ignore'
[1.524s] Level 1:colcon.colcon_core.package_identification:_identify(log) ignored
[1.525s] Level 1:colcon.colcon_core.package_identification:_identify(src) by extensions ['ignore', 'ignore_ament_install']
[1.525s] Level 1:colcon.colcon_core.package_identification:_identify(src) by extension 'ignore'
[1.525s] Level 1:colcon.colcon_core.package_identification:_identify(src) by extension 'ignore_ament_install'
[1.525s] Level 1:colcon.colcon_core.package_identification:_identify(src) by extensions ['colcon_pkg']
[1.525s] Level 1:colcon.colcon_core.package_identification:_identify(src) by extension 'colcon_pkg'
[1.525s] Level 1:colcon.colcon_core.package_identification:_identify(src) by extensions ['colcon_meta']
[1.525s] Level 1:colcon.colcon_core.package_identification:_identify(src) by extension 'colcon_meta'
[1.525s] Level 1:colcon.colcon_core.package_identification:_identify(src) by extensions ['ros']
[1.525s] Level 1:colcon.colcon_core.package_identification:_identify(src) by extension 'ros'
[1.525s] Level 1:colcon.colcon_core.package_identification:_identify(src) by extensions ['cmake', 'python']
[1.525s] Level 1:colcon.colcon_core.package_identification:_identify(src) by extension 'cmake'
[1.525s] Level 1:colcon.colcon_core.package_identification:_identify(src) by extension 'python'
[1.525s] Level 1:colcon.colcon_core.package_identification:_identify(src) by extensions ['python_setup_py']
[1.525s] Level 1:colcon.colcon_core.package_identification:_identify(src) by extension 'python_setup_py'
[1.525s] Level 1:colcon.colcon_core.package_identification:_identify(src/aeb_lab) by extensions ['ignore', 'ignore_ament_install']
[1.526s] Level 1:colcon.colcon_core.package_identification:_identify(src/aeb_lab) by extension 'ignore'
[1.526s] Level 1:colcon.colcon_core.package_identification:_identify(src/aeb_lab) by extension 'ignore_ament_install'
[1.526s] Level 1:colcon.colcon_core.package_identification:_identify(src/aeb_lab) by extensions ['colcon_pkg']
[1.526s] Level 1:colcon.colcon_core.package_identification:_identify(src/aeb_lab) by extension 'colcon_pkg'
[1.526s] Level 1:colcon.colcon_core.package_identification:_identify(src/aeb_lab) by extensions ['colcon_meta']
[1.526s] Level 1:colcon.colcon_core.package_identification:_identify(src/aeb_lab) by extension 'colcon_meta'
[1.526s] Level 1:colcon.colcon_core.package_identification:_identify(src/aeb_lab) by extensions ['ros']
[1.526s] Level 1:colcon.colcon_core.package_identification:_identify(src/aeb_lab) by extension 'ros'
[1.529s] DEBUG:colcon.colcon_core.package_identification:Package 'src/aeb_lab' with type 'ros.ament_cmake' and name 'aeb_lab'
[1.529s] Level 1:colcon.colcon_core.package_identification:_identify(src/cpp_pubsub) by extensions ['ignore', 'ignore_ament_install']
[1.529s] Level 1:colcon.colcon_core.package_identification:_identify(src/cpp_pubsub) by extension 'ignore'
[1.529s] Level 1:colcon.colcon_core.package_identification:_identify(src/cpp_pubsub) by extension 'ignore_ament_install'
[1.529s] Level 1:colcon.colcon_core.package_identification:_identify(src/cpp_pubsub) by extensions ['colcon_pkg']
[1.529s] Level 1:colcon.colcon_core.package_identification:_identify(src/cpp_pubsub) by extension 'colcon_pkg'
[1.529s] Level 1:colcon.colcon_core.package_identification:_identify(src/cpp_pubsub) by extensions ['colcon_meta']
[1.529s] Level 1:colcon.colcon_core.package_identification:_identify(src/cpp_pubsub) by extension 'colcon_meta'
[1.529s] Level 1:colcon.colcon_core.package_identification:_identify(src/cpp_pubsub) by extensions ['ros']
[1.529s] Level 1:colcon.colcon_core.package_identification:_identify(src/cpp_pubsub) by extension 'ros'
[1.530s] DEBUG:colcon.colcon_core.package_identification:Package 'src/cpp_pubsub' with type 'ros.ament_cmake' and name 'cpp_pubsub'
[1.530s] Level 1:colcon.colcon_core.package_identification:_identify(src/f1tenth_gym_ros) by extensions ['ignore', 'ignore_ament_install']
[1.530s] Level 1:colcon.colcon_core.package_identification:_identify(src/f1tenth_gym_ros) by extension 'ignore'
[1.530s] Level 1:colcon.colcon_core.package_identification:_identify(src/f1tenth_gym_ros) by extension 'ignore_ament_install'
[1.530s] Level 1:colcon.colcon_core.package_identification:_identify(src/f1tenth_gym_ros) by extensions ['colcon_pkg']
[1.530s] Level 1:colcon.colcon_core.package_identification:_identify(src/f1tenth_gym_ros) by extension 'colcon_pkg'
[1.530s] Level 1:colcon.colcon_core.package_identification:_identify(src/f1tenth_gym_ros) by extensions ['colcon_meta']
[1.530s] Level 1:colcon.colcon_core.package_identification:_identify(src/f1tenth_gym_ros) by extension 'colcon_meta'
[1.530s] Level 1:colcon.colcon_core.package_identification:_identify(src/f1tenth_gym_ros) by extensions ['ros']
[1.530s] Level 1:colcon.colcon_core.package_identification:_identify(src/f1tenth_gym_ros) by extension 'ros'
[1.531s] DEBUG:colcon.colcon_core.package_identification:Package 'src/f1tenth_gym_ros' with type 'ros.ament_python' and name 'f1tenth_gym_ros'
[1.531s] Level 1:colcon.colcon_core.package_identification:_identify(src/lab1_package) by extensions ['ignore', 'ignore_ament_install']
[1.531s] Level 1:colcon.colcon_core.package_identification:_identify(src/lab1_package) by extension 'ignore'
[1.531s] Level 1:colcon.colcon_core.package_identification:_identify(src/lab1_package) by extension 'ignore_ament_install'
[1.531s] Level 1:colcon.colcon_core.package_identification:_identify(src/lab1_package) by extensions ['colcon_pkg']
[1.531s] Level 1:colcon.colcon_core.package_identification:_identify(src/lab1_package) by extension 'colcon_pkg'
[1.531s] Level 1:colcon.colcon_core.package_identification:_identify(src/lab1_package) by extensions ['colcon_meta']
[1.532s] Level 1:colcon.colcon_core.package_identification:_identify(src/lab1_package) by extension 'colcon_meta'
[1.532s] Level 1:colcon.colcon_core.package_identification:_identify(src/lab1_package) by extensions ['ros']
[1.532s] Level 1:colcon.colcon_core.package_identification:_identify(src/lab1_package) by extension 'ros'
[1.532s] DEBUG:colcon.colcon_core.package_identification:Package 'src/lab1_package' with type 'ros.ament_cmake' and name 'lab1_package'
[1.532s] Level 1:colcon.colcon_core.package_identification:_identify(src/pid_lab) by extensions ['ignore', 'ignore_ament_install']
[1.532s] Level 1:colcon.colcon_core.package_identification:_identify(src/pid_lab) by extension 'ignore'
[1.532s] Level 1:colcon.colcon_core.package_identification:_identify(src/pid_lab) by extension 'ignore_ament_install'
[1.532s] Level 1:colcon.colcon_core.package_identification:_identify(src/pid_lab) by extensions ['colcon_pkg']
[1.533s] Level 1:colcon.colcon_core.package_identification:_identify(src/pid_lab) by extension 'colcon_pkg'
[1.533s] Level 1:colcon.colcon_core.package_identification:_identify(src/pid_lab) by extensions ['colcon_meta']
[1.533s] Level 1:colcon.colcon_core.package_identification:_identify(src/pid_lab) by extension 'colcon_meta'
[1.533s] Level 1:colcon.colcon_core.package_identification:_identify(src/pid_lab) by extensions ['ros']
[1.533s] Level 1:colcon.colcon_core.package_identification:_identify(src/pid_lab) by extension 'ros'
[1.534s] DEBUG:colcon.colcon_core.package_identification:Package 'src/pid_lab' with type 'ros.ament_cmake' and name 'pid_lab'
[1.534s] Level 1:colcon.colcon_core.package_identification:_identify(src/pure-pursuit_lab) by extensions ['ignore', 'ignore_ament_install']
[1.534s] Level 1:colcon.colcon_core.package_identification:_identify(src/pure-pursuit_lab) by extension 'ignore'
[1.534s] Level 1:colcon.colcon_core.package_identification:_identify(src/pure-pursuit_lab) by extension 'ignore_ament_install'
[1.534s] Level 1:colcon.colcon_core.package_identification:_identify(src/pure-pursuit_lab) by extensions ['colcon_pkg']
[1.534s] Level 1:colcon.colcon_core.package_identification:_identify(src/pure-pursuit_lab) by extension 'colcon_pkg'
[1.534s] Level 1:colcon.colcon_core.package_identification:_identify(src/pure-pursuit_lab) by extensions ['colcon_meta']
[1.534s] Level 1:colcon.colcon_core.package_identification:_identify(src/pure-pursuit_lab) by extension 'colcon_meta'
[1.534s] Level 1:colcon.colcon_core.package_identification:_identify(src/pure-pursuit_lab) by extensions ['ros']
[1.534s] Level 1:colcon.colcon_core.package_identification:_identify(src/pure-pursuit_lab) by extension 'ros'
[1.535s] DEBUG:colcon.colcon_core.package_identification:Package 'src/pure-pursuit_lab' with type 'ros.ament_cmake' and name 'pure-pursuit_lab'
[1.535s] Level 1:colcon.colcon_core.package_identification:_identify(src/pursuit_lab) by extensions ['ignore', 'ignore_ament_install']
[1.535s] Level 1:colcon.colcon_core.package_identification:_identify(src/pursuit_lab) by extension 'ignore'
[1.535s] Level 1:colcon.colcon_core.package_identification:_identify(src/pursuit_lab) by extension 'ignore_ament_install'
[1.535s] Level 1:colcon.colcon_core.package_identification:_identify(src/pursuit_lab) by extensions ['colcon_pkg']
[1.536s] Level 1:colcon.colcon_core.package_identification:_identify(src/pursuit_lab) by extension 'colcon_pkg'
[1.536s] Level 1:colcon.colcon_core.package_identification:_identify(src/pursuit_lab) by extensions ['colcon_meta']
[1.536s] Level 1:colcon.colcon_core.package_identification:_identify(src/pursuit_lab) by extension 'colcon_meta'
[1.536s] Level 1:colcon.colcon_core.package_identification:_identify(src/pursuit_lab) by extensions ['ros']
[1.536s] Level 1:colcon.colcon_core.package_identification:_identify(src/pursuit_lab) by extension 'ros'
[1.537s] DEBUG:colcon.colcon_core.package_identification:Package 'src/pursuit_lab' with type 'ros.ament_cmake' and name 'pursuit_lab'
[1.537s] Level 1:colcon.colcon_core.package_identification:_identify(src/scan_pubsub) by extensions ['ignore', 'ignore_ament_install']
[1.537s] Level 1:colcon.colcon_core.package_identification:_identify(src/scan_pubsub) by extension 'ignore'
[1.537s] Level 1:colcon.colcon_core.package_identification:_identify(src/scan_pubsub) by extension 'ignore_ament_install'
[1.537s] Level 1:colcon.colcon_core.package_identification:_identify(src/scan_pubsub) by extensions ['colcon_pkg']
[1.537s] Level 1:colcon.colcon_core.package_identification:_identify(src/scan_pubsub) by extension 'colcon_pkg'
[1.537s] Level 1:colcon.colcon_core.package_identification:_identify(src/scan_pubsub) by extensions ['colcon_meta']
[1.537s] Level 1:colcon.colcon_core.package_identification:_identify(src/scan_pubsub) by extension 'colcon_meta'
[1.537s] Level 1:colcon.colcon_core.package_identification:_identify(src/scan_pubsub) by extensions ['ros']
[1.537s] Level 1:colcon.colcon_core.package_identification:_identify(src/scan_pubsub) by extension 'ros'
[1.538s] DEBUG:colcon.colcon_core.package_identification:Package 'src/scan_pubsub' with type 'ros.ament_cmake' and name 'scan_pubsub'
[1.538s] Level 1:colcon.colcon_core.package_identification:_identify(src/tutorial_interfaces) by extensions ['ignore', 'ignore_ament_install']
[1.538s] Level 1:colcon.colcon_core.package_identification:_identify(src/tutorial_interfaces) by extension 'ignore'
[1.538s] Level 1:colcon.colcon_core.package_identification:_identify(src/tutorial_interfaces) by extension 'ignore_ament_install'
[1.539s] Level 1:colcon.colcon_core.package_identification:_identify(src/tutorial_interfaces) by extensions ['colcon_pkg']
[1.539s] Level 1:colcon.colcon_core.package_identification:_identify(src/tutorial_interfaces) by extension 'colcon_pkg'
[1.539s] Level 1:colcon.colcon_core.package_identification:_identify(src/tutorial_interfaces) by extensions ['colcon_meta']
[1.539s] Level 1:colcon.colcon_core.package_identification:_identify(src/tutorial_interfaces) by extension 'colcon_meta'
[1.539s] Level 1:colcon.colcon_core.package_identification:_identify(src/tutorial_interfaces) by extensions ['ros']
[1.539s] Level 1:colcon.colcon_core.package_identification:_identify(src/tutorial_interfaces) by extension 'ros'
[1.539s] DEBUG:colcon.colcon_core.package_identification:Package 'src/tutorial_interfaces' with type 'ros.ament_cmake' and name 'tutorial_interfaces'
[1.539s] Level 1:colcon.colcon_core.package_identification:_identify(src/waypoint_logger) by extensions ['ignore', 'ignore_ament_install']
[1.539s] Level 1:colcon.colcon_core.package_identification:_identify(src/waypoint_logger) by extension 'ignore'
[1.539s] Level 1:colcon.colcon_core.package_identification:_identify(src/waypoint_logger) by extension 'ignore_ament_install'
[1.540s] Level 1:colcon.colcon_core.package_identification:_identify(src/waypoint_logger) by extensions ['colcon_pkg']
[1.540s] Level 1:colcon.colcon_core.package_identification:_identify(src/waypoint_logger) by extension 'colcon_pkg'
[1.540s] Level 1:colcon.colcon_core.package_identification:_identify(src/waypoint_logger) by extensions ['colcon_meta']
[1.540s] Level 1:colcon.colcon_core.package_identification:_identify(src/waypoint_logger) by extension 'colcon_meta'
[1.540s] Level 1:colcon.colcon_core.package_identification:_identify(src/waypoint_logger) by extensions ['ros']
[1.540s] Level 1:colcon.colcon_core.package_identification:_identify(src/waypoint_logger) by extension 'ros'
[1.540s] DEBUG:colcon.colcon_core.package_identification:Package 'src/waypoint_logger' with type 'ros.ament_python' and name 'waypoint_logger'
[1.540s] Level 1:colcon.colcon_core.package_identification:_identify(waypoints) by extensions ['ignore', 'ignore_ament_install']
[1.540s] Level 1:colcon.colcon_core.package_identification:_identify(waypoints) by extension 'ignore'
[1.540s] Level 1:colcon.colcon_core.package_identification:_identify(waypoints) by extension 'ignore_ament_install'
[1.540s] Level 1:colcon.colcon_core.package_identification:_identify(waypoints) by extensions ['colcon_pkg']
[1.540s] Level 1:colcon.colcon_core.package_identification:_identify(waypoints) by extension 'colcon_pkg'
[1.540s] Level 1:colcon.colcon_core.package_identification:_identify(waypoints) by extensions ['colcon_meta']
[1.540s] Level 1:colcon.colcon_core.package_identification:_identify(waypoints) by extension 'colcon_meta'
[1.541s] Level 1:colcon.colcon_core.package_identification:_identify(waypoints) by extensions ['ros']
[1.541s] Level 1:colcon.colcon_core.package_identification:_identify(waypoints) by extension 'ros'
[1.541s] Level 1:colcon.colcon_core.package_identification:_identify(waypoints) by extensions ['cmake', 'python']
[1.541s] Level 1:colcon.colcon_core.package_identification:_identify(waypoints) by extension 'cmake'
[1.541s] Level 1:colcon.colcon_core.package_identification:_identify(waypoints) by extension 'python'
[1.541s] Level 1:colcon.colcon_core.package_identification:_identify(waypoints) by extensions ['python_setup_py']
[1.541s] Level 1:colcon.colcon_core.package_identification:_identify(waypoints) by extension 'python_setup_py'
[1.541s] Level 1:colcon.colcon_core.package_discovery:discover_packages(recursive) using defaults
[1.541s] Level 1:colcon.colcon_core.package_discovery:discover_packages(ignore) discover
[1.541s] Level 1:colcon.colcon_core.package_discovery:discover_packages(ignore) using defaults
[1.541s] Level 1:colcon.colcon_core.package_discovery:discover_packages(path) discover
[1.541s] Level 1:colcon.colcon_core.package_discovery:discover_packages(path) using defaults
[1.610s] INFO:colcon.colcon_core.package_selection:Skipping not selected package 'aeb_lab' in 'src/aeb_lab'
[1.610s] INFO:colcon.colcon_core.package_selection:Skipping not selected package 'f1tenth_gym_ros' in 'src/f1tenth_gym_ros'
[1.610s] INFO:colcon.colcon_core.package_selection:Skipping not selected package 'lab1_package' in 'src/lab1_package'
[1.610s] INFO:colcon.colcon_core.package_selection:Skipping not selected package 'pid_lab' in 'src/pid_lab'
[1.610s] INFO:colcon.colcon_core.package_selection:Skipping not selected package 'pure-pursuit_lab' in 'src/pure-pursuit_lab'
[1.610s] INFO:colcon.colcon_core.package_selection:Skipping not selected package 'tutorial_interfaces' in 'src/tutorial_interfaces'
[1.610s] INFO:colcon.colcon_core.package_selection:Skipping not selected package 'waypoint_logger' in 'src/waypoint_logger'
[1.610s] INFO:colcon.colcon_core.package_selection:Skipping not selected package 'cpp_pubsub' in 'src/cpp_pubsub'
[1.610s] INFO:colcon.colcon_core.package_selection:Skipping not selected package 'scan_pubsub' in 'src/scan_pubsub'
[1.679s] Level 1:colcon.colcon_core.package_discovery:discover_packages(prefix_path) check parameters
[1.679s] Level 1:colcon.colcon_core.package_discovery:discover_packages(prefix_path) discover
[1.764s] DEBUG:colcon.colcon_installed_package_information.package_discovery:Found 10 installed packages in /home/rstole01/Documents/CSE-596/humble_ws/install
[1.803s] DEBUG:colcon.colcon_installed_package_information.package_discovery:Found 389 installed packages in /opt/ros/humble
[1.806s] Level 1:colcon.colcon_core.package_discovery:discover_packages(prefix_path) using defaults
[2.034s] Level 5:colcon.colcon_core.verb:set package 'pursuit_lab' build argument 'cmake_args' from command line to 'None'
[2.034s] Level 5:colcon.colcon_core.verb:set package 'pursuit_lab' build argument 'cmake_target' from command line to 'None'
[2.035s] Level 5:colcon.colcon_core.verb:set package 'pursuit_lab' build argument 'cmake_target_skip_unavailable' from command line to 'False'
[2.035s] Level 5:colcon.colcon_core.verb:set package 'pursuit_lab' build argument 'cmake_clean_cache' from command line to 'False'
[2.035s] Level 5:colcon.colcon_core.verb:set package 'pursuit_lab' build argument 'cmake_clean_first' from command line to 'False'
[2.035s] Level 5:colcon.colcon_core.verb:set package 'pursuit_lab' build argument 'cmake_force_configure' from command line to 'False'
[2.035s] Level 5:colcon.colcon_core.verb:set package 'pursuit_lab' build argument 'ament_cmake_args' from command line to 'None'
[2.035s] Level 5:colcon.colcon_core.verb:set package 'pursuit_lab' build argument 'catkin_cmake_args' from command line to 'None'
[2.035s] Level 5:colcon.colcon_core.verb:set package 'pursuit_lab' build argument 'catkin_skip_building_tests' from command line to 'False'
[2.035s] DEBUG:colcon.colcon_core.verb:Building package 'pursuit_lab' with the following arguments: {'ament_cmake_args': None, 'build_base': '/home/rstole01/Documents/CSE-596/humble_ws/build/pursuit_lab', 'catkin_cmake_args': None, 'catkin_skip_building_tests': False, 'cmake_args': None, 'cmake_clean_cache': False, 'cmake_clean_first': False, 'cmake_force_configure': False, 'cmake_target': None, 'cmake_target_skip_unavailable': False, 'install_base': '/home/rstole01/Documents/CSE-596/humble_ws/install/pursuit_lab', 'merge_install': False, 'path': '/home/rstole01/Documents/CSE-596/humble_ws/src/pursuit_lab', 'symlink_install': False, 'test_result_base': None}
[2.071s] INFO:colcon.colcon_core.executor:Executing jobs using 'parallel' executor
[2.109s] DEBUG:colcon.colcon_parallel_executor.executor.parallel:run_until_complete
[2.110s] INFO:colcon.colcon_ros.task.ament_cmake.build:Building ROS package in '/home/rstole01/Documents/CSE-596/humble_ws/src/pursuit_lab' with build type 'ament_cmake'
[2.110s] INFO:colcon.colcon_cmake.task.cmake.build:Building CMake package in '/home/rstole01/Documents/CSE-596/humble_ws/src/pursuit_lab'
[2.151s] INFO:colcon.colcon_core.plugin_system:Skipping extension 'colcon_core.shell.bat': Not used on non-Windows systems
[2.151s] INFO:colcon.colcon_core.shell:Skip shell extension 'powershell' for command environment: Not usable outside of PowerShell
[2.151s] DEBUG:colcon.colcon_core.shell:Skip shell extension 'dsv' for command environment
[2.296s] DEBUG:colcon.colcon_core.event_handler.log_command:Invoking command in '/home/rstole01/Documents/CSE-596/humble_ws/build/pursuit_lab': CMAKE_PREFIX_PATH=${CMAKE_PREFIX_PATH}:/home/rstole01/Documents/CSE-596/humble_ws/install/waypoint_logger:/home/rstole01/Documents/CSE-596/humble_ws/install/f1tenth_gym_ros:/opt/ros/humble /usr/bin/cmake --build /home/rstole01/Documents/CSE-596/humble_ws/build/pursuit_lab -- -j8 -l8
[3.028s] DEBUG:colcon.colcon_core.event_handler.log_command:Invoked command in '/home/rstole01/Documents/CSE-596/humble_ws/build/pursuit_lab' returned '0': CMAKE_PREFIX_PATH=${CMAKE_PREFIX_PATH}:/home/rstole01/Documents/CSE-596/humble_ws/install/waypoint_logger:/home/rstole01/Documents/CSE-596/humble_ws/install/f1tenth_gym_ros:/opt/ros/humble /usr/bin/cmake --build /home/rstole01/Documents/CSE-596/humble_ws/build/pursuit_lab -- -j8 -l8
[3.099s] DEBUG:colcon.colcon_core.event_handler.log_command:Invoking command in '/home/rstole01/Documents/CSE-596/humble_ws/build/pursuit_lab': CMAKE_PREFIX_PATH=${CMAKE_PREFIX_PATH}:/home/rstole01/Documents/CSE-596/humble_ws/install/waypoint_logger:/home/rstole01/Documents/CSE-596/humble_ws/install/f1tenth_gym_ros:/opt/ros/humble /usr/bin/cmake --install /home/rstole01/Documents/CSE-596/humble_ws/build/pursuit_lab
[3.191s] Level 1:colcon.colcon_core.environment:create_environment_scripts_only(pursuit_lab)
[3.192s] DEBUG:colcon.colcon_core.event_handler.log_command:Invoked command in '/home/rstole01/Documents/CSE-596/humble_ws/build/pursuit_lab' returned '0': CMAKE_PREFIX_PATH=${CMAKE_PREFIX_PATH}:/home/rstole01/Documents/CSE-596/humble_ws/install/waypoint_logger:/home/rstole01/Documents/CSE-596/humble_ws/install/f1tenth_gym_ros:/opt/ros/humble /usr/bin/cmake --install /home/rstole01/Documents/CSE-596/humble_ws/build/pursuit_lab
[3.214s] Level 1:colcon.colcon_core.environment:checking '/home/rstole01/Documents/CSE-596/humble_ws/install/pursuit_lab' for CMake module files
[3.214s] Level 1:colcon.colcon_core.environment:checking '/home/rstole01/Documents/CSE-596/humble_ws/install/pursuit_lab' for CMake config files
[3.215s] Level 1:colcon.colcon_core.shell:create_environment_hook('pursuit_lab', 'cmake_prefix_path')
[3.235s] INFO:colcon.colcon_core.shell:Creating environment hook '/home/rstole01/Documents/CSE-596/humble_ws/install/pursuit_lab/share/pursuit_lab/hook/cmake_prefix_path.ps1'
[3.235s] INFO:colcon.colcon_core.shell:Creating environment descriptor '/home/rstole01/Documents/CSE-596/humble_ws/install/pursuit_lab/share/pursuit_lab/hook/cmake_prefix_path.dsv'
[3.235s] INFO:colcon.colcon_core.shell:Creating environment hook '/home/rstole01/Documents/CSE-596/humble_ws/install/pursuit_lab/share/pursuit_lab/hook/cmake_prefix_path.sh'
[3.236s] Level 1:colcon.colcon_core.environment:checking '/home/rstole01/Documents/CSE-596/humble_ws/install/pursuit_lab/lib'
[3.236s] Level 1:colcon.colcon_core.environment:checking '/home/rstole01/Documents/CSE-596/humble_ws/install/pursuit_lab/bin'
[3.236s] Level 1:colcon.colcon_core.environment:checking '/home/rstole01/Documents/CSE-596/humble_ws/install/pursuit_lab/lib/pkgconfig/pursuit_lab.pc'
[3.237s] Level 1:colcon.colcon_core.environment:checking '/home/rstole01/Documents/CSE-596/humble_ws/install/pursuit_lab/lib/python3.10/site-packages'
[3.237s] Level 1:colcon.colcon_core.environment:checking '/home/rstole01/Documents/CSE-596/humble_ws/install/pursuit_lab/bin'
[3.254s] INFO:colcon.colcon_core.shell:Creating package script '/home/rstole01/Documents/CSE-596/humble_ws/install/pursuit_lab/share/pursuit_lab/package.ps1'
[3.255s] INFO:colcon.colcon_core.shell:Creating package descriptor '/home/rstole01/Documents/CSE-596/humble_ws/install/pursuit_lab/share/pursuit_lab/package.dsv'
[3.255s] INFO:colcon.colcon_core.shell:Creating package script '/home/rstole01/Documents/CSE-596/humble_ws/install/pursuit_lab/share/pursuit_lab/package.sh'
[3.256s] INFO:colcon.colcon_core.shell:Creating package script '/home/rstole01/Documents/CSE-596/humble_ws/install/pursuit_lab/share/pursuit_lab/package.bash'
[3.256s] INFO:colcon.colcon_core.shell:Creating package script '/home/rstole01/Documents/CSE-596/humble_ws/install/pursuit_lab/share/pursuit_lab/package.zsh'
[3.257s] Level 1:colcon.colcon_core.environment:create_file_with_runtime_dependencies(/home/rstole01/Documents/CSE-596/humble_ws/install/pursuit_lab/share/colcon-core/packages/pursuit_lab)
[3.302s] Level 1:colcon.colcon_core.environment:create_environment_scripts_only(pursuit_lab)
[3.321s] Level 1:colcon.colcon_core.environment:checking '/home/rstole01/Documents/CSE-596/humble_ws/install/pursuit_lab' for CMake module files
[3.322s] Level 1:colcon.colcon_core.environment:checking '/home/rstole01/Documents/CSE-596/humble_ws/install/pursuit_lab' for CMake config files
[3.322s] Level 1:colcon.colcon_core.shell:create_environment_hook('pursuit_lab', 'cmake_prefix_path')
[3.343s] INFO:colcon.colcon_core.shell:Creating environment hook '/home/rstole01/Documents/CSE-596/humble_ws/install/pursuit_lab/share/pursuit_lab/hook/cmake_prefix_path.ps1'
[3.344s] INFO:colcon.colcon_core.shell:Creating environment descriptor '/home/rstole01/Documents/CSE-596/humble_ws/install/pursuit_lab/share/pursuit_lab/hook/cmake_prefix_path.dsv'
[3.344s] INFO:colcon.colcon_core.shell:Creating environment hook '/home/rstole01/Documents/CSE-596/humble_ws/install/pursuit_lab/share/pursuit_lab/hook/cmake_prefix_path.sh'
[3.345s] Level 1:colcon.colcon_core.environment:checking '/home/rstole01/Documents/CSE-596/humble_ws/install/pursuit_lab/lib'
[3.345s] Level 1:colcon.colcon_core.environment:checking '/home/rstole01/Documents/CSE-596/humble_ws/install/pursuit_lab/bin'
[3.345s] Level 1:colcon.colcon_core.environment:checking '/home/rstole01/Documents/CSE-596/humble_ws/install/pursuit_lab/lib/pkgconfig/pursuit_lab.pc'
[3.345s] Level 1:colcon.colcon_core.environment:checking '/home/rstole01/Documents/CSE-596/humble_ws/install/pursuit_lab/lib/python3.10/site-packages'
[3.345s] Level 1:colcon.colcon_core.environment:checking '/home/rstole01/Documents/CSE-596/humble_ws/install/pursuit_lab/bin'
[3.365s] INFO:colcon.colcon_core.shell:Creating package script '/home/rstole01/Documents/CSE-596/humble_ws/install/pursuit_lab/share/pursuit_lab/package.ps1'
[3.366s] INFO:colcon.colcon_core.shell:Creating package descriptor '/home/rstole01/Documents/CSE-596/humble_ws/install/pursuit_lab/share/pursuit_lab/package.dsv'
[3.367s] INFO:colcon.colcon_core.shell:Creating package script '/home/rstole01/Documents/CSE-596/humble_ws/install/pursuit_lab/share/pursuit_lab/package.sh'
[3.367s] INFO:colcon.colcon_core.shell:Creating package script '/home/rstole01/Documents/CSE-596/humble_ws/install/pursuit_lab/share/pursuit_lab/package.bash'
[3.367s] INFO:colcon.colcon_core.shell:Creating package script '/home/rstole01/Documents/CSE-596/humble_ws/install/pursuit_lab/share/pursuit_lab/package.zsh'
[3.368s] Level 1:colcon.colcon_core.environment:create_file_with_runtime_dependencies(/home/rstole01/Documents/CSE-596/humble_ws/install/pursuit_lab/share/colcon-core/packages/pursuit_lab)
[3.368s] DEBUG:colcon.colcon_parallel_executor.executor.parallel:closing loop
[3.368s] DEBUG:colcon.colcon_parallel_executor.executor.parallel:loop closed
[3.369s] DEBUG:colcon.colcon_parallel_executor.executor.parallel:run_until_complete finished with '0'
[3.369s] DEBUG:colcon.colcon_core.event_reactor:joining thread
[3.391s] INFO:colcon.colcon_core.plugin_system:Skipping extension 'colcon_notification.desktop_notification.terminal_notifier': Not used on non-Darwin systems
[3.391s] INFO:colcon.colcon_core.plugin_system:Skipping extension 'colcon_notification.desktop_notification.win32': Not used on non-Windows systems
[3.391s] INFO:colcon.colcon_notification.desktop_notification:Sending desktop notification using 'notify2'
[3.402s] DEBUG:colcon.colcon_core.event_reactor:joined thread
[3.422s] INFO:colcon.colcon_core.shell:Creating prefix script '/home/rstole01/Documents/CSE-596/humble_ws/install/local_setup.ps1'
[3.423s] INFO:colcon.colcon_core.shell:Creating prefix util module '/home/rstole01/Documents/CSE-596/humble_ws/install/_local_setup_util_ps1.py'
[3.424s] INFO:colcon.colcon_core.shell:Creating prefix chain script '/home/rstole01/Documents/CSE-596/humble_ws/install/setup.ps1'
[3.445s] INFO:colcon.colcon_core.shell:Creating prefix script '/home/rstole01/Documents/CSE-596/humble_ws/install/local_setup.sh'
[3.445s] INFO:colcon.colcon_core.shell:Creating prefix util module '/home/rstole01/Documents/CSE-596/humble_ws/install/_local_setup_util_sh.py'
[3.446s] INFO:colcon.colcon_core.shell:Creating prefix chain script '/home/rstole01/Documents/CSE-596/humble_ws/install/setup.sh'
[3.467s] INFO:colcon.colcon_core.shell:Creating prefix script '/home/rstole01/Documents/CSE-596/humble_ws/install/local_setup.bash'
[3.468s] INFO:colcon.colcon_core.shell:Creating prefix chain script '/home/rstole01/Documents/CSE-596/humble_ws/install/setup.bash'
[3.488s] INFO:colcon.colcon_core.shell:Creating prefix script '/home/rstole01/Documents/CSE-596/humble_ws/install/local_setup.zsh'
[3.489s] INFO:colcon.colcon_core.shell:Creating prefix chain script '/home/rstole01/Documents/CSE-596/humble_ws/install/setup.zsh'
