running egg_info
writing ../../build/plexer360/plexer360.egg-info/PKG-INFO
writing dependency_links to ../../build/plexer360/plexer360.egg-info/dependency_links.txt
writing entry points to ../../build/plexer360/plexer360.egg-info/entry_points.txt
writing requirements to ../../build/plexer360/plexer360.egg-info/requires.txt
writing top-level names to ../../build/plexer360/plexer360.egg-info/top_level.txt
reading manifest file '../../build/plexer360/plexer360.egg-info/SOURCES.txt'
/usr/lib/python3/dist-packages/setuptools/command/install.py:34: SetuptoolsDeprecationWarning: setup.py install is deprecated. Use build and pip and other standards-based tools.
  warnings.warn(
writing manifest file '../../build/plexer360/plexer360.egg-info/SOURCES.txt'
running build
running build_py
running install
running install_lib
running install_data
running install_egg_info
removing '/home/rstole01/Documents/CSE-596/msu_ws/install/plexer360/lib/python3.10/site-packages/plexer360-0.0.0-py3.10.egg-info' (and everything under it)
Copying ../../build/plexer360/plexer360.egg-info to /home/rstole01/Documents/CSE-596/msu_ws/install/plexer360/lib/python3.10/site-packages/plexer360-0.0.0-py3.10.egg-info
running install_scripts
Installing dec script to /home/rstole01/Documents/CSE-596/msu_ws/install/plexer360/lib/plexer360
Installing learn script to /home/rstole01/Documents/CSE-596/msu_ws/install/plexer360/lib/plexer360
Installing pub script to /home/rstole01/Documents/CSE-596/msu_ws/install/plexer360/lib/plexer360
Installing sub script to /home/rstole01/Documents/CSE-596/msu_ws/install/plexer360/lib/plexer360
writing list of installed files to '/home/rstole01/Documents/CSE-596/msu_ws/build/plexer360/install.log'
