[3.780s] Invoking command in '/home/rstole01/Documents/CSE-596/humble_ws/src/f1tenth_system/teleop_tools/mouse_teleop': PYTHONPATH=/home/rstole01/Documents/CSE-596/humble_ws/build/mouse_teleop/prefix_override:/home/rstole01/Documents/CSE-596/humble_ws/install/mouse_teleop/lib/python3.10/site-packages:${PYTHONPATH} /usr/bin/python3 setup.py egg_info --egg-base ../../../../build/mouse_teleop build --build-base /home/rstole01/Documents/CSE-596/humble_ws/build/mouse_teleop/build install --record /home/rstole01/Documents/CSE-596/humble_ws/build/mouse_teleop/install.log --install-scripts $base/lib/mouse_teleop --single-version-externally-managed
[4.302s] /usr/lib/python3/dist-packages/setuptools/dist.py:723: UserWarning: Usage of dash-separated 'script-dir' will not be supported in future versions. Please use the underscore name 'script_dir' instead
[4.302s]   warnings.warn(
[4.315s] running egg_info
[4.316s] writing ../../../../build/mouse_teleop/mouse_teleop.egg-info/PKG-INFO
[4.316s] writing dependency_links to ../../../../build/mouse_teleop/mouse_teleop.egg-info/dependency_links.txt
[4.317s] writing entry points to ../../../../build/mouse_teleop/mouse_teleop.egg-info/entry_points.txt
[4.317s] writing requirements to ../../../../build/mouse_teleop/mouse_teleop.egg-info/requires.txt
[4.317s] writing top-level names to ../../../../build/mouse_teleop/mouse_teleop.egg-info/top_level.txt
[4.320s] reading manifest file '../../../../build/mouse_teleop/mouse_teleop.egg-info/SOURCES.txt'
[4.320s] adding license file 'LICENSE'
[4.322s] writing manifest file '../../../../build/mouse_teleop/mouse_teleop.egg-info/SOURCES.txt'
[4.323s] running build
[4.323s] running build_py
[4.323s] running install
[4.323s] /usr/lib/python3/dist-packages/setuptools/command/install.py:34: SetuptoolsDeprecationWarning: setup.py install is deprecated. Use build and pip and other standards-based tools.
[4.323s]   warnings.warn(
[4.324s] running install_lib
[4.326s] running install_data
[4.327s] running install_egg_info
[4.332s] removing '/home/rstole01/Documents/CSE-596/humble_ws/install/mouse_teleop/lib/python3.10/site-packages/mouse_teleop-0.3.0-py3.10.egg-info' (and everything under it)
[4.332s] Copying ../../../../build/mouse_teleop/mouse_teleop.egg-info to /home/rstole01/Documents/CSE-596/humble_ws/install/mouse_teleop/lib/python3.10/site-packages/mouse_teleop-0.3.0-py3.10.egg-info
[4.334s] running install_scripts
[4.376s] Installing mouse_teleop script to /home/rstole01/Documents/CSE-596/humble_ws/install/mouse_teleop/lib/mouse_teleop
[4.376s] writing list of installed files to '/home/rstole01/Documents/CSE-596/humble_ws/build/mouse_teleop/install.log'
