[0.559s] Invoking command in '/home/rstole01/Documents/CSE-596/humble_ws/build/pid_lab': CMAKE_PREFIX_PATH=/opt/ros/humble /usr/bin/cmake --build /home/rstole01/Documents/CSE-596/humble_ws/build/pid_lab -- -j8 -l8
[0.635s] [100%] Built target pid
[0.729s] Invoked command in '/home/rstole01/Documents/CSE-596/humble_ws/build/pid_lab' returned '0': CMAKE_PREFIX_PATH=/opt/ros/humble /usr/bin/cmake --build /home/rstole01/Documents/CSE-596/humble_ws/build/pid_lab -- -j8 -l8
[0.895s] Invoking command in '/home/rstole01/Documents/CSE-596/humble_ws/build/pid_lab': CMAKE_PREFIX_PATH=/opt/ros/humble /usr/bin/cmake --install /home/rstole01/Documents/CSE-596/humble_ws/build/pid_lab
[0.907s] -- Install configuration: ""
[0.938s] -- Up-to-date: /home/rstole01/Documents/CSE-596/humble_ws/install/pid_lab/lib/pid_lab/pid
[0.939s] -- Up-to-date: /home/rstole01/Documents/CSE-596/humble_ws/install/pid_lab/share/ament_index/resource_index/package_run_dependencies/pid_lab
[0.939s] -- Up-to-date: /home/rstole01/Documents/CSE-596/humble_ws/install/pid_lab/share/ament_index/resource_index/parent_prefix_path/pid_lab
[0.940s] -- Up-to-date: /home/rstole01/Documents/CSE-596/humble_ws/install/pid_lab/share/pid_lab/environment/ament_prefix_path.sh
[0.940s] -- Up-to-date: /home/rstole01/Documents/CSE-596/humble_ws/install/pid_lab/share/pid_lab/environment/ament_prefix_path.dsv
[0.940s] -- Up-to-date: /home/rstole01/Documents/CSE-596/humble_ws/install/pid_lab/share/pid_lab/environment/path.sh
[0.940s] -- Up-to-date: /home/rstole01/Documents/CSE-596/humble_ws/install/pid_lab/share/pid_lab/environment/path.dsv
[0.941s] -- Up-to-date: /home/rstole01/Documents/CSE-596/humble_ws/install/pid_lab/share/pid_lab/local_setup.bash
[0.941s] -- Up-to-date: /home/rstole01/Documents/CSE-596/humble_ws/install/pid_lab/share/pid_lab/local_setup.sh
[0.942s] -- Up-to-date: /home/rstole01/Documents/CSE-596/humble_ws/install/pid_lab/share/pid_lab/local_setup.zsh
[0.942s] -- Up-to-date: /home/rstole01/Documents/CSE-596/humble_ws/install/pid_lab/share/pid_lab/local_setup.dsv
[0.942s] -- Installing: /home/rstole01/Documents/CSE-596/humble_ws/install/pid_lab/share/pid_lab/package.dsv
[0.943s] -- Up-to-date: /home/rstole01/Documents/CSE-596/humble_ws/install/pid_lab/share/ament_index/resource_index/packages/pid_lab
[0.943s] -- Up-to-date: /home/rstole01/Documents/CSE-596/humble_ws/install/pid_lab/share/pid_lab/cmake/pid_labConfig.cmake
[0.943s] -- Up-to-date: /home/rstole01/Documents/CSE-596/humble_ws/install/pid_lab/share/pid_lab/cmake/pid_labConfig-version.cmake
[0.944s] -- Up-to-date: /home/rstole01/Documents/CSE-596/humble_ws/install/pid_lab/share/pid_lab/package.xml
[0.956s] Invoked command in '/home/rstole01/Documents/CSE-596/humble_ws/build/pid_lab' returned '0': CMAKE_PREFIX_PATH=/opt/ros/humble /usr/bin/cmake --install /home/rstole01/Documents/CSE-596/humble_ws/build/pid_lab
