[0.575s] Invoking command in '/home/rstole01/Documents/CSE-596/humble_ws/build/pid_lab': CMAKE_PREFIX_PATH=${CMAKE_PREFIX_PATH}:/home/rstole01/Documents/CSE-596/humble_ws/install/waypoint_logger:/home/rstole01/Documents/CSE-596/humble_ws/install/f1tenth_gym_ros:/opt/ros/humble /usr/bin/cmake --build /home/rstole01/Documents/CSE-596/humble_ws/build/pid_lab -- -j8 -l8
[0.667s] [35m[1mConsolidate compiler generated dependencies of target pid[0m
[0.711s] [100%] Built target pid
[1.092s] Invoked command in '/home/rstole01/Documents/CSE-596/humble_ws/build/pid_lab' returned '0': CMAKE_PREFIX_PATH=${CMAKE_PREFIX_PATH}:/home/rstole01/Documents/CSE-596/humble_ws/install/waypoint_logger:/home/rstole01/Documents/CSE-596/humble_ws/install/f1tenth_gym_ros:/opt/ros/humble /usr/bin/cmake --build /home/rstole01/Documents/CSE-596/humble_ws/build/pid_lab -- -j8 -l8
[1.181s] Invoking command in '/home/rstole01/Documents/CSE-596/humble_ws/build/pid_lab': CMAKE_PREFIX_PATH=${CMAKE_PREFIX_PATH}:/home/rstole01/Documents/CSE-596/humble_ws/install/waypoint_logger:/home/rstole01/Documents/CSE-596/humble_ws/install/f1tenth_gym_ros:/opt/ros/humble /usr/bin/cmake --install /home/rstole01/Documents/CSE-596/humble_ws/build/pid_lab
[1.197s] -- Install configuration: ""
[1.198s] -- Installing: /home/rstole01/Documents/CSE-596/humble_ws/install/pid_lab/lib/pid_lab/pid
[1.211s] -- Set runtime path of "/home/rstole01/Documents/CSE-596/humble_ws/install/pid_lab/lib/pid_lab/pid" to ""
[1.212s] -- Up-to-date: /home/rstole01/Documents/CSE-596/humble_ws/install/pid_lab/share/ament_index/resource_index/package_run_dependencies/pid_lab
[1.212s] -- Installing: /home/rstole01/Documents/CSE-596/humble_ws/install/pid_lab/share/ament_index/resource_index/parent_prefix_path/pid_lab
[1.213s] -- Installing: /home/rstole01/Documents/CSE-596/humble_ws/install/pid_lab/share/pid_lab/environment/ament_prefix_path.sh
[1.214s] -- Installing: /home/rstole01/Documents/CSE-596/humble_ws/install/pid_lab/share/pid_lab/environment/ament_prefix_path.dsv
[1.214s] -- Installing: /home/rstole01/Documents/CSE-596/humble_ws/install/pid_lab/share/pid_lab/environment/path.sh
[1.214s] -- Installing: /home/rstole01/Documents/CSE-596/humble_ws/install/pid_lab/share/pid_lab/environment/path.dsv
[1.215s] -- Up-to-date: /home/rstole01/Documents/CSE-596/humble_ws/install/pid_lab/share/pid_lab/local_setup.bash
[1.216s] -- Up-to-date: /home/rstole01/Documents/CSE-596/humble_ws/install/pid_lab/share/pid_lab/local_setup.sh
[1.216s] -- Up-to-date: /home/rstole01/Documents/CSE-596/humble_ws/install/pid_lab/share/pid_lab/local_setup.zsh
[1.216s] -- Installing: /home/rstole01/Documents/CSE-596/humble_ws/install/pid_lab/share/pid_lab/local_setup.dsv
[1.217s] -- Installing: /home/rstole01/Documents/CSE-596/humble_ws/install/pid_lab/share/pid_lab/package.dsv
[1.217s] -- Up-to-date: /home/rstole01/Documents/CSE-596/humble_ws/install/pid_lab/share/ament_index/resource_index/packages/pid_lab
[1.218s] -- Up-to-date: /home/rstole01/Documents/CSE-596/humble_ws/install/pid_lab/share/pid_lab/cmake/pid_labConfig.cmake
[1.218s] -- Up-to-date: /home/rstole01/Documents/CSE-596/humble_ws/install/pid_lab/share/pid_lab/cmake/pid_labConfig-version.cmake
[1.218s] -- Up-to-date: /home/rstole01/Documents/CSE-596/humble_ws/install/pid_lab/share/pid_lab/package.xml
[1.246s] Invoked command in '/home/rstole01/Documents/CSE-596/humble_ws/build/pid_lab' returned '0': CMAKE_PREFIX_PATH=${CMAKE_PREFIX_PATH}:/home/rstole01/Documents/CSE-596/humble_ws/install/waypoint_logger:/home/rstole01/Documents/CSE-596/humble_ws/install/f1tenth_gym_ros:/opt/ros/humble /usr/bin/cmake --install /home/rstole01/Documents/CSE-596/humble_ws/build/pid_lab
