[  1%] Built target slam_toolbox__cpp
[ 10%] Built target slam_toolbox__rosidl_generator_c
[ 10%] Built target ament_cmake_python_copy_slam_toolbox
[ 18%] Built target slam_toolbox__rosidl_typesupport_cpp
[ 20%] Built target kartoSlamToolbox
[ 28%] Built target slam_toolbox__rosidl_typesupport_introspection_cpp
[ 37%] Built target slam_toolbox__rosidl_typesupport_fastrtps_cpp
[ 46%] Built target slam_toolbox__rosidl_typesupport_fastrtps_c
[ 54%] Built target slam_toolbox__rosidl_typesupport_introspection_c
[ 62%] Built target slam_toolbox__rosidl_typesupport_c
[35m[1mConsolidate compiler generated dependencies of target toolbox_common[0m
[ 64%] Built target SlamToolboxPlugin
[ 66%] Built target ceres_solver_plugin
[ 66%] Built target slam_toolbox
[ 67%] [32mBuilding CXX object CMakeFiles/toolbox_common.dir/src/slam_toolbox_common.cpp.o[0m
[ 67%] Built target slam_toolbox__py
[ 68%] [32mBuilding CXX object CMakeFiles/toolbox_common.dir/src/map_saver.cpp.o[0m
[ 76%] Built target slam_toolbox__rosidl_generator_py
[ 77%] Built target slam_toolbox__rosidl_typesupport_fastrtps_c__pyext
[ 79%] Built target slam_toolbox__rosidl_typesupport_introspection_c__pyext
[ 81%] Built target slam_toolbox__rosidl_typesupport_c__pyext
running egg_info
writing slam_toolbox.egg-info/PKG-INFO
writing dependency_links to slam_toolbox.egg-info/dependency_links.txt
writing top-level names to slam_toolbox.egg-info/top_level.txt
reading manifest file 'slam_toolbox.egg-info/SOURCES.txt'
writing manifest file 'slam_toolbox.egg-info/SOURCES.txt'
[ 81%] Built target ament_cmake_python_build_slam_toolbox_egg
