[  1%] Built target slam_toolbox__cpp
[ 10%] Built target slam_toolbox__rosidl_generator_c
[ 10%] Built target ament_cmake_python_copy_slam_toolbox
[ 18%] Built target slam_toolbox__rosidl_typesupport_cpp
[ 20%] Built target kartoSlamToolbox
[ 28%] Built target slam_toolbox__rosidl_typesupport_introspection_cpp
[ 37%] Built target slam_toolbox__rosidl_typesupport_fastrtps_cpp
[ 46%] Built target slam_toolbox__rosidl_typesupport_fastrtps_c
[ 54%] Built target slam_toolbox__rosidl_typesupport_introspection_c
[ 62%] Built target slam_toolbox__rosidl_typesupport_c
[35m[1mConsolidate compiler generated dependencies of target toolbox_common[0m
[ 64%] Built target SlamToolboxPlugin
[ 66%] Built target ceres_solver_plugin
[ 66%] Built target slam_toolbox
[ 67%] [32mBuilding CXX object CMakeFiles/toolbox_common.dir/src/slam_toolbox_common.cpp.o[0m
[ 67%] Built target slam_toolbox__py
[ 68%] [32mBuilding CXX object CMakeFiles/toolbox_common.dir/src/map_saver.cpp.o[0m
[ 76%] Built target slam_toolbox__rosidl_generator_py
[ 77%] Built target slam_toolbox__rosidl_typesupport_fastrtps_c__pyext
[ 79%] Built target slam_toolbox__rosidl_typesupport_introspection_c__pyext
[ 81%] Built target slam_toolbox__rosidl_typesupport_c__pyext
running egg_info
writing slam_toolbox.egg-info/PKG-INFO
writing dependency_links to slam_toolbox.egg-info/dependency_links.txt
writing top-level names to slam_toolbox.egg-info/top_level.txt
reading manifest file 'slam_toolbox.egg-info/SOURCES.txt'
writing manifest file 'slam_toolbox.egg-info/SOURCES.txt'
[ 81%] Built target ament_cmake_python_build_slam_toolbox_egg
[01m[K/home/rstole01/Documents/CSE-596/msu_ws/src/slam_toolbox/src/map_saver.cpp:40:15:[m[K [01;35m[Kwarning: [m[Kcharacter constant too long for its type
   40 |   map_name_ = [01;35m[K'/map_slam'[m[K
      |               [01;35m[K^~~~~~~~~~~[m[K
[01m[K/home/rstole01/Documents/CSE-596/msu_ws/src/slam_toolbox/src/map_saver.cpp:[m[K In constructor ‘[01m[Kmap_saver::MapSaver::MapSaver(rclcpp::Node::SharedPtr, const string&)[m[K’:
[01m[K/home/rstole01/Documents/CSE-596/msu_ws/src/slam_toolbox/src/map_saver.cpp:40:15:[m[K [01;35m[Kwarning: [m[Koverflow in conversion from ‘[01m[Kint[m[K’ to ‘[01m[Kchar[m[K’ changes value from ‘[01m[K1936482669[m[K’ to ‘[01m[K'm'[m[K’ [[01;35m[K]8;;https://gcc.gnu.org/onlinedocs/gcc/Warning-Options.html#index-Woverflow-Woverflow]8;;[m[K]
[01m[K/home/rstole01/Documents/CSE-596/msu_ws/src/slam_toolbox/src/map_saver.cpp:40:26:[m[K [01;31m[Kerror: [m[Kexpected ‘[01m[K;[m[K’ before ‘[01m[Ksub_[m[K’
   40 |   map_name_ = '/map_slam'
      |                          [01;31m[K^[m[K
      |                          [32m[K;[m[K
   41 |   [32m[Ksub_[m[K = node_->create_subscription<nav_msgs::msg::OccupancyGrid>(
      |   [32m[K~~~~[m[K                    
gmake[2]: *** [CMakeFiles/toolbox_common.dir/build.make:90: CMakeFiles/toolbox_common.dir/src/map_saver.cpp.o] Error 1
gmake[2]: *** Waiting for unfinished jobs....
gmake[1]: *** [CMakeFiles/Makefile2:693: CMakeFiles/toolbox_common.dir/all] Error 2
gmake: *** [Makefile:146: all] Error 2
