[0.664s] Invoking command in '/home/rstole01/Documents/CapstoneGit/humble_ws/build/pure-pursuit_lab': CMAKE_PREFIX_PATH=${CMAKE_PREFIX_PATH}:/home/rstole01/Documents/CapstoneGit/humble_ws/install/waypoint_logger:/home/rstole01/Documents/CapstoneGit/humble_ws/install/f1tenth_gym_ros:/opt/ros/humble /usr/bin/cmake --build /home/rstole01/Documents/CapstoneGit/humble_ws/build/pure-pursuit_lab -- -j8 -l8
[0.718s] [0mCMake Error: Parse error in cache file /home/rstole01/Documents/CapstoneGit/humble_ws/build/pure-pursuit_lab/CMakeCache.txt on line 2. Offending entry: <<<<<<< HEAD[0m
[0.719s] [0mCMake Error: Parse error in cache file /home/rstole01/Documents/CapstoneGit/humble_ws/build/pure-pursuit_lab/CMakeCache.txt on line 3. Offending entry: <<<<<<< HEAD[0m
[0.719s] [0mCMake Error: Parse error in cache file /home/rstole01/Documents/CapstoneGit/humble_ws/build/pure-pursuit_lab/CMakeCache.txt on line 7. Offending entry: >>>>>>> ce1a67ebf7edb694f0f93a1943a2aeb630cdb943[0m
[0.719s] [0mCMake Error: Parse error in cache file /home/rstole01/Documents/CapstoneGit/humble_ws/build/pure-pursuit_lab/CMakeCache.txt on line 10. Offending entry: >>>>>>> ce1a67ebf7edb694f0f93a1943a2aeb630cdb943[0m
[0.719s] [0mCMake Error: Parse error in cache file /home/rstole01/Documents/CapstoneGit/humble_ws/build/pure-pursuit_lab/CMakeCache.txt on line 43. Offending entry: <<<<<<< HEAD[0m
[0.719s] [0mCMake Error: Parse error in cache file /home/rstole01/Documents/CapstoneGit/humble_ws/build/pure-pursuit_lab/CMakeCache.txt on line 44. Offending entry: <<<<<<< HEAD[0m
[0.719s] [0mCMake Error: Parse error in cache file /home/rstole01/Documents/CapstoneGit/humble_ws/build/pure-pursuit_lab/CMakeCache.txt on line 48. Offending entry: >>>>>>> ce1a67ebf7edb694f0f93a1943a2aeb630cdb943[0m
[0.719s] [0mCMake Error: Parse error in cache file /home/rstole01/Documents/CapstoneGit/humble_ws/build/pure-pursuit_lab/CMakeCache.txt on line 51. Offending entry: >>>>>>> ce1a67ebf7edb694f0f93a1943a2aeb630cdb943[0m
[0.719s] [0mCMake Error: Parse error in cache file /home/rstole01/Documents/CapstoneGit/humble_ws/build/pure-pursuit_lab/CMakeCache.txt on line 143. Offending entry: <<<<<<< HEAD[0m
[0.719s] [0mCMake Error: Parse error in cache file /home/rstole01/Documents/CapstoneGit/humble_ws/build/pure-pursuit_lab/CMakeCache.txt on line 144. Offending entry: <<<<<<< HEAD[0m
[0.720s] [0mCMake Error: Parse error in cache file /home/rstole01/Documents/CapstoneGit/humble_ws/build/pure-pursuit_lab/CMakeCache.txt on line 148. Offending entry: >>>>>>> ce1a67ebf7edb694f0f93a1943a2aeb630cdb943[0m
[0.720s] [0mCMake Error: Parse error in cache file /home/rstole01/Documents/CapstoneGit/humble_ws/build/pure-pursuit_lab/CMakeCache.txt on line 151. Offending entry: >>>>>>> ce1a67ebf7edb694f0f93a1943a2aeb630cdb943[0m
[0.720s] [0mCMake Error: Parse error in cache file /home/rstole01/Documents/CapstoneGit/humble_ws/build/pure-pursuit_lab/CMakeCache.txt on line 265. Offending entry: <<<<<<< HEAD[0m
[0.720s] [0mCMake Error: Parse error in cache file /home/rstole01/Documents/CapstoneGit/humble_ws/build/pure-pursuit_lab/CMakeCache.txt on line 266. Offending entry: <<<<<<< HEAD[0m
[0.720s] [0mCMake Error: Parse error in cache file /home/rstole01/Documents/CapstoneGit/humble_ws/build/pure-pursuit_lab/CMakeCache.txt on line 271. Offending entry: >>>>>>> ce1a67ebf7edb694f0f93a1943a2aeb630cdb943[0m
[0.720s] [0mCMake Error: Parse error in cache file /home/rstole01/Documents/CapstoneGit/humble_ws/build/pure-pursuit_lab/CMakeCache.txt on line 273. Offending entry: >>>>>>> ce1a67ebf7edb694f0f93a1943a2aeb630cdb943[0m
[0.720s] [0mCMake Error: Parse error in cache file /home/rstole01/Documents/CapstoneGit/humble_ws/build/pure-pursuit_lab/CMakeCache.txt on line 400. Offending entry: <<<<<<< HEAD[0m
[0.720s] [0mCMake Error: Parse error in cache file /home/rstole01/Documents/CapstoneGit/humble_ws/build/pure-pursuit_lab/CMakeCache.txt on line 401. Offending entry: <<<<<<< HEAD[0m
[0.721s] [0mCMake Error: Parse error in cache file /home/rstole01/Documents/CapstoneGit/humble_ws/build/pure-pursuit_lab/CMakeCache.txt on line 406. Offending entry: >>>>>>> ce1a67ebf7edb694f0f93a1943a2aeb630cdb943[0m
[0.721s] [0mCMake Error: Parse error in cache file /home/rstole01/Documents/CapstoneGit/humble_ws/build/pure-pursuit_lab/CMakeCache.txt on line 411. Offending entry: >>>>>>> ce1a67ebf7edb694f0f93a1943a2aeb630cdb943[0m
[0.721s] [0mCMake Error: Parse error in cache file /home/rstole01/Documents/CapstoneGit/humble_ws/build/pure-pursuit_lab/CMakeCache.txt on line 446. Offending entry: <<<<<<< HEAD[0m
[0.721s] [0mCMake Error: Parse error in cache file /home/rstole01/Documents/CapstoneGit/humble_ws/build/pure-pursuit_lab/CMakeCache.txt on line 447. Offending entry: <<<<<<< HEAD[0m
[0.721s] [0mCMake Error: Parse error in cache file /home/rstole01/Documents/CapstoneGit/humble_ws/build/pure-pursuit_lab/CMakeCache.txt on line 451. Offending entry: >>>>>>> ce1a67ebf7edb694f0f93a1943a2aeb630cdb943[0m
[0.721s] [0mCMake Error: Parse error in cache file /home/rstole01/Documents/CapstoneGit/humble_ws/build/pure-pursuit_lab/CMakeCache.txt on line 454. Offending entry: >>>>>>> ce1a67ebf7edb694f0f93a1943a2aeb630cdb943[0m
[0.721s] [0mCMake Error: Parse error in cache file /home/rstole01/Documents/CapstoneGit/humble_ws/build/pure-pursuit_lab/CMakeCache.txt on line 460. Offending entry: <<<<<<< HEAD[0m
[0.721s] [0mCMake Error: Parse error in cache file /home/rstole01/Documents/CapstoneGit/humble_ws/build/pure-pursuit_lab/CMakeCache.txt on line 461. Offending entry: <<<<<<< HEAD[0m
[0.722s] [0mCMake Error: Parse error in cache file /home/rstole01/Documents/CapstoneGit/humble_ws/build/pure-pursuit_lab/CMakeCache.txt on line 465. Offending entry: >>>>>>> ce1a67ebf7edb694f0f93a1943a2aeb630cdb943[0m
[0.722s] [0mCMake Error: Parse error in cache file /home/rstole01/Documents/CapstoneGit/humble_ws/build/pure-pursuit_lab/CMakeCache.txt on line 468. Offending entry: >>>>>>> ce1a67ebf7edb694f0f93a1943a2aeb630cdb943[0m
[0.722s] [0mCMake Error: Parse error in cache file /home/rstole01/Documents/CapstoneGit/humble_ws/build/pure-pursuit_lab/CMakeCache.txt on line 615. Offending entry: <<<<<<< HEAD[0m
[0.722s] [0mCMake Error: Parse error in cache file /home/rstole01/Documents/CapstoneGit/humble_ws/build/pure-pursuit_lab/CMakeCache.txt on line 616. Offending entry: <<<<<<< HEAD[0m
[0.722s] [0mCMake Error: Parse error in cache file /home/rstole01/Documents/CapstoneGit/humble_ws/build/pure-pursuit_lab/CMakeCache.txt on line 620. Offending entry: >>>>>>> ce1a67ebf7edb694f0f93a1943a2aeb630cdb943[0m
[0.722s] [0mCMake Error: Parse error in cache file /home/rstole01/Documents/CapstoneGit/humble_ws/build/pure-pursuit_lab/CMakeCache.txt on line 623. Offending entry: >>>>>>> ce1a67ebf7edb694f0f93a1943a2aeb630cdb943[0m
[0.722s] [0mCMake Error: Parse error in cache file /home/rstole01/Documents/CapstoneGit/humble_ws/build/pure-pursuit_lab/CMakeCache.txt on line 702. Offending entry: <<<<<<< HEAD[0m
[0.722s] [0mCMake Error: Parse error in cache file /home/rstole01/Documents/CapstoneGit/humble_ws/build/pure-pursuit_lab/CMakeCache.txt on line 703. Offending entry: <<<<<<< HEAD[0m
[0.722s] [0mCMake Error: Parse error in cache file /home/rstole01/Documents/CapstoneGit/humble_ws/build/pure-pursuit_lab/CMakeCache.txt on line 707. Offending entry: >>>>>>> ce1a67ebf7edb694f0f93a1943a2aeb630cdb943[0m
[0.723s] [0mCMake Error: Parse error in cache file /home/rstole01/Documents/CapstoneGit/humble_ws/build/pure-pursuit_lab/CMakeCache.txt on line 710. Offending entry: >>>>>>> ce1a67ebf7edb694f0f93a1943a2aeb630cdb943[0m
[0.723s] [0mCMake Error: Parse error in cache file /home/rstole01/Documents/CapstoneGit/humble_ws/build/pure-pursuit_lab/CMakeCache.txt on line 774. Offending entry: <<<<<<< HEAD[0m
[0.723s] [0mCMake Error: Parse error in cache file /home/rstole01/Documents/CapstoneGit/humble_ws/build/pure-pursuit_lab/CMakeCache.txt on line 775. Offending entry: <<<<<<< HEAD[0m
[0.723s] [0mCMake Error: Parse error in cache file /home/rstole01/Documents/CapstoneGit/humble_ws/build/pure-pursuit_lab/CMakeCache.txt on line 785. Offending entry: >>>>>>> ce1a67ebf7edb694f0f93a1943a2aeb630cdb943[0m
[0.723s] [0mCMake Error: Parse error in cache file /home/rstole01/Documents/CapstoneGit/humble_ws/build/pure-pursuit_lab/CMakeCache.txt on line 794. Offending entry: <<<<<<< HEAD[0m
[0.723s] [0mCMake Error: Parse error in cache file /home/rstole01/Documents/CapstoneGit/humble_ws/build/pure-pursuit_lab/CMakeCache.txt on line 795. Offending entry: >>>>>>> ce1a67ebf7edb694f0f93a1943a2aeb630cdb943[0m
[0.723s] [0mCMake Error: Parse error in cache file /home/rstole01/Documents/CapstoneGit/humble_ws/build/pure-pursuit_lab/CMakeCache.txt on line 797. Offending entry: >>>>>>> ce1a67ebf7edb694f0f93a1943a2aeb630cdb943[0m
[0.723s] [0mCMake Error: The current CMakeCache.txt directory /home/rstole01/Documents/CapstoneGit/humble_ws/build/pure-pursuit_lab/CMakeCache.txt is different than the directory /home/rstole01/Documents/CSE-596/humble_ws/build/pure-pursuit_lab where CMakeCache.txt was created. This may result in binaries being created in the wrong place. If you are not sure, reedit the CMakeCache.txt[0m
[0.723s] Makefile:60: *** missing separator.  Stop.
[1.317s] Invoked command in '/home/rstole01/Documents/CapstoneGit/humble_ws/build/pure-pursuit_lab' returned '2': CMAKE_PREFIX_PATH=${CMAKE_PREFIX_PATH}:/home/rstole01/Documents/CapstoneGit/humble_ws/install/waypoint_logger:/home/rstole01/Documents/CapstoneGit/humble_ws/install/f1tenth_gym_ros:/opt/ros/humble /usr/bin/cmake --build /home/rstole01/Documents/CapstoneGit/humble_ws/build/pure-pursuit_lab -- -j8 -l8
