[0.539s] Invoking command in '/home/rstole01/Documents/CSE-596/humble_ws/build/cpp_pubsub': AMENT_PREFIX_PATH=/home/rstole01/Documents/CSE-596/humble_ws/install/tutorial_interfaces:${AMENT_PREFIX_PATH} CMAKE_PREFIX_PATH=/home/rstole01/Documents/CSE-596/humble_ws/install/tutorial_interfaces:/opt/ros/humble LD_LIBRARY_PATH=/home/rstole01/Documents/CSE-596/humble_ws/install/tutorial_interfaces/lib:${LD_LIBRARY_PATH} PYTHONPATH=/home/rstole01/Documents/CSE-596/humble_ws/install/tutorial_interfaces/local/lib/python3.10/dist-packages:${PYTHONPATH} /usr/bin/cmake --build /home/rstole01/Documents/CSE-596/humble_ws/build/cpp_pubsub -- -j8 -l8
[0.758s] -- Found ament_cmake: 1.3.7 (/opt/ros/humble/share/ament_cmake/cmake)
[1.425s] -- Found rclcpp: 16.0.8 (/opt/ros/humble/share/rclcpp/cmake)
[1.553s] -- Found rosidl_generator_c: 3.1.5 (/opt/ros/humble/share/rosidl_generator_c/cmake)
[1.570s] -- Found rosidl_adapter: 3.1.5 (/opt/ros/humble/share/rosidl_adapter/cmake)
[1.593s] -- Found rosidl_generator_cpp: 3.1.5 (/opt/ros/humble/share/rosidl_generator_cpp/cmake)
[1.644s] -- Using all available rosidl_typesupport_c: rosidl_typesupport_fastrtps_c;rosidl_typesupport_introspection_c
[1.716s] -- Using all available rosidl_typesupport_cpp: rosidl_typesupport_fastrtps_cpp;rosidl_typesupport_introspection_cpp
[1.977s] -- Found rmw_implementation_cmake: 6.1.1 (/opt/ros/humble/share/rmw_implementation_cmake/cmake)
[1.987s] -- Found rmw_cyclonedds_cpp: 1.3.4 (/opt/ros/humble/share/rmw_cyclonedds_cpp/cmake)
[2.117s] -- Using RMW implementation 'rmw_cyclonedds_cpp' as default
[2.756s] -- Found tutorial_interfaces: 0.0.0 (/home/rstole01/Documents/CSE-596/humble_ws/install/tutorial_interfaces/share/tutorial_interfaces/cmake)
[3.473s] -- Configuring done
[3.545s] -- Generating done
[3.545s] -- Build files have been written to: /home/rstole01/Documents/CSE-596/humble_ws/build/cpp_pubsub
[3.625s] [35m[1mConsolidate compiler generated dependencies of target talker[0m
[3.691s] [ 25%] [32mBuilding CXX object CMakeFiles/talker.dir/src/publisher_MSG.cpp.o[0m
[18.873s] [ 50%] [32m[1mLinking CXX executable talker[0m
[19.501s] [ 50%] Built target talker
[19.558s] [35m[1mConsolidate compiler generated dependencies of target listener[0m
[19.751s] [ 75%] [32mBuilding CXX object CMakeFiles/listener.dir/src/subscriber_MSG.cpp.o[0m
[41.300s] [100%] [32m[1mLinking CXX executable listener[0m
[42.185s] [100%] Built target listener
