[5.964s] Invoking command in '/home/rstole01/Documents/CSE-596/msu_ws/src/py_pubsub': PYTHONPATH=/home/rstole01/Documents/CSE-596/msu_ws/build/py_pubsub/prefix_override:/home/rstole01/Documents/CSE-596/msu_ws/install/py_pubsub/lib/python3.10/site-packages:${PYTHONPATH} /usr/bin/python3 setup.py egg_info --egg-base ../../build/py_pubsub build --build-base /home/rstole01/Documents/CSE-596/msu_ws/build/py_pubsub/build install --record /home/rstole01/Documents/CSE-596/msu_ws/build/py_pubsub/install.log --single-version-externally-managed
[6.682s] running egg_info
[6.684s] writing ../../build/py_pubsub/py_pubsub.egg-info/PKG-INFO
[6.685s] writing dependency_links to ../../build/py_pubsub/py_pubsub.egg-info/dependency_links.txt
[6.685s] writing entry points to ../../build/py_pubsub/py_pubsub.egg-info/entry_points.txt
[6.686s] writing requirements to ../../build/py_pubsub/py_pubsub.egg-info/requires.txt
[6.686s] writing top-level names to ../../build/py_pubsub/py_pubsub.egg-info/top_level.txt
[6.691s] reading manifest file '../../build/py_pubsub/py_pubsub.egg-info/SOURCES.txt'
[6.694s] writing manifest file '../../build/py_pubsub/py_pubsub.egg-info/SOURCES.txt'
[6.694s] running build
[6.695s] running build_py
[6.696s] running install
[6.696s] /usr/lib/python3/dist-packages/setuptools/command/install.py:34: SetuptoolsDeprecationWarning: setup.py install is deprecated. Use build and pip and other standards-based tools.
[6.696s]   warnings.warn(
[6.697s] running install_lib
[6.701s] running install_data
[6.703s] running install_egg_info
[6.708s] removing '/home/rstole01/Documents/CSE-596/msu_ws/install/py_pubsub/lib/python3.10/site-packages/py_pubsub-0.0.0-py3.10.egg-info' (and everything under it)
[6.709s] Copying ../../build/py_pubsub/py_pubsub.egg-info to /home/rstole01/Documents/CSE-596/msu_ws/install/py_pubsub/lib/python3.10/site-packages/py_pubsub-0.0.0-py3.10.egg-info
[6.711s] running install_scripts
[6.770s] Installing listener script to /home/rstole01/Documents/CSE-596/msu_ws/install/py_pubsub/lib/py_pubsub
[6.771s] Installing talker script to /home/rstole01/Documents/CSE-596/msu_ws/install/py_pubsub/lib/py_pubsub
[6.772s] writing list of installed files to '/home/rstole01/Documents/CSE-596/msu_ws/build/py_pubsub/install.log'
[8.247s] Invoked command in '/home/rstole01/Documents/CSE-596/msu_ws/src/py_pubsub' returned '0': PYTHONPATH=/home/rstole01/Documents/CSE-596/msu_ws/build/py_pubsub/prefix_override:/home/rstole01/Documents/CSE-596/msu_ws/install/py_pubsub/lib/python3.10/site-packages:${PYTHONPATH} /usr/bin/python3 setup.py egg_info --egg-base ../../build/py_pubsub build --build-base /home/rstole01/Documents/CSE-596/msu_ws/build/py_pubsub/build install --record /home/rstole01/Documents/CSE-596/msu_ws/build/py_pubsub/install.log --single-version-externally-managed
