[3.413s] Invoking command in '/home/rstole01/Documents/CapstoneGit/humble_ws/src/waypoint_logger': PYTHONPATH=/home/rstole01/Documents/CapstoneGit/humble_ws/build/waypoint_logger/prefix_override:/home/rstole01/Documents/CapstoneGit/humble_ws/install/waypoint_logger/lib/python3.10/site-packages:${PYTHONPATH} /usr/bin/python3 -W ignore:setup.py install is deprecated setup.py egg_info --egg-base ../../build/waypoint_logger build --build-base /home/rstole01/Documents/CapstoneGit/humble_ws/build/waypoint_logger/build install --record /home/rstole01/Documents/CapstoneGit/humble_ws/build/waypoint_logger/install.log --single-version-externally-managed install_data
[4.435s] running egg_info
[4.435s] creating ../../build/waypoint_logger/waypoint_logger.egg-info
[4.436s] writing ../../build/waypoint_logger/waypoint_logger.egg-info/PKG-INFO
[4.436s] writing dependency_links to ../../build/waypoint_logger/waypoint_logger.egg-info/dependency_links.txt
[4.436s] writing entry points to ../../build/waypoint_logger/waypoint_logger.egg-info/entry_points.txt
[4.436s] writing requirements to ../../build/waypoint_logger/waypoint_logger.egg-info/requires.txt
[4.437s] writing top-level names to ../../build/waypoint_logger/waypoint_logger.egg-info/top_level.txt
[4.437s] writing manifest file '../../build/waypoint_logger/waypoint_logger.egg-info/SOURCES.txt'
[4.437s] reading manifest file '../../build/waypoint_logger/waypoint_logger.egg-info/SOURCES.txt'
[4.437s] adding license file 'LICENSE'
[4.437s] writing manifest file '../../build/waypoint_logger/waypoint_logger.egg-info/SOURCES.txt'
[4.438s] running build
[4.438s] running build_py
[4.438s] creating /home/rstole01/Documents/CapstoneGit/humble_ws/build/waypoint_logger/build
[4.438s] creating /home/rstole01/Documents/CapstoneGit/humble_ws/build/waypoint_logger/build/lib
[4.439s] creating /home/rstole01/Documents/CapstoneGit/humble_ws/build/waypoint_logger/build/lib/waypoint_logger
[4.439s] copying waypoint_logger/__init__.py -> /home/rstole01/Documents/CapstoneGit/humble_ws/build/waypoint_logger/build/lib/waypoint_logger
[4.439s] copying waypoint_logger/waypoint_logger.py -> /home/rstole01/Documents/CapstoneGit/humble_ws/build/waypoint_logger/build/lib/waypoint_logger
[4.439s] running install
[4.439s] running install_lib
[4.440s] running install_data
[4.440s] running install_egg_info
[4.440s] removing '/home/rstole01/Documents/CapstoneGit/humble_ws/install/waypoint_logger/lib/python3.10/site-packages/waypoint_logger-0.0.0-py3.10.egg-info' (and everything under it)
[4.440s] Copying ../../build/waypoint_logger/waypoint_logger.egg-info to /home/rstole01/Documents/CapstoneGit/humble_ws/install/waypoint_logger/lib/python3.10/site-packages/waypoint_logger-0.0.0-py3.10.egg-info
[4.440s] running install_scripts
[4.441s] Installing waypoint_logger script to /home/rstole01/Documents/CapstoneGit/humble_ws/install/waypoint_logger/lib/waypoint_logger
[4.441s] writing list of installed files to '/home/rstole01/Documents/CapstoneGit/humble_ws/build/waypoint_logger/install.log'
[4.465s] Invoked command in '/home/rstole01/Documents/CapstoneGit/humble_ws/src/waypoint_logger' returned '0': PYTHONPATH=/home/rstole01/Documents/CapstoneGit/humble_ws/build/waypoint_logger/prefix_override:/home/rstole01/Documents/CapstoneGit/humble_ws/install/waypoint_logger/lib/python3.10/site-packages:${PYTHONPATH} /usr/bin/python3 -W ignore:setup.py install is deprecated setup.py egg_info --egg-base ../../build/waypoint_logger build --build-base /home/rstole01/Documents/CapstoneGit/humble_ws/build/waypoint_logger/build install --record /home/rstole01/Documents/CapstoneGit/humble_ws/build/waypoint_logger/install.log --single-version-externally-managed install_data
