[0.090s] Invoking command in '/home/rstole01/Documents/CapstoneGit/humble_ws/build/aeb_lab': CMAKE_PREFIX_PATH=${CMAKE_PREFIX_PATH}:/home/rstole01/Documents/CapstoneGit/humble_ws/install/waypoint_logger:/home/rstole01/Documents/CapstoneGit/humble_ws/install/f1tenth_gym_ros:/opt/ros/humble /usr/bin/cmake --build /home/rstole01/Documents/CapstoneGit/humble_ws/build/aeb_lab -- -j8 -l8
[1.442s] [35m[1mConsolidate compiler generated dependencies of target aeb[0m
[1.443s] [100%] Built target aeb
[1.474s] Invoked command in '/home/rstole01/Documents/CapstoneGit/humble_ws/build/aeb_lab' returned '0': CMAKE_PREFIX_PATH=${CMAKE_PREFIX_PATH}:/home/rstole01/Documents/CapstoneGit/humble_ws/install/waypoint_logger:/home/rstole01/Documents/CapstoneGit/humble_ws/install/f1tenth_gym_ros:/opt/ros/humble /usr/bin/cmake --build /home/rstole01/Documents/CapstoneGit/humble_ws/build/aeb_lab -- -j8 -l8
[1.550s] Invoking command in '/home/rstole01/Documents/CapstoneGit/humble_ws/build/aeb_lab': CMAKE_PREFIX_PATH=${CMAKE_PREFIX_PATH}:/home/rstole01/Documents/CapstoneGit/humble_ws/install/waypoint_logger:/home/rstole01/Documents/CapstoneGit/humble_ws/install/f1tenth_gym_ros:/opt/ros/humble /usr/bin/cmake --install /home/rstole01/Documents/CapstoneGit/humble_ws/build/aeb_lab
[1.578s] -- Install configuration: "Release"
[1.588s] -- Installing: /home/rstole01/Documents/CapstoneGit/humble_ws/install/aeb_lab/lib/aeb_lab/aeb
[1.622s] -- Set runtime path of "/home/rstole01/Documents/CapstoneGit/humble_ws/install/aeb_lab/lib/aeb_lab/aeb" to ""
[1.622s] -- Installing: /home/rstole01/Documents/CapstoneGit/humble_ws/install/aeb_lab/share/ament_index/resource_index/package_run_dependencies/aeb_lab
[1.624s] -- Installing: /home/rstole01/Documents/CapstoneGit/humble_ws/install/aeb_lab/share/ament_index/resource_index/parent_prefix_path/aeb_lab
[1.625s] -- Up-to-date: /home/rstole01/Documents/CapstoneGit/humble_ws/install/aeb_lab/share/aeb_lab/environment/ament_prefix_path.sh
[1.625s] -- Installing: /home/rstole01/Documents/CapstoneGit/humble_ws/install/aeb_lab/share/aeb_lab/environment/ament_prefix_path.dsv
[1.626s] -- Up-to-date: /home/rstole01/Documents/CapstoneGit/humble_ws/install/aeb_lab/share/aeb_lab/environment/path.sh
[1.626s] -- Installing: /home/rstole01/Documents/CapstoneGit/humble_ws/install/aeb_lab/share/aeb_lab/environment/path.dsv
[1.626s] -- Installing: /home/rstole01/Documents/CapstoneGit/humble_ws/install/aeb_lab/share/aeb_lab/local_setup.bash
[1.626s] -- Installing: /home/rstole01/Documents/CapstoneGit/humble_ws/install/aeb_lab/share/aeb_lab/local_setup.sh
[1.627s] -- Installing: /home/rstole01/Documents/CapstoneGit/humble_ws/install/aeb_lab/share/aeb_lab/local_setup.zsh
[1.627s] -- Installing: /home/rstole01/Documents/CapstoneGit/humble_ws/install/aeb_lab/share/aeb_lab/local_setup.dsv
[1.628s] -- Installing: /home/rstole01/Documents/CapstoneGit/humble_ws/install/aeb_lab/share/aeb_lab/package.dsv
[1.628s] -- Installing: /home/rstole01/Documents/CapstoneGit/humble_ws/install/aeb_lab/share/ament_index/resource_index/packages/aeb_lab
[1.628s] -- Installing: /home/rstole01/Documents/CapstoneGit/humble_ws/install/aeb_lab/share/aeb_lab/cmake/aeb_labConfig.cmake
[1.629s] -- Installing: /home/rstole01/Documents/CapstoneGit/humble_ws/install/aeb_lab/share/aeb_lab/cmake/aeb_labConfig-version.cmake
[1.631s] -- Up-to-date: /home/rstole01/Documents/CapstoneGit/humble_ws/install/aeb_lab/share/aeb_lab/package.xml
[1.678s] Invoked command in '/home/rstole01/Documents/CapstoneGit/humble_ws/build/aeb_lab' returned '0': CMAKE_PREFIX_PATH=${CMAKE_PREFIX_PATH}:/home/rstole01/Documents/CapstoneGit/humble_ws/install/waypoint_logger:/home/rstole01/Documents/CapstoneGit/humble_ws/install/f1tenth_gym_ros:/opt/ros/humble /usr/bin/cmake --install /home/rstole01/Documents/CapstoneGit/humble_ws/build/aeb_lab
