[0.671s] Invoking command in '/home/rstole01/Documents/CapstoneGit/humble_ws/build/lab1_package': CMAKE_PREFIX_PATH=${CMAKE_PREFIX_PATH}:/home/rstole01/Documents/CapstoneGit/humble_ws/install/waypoint_logger:/home/rstole01/Documents/CapstoneGit/humble_ws/install/f1tenth_gym_ros:/opt/ros/humble /usr/bin/cmake --build /home/rstole01/Documents/CapstoneGit/humble_ws/build/lab1_package -- -j8 -l8
[0.727s] [0mCMake Error: Parse error in cache file /home/rstole01/Documents/CapstoneGit/humble_ws/build/lab1_package/CMakeCache.txt on line 2. Offending entry: <<<<<<< HEAD[0m
[0.727s] [0mCMake Error: Parse error in cache file /home/rstole01/Documents/CapstoneGit/humble_ws/build/lab1_package/CMakeCache.txt on line 3. Offending entry: <<<<<<< HEAD[0m
[0.727s] [0mCMake Error: Parse error in cache file /home/rstole01/Documents/CapstoneGit/humble_ws/build/lab1_package/CMakeCache.txt on line 7. Offending entry: >>>>>>> ce1a67ebf7edb694f0f93a1943a2aeb630cdb943[0m
[0.727s] [0mCMake Error: Parse error in cache file /home/rstole01/Documents/CapstoneGit/humble_ws/build/lab1_package/CMakeCache.txt on line 10. Offending entry: >>>>>>> ce1a67ebf7edb694f0f93a1943a2aeb630cdb943[0m
[0.727s] [0mCMake Error: Parse error in cache file /home/rstole01/Documents/CapstoneGit/humble_ws/build/lab1_package/CMakeCache.txt on line 43. Offending entry: <<<<<<< HEAD[0m
[0.727s] [0mCMake Error: Parse error in cache file /home/rstole01/Documents/CapstoneGit/humble_ws/build/lab1_package/CMakeCache.txt on line 44. Offending entry: <<<<<<< HEAD[0m
[0.727s] [0mCMake Error: Parse error in cache file /home/rstole01/Documents/CapstoneGit/humble_ws/build/lab1_package/CMakeCache.txt on line 48. Offending entry: >>>>>>> ce1a67ebf7edb694f0f93a1943a2aeb630cdb943[0m
[0.728s] [0mCMake Error: Parse error in cache file /home/rstole01/Documents/CapstoneGit/humble_ws/build/lab1_package/CMakeCache.txt on line 51. Offending entry: >>>>>>> ce1a67ebf7edb694f0f93a1943a2aeb630cdb943[0m
[0.728s] [0mCMake Error: Parse error in cache file /home/rstole01/Documents/CapstoneGit/humble_ws/build/lab1_package/CMakeCache.txt on line 143. Offending entry: <<<<<<< HEAD[0m
[0.728s] [0mCMake Error: Parse error in cache file /home/rstole01/Documents/CapstoneGit/humble_ws/build/lab1_package/CMakeCache.txt on line 144. Offending entry: <<<<<<< HEAD[0m
[0.728s] [0mCMake Error: Parse error in cache file /home/rstole01/Documents/CapstoneGit/humble_ws/build/lab1_package/CMakeCache.txt on line 148. Offending entry: >>>>>>> ce1a67ebf7edb694f0f93a1943a2aeb630cdb943[0m
[0.728s] [0mCMake Error: Parse error in cache file /home/rstole01/Documents/CapstoneGit/humble_ws/build/lab1_package/CMakeCache.txt on line 151. Offending entry: >>>>>>> ce1a67ebf7edb694f0f93a1943a2aeb630cdb943[0m
[0.728s] [0mCMake Error: Parse error in cache file /home/rstole01/Documents/CapstoneGit/humble_ws/build/lab1_package/CMakeCache.txt on line 259. Offending entry: <<<<<<< HEAD[0m
[0.728s] [0mCMake Error: Parse error in cache file /home/rstole01/Documents/CapstoneGit/humble_ws/build/lab1_package/CMakeCache.txt on line 260. Offending entry: <<<<<<< HEAD[0m
[0.728s] [0mCMake Error: Parse error in cache file /home/rstole01/Documents/CapstoneGit/humble_ws/build/lab1_package/CMakeCache.txt on line 265. Offending entry: >>>>>>> ce1a67ebf7edb694f0f93a1943a2aeb630cdb943[0m
[0.728s] [0mCMake Error: Parse error in cache file /home/rstole01/Documents/CapstoneGit/humble_ws/build/lab1_package/CMakeCache.txt on line 267. Offending entry: >>>>>>> ce1a67ebf7edb694f0f93a1943a2aeb630cdb943[0m
[0.729s] [0mCMake Error: Parse error in cache file /home/rstole01/Documents/CapstoneGit/humble_ws/build/lab1_package/CMakeCache.txt on line 356. Offending entry: <<<<<<< HEAD[0m
[0.729s] [0mCMake Error: Parse error in cache file /home/rstole01/Documents/CapstoneGit/humble_ws/build/lab1_package/CMakeCache.txt on line 357. Offending entry: <<<<<<< HEAD[0m
[0.729s] [0mCMake Error: Parse error in cache file /home/rstole01/Documents/CapstoneGit/humble_ws/build/lab1_package/CMakeCache.txt on line 361. Offending entry: >>>>>>> ce1a67ebf7edb694f0f93a1943a2aeb630cdb943[0m
[0.729s] [0mCMake Error: Parse error in cache file /home/rstole01/Documents/CapstoneGit/humble_ws/build/lab1_package/CMakeCache.txt on line 364. Offending entry: >>>>>>> ce1a67ebf7edb694f0f93a1943a2aeb630cdb943[0m
[0.729s] [0mCMake Error: Parse error in cache file /home/rstole01/Documents/CapstoneGit/humble_ws/build/lab1_package/CMakeCache.txt on line 370. Offending entry: <<<<<<< HEAD[0m
[0.729s] [0mCMake Error: Parse error in cache file /home/rstole01/Documents/CapstoneGit/humble_ws/build/lab1_package/CMakeCache.txt on line 371. Offending entry: <<<<<<< HEAD[0m
[0.729s] [0mCMake Error: Parse error in cache file /home/rstole01/Documents/CapstoneGit/humble_ws/build/lab1_package/CMakeCache.txt on line 375. Offending entry: >>>>>>> ce1a67ebf7edb694f0f93a1943a2aeb630cdb943[0m
[0.729s] [0mCMake Error: Parse error in cache file /home/rstole01/Documents/CapstoneGit/humble_ws/build/lab1_package/CMakeCache.txt on line 378. Offending entry: >>>>>>> ce1a67ebf7edb694f0f93a1943a2aeb630cdb943[0m
[0.729s] [0mCMake Error: Parse error in cache file /home/rstole01/Documents/CapstoneGit/humble_ws/build/lab1_package/CMakeCache.txt on line 393. Offending entry: <<<<<<< HEAD[0m
[0.730s] [0mCMake Error: Parse error in cache file /home/rstole01/Documents/CapstoneGit/humble_ws/build/lab1_package/CMakeCache.txt on line 394. Offending entry: <<<<<<< HEAD[0m
[0.730s] [0mCMake Error: Parse error in cache file /home/rstole01/Documents/CapstoneGit/humble_ws/build/lab1_package/CMakeCache.txt on line 398. Offending entry: >>>>>>> ce1a67ebf7edb694f0f93a1943a2aeb630cdb943[0m
[0.730s] [0mCMake Error: Parse error in cache file /home/rstole01/Documents/CapstoneGit/humble_ws/build/lab1_package/CMakeCache.txt on line 401. Offending entry: >>>>>>> ce1a67ebf7edb694f0f93a1943a2aeb630cdb943[0m
[0.730s] [0mCMake Error: Parse error in cache file /home/rstole01/Documents/CapstoneGit/humble_ws/build/lab1_package/CMakeCache.txt on line 476. Offending entry: <<<<<<< HEAD[0m
[0.730s] [0mCMake Error: Parse error in cache file /home/rstole01/Documents/CapstoneGit/humble_ws/build/lab1_package/CMakeCache.txt on line 477. Offending entry: <<<<<<< HEAD[0m
[0.730s] [0mCMake Error: Parse error in cache file /home/rstole01/Documents/CapstoneGit/humble_ws/build/lab1_package/CMakeCache.txt on line 481. Offending entry: >>>>>>> ce1a67ebf7edb694f0f93a1943a2aeb630cdb943[0m
[0.730s] [0mCMake Error: Parse error in cache file /home/rstole01/Documents/CapstoneGit/humble_ws/build/lab1_package/CMakeCache.txt on line 484. Offending entry: >>>>>>> ce1a67ebf7edb694f0f93a1943a2aeb630cdb943[0m
[0.731s] [0mCMake Error: Parse error in cache file /home/rstole01/Documents/CapstoneGit/humble_ws/build/lab1_package/CMakeCache.txt on line 548. Offending entry: <<<<<<< HEAD[0m
[0.731s] [0mCMake Error: Parse error in cache file /home/rstole01/Documents/CapstoneGit/humble_ws/build/lab1_package/CMakeCache.txt on line 549. Offending entry: <<<<<<< HEAD[0m
[0.731s] [0mCMake Error: Parse error in cache file /home/rstole01/Documents/CapstoneGit/humble_ws/build/lab1_package/CMakeCache.txt on line 557. Offending entry: >>>>>>> ce1a67ebf7edb694f0f93a1943a2aeb630cdb943[0m
[0.731s] [0mCMake Error: Parse error in cache file /home/rstole01/Documents/CapstoneGit/humble_ws/build/lab1_package/CMakeCache.txt on line 564. Offending entry: <<<<<<< HEAD[0m
[0.731s] [0mCMake Error: Parse error in cache file /home/rstole01/Documents/CapstoneGit/humble_ws/build/lab1_package/CMakeCache.txt on line 565. Offending entry: >>>>>>> ce1a67ebf7edb694f0f93a1943a2aeb630cdb943[0m
[0.731s] [0mCMake Error: Parse error in cache file /home/rstole01/Documents/CapstoneGit/humble_ws/build/lab1_package/CMakeCache.txt on line 567. Offending entry: >>>>>>> ce1a67ebf7edb694f0f93a1943a2aeb630cdb943[0m
[0.731s] [0mCMake Error: The current CMakeCache.txt directory /home/rstole01/Documents/CapstoneGit/humble_ws/build/lab1_package/CMakeCache.txt is different than the directory /home/rstole01/Documents/CSE-596/humble_ws/build/lab1_package where CMakeCache.txt was created. This may result in binaries being created in the wrong place. If you are not sure, reedit the CMakeCache.txt[0m
[0.731s] Makefile:60: *** missing separator.  Stop.
[1.325s] Invoked command in '/home/rstole01/Documents/CapstoneGit/humble_ws/build/lab1_package' returned '2': CMAKE_PREFIX_PATH=${CMAKE_PREFIX_PATH}:/home/rstole01/Documents/CapstoneGit/humble_ws/install/waypoint_logger:/home/rstole01/Documents/CapstoneGit/humble_ws/install/f1tenth_gym_ros:/opt/ros/humble /usr/bin/cmake --build /home/rstole01/Documents/CapstoneGit/humble_ws/build/lab1_package -- -j8 -l8
