[ 50%] [32mBuilding CXX object CMakeFiles/pid.dir/src/wall_follow_node.cpp.o[0m
[100%] [32m[1mLinking CXX executable pid[0m
[100%] Built target pid
-- Install configuration: ""
-- Installing: /home/rstole01/Documents/CSE-596/humble_ws/install/pid_lab/lib/pid_lab/pid
-- Set runtime path of "/home/rstole01/Documents/CSE-596/humble_ws/install/pid_lab/lib/pid_lab/pid" to ""
-- Up-to-date: /home/rstole01/Documents/CSE-596/humble_ws/install/pid_lab/share/ament_index/resource_index/package_run_dependencies/pid_lab
-- Up-to-date: /home/rstole01/Documents/CSE-596/humble_ws/install/pid_lab/share/ament_index/resource_index/parent_prefix_path/pid_lab
-- Up-to-date: /home/rstole01/Documents/CSE-596/humble_ws/install/pid_lab/share/pid_lab/environment/ament_prefix_path.sh
-- Up-to-date: /home/rstole01/Documents/CSE-596/humble_ws/install/pid_lab/share/pid_lab/environment/ament_prefix_path.dsv
-- Up-to-date: /home/rstole01/Documents/CSE-596/humble_ws/install/pid_lab/share/pid_lab/environment/path.sh
-- Up-to-date: /home/rstole01/Documents/CSE-596/humble_ws/install/pid_lab/share/pid_lab/environment/path.dsv
-- Up-to-date: /home/rstole01/Documents/CSE-596/humble_ws/install/pid_lab/share/pid_lab/local_setup.bash
-- Up-to-date: /home/rstole01/Documents/CSE-596/humble_ws/install/pid_lab/share/pid_lab/local_setup.sh
-- Up-to-date: /home/rstole01/Documents/CSE-596/humble_ws/install/pid_lab/share/pid_lab/local_setup.zsh
-- Up-to-date: /home/rstole01/Documents/CSE-596/humble_ws/install/pid_lab/share/pid_lab/local_setup.dsv
-- Installing: /home/rstole01/Documents/CSE-596/humble_ws/install/pid_lab/share/pid_lab/package.dsv
-- Up-to-date: /home/rstole01/Documents/CSE-596/humble_ws/install/pid_lab/share/ament_index/resource_index/packages/pid_lab
-- Up-to-date: /home/rstole01/Documents/CSE-596/humble_ws/install/pid_lab/share/pid_lab/cmake/pid_labConfig.cmake
-- Up-to-date: /home/rstole01/Documents/CSE-596/humble_ws/install/pid_lab/share/pid_lab/cmake/pid_labConfig-version.cmake
-- Up-to-date: /home/rstole01/Documents/CSE-596/humble_ws/install/pid_lab/share/pid_lab/package.xml
