[1.165s] Invoking command in '/home/rstole01/Documents/CSE-596/msu_ws/build/my_messages': CMAKE_PREFIX_PATH=${CMAKE_PREFIX_PATH}:/home/rstole01/Documents/CSE-596/msu_ws/install/waypoint_writer:/home/rstole01/Documents/CSE-596/msu_ws/install/waypoint_follow:/home/rstole01/Documents/CSE-596/msu_ws/install/wall_follower_pid:/home/rstole01/Documents/CSE-596/msu_ws/install/qlearn:/home/rstole01/Documents/CSE-596/msu_ws/install/py_pubsub:/home/rstole01/Documents/CSE-596/msu_ws/install/plexer360:/home/rstole01/Documents/CSE-596/msu_ws/install/painter:/home/rstole01/Documents/CSE-596/msu_ws/install/f1tenth_gym_ros:/opt/ros/humble /usr/bin/cmake --build /home/rstole01/Documents/CSE-596/msu_ws/build/my_messages -- -j8 -l8
[3.268s] [ 10%] Built target my_messages__rosidl_generator_c
[3.269s] [ 12%] Built target my_messages__cpp
[3.269s] [ 12%] Built target ament_cmake_python_copy_my_messages
[3.269s] [ 23%] Built target my_messages__rosidl_typesupport_introspection_c
[3.270s] [ 33%] Built target my_messages__rosidl_typesupport_c
[3.270s] [ 43%] Built target my_messages__rosidl_typesupport_fastrtps_c
[3.270s] [ 53%] Built target my_messages__rosidl_typesupport_fastrtps_cpp
[3.271s] [ 64%] Built target my_messages__rosidl_typesupport_introspection_cpp
[3.271s] [ 74%] Built target my_messages__rosidl_typesupport_cpp
[3.271s] [ 74%] Built target my_messages
[3.272s] [ 76%] Built target my_messages__py
[3.272s] [ 84%] Built target my_messages__rosidl_generator_py
[3.272s] [ 89%] Built target my_messages__rosidl_typesupport_introspection_c__pyext
[3.273s] [ 94%] Built target my_messages__rosidl_typesupport_fastrtps_c__pyext
[3.273s] [100%] Built target my_messages__rosidl_typesupport_c__pyext
[3.273s] running egg_info
[3.273s] writing my_messages.egg-info/PKG-INFO
[3.274s] writing dependency_links to my_messages.egg-info/dependency_links.txt
[3.277s] writing top-level names to my_messages.egg-info/top_level.txt
[3.278s] reading manifest file 'my_messages.egg-info/SOURCES.txt'
[3.279s] writing manifest file 'my_messages.egg-info/SOURCES.txt'
[3.279s] [100%] Built target ament_cmake_python_build_my_messages_egg
[3.286s] Invoked command in '/home/rstole01/Documents/CSE-596/msu_ws/build/my_messages' returned '0': CMAKE_PREFIX_PATH=${CMAKE_PREFIX_PATH}:/home/rstole01/Documents/CSE-596/msu_ws/install/waypoint_writer:/home/rstole01/Documents/CSE-596/msu_ws/install/waypoint_follow:/home/rstole01/Documents/CSE-596/msu_ws/install/wall_follower_pid:/home/rstole01/Documents/CSE-596/msu_ws/install/qlearn:/home/rstole01/Documents/CSE-596/msu_ws/install/py_pubsub:/home/rstole01/Documents/CSE-596/msu_ws/install/plexer360:/home/rstole01/Documents/CSE-596/msu_ws/install/painter:/home/rstole01/Documents/CSE-596/msu_ws/install/f1tenth_gym_ros:/opt/ros/humble /usr/bin/cmake --build /home/rstole01/Documents/CSE-596/msu_ws/build/my_messages -- -j8 -l8
[4.353s] Invoking command in '/home/rstole01/Documents/CSE-596/msu_ws/build/my_messages': CMAKE_PREFIX_PATH=${CMAKE_PREFIX_PATH}:/home/rstole01/Documents/CSE-596/msu_ws/install/waypoint_writer:/home/rstole01/Documents/CSE-596/msu_ws/install/waypoint_follow:/home/rstole01/Documents/CSE-596/msu_ws/install/wall_follower_pid:/home/rstole01/Documents/CSE-596/msu_ws/install/qlearn:/home/rstole01/Documents/CSE-596/msu_ws/install/py_pubsub:/home/rstole01/Documents/CSE-596/msu_ws/install/plexer360:/home/rstole01/Documents/CSE-596/msu_ws/install/painter:/home/rstole01/Documents/CSE-596/msu_ws/install/f1tenth_gym_ros:/opt/ros/humble /usr/bin/cmake --install /home/rstole01/Documents/CSE-596/msu_ws/build/my_messages
[4.401s] -- Install configuration: ""
[4.402s] -- Up-to-date: /home/rstole01/Documents/CSE-596/msu_ws/install/my_messages/share/ament_index/resource_index/rosidl_interfaces/my_messages
[4.402s] -- Up-to-date: /home/rstole01/Documents/CSE-596/msu_ws/install/my_messages/include/my_messages/my_messages
[4.402s] -- Up-to-date: /home/rstole01/Documents/CSE-596/msu_ws/install/my_messages/include/my_messages/my_messages/msg
[4.402s] -- Up-to-date: /home/rstole01/Documents/CSE-596/msu_ws/install/my_messages/include/my_messages/my_messages/msg/rosidl_generator_c__visibility_control.h
[4.403s] -- Up-to-date: /home/rstole01/Documents/CSE-596/msu_ws/install/my_messages/include/my_messages/my_messages/msg/key_value.h
[4.403s] -- Up-to-date: /home/rstole01/Documents/CSE-596/msu_ws/install/my_messages/include/my_messages/my_messages/msg/detail
[4.403s] -- Up-to-date: /home/rstole01/Documents/CSE-596/msu_ws/install/my_messages/include/my_messages/my_messages/msg/detail/pid_input__type_support.h
[4.403s] -- Up-to-date: /home/rstole01/Documents/CSE-596/msu_ws/install/my_messages/include/my_messages/my_messages/msg/detail/pid_input__functions.h
[4.404s] -- Up-to-date: /home/rstole01/Documents/CSE-596/msu_ws/install/my_messages/include/my_messages/my_messages/msg/detail/key_value__type_support.h
[4.405s] -- Up-to-date: /home/rstole01/Documents/CSE-596/msu_ws/install/my_messages/include/my_messages/my_messages/msg/detail/pid_input__functions.c
[4.405s] -- Up-to-date: /home/rstole01/Documents/CSE-596/msu_ws/install/my_messages/include/my_messages/my_messages/msg/detail/pid_input__struct.h
[4.405s] -- Up-to-date: /home/rstole01/Documents/CSE-596/msu_ws/install/my_messages/include/my_messages/my_messages/msg/detail/key_value__functions.c
[4.405s] -- Up-to-date: /home/rstole01/Documents/CSE-596/msu_ws/install/my_messages/include/my_messages/my_messages/msg/detail/key_value__functions.h
[4.406s] -- Up-to-date: /home/rstole01/Documents/CSE-596/msu_ws/install/my_messages/include/my_messages/my_messages/msg/detail/key_value__struct.h
[4.407s] -- Up-to-date: /home/rstole01/Documents/CSE-596/msu_ws/install/my_messages/include/my_messages/my_messages/msg/pid_input.h
[4.407s] -- Up-to-date: /home/rstole01/Documents/CSE-596/msu_ws/install/my_messages/share/my_messages/environment/library_path.sh
[4.407s] -- Up-to-date: /home/rstole01/Documents/CSE-596/msu_ws/install/my_messages/share/my_messages/environment/library_path.dsv
[4.407s] -- Up-to-date: /home/rstole01/Documents/CSE-596/msu_ws/install/my_messages/lib/libmy_messages__rosidl_generator_c.so
[4.408s] -- Up-to-date: /home/rstole01/Documents/CSE-596/msu_ws/install/my_messages/include/my_messages/my_messages
[4.410s] -- Up-to-date: /home/rstole01/Documents/CSE-596/msu_ws/install/my_messages/include/my_messages/my_messages/msg
[4.410s] -- Up-to-date: /home/rstole01/Documents/CSE-596/msu_ws/install/my_messages/include/my_messages/my_messages/msg/rosidl_typesupport_fastrtps_c__visibility_control.h
[4.410s] -- Up-to-date: /home/rstole01/Documents/CSE-596/msu_ws/install/my_messages/include/my_messages/my_messages/msg/detail
[4.411s] -- Up-to-date: /home/rstole01/Documents/CSE-596/msu_ws/install/my_messages/include/my_messages/my_messages/msg/detail/key_value__rosidl_typesupport_fastrtps_c.h
[4.411s] -- Up-to-date: /home/rstole01/Documents/CSE-596/msu_ws/install/my_messages/include/my_messages/my_messages/msg/detail/pid_input__rosidl_typesupport_fastrtps_c.h
[4.411s] -- Up-to-date: /home/rstole01/Documents/CSE-596/msu_ws/install/my_messages/lib/libmy_messages__rosidl_typesupport_fastrtps_c.so
[4.412s] -- Up-to-date: /home/rstole01/Documents/CSE-596/msu_ws/install/my_messages/include/my_messages/my_messages
[4.412s] -- Up-to-date: /home/rstole01/Documents/CSE-596/msu_ws/install/my_messages/include/my_messages/my_messages/msg
[4.412s] -- Up-to-date: /home/rstole01/Documents/CSE-596/msu_ws/install/my_messages/include/my_messages/my_messages/msg/rosidl_typesupport_introspection_c__visibility_control.h
[4.412s] -- Up-to-date: /home/rstole01/Documents/CSE-596/msu_ws/install/my_messages/include/my_messages/my_messages/msg/detail
[4.413s] -- Up-to-date: /home/rstole01/Documents/CSE-596/msu_ws/install/my_messages/include/my_messages/my_messages/msg/detail/key_value__type_support.c
[4.413s] -- Up-to-date: /home/rstole01/Documents/CSE-596/msu_ws/install/my_messages/include/my_messages/my_messages/msg/detail/key_value__rosidl_typesupport_introspection_c.h
[4.413s] -- Up-to-date: /home/rstole01/Documents/CSE-596/msu_ws/install/my_messages/include/my_messages/my_messages/msg/detail/pid_input__rosidl_typesupport_introspection_c.h
[4.413s] -- Up-to-date: /home/rstole01/Documents/CSE-596/msu_ws/install/my_messages/include/my_messages/my_messages/msg/detail/pid_input__type_support.c
[4.414s] -- Up-to-date: /home/rstole01/Documents/CSE-596/msu_ws/install/my_messages/lib/libmy_messages__rosidl_typesupport_introspection_c.so
[4.414s] -- Up-to-date: /home/rstole01/Documents/CSE-596/msu_ws/install/my_messages/lib/libmy_messages__rosidl_typesupport_c.so
[4.414s] -- Up-to-date: /home/rstole01/Documents/CSE-596/msu_ws/install/my_messages/include/my_messages/my_messages
[4.414s] -- Up-to-date: /home/rstole01/Documents/CSE-596/msu_ws/install/my_messages/include/my_messages/my_messages/msg
[4.415s] -- Up-to-date: /home/rstole01/Documents/CSE-596/msu_ws/install/my_messages/include/my_messages/my_messages/msg/pid_input.hpp
[4.415s] -- Up-to-date: /home/rstole01/Documents/CSE-596/msu_ws/install/my_messages/include/my_messages/my_messages/msg/key_value.hpp
[4.415s] -- Up-to-date: /home/rstole01/Documents/CSE-596/msu_ws/install/my_messages/include/my_messages/my_messages/msg/detail
[4.415s] -- Up-to-date: /home/rstole01/Documents/CSE-596/msu_ws/install/my_messages/include/my_messages/my_messages/msg/detail/pid_input__builder.hpp
[4.416s] -- Up-to-date: /home/rstole01/Documents/CSE-596/msu_ws/install/my_messages/include/my_messages/my_messages/msg/detail/key_value__builder.hpp
[4.416s] -- Up-to-date: /home/rstole01/Documents/CSE-596/msu_ws/install/my_messages/include/my_messages/my_messages/msg/detail/pid_input__struct.hpp
[4.416s] -- Up-to-date: /home/rstole01/Documents/CSE-596/msu_ws/install/my_messages/include/my_messages/my_messages/msg/detail/pid_input__traits.hpp
[4.416s] -- Up-to-date: /home/rstole01/Documents/CSE-596/msu_ws/install/my_messages/include/my_messages/my_messages/msg/detail/key_value__traits.hpp
[4.417s] -- Up-to-date: /home/rstole01/Documents/CSE-596/msu_ws/install/my_messages/include/my_messages/my_messages/msg/detail/key_value__struct.hpp
[4.417s] -- Up-to-date: /home/rstole01/Documents/CSE-596/msu_ws/install/my_messages/include/my_messages/my_messages
[4.418s] -- Up-to-date: /home/rstole01/Documents/CSE-596/msu_ws/install/my_messages/include/my_messages/my_messages/msg
[4.418s] -- Up-to-date: /home/rstole01/Documents/CSE-596/msu_ws/install/my_messages/include/my_messages/my_messages/msg/detail
[4.418s] -- Up-to-date: /home/rstole01/Documents/CSE-596/msu_ws/install/my_messages/include/my_messages/my_messages/msg/detail/pid_input__rosidl_typesupport_fastrtps_cpp.hpp
[4.419s] -- Up-to-date: /home/rstole01/Documents/CSE-596/msu_ws/install/my_messages/include/my_messages/my_messages/msg/detail/key_value__rosidl_typesupport_fastrtps_cpp.hpp
[4.419s] -- Up-to-date: /home/rstole01/Documents/CSE-596/msu_ws/install/my_messages/include/my_messages/my_messages/msg/detail/dds_fastrtps
[4.419s] -- Up-to-date: /home/rstole01/Documents/CSE-596/msu_ws/install/my_messages/include/my_messages/my_messages/msg/rosidl_typesupport_fastrtps_cpp__visibility_control.h
[4.419s] -- Up-to-date: /home/rstole01/Documents/CSE-596/msu_ws/install/my_messages/lib/libmy_messages__rosidl_typesupport_fastrtps_cpp.so
[4.420s] -- Up-to-date: /home/rstole01/Documents/CSE-596/msu_ws/install/my_messages/include/my_messages/my_messages
[4.420s] -- Up-to-date: /home/rstole01/Documents/CSE-596/msu_ws/install/my_messages/include/my_messages/my_messages/msg
[4.420s] -- Up-to-date: /home/rstole01/Documents/CSE-596/msu_ws/install/my_messages/include/my_messages/my_messages/msg/detail
[4.421s] -- Up-to-date: /home/rstole01/Documents/CSE-596/msu_ws/install/my_messages/include/my_messages/my_messages/msg/detail/pid_input__rosidl_typesupport_introspection_cpp.hpp
[4.422s] -- Up-to-date: /home/rstole01/Documents/CSE-596/msu_ws/install/my_messages/include/my_messages/my_messages/msg/detail/pid_input__type_support.cpp
[4.422s] -- Up-to-date: /home/rstole01/Documents/CSE-596/msu_ws/install/my_messages/include/my_messages/my_messages/msg/detail/key_value__type_support.cpp
[4.422s] -- Up-to-date: /home/rstole01/Documents/CSE-596/msu_ws/install/my_messages/include/my_messages/my_messages/msg/detail/key_value__rosidl_typesupport_introspection_cpp.hpp
[4.423s] -- Up-to-date: /home/rstole01/Documents/CSE-596/msu_ws/install/my_messages/lib/libmy_messages__rosidl_typesupport_introspection_cpp.so
[4.423s] -- Up-to-date: /home/rstole01/Documents/CSE-596/msu_ws/install/my_messages/lib/libmy_messages__rosidl_typesupport_cpp.so
[4.423s] -- Up-to-date: /home/rstole01/Documents/CSE-596/msu_ws/install/my_messages/share/my_messages/environment/pythonpath.sh
[4.424s] -- Up-to-date: /home/rstole01/Documents/CSE-596/msu_ws/install/my_messages/share/my_messages/environment/pythonpath.dsv
[4.424s] -- Up-to-date: /home/rstole01/Documents/CSE-596/msu_ws/install/my_messages/local/lib/python3.10/dist-packages/my_messages-0.0.0-py3.10.egg-info
[4.424s] -- Installing: /home/rstole01/Documents/CSE-596/msu_ws/install/my_messages/local/lib/python3.10/dist-packages/my_messages-0.0.0-py3.10.egg-info/top_level.txt
[4.450s] -- Installing: /home/rstole01/Documents/CSE-596/msu_ws/install/my_messages/local/lib/python3.10/dist-packages/my_messages-0.0.0-py3.10.egg-info/SOURCES.txt
[4.459s] -- Installing: /home/rstole01/Documents/CSE-596/msu_ws/install/my_messages/local/lib/python3.10/dist-packages/my_messages-0.0.0-py3.10.egg-info/PKG-INFO
[4.460s] -- Installing: /home/rstole01/Documents/CSE-596/msu_ws/install/my_messages/local/lib/python3.10/dist-packages/my_messages-0.0.0-py3.10.egg-info/dependency_links.txt
[4.466s] -- Up-to-date: /home/rstole01/Documents/CSE-596/msu_ws/install/my_messages/local/lib/python3.10/dist-packages/my_messages
[4.467s] -- Up-to-date: /home/rstole01/Documents/CSE-596/msu_ws/install/my_messages/local/lib/python3.10/dist-packages/my_messages/libmy_messages__rosidl_generator_py.so
[4.467s] -- Up-to-date: /home/rstole01/Documents/CSE-596/msu_ws/install/my_messages/local/lib/python3.10/dist-packages/my_messages/_my_messages_s.ep.rosidl_typesupport_introspection_c.c
[4.468s] -- Up-to-date: /home/rstole01/Documents/CSE-596/msu_ws/install/my_messages/local/lib/python3.10/dist-packages/my_messages/my_messages_s__rosidl_typesupport_fastrtps_c.cpython-310-x86_64-linux-gnu.so
[4.468s] -- Up-to-date: /home/rstole01/Documents/CSE-596/msu_ws/install/my_messages/local/lib/python3.10/dist-packages/my_messages/_my_messages_s.ep.rosidl_typesupport_c.c
[4.468s] -- Up-to-date: /home/rstole01/Documents/CSE-596/msu_ws/install/my_messages/local/lib/python3.10/dist-packages/my_messages/my_messages_s__rosidl_typesupport_c.cpython-310-x86_64-linux-gnu.so
[4.469s] -- Up-to-date: /home/rstole01/Documents/CSE-596/msu_ws/install/my_messages/local/lib/python3.10/dist-packages/my_messages/__init__.py
[4.469s] -- Up-to-date: /home/rstole01/Documents/CSE-596/msu_ws/install/my_messages/local/lib/python3.10/dist-packages/my_messages/msg
[4.469s] -- Up-to-date: /home/rstole01/Documents/CSE-596/msu_ws/install/my_messages/local/lib/python3.10/dist-packages/my_messages/msg/_key_value.py
[4.470s] -- Up-to-date: /home/rstole01/Documents/CSE-596/msu_ws/install/my_messages/local/lib/python3.10/dist-packages/my_messages/msg/_key_value_s.c
[4.470s] -- Up-to-date: /home/rstole01/Documents/CSE-596/msu_ws/install/my_messages/local/lib/python3.10/dist-packages/my_messages/msg/_pid_input.py
[4.470s] -- Up-to-date: /home/rstole01/Documents/CSE-596/msu_ws/install/my_messages/local/lib/python3.10/dist-packages/my_messages/msg/__init__.py
[4.470s] -- Up-to-date: /home/rstole01/Documents/CSE-596/msu_ws/install/my_messages/local/lib/python3.10/dist-packages/my_messages/msg/_pid_input_s.c
[4.471s] -- Up-to-date: /home/rstole01/Documents/CSE-596/msu_ws/install/my_messages/local/lib/python3.10/dist-packages/my_messages/my_messages_s__rosidl_typesupport_introspection_c.cpython-310-x86_64-linux-gnu.so
[4.471s] -- Up-to-date: /home/rstole01/Documents/CSE-596/msu_ws/install/my_messages/local/lib/python3.10/dist-packages/my_messages/_my_messages_s.ep.rosidl_typesupport_fastrtps_c.c
[4.695s] Listing '/home/rstole01/Documents/CSE-596/msu_ws/install/my_messages/local/lib/python3.10/dist-packages/my_messages'...
[4.696s] Listing '/home/rstole01/Documents/CSE-596/msu_ws/install/my_messages/local/lib/python3.10/dist-packages/my_messages/msg'...
[4.708s] -- Up-to-date: /home/rstole01/Documents/CSE-596/msu_ws/install/my_messages/local/lib/python3.10/dist-packages/my_messages/my_messages_s__rosidl_typesupport_fastrtps_c.cpython-310-x86_64-linux-gnu.so
[4.709s] -- Up-to-date: /home/rstole01/Documents/CSE-596/msu_ws/install/my_messages/local/lib/python3.10/dist-packages/my_messages/my_messages_s__rosidl_typesupport_introspection_c.cpython-310-x86_64-linux-gnu.so
[4.710s] -- Up-to-date: /home/rstole01/Documents/CSE-596/msu_ws/install/my_messages/local/lib/python3.10/dist-packages/my_messages/my_messages_s__rosidl_typesupport_c.cpython-310-x86_64-linux-gnu.so
[4.711s] -- Up-to-date: /home/rstole01/Documents/CSE-596/msu_ws/install/my_messages/lib/libmy_messages__rosidl_generator_py.so
[4.725s] -- Up-to-date: /home/rstole01/Documents/CSE-596/msu_ws/install/my_messages/share/my_messages/msg/PIDInput.idl
[4.726s] -- Up-to-date: /home/rstole01/Documents/CSE-596/msu_ws/install/my_messages/share/my_messages/msg/KeyValue.idl
[4.726s] -- Up-to-date: /home/rstole01/Documents/CSE-596/msu_ws/install/my_messages/share/my_messages/msg/PIDInput.msg
[4.727s] -- Up-to-date: /home/rstole01/Documents/CSE-596/msu_ws/install/my_messages/share/my_messages/msg/KeyValue.msg
[4.727s] -- Up-to-date: /home/rstole01/Documents/CSE-596/msu_ws/install/my_messages/share/ament_index/resource_index/package_run_dependencies/my_messages
[4.727s] -- Up-to-date: /home/rstole01/Documents/CSE-596/msu_ws/install/my_messages/share/ament_index/resource_index/parent_prefix_path/my_messages
[4.727s] -- Up-to-date: /home/rstole01/Documents/CSE-596/msu_ws/install/my_messages/share/my_messages/environment/ament_prefix_path.sh
[4.728s] -- Up-to-date: /home/rstole01/Documents/CSE-596/msu_ws/install/my_messages/share/my_messages/environment/ament_prefix_path.dsv
[4.728s] -- Up-to-date: /home/rstole01/Documents/CSE-596/msu_ws/install/my_messages/share/my_messages/environment/path.sh
[4.728s] -- Up-to-date: /home/rstole01/Documents/CSE-596/msu_ws/install/my_messages/share/my_messages/environment/path.dsv
[4.728s] -- Up-to-date: /home/rstole01/Documents/CSE-596/msu_ws/install/my_messages/share/my_messages/local_setup.bash
[4.728s] -- Up-to-date: /home/rstole01/Documents/CSE-596/msu_ws/install/my_messages/share/my_messages/local_setup.sh
[4.729s] -- Up-to-date: /home/rstole01/Documents/CSE-596/msu_ws/install/my_messages/share/my_messages/local_setup.zsh
[4.729s] -- Up-to-date: /home/rstole01/Documents/CSE-596/msu_ws/install/my_messages/share/my_messages/local_setup.dsv
[4.729s] -- Installing: /home/rstole01/Documents/CSE-596/msu_ws/install/my_messages/share/my_messages/package.dsv
[4.729s] -- Up-to-date: /home/rstole01/Documents/CSE-596/msu_ws/install/my_messages/share/ament_index/resource_index/packages/my_messages
[4.730s] -- Up-to-date: /home/rstole01/Documents/CSE-596/msu_ws/install/my_messages/share/my_messages/cmake/export_my_messages__rosidl_generator_cExport.cmake
[4.730s] -- Up-to-date: /home/rstole01/Documents/CSE-596/msu_ws/install/my_messages/share/my_messages/cmake/export_my_messages__rosidl_generator_cExport-noconfig.cmake
[4.730s] -- Up-to-date: /home/rstole01/Documents/CSE-596/msu_ws/install/my_messages/share/my_messages/cmake/export_my_messages__rosidl_typesupport_fastrtps_cExport.cmake
[4.730s] -- Up-to-date: /home/rstole01/Documents/CSE-596/msu_ws/install/my_messages/share/my_messages/cmake/export_my_messages__rosidl_typesupport_fastrtps_cExport-noconfig.cmake
[4.731s] -- Up-to-date: /home/rstole01/Documents/CSE-596/msu_ws/install/my_messages/share/my_messages/cmake/my_messages__rosidl_typesupport_introspection_cExport.cmake
[4.731s] -- Up-to-date: /home/rstole01/Documents/CSE-596/msu_ws/install/my_messages/share/my_messages/cmake/my_messages__rosidl_typesupport_introspection_cExport-noconfig.cmake
[4.731s] -- Up-to-date: /home/rstole01/Documents/CSE-596/msu_ws/install/my_messages/share/my_messages/cmake/my_messages__rosidl_typesupport_cExport.cmake
[4.731s] -- Up-to-date: /home/rstole01/Documents/CSE-596/msu_ws/install/my_messages/share/my_messages/cmake/my_messages__rosidl_typesupport_cExport-noconfig.cmake
[4.732s] -- Up-to-date: /home/rstole01/Documents/CSE-596/msu_ws/install/my_messages/share/my_messages/cmake/export_my_messages__rosidl_generator_cppExport.cmake
[4.732s] -- Up-to-date: /home/rstole01/Documents/CSE-596/msu_ws/install/my_messages/share/my_messages/cmake/export_my_messages__rosidl_typesupport_fastrtps_cppExport.cmake
[4.732s] -- Up-to-date: /home/rstole01/Documents/CSE-596/msu_ws/install/my_messages/share/my_messages/cmake/export_my_messages__rosidl_typesupport_fastrtps_cppExport-noconfig.cmake
[4.733s] -- Up-to-date: /home/rstole01/Documents/CSE-596/msu_ws/install/my_messages/share/my_messages/cmake/my_messages__rosidl_typesupport_introspection_cppExport.cmake
[4.733s] -- Up-to-date: /home/rstole01/Documents/CSE-596/msu_ws/install/my_messages/share/my_messages/cmake/my_messages__rosidl_typesupport_introspection_cppExport-noconfig.cmake
[4.733s] -- Up-to-date: /home/rstole01/Documents/CSE-596/msu_ws/install/my_messages/share/my_messages/cmake/my_messages__rosidl_typesupport_cppExport.cmake
[4.734s] -- Up-to-date: /home/rstole01/Documents/CSE-596/msu_ws/install/my_messages/share/my_messages/cmake/my_messages__rosidl_typesupport_cppExport-noconfig.cmake
[4.734s] -- Up-to-date: /home/rstole01/Documents/CSE-596/msu_ws/install/my_messages/share/my_messages/cmake/export_my_messages__rosidl_generator_pyExport.cmake
[4.734s] -- Up-to-date: /home/rstole01/Documents/CSE-596/msu_ws/install/my_messages/share/my_messages/cmake/export_my_messages__rosidl_generator_pyExport-noconfig.cmake
[4.734s] -- Up-to-date: /home/rstole01/Documents/CSE-596/msu_ws/install/my_messages/share/my_messages/cmake/rosidl_cmake-extras.cmake
[4.735s] -- Up-to-date: /home/rstole01/Documents/CSE-596/msu_ws/install/my_messages/share/my_messages/cmake/ament_cmake_export_dependencies-extras.cmake
[4.735s] -- Up-to-date: /home/rstole01/Documents/CSE-596/msu_ws/install/my_messages/share/my_messages/cmake/ament_cmake_export_include_directories-extras.cmake
[4.735s] -- Up-to-date: /home/rstole01/Documents/CSE-596/msu_ws/install/my_messages/share/my_messages/cmake/ament_cmake_export_libraries-extras.cmake
[4.736s] -- Up-to-date: /home/rstole01/Documents/CSE-596/msu_ws/install/my_messages/share/my_messages/cmake/ament_cmake_export_targets-extras.cmake
[4.745s] -- Up-to-date: /home/rstole01/Documents/CSE-596/msu_ws/install/my_messages/share/my_messages/cmake/rosidl_cmake_export_typesupport_targets-extras.cmake
[4.765s] -- Up-to-date: /home/rstole01/Documents/CSE-596/msu_ws/install/my_messages/share/my_messages/cmake/rosidl_cmake_export_typesupport_libraries-extras.cmake
[4.766s] -- Up-to-date: /home/rstole01/Documents/CSE-596/msu_ws/install/my_messages/share/my_messages/cmake/my_messagesConfig.cmake
[4.766s] -- Up-to-date: /home/rstole01/Documents/CSE-596/msu_ws/install/my_messages/share/my_messages/cmake/my_messagesConfig-version.cmake
[4.766s] -- Up-to-date: /home/rstole01/Documents/CSE-596/msu_ws/install/my_messages/share/my_messages/package.xml
[5.822s] Invoked command in '/home/rstole01/Documents/CSE-596/msu_ws/build/my_messages' returned '0': CMAKE_PREFIX_PATH=${CMAKE_PREFIX_PATH}:/home/rstole01/Documents/CSE-596/msu_ws/install/waypoint_writer:/home/rstole01/Documents/CSE-596/msu_ws/install/waypoint_follow:/home/rstole01/Documents/CSE-596/msu_ws/install/wall_follower_pid:/home/rstole01/Documents/CSE-596/msu_ws/install/qlearn:/home/rstole01/Documents/CSE-596/msu_ws/install/py_pubsub:/home/rstole01/Documents/CSE-596/msu_ws/install/plexer360:/home/rstole01/Documents/CSE-596/msu_ws/install/painter:/home/rstole01/Documents/CSE-596/msu_ws/install/f1tenth_gym_ros:/opt/ros/humble /usr/bin/cmake --install /home/rstole01/Documents/CSE-596/msu_ws/build/my_messages
