[0.225s] DEBUG:colcon:Command line arguments: ['/usr/bin/colcon', 'build']
[0.225s] DEBUG:colcon:Parsed command line arguments: Namespace(log_base=None, log_level=None, verb_name='build', build_base='build', install_base='install', merge_install=False, symlink_install=False, test_result_base=None, continue_on_error=False, executor='parallel', parallel_workers=8, event_handlers=None, ignore_user_meta=False, metas=['./colcon.meta'], base_paths=['.'], packages_ignore=None, packages_ignore_regex=None, paths=None, packages_up_to=None, packages_up_to_regex=None, packages_above=None, packages_above_and_dependencies=None, packages_above_depth=None, packages_select_by_dep=None, packages_skip_by_dep=None, packages_skip_up_to=None, packages_select_build_failed=False, packages_skip_build_finished=False, packages_select_test_failures=False, packages_skip_test_passed=False, packages_select=None, packages_skip=None, packages_select_regex=None, packages_skip_regex=None, packages_start=None, packages_end=None, allow_overriding=[], cmake_args=None, cmake_target=None, cmake_target_skip_unavailable=False, cmake_clean_cache=False, cmake_clean_first=False, cmake_force_configure=False, ament_cmake_args=None, catkin_cmake_args=None, catkin_skip_building_tests=False, mixin_files=None, mixin=None, verb_parser=<colcon_mixin.mixin.mixin_argument.MixinArgumentDecorator object at 0x74cd33b74580>, verb_extension=<colcon_core.verb.build.BuildVerb object at 0x74cd33b3bee0>, main=<bound method BuildVerb.main of <colcon_core.verb.build.BuildVerb object at 0x74cd33b3bee0>>, mixin_verb=('build',))
[0.611s] Level 1:colcon.colcon_core.package_discovery:discover_packages(colcon_meta) check parameters
[0.612s] Level 1:colcon.colcon_core.package_discovery:discover_packages(recursive) check parameters
[0.612s] Level 1:colcon.colcon_core.package_discovery:discover_packages(ignore) check parameters
[0.612s] Level 1:colcon.colcon_core.package_discovery:discover_packages(path) check parameters
[0.612s] Level 1:colcon.colcon_core.package_discovery:discover_packages(colcon_meta) discover
[0.612s] Level 1:colcon.colcon_core.package_discovery:discover_packages(recursive) discover
[0.612s] INFO:colcon.colcon_core.package_discovery:Crawling recursively for packages in '/home/rstole01/Documents/CapstoneGit/humble_ws'
[0.612s] Level 1:colcon.colcon_core.package_identification:_identify(.) by extensions ['ignore', 'ignore_ament_install']
[0.612s] Level 1:colcon.colcon_core.package_identification:_identify(.) by extension 'ignore'
[0.612s] Level 1:colcon.colcon_core.package_identification:_identify(.) by extension 'ignore_ament_install'
[0.613s] Level 1:colcon.colcon_core.package_identification:_identify(.) by extensions ['colcon_pkg']
[0.613s] Level 1:colcon.colcon_core.package_identification:_identify(.) by extension 'colcon_pkg'
[0.613s] Level 1:colcon.colcon_core.package_identification:_identify(.) by extensions ['colcon_meta']
[0.613s] Level 1:colcon.colcon_core.package_identification:_identify(.) by extension 'colcon_meta'
[0.613s] Level 1:colcon.colcon_core.package_identification:_identify(.) by extensions ['ros']
[0.613s] Level 1:colcon.colcon_core.package_identification:_identify(.) by extension 'ros'
[0.670s] Level 1:colcon.colcon_core.package_identification:_identify(.) by extensions ['cmake', 'python']
[0.671s] Level 1:colcon.colcon_core.package_identification:_identify(.) by extension 'cmake'
[0.671s] Level 1:colcon.colcon_core.package_identification:_identify(.) by extension 'python'
[0.671s] Level 1:colcon.colcon_core.package_identification:_identify(.) by extensions ['python_setup_py']
[0.671s] Level 1:colcon.colcon_core.package_identification:_identify(.) by extension 'python_setup_py'
[0.671s] Level 1:colcon.colcon_core.package_identification:_identify(bag_files) by extensions ['ignore', 'ignore_ament_install']
[0.671s] Level 1:colcon.colcon_core.package_identification:_identify(bag_files) by extension 'ignore'
[0.671s] Level 1:colcon.colcon_core.package_identification:_identify(bag_files) by extension 'ignore_ament_install'
[0.672s] Level 1:colcon.colcon_core.package_identification:_identify(bag_files) by extensions ['colcon_pkg']
[0.672s] Level 1:colcon.colcon_core.package_identification:_identify(bag_files) by extension 'colcon_pkg'
[0.672s] Level 1:colcon.colcon_core.package_identification:_identify(bag_files) by extensions ['colcon_meta']
[0.672s] Level 1:colcon.colcon_core.package_identification:_identify(bag_files) by extension 'colcon_meta'
[0.672s] Level 1:colcon.colcon_core.package_identification:_identify(bag_files) by extensions ['ros']
[0.672s] Level 1:colcon.colcon_core.package_identification:_identify(bag_files) by extension 'ros'
[0.672s] Level 1:colcon.colcon_core.package_identification:_identify(bag_files) by extensions ['cmake', 'python']
[0.672s] Level 1:colcon.colcon_core.package_identification:_identify(bag_files) by extension 'cmake'
[0.672s] Level 1:colcon.colcon_core.package_identification:_identify(bag_files) by extension 'python'
[0.672s] Level 1:colcon.colcon_core.package_identification:_identify(bag_files) by extensions ['python_setup_py']
[0.672s] Level 1:colcon.colcon_core.package_identification:_identify(bag_files) by extension 'python_setup_py'
[0.673s] Level 1:colcon.colcon_core.package_identification:_identify(bag_files/rosbag2_2024_01_14-12_54_13) by extensions ['ignore', 'ignore_ament_install']
[0.673s] Level 1:colcon.colcon_core.package_identification:_identify(bag_files/rosbag2_2024_01_14-12_54_13) by extension 'ignore'
[0.673s] Level 1:colcon.colcon_core.package_identification:_identify(bag_files/rosbag2_2024_01_14-12_54_13) by extension 'ignore_ament_install'
[0.673s] Level 1:colcon.colcon_core.package_identification:_identify(bag_files/rosbag2_2024_01_14-12_54_13) by extensions ['colcon_pkg']
[0.673s] Level 1:colcon.colcon_core.package_identification:_identify(bag_files/rosbag2_2024_01_14-12_54_13) by extension 'colcon_pkg'
[0.673s] Level 1:colcon.colcon_core.package_identification:_identify(bag_files/rosbag2_2024_01_14-12_54_13) by extensions ['colcon_meta']
[0.673s] Level 1:colcon.colcon_core.package_identification:_identify(bag_files/rosbag2_2024_01_14-12_54_13) by extension 'colcon_meta'
[0.673s] Level 1:colcon.colcon_core.package_identification:_identify(bag_files/rosbag2_2024_01_14-12_54_13) by extensions ['ros']
[0.673s] Level 1:colcon.colcon_core.package_identification:_identify(bag_files/rosbag2_2024_01_14-12_54_13) by extension 'ros'
[0.673s] Level 1:colcon.colcon_core.package_identification:_identify(bag_files/rosbag2_2024_01_14-12_54_13) by extensions ['cmake', 'python']
[0.674s] Level 1:colcon.colcon_core.package_identification:_identify(bag_files/rosbag2_2024_01_14-12_54_13) by extension 'cmake'
[0.674s] Level 1:colcon.colcon_core.package_identification:_identify(bag_files/rosbag2_2024_01_14-12_54_13) by extension 'python'
[0.674s] Level 1:colcon.colcon_core.package_identification:_identify(bag_files/rosbag2_2024_01_14-12_54_13) by extensions ['python_setup_py']
[0.674s] Level 1:colcon.colcon_core.package_identification:_identify(bag_files/rosbag2_2024_01_14-12_54_13) by extension 'python_setup_py'
[0.674s] Level 1:colcon.colcon_core.package_identification:_identify(bag_files/subset) by extensions ['ignore', 'ignore_ament_install']
[0.674s] Level 1:colcon.colcon_core.package_identification:_identify(bag_files/subset) by extension 'ignore'
[0.674s] Level 1:colcon.colcon_core.package_identification:_identify(bag_files/subset) by extension 'ignore_ament_install'
[0.674s] Level 1:colcon.colcon_core.package_identification:_identify(bag_files/subset) by extensions ['colcon_pkg']
[0.674s] Level 1:colcon.colcon_core.package_identification:_identify(bag_files/subset) by extension 'colcon_pkg'
[0.674s] Level 1:colcon.colcon_core.package_identification:_identify(bag_files/subset) by extensions ['colcon_meta']
[0.674s] Level 1:colcon.colcon_core.package_identification:_identify(bag_files/subset) by extension 'colcon_meta'
[0.675s] Level 1:colcon.colcon_core.package_identification:_identify(bag_files/subset) by extensions ['ros']
[0.675s] Level 1:colcon.colcon_core.package_identification:_identify(bag_files/subset) by extension 'ros'
[0.675s] Level 1:colcon.colcon_core.package_identification:_identify(bag_files/subset) by extensions ['cmake', 'python']
[0.675s] Level 1:colcon.colcon_core.package_identification:_identify(bag_files/subset) by extension 'cmake'
[0.675s] Level 1:colcon.colcon_core.package_identification:_identify(bag_files/subset) by extension 'python'
[0.675s] Level 1:colcon.colcon_core.package_identification:_identify(bag_files/subset) by extensions ['python_setup_py']
[0.675s] Level 1:colcon.colcon_core.package_identification:_identify(bag_files/subset) by extension 'python_setup_py'
[0.675s] Level 1:colcon.colcon_core.package_identification:_identify(build) by extensions ['ignore', 'ignore_ament_install']
[0.675s] Level 1:colcon.colcon_core.package_identification:_identify(build) by extension 'ignore'
[0.676s] Level 1:colcon.colcon_core.package_identification:_identify(build) ignored
[0.676s] Level 1:colcon.colcon_core.package_identification:_identify(install) by extensions ['ignore', 'ignore_ament_install']
[0.676s] Level 1:colcon.colcon_core.package_identification:_identify(install) by extension 'ignore'
[0.676s] Level 1:colcon.colcon_core.package_identification:_identify(install) ignored
[0.677s] Level 1:colcon.colcon_core.package_identification:_identify(log) by extensions ['ignore', 'ignore_ament_install']
[0.677s] Level 1:colcon.colcon_core.package_identification:_identify(log) by extension 'ignore'
[0.678s] Level 1:colcon.colcon_core.package_identification:_identify(log) ignored
[0.678s] Level 1:colcon.colcon_core.package_identification:_identify(src) by extensions ['ignore', 'ignore_ament_install']
[0.678s] Level 1:colcon.colcon_core.package_identification:_identify(src) by extension 'ignore'
[0.678s] Level 1:colcon.colcon_core.package_identification:_identify(src) by extension 'ignore_ament_install'
[0.678s] Level 1:colcon.colcon_core.package_identification:_identify(src) by extensions ['colcon_pkg']
[0.678s] Level 1:colcon.colcon_core.package_identification:_identify(src) by extension 'colcon_pkg'
[0.678s] Level 1:colcon.colcon_core.package_identification:_identify(src) by extensions ['colcon_meta']
[0.678s] Level 1:colcon.colcon_core.package_identification:_identify(src) by extension 'colcon_meta'
[0.678s] Level 1:colcon.colcon_core.package_identification:_identify(src) by extensions ['ros']
[0.678s] Level 1:colcon.colcon_core.package_identification:_identify(src) by extension 'ros'
[0.679s] Level 1:colcon.colcon_core.package_identification:_identify(src) by extensions ['cmake', 'python']
[0.679s] Level 1:colcon.colcon_core.package_identification:_identify(src) by extension 'cmake'
[0.679s] Level 1:colcon.colcon_core.package_identification:_identify(src) by extension 'python'
[0.679s] Level 1:colcon.colcon_core.package_identification:_identify(src) by extensions ['python_setup_py']
[0.679s] Level 1:colcon.colcon_core.package_identification:_identify(src) by extension 'python_setup_py'
[0.679s] Level 1:colcon.colcon_core.package_identification:_identify(src/aeb_lab) by extensions ['ignore', 'ignore_ament_install']
[0.679s] Level 1:colcon.colcon_core.package_identification:_identify(src/aeb_lab) by extension 'ignore'
[0.679s] Level 1:colcon.colcon_core.package_identification:_identify(src/aeb_lab) by extension 'ignore_ament_install'
[0.680s] Level 1:colcon.colcon_core.package_identification:_identify(src/aeb_lab) by extensions ['colcon_pkg']
[0.680s] Level 1:colcon.colcon_core.package_identification:_identify(src/aeb_lab) by extension 'colcon_pkg'
[0.680s] Level 1:colcon.colcon_core.package_identification:_identify(src/aeb_lab) by extensions ['colcon_meta']
[0.680s] Level 1:colcon.colcon_core.package_identification:_identify(src/aeb_lab) by extension 'colcon_meta'
[0.680s] Level 1:colcon.colcon_core.package_identification:_identify(src/aeb_lab) by extensions ['ros']
[0.680s] Level 1:colcon.colcon_core.package_identification:_identify(src/aeb_lab) by extension 'ros'
[0.684s] DEBUG:colcon.colcon_core.package_identification:Package 'src/aeb_lab' with type 'ros.ament_cmake' and name 'aeb_lab'
[0.685s] Level 1:colcon.colcon_core.package_identification:_identify(src/cpp_pubsub) by extensions ['ignore', 'ignore_ament_install']
[0.685s] Level 1:colcon.colcon_core.package_identification:_identify(src/cpp_pubsub) by extension 'ignore'
[0.685s] Level 1:colcon.colcon_core.package_identification:_identify(src/cpp_pubsub) by extension 'ignore_ament_install'
[0.685s] Level 1:colcon.colcon_core.package_identification:_identify(src/cpp_pubsub) by extensions ['colcon_pkg']
[0.685s] Level 1:colcon.colcon_core.package_identification:_identify(src/cpp_pubsub) by extension 'colcon_pkg'
[0.685s] Level 1:colcon.colcon_core.package_identification:_identify(src/cpp_pubsub) by extensions ['colcon_meta']
[0.685s] Level 1:colcon.colcon_core.package_identification:_identify(src/cpp_pubsub) by extension 'colcon_meta'
[0.685s] Level 1:colcon.colcon_core.package_identification:_identify(src/cpp_pubsub) by extensions ['ros']
[0.685s] Level 1:colcon.colcon_core.package_identification:_identify(src/cpp_pubsub) by extension 'ros'
[0.687s] DEBUG:colcon.colcon_core.package_identification:Package 'src/cpp_pubsub' with type 'ros.ament_cmake' and name 'cpp_pubsub'
[0.687s] Level 1:colcon.colcon_core.package_identification:_identify(src/f1tenth_gym_ros) by extensions ['ignore', 'ignore_ament_install']
[0.687s] Level 1:colcon.colcon_core.package_identification:_identify(src/f1tenth_gym_ros) by extension 'ignore'
[0.687s] Level 1:colcon.colcon_core.package_identification:_identify(src/f1tenth_gym_ros) by extension 'ignore_ament_install'
[0.687s] Level 1:colcon.colcon_core.package_identification:_identify(src/f1tenth_gym_ros) by extensions ['colcon_pkg']
[0.687s] Level 1:colcon.colcon_core.package_identification:_identify(src/f1tenth_gym_ros) by extension 'colcon_pkg'
[0.687s] Level 1:colcon.colcon_core.package_identification:_identify(src/f1tenth_gym_ros) by extensions ['colcon_meta']
[0.688s] Level 1:colcon.colcon_core.package_identification:_identify(src/f1tenth_gym_ros) by extension 'colcon_meta'
[0.688s] Level 1:colcon.colcon_core.package_identification:_identify(src/f1tenth_gym_ros) by extensions ['ros']
[0.688s] Level 1:colcon.colcon_core.package_identification:_identify(src/f1tenth_gym_ros) by extension 'ros'
[0.689s] DEBUG:colcon.colcon_core.package_identification:Package 'src/f1tenth_gym_ros' with type 'ros.ament_python' and name 'f1tenth_gym_ros'
[0.689s] Level 1:colcon.colcon_core.package_identification:_identify(src/lab1_package) by extensions ['ignore', 'ignore_ament_install']
[0.689s] Level 1:colcon.colcon_core.package_identification:_identify(src/lab1_package) by extension 'ignore'
[0.690s] Level 1:colcon.colcon_core.package_identification:_identify(src/lab1_package) by extension 'ignore_ament_install'
[0.690s] Level 1:colcon.colcon_core.package_identification:_identify(src/lab1_package) by extensions ['colcon_pkg']
[0.690s] Level 1:colcon.colcon_core.package_identification:_identify(src/lab1_package) by extension 'colcon_pkg'
[0.690s] Level 1:colcon.colcon_core.package_identification:_identify(src/lab1_package) by extensions ['colcon_meta']
[0.690s] Level 1:colcon.colcon_core.package_identification:_identify(src/lab1_package) by extension 'colcon_meta'
[0.690s] Level 1:colcon.colcon_core.package_identification:_identify(src/lab1_package) by extensions ['ros']
[0.690s] Level 1:colcon.colcon_core.package_identification:_identify(src/lab1_package) by extension 'ros'
[0.691s] DEBUG:colcon.colcon_core.package_identification:Package 'src/lab1_package' with type 'ros.ament_cmake' and name 'lab1_package'
[0.691s] Level 1:colcon.colcon_core.package_identification:_identify(src/pid_lab) by extensions ['ignore', 'ignore_ament_install']
[0.691s] Level 1:colcon.colcon_core.package_identification:_identify(src/pid_lab) by extension 'ignore'
[0.691s] Level 1:colcon.colcon_core.package_identification:_identify(src/pid_lab) by extension 'ignore_ament_install'
[0.691s] Level 1:colcon.colcon_core.package_identification:_identify(src/pid_lab) by extensions ['colcon_pkg']
[0.691s] Level 1:colcon.colcon_core.package_identification:_identify(src/pid_lab) by extension 'colcon_pkg'
[0.692s] Level 1:colcon.colcon_core.package_identification:_identify(src/pid_lab) by extensions ['colcon_meta']
[0.692s] Level 1:colcon.colcon_core.package_identification:_identify(src/pid_lab) by extension 'colcon_meta'
[0.692s] Level 1:colcon.colcon_core.package_identification:_identify(src/pid_lab) by extensions ['ros']
[0.692s] Level 1:colcon.colcon_core.package_identification:_identify(src/pid_lab) by extension 'ros'
[0.693s] DEBUG:colcon.colcon_core.package_identification:Package 'src/pid_lab' with type 'ros.ament_cmake' and name 'pid_lab'
[0.694s] Level 1:colcon.colcon_core.package_identification:_identify(src/pure-pursuit_lab) by extensions ['ignore', 'ignore_ament_install']
[0.694s] Level 1:colcon.colcon_core.package_identification:_identify(src/pure-pursuit_lab) by extension 'ignore'
[0.694s] Level 1:colcon.colcon_core.package_identification:_identify(src/pure-pursuit_lab) by extension 'ignore_ament_install'
[0.694s] Level 1:colcon.colcon_core.package_identification:_identify(src/pure-pursuit_lab) by extensions ['colcon_pkg']
[0.694s] Level 1:colcon.colcon_core.package_identification:_identify(src/pure-pursuit_lab) by extension 'colcon_pkg'
[0.694s] Level 1:colcon.colcon_core.package_identification:_identify(src/pure-pursuit_lab) by extensions ['colcon_meta']
[0.694s] Level 1:colcon.colcon_core.package_identification:_identify(src/pure-pursuit_lab) by extension 'colcon_meta'
[0.694s] Level 1:colcon.colcon_core.package_identification:_identify(src/pure-pursuit_lab) by extensions ['ros']
[0.694s] Level 1:colcon.colcon_core.package_identification:_identify(src/pure-pursuit_lab) by extension 'ros'
[0.696s] DEBUG:colcon.colcon_core.package_identification:Package 'src/pure-pursuit_lab' with type 'ros.ament_cmake' and name 'pure-pursuit_lab'
[0.697s] Level 1:colcon.colcon_core.package_identification:_identify(src/pursuit_lab) by extensions ['ignore', 'ignore_ament_install']
[0.697s] Level 1:colcon.colcon_core.package_identification:_identify(src/pursuit_lab) by extension 'ignore'
[0.697s] Level 1:colcon.colcon_core.package_identification:_identify(src/pursuit_lab) by extension 'ignore_ament_install'
[0.697s] Level 1:colcon.colcon_core.package_identification:_identify(src/pursuit_lab) by extensions ['colcon_pkg']
[0.697s] Level 1:colcon.colcon_core.package_identification:_identify(src/pursuit_lab) by extension 'colcon_pkg'
[0.697s] Level 1:colcon.colcon_core.package_identification:_identify(src/pursuit_lab) by extensions ['colcon_meta']
[0.697s] Level 1:colcon.colcon_core.package_identification:_identify(src/pursuit_lab) by extension 'colcon_meta'
[0.697s] Level 1:colcon.colcon_core.package_identification:_identify(src/pursuit_lab) by extensions ['ros']
[0.697s] Level 1:colcon.colcon_core.package_identification:_identify(src/pursuit_lab) by extension 'ros'
[0.700s] DEBUG:colcon.colcon_core.package_identification:Package 'src/pursuit_lab' with type 'ros.ament_cmake' and name 'pursuit_lab'
[0.700s] Level 1:colcon.colcon_core.package_identification:_identify(src/scan_pubsub) by extensions ['ignore', 'ignore_ament_install']
[0.700s] Level 1:colcon.colcon_core.package_identification:_identify(src/scan_pubsub) by extension 'ignore'
[0.700s] Level 1:colcon.colcon_core.package_identification:_identify(src/scan_pubsub) by extension 'ignore_ament_install'
[0.700s] Level 1:colcon.colcon_core.package_identification:_identify(src/scan_pubsub) by extensions ['colcon_pkg']
[0.700s] Level 1:colcon.colcon_core.package_identification:_identify(src/scan_pubsub) by extension 'colcon_pkg'
[0.700s] Level 1:colcon.colcon_core.package_identification:_identify(src/scan_pubsub) by extensions ['colcon_meta']
[0.700s] Level 1:colcon.colcon_core.package_identification:_identify(src/scan_pubsub) by extension 'colcon_meta'
[0.701s] Level 1:colcon.colcon_core.package_identification:_identify(src/scan_pubsub) by extensions ['ros']
[0.701s] Level 1:colcon.colcon_core.package_identification:_identify(src/scan_pubsub) by extension 'ros'
[0.702s] DEBUG:colcon.colcon_core.package_identification:Package 'src/scan_pubsub' with type 'ros.ament_cmake' and name 'scan_pubsub'
[0.702s] Level 1:colcon.colcon_core.package_identification:_identify(src/tutorial_interfaces) by extensions ['ignore', 'ignore_ament_install']
[0.702s] Level 1:colcon.colcon_core.package_identification:_identify(src/tutorial_interfaces) by extension 'ignore'
[0.702s] Level 1:colcon.colcon_core.package_identification:_identify(src/tutorial_interfaces) by extension 'ignore_ament_install'
[0.703s] Level 1:colcon.colcon_core.package_identification:_identify(src/tutorial_interfaces) by extensions ['colcon_pkg']
[0.703s] Level 1:colcon.colcon_core.package_identification:_identify(src/tutorial_interfaces) by extension 'colcon_pkg'
[0.703s] Level 1:colcon.colcon_core.package_identification:_identify(src/tutorial_interfaces) by extensions ['colcon_meta']
[0.703s] Level 1:colcon.colcon_core.package_identification:_identify(src/tutorial_interfaces) by extension 'colcon_meta'
[0.703s] Level 1:colcon.colcon_core.package_identification:_identify(src/tutorial_interfaces) by extensions ['ros']
[0.703s] Level 1:colcon.colcon_core.package_identification:_identify(src/tutorial_interfaces) by extension 'ros'
[0.704s] DEBUG:colcon.colcon_core.package_identification:Package 'src/tutorial_interfaces' with type 'ros.ament_cmake' and name 'tutorial_interfaces'
[0.704s] Level 1:colcon.colcon_core.package_identification:_identify(src/waypoint_logger) by extensions ['ignore', 'ignore_ament_install']
[0.704s] Level 1:colcon.colcon_core.package_identification:_identify(src/waypoint_logger) by extension 'ignore'
[0.705s] Level 1:colcon.colcon_core.package_identification:_identify(src/waypoint_logger) by extension 'ignore_ament_install'
[0.705s] Level 1:colcon.colcon_core.package_identification:_identify(src/waypoint_logger) by extensions ['colcon_pkg']
[0.705s] Level 1:colcon.colcon_core.package_identification:_identify(src/waypoint_logger) by extension 'colcon_pkg'
[0.705s] Level 1:colcon.colcon_core.package_identification:_identify(src/waypoint_logger) by extensions ['colcon_meta']
[0.705s] Level 1:colcon.colcon_core.package_identification:_identify(src/waypoint_logger) by extension 'colcon_meta'
[0.705s] Level 1:colcon.colcon_core.package_identification:_identify(src/waypoint_logger) by extensions ['ros']
[0.705s] Level 1:colcon.colcon_core.package_identification:_identify(src/waypoint_logger) by extension 'ros'
[0.706s] DEBUG:colcon.colcon_core.package_identification:Package 'src/waypoint_logger' with type 'ros.ament_python' and name 'waypoint_logger'
[0.706s] Level 1:colcon.colcon_core.package_identification:_identify(waypoints) by extensions ['ignore', 'ignore_ament_install']
[0.706s] Level 1:colcon.colcon_core.package_identification:_identify(waypoints) by extension 'ignore'
[0.706s] Level 1:colcon.colcon_core.package_identification:_identify(waypoints) by extension 'ignore_ament_install'
[0.707s] Level 1:colcon.colcon_core.package_identification:_identify(waypoints) by extensions ['colcon_pkg']
[0.707s] Level 1:colcon.colcon_core.package_identification:_identify(waypoints) by extension 'colcon_pkg'
[0.707s] Level 1:colcon.colcon_core.package_identification:_identify(waypoints) by extensions ['colcon_meta']
[0.707s] Level 1:colcon.colcon_core.package_identification:_identify(waypoints) by extension 'colcon_meta'
[0.707s] Level 1:colcon.colcon_core.package_identification:_identify(waypoints) by extensions ['ros']
[0.707s] Level 1:colcon.colcon_core.package_identification:_identify(waypoints) by extension 'ros'
[0.707s] Level 1:colcon.colcon_core.package_identification:_identify(waypoints) by extensions ['cmake', 'python']
[0.707s] Level 1:colcon.colcon_core.package_identification:_identify(waypoints) by extension 'cmake'
[0.707s] Level 1:colcon.colcon_core.package_identification:_identify(waypoints) by extension 'python'
[0.707s] Level 1:colcon.colcon_core.package_identification:_identify(waypoints) by extensions ['python_setup_py']
[0.707s] Level 1:colcon.colcon_core.package_identification:_identify(waypoints) by extension 'python_setup_py'
[0.707s] Level 1:colcon.colcon_core.package_discovery:discover_packages(recursive) using defaults
[0.708s] Level 1:colcon.colcon_core.package_discovery:discover_packages(ignore) discover
[0.708s] Level 1:colcon.colcon_core.package_discovery:discover_packages(ignore) using defaults
[0.708s] Level 1:colcon.colcon_core.package_discovery:discover_packages(path) discover
[0.708s] Level 1:colcon.colcon_core.package_discovery:discover_packages(path) using defaults
[0.746s] Level 1:colcon.colcon_core.package_discovery:discover_packages(prefix_path) check parameters
[0.747s] Level 1:colcon.colcon_core.package_discovery:discover_packages(prefix_path) discover
[0.751s] DEBUG:colcon.colcon_installed_package_information.package_discovery:Found 10 installed packages in /home/rstole01/Documents/CapstoneGit/humble_ws/install
[0.754s] DEBUG:colcon.colcon_installed_package_information.package_discovery:Found 385 installed packages in /opt/ros/humble
[0.758s] Level 1:colcon.colcon_core.package_discovery:discover_packages(prefix_path) using defaults
[0.854s] Level 5:colcon.colcon_core.verb:set package 'aeb_lab' build argument 'cmake_args' from command line to 'None'
[0.854s] Level 5:colcon.colcon_core.verb:set package 'aeb_lab' build argument 'cmake_target' from command line to 'None'
[0.854s] Level 5:colcon.colcon_core.verb:set package 'aeb_lab' build argument 'cmake_target_skip_unavailable' from command line to 'False'
[0.854s] Level 5:colcon.colcon_core.verb:set package 'aeb_lab' build argument 'cmake_clean_cache' from command line to 'False'
[0.854s] Level 5:colcon.colcon_core.verb:set package 'aeb_lab' build argument 'cmake_clean_first' from command line to 'False'
[0.854s] Level 5:colcon.colcon_core.verb:set package 'aeb_lab' build argument 'cmake_force_configure' from command line to 'False'
[0.854s] Level 5:colcon.colcon_core.verb:set package 'aeb_lab' build argument 'ament_cmake_args' from command line to 'None'
[0.854s] Level 5:colcon.colcon_core.verb:set package 'aeb_lab' build argument 'catkin_cmake_args' from command line to 'None'
[0.854s] Level 5:colcon.colcon_core.verb:set package 'aeb_lab' build argument 'catkin_skip_building_tests' from command line to 'False'
[0.854s] DEBUG:colcon.colcon_core.verb:Building package 'aeb_lab' with the following arguments: {'ament_cmake_args': None, 'build_base': '/home/rstole01/Documents/CapstoneGit/humble_ws/build/aeb_lab', 'catkin_cmake_args': None, 'catkin_skip_building_tests': False, 'cmake_args': None, 'cmake_clean_cache': False, 'cmake_clean_first': False, 'cmake_force_configure': False, 'cmake_target': None, 'cmake_target_skip_unavailable': False, 'install_base': '/home/rstole01/Documents/CapstoneGit/humble_ws/install/aeb_lab', 'merge_install': False, 'path': '/home/rstole01/Documents/CapstoneGit/humble_ws/src/aeb_lab', 'symlink_install': False, 'test_result_base': None}
[0.855s] Level 5:colcon.colcon_core.verb:set package 'f1tenth_gym_ros' build argument 'cmake_args' from command line to 'None'
[0.855s] Level 5:colcon.colcon_core.verb:set package 'f1tenth_gym_ros' build argument 'cmake_target' from command line to 'None'
[0.855s] Level 5:colcon.colcon_core.verb:set package 'f1tenth_gym_ros' build argument 'cmake_target_skip_unavailable' from command line to 'False'
[0.855s] Level 5:colcon.colcon_core.verb:set package 'f1tenth_gym_ros' build argument 'cmake_clean_cache' from command line to 'False'
[0.855s] Level 5:colcon.colcon_core.verb:set package 'f1tenth_gym_ros' build argument 'cmake_clean_first' from command line to 'False'
[0.855s] Level 5:colcon.colcon_core.verb:set package 'f1tenth_gym_ros' build argument 'cmake_force_configure' from command line to 'False'
[0.855s] Level 5:colcon.colcon_core.verb:set package 'f1tenth_gym_ros' build argument 'ament_cmake_args' from command line to 'None'
[0.855s] Level 5:colcon.colcon_core.verb:set package 'f1tenth_gym_ros' build argument 'catkin_cmake_args' from command line to 'None'
[0.855s] Level 5:colcon.colcon_core.verb:set package 'f1tenth_gym_ros' build argument 'catkin_skip_building_tests' from command line to 'False'
[0.855s] DEBUG:colcon.colcon_core.verb:Building package 'f1tenth_gym_ros' with the following arguments: {'ament_cmake_args': None, 'build_base': '/home/rstole01/Documents/CapstoneGit/humble_ws/build/f1tenth_gym_ros', 'catkin_cmake_args': None, 'catkin_skip_building_tests': False, 'cmake_args': None, 'cmake_clean_cache': False, 'cmake_clean_first': False, 'cmake_force_configure': False, 'cmake_target': None, 'cmake_target_skip_unavailable': False, 'install_base': '/home/rstole01/Documents/CapstoneGit/humble_ws/install/f1tenth_gym_ros', 'merge_install': False, 'path': '/home/rstole01/Documents/CapstoneGit/humble_ws/src/f1tenth_gym_ros', 'symlink_install': False, 'test_result_base': None}
[0.856s] Level 5:colcon.colcon_core.verb:set package 'lab1_package' build argument 'cmake_args' from command line to 'None'
[0.856s] Level 5:colcon.colcon_core.verb:set package 'lab1_package' build argument 'cmake_target' from command line to 'None'
[0.856s] Level 5:colcon.colcon_core.verb:set package 'lab1_package' build argument 'cmake_target_skip_unavailable' from command line to 'False'
[0.856s] Level 5:colcon.colcon_core.verb:set package 'lab1_package' build argument 'cmake_clean_cache' from command line to 'False'
[0.856s] Level 5:colcon.colcon_core.verb:set package 'lab1_package' build argument 'cmake_clean_first' from command line to 'False'
[0.856s] Level 5:colcon.colcon_core.verb:set package 'lab1_package' build argument 'cmake_force_configure' from command line to 'False'
[0.857s] Level 5:colcon.colcon_core.verb:set package 'lab1_package' build argument 'ament_cmake_args' from command line to 'None'
[0.857s] Level 5:colcon.colcon_core.verb:set package 'lab1_package' build argument 'catkin_cmake_args' from command line to 'None'
[0.857s] Level 5:colcon.colcon_core.verb:set package 'lab1_package' build argument 'catkin_skip_building_tests' from command line to 'False'
[0.857s] DEBUG:colcon.colcon_core.verb:Building package 'lab1_package' with the following arguments: {'ament_cmake_args': None, 'build_base': '/home/rstole01/Documents/CapstoneGit/humble_ws/build/lab1_package', 'catkin_cmake_args': None, 'catkin_skip_building_tests': False, 'cmake_args': None, 'cmake_clean_cache': False, 'cmake_clean_first': False, 'cmake_force_configure': False, 'cmake_target': None, 'cmake_target_skip_unavailable': False, 'install_base': '/home/rstole01/Documents/CapstoneGit/humble_ws/install/lab1_package', 'merge_install': False, 'path': '/home/rstole01/Documents/CapstoneGit/humble_ws/src/lab1_package', 'symlink_install': False, 'test_result_base': None}
[0.857s] Level 5:colcon.colcon_core.verb:set package 'pid_lab' build argument 'cmake_args' from command line to 'None'
[0.857s] Level 5:colcon.colcon_core.verb:set package 'pid_lab' build argument 'cmake_target' from command line to 'None'
[0.857s] Level 5:colcon.colcon_core.verb:set package 'pid_lab' build argument 'cmake_target_skip_unavailable' from command line to 'False'
[0.858s] Level 5:colcon.colcon_core.verb:set package 'pid_lab' build argument 'cmake_clean_cache' from command line to 'False'
[0.858s] Level 5:colcon.colcon_core.verb:set package 'pid_lab' build argument 'cmake_clean_first' from command line to 'False'
[0.858s] Level 5:colcon.colcon_core.verb:set package 'pid_lab' build argument 'cmake_force_configure' from command line to 'False'
[0.858s] Level 5:colcon.colcon_core.verb:set package 'pid_lab' build argument 'ament_cmake_args' from command line to 'None'
[0.858s] Level 5:colcon.colcon_core.verb:set package 'pid_lab' build argument 'catkin_cmake_args' from command line to 'None'
[0.858s] Level 5:colcon.colcon_core.verb:set package 'pid_lab' build argument 'catkin_skip_building_tests' from command line to 'False'
[0.858s] DEBUG:colcon.colcon_core.verb:Building package 'pid_lab' with the following arguments: {'ament_cmake_args': None, 'build_base': '/home/rstole01/Documents/CapstoneGit/humble_ws/build/pid_lab', 'catkin_cmake_args': None, 'catkin_skip_building_tests': False, 'cmake_args': None, 'cmake_clean_cache': False, 'cmake_clean_first': False, 'cmake_force_configure': False, 'cmake_target': None, 'cmake_target_skip_unavailable': False, 'install_base': '/home/rstole01/Documents/CapstoneGit/humble_ws/install/pid_lab', 'merge_install': False, 'path': '/home/rstole01/Documents/CapstoneGit/humble_ws/src/pid_lab', 'symlink_install': False, 'test_result_base': None}
[0.858s] Level 5:colcon.colcon_core.verb:set package 'pure-pursuit_lab' build argument 'cmake_args' from command line to 'None'
[0.859s] Level 5:colcon.colcon_core.verb:set package 'pure-pursuit_lab' build argument 'cmake_target' from command line to 'None'
[0.859s] Level 5:colcon.colcon_core.verb:set package 'pure-pursuit_lab' build argument 'cmake_target_skip_unavailable' from command line to 'False'
[0.859s] Level 5:colcon.colcon_core.verb:set package 'pure-pursuit_lab' build argument 'cmake_clean_cache' from command line to 'False'
[0.859s] Level 5:colcon.colcon_core.verb:set package 'pure-pursuit_lab' build argument 'cmake_clean_first' from command line to 'False'
[0.859s] Level 5:colcon.colcon_core.verb:set package 'pure-pursuit_lab' build argument 'cmake_force_configure' from command line to 'False'
[0.859s] Level 5:colcon.colcon_core.verb:set package 'pure-pursuit_lab' build argument 'ament_cmake_args' from command line to 'None'
[0.859s] Level 5:colcon.colcon_core.verb:set package 'pure-pursuit_lab' build argument 'catkin_cmake_args' from command line to 'None'
[0.859s] Level 5:colcon.colcon_core.verb:set package 'pure-pursuit_lab' build argument 'catkin_skip_building_tests' from command line to 'False'
[0.859s] DEBUG:colcon.colcon_core.verb:Building package 'pure-pursuit_lab' with the following arguments: {'ament_cmake_args': None, 'build_base': '/home/rstole01/Documents/CapstoneGit/humble_ws/build/pure-pursuit_lab', 'catkin_cmake_args': None, 'catkin_skip_building_tests': False, 'cmake_args': None, 'cmake_clean_cache': False, 'cmake_clean_first': False, 'cmake_force_configure': False, 'cmake_target': None, 'cmake_target_skip_unavailable': False, 'install_base': '/home/rstole01/Documents/CapstoneGit/humble_ws/install/pure-pursuit_lab', 'merge_install': False, 'path': '/home/rstole01/Documents/CapstoneGit/humble_ws/src/pure-pursuit_lab', 'symlink_install': False, 'test_result_base': None}
[0.860s] Level 5:colcon.colcon_core.verb:set package 'pursuit_lab' build argument 'cmake_args' from command line to 'None'
[0.860s] Level 5:colcon.colcon_core.verb:set package 'pursuit_lab' build argument 'cmake_target' from command line to 'None'
[0.860s] Level 5:colcon.colcon_core.verb:set package 'pursuit_lab' build argument 'cmake_target_skip_unavailable' from command line to 'False'
[0.860s] Level 5:colcon.colcon_core.verb:set package 'pursuit_lab' build argument 'cmake_clean_cache' from command line to 'False'
[0.860s] Level 5:colcon.colcon_core.verb:set package 'pursuit_lab' build argument 'cmake_clean_first' from command line to 'False'
[0.860s] Level 5:colcon.colcon_core.verb:set package 'pursuit_lab' build argument 'cmake_force_configure' from command line to 'False'
[0.860s] Level 5:colcon.colcon_core.verb:set package 'pursuit_lab' build argument 'ament_cmake_args' from command line to 'None'
[0.860s] Level 5:colcon.colcon_core.verb:set package 'pursuit_lab' build argument 'catkin_cmake_args' from command line to 'None'
[0.860s] Level 5:colcon.colcon_core.verb:set package 'pursuit_lab' build argument 'catkin_skip_building_tests' from command line to 'False'
[0.860s] DEBUG:colcon.colcon_core.verb:Building package 'pursuit_lab' with the following arguments: {'ament_cmake_args': None, 'build_base': '/home/rstole01/Documents/CapstoneGit/humble_ws/build/pursuit_lab', 'catkin_cmake_args': None, 'catkin_skip_building_tests': False, 'cmake_args': None, 'cmake_clean_cache': False, 'cmake_clean_first': False, 'cmake_force_configure': False, 'cmake_target': None, 'cmake_target_skip_unavailable': False, 'install_base': '/home/rstole01/Documents/CapstoneGit/humble_ws/install/pursuit_lab', 'merge_install': False, 'path': '/home/rstole01/Documents/CapstoneGit/humble_ws/src/pursuit_lab', 'symlink_install': False, 'test_result_base': None}
[0.861s] Level 5:colcon.colcon_core.verb:set package 'tutorial_interfaces' build argument 'cmake_args' from command line to 'None'
[0.861s] Level 5:colcon.colcon_core.verb:set package 'tutorial_interfaces' build argument 'cmake_target' from command line to 'None'
[0.861s] Level 5:colcon.colcon_core.verb:set package 'tutorial_interfaces' build argument 'cmake_target_skip_unavailable' from command line to 'False'
[0.861s] Level 5:colcon.colcon_core.verb:set package 'tutorial_interfaces' build argument 'cmake_clean_cache' from command line to 'False'
[0.861s] Level 5:colcon.colcon_core.verb:set package 'tutorial_interfaces' build argument 'cmake_clean_first' from command line to 'False'
[0.861s] Level 5:colcon.colcon_core.verb:set package 'tutorial_interfaces' build argument 'cmake_force_configure' from command line to 'False'
[0.861s] Level 5:colcon.colcon_core.verb:set package 'tutorial_interfaces' build argument 'ament_cmake_args' from command line to 'None'
[0.861s] Level 5:colcon.colcon_core.verb:set package 'tutorial_interfaces' build argument 'catkin_cmake_args' from command line to 'None'
[0.861s] Level 5:colcon.colcon_core.verb:set package 'tutorial_interfaces' build argument 'catkin_skip_building_tests' from command line to 'False'
[0.861s] DEBUG:colcon.colcon_core.verb:Building package 'tutorial_interfaces' with the following arguments: {'ament_cmake_args': None, 'build_base': '/home/rstole01/Documents/CapstoneGit/humble_ws/build/tutorial_interfaces', 'catkin_cmake_args': None, 'catkin_skip_building_tests': False, 'cmake_args': None, 'cmake_clean_cache': False, 'cmake_clean_first': False, 'cmake_force_configure': False, 'cmake_target': None, 'cmake_target_skip_unavailable': False, 'install_base': '/home/rstole01/Documents/CapstoneGit/humble_ws/install/tutorial_interfaces', 'merge_install': False, 'path': '/home/rstole01/Documents/CapstoneGit/humble_ws/src/tutorial_interfaces', 'symlink_install': False, 'test_result_base': None}
[0.862s] Level 5:colcon.colcon_core.verb:set package 'waypoint_logger' build argument 'cmake_args' from command line to 'None'
[0.862s] Level 5:colcon.colcon_core.verb:set package 'waypoint_logger' build argument 'cmake_target' from command line to 'None'
[0.862s] Level 5:colcon.colcon_core.verb:set package 'waypoint_logger' build argument 'cmake_target_skip_unavailable' from command line to 'False'
[0.862s] Level 5:colcon.colcon_core.verb:set package 'waypoint_logger' build argument 'cmake_clean_cache' from command line to 'False'
[0.862s] Level 5:colcon.colcon_core.verb:set package 'waypoint_logger' build argument 'cmake_clean_first' from command line to 'False'
[0.862s] Level 5:colcon.colcon_core.verb:set package 'waypoint_logger' build argument 'cmake_force_configure' from command line to 'False'
[0.862s] Level 5:colcon.colcon_core.verb:set package 'waypoint_logger' build argument 'ament_cmake_args' from command line to 'None'
[0.862s] Level 5:colcon.colcon_core.verb:set package 'waypoint_logger' build argument 'catkin_cmake_args' from command line to 'None'
[0.862s] Level 5:colcon.colcon_core.verb:set package 'waypoint_logger' build argument 'catkin_skip_building_tests' from command line to 'False'
[0.862s] DEBUG:colcon.colcon_core.verb:Building package 'waypoint_logger' with the following arguments: {'ament_cmake_args': None, 'build_base': '/home/rstole01/Documents/CapstoneGit/humble_ws/build/waypoint_logger', 'catkin_cmake_args': None, 'catkin_skip_building_tests': False, 'cmake_args': None, 'cmake_clean_cache': False, 'cmake_clean_first': False, 'cmake_force_configure': False, 'cmake_target': None, 'cmake_target_skip_unavailable': False, 'install_base': '/home/rstole01/Documents/CapstoneGit/humble_ws/install/waypoint_logger', 'merge_install': False, 'path': '/home/rstole01/Documents/CapstoneGit/humble_ws/src/waypoint_logger', 'symlink_install': False, 'test_result_base': None}
[0.863s] Level 5:colcon.colcon_core.verb:set package 'cpp_pubsub' build argument 'cmake_args' from command line to 'None'
[0.863s] Level 5:colcon.colcon_core.verb:set package 'cpp_pubsub' build argument 'cmake_target' from command line to 'None'
[0.863s] Level 5:colcon.colcon_core.verb:set package 'cpp_pubsub' build argument 'cmake_target_skip_unavailable' from command line to 'False'
[0.863s] Level 5:colcon.colcon_core.verb:set package 'cpp_pubsub' build argument 'cmake_clean_cache' from command line to 'False'
[0.863s] Level 5:colcon.colcon_core.verb:set package 'cpp_pubsub' build argument 'cmake_clean_first' from command line to 'False'
[0.863s] Level 5:colcon.colcon_core.verb:set package 'cpp_pubsub' build argument 'cmake_force_configure' from command line to 'False'
[0.863s] Level 5:colcon.colcon_core.verb:set package 'cpp_pubsub' build argument 'ament_cmake_args' from command line to 'None'
[0.863s] Level 5:colcon.colcon_core.verb:set package 'cpp_pubsub' build argument 'catkin_cmake_args' from command line to 'None'
[0.864s] Level 5:colcon.colcon_core.verb:set package 'cpp_pubsub' build argument 'catkin_skip_building_tests' from command line to 'False'
[0.864s] DEBUG:colcon.colcon_core.verb:Building package 'cpp_pubsub' with the following arguments: {'ament_cmake_args': None, 'build_base': '/home/rstole01/Documents/CapstoneGit/humble_ws/build/cpp_pubsub', 'catkin_cmake_args': None, 'catkin_skip_building_tests': False, 'cmake_args': None, 'cmake_clean_cache': False, 'cmake_clean_first': False, 'cmake_force_configure': False, 'cmake_target': None, 'cmake_target_skip_unavailable': False, 'install_base': '/home/rstole01/Documents/CapstoneGit/humble_ws/install/cpp_pubsub', 'merge_install': False, 'path': '/home/rstole01/Documents/CapstoneGit/humble_ws/src/cpp_pubsub', 'symlink_install': False, 'test_result_base': None}
[0.864s] Level 5:colcon.colcon_core.verb:set package 'scan_pubsub' build argument 'cmake_args' from command line to 'None'
[0.864s] Level 5:colcon.colcon_core.verb:set package 'scan_pubsub' build argument 'cmake_target' from command line to 'None'
[0.864s] Level 5:colcon.colcon_core.verb:set package 'scan_pubsub' build argument 'cmake_target_skip_unavailable' from command line to 'False'
[0.864s] Level 5:colcon.colcon_core.verb:set package 'scan_pubsub' build argument 'cmake_clean_cache' from command line to 'False'
[0.864s] Level 5:colcon.colcon_core.verb:set package 'scan_pubsub' build argument 'cmake_clean_first' from command line to 'False'
[0.865s] Level 5:colcon.colcon_core.verb:set package 'scan_pubsub' build argument 'cmake_force_configure' from command line to 'False'
[0.865s] Level 5:colcon.colcon_core.verb:set package 'scan_pubsub' build argument 'ament_cmake_args' from command line to 'None'
[0.865s] Level 5:colcon.colcon_core.verb:set package 'scan_pubsub' build argument 'catkin_cmake_args' from command line to 'None'
[0.865s] Level 5:colcon.colcon_core.verb:set package 'scan_pubsub' build argument 'catkin_skip_building_tests' from command line to 'False'
[0.865s] DEBUG:colcon.colcon_core.verb:Building package 'scan_pubsub' with the following arguments: {'ament_cmake_args': None, 'build_base': '/home/rstole01/Documents/CapstoneGit/humble_ws/build/scan_pubsub', 'catkin_cmake_args': None, 'catkin_skip_building_tests': False, 'cmake_args': None, 'cmake_clean_cache': False, 'cmake_clean_first': False, 'cmake_force_configure': False, 'cmake_target': None, 'cmake_target_skip_unavailable': False, 'install_base': '/home/rstole01/Documents/CapstoneGit/humble_ws/install/scan_pubsub', 'merge_install': False, 'path': '/home/rstole01/Documents/CapstoneGit/humble_ws/src/scan_pubsub', 'symlink_install': False, 'test_result_base': None}
[0.865s] INFO:colcon.colcon_core.executor:Executing jobs using 'parallel' executor
[0.867s] DEBUG:colcon.colcon_parallel_executor.executor.parallel:run_until_complete
[0.867s] INFO:colcon.colcon_ros.task.ament_cmake.build:Building ROS package in '/home/rstole01/Documents/CapstoneGit/humble_ws/src/tutorial_interfaces' with build type 'ament_cmake'
[0.867s] INFO:colcon.colcon_cmake.task.cmake.build:Building CMake package in '/home/rstole01/Documents/CapstoneGit/humble_ws/src/tutorial_interfaces'
[0.872s] INFO:colcon.colcon_core.plugin_system:Skipping extension 'colcon_core.shell.bat': Not used on non-Windows systems
[0.872s] INFO:colcon.colcon_core.shell:Skip shell extension 'powershell' for command environment: Not usable outside of PowerShell
[0.872s] DEBUG:colcon.colcon_core.shell:Skip shell extension 'dsv' for command environment
[0.880s] INFO:colcon.colcon_ros.task.ament_cmake.build:Building ROS package in '/home/rstole01/Documents/CapstoneGit/humble_ws/src/aeb_lab' with build type 'ament_cmake'
[0.881s] INFO:colcon.colcon_cmake.task.cmake.build:Building CMake package in '/home/rstole01/Documents/CapstoneGit/humble_ws/src/aeb_lab'
[0.881s] INFO:colcon.colcon_core.shell:Skip shell extension 'powershell' for command environment: Not usable outside of PowerShell
[0.881s] DEBUG:colcon.colcon_core.shell:Skip shell extension 'dsv' for command environment
[0.889s] INFO:colcon.colcon_ros.task.ament_python.build:Building ROS package in '/home/rstole01/Documents/CapstoneGit/humble_ws/src/f1tenth_gym_ros' with build type 'ament_python'
[0.889s] Level 1:colcon.colcon_core.shell:create_environment_hook('f1tenth_gym_ros', 'ament_prefix_path')
[0.890s] INFO:colcon.colcon_core.shell:Creating environment hook '/home/rstole01/Documents/CapstoneGit/humble_ws/install/f1tenth_gym_ros/share/f1tenth_gym_ros/hook/ament_prefix_path.ps1'
[0.892s] INFO:colcon.colcon_core.shell:Creating environment descriptor '/home/rstole01/Documents/CapstoneGit/humble_ws/install/f1tenth_gym_ros/share/f1tenth_gym_ros/hook/ament_prefix_path.dsv'
[0.892s] INFO:colcon.colcon_core.shell:Creating environment hook '/home/rstole01/Documents/CapstoneGit/humble_ws/install/f1tenth_gym_ros/share/f1tenth_gym_ros/hook/ament_prefix_path.sh'
[0.894s] INFO:colcon.colcon_core.shell:Skip shell extension 'powershell' for command environment: Not usable outside of PowerShell
[0.894s] DEBUG:colcon.colcon_core.shell:Skip shell extension 'dsv' for command environment
[0.901s] INFO:colcon.colcon_ros.task.ament_cmake.build:Building ROS package in '/home/rstole01/Documents/CapstoneGit/humble_ws/src/lab1_package' with build type 'ament_cmake'
[0.902s] INFO:colcon.colcon_cmake.task.cmake.build:Building CMake package in '/home/rstole01/Documents/CapstoneGit/humble_ws/src/lab1_package'
[0.902s] INFO:colcon.colcon_core.shell:Skip shell extension 'powershell' for command environment: Not usable outside of PowerShell
[0.902s] DEBUG:colcon.colcon_core.shell:Skip shell extension 'dsv' for command environment
[0.910s] INFO:colcon.colcon_ros.task.ament_cmake.build:Building ROS package in '/home/rstole01/Documents/CapstoneGit/humble_ws/src/pid_lab' with build type 'ament_cmake'
[0.910s] INFO:colcon.colcon_cmake.task.cmake.build:Building CMake package in '/home/rstole01/Documents/CapstoneGit/humble_ws/src/pid_lab'
[0.911s] INFO:colcon.colcon_core.shell:Skip shell extension 'powershell' for command environment: Not usable outside of PowerShell
[0.911s] DEBUG:colcon.colcon_core.shell:Skip shell extension 'dsv' for command environment
[0.919s] INFO:colcon.colcon_ros.task.ament_cmake.build:Building ROS package in '/home/rstole01/Documents/CapstoneGit/humble_ws/src/pure-pursuit_lab' with build type 'ament_cmake'
[0.919s] INFO:colcon.colcon_cmake.task.cmake.build:Building CMake package in '/home/rstole01/Documents/CapstoneGit/humble_ws/src/pure-pursuit_lab'
[0.920s] INFO:colcon.colcon_core.shell:Skip shell extension 'powershell' for command environment: Not usable outside of PowerShell
[0.920s] DEBUG:colcon.colcon_core.shell:Skip shell extension 'dsv' for command environment
[0.928s] INFO:colcon.colcon_ros.task.ament_cmake.build:Building ROS package in '/home/rstole01/Documents/CapstoneGit/humble_ws/src/pursuit_lab' with build type 'ament_cmake'
[0.928s] INFO:colcon.colcon_cmake.task.cmake.build:Building CMake package in '/home/rstole01/Documents/CapstoneGit/humble_ws/src/pursuit_lab'
[0.929s] INFO:colcon.colcon_core.shell:Skip shell extension 'powershell' for command environment: Not usable outside of PowerShell
[0.929s] DEBUG:colcon.colcon_core.shell:Skip shell extension 'dsv' for command environment
[0.937s] INFO:colcon.colcon_ros.task.ament_python.build:Building ROS package in '/home/rstole01/Documents/CapstoneGit/humble_ws/src/waypoint_logger' with build type 'ament_python'
[0.937s] Level 1:colcon.colcon_core.shell:create_environment_hook('waypoint_logger', 'ament_prefix_path')
[0.937s] INFO:colcon.colcon_core.shell:Creating environment hook '/home/rstole01/Documents/CapstoneGit/humble_ws/install/waypoint_logger/share/waypoint_logger/hook/ament_prefix_path.ps1'
[0.938s] INFO:colcon.colcon_core.shell:Creating environment descriptor '/home/rstole01/Documents/CapstoneGit/humble_ws/install/waypoint_logger/share/waypoint_logger/hook/ament_prefix_path.dsv'
[0.939s] INFO:colcon.colcon_core.shell:Creating environment hook '/home/rstole01/Documents/CapstoneGit/humble_ws/install/waypoint_logger/share/waypoint_logger/hook/ament_prefix_path.sh'
[0.940s] INFO:colcon.colcon_core.shell:Skip shell extension 'powershell' for command environment: Not usable outside of PowerShell
[0.940s] DEBUG:colcon.colcon_core.shell:Skip shell extension 'dsv' for command environment
[0.957s] DEBUG:colcon.colcon_core.event_handler.log_command:Invoking command in '/home/rstole01/Documents/CapstoneGit/humble_ws/build/tutorial_interfaces': CMAKE_PREFIX_PATH=${CMAKE_PREFIX_PATH}:/home/rstole01/Documents/CapstoneGit/humble_ws/install/waypoint_logger:/home/rstole01/Documents/CapstoneGit/humble_ws/install/f1tenth_gym_ros:/opt/ros/humble /usr/bin/cmake /home/rstole01/Documents/CapstoneGit/humble_ws/src/tutorial_interfaces -DCMAKE_INSTALL_PREFIX=/home/rstole01/Documents/CapstoneGit/humble_ws/install/tutorial_interfaces
[0.963s] DEBUG:colcon.colcon_core.event_handler.log_command:Invoking command in '/home/rstole01/Documents/CapstoneGit/humble_ws/build/aeb_lab': CMAKE_PREFIX_PATH=${CMAKE_PREFIX_PATH}:/home/rstole01/Documents/CapstoneGit/humble_ws/install/waypoint_logger:/home/rstole01/Documents/CapstoneGit/humble_ws/install/f1tenth_gym_ros:/opt/ros/humble /usr/bin/cmake /home/rstole01/Documents/CapstoneGit/humble_ws/src/aeb_lab -DCMAKE_INSTALL_PREFIX=/home/rstole01/Documents/CapstoneGit/humble_ws/install/aeb_lab
[1.538s] INFO:colcon.colcon_core.task.python.build:Building Python package in '/home/rstole01/Documents/CapstoneGit/humble_ws/src/f1tenth_gym_ros'
[1.539s] INFO:colcon.colcon_core.shell:Skip shell extension 'powershell' for command environment: Not usable outside of PowerShell
[1.539s] DEBUG:colcon.colcon_core.shell:Skip shell extension 'dsv' for command environment
[1.556s] DEBUG:colcon.colcon_core.event_handler.log_command:Invoking command in '/home/rstole01/Documents/CapstoneGit/humble_ws/build/lab1_package': CMAKE_PREFIX_PATH=${CMAKE_PREFIX_PATH}:/home/rstole01/Documents/CapstoneGit/humble_ws/install/waypoint_logger:/home/rstole01/Documents/CapstoneGit/humble_ws/install/f1tenth_gym_ros:/opt/ros/humble /usr/bin/cmake /home/rstole01/Documents/CapstoneGit/humble_ws/src/lab1_package -DCMAKE_INSTALL_PREFIX=/home/rstole01/Documents/CapstoneGit/humble_ws/install/lab1_package
[1.564s] DEBUG:colcon.colcon_core.event_handler.log_command:Invoking command in '/home/rstole01/Documents/CapstoneGit/humble_ws/build/pid_lab': CMAKE_PREFIX_PATH=${CMAKE_PREFIX_PATH}:/home/rstole01/Documents/CapstoneGit/humble_ws/install/waypoint_logger:/home/rstole01/Documents/CapstoneGit/humble_ws/install/f1tenth_gym_ros:/opt/ros/humble /usr/bin/cmake /home/rstole01/Documents/CapstoneGit/humble_ws/src/pid_lab -DCMAKE_INSTALL_PREFIX=/home/rstole01/Documents/CapstoneGit/humble_ws/install/pid_lab
[1.566s] DEBUG:colcon.colcon_core.event_handler.log_command:Invoking command in '/home/rstole01/Documents/CapstoneGit/humble_ws/build/pure-pursuit_lab': CMAKE_PREFIX_PATH=${CMAKE_PREFIX_PATH}:/home/rstole01/Documents/CapstoneGit/humble_ws/install/waypoint_logger:/home/rstole01/Documents/CapstoneGit/humble_ws/install/f1tenth_gym_ros:/opt/ros/humble /usr/bin/cmake /home/rstole01/Documents/CapstoneGit/humble_ws/src/pure-pursuit_lab -DCMAKE_INSTALL_PREFIX=/home/rstole01/Documents/CapstoneGit/humble_ws/install/pure-pursuit_lab
[1.569s] DEBUG:colcon.colcon_core.event_handler.log_command:Invoking command in '/home/rstole01/Documents/CapstoneGit/humble_ws/build/pursuit_lab': CMAKE_PREFIX_PATH=${CMAKE_PREFIX_PATH}:/home/rstole01/Documents/CapstoneGit/humble_ws/install/waypoint_logger:/home/rstole01/Documents/CapstoneGit/humble_ws/install/f1tenth_gym_ros:/opt/ros/humble /usr/bin/cmake /home/rstole01/Documents/CapstoneGit/humble_ws/src/pursuit_lab -DCMAKE_INSTALL_PREFIX=/home/rstole01/Documents/CapstoneGit/humble_ws/install/pursuit_lab
[2.508s] INFO:colcon.colcon_core.task.python.build:Building Python package in '/home/rstole01/Documents/CapstoneGit/humble_ws/src/waypoint_logger'
[2.509s] INFO:colcon.colcon_core.shell:Skip shell extension 'powershell' for command environment: Not usable outside of PowerShell
[2.509s] DEBUG:colcon.colcon_core.shell:Skip shell extension 'dsv' for command environment
[3.527s] DEBUG:colcon.colcon_core.event_handler.log_command:Invoked command in '/home/rstole01/Documents/CapstoneGit/humble_ws/build/lab1_package' returned '0': CMAKE_PREFIX_PATH=${CMAKE_PREFIX_PATH}:/home/rstole01/Documents/CapstoneGit/humble_ws/install/waypoint_logger:/home/rstole01/Documents/CapstoneGit/humble_ws/install/f1tenth_gym_ros:/opt/ros/humble /usr/bin/cmake /home/rstole01/Documents/CapstoneGit/humble_ws/src/lab1_package -DCMAKE_INSTALL_PREFIX=/home/rstole01/Documents/CapstoneGit/humble_ws/install/lab1_package
[3.532s] DEBUG:colcon.colcon_core.event_handler.log_command:Invoking command in '/home/rstole01/Documents/CapstoneGit/humble_ws/build/lab1_package': CMAKE_PREFIX_PATH=${CMAKE_PREFIX_PATH}:/home/rstole01/Documents/CapstoneGit/humble_ws/install/waypoint_logger:/home/rstole01/Documents/CapstoneGit/humble_ws/install/f1tenth_gym_ros:/opt/ros/humble /usr/bin/cmake --build /home/rstole01/Documents/CapstoneGit/humble_ws/build/lab1_package -- -j8 -l8
[3.979s] DEBUG:colcon.colcon_core.event_handler.log_command:Invoked command in '/home/rstole01/Documents/CapstoneGit/humble_ws/build/lab1_package' returned '0': CMAKE_PREFIX_PATH=${CMAKE_PREFIX_PATH}:/home/rstole01/Documents/CapstoneGit/humble_ws/install/waypoint_logger:/home/rstole01/Documents/CapstoneGit/humble_ws/install/f1tenth_gym_ros:/opt/ros/humble /usr/bin/cmake --build /home/rstole01/Documents/CapstoneGit/humble_ws/build/lab1_package -- -j8 -l8
[4.083s] DEBUG:colcon.colcon_core.event_handler.log_command:Invoking command in '/home/rstole01/Documents/CapstoneGit/humble_ws/build/lab1_package': CMAKE_PREFIX_PATH=${CMAKE_PREFIX_PATH}:/home/rstole01/Documents/CapstoneGit/humble_ws/install/waypoint_logger:/home/rstole01/Documents/CapstoneGit/humble_ws/install/f1tenth_gym_ros:/opt/ros/humble /usr/bin/cmake --install /home/rstole01/Documents/CapstoneGit/humble_ws/build/lab1_package
[4.120s] Level 1:colcon.colcon_core.environment:create_environment_scripts_only(lab1_package)
[4.127s] Level 1:colcon.colcon_core.environment:checking '/home/rstole01/Documents/CapstoneGit/humble_ws/install/lab1_package' for CMake module files
[4.128s] DEBUG:colcon.colcon_core.event_handler.log_command:Invoked command in '/home/rstole01/Documents/CapstoneGit/humble_ws/build/lab1_package' returned '0': CMAKE_PREFIX_PATH=${CMAKE_PREFIX_PATH}:/home/rstole01/Documents/CapstoneGit/humble_ws/install/waypoint_logger:/home/rstole01/Documents/CapstoneGit/humble_ws/install/f1tenth_gym_ros:/opt/ros/humble /usr/bin/cmake --install /home/rstole01/Documents/CapstoneGit/humble_ws/build/lab1_package
[4.129s] Level 1:colcon.colcon_core.environment:checking '/home/rstole01/Documents/CapstoneGit/humble_ws/install/lab1_package' for CMake config files
[4.130s] Level 1:colcon.colcon_core.shell:create_environment_hook('lab1_package', 'cmake_prefix_path')
[4.130s] INFO:colcon.colcon_core.shell:Creating environment hook '/home/rstole01/Documents/CapstoneGit/humble_ws/install/lab1_package/share/lab1_package/hook/cmake_prefix_path.ps1'
[4.131s] INFO:colcon.colcon_core.shell:Creating environment descriptor '/home/rstole01/Documents/CapstoneGit/humble_ws/install/lab1_package/share/lab1_package/hook/cmake_prefix_path.dsv'
[4.132s] INFO:colcon.colcon_core.shell:Creating environment hook '/home/rstole01/Documents/CapstoneGit/humble_ws/install/lab1_package/share/lab1_package/hook/cmake_prefix_path.sh'
[4.134s] Level 1:colcon.colcon_core.environment:checking '/home/rstole01/Documents/CapstoneGit/humble_ws/install/lab1_package/lib'
[4.135s] Level 1:colcon.colcon_core.environment:checking '/home/rstole01/Documents/CapstoneGit/humble_ws/install/lab1_package/bin'
[4.135s] Level 1:colcon.colcon_core.environment:checking '/home/rstole01/Documents/CapstoneGit/humble_ws/install/lab1_package/lib/pkgconfig/lab1_package.pc'
[4.136s] Level 1:colcon.colcon_core.environment:checking '/home/rstole01/Documents/CapstoneGit/humble_ws/install/lab1_package/lib/python3.10/site-packages'
[4.137s] Level 1:colcon.colcon_core.environment:checking '/home/rstole01/Documents/CapstoneGit/humble_ws/install/lab1_package/bin'
[4.138s] INFO:colcon.colcon_core.shell:Creating package script '/home/rstole01/Documents/CapstoneGit/humble_ws/install/lab1_package/share/lab1_package/package.ps1'
[4.142s] INFO:colcon.colcon_core.shell:Creating package descriptor '/home/rstole01/Documents/CapstoneGit/humble_ws/install/lab1_package/share/lab1_package/package.dsv'
[4.143s] INFO:colcon.colcon_core.shell:Creating package script '/home/rstole01/Documents/CapstoneGit/humble_ws/install/lab1_package/share/lab1_package/package.sh'
[4.146s] INFO:colcon.colcon_core.shell:Creating package script '/home/rstole01/Documents/CapstoneGit/humble_ws/install/lab1_package/share/lab1_package/package.bash'
[4.148s] INFO:colcon.colcon_core.shell:Creating package script '/home/rstole01/Documents/CapstoneGit/humble_ws/install/lab1_package/share/lab1_package/package.zsh'
[4.150s] Level 1:colcon.colcon_core.environment:create_file_with_runtime_dependencies(/home/rstole01/Documents/CapstoneGit/humble_ws/install/lab1_package/share/colcon-core/packages/lab1_package)
[4.230s] Level 1:colcon.colcon_core.environment:create_environment_scripts_only(lab1_package)
[4.232s] Level 1:colcon.colcon_core.environment:checking '/home/rstole01/Documents/CapstoneGit/humble_ws/install/lab1_package' for CMake module files
[4.234s] Level 1:colcon.colcon_core.environment:checking '/home/rstole01/Documents/CapstoneGit/humble_ws/install/lab1_package' for CMake config files
[4.234s] Level 1:colcon.colcon_core.shell:create_environment_hook('lab1_package', 'cmake_prefix_path')
[4.235s] INFO:colcon.colcon_core.shell:Creating environment hook '/home/rstole01/Documents/CapstoneGit/humble_ws/install/lab1_package/share/lab1_package/hook/cmake_prefix_path.ps1'
[4.237s] INFO:colcon.colcon_core.shell:Creating environment descriptor '/home/rstole01/Documents/CapstoneGit/humble_ws/install/lab1_package/share/lab1_package/hook/cmake_prefix_path.dsv'
[4.238s] INFO:colcon.colcon_core.shell:Creating environment hook '/home/rstole01/Documents/CapstoneGit/humble_ws/install/lab1_package/share/lab1_package/hook/cmake_prefix_path.sh'
[4.239s] Level 1:colcon.colcon_core.environment:checking '/home/rstole01/Documents/CapstoneGit/humble_ws/install/lab1_package/lib'
[4.240s] Level 1:colcon.colcon_core.environment:checking '/home/rstole01/Documents/CapstoneGit/humble_ws/install/lab1_package/bin'
[4.240s] Level 1:colcon.colcon_core.environment:checking '/home/rstole01/Documents/CapstoneGit/humble_ws/install/lab1_package/lib/pkgconfig/lab1_package.pc'
[4.241s] Level 1:colcon.colcon_core.environment:checking '/home/rstole01/Documents/CapstoneGit/humble_ws/install/lab1_package/lib/python3.10/site-packages'
[4.241s] Level 1:colcon.colcon_core.environment:checking '/home/rstole01/Documents/CapstoneGit/humble_ws/install/lab1_package/bin'
[4.242s] INFO:colcon.colcon_core.shell:Creating package script '/home/rstole01/Documents/CapstoneGit/humble_ws/install/lab1_package/share/lab1_package/package.ps1'
[4.244s] INFO:colcon.colcon_core.shell:Creating package descriptor '/home/rstole01/Documents/CapstoneGit/humble_ws/install/lab1_package/share/lab1_package/package.dsv'
[4.246s] INFO:colcon.colcon_core.shell:Creating package script '/home/rstole01/Documents/CapstoneGit/humble_ws/install/lab1_package/share/lab1_package/package.sh'
[4.247s] INFO:colcon.colcon_core.shell:Creating package script '/home/rstole01/Documents/CapstoneGit/humble_ws/install/lab1_package/share/lab1_package/package.bash'
[4.248s] INFO:colcon.colcon_core.shell:Creating package script '/home/rstole01/Documents/CapstoneGit/humble_ws/install/lab1_package/share/lab1_package/package.zsh'
[4.249s] Level 1:colcon.colcon_core.environment:create_file_with_runtime_dependencies(/home/rstole01/Documents/CapstoneGit/humble_ws/install/lab1_package/share/colcon-core/packages/lab1_package)
[4.286s] DEBUG:colcon.colcon_core.event_handler.log_command:Invoking command in '/home/rstole01/Documents/CapstoneGit/humble_ws/src/f1tenth_gym_ros': PYTHONPATH=/home/rstole01/Documents/CapstoneGit/humble_ws/build/f1tenth_gym_ros/prefix_override:/home/rstole01/Documents/CapstoneGit/humble_ws/install/f1tenth_gym_ros/lib/python3.10/site-packages:${PYTHONPATH} /usr/bin/python3 -W ignore:setup.py install is deprecated setup.py egg_info --egg-base ../../build/f1tenth_gym_ros build --build-base /home/rstole01/Documents/CapstoneGit/humble_ws/build/f1tenth_gym_ros/build install --record /home/rstole01/Documents/CapstoneGit/humble_ws/build/f1tenth_gym_ros/install.log --install-scripts $base/lib/f1tenth_gym_ros --single-version-externally-managed install_data
[4.351s] DEBUG:colcon.colcon_core.event_handler.log_command:Invoking command in '/home/rstole01/Documents/CapstoneGit/humble_ws/src/waypoint_logger': PYTHONPATH=/home/rstole01/Documents/CapstoneGit/humble_ws/build/waypoint_logger/prefix_override:/home/rstole01/Documents/CapstoneGit/humble_ws/install/waypoint_logger/lib/python3.10/site-packages:${PYTHONPATH} /usr/bin/python3 -W ignore:setup.py install is deprecated setup.py egg_info --egg-base ../../build/waypoint_logger build --build-base /home/rstole01/Documents/CapstoneGit/humble_ws/build/waypoint_logger/build install --record /home/rstole01/Documents/CapstoneGit/humble_ws/build/waypoint_logger/install.log --single-version-externally-managed install_data
[5.364s] Level 1:colcon.colcon_core.environment:checking '/home/rstole01/Documents/CapstoneGit/humble_ws/install/f1tenth_gym_ros' for CMake module files
[5.367s] Level 1:colcon.colcon_core.environment:checking '/home/rstole01/Documents/CapstoneGit/humble_ws/install/f1tenth_gym_ros' for CMake config files
[5.369s] Level 1:colcon.colcon_core.environment:checking '/home/rstole01/Documents/CapstoneGit/humble_ws/install/f1tenth_gym_ros/lib'
[5.369s] Level 1:colcon.colcon_core.environment:checking '/home/rstole01/Documents/CapstoneGit/humble_ws/install/f1tenth_gym_ros/bin'
[5.369s] Level 1:colcon.colcon_core.environment:checking '/home/rstole01/Documents/CapstoneGit/humble_ws/install/f1tenth_gym_ros/lib/pkgconfig/f1tenth_gym_ros.pc'
[5.370s] Level 1:colcon.colcon_core.environment:checking '/home/rstole01/Documents/CapstoneGit/humble_ws/install/f1tenth_gym_ros/lib/python3.10/site-packages'
[5.370s] Level 1:colcon.colcon_core.shell:create_environment_hook('f1tenth_gym_ros', 'pythonpath')
[5.371s] INFO:colcon.colcon_core.shell:Creating environment hook '/home/rstole01/Documents/CapstoneGit/humble_ws/install/f1tenth_gym_ros/share/f1tenth_gym_ros/hook/pythonpath.ps1'
[5.372s] INFO:colcon.colcon_core.shell:Creating environment descriptor '/home/rstole01/Documents/CapstoneGit/humble_ws/install/f1tenth_gym_ros/share/f1tenth_gym_ros/hook/pythonpath.dsv'
[5.372s] DEBUG:colcon.colcon_core.event_handler.log_command:Invoked command in '/home/rstole01/Documents/CapstoneGit/humble_ws/src/f1tenth_gym_ros' returned '0': PYTHONPATH=/home/rstole01/Documents/CapstoneGit/humble_ws/build/f1tenth_gym_ros/prefix_override:/home/rstole01/Documents/CapstoneGit/humble_ws/install/f1tenth_gym_ros/lib/python3.10/site-packages:${PYTHONPATH} /usr/bin/python3 -W ignore:setup.py install is deprecated setup.py egg_info --egg-base ../../build/f1tenth_gym_ros build --build-base /home/rstole01/Documents/CapstoneGit/humble_ws/build/f1tenth_gym_ros/build install --record /home/rstole01/Documents/CapstoneGit/humble_ws/build/f1tenth_gym_ros/install.log --install-scripts $base/lib/f1tenth_gym_ros --single-version-externally-managed install_data
[5.380s] INFO:colcon.colcon_core.shell:Creating environment hook '/home/rstole01/Documents/CapstoneGit/humble_ws/install/f1tenth_gym_ros/share/f1tenth_gym_ros/hook/pythonpath.sh'
[5.382s] Level 1:colcon.colcon_core.environment:checking '/home/rstole01/Documents/CapstoneGit/humble_ws/install/f1tenth_gym_ros/bin'
[5.382s] Level 1:colcon.colcon_core.environment:create_environment_scripts_only(f1tenth_gym_ros)
[5.383s] INFO:colcon.colcon_core.shell:Creating package script '/home/rstole01/Documents/CapstoneGit/humble_ws/install/f1tenth_gym_ros/share/f1tenth_gym_ros/package.ps1'
[5.384s] INFO:colcon.colcon_core.shell:Creating package descriptor '/home/rstole01/Documents/CapstoneGit/humble_ws/install/f1tenth_gym_ros/share/f1tenth_gym_ros/package.dsv'
[5.386s] INFO:colcon.colcon_core.shell:Creating package script '/home/rstole01/Documents/CapstoneGit/humble_ws/install/f1tenth_gym_ros/share/f1tenth_gym_ros/package.sh'
[5.387s] INFO:colcon.colcon_core.shell:Creating package script '/home/rstole01/Documents/CapstoneGit/humble_ws/install/f1tenth_gym_ros/share/f1tenth_gym_ros/package.bash'
[5.388s] INFO:colcon.colcon_core.shell:Creating package script '/home/rstole01/Documents/CapstoneGit/humble_ws/install/f1tenth_gym_ros/share/f1tenth_gym_ros/package.zsh'
[5.388s] Level 1:colcon.colcon_core.environment:create_file_with_runtime_dependencies(/home/rstole01/Documents/CapstoneGit/humble_ws/install/f1tenth_gym_ros/share/colcon-core/packages/f1tenth_gym_ros)
[5.401s] Level 1:colcon.colcon_core.environment:checking '/home/rstole01/Documents/CapstoneGit/humble_ws/install/waypoint_logger' for CMake module files
[5.403s] DEBUG:colcon.colcon_core.event_handler.log_command:Invoked command in '/home/rstole01/Documents/CapstoneGit/humble_ws/src/waypoint_logger' returned '0': PYTHONPATH=/home/rstole01/Documents/CapstoneGit/humble_ws/build/waypoint_logger/prefix_override:/home/rstole01/Documents/CapstoneGit/humble_ws/install/waypoint_logger/lib/python3.10/site-packages:${PYTHONPATH} /usr/bin/python3 -W ignore:setup.py install is deprecated setup.py egg_info --egg-base ../../build/waypoint_logger build --build-base /home/rstole01/Documents/CapstoneGit/humble_ws/build/waypoint_logger/build install --record /home/rstole01/Documents/CapstoneGit/humble_ws/build/waypoint_logger/install.log --single-version-externally-managed install_data
[5.403s] Level 1:colcon.colcon_core.environment:checking '/home/rstole01/Documents/CapstoneGit/humble_ws/install/waypoint_logger' for CMake config files
[5.405s] Level 1:colcon.colcon_core.environment:checking '/home/rstole01/Documents/CapstoneGit/humble_ws/install/waypoint_logger/lib'
[5.405s] Level 1:colcon.colcon_core.environment:checking '/home/rstole01/Documents/CapstoneGit/humble_ws/install/waypoint_logger/bin'
[5.405s] Level 1:colcon.colcon_core.environment:checking '/home/rstole01/Documents/CapstoneGit/humble_ws/install/waypoint_logger/lib/pkgconfig/waypoint_logger.pc'
[5.406s] Level 1:colcon.colcon_core.environment:checking '/home/rstole01/Documents/CapstoneGit/humble_ws/install/waypoint_logger/lib/python3.10/site-packages'
[5.406s] Level 1:colcon.colcon_core.shell:create_environment_hook('waypoint_logger', 'pythonpath')
[5.407s] INFO:colcon.colcon_core.shell:Creating environment hook '/home/rstole01/Documents/CapstoneGit/humble_ws/install/waypoint_logger/share/waypoint_logger/hook/pythonpath.ps1'
[5.408s] INFO:colcon.colcon_core.shell:Creating environment descriptor '/home/rstole01/Documents/CapstoneGit/humble_ws/install/waypoint_logger/share/waypoint_logger/hook/pythonpath.dsv'
[5.409s] INFO:colcon.colcon_core.shell:Creating environment hook '/home/rstole01/Documents/CapstoneGit/humble_ws/install/waypoint_logger/share/waypoint_logger/hook/pythonpath.sh'
[5.410s] Level 1:colcon.colcon_core.environment:checking '/home/rstole01/Documents/CapstoneGit/humble_ws/install/waypoint_logger/bin'
[5.411s] Level 1:colcon.colcon_core.environment:create_environment_scripts_only(waypoint_logger)
[5.412s] INFO:colcon.colcon_core.shell:Creating package script '/home/rstole01/Documents/CapstoneGit/humble_ws/install/waypoint_logger/share/waypoint_logger/package.ps1'
[5.413s] INFO:colcon.colcon_core.shell:Creating package descriptor '/home/rstole01/Documents/CapstoneGit/humble_ws/install/waypoint_logger/share/waypoint_logger/package.dsv'
[5.414s] INFO:colcon.colcon_core.shell:Creating package script '/home/rstole01/Documents/CapstoneGit/humble_ws/install/waypoint_logger/share/waypoint_logger/package.sh'
[5.415s] INFO:colcon.colcon_core.shell:Creating package script '/home/rstole01/Documents/CapstoneGit/humble_ws/install/waypoint_logger/share/waypoint_logger/package.bash'
[5.416s] INFO:colcon.colcon_core.shell:Creating package script '/home/rstole01/Documents/CapstoneGit/humble_ws/install/waypoint_logger/share/waypoint_logger/package.zsh'
[5.417s] Level 1:colcon.colcon_core.environment:create_file_with_runtime_dependencies(/home/rstole01/Documents/CapstoneGit/humble_ws/install/waypoint_logger/share/colcon-core/packages/waypoint_logger)
[5.636s] DEBUG:colcon.colcon_core.event_handler.log_command:Invoked command in '/home/rstole01/Documents/CapstoneGit/humble_ws/build/aeb_lab' returned '0': CMAKE_PREFIX_PATH=${CMAKE_PREFIX_PATH}:/home/rstole01/Documents/CapstoneGit/humble_ws/install/waypoint_logger:/home/rstole01/Documents/CapstoneGit/humble_ws/install/f1tenth_gym_ros:/opt/ros/humble /usr/bin/cmake /home/rstole01/Documents/CapstoneGit/humble_ws/src/aeb_lab -DCMAKE_INSTALL_PREFIX=/home/rstole01/Documents/CapstoneGit/humble_ws/install/aeb_lab
[5.640s] DEBUG:colcon.colcon_core.event_handler.log_command:Invoking command in '/home/rstole01/Documents/CapstoneGit/humble_ws/build/aeb_lab': CMAKE_PREFIX_PATH=${CMAKE_PREFIX_PATH}:/home/rstole01/Documents/CapstoneGit/humble_ws/install/waypoint_logger:/home/rstole01/Documents/CapstoneGit/humble_ws/install/f1tenth_gym_ros:/opt/ros/humble /usr/bin/cmake --build /home/rstole01/Documents/CapstoneGit/humble_ws/build/aeb_lab -- -j8 -l8
[6.248s] DEBUG:colcon.colcon_core.event_handler.log_command:Invoked command in '/home/rstole01/Documents/CapstoneGit/humble_ws/build/pid_lab' returned '0': CMAKE_PREFIX_PATH=${CMAKE_PREFIX_PATH}:/home/rstole01/Documents/CapstoneGit/humble_ws/install/waypoint_logger:/home/rstole01/Documents/CapstoneGit/humble_ws/install/f1tenth_gym_ros:/opt/ros/humble /usr/bin/cmake /home/rstole01/Documents/CapstoneGit/humble_ws/src/pid_lab -DCMAKE_INSTALL_PREFIX=/home/rstole01/Documents/CapstoneGit/humble_ws/install/pid_lab
[6.249s] DEBUG:colcon.colcon_core.event_handler.log_command:Invoking command in '/home/rstole01/Documents/CapstoneGit/humble_ws/build/pid_lab': CMAKE_PREFIX_PATH=${CMAKE_PREFIX_PATH}:/home/rstole01/Documents/CapstoneGit/humble_ws/install/waypoint_logger:/home/rstole01/Documents/CapstoneGit/humble_ws/install/f1tenth_gym_ros:/opt/ros/humble /usr/bin/cmake --build /home/rstole01/Documents/CapstoneGit/humble_ws/build/pid_lab -- -j8 -l8
[6.785s] DEBUG:colcon.colcon_core.event_handler.log_command:Invoked command in '/home/rstole01/Documents/CapstoneGit/humble_ws/build/tutorial_interfaces' returned '0': CMAKE_PREFIX_PATH=${CMAKE_PREFIX_PATH}:/home/rstole01/Documents/CapstoneGit/humble_ws/install/waypoint_logger:/home/rstole01/Documents/CapstoneGit/humble_ws/install/f1tenth_gym_ros:/opt/ros/humble /usr/bin/cmake /home/rstole01/Documents/CapstoneGit/humble_ws/src/tutorial_interfaces -DCMAKE_INSTALL_PREFIX=/home/rstole01/Documents/CapstoneGit/humble_ws/install/tutorial_interfaces
[6.788s] DEBUG:colcon.colcon_core.event_handler.log_command:Invoking command in '/home/rstole01/Documents/CapstoneGit/humble_ws/build/tutorial_interfaces': CMAKE_PREFIX_PATH=${CMAKE_PREFIX_PATH}:/home/rstole01/Documents/CapstoneGit/humble_ws/install/waypoint_logger:/home/rstole01/Documents/CapstoneGit/humble_ws/install/f1tenth_gym_ros:/opt/ros/humble /usr/bin/cmake --build /home/rstole01/Documents/CapstoneGit/humble_ws/build/tutorial_interfaces -- -j8 -l8
[7.500s] DEBUG:colcon.colcon_core.event_handler.log_command:Invoked command in '/home/rstole01/Documents/CapstoneGit/humble_ws/build/pure-pursuit_lab' returned '0': CMAKE_PREFIX_PATH=${CMAKE_PREFIX_PATH}:/home/rstole01/Documents/CapstoneGit/humble_ws/install/waypoint_logger:/home/rstole01/Documents/CapstoneGit/humble_ws/install/f1tenth_gym_ros:/opt/ros/humble /usr/bin/cmake /home/rstole01/Documents/CapstoneGit/humble_ws/src/pure-pursuit_lab -DCMAKE_INSTALL_PREFIX=/home/rstole01/Documents/CapstoneGit/humble_ws/install/pure-pursuit_lab
[7.504s] DEBUG:colcon.colcon_core.event_handler.log_command:Invoking command in '/home/rstole01/Documents/CapstoneGit/humble_ws/build/pure-pursuit_lab': CMAKE_PREFIX_PATH=${CMAKE_PREFIX_PATH}:/home/rstole01/Documents/CapstoneGit/humble_ws/install/waypoint_logger:/home/rstole01/Documents/CapstoneGit/humble_ws/install/f1tenth_gym_ros:/opt/ros/humble /usr/bin/cmake --build /home/rstole01/Documents/CapstoneGit/humble_ws/build/pure-pursuit_lab -- -j8 -l8
[8.033s] DEBUG:colcon.colcon_core.event_handler.log_command:Invoked command in '/home/rstole01/Documents/CapstoneGit/humble_ws/build/pursuit_lab' returned '0': CMAKE_PREFIX_PATH=${CMAKE_PREFIX_PATH}:/home/rstole01/Documents/CapstoneGit/humble_ws/install/waypoint_logger:/home/rstole01/Documents/CapstoneGit/humble_ws/install/f1tenth_gym_ros:/opt/ros/humble /usr/bin/cmake /home/rstole01/Documents/CapstoneGit/humble_ws/src/pursuit_lab -DCMAKE_INSTALL_PREFIX=/home/rstole01/Documents/CapstoneGit/humble_ws/install/pursuit_lab
[8.038s] DEBUG:colcon.colcon_core.event_handler.log_command:Invoking command in '/home/rstole01/Documents/CapstoneGit/humble_ws/build/pursuit_lab': CMAKE_PREFIX_PATH=${CMAKE_PREFIX_PATH}:/home/rstole01/Documents/CapstoneGit/humble_ws/install/waypoint_logger:/home/rstole01/Documents/CapstoneGit/humble_ws/install/f1tenth_gym_ros:/opt/ros/humble /usr/bin/cmake --build /home/rstole01/Documents/CapstoneGit/humble_ws/build/pursuit_lab -- -j8 -l8
[9.473s] DEBUG:colcon.colcon_core.event_handler.log_command:Invoked command in '/home/rstole01/Documents/CapstoneGit/humble_ws/build/pursuit_lab' returned '0': CMAKE_PREFIX_PATH=${CMAKE_PREFIX_PATH}:/home/rstole01/Documents/CapstoneGit/humble_ws/install/waypoint_logger:/home/rstole01/Documents/CapstoneGit/humble_ws/install/f1tenth_gym_ros:/opt/ros/humble /usr/bin/cmake --build /home/rstole01/Documents/CapstoneGit/humble_ws/build/pursuit_lab -- -j8 -l8
[9.818s] DEBUG:colcon.colcon_core.event_handler.log_command:Invoking command in '/home/rstole01/Documents/CapstoneGit/humble_ws/build/pursuit_lab': CMAKE_PREFIX_PATH=${CMAKE_PREFIX_PATH}:/home/rstole01/Documents/CapstoneGit/humble_ws/install/waypoint_logger:/home/rstole01/Documents/CapstoneGit/humble_ws/install/f1tenth_gym_ros:/opt/ros/humble /usr/bin/cmake --install /home/rstole01/Documents/CapstoneGit/humble_ws/build/pursuit_lab
[10.031s] Level 1:colcon.colcon_core.environment:create_environment_scripts_only(pursuit_lab)
[10.032s] Level 1:colcon.colcon_core.environment:checking '/home/rstole01/Documents/CapstoneGit/humble_ws/install/pursuit_lab' for CMake module files
[10.033s] DEBUG:colcon.colcon_core.event_handler.log_command:Invoked command in '/home/rstole01/Documents/CapstoneGit/humble_ws/build/pursuit_lab' returned '0': CMAKE_PREFIX_PATH=${CMAKE_PREFIX_PATH}:/home/rstole01/Documents/CapstoneGit/humble_ws/install/waypoint_logger:/home/rstole01/Documents/CapstoneGit/humble_ws/install/f1tenth_gym_ros:/opt/ros/humble /usr/bin/cmake --install /home/rstole01/Documents/CapstoneGit/humble_ws/build/pursuit_lab
[10.035s] Level 1:colcon.colcon_core.environment:checking '/home/rstole01/Documents/CapstoneGit/humble_ws/install/pursuit_lab' for CMake config files
[10.036s] Level 1:colcon.colcon_core.shell:create_environment_hook('pursuit_lab', 'cmake_prefix_path')
[10.037s] INFO:colcon.colcon_core.shell:Creating environment hook '/home/rstole01/Documents/CapstoneGit/humble_ws/install/pursuit_lab/share/pursuit_lab/hook/cmake_prefix_path.ps1'
[10.038s] INFO:colcon.colcon_core.shell:Creating environment descriptor '/home/rstole01/Documents/CapstoneGit/humble_ws/install/pursuit_lab/share/pursuit_lab/hook/cmake_prefix_path.dsv'
[10.039s] INFO:colcon.colcon_core.shell:Creating environment hook '/home/rstole01/Documents/CapstoneGit/humble_ws/install/pursuit_lab/share/pursuit_lab/hook/cmake_prefix_path.sh'
[10.040s] Level 1:colcon.colcon_core.environment:checking '/home/rstole01/Documents/CapstoneGit/humble_ws/install/pursuit_lab/lib'
[10.041s] Level 1:colcon.colcon_core.environment:checking '/home/rstole01/Documents/CapstoneGit/humble_ws/install/pursuit_lab/bin'
[10.041s] Level 1:colcon.colcon_core.environment:checking '/home/rstole01/Documents/CapstoneGit/humble_ws/install/pursuit_lab/lib/pkgconfig/pursuit_lab.pc'
[10.042s] Level 1:colcon.colcon_core.environment:checking '/home/rstole01/Documents/CapstoneGit/humble_ws/install/pursuit_lab/lib/python3.10/site-packages'
[10.043s] Level 1:colcon.colcon_core.environment:checking '/home/rstole01/Documents/CapstoneGit/humble_ws/install/pursuit_lab/bin'
[10.044s] INFO:colcon.colcon_core.shell:Creating package script '/home/rstole01/Documents/CapstoneGit/humble_ws/install/pursuit_lab/share/pursuit_lab/package.ps1'
[10.059s] INFO:colcon.colcon_core.shell:Creating package descriptor '/home/rstole01/Documents/CapstoneGit/humble_ws/install/pursuit_lab/share/pursuit_lab/package.dsv'
[10.061s] INFO:colcon.colcon_core.shell:Creating package script '/home/rstole01/Documents/CapstoneGit/humble_ws/install/pursuit_lab/share/pursuit_lab/package.sh'
[10.062s] INFO:colcon.colcon_core.shell:Creating package script '/home/rstole01/Documents/CapstoneGit/humble_ws/install/pursuit_lab/share/pursuit_lab/package.bash'
[10.063s] INFO:colcon.colcon_core.shell:Creating package script '/home/rstole01/Documents/CapstoneGit/humble_ws/install/pursuit_lab/share/pursuit_lab/package.zsh'
[10.064s] Level 1:colcon.colcon_core.environment:create_file_with_runtime_dependencies(/home/rstole01/Documents/CapstoneGit/humble_ws/install/pursuit_lab/share/colcon-core/packages/pursuit_lab)
[10.404s] Level 1:colcon.colcon_core.environment:create_environment_scripts_only(pursuit_lab)
[10.405s] Level 1:colcon.colcon_core.environment:checking '/home/rstole01/Documents/CapstoneGit/humble_ws/install/pursuit_lab' for CMake module files
[10.406s] Level 1:colcon.colcon_core.environment:checking '/home/rstole01/Documents/CapstoneGit/humble_ws/install/pursuit_lab' for CMake config files
[10.408s] Level 1:colcon.colcon_core.shell:create_environment_hook('pursuit_lab', 'cmake_prefix_path')
[10.409s] INFO:colcon.colcon_core.shell:Creating environment hook '/home/rstole01/Documents/CapstoneGit/humble_ws/install/pursuit_lab/share/pursuit_lab/hook/cmake_prefix_path.ps1'
[10.410s] INFO:colcon.colcon_core.shell:Creating environment descriptor '/home/rstole01/Documents/CapstoneGit/humble_ws/install/pursuit_lab/share/pursuit_lab/hook/cmake_prefix_path.dsv'
[10.411s] INFO:colcon.colcon_core.shell:Creating environment hook '/home/rstole01/Documents/CapstoneGit/humble_ws/install/pursuit_lab/share/pursuit_lab/hook/cmake_prefix_path.sh'
[10.412s] Level 1:colcon.colcon_core.environment:checking '/home/rstole01/Documents/CapstoneGit/humble_ws/install/pursuit_lab/lib'
[10.412s] Level 1:colcon.colcon_core.environment:checking '/home/rstole01/Documents/CapstoneGit/humble_ws/install/pursuit_lab/bin'
[10.412s] Level 1:colcon.colcon_core.environment:checking '/home/rstole01/Documents/CapstoneGit/humble_ws/install/pursuit_lab/lib/pkgconfig/pursuit_lab.pc'
[10.413s] Level 1:colcon.colcon_core.environment:checking '/home/rstole01/Documents/CapstoneGit/humble_ws/install/pursuit_lab/lib/python3.10/site-packages'
[10.414s] Level 1:colcon.colcon_core.environment:checking '/home/rstole01/Documents/CapstoneGit/humble_ws/install/pursuit_lab/bin'
[10.415s] INFO:colcon.colcon_core.shell:Creating package script '/home/rstole01/Documents/CapstoneGit/humble_ws/install/pursuit_lab/share/pursuit_lab/package.ps1'
[10.420s] INFO:colcon.colcon_core.shell:Creating package descriptor '/home/rstole01/Documents/CapstoneGit/humble_ws/install/pursuit_lab/share/pursuit_lab/package.dsv'
[10.421s] INFO:colcon.colcon_core.shell:Creating package script '/home/rstole01/Documents/CapstoneGit/humble_ws/install/pursuit_lab/share/pursuit_lab/package.sh'
[10.422s] INFO:colcon.colcon_core.shell:Creating package script '/home/rstole01/Documents/CapstoneGit/humble_ws/install/pursuit_lab/share/pursuit_lab/package.bash'
[10.423s] INFO:colcon.colcon_core.shell:Creating package script '/home/rstole01/Documents/CapstoneGit/humble_ws/install/pursuit_lab/share/pursuit_lab/package.zsh'
[10.425s] Level 1:colcon.colcon_core.environment:create_file_with_runtime_dependencies(/home/rstole01/Documents/CapstoneGit/humble_ws/install/pursuit_lab/share/colcon-core/packages/pursuit_lab)
[16.585s] DEBUG:colcon.colcon_core.event_handler.log_command:Invoked command in '/home/rstole01/Documents/CapstoneGit/humble_ws/build/tutorial_interfaces' returned '0': CMAKE_PREFIX_PATH=${CMAKE_PREFIX_PATH}:/home/rstole01/Documents/CapstoneGit/humble_ws/install/waypoint_logger:/home/rstole01/Documents/CapstoneGit/humble_ws/install/f1tenth_gym_ros:/opt/ros/humble /usr/bin/cmake --build /home/rstole01/Documents/CapstoneGit/humble_ws/build/tutorial_interfaces -- -j8 -l8
[16.833s] DEBUG:colcon.colcon_core.event_handler.log_command:Invoking command in '/home/rstole01/Documents/CapstoneGit/humble_ws/build/tutorial_interfaces': CMAKE_PREFIX_PATH=${CMAKE_PREFIX_PATH}:/home/rstole01/Documents/CapstoneGit/humble_ws/install/waypoint_logger:/home/rstole01/Documents/CapstoneGit/humble_ws/install/f1tenth_gym_ros:/opt/ros/humble /usr/bin/cmake --install /home/rstole01/Documents/CapstoneGit/humble_ws/build/tutorial_interfaces
[17.037s] Level 1:colcon.colcon_core.environment:create_environment_scripts_only(tutorial_interfaces)
[17.038s] Level 1:colcon.colcon_core.environment:checking '/home/rstole01/Documents/CapstoneGit/humble_ws/install/tutorial_interfaces' for CMake module files
[17.039s] DEBUG:colcon.colcon_core.event_handler.log_command:Invoked command in '/home/rstole01/Documents/CapstoneGit/humble_ws/build/tutorial_interfaces' returned '0': CMAKE_PREFIX_PATH=${CMAKE_PREFIX_PATH}:/home/rstole01/Documents/CapstoneGit/humble_ws/install/waypoint_logger:/home/rstole01/Documents/CapstoneGit/humble_ws/install/f1tenth_gym_ros:/opt/ros/humble /usr/bin/cmake --install /home/rstole01/Documents/CapstoneGit/humble_ws/build/tutorial_interfaces
[17.041s] Level 1:colcon.colcon_core.environment:checking '/home/rstole01/Documents/CapstoneGit/humble_ws/install/tutorial_interfaces' for CMake config files
[17.043s] Level 1:colcon.colcon_core.shell:create_environment_hook('tutorial_interfaces', 'cmake_prefix_path')
[17.043s] INFO:colcon.colcon_core.shell:Creating environment hook '/home/rstole01/Documents/CapstoneGit/humble_ws/install/tutorial_interfaces/share/tutorial_interfaces/hook/cmake_prefix_path.ps1'
[17.045s] INFO:colcon.colcon_core.shell:Creating environment descriptor '/home/rstole01/Documents/CapstoneGit/humble_ws/install/tutorial_interfaces/share/tutorial_interfaces/hook/cmake_prefix_path.dsv'
[17.045s] INFO:colcon.colcon_core.shell:Creating environment hook '/home/rstole01/Documents/CapstoneGit/humble_ws/install/tutorial_interfaces/share/tutorial_interfaces/hook/cmake_prefix_path.sh'
[17.047s] Level 1:colcon.colcon_core.environment:checking '/home/rstole01/Documents/CapstoneGit/humble_ws/install/tutorial_interfaces/lib'
[17.047s] Level 1:colcon.colcon_core.shell:create_environment_hook('tutorial_interfaces', 'ld_library_path_lib')
[17.048s] INFO:colcon.colcon_core.shell:Creating environment hook '/home/rstole01/Documents/CapstoneGit/humble_ws/install/tutorial_interfaces/share/tutorial_interfaces/hook/ld_library_path_lib.ps1'
[17.049s] INFO:colcon.colcon_core.shell:Creating environment descriptor '/home/rstole01/Documents/CapstoneGit/humble_ws/install/tutorial_interfaces/share/tutorial_interfaces/hook/ld_library_path_lib.dsv'
[17.050s] INFO:colcon.colcon_core.shell:Creating environment hook '/home/rstole01/Documents/CapstoneGit/humble_ws/install/tutorial_interfaces/share/tutorial_interfaces/hook/ld_library_path_lib.sh'
[17.051s] Level 1:colcon.colcon_core.environment:checking '/home/rstole01/Documents/CapstoneGit/humble_ws/install/tutorial_interfaces/bin'
[17.051s] Level 1:colcon.colcon_core.environment:checking '/home/rstole01/Documents/CapstoneGit/humble_ws/install/tutorial_interfaces/lib/pkgconfig/tutorial_interfaces.pc'
[17.051s] Level 1:colcon.colcon_core.environment:checking '/home/rstole01/Documents/CapstoneGit/humble_ws/install/tutorial_interfaces/lib/python3.10/site-packages'
[17.052s] Level 1:colcon.colcon_core.environment:checking '/home/rstole01/Documents/CapstoneGit/humble_ws/install/tutorial_interfaces/bin'
[17.053s] INFO:colcon.colcon_core.shell:Creating package script '/home/rstole01/Documents/CapstoneGit/humble_ws/install/tutorial_interfaces/share/tutorial_interfaces/package.ps1'
[17.054s] INFO:colcon.colcon_core.shell:Creating package descriptor '/home/rstole01/Documents/CapstoneGit/humble_ws/install/tutorial_interfaces/share/tutorial_interfaces/package.dsv'
[17.056s] INFO:colcon.colcon_core.shell:Creating package script '/home/rstole01/Documents/CapstoneGit/humble_ws/install/tutorial_interfaces/share/tutorial_interfaces/package.sh'
[17.057s] INFO:colcon.colcon_core.shell:Creating package script '/home/rstole01/Documents/CapstoneGit/humble_ws/install/tutorial_interfaces/share/tutorial_interfaces/package.bash'
[17.058s] INFO:colcon.colcon_core.shell:Creating package script '/home/rstole01/Documents/CapstoneGit/humble_ws/install/tutorial_interfaces/share/tutorial_interfaces/package.zsh'
[17.059s] Level 1:colcon.colcon_core.environment:create_file_with_runtime_dependencies(/home/rstole01/Documents/CapstoneGit/humble_ws/install/tutorial_interfaces/share/colcon-core/packages/tutorial_interfaces)
[17.299s] Level 1:colcon.colcon_core.environment:create_environment_scripts_only(tutorial_interfaces)
[17.300s] Level 1:colcon.colcon_core.environment:checking '/home/rstole01/Documents/CapstoneGit/humble_ws/install/tutorial_interfaces' for CMake module files
[17.302s] Level 1:colcon.colcon_core.environment:checking '/home/rstole01/Documents/CapstoneGit/humble_ws/install/tutorial_interfaces' for CMake config files
[17.304s] Level 1:colcon.colcon_core.shell:create_environment_hook('tutorial_interfaces', 'cmake_prefix_path')
[17.305s] INFO:colcon.colcon_core.shell:Creating environment hook '/home/rstole01/Documents/CapstoneGit/humble_ws/install/tutorial_interfaces/share/tutorial_interfaces/hook/cmake_prefix_path.ps1'
[17.306s] INFO:colcon.colcon_core.shell:Creating environment descriptor '/home/rstole01/Documents/CapstoneGit/humble_ws/install/tutorial_interfaces/share/tutorial_interfaces/hook/cmake_prefix_path.dsv'
[17.307s] INFO:colcon.colcon_core.shell:Creating environment hook '/home/rstole01/Documents/CapstoneGit/humble_ws/install/tutorial_interfaces/share/tutorial_interfaces/hook/cmake_prefix_path.sh'
[17.308s] Level 1:colcon.colcon_core.environment:checking '/home/rstole01/Documents/CapstoneGit/humble_ws/install/tutorial_interfaces/lib'
[17.308s] Level 1:colcon.colcon_core.shell:create_environment_hook('tutorial_interfaces', 'ld_library_path_lib')
[17.309s] INFO:colcon.colcon_core.shell:Creating environment hook '/home/rstole01/Documents/CapstoneGit/humble_ws/install/tutorial_interfaces/share/tutorial_interfaces/hook/ld_library_path_lib.ps1'
[17.310s] INFO:colcon.colcon_core.shell:Creating environment descriptor '/home/rstole01/Documents/CapstoneGit/humble_ws/install/tutorial_interfaces/share/tutorial_interfaces/hook/ld_library_path_lib.dsv'
[17.311s] INFO:colcon.colcon_core.shell:Creating environment hook '/home/rstole01/Documents/CapstoneGit/humble_ws/install/tutorial_interfaces/share/tutorial_interfaces/hook/ld_library_path_lib.sh'
[17.312s] Level 1:colcon.colcon_core.environment:checking '/home/rstole01/Documents/CapstoneGit/humble_ws/install/tutorial_interfaces/bin'
[17.312s] Level 1:colcon.colcon_core.environment:checking '/home/rstole01/Documents/CapstoneGit/humble_ws/install/tutorial_interfaces/lib/pkgconfig/tutorial_interfaces.pc'
[17.313s] Level 1:colcon.colcon_core.environment:checking '/home/rstole01/Documents/CapstoneGit/humble_ws/install/tutorial_interfaces/lib/python3.10/site-packages'
[17.314s] Level 1:colcon.colcon_core.environment:checking '/home/rstole01/Documents/CapstoneGit/humble_ws/install/tutorial_interfaces/bin'
[17.315s] INFO:colcon.colcon_core.shell:Creating package script '/home/rstole01/Documents/CapstoneGit/humble_ws/install/tutorial_interfaces/share/tutorial_interfaces/package.ps1'
[17.317s] INFO:colcon.colcon_core.shell:Creating package descriptor '/home/rstole01/Documents/CapstoneGit/humble_ws/install/tutorial_interfaces/share/tutorial_interfaces/package.dsv'
[17.319s] INFO:colcon.colcon_core.shell:Creating package script '/home/rstole01/Documents/CapstoneGit/humble_ws/install/tutorial_interfaces/share/tutorial_interfaces/package.sh'
[17.320s] INFO:colcon.colcon_core.shell:Creating package script '/home/rstole01/Documents/CapstoneGit/humble_ws/install/tutorial_interfaces/share/tutorial_interfaces/package.bash'
[17.321s] INFO:colcon.colcon_core.shell:Creating package script '/home/rstole01/Documents/CapstoneGit/humble_ws/install/tutorial_interfaces/share/tutorial_interfaces/package.zsh'
[17.322s] Level 1:colcon.colcon_core.environment:create_file_with_runtime_dependencies(/home/rstole01/Documents/CapstoneGit/humble_ws/install/tutorial_interfaces/share/colcon-core/packages/tutorial_interfaces)
[17.323s] INFO:colcon.colcon_ros.task.ament_cmake.build:Building ROS package in '/home/rstole01/Documents/CapstoneGit/humble_ws/src/cpp_pubsub' with build type 'ament_cmake'
[17.324s] INFO:colcon.colcon_cmake.task.cmake.build:Building CMake package in '/home/rstole01/Documents/CapstoneGit/humble_ws/src/cpp_pubsub'
[17.324s] INFO:colcon.colcon_core.shell:Skip shell extension 'powershell' for command environment: Not usable outside of PowerShell
[17.325s] DEBUG:colcon.colcon_core.shell:Skip shell extension 'dsv' for command environment
[17.339s] INFO:colcon.colcon_ros.task.ament_cmake.build:Building ROS package in '/home/rstole01/Documents/CapstoneGit/humble_ws/src/scan_pubsub' with build type 'ament_cmake'
[17.340s] INFO:colcon.colcon_cmake.task.cmake.build:Building CMake package in '/home/rstole01/Documents/CapstoneGit/humble_ws/src/scan_pubsub'
[17.341s] INFO:colcon.colcon_core.shell:Skip shell extension 'powershell' for command environment: Not usable outside of PowerShell
[17.341s] DEBUG:colcon.colcon_core.shell:Skip shell extension 'dsv' for command environment
[17.362s] DEBUG:colcon.colcon_core.event_handler.log_command:Invoking command in '/home/rstole01/Documents/CapstoneGit/humble_ws/build/cpp_pubsub': CMAKE_PREFIX_PATH=/home/rstole01/Documents/CapstoneGit/humble_ws/install/tutorial_interfaces:/home/rstole01/Documents/CapstoneGit/humble_ws/install/scan_pubsub:/home/rstole01/Documents/CapstoneGit/humble_ws/install/cpp_pubsub:/home/rstole01/Documents/CapstoneGit/humble_ws/install/pursuit_lab:/home/rstole01/Documents/CapstoneGit/humble_ws/install/pure-pursuit_lab:/home/rstole01/Documents/CapstoneGit/humble_ws/install/pid_lab:/home/rstole01/Documents/CapstoneGit/humble_ws/install/lab1_package:/home/rstole01/Documents/CapstoneGit/humble_ws/install/aeb_lab:/home/rstole01/Documents/CapstoneGit/humble_ws/install/waypoint_logger:/home/rstole01/Documents/CapstoneGit/humble_ws/install/f1tenth_gym_ros:/opt/ros/humble /usr/bin/cmake /home/rstole01/Documents/CapstoneGit/humble_ws/src/cpp_pubsub -DCMAKE_INSTALL_PREFIX=/home/rstole01/Documents/CapstoneGit/humble_ws/install/cpp_pubsub
[17.371s] DEBUG:colcon.colcon_core.event_handler.log_command:Invoking command in '/home/rstole01/Documents/CapstoneGit/humble_ws/build/scan_pubsub': CMAKE_PREFIX_PATH=/home/rstole01/Documents/CapstoneGit/humble_ws/install/tutorial_interfaces:/home/rstole01/Documents/CapstoneGit/humble_ws/install/scan_pubsub:/home/rstole01/Documents/CapstoneGit/humble_ws/install/cpp_pubsub:/home/rstole01/Documents/CapstoneGit/humble_ws/install/pursuit_lab:/home/rstole01/Documents/CapstoneGit/humble_ws/install/pure-pursuit_lab:/home/rstole01/Documents/CapstoneGit/humble_ws/install/pid_lab:/home/rstole01/Documents/CapstoneGit/humble_ws/install/lab1_package:/home/rstole01/Documents/CapstoneGit/humble_ws/install/aeb_lab:/home/rstole01/Documents/CapstoneGit/humble_ws/install/waypoint_logger:/home/rstole01/Documents/CapstoneGit/humble_ws/install/f1tenth_gym_ros:/opt/ros/humble /usr/bin/cmake /home/rstole01/Documents/CapstoneGit/humble_ws/src/scan_pubsub -DCMAKE_INSTALL_PREFIX=/home/rstole01/Documents/CapstoneGit/humble_ws/install/scan_pubsub
[17.488s] DEBUG:colcon.colcon_core.event_handler.log_command:Invoked command in '/home/rstole01/Documents/CapstoneGit/humble_ws/build/pure-pursuit_lab' returned '2': CMAKE_PREFIX_PATH=${CMAKE_PREFIX_PATH}:/home/rstole01/Documents/CapstoneGit/humble_ws/install/waypoint_logger:/home/rstole01/Documents/CapstoneGit/humble_ws/install/f1tenth_gym_ros:/opt/ros/humble /usr/bin/cmake --build /home/rstole01/Documents/CapstoneGit/humble_ws/build/pure-pursuit_lab -- -j8 -l8
[17.541s] Level 1:colcon.colcon_core.environment:create_environment_scripts_only(pure-pursuit_lab)
[17.542s] Level 1:colcon.colcon_core.environment:checking '/home/rstole01/Documents/CapstoneGit/humble_ws/install/pure-pursuit_lab' for CMake module files
[17.543s] Level 1:colcon.colcon_core.environment:checking '/home/rstole01/Documents/CapstoneGit/humble_ws/install/pure-pursuit_lab' for CMake config files
[17.544s] Level 1:colcon.colcon_core.shell:create_environment_hook('pure-pursuit_lab', 'cmake_prefix_path')
[17.545s] INFO:colcon.colcon_core.shell:Creating environment hook '/home/rstole01/Documents/CapstoneGit/humble_ws/install/pure-pursuit_lab/share/pure-pursuit_lab/hook/cmake_prefix_path.ps1'
[17.545s] INFO:colcon.colcon_core.shell:Creating environment descriptor '/home/rstole01/Documents/CapstoneGit/humble_ws/install/pure-pursuit_lab/share/pure-pursuit_lab/hook/cmake_prefix_path.dsv'
[17.546s] INFO:colcon.colcon_core.shell:Creating environment hook '/home/rstole01/Documents/CapstoneGit/humble_ws/install/pure-pursuit_lab/share/pure-pursuit_lab/hook/cmake_prefix_path.sh'
[17.547s] Level 1:colcon.colcon_core.environment:checking '/home/rstole01/Documents/CapstoneGit/humble_ws/install/pure-pursuit_lab/lib'
[17.547s] Level 1:colcon.colcon_core.environment:checking '/home/rstole01/Documents/CapstoneGit/humble_ws/install/pure-pursuit_lab/bin'
[17.547s] Level 1:colcon.colcon_core.environment:checking '/home/rstole01/Documents/CapstoneGit/humble_ws/install/pure-pursuit_lab/lib/pkgconfig/pure-pursuit_lab.pc'
[17.548s] Level 1:colcon.colcon_core.environment:checking '/home/rstole01/Documents/CapstoneGit/humble_ws/install/pure-pursuit_lab/lib/python3.10/site-packages'
[17.548s] Level 1:colcon.colcon_core.environment:checking '/home/rstole01/Documents/CapstoneGit/humble_ws/install/pure-pursuit_lab/bin'
[17.549s] INFO:colcon.colcon_core.shell:Creating package script '/home/rstole01/Documents/CapstoneGit/humble_ws/install/pure-pursuit_lab/share/pure-pursuit_lab/package.ps1'
[17.549s] INFO:colcon.colcon_core.shell:Creating package descriptor '/home/rstole01/Documents/CapstoneGit/humble_ws/install/pure-pursuit_lab/share/pure-pursuit_lab/package.dsv'
[17.550s] INFO:colcon.colcon_core.shell:Creating package script '/home/rstole01/Documents/CapstoneGit/humble_ws/install/pure-pursuit_lab/share/pure-pursuit_lab/package.sh'
[17.551s] INFO:colcon.colcon_core.shell:Creating package script '/home/rstole01/Documents/CapstoneGit/humble_ws/install/pure-pursuit_lab/share/pure-pursuit_lab/package.bash'
[17.552s] INFO:colcon.colcon_core.shell:Creating package script '/home/rstole01/Documents/CapstoneGit/humble_ws/install/pure-pursuit_lab/share/pure-pursuit_lab/package.zsh'
[17.553s] Level 1:colcon.colcon_core.environment:create_file_with_runtime_dependencies(/home/rstole01/Documents/CapstoneGit/humble_ws/install/pure-pursuit_lab/share/colcon-core/packages/pure-pursuit_lab)
[37.646s] DEBUG:colcon.colcon_parallel_executor.executor.parallel:closing loop
[37.646s] DEBUG:colcon.colcon_parallel_executor.executor.parallel:loop closed
[37.646s] DEBUG:colcon.colcon_parallel_executor.executor.parallel:run_until_complete finished with '2'
[37.646s] DEBUG:colcon.colcon_core.event_reactor:joining thread
[37.658s] INFO:colcon.colcon_core.plugin_system:Skipping extension 'colcon_notification.desktop_notification.terminal_notifier': Not used on non-Darwin systems
[37.658s] INFO:colcon.colcon_core.plugin_system:Skipping extension 'colcon_notification.desktop_notification.win32': Not used on non-Windows systems
[37.659s] INFO:colcon.colcon_notification.desktop_notification:Sending desktop notification using 'notify2'
[37.680s] DEBUG:colcon.colcon_core.event_reactor:joined thread
[37.680s] INFO:colcon.colcon_core.shell:Creating prefix script '/home/rstole01/Documents/CapstoneGit/humble_ws/install/local_setup.ps1'
[37.682s] INFO:colcon.colcon_core.shell:Creating prefix util module '/home/rstole01/Documents/CapstoneGit/humble_ws/install/_local_setup_util_ps1.py'
[37.685s] INFO:colcon.colcon_core.shell:Creating prefix chain script '/home/rstole01/Documents/CapstoneGit/humble_ws/install/setup.ps1'
[37.689s] INFO:colcon.colcon_core.shell:Creating prefix script '/home/rstole01/Documents/CapstoneGit/humble_ws/install/local_setup.sh'
[37.690s] INFO:colcon.colcon_core.shell:Creating prefix util module '/home/rstole01/Documents/CapstoneGit/humble_ws/install/_local_setup_util_sh.py'
[37.692s] INFO:colcon.colcon_core.shell:Creating prefix chain script '/home/rstole01/Documents/CapstoneGit/humble_ws/install/setup.sh'
[37.695s] INFO:colcon.colcon_core.shell:Creating prefix script '/home/rstole01/Documents/CapstoneGit/humble_ws/install/local_setup.bash'
[37.695s] INFO:colcon.colcon_core.shell:Creating prefix chain script '/home/rstole01/Documents/CapstoneGit/humble_ws/install/setup.bash'
[37.698s] INFO:colcon.colcon_core.shell:Creating prefix script '/home/rstole01/Documents/CapstoneGit/humble_ws/install/local_setup.zsh'
[37.699s] INFO:colcon.colcon_core.shell:Creating prefix chain script '/home/rstole01/Documents/CapstoneGit/humble_ws/install/setup.zsh'
