[0.036s] Invoking command in '/home/rstole01/Documents/CapstoneGit/humble_ws/build/cpp_pubsub': CMAKE_PREFIX_PATH=/home/rstole01/Documents/CapstoneGit/humble_ws/install/tutorial_interfaces:/home/rstole01/Documents/CapstoneGit/humble_ws/install/scan_pubsub:/home/rstole01/Documents/CapstoneGit/humble_ws/install/cpp_pubsub:/home/rstole01/Documents/CapstoneGit/humble_ws/install/pursuit_lab:/home/rstole01/Documents/CapstoneGit/humble_ws/install/pure-pursuit_lab:/home/rstole01/Documents/CapstoneGit/humble_ws/install/pid_lab:/home/rstole01/Documents/CapstoneGit/humble_ws/install/lab1_package:/home/rstole01/Documents/CapstoneGit/humble_ws/install/aeb_lab:/home/rstole01/Documents/CapstoneGit/humble_ws/install/waypoint_logger:/home/rstole01/Documents/CapstoneGit/humble_ws/install/f1tenth_gym_ros:/opt/ros/humble /usr/bin/cmake /home/rstole01/Documents/CapstoneGit/humble_ws/src/cpp_pubsub -DCMAKE_INSTALL_PREFIX=/home/rstole01/Documents/CapstoneGit/humble_ws/install/cpp_pubsub
[0.185s] -- The C compiler identification is GNU 11.4.0
[0.303s] -- The CXX compiler identification is GNU 11.4.0
[0.322s] -- Detecting C compiler ABI info
[0.462s] -- Detecting C compiler ABI info - done
[0.477s] -- Check for working C compiler: /usr/bin/cc - skipped
[0.478s] -- Detecting C compile features
[0.478s] -- Detecting C compile features - done
[0.484s] -- Detecting CXX compiler ABI info
[0.642s] -- Detecting CXX compiler ABI info - done
[0.658s] -- Check for working CXX compiler: /usr/bin/c++ - skipped
[0.659s] -- Detecting CXX compile features
[0.660s] -- Detecting CXX compile features - done
[0.667s] -- Found ament_cmake: 1.3.8 (/opt/ros/humble/share/ament_cmake/cmake)
[0.954s] -- Found Python3: /usr/bin/python3 (found version "3.10.12") found components: Interpreter 
[1.179s] -- Found rclcpp: 16.0.8 (/opt/ros/humble/share/rclcpp/cmake)
[1.300s] -- Found rosidl_generator_c: 3.1.5 (/opt/ros/humble/share/rosidl_generator_c/cmake)
[1.315s] -- Found rosidl_adapter: 3.1.5 (/opt/ros/humble/share/rosidl_adapter/cmake)
[1.338s] -- Found rosidl_generator_cpp: 3.1.5 (/opt/ros/humble/share/rosidl_generator_cpp/cmake)
[1.374s] -- Using all available rosidl_typesupport_c: rosidl_typesupport_fastrtps_c;rosidl_typesupport_introspection_c
[1.426s] -- Using all available rosidl_typesupport_cpp: rosidl_typesupport_fastrtps_cpp;rosidl_typesupport_introspection_cpp
[1.602s] -- Found rmw_implementation_cmake: 6.1.1 (/opt/ros/humble/share/rmw_implementation_cmake/cmake)
[1.610s] -- Found rmw_cyclonedds_cpp: 1.3.4 (/opt/ros/humble/share/rmw_cyclonedds_cpp/cmake)
[1.695s] -- Using RMW implementation 'rmw_cyclonedds_cpp' as default
[1.722s] -- Looking for pthread.h
[1.862s] -- Looking for pthread.h - found
[1.862s] -- Performing Test CMAKE_HAVE_LIBC_PTHREAD
[2.007s] -- Performing Test CMAKE_HAVE_LIBC_PTHREAD - Success
[2.009s] -- Found Threads: TRUE  
[2.360s] -- Found tutorial_interfaces: 0.0.0 (/home/rstole01/Documents/CapstoneGit/humble_ws/install/tutorial_interfaces/share/tutorial_interfaces/cmake)
[2.843s] -- Configuring done
[2.903s] -- Generating done
[2.906s] -- Build files have been written to: /home/rstole01/Documents/CapstoneGit/humble_ws/build/cpp_pubsub
