[0.139s] Invoking command in '/home/rstole01/Documents/CSE-596/humble_ws/build/pid_lab': CMAKE_PREFIX_PATH=/opt/ros/humble /usr/bin/cmake --build /home/rstole01/Documents/CSE-596/humble_ws/build/pid_lab -- -j8 -l8
[0.217s] [35m[1mConsolidate compiler generated dependencies of target pid[0m
[0.255s] [ 50%] [32mBuilding CXX object CMakeFiles/pid.dir/src/wall_follow_node.cpp.o[0m
[16.243s] [100%] [32m[1mLinking CXX executable pid[0m
[17.235s] [100%] Built target pid
[17.267s] Invoked command in '/home/rstole01/Documents/CSE-596/humble_ws/build/pid_lab' returned '0': CMAKE_PREFIX_PATH=/opt/ros/humble /usr/bin/cmake --build /home/rstole01/Documents/CSE-596/humble_ws/build/pid_lab -- -j8 -l8
[17.343s] Invoking command in '/home/rstole01/Documents/CSE-596/humble_ws/build/pid_lab': CMAKE_PREFIX_PATH=/opt/ros/humble /usr/bin/cmake --install /home/rstole01/Documents/CSE-596/humble_ws/build/pid_lab
[17.358s] -- Install configuration: ""
[17.359s] -- Installing: /home/rstole01/Documents/CSE-596/humble_ws/install/pid_lab/lib/pid_lab/pid
[17.372s] -- Set runtime path of "/home/rstole01/Documents/CSE-596/humble_ws/install/pid_lab/lib/pid_lab/pid" to ""
[17.372s] -- Up-to-date: /home/rstole01/Documents/CSE-596/humble_ws/install/pid_lab/share/ament_index/resource_index/package_run_dependencies/pid_lab
[17.373s] -- Up-to-date: /home/rstole01/Documents/CSE-596/humble_ws/install/pid_lab/share/ament_index/resource_index/parent_prefix_path/pid_lab
[17.373s] -- Up-to-date: /home/rstole01/Documents/CSE-596/humble_ws/install/pid_lab/share/pid_lab/environment/ament_prefix_path.sh
[17.373s] -- Up-to-date: /home/rstole01/Documents/CSE-596/humble_ws/install/pid_lab/share/pid_lab/environment/ament_prefix_path.dsv
[17.374s] -- Up-to-date: /home/rstole01/Documents/CSE-596/humble_ws/install/pid_lab/share/pid_lab/environment/path.sh
[17.374s] -- Up-to-date: /home/rstole01/Documents/CSE-596/humble_ws/install/pid_lab/share/pid_lab/environment/path.dsv
[17.374s] -- Up-to-date: /home/rstole01/Documents/CSE-596/humble_ws/install/pid_lab/share/pid_lab/local_setup.bash
[17.375s] -- Up-to-date: /home/rstole01/Documents/CSE-596/humble_ws/install/pid_lab/share/pid_lab/local_setup.sh
[17.375s] -- Up-to-date: /home/rstole01/Documents/CSE-596/humble_ws/install/pid_lab/share/pid_lab/local_setup.zsh
[17.375s] -- Up-to-date: /home/rstole01/Documents/CSE-596/humble_ws/install/pid_lab/share/pid_lab/local_setup.dsv
[17.376s] -- Installing: /home/rstole01/Documents/CSE-596/humble_ws/install/pid_lab/share/pid_lab/package.dsv
[17.376s] -- Up-to-date: /home/rstole01/Documents/CSE-596/humble_ws/install/pid_lab/share/ament_index/resource_index/packages/pid_lab
[17.376s] -- Up-to-date: /home/rstole01/Documents/CSE-596/humble_ws/install/pid_lab/share/pid_lab/cmake/pid_labConfig.cmake
[17.376s] -- Up-to-date: /home/rstole01/Documents/CSE-596/humble_ws/install/pid_lab/share/pid_lab/cmake/pid_labConfig-version.cmake
[17.377s] -- Up-to-date: /home/rstole01/Documents/CSE-596/humble_ws/install/pid_lab/share/pid_lab/package.xml
[17.378s] Invoked command in '/home/rstole01/Documents/CSE-596/humble_ws/build/pid_lab' returned '0': CMAKE_PREFIX_PATH=/opt/ros/humble /usr/bin/cmake --install /home/rstole01/Documents/CSE-596/humble_ws/build/pid_lab
