[0.027s] Invoking command in '/home/rstole01/Documents/CapstoneGit/humble_ws/build/scan_pubsub': CMAKE_PREFIX_PATH=/home/rstole01/Documents/CapstoneGit/humble_ws/install/tutorial_interfaces:/home/rstole01/Documents/CapstoneGit/humble_ws/install/scan_pubsub:/home/rstole01/Documents/CapstoneGit/humble_ws/install/cpp_pubsub:/home/rstole01/Documents/CapstoneGit/humble_ws/install/pursuit_lab:/home/rstole01/Documents/CapstoneGit/humble_ws/install/pure-pursuit_lab:/home/rstole01/Documents/CapstoneGit/humble_ws/install/pid_lab:/home/rstole01/Documents/CapstoneGit/humble_ws/install/lab1_package:/home/rstole01/Documents/CapstoneGit/humble_ws/install/aeb_lab:/home/rstole01/Documents/CapstoneGit/humble_ws/install/waypoint_logger:/home/rstole01/Documents/CapstoneGit/humble_ws/install/f1tenth_gym_ros:/opt/ros/humble /usr/bin/cmake /home/rstole01/Documents/CapstoneGit/humble_ws/src/scan_pubsub -DCMAKE_INSTALL_PREFIX=/home/rstole01/Documents/CapstoneGit/humble_ws/install/scan_pubsub
[0.162s] -- The C compiler identification is GNU 11.4.0
[0.318s] -- The CXX compiler identification is GNU 11.4.0
[0.338s] -- Detecting C compiler ABI info
[0.489s] -- Detecting C compiler ABI info - done
[0.513s] -- Check for working C compiler: /usr/bin/cc - skipped
[0.513s] -- Detecting C compile features
[0.514s] -- Detecting C compile features - done
[0.523s] -- Detecting CXX compiler ABI info
[0.729s] -- Detecting CXX compiler ABI info - done
[0.757s] -- Check for working CXX compiler: /usr/bin/c++ - skipped
[0.758s] -- Detecting CXX compile features
[0.760s] -- Detecting CXX compile features - done
[0.770s] -- Found ament_cmake: 1.3.8 (/opt/ros/humble/share/ament_cmake/cmake)
[1.129s] -- Found Python3: /usr/bin/python3 (found version "3.10.12") found components: Interpreter 
[1.344s] -- Found rclcpp: 16.0.8 (/opt/ros/humble/share/rclcpp/cmake)
[1.464s] -- Found rosidl_generator_c: 3.1.5 (/opt/ros/humble/share/rosidl_generator_c/cmake)
[1.479s] -- Found rosidl_adapter: 3.1.5 (/opt/ros/humble/share/rosidl_adapter/cmake)
[1.501s] -- Found rosidl_generator_cpp: 3.1.5 (/opt/ros/humble/share/rosidl_generator_cpp/cmake)
[1.536s] -- Using all available rosidl_typesupport_c: rosidl_typesupport_fastrtps_c;rosidl_typesupport_introspection_c
[1.585s] -- Using all available rosidl_typesupport_cpp: rosidl_typesupport_fastrtps_cpp;rosidl_typesupport_introspection_cpp
[1.759s] -- Found rmw_implementation_cmake: 6.1.1 (/opt/ros/humble/share/rmw_implementation_cmake/cmake)
[1.767s] -- Found rmw_cyclonedds_cpp: 1.3.4 (/opt/ros/humble/share/rmw_cyclonedds_cpp/cmake)
[1.853s] -- Using RMW implementation 'rmw_cyclonedds_cpp' as default
[1.880s] -- Looking for pthread.h
[2.020s] -- Looking for pthread.h - found
[2.021s] -- Performing Test CMAKE_HAVE_LIBC_PTHREAD
[2.169s] -- Performing Test CMAKE_HAVE_LIBC_PTHREAD - Success
[2.171s] -- Found Threads: TRUE  
[2.527s] -- Found sensor_msgs: 4.2.3 (/opt/ros/humble/share/sensor_msgs/cmake)
[2.805s] -- Found tutorial_interfaces: 0.0.0 (/home/rstole01/Documents/CapstoneGit/humble_ws/install/tutorial_interfaces/share/tutorial_interfaces/cmake)
[3.084s] -- Configuring done
[3.104s] -- Generating done
[3.107s] -- Build files have been written to: /home/rstole01/Documents/CapstoneGit/humble_ws/build/scan_pubsub
