[0.640s] Invoking command in '/home/rstole01/Documents/CSE-596/humble_ws/build/aeb_lab': CMAKE_PREFIX_PATH=/opt/ros/humble /usr/bin/cmake --build /home/rstole01/Documents/CSE-596/humble_ws/build/aeb_lab -- -j8 -l8
[1.725s] [100%] Built target aeb
[1.736s] Invoked command in '/home/rstole01/Documents/CSE-596/humble_ws/build/aeb_lab' returned '0': CMAKE_PREFIX_PATH=/opt/ros/humble /usr/bin/cmake --build /home/rstole01/Documents/CSE-596/humble_ws/build/aeb_lab -- -j8 -l8
[1.825s] Invoking command in '/home/rstole01/Documents/CSE-596/humble_ws/build/aeb_lab': CMAKE_PREFIX_PATH=/opt/ros/humble /usr/bin/cmake --install /home/rstole01/Documents/CSE-596/humble_ws/build/aeb_lab
[1.860s] -- Install configuration: "Release"
[1.860s] -- Up-to-date: /home/rstole01/Documents/CSE-596/humble_ws/install/aeb_lab/lib/aeb_lab/aeb
[1.861s] -- Up-to-date: /home/rstole01/Documents/CSE-596/humble_ws/install/aeb_lab/share/ament_index/resource_index/package_run_dependencies/aeb_lab
[1.861s] -- Up-to-date: /home/rstole01/Documents/CSE-596/humble_ws/install/aeb_lab/share/ament_index/resource_index/parent_prefix_path/aeb_lab
[1.861s] -- Up-to-date: /home/rstole01/Documents/CSE-596/humble_ws/install/aeb_lab/share/aeb_lab/environment/ament_prefix_path.sh
[1.861s] -- Up-to-date: /home/rstole01/Documents/CSE-596/humble_ws/install/aeb_lab/share/aeb_lab/environment/ament_prefix_path.dsv
[1.862s] -- Up-to-date: /home/rstole01/Documents/CSE-596/humble_ws/install/aeb_lab/share/aeb_lab/environment/path.sh
[1.862s] -- Up-to-date: /home/rstole01/Documents/CSE-596/humble_ws/install/aeb_lab/share/aeb_lab/environment/path.dsv
[1.862s] -- Up-to-date: /home/rstole01/Documents/CSE-596/humble_ws/install/aeb_lab/share/aeb_lab/local_setup.bash
[1.863s] -- Up-to-date: /home/rstole01/Documents/CSE-596/humble_ws/install/aeb_lab/share/aeb_lab/local_setup.sh
[1.865s] -- Up-to-date: /home/rstole01/Documents/CSE-596/humble_ws/install/aeb_lab/share/aeb_lab/local_setup.zsh
[1.866s] -- Up-to-date: /home/rstole01/Documents/CSE-596/humble_ws/install/aeb_lab/share/aeb_lab/local_setup.dsv
[1.866s] -- Installing: /home/rstole01/Documents/CSE-596/humble_ws/install/aeb_lab/share/aeb_lab/package.dsv
[1.866s] -- Up-to-date: /home/rstole01/Documents/CSE-596/humble_ws/install/aeb_lab/share/ament_index/resource_index/packages/aeb_lab
[1.867s] -- Up-to-date: /home/rstole01/Documents/CSE-596/humble_ws/install/aeb_lab/share/aeb_lab/cmake/aeb_labConfig.cmake
[1.867s] -- Up-to-date: /home/rstole01/Documents/CSE-596/humble_ws/install/aeb_lab/share/aeb_lab/cmake/aeb_labConfig-version.cmake
[1.867s] -- Up-to-date: /home/rstole01/Documents/CSE-596/humble_ws/install/aeb_lab/share/aeb_lab/package.xml
[1.880s] Invoked command in '/home/rstole01/Documents/CSE-596/humble_ws/build/aeb_lab' returned '0': CMAKE_PREFIX_PATH=/opt/ros/humble /usr/bin/cmake --install /home/rstole01/Documents/CSE-596/humble_ws/build/aeb_lab
