[1.980s] Invoking command in '/home/rstole01/Documents/CSE-596/humble_ws/src/waypoint_logger': PYTHONPATH=/home/rstole01/Documents/CSE-596/humble_ws/build/waypoint_logger/prefix_override:/home/rstole01/Documents/CSE-596/humble_ws/install/waypoint_logger/lib/python3.10/site-packages:${PYTHONPATH} /usr/bin/python3 setup.py egg_info --egg-base ../../build/waypoint_logger build --build-base /home/rstole01/Documents/CSE-596/humble_ws/build/waypoint_logger/build install --record /home/rstole01/Documents/CSE-596/humble_ws/build/waypoint_logger/install.log --single-version-externally-managed
[2.527s] running egg_info
[2.528s] writing ../../build/waypoint_logger/waypoint_logger.egg-info/PKG-INFO
[2.528s] writing dependency_links to ../../build/waypoint_logger/waypoint_logger.egg-info/dependency_links.txt
[2.529s] writing entry points to ../../build/waypoint_logger/waypoint_logger.egg-info/entry_points.txt
[2.529s] writing requirements to ../../build/waypoint_logger/waypoint_logger.egg-info/requires.txt
[2.529s] writing top-level names to ../../build/waypoint_logger/waypoint_logger.egg-info/top_level.txt
[2.534s] reading manifest file '../../build/waypoint_logger/waypoint_logger.egg-info/SOURCES.txt'
[2.554s] adding license file 'LICENSE'
[2.557s] writing manifest file '../../build/waypoint_logger/waypoint_logger.egg-info/SOURCES.txt'
[2.558s] running build
[2.558s] running build_py
[2.559s] running install
[2.559s] /usr/lib/python3/dist-packages/setuptools/command/install.py:34: SetuptoolsDeprecationWarning: setup.py install is deprecated. Use build and pip and other standards-based tools.
[2.559s]   warnings.warn(
[2.560s] running install_lib
[2.563s] running install_data
[2.564s] running install_egg_info
[2.567s] removing '/home/rstole01/Documents/CSE-596/humble_ws/install/waypoint_logger/lib/python3.10/site-packages/waypoint_logger-0.0.0-py3.10.egg-info' (and everything under it)
[2.568s] Copying ../../build/waypoint_logger/waypoint_logger.egg-info to /home/rstole01/Documents/CSE-596/humble_ws/install/waypoint_logger/lib/python3.10/site-packages/waypoint_logger-0.0.0-py3.10.egg-info
[2.570s] running install_scripts
[2.610s] Installing logger script to /home/rstole01/Documents/CSE-596/humble_ws/install/waypoint_logger/lib/waypoint_logger
[2.611s] writing list of installed files to '/home/rstole01/Documents/CSE-596/humble_ws/build/waypoint_logger/install.log'
[2.653s] Invoked command in '/home/rstole01/Documents/CSE-596/humble_ws/src/waypoint_logger' returned '0': PYTHONPATH=/home/rstole01/Documents/CSE-596/humble_ws/build/waypoint_logger/prefix_override:/home/rstole01/Documents/CSE-596/humble_ws/install/waypoint_logger/lib/python3.10/site-packages:${PYTHONPATH} /usr/bin/python3 setup.py egg_info --egg-base ../../build/waypoint_logger build --build-base /home/rstole01/Documents/CSE-596/humble_ws/build/waypoint_logger/build install --record /home/rstole01/Documents/CSE-596/humble_ws/build/waypoint_logger/install.log --single-version-externally-managed
