[1.515s] Invoking command in '/home/rstole01/Documents/CSE-596/msu_ws/build/ackermann_msgs': CMAKE_PREFIX_PATH=${CMAKE_PREFIX_PATH}:/home/rstole01/Documents/CSE-596/msu_ws/install/waypoint_writer:/home/rstole01/Documents/CSE-596/msu_ws/install/waypoint_follow:/home/rstole01/Documents/CSE-596/msu_ws/install/wall_follower_pid:/home/rstole01/Documents/CSE-596/msu_ws/install/qlearn:/home/rstole01/Documents/CSE-596/msu_ws/install/py_pubsub:/home/rstole01/Documents/CSE-596/msu_ws/install/plexer360:/home/rstole01/Documents/CSE-596/msu_ws/install/painter:/home/rstole01/Documents/CSE-596/msu_ws/install/f1tenth_gym_ros:/opt/ros/humble /usr/bin/cmake --build /home/rstole01/Documents/CSE-596/msu_ws/build/ackermann_msgs -- -j8 -l8
[3.745s] [ 10%] Built target ackermann_msgs__rosidl_generator_c
[3.746s] [ 10%] Built target ament_cmake_python_copy_ackermann_msgs
[3.748s] [ 12%] Built target ackermann_msgs__cpp
[3.749s] [ 23%] Built target ackermann_msgs__rosidl_typesupport_fastrtps_c
[3.750s] [ 33%] Built target ackermann_msgs__rosidl_typesupport_introspection_c
[3.751s] [ 43%] Built target ackermann_msgs__rosidl_typesupport_c
[3.754s] [ 64%] Built target ackermann_msgs__rosidl_typesupport_introspection_cpp
[3.755s] [ 64%] Built target ackermann_msgs__rosidl_typesupport_fastrtps_cpp
[3.756s] [ 74%] Built target ackermann_msgs__rosidl_typesupport_cpp
[3.756s] [ 74%] Built target ackermann_msgs
[3.756s] [ 76%] Built target ackermann_msgs__py
[3.757s] [ 84%] Built target ackermann_msgs__rosidl_generator_py
[3.758s] [ 89%] Built target ackermann_msgs__rosidl_typesupport_fastrtps_c__pyext
[3.759s] [ 94%] Built target ackermann_msgs__rosidl_typesupport_introspection_c__pyext
[3.762s] [100%] Built target ackermann_msgs__rosidl_typesupport_c__pyext
[3.763s] running egg_info
[3.764s] writing ackermann_msgs.egg-info/PKG-INFO
[3.765s] writing dependency_links to ackermann_msgs.egg-info/dependency_links.txt
[3.766s] writing top-level names to ackermann_msgs.egg-info/top_level.txt
[3.767s] reading manifest file 'ackermann_msgs.egg-info/SOURCES.txt'
[3.770s] writing manifest file 'ackermann_msgs.egg-info/SOURCES.txt'
[3.771s] [100%] Built target ament_cmake_python_build_ackermann_msgs_egg
[3.796s] Invoked command in '/home/rstole01/Documents/CSE-596/msu_ws/build/ackermann_msgs' returned '0': CMAKE_PREFIX_PATH=${CMAKE_PREFIX_PATH}:/home/rstole01/Documents/CSE-596/msu_ws/install/waypoint_writer:/home/rstole01/Documents/CSE-596/msu_ws/install/waypoint_follow:/home/rstole01/Documents/CSE-596/msu_ws/install/wall_follower_pid:/home/rstole01/Documents/CSE-596/msu_ws/install/qlearn:/home/rstole01/Documents/CSE-596/msu_ws/install/py_pubsub:/home/rstole01/Documents/CSE-596/msu_ws/install/plexer360:/home/rstole01/Documents/CSE-596/msu_ws/install/painter:/home/rstole01/Documents/CSE-596/msu_ws/install/f1tenth_gym_ros:/opt/ros/humble /usr/bin/cmake --build /home/rstole01/Documents/CSE-596/msu_ws/build/ackermann_msgs -- -j8 -l8
[5.258s] Invoking command in '/home/rstole01/Documents/CSE-596/msu_ws/build/ackermann_msgs': CMAKE_PREFIX_PATH=${CMAKE_PREFIX_PATH}:/home/rstole01/Documents/CSE-596/msu_ws/install/waypoint_writer:/home/rstole01/Documents/CSE-596/msu_ws/install/waypoint_follow:/home/rstole01/Documents/CSE-596/msu_ws/install/wall_follower_pid:/home/rstole01/Documents/CSE-596/msu_ws/install/qlearn:/home/rstole01/Documents/CSE-596/msu_ws/install/py_pubsub:/home/rstole01/Documents/CSE-596/msu_ws/install/plexer360:/home/rstole01/Documents/CSE-596/msu_ws/install/painter:/home/rstole01/Documents/CSE-596/msu_ws/install/f1tenth_gym_ros:/opt/ros/humble /usr/bin/cmake --install /home/rstole01/Documents/CSE-596/msu_ws/build/ackermann_msgs
[5.300s] -- Install configuration: ""
[5.300s] -- Up-to-date: /home/rstole01/Documents/CSE-596/msu_ws/install/ackermann_msgs/share/ament_index/resource_index/rosidl_interfaces/ackermann_msgs
[5.300s] -- Up-to-date: /home/rstole01/Documents/CSE-596/msu_ws/install/ackermann_msgs/include/ackermann_msgs/ackermann_msgs
[5.301s] -- Up-to-date: /home/rstole01/Documents/CSE-596/msu_ws/install/ackermann_msgs/include/ackermann_msgs/ackermann_msgs/msg
[5.301s] -- Up-to-date: /home/rstole01/Documents/CSE-596/msu_ws/install/ackermann_msgs/include/ackermann_msgs/ackermann_msgs/msg/rosidl_generator_c__visibility_control.h
[5.302s] -- Up-to-date: /home/rstole01/Documents/CSE-596/msu_ws/install/ackermann_msgs/include/ackermann_msgs/ackermann_msgs/msg/detail
[5.303s] -- Up-to-date: /home/rstole01/Documents/CSE-596/msu_ws/install/ackermann_msgs/include/ackermann_msgs/ackermann_msgs/msg/detail/ackermann_drive_stamped__functions.c
[5.303s] -- Up-to-date: /home/rstole01/Documents/CSE-596/msu_ws/install/ackermann_msgs/include/ackermann_msgs/ackermann_msgs/msg/detail/ackermann_drive__functions.h
[5.304s] -- Up-to-date: /home/rstole01/Documents/CSE-596/msu_ws/install/ackermann_msgs/include/ackermann_msgs/ackermann_msgs/msg/detail/ackermann_drive_stamped__struct.h
[5.304s] -- Up-to-date: /home/rstole01/Documents/CSE-596/msu_ws/install/ackermann_msgs/include/ackermann_msgs/ackermann_msgs/msg/detail/ackermann_drive_stamped__type_support.h
[5.305s] -- Up-to-date: /home/rstole01/Documents/CSE-596/msu_ws/install/ackermann_msgs/include/ackermann_msgs/ackermann_msgs/msg/detail/ackermann_drive__functions.c
[5.305s] -- Up-to-date: /home/rstole01/Documents/CSE-596/msu_ws/install/ackermann_msgs/include/ackermann_msgs/ackermann_msgs/msg/detail/ackermann_drive__struct.h
[5.305s] -- Up-to-date: /home/rstole01/Documents/CSE-596/msu_ws/install/ackermann_msgs/include/ackermann_msgs/ackermann_msgs/msg/detail/ackermann_drive__type_support.h
[5.306s] -- Up-to-date: /home/rstole01/Documents/CSE-596/msu_ws/install/ackermann_msgs/include/ackermann_msgs/ackermann_msgs/msg/detail/ackermann_drive_stamped__functions.h
[5.306s] -- Up-to-date: /home/rstole01/Documents/CSE-596/msu_ws/install/ackermann_msgs/include/ackermann_msgs/ackermann_msgs/msg/ackermann_drive_stamped.h
[5.306s] -- Up-to-date: /home/rstole01/Documents/CSE-596/msu_ws/install/ackermann_msgs/include/ackermann_msgs/ackermann_msgs/msg/ackermann_drive.h
[5.307s] -- Up-to-date: /home/rstole01/Documents/CSE-596/msu_ws/install/ackermann_msgs/share/ackermann_msgs/environment/library_path.sh
[5.307s] -- Up-to-date: /home/rstole01/Documents/CSE-596/msu_ws/install/ackermann_msgs/share/ackermann_msgs/environment/library_path.dsv
[5.307s] -- Up-to-date: /home/rstole01/Documents/CSE-596/msu_ws/install/ackermann_msgs/lib/libackermann_msgs__rosidl_generator_c.so
[5.308s] -- Up-to-date: /home/rstole01/Documents/CSE-596/msu_ws/install/ackermann_msgs/include/ackermann_msgs/ackermann_msgs
[5.309s] -- Up-to-date: /home/rstole01/Documents/CSE-596/msu_ws/install/ackermann_msgs/include/ackermann_msgs/ackermann_msgs/msg
[5.309s] -- Up-to-date: /home/rstole01/Documents/CSE-596/msu_ws/install/ackermann_msgs/include/ackermann_msgs/ackermann_msgs/msg/rosidl_typesupport_fastrtps_c__visibility_control.h
[5.310s] -- Up-to-date: /home/rstole01/Documents/CSE-596/msu_ws/install/ackermann_msgs/include/ackermann_msgs/ackermann_msgs/msg/detail
[5.312s] -- Up-to-date: /home/rstole01/Documents/CSE-596/msu_ws/install/ackermann_msgs/include/ackermann_msgs/ackermann_msgs/msg/detail/ackermann_drive__rosidl_typesupport_fastrtps_c.h
[5.313s] -- Up-to-date: /home/rstole01/Documents/CSE-596/msu_ws/install/ackermann_msgs/include/ackermann_msgs/ackermann_msgs/msg/detail/ackermann_drive_stamped__rosidl_typesupport_fastrtps_c.h
[5.313s] -- Up-to-date: /home/rstole01/Documents/CSE-596/msu_ws/install/ackermann_msgs/lib/libackermann_msgs__rosidl_typesupport_fastrtps_c.so
[5.313s] -- Up-to-date: /home/rstole01/Documents/CSE-596/msu_ws/install/ackermann_msgs/include/ackermann_msgs/ackermann_msgs
[5.314s] -- Up-to-date: /home/rstole01/Documents/CSE-596/msu_ws/install/ackermann_msgs/include/ackermann_msgs/ackermann_msgs/msg
[5.322s] -- Up-to-date: /home/rstole01/Documents/CSE-596/msu_ws/install/ackermann_msgs/include/ackermann_msgs/ackermann_msgs/msg/rosidl_typesupport_introspection_c__visibility_control.h
[5.323s] -- Up-to-date: /home/rstole01/Documents/CSE-596/msu_ws/install/ackermann_msgs/include/ackermann_msgs/ackermann_msgs/msg/detail
[5.324s] -- Up-to-date: /home/rstole01/Documents/CSE-596/msu_ws/install/ackermann_msgs/include/ackermann_msgs/ackermann_msgs/msg/detail/ackermann_drive_stamped__type_support.c
[5.325s] -- Up-to-date: /home/rstole01/Documents/CSE-596/msu_ws/install/ackermann_msgs/include/ackermann_msgs/ackermann_msgs/msg/detail/ackermann_drive_stamped__rosidl_typesupport_introspection_c.h
[5.325s] -- Up-to-date: /home/rstole01/Documents/CSE-596/msu_ws/install/ackermann_msgs/include/ackermann_msgs/ackermann_msgs/msg/detail/ackermann_drive__rosidl_typesupport_introspection_c.h
[5.326s] -- Up-to-date: /home/rstole01/Documents/CSE-596/msu_ws/install/ackermann_msgs/include/ackermann_msgs/ackermann_msgs/msg/detail/ackermann_drive__type_support.c
[5.327s] -- Up-to-date: /home/rstole01/Documents/CSE-596/msu_ws/install/ackermann_msgs/lib/libackermann_msgs__rosidl_typesupport_introspection_c.so
[5.328s] -- Up-to-date: /home/rstole01/Documents/CSE-596/msu_ws/install/ackermann_msgs/lib/libackermann_msgs__rosidl_typesupport_c.so
[5.328s] -- Up-to-date: /home/rstole01/Documents/CSE-596/msu_ws/install/ackermann_msgs/include/ackermann_msgs/ackermann_msgs
[5.329s] -- Up-to-date: /home/rstole01/Documents/CSE-596/msu_ws/install/ackermann_msgs/include/ackermann_msgs/ackermann_msgs/msg
[5.330s] -- Up-to-date: /home/rstole01/Documents/CSE-596/msu_ws/install/ackermann_msgs/include/ackermann_msgs/ackermann_msgs/msg/ackermann_drive.hpp
[5.330s] -- Up-to-date: /home/rstole01/Documents/CSE-596/msu_ws/install/ackermann_msgs/include/ackermann_msgs/ackermann_msgs/msg/detail
[5.331s] -- Up-to-date: /home/rstole01/Documents/CSE-596/msu_ws/install/ackermann_msgs/include/ackermann_msgs/ackermann_msgs/msg/detail/ackermann_drive_stamped__traits.hpp
[5.332s] -- Up-to-date: /home/rstole01/Documents/CSE-596/msu_ws/install/ackermann_msgs/include/ackermann_msgs/ackermann_msgs/msg/detail/ackermann_drive_stamped__builder.hpp
[5.332s] -- Up-to-date: /home/rstole01/Documents/CSE-596/msu_ws/install/ackermann_msgs/include/ackermann_msgs/ackermann_msgs/msg/detail/ackermann_drive__builder.hpp
[5.334s] -- Up-to-date: /home/rstole01/Documents/CSE-596/msu_ws/install/ackermann_msgs/include/ackermann_msgs/ackermann_msgs/msg/detail/ackermann_drive__struct.hpp
[5.335s] -- Up-to-date: /home/rstole01/Documents/CSE-596/msu_ws/install/ackermann_msgs/include/ackermann_msgs/ackermann_msgs/msg/detail/ackermann_drive__traits.hpp
[5.335s] -- Up-to-date: /home/rstole01/Documents/CSE-596/msu_ws/install/ackermann_msgs/include/ackermann_msgs/ackermann_msgs/msg/detail/ackermann_drive_stamped__struct.hpp
[5.336s] -- Up-to-date: /home/rstole01/Documents/CSE-596/msu_ws/install/ackermann_msgs/include/ackermann_msgs/ackermann_msgs/msg/ackermann_drive_stamped.hpp
[5.340s] -- Up-to-date: /home/rstole01/Documents/CSE-596/msu_ws/install/ackermann_msgs/include/ackermann_msgs/ackermann_msgs
[5.340s] -- Up-to-date: /home/rstole01/Documents/CSE-596/msu_ws/install/ackermann_msgs/include/ackermann_msgs/ackermann_msgs/msg
[5.341s] -- Up-to-date: /home/rstole01/Documents/CSE-596/msu_ws/install/ackermann_msgs/include/ackermann_msgs/ackermann_msgs/msg/detail
[5.342s] -- Up-to-date: /home/rstole01/Documents/CSE-596/msu_ws/install/ackermann_msgs/include/ackermann_msgs/ackermann_msgs/msg/detail/ackermann_drive__rosidl_typesupport_fastrtps_cpp.hpp
[5.343s] -- Up-to-date: /home/rstole01/Documents/CSE-596/msu_ws/install/ackermann_msgs/include/ackermann_msgs/ackermann_msgs/msg/detail/ackermann_drive_stamped__rosidl_typesupport_fastrtps_cpp.hpp
[5.344s] -- Up-to-date: /home/rstole01/Documents/CSE-596/msu_ws/install/ackermann_msgs/include/ackermann_msgs/ackermann_msgs/msg/detail/dds_fastrtps
[5.346s] -- Up-to-date: /home/rstole01/Documents/CSE-596/msu_ws/install/ackermann_msgs/include/ackermann_msgs/ackermann_msgs/msg/rosidl_typesupport_fastrtps_cpp__visibility_control.h
[5.346s] -- Up-to-date: /home/rstole01/Documents/CSE-596/msu_ws/install/ackermann_msgs/lib/libackermann_msgs__rosidl_typesupport_fastrtps_cpp.so
[5.347s] -- Up-to-date: /home/rstole01/Documents/CSE-596/msu_ws/install/ackermann_msgs/include/ackermann_msgs/ackermann_msgs
[5.348s] -- Up-to-date: /home/rstole01/Documents/CSE-596/msu_ws/install/ackermann_msgs/include/ackermann_msgs/ackermann_msgs/msg
[5.349s] -- Up-to-date: /home/rstole01/Documents/CSE-596/msu_ws/install/ackermann_msgs/include/ackermann_msgs/ackermann_msgs/msg/detail
[5.351s] -- Up-to-date: /home/rstole01/Documents/CSE-596/msu_ws/install/ackermann_msgs/include/ackermann_msgs/ackermann_msgs/msg/detail/ackermann_drive_stamped__rosidl_typesupport_introspection_cpp.hpp
[5.351s] -- Up-to-date: /home/rstole01/Documents/CSE-596/msu_ws/install/ackermann_msgs/include/ackermann_msgs/ackermann_msgs/msg/detail/ackermann_drive__rosidl_typesupport_introspection_cpp.hpp
[5.352s] -- Up-to-date: /home/rstole01/Documents/CSE-596/msu_ws/install/ackermann_msgs/include/ackermann_msgs/ackermann_msgs/msg/detail/ackermann_drive_stamped__type_support.cpp
[5.353s] -- Up-to-date: /home/rstole01/Documents/CSE-596/msu_ws/install/ackermann_msgs/include/ackermann_msgs/ackermann_msgs/msg/detail/ackermann_drive__type_support.cpp
[5.353s] -- Up-to-date: /home/rstole01/Documents/CSE-596/msu_ws/install/ackermann_msgs/lib/libackermann_msgs__rosidl_typesupport_introspection_cpp.so
[5.354s] -- Up-to-date: /home/rstole01/Documents/CSE-596/msu_ws/install/ackermann_msgs/lib/libackermann_msgs__rosidl_typesupport_cpp.so
[5.354s] -- Up-to-date: /home/rstole01/Documents/CSE-596/msu_ws/install/ackermann_msgs/share/ackermann_msgs/environment/pythonpath.sh
[5.355s] -- Up-to-date: /home/rstole01/Documents/CSE-596/msu_ws/install/ackermann_msgs/share/ackermann_msgs/environment/pythonpath.dsv
[5.356s] -- Up-to-date: /home/rstole01/Documents/CSE-596/msu_ws/install/ackermann_msgs/local/lib/python3.10/dist-packages/ackermann_msgs-2.0.2-py3.10.egg-info
[5.357s] -- Installing: /home/rstole01/Documents/CSE-596/msu_ws/install/ackermann_msgs/local/lib/python3.10/dist-packages/ackermann_msgs-2.0.2-py3.10.egg-info/top_level.txt
[5.358s] -- Installing: /home/rstole01/Documents/CSE-596/msu_ws/install/ackermann_msgs/local/lib/python3.10/dist-packages/ackermann_msgs-2.0.2-py3.10.egg-info/SOURCES.txt
[5.358s] -- Installing: /home/rstole01/Documents/CSE-596/msu_ws/install/ackermann_msgs/local/lib/python3.10/dist-packages/ackermann_msgs-2.0.2-py3.10.egg-info/PKG-INFO
[5.359s] -- Installing: /home/rstole01/Documents/CSE-596/msu_ws/install/ackermann_msgs/local/lib/python3.10/dist-packages/ackermann_msgs-2.0.2-py3.10.egg-info/dependency_links.txt
[5.360s] -- Up-to-date: /home/rstole01/Documents/CSE-596/msu_ws/install/ackermann_msgs/local/lib/python3.10/dist-packages/ackermann_msgs
[5.360s] -- Up-to-date: /home/rstole01/Documents/CSE-596/msu_ws/install/ackermann_msgs/local/lib/python3.10/dist-packages/ackermann_msgs/ackermann_msgs_s__rosidl_typesupport_c.cpython-310-x86_64-linux-gnu.so
[5.361s] -- Up-to-date: /home/rstole01/Documents/CSE-596/msu_ws/install/ackermann_msgs/local/lib/python3.10/dist-packages/ackermann_msgs/_ackermann_msgs_s.ep.rosidl_typesupport_fastrtps_c.c
[5.362s] -- Up-to-date: /home/rstole01/Documents/CSE-596/msu_ws/install/ackermann_msgs/local/lib/python3.10/dist-packages/ackermann_msgs/__init__.py
[5.362s] -- Up-to-date: /home/rstole01/Documents/CSE-596/msu_ws/install/ackermann_msgs/local/lib/python3.10/dist-packages/ackermann_msgs/msg
[5.363s] -- Up-to-date: /home/rstole01/Documents/CSE-596/msu_ws/install/ackermann_msgs/local/lib/python3.10/dist-packages/ackermann_msgs/msg/_ackermann_drive_stamped.py
[5.364s] -- Up-to-date: /home/rstole01/Documents/CSE-596/msu_ws/install/ackermann_msgs/local/lib/python3.10/dist-packages/ackermann_msgs/msg/_ackermann_drive.py
[5.365s] -- Up-to-date: /home/rstole01/Documents/CSE-596/msu_ws/install/ackermann_msgs/local/lib/python3.10/dist-packages/ackermann_msgs/msg/_ackermann_drive_stamped_s.c
[5.367s] -- Up-to-date: /home/rstole01/Documents/CSE-596/msu_ws/install/ackermann_msgs/local/lib/python3.10/dist-packages/ackermann_msgs/msg/_ackermann_drive_s.c
[5.368s] -- Up-to-date: /home/rstole01/Documents/CSE-596/msu_ws/install/ackermann_msgs/local/lib/python3.10/dist-packages/ackermann_msgs/msg/__init__.py
[5.372s] -- Up-to-date: /home/rstole01/Documents/CSE-596/msu_ws/install/ackermann_msgs/local/lib/python3.10/dist-packages/ackermann_msgs/libackermann_msgs__rosidl_generator_py.so
[5.373s] -- Up-to-date: /home/rstole01/Documents/CSE-596/msu_ws/install/ackermann_msgs/local/lib/python3.10/dist-packages/ackermann_msgs/ackermann_msgs_s__rosidl_typesupport_introspection_c.cpython-310-x86_64-linux-gnu.so
[5.373s] -- Up-to-date: /home/rstole01/Documents/CSE-596/msu_ws/install/ackermann_msgs/local/lib/python3.10/dist-packages/ackermann_msgs/ackermann_msgs_s__rosidl_typesupport_fastrtps_c.cpython-310-x86_64-linux-gnu.so
[5.374s] -- Up-to-date: /home/rstole01/Documents/CSE-596/msu_ws/install/ackermann_msgs/local/lib/python3.10/dist-packages/ackermann_msgs/_ackermann_msgs_s.ep.rosidl_typesupport_c.c
[5.375s] -- Up-to-date: /home/rstole01/Documents/CSE-596/msu_ws/install/ackermann_msgs/local/lib/python3.10/dist-packages/ackermann_msgs/_ackermann_msgs_s.ep.rosidl_typesupport_introspection_c.c
[5.471s] Listing '/home/rstole01/Documents/CSE-596/msu_ws/install/ackermann_msgs/local/lib/python3.10/dist-packages/ackermann_msgs'...
[5.482s] Listing '/home/rstole01/Documents/CSE-596/msu_ws/install/ackermann_msgs/local/lib/python3.10/dist-packages/ackermann_msgs/msg'...
[5.492s] -- Up-to-date: /home/rstole01/Documents/CSE-596/msu_ws/install/ackermann_msgs/local/lib/python3.10/dist-packages/ackermann_msgs/ackermann_msgs_s__rosidl_typesupport_fastrtps_c.cpython-310-x86_64-linux-gnu.so
[5.493s] -- Up-to-date: /home/rstole01/Documents/CSE-596/msu_ws/install/ackermann_msgs/local/lib/python3.10/dist-packages/ackermann_msgs/ackermann_msgs_s__rosidl_typesupport_introspection_c.cpython-310-x86_64-linux-gnu.so
[5.494s] -- Up-to-date: /home/rstole01/Documents/CSE-596/msu_ws/install/ackermann_msgs/local/lib/python3.10/dist-packages/ackermann_msgs/ackermann_msgs_s__rosidl_typesupport_c.cpython-310-x86_64-linux-gnu.so
[5.494s] -- Up-to-date: /home/rstole01/Documents/CSE-596/msu_ws/install/ackermann_msgs/lib/libackermann_msgs__rosidl_generator_py.so
[5.495s] -- Up-to-date: /home/rstole01/Documents/CSE-596/msu_ws/install/ackermann_msgs/share/ackermann_msgs/msg/AckermannDrive.idl
[5.495s] -- Up-to-date: /home/rstole01/Documents/CSE-596/msu_ws/install/ackermann_msgs/share/ackermann_msgs/msg/AckermannDriveStamped.idl
[5.506s] -- Up-to-date: /home/rstole01/Documents/CSE-596/msu_ws/install/ackermann_msgs/share/ackermann_msgs/msg/AckermannDrive.msg
[5.506s] -- Up-to-date: /home/rstole01/Documents/CSE-596/msu_ws/install/ackermann_msgs/share/ackermann_msgs/msg/AckermannDriveStamped.msg
[5.506s] -- Up-to-date: /home/rstole01/Documents/CSE-596/msu_ws/install/ackermann_msgs/share/ament_index/resource_index/package_run_dependencies/ackermann_msgs
[5.507s] -- Up-to-date: /home/rstole01/Documents/CSE-596/msu_ws/install/ackermann_msgs/share/ament_index/resource_index/parent_prefix_path/ackermann_msgs
[5.507s] -- Up-to-date: /home/rstole01/Documents/CSE-596/msu_ws/install/ackermann_msgs/share/ackermann_msgs/environment/ament_prefix_path.sh
[5.507s] -- Up-to-date: /home/rstole01/Documents/CSE-596/msu_ws/install/ackermann_msgs/share/ackermann_msgs/environment/ament_prefix_path.dsv
[5.507s] -- Up-to-date: /home/rstole01/Documents/CSE-596/msu_ws/install/ackermann_msgs/share/ackermann_msgs/environment/path.sh
[5.508s] -- Up-to-date: /home/rstole01/Documents/CSE-596/msu_ws/install/ackermann_msgs/share/ackermann_msgs/environment/path.dsv
[5.508s] -- Up-to-date: /home/rstole01/Documents/CSE-596/msu_ws/install/ackermann_msgs/share/ackermann_msgs/local_setup.bash
[5.508s] -- Up-to-date: /home/rstole01/Documents/CSE-596/msu_ws/install/ackermann_msgs/share/ackermann_msgs/local_setup.sh
[5.508s] -- Up-to-date: /home/rstole01/Documents/CSE-596/msu_ws/install/ackermann_msgs/share/ackermann_msgs/local_setup.zsh
[5.509s] -- Up-to-date: /home/rstole01/Documents/CSE-596/msu_ws/install/ackermann_msgs/share/ackermann_msgs/local_setup.dsv
[5.509s] -- Installing: /home/rstole01/Documents/CSE-596/msu_ws/install/ackermann_msgs/share/ackermann_msgs/package.dsv
[5.509s] -- Up-to-date: /home/rstole01/Documents/CSE-596/msu_ws/install/ackermann_msgs/share/ament_index/resource_index/packages/ackermann_msgs
[5.510s] -- Up-to-date: /home/rstole01/Documents/CSE-596/msu_ws/install/ackermann_msgs/share/ackermann_msgs/cmake/export_ackermann_msgs__rosidl_generator_cExport.cmake
[5.510s] -- Up-to-date: /home/rstole01/Documents/CSE-596/msu_ws/install/ackermann_msgs/share/ackermann_msgs/cmake/export_ackermann_msgs__rosidl_generator_cExport-noconfig.cmake
[5.510s] -- Up-to-date: /home/rstole01/Documents/CSE-596/msu_ws/install/ackermann_msgs/share/ackermann_msgs/cmake/export_ackermann_msgs__rosidl_typesupport_fastrtps_cExport.cmake
[5.513s] -- Up-to-date: /home/rstole01/Documents/CSE-596/msu_ws/install/ackermann_msgs/share/ackermann_msgs/cmake/export_ackermann_msgs__rosidl_typesupport_fastrtps_cExport-noconfig.cmake
[5.513s] -- Up-to-date: /home/rstole01/Documents/CSE-596/msu_ws/install/ackermann_msgs/share/ackermann_msgs/cmake/ackermann_msgs__rosidl_typesupport_introspection_cExport.cmake
[5.514s] -- Up-to-date: /home/rstole01/Documents/CSE-596/msu_ws/install/ackermann_msgs/share/ackermann_msgs/cmake/ackermann_msgs__rosidl_typesupport_introspection_cExport-noconfig.cmake
[5.515s] -- Up-to-date: /home/rstole01/Documents/CSE-596/msu_ws/install/ackermann_msgs/share/ackermann_msgs/cmake/ackermann_msgs__rosidl_typesupport_cExport.cmake
[5.515s] -- Up-to-date: /home/rstole01/Documents/CSE-596/msu_ws/install/ackermann_msgs/share/ackermann_msgs/cmake/ackermann_msgs__rosidl_typesupport_cExport-noconfig.cmake
[5.516s] -- Up-to-date: /home/rstole01/Documents/CSE-596/msu_ws/install/ackermann_msgs/share/ackermann_msgs/cmake/export_ackermann_msgs__rosidl_generator_cppExport.cmake
[5.516s] -- Up-to-date: /home/rstole01/Documents/CSE-596/msu_ws/install/ackermann_msgs/share/ackermann_msgs/cmake/export_ackermann_msgs__rosidl_typesupport_fastrtps_cppExport.cmake
[5.516s] -- Up-to-date: /home/rstole01/Documents/CSE-596/msu_ws/install/ackermann_msgs/share/ackermann_msgs/cmake/export_ackermann_msgs__rosidl_typesupport_fastrtps_cppExport-noconfig.cmake
[5.517s] -- Up-to-date: /home/rstole01/Documents/CSE-596/msu_ws/install/ackermann_msgs/share/ackermann_msgs/cmake/ackermann_msgs__rosidl_typesupport_introspection_cppExport.cmake
[5.517s] -- Up-to-date: /home/rstole01/Documents/CSE-596/msu_ws/install/ackermann_msgs/share/ackermann_msgs/cmake/ackermann_msgs__rosidl_typesupport_introspection_cppExport-noconfig.cmake
[5.517s] -- Up-to-date: /home/rstole01/Documents/CSE-596/msu_ws/install/ackermann_msgs/share/ackermann_msgs/cmake/ackermann_msgs__rosidl_typesupport_cppExport.cmake
[5.518s] -- Up-to-date: /home/rstole01/Documents/CSE-596/msu_ws/install/ackermann_msgs/share/ackermann_msgs/cmake/ackermann_msgs__rosidl_typesupport_cppExport-noconfig.cmake
[5.518s] -- Up-to-date: /home/rstole01/Documents/CSE-596/msu_ws/install/ackermann_msgs/share/ackermann_msgs/cmake/export_ackermann_msgs__rosidl_generator_pyExport.cmake
[5.519s] -- Up-to-date: /home/rstole01/Documents/CSE-596/msu_ws/install/ackermann_msgs/share/ackermann_msgs/cmake/export_ackermann_msgs__rosidl_generator_pyExport-noconfig.cmake
[5.519s] -- Up-to-date: /home/rstole01/Documents/CSE-596/msu_ws/install/ackermann_msgs/share/ackermann_msgs/cmake/rosidl_cmake-extras.cmake
[5.519s] -- Up-to-date: /home/rstole01/Documents/CSE-596/msu_ws/install/ackermann_msgs/share/ackermann_msgs/cmake/ament_cmake_export_dependencies-extras.cmake
[5.520s] -- Up-to-date: /home/rstole01/Documents/CSE-596/msu_ws/install/ackermann_msgs/share/ackermann_msgs/cmake/ament_cmake_export_include_directories-extras.cmake
[5.520s] -- Up-to-date: /home/rstole01/Documents/CSE-596/msu_ws/install/ackermann_msgs/share/ackermann_msgs/cmake/ament_cmake_export_libraries-extras.cmake
[5.520s] -- Up-to-date: /home/rstole01/Documents/CSE-596/msu_ws/install/ackermann_msgs/share/ackermann_msgs/cmake/ament_cmake_export_targets-extras.cmake
[5.520s] -- Up-to-date: /home/rstole01/Documents/CSE-596/msu_ws/install/ackermann_msgs/share/ackermann_msgs/cmake/rosidl_cmake_export_typesupport_targets-extras.cmake
[5.521s] -- Up-to-date: /home/rstole01/Documents/CSE-596/msu_ws/install/ackermann_msgs/share/ackermann_msgs/cmake/rosidl_cmake_export_typesupport_libraries-extras.cmake
[5.521s] -- Up-to-date: /home/rstole01/Documents/CSE-596/msu_ws/install/ackermann_msgs/share/ackermann_msgs/cmake/ackermann_msgsConfig.cmake
[5.521s] -- Up-to-date: /home/rstole01/Documents/CSE-596/msu_ws/install/ackermann_msgs/share/ackermann_msgs/cmake/ackermann_msgsConfig-version.cmake
[5.521s] -- Up-to-date: /home/rstole01/Documents/CSE-596/msu_ws/install/ackermann_msgs/share/ackermann_msgs/package.xml
[6.130s] Invoked command in '/home/rstole01/Documents/CSE-596/msu_ws/build/ackermann_msgs' returned '0': CMAKE_PREFIX_PATH=${CMAKE_PREFIX_PATH}:/home/rstole01/Documents/CSE-596/msu_ws/install/waypoint_writer:/home/rstole01/Documents/CSE-596/msu_ws/install/waypoint_follow:/home/rstole01/Documents/CSE-596/msu_ws/install/wall_follower_pid:/home/rstole01/Documents/CSE-596/msu_ws/install/qlearn:/home/rstole01/Documents/CSE-596/msu_ws/install/py_pubsub:/home/rstole01/Documents/CSE-596/msu_ws/install/plexer360:/home/rstole01/Documents/CSE-596/msu_ws/install/painter:/home/rstole01/Documents/CSE-596/msu_ws/install/f1tenth_gym_ros:/opt/ros/humble /usr/bin/cmake --install /home/rstole01/Documents/CSE-596/msu_ws/build/ackermann_msgs
