[2.913s] Invoking command in '/home/rstole01/Documents/CSE-596/msu_ws/build/qlearn_interfaces': CMAKE_PREFIX_PATH=${CMAKE_PREFIX_PATH}:/home/rstole01/Documents/CSE-596/msu_ws/install/waypoint_writer:/home/rstole01/Documents/CSE-596/msu_ws/install/waypoint_follow:/home/rstole01/Documents/CSE-596/msu_ws/install/wall_follower_pid:/home/rstole01/Documents/CSE-596/msu_ws/install/qlearn:/home/rstole01/Documents/CSE-596/msu_ws/install/py_pubsub:/home/rstole01/Documents/CSE-596/msu_ws/install/plexer360:/home/rstole01/Documents/CSE-596/msu_ws/install/painter:/home/rstole01/Documents/CSE-596/msu_ws/install/f1tenth_gym_ros:/opt/ros/humble /usr/bin/cmake --build /home/rstole01/Documents/CSE-596/msu_ws/build/qlearn_interfaces -- -j8 -l8
[3.141s] [  1%] Built target qlearn_interfaces__cpp
[3.179s] [ 12%] Built target qlearn_interfaces__rosidl_generator_c
[3.274s] [ 12%] Built target ament_cmake_python_copy_qlearn_interfaces
[3.363s] [ 23%] Built target qlearn_interfaces__rosidl_typesupport_fastrtps_cpp
[3.393s] [ 35%] Built target qlearn_interfaces__rosidl_typesupport_cpp
[3.449s] [ 46%] Built target qlearn_interfaces__rosidl_typesupport_c
[3.459s] [ 60%] Built target qlearn_interfaces__rosidl_typesupport_introspection_cpp
[3.459s] [ 69%] Built target qlearn_interfaces__rosidl_typesupport_fastrtps_c
[3.475s] [ 80%] Built target qlearn_interfaces__rosidl_typesupport_introspection_c
[3.579s] [ 80%] Built target qlearn_interfaces
[3.778s] [ 81%] Built target qlearn_interfaces__py
[3.912s] [ 91%] Built target qlearn_interfaces__rosidl_generator_py
[4.026s] [ 94%] Built target qlearn_interfaces__rosidl_typesupport_fastrtps_c__pyext
[4.028s] [ 97%] Built target qlearn_interfaces__rosidl_typesupport_introspection_c__pyext
[4.058s] [100%] Built target qlearn_interfaces__rosidl_typesupport_c__pyext
[4.887s] running egg_info
[4.889s] writing qlearn_interfaces.egg-info/PKG-INFO
[4.891s] writing dependency_links to qlearn_interfaces.egg-info/dependency_links.txt
[4.891s] writing top-level names to qlearn_interfaces.egg-info/top_level.txt
[4.900s] reading manifest file 'qlearn_interfaces.egg-info/SOURCES.txt'
[4.902s] writing manifest file 'qlearn_interfaces.egg-info/SOURCES.txt'
[5.036s] [100%] Built target ament_cmake_python_build_qlearn_interfaces_egg
[5.804s] Invoked command in '/home/rstole01/Documents/CSE-596/msu_ws/build/qlearn_interfaces' returned '0': CMAKE_PREFIX_PATH=${CMAKE_PREFIX_PATH}:/home/rstole01/Documents/CSE-596/msu_ws/install/waypoint_writer:/home/rstole01/Documents/CSE-596/msu_ws/install/waypoint_follow:/home/rstole01/Documents/CSE-596/msu_ws/install/wall_follower_pid:/home/rstole01/Documents/CSE-596/msu_ws/install/qlearn:/home/rstole01/Documents/CSE-596/msu_ws/install/py_pubsub:/home/rstole01/Documents/CSE-596/msu_ws/install/plexer360:/home/rstole01/Documents/CSE-596/msu_ws/install/painter:/home/rstole01/Documents/CSE-596/msu_ws/install/f1tenth_gym_ros:/opt/ros/humble /usr/bin/cmake --build /home/rstole01/Documents/CSE-596/msu_ws/build/qlearn_interfaces -- -j8 -l8
[8.152s] Invoking command in '/home/rstole01/Documents/CSE-596/msu_ws/build/qlearn_interfaces': CMAKE_PREFIX_PATH=${CMAKE_PREFIX_PATH}:/home/rstole01/Documents/CSE-596/msu_ws/install/waypoint_writer:/home/rstole01/Documents/CSE-596/msu_ws/install/waypoint_follow:/home/rstole01/Documents/CSE-596/msu_ws/install/wall_follower_pid:/home/rstole01/Documents/CSE-596/msu_ws/install/qlearn:/home/rstole01/Documents/CSE-596/msu_ws/install/py_pubsub:/home/rstole01/Documents/CSE-596/msu_ws/install/plexer360:/home/rstole01/Documents/CSE-596/msu_ws/install/painter:/home/rstole01/Documents/CSE-596/msu_ws/install/f1tenth_gym_ros:/opt/ros/humble /usr/bin/cmake --install /home/rstole01/Documents/CSE-596/msu_ws/build/qlearn_interfaces
[8.767s] -- Install configuration: ""
[8.768s] -- Up-to-date: /home/rstole01/Documents/CSE-596/msu_ws/install/qlearn_interfaces/share/ament_index/resource_index/rosidl_interfaces/qlearn_interfaces
[8.769s] -- Up-to-date: /home/rstole01/Documents/CSE-596/msu_ws/install/qlearn_interfaces/include/qlearn_interfaces/qlearn_interfaces
[8.769s] -- Up-to-date: /home/rstole01/Documents/CSE-596/msu_ws/install/qlearn_interfaces/include/qlearn_interfaces/qlearn_interfaces/srv
[8.769s] -- Up-to-date: /home/rstole01/Documents/CSE-596/msu_ws/install/qlearn_interfaces/include/qlearn_interfaces/qlearn_interfaces/srv/save_q_table.h
[8.770s] -- Up-to-date: /home/rstole01/Documents/CSE-596/msu_ws/install/qlearn_interfaces/include/qlearn_interfaces/qlearn_interfaces/srv/set_int.h
[8.770s] -- Up-to-date: /home/rstole01/Documents/CSE-596/msu_ws/install/qlearn_interfaces/include/qlearn_interfaces/qlearn_interfaces/srv/set_float.h
[8.771s] -- Up-to-date: /home/rstole01/Documents/CSE-596/msu_ws/install/qlearn_interfaces/include/qlearn_interfaces/qlearn_interfaces/srv/detail
[8.771s] -- Up-to-date: /home/rstole01/Documents/CSE-596/msu_ws/install/qlearn_interfaces/include/qlearn_interfaces/qlearn_interfaces/srv/detail/load_q_table__functions.h
[8.772s] -- Up-to-date: /home/rstole01/Documents/CSE-596/msu_ws/install/qlearn_interfaces/include/qlearn_interfaces/qlearn_interfaces/srv/detail/load_q_table__functions.c
[8.772s] -- Up-to-date: /home/rstole01/Documents/CSE-596/msu_ws/install/qlearn_interfaces/include/qlearn_interfaces/qlearn_interfaces/srv/detail/set_int__functions.c
[8.773s] -- Up-to-date: /home/rstole01/Documents/CSE-596/msu_ws/install/qlearn_interfaces/include/qlearn_interfaces/qlearn_interfaces/srv/detail/set_float__functions.h
[8.773s] -- Up-to-date: /home/rstole01/Documents/CSE-596/msu_ws/install/qlearn_interfaces/include/qlearn_interfaces/qlearn_interfaces/srv/detail/save_q_table__functions.h
[8.774s] -- Up-to-date: /home/rstole01/Documents/CSE-596/msu_ws/install/qlearn_interfaces/include/qlearn_interfaces/qlearn_interfaces/srv/detail/set_int__type_support.h
[8.774s] -- Up-to-date: /home/rstole01/Documents/CSE-596/msu_ws/install/qlearn_interfaces/include/qlearn_interfaces/qlearn_interfaces/srv/detail/save_q_table__type_support.h
[8.775s] -- Up-to-date: /home/rstole01/Documents/CSE-596/msu_ws/install/qlearn_interfaces/include/qlearn_interfaces/qlearn_interfaces/srv/detail/set_int__functions.h
[8.776s] -- Up-to-date: /home/rstole01/Documents/CSE-596/msu_ws/install/qlearn_interfaces/include/qlearn_interfaces/qlearn_interfaces/srv/detail/load_q_table__struct.h
[8.776s] -- Up-to-date: /home/rstole01/Documents/CSE-596/msu_ws/install/qlearn_interfaces/include/qlearn_interfaces/qlearn_interfaces/srv/detail/save_q_table__functions.c
[8.777s] -- Up-to-date: /home/rstole01/Documents/CSE-596/msu_ws/install/qlearn_interfaces/include/qlearn_interfaces/qlearn_interfaces/srv/detail/save_q_table__struct.h
[8.777s] -- Up-to-date: /home/rstole01/Documents/CSE-596/msu_ws/install/qlearn_interfaces/include/qlearn_interfaces/qlearn_interfaces/srv/detail/set_int__struct.h
[8.778s] -- Up-to-date: /home/rstole01/Documents/CSE-596/msu_ws/install/qlearn_interfaces/include/qlearn_interfaces/qlearn_interfaces/srv/detail/set_float__type_support.h
[8.779s] -- Up-to-date: /home/rstole01/Documents/CSE-596/msu_ws/install/qlearn_interfaces/include/qlearn_interfaces/qlearn_interfaces/srv/detail/set_float__struct.h
[8.779s] -- Up-to-date: /home/rstole01/Documents/CSE-596/msu_ws/install/qlearn_interfaces/include/qlearn_interfaces/qlearn_interfaces/srv/detail/load_q_table__type_support.h
[8.780s] -- Up-to-date: /home/rstole01/Documents/CSE-596/msu_ws/install/qlearn_interfaces/include/qlearn_interfaces/qlearn_interfaces/srv/detail/set_float__functions.c
[8.781s] -- Up-to-date: /home/rstole01/Documents/CSE-596/msu_ws/install/qlearn_interfaces/include/qlearn_interfaces/qlearn_interfaces/srv/load_q_table.h
[8.783s] -- Up-to-date: /home/rstole01/Documents/CSE-596/msu_ws/install/qlearn_interfaces/include/qlearn_interfaces/qlearn_interfaces/msg
[8.785s] -- Up-to-date: /home/rstole01/Documents/CSE-596/msu_ws/install/qlearn_interfaces/include/qlearn_interfaces/qlearn_interfaces/msg/float_stamped.h
[8.786s] -- Up-to-date: /home/rstole01/Documents/CSE-596/msu_ws/install/qlearn_interfaces/include/qlearn_interfaces/qlearn_interfaces/msg/rosidl_generator_c__visibility_control.h
[8.786s] -- Up-to-date: /home/rstole01/Documents/CSE-596/msu_ws/install/qlearn_interfaces/include/qlearn_interfaces/qlearn_interfaces/msg/int_stamped.h
[8.787s] -- Up-to-date: /home/rstole01/Documents/CSE-596/msu_ws/install/qlearn_interfaces/include/qlearn_interfaces/qlearn_interfaces/msg/detail
[8.787s] -- Up-to-date: /home/rstole01/Documents/CSE-596/msu_ws/install/qlearn_interfaces/include/qlearn_interfaces/qlearn_interfaces/msg/detail/int_stamped__type_support.h
[8.788s] -- Up-to-date: /home/rstole01/Documents/CSE-596/msu_ws/install/qlearn_interfaces/include/qlearn_interfaces/qlearn_interfaces/msg/detail/int_stamped__struct.h
[8.788s] -- Up-to-date: /home/rstole01/Documents/CSE-596/msu_ws/install/qlearn_interfaces/include/qlearn_interfaces/qlearn_interfaces/msg/detail/float_stamped__functions.h
[8.789s] -- Up-to-date: /home/rstole01/Documents/CSE-596/msu_ws/install/qlearn_interfaces/include/qlearn_interfaces/qlearn_interfaces/msg/detail/int_stamped__functions.c
[8.789s] -- Up-to-date: /home/rstole01/Documents/CSE-596/msu_ws/install/qlearn_interfaces/include/qlearn_interfaces/qlearn_interfaces/msg/detail/int_stamped__functions.h
[8.790s] -- Up-to-date: /home/rstole01/Documents/CSE-596/msu_ws/install/qlearn_interfaces/include/qlearn_interfaces/qlearn_interfaces/msg/detail/float_stamped__struct.h
[8.791s] -- Up-to-date: /home/rstole01/Documents/CSE-596/msu_ws/install/qlearn_interfaces/include/qlearn_interfaces/qlearn_interfaces/msg/detail/float_stamped__functions.c
[8.791s] -- Up-to-date: /home/rstole01/Documents/CSE-596/msu_ws/install/qlearn_interfaces/include/qlearn_interfaces/qlearn_interfaces/msg/detail/float_stamped__type_support.h
[8.792s] -- Up-to-date: /home/rstole01/Documents/CSE-596/msu_ws/install/qlearn_interfaces/share/qlearn_interfaces/environment/library_path.sh
[8.792s] -- Up-to-date: /home/rstole01/Documents/CSE-596/msu_ws/install/qlearn_interfaces/share/qlearn_interfaces/environment/library_path.dsv
[8.792s] -- Up-to-date: /home/rstole01/Documents/CSE-596/msu_ws/install/qlearn_interfaces/lib/libqlearn_interfaces__rosidl_generator_c.so
[8.793s] -- Up-to-date: /home/rstole01/Documents/CSE-596/msu_ws/install/qlearn_interfaces/include/qlearn_interfaces/qlearn_interfaces
[8.793s] -- Up-to-date: /home/rstole01/Documents/CSE-596/msu_ws/install/qlearn_interfaces/include/qlearn_interfaces/qlearn_interfaces/srv
[8.794s] -- Up-to-date: /home/rstole01/Documents/CSE-596/msu_ws/install/qlearn_interfaces/include/qlearn_interfaces/qlearn_interfaces/srv/detail
[8.794s] -- Up-to-date: /home/rstole01/Documents/CSE-596/msu_ws/install/qlearn_interfaces/include/qlearn_interfaces/qlearn_interfaces/srv/detail/load_q_table__rosidl_typesupport_fastrtps_c.h
[8.795s] -- Up-to-date: /home/rstole01/Documents/CSE-596/msu_ws/install/qlearn_interfaces/include/qlearn_interfaces/qlearn_interfaces/srv/detail/save_q_table__rosidl_typesupport_fastrtps_c.h
[8.795s] -- Up-to-date: /home/rstole01/Documents/CSE-596/msu_ws/install/qlearn_interfaces/include/qlearn_interfaces/qlearn_interfaces/srv/detail/set_float__rosidl_typesupport_fastrtps_c.h
[8.795s] -- Up-to-date: /home/rstole01/Documents/CSE-596/msu_ws/install/qlearn_interfaces/include/qlearn_interfaces/qlearn_interfaces/srv/detail/set_int__rosidl_typesupport_fastrtps_c.h
[8.796s] -- Up-to-date: /home/rstole01/Documents/CSE-596/msu_ws/install/qlearn_interfaces/include/qlearn_interfaces/qlearn_interfaces/msg
[8.796s] -- Up-to-date: /home/rstole01/Documents/CSE-596/msu_ws/install/qlearn_interfaces/include/qlearn_interfaces/qlearn_interfaces/msg/rosidl_typesupport_fastrtps_c__visibility_control.h
[8.796s] -- Up-to-date: /home/rstole01/Documents/CSE-596/msu_ws/install/qlearn_interfaces/include/qlearn_interfaces/qlearn_interfaces/msg/detail
[8.797s] -- Up-to-date: /home/rstole01/Documents/CSE-596/msu_ws/install/qlearn_interfaces/include/qlearn_interfaces/qlearn_interfaces/msg/detail/int_stamped__rosidl_typesupport_fastrtps_c.h
[8.797s] -- Up-to-date: /home/rstole01/Documents/CSE-596/msu_ws/install/qlearn_interfaces/include/qlearn_interfaces/qlearn_interfaces/msg/detail/float_stamped__rosidl_typesupport_fastrtps_c.h
[8.801s] -- Up-to-date: /home/rstole01/Documents/CSE-596/msu_ws/install/qlearn_interfaces/lib/libqlearn_interfaces__rosidl_typesupport_fastrtps_c.so
[8.803s] -- Up-to-date: /home/rstole01/Documents/CSE-596/msu_ws/install/qlearn_interfaces/include/qlearn_interfaces/qlearn_interfaces
[8.804s] -- Up-to-date: /home/rstole01/Documents/CSE-596/msu_ws/install/qlearn_interfaces/include/qlearn_interfaces/qlearn_interfaces/srv
[8.805s] -- Up-to-date: /home/rstole01/Documents/CSE-596/msu_ws/install/qlearn_interfaces/include/qlearn_interfaces/qlearn_interfaces/srv/load_q_table.hpp
[8.805s] -- Up-to-date: /home/rstole01/Documents/CSE-596/msu_ws/install/qlearn_interfaces/include/qlearn_interfaces/qlearn_interfaces/srv/set_float.hpp
[8.806s] -- Up-to-date: /home/rstole01/Documents/CSE-596/msu_ws/install/qlearn_interfaces/include/qlearn_interfaces/qlearn_interfaces/srv/detail
[8.807s] -- Up-to-date: /home/rstole01/Documents/CSE-596/msu_ws/install/qlearn_interfaces/include/qlearn_interfaces/qlearn_interfaces/srv/detail/load_q_table__builder.hpp
[8.807s] -- Up-to-date: /home/rstole01/Documents/CSE-596/msu_ws/install/qlearn_interfaces/include/qlearn_interfaces/qlearn_interfaces/srv/detail/set_float__traits.hpp
[8.807s] -- Up-to-date: /home/rstole01/Documents/CSE-596/msu_ws/install/qlearn_interfaces/include/qlearn_interfaces/qlearn_interfaces/srv/detail/set_int__traits.hpp
[8.808s] -- Up-to-date: /home/rstole01/Documents/CSE-596/msu_ws/install/qlearn_interfaces/include/qlearn_interfaces/qlearn_interfaces/srv/detail/set_float__struct.hpp
[8.809s] -- Up-to-date: /home/rstole01/Documents/CSE-596/msu_ws/install/qlearn_interfaces/include/qlearn_interfaces/qlearn_interfaces/srv/detail/set_int__struct.hpp
[8.809s] -- Up-to-date: /home/rstole01/Documents/CSE-596/msu_ws/install/qlearn_interfaces/include/qlearn_interfaces/qlearn_interfaces/srv/detail/set_int__builder.hpp
[8.810s] -- Up-to-date: /home/rstole01/Documents/CSE-596/msu_ws/install/qlearn_interfaces/include/qlearn_interfaces/qlearn_interfaces/srv/detail/save_q_table__traits.hpp
[8.811s] -- Up-to-date: /home/rstole01/Documents/CSE-596/msu_ws/install/qlearn_interfaces/include/qlearn_interfaces/qlearn_interfaces/srv/detail/set_float__builder.hpp
[8.811s] -- Up-to-date: /home/rstole01/Documents/CSE-596/msu_ws/install/qlearn_interfaces/include/qlearn_interfaces/qlearn_interfaces/srv/detail/save_q_table__builder.hpp
[8.812s] -- Up-to-date: /home/rstole01/Documents/CSE-596/msu_ws/install/qlearn_interfaces/include/qlearn_interfaces/qlearn_interfaces/srv/detail/save_q_table__struct.hpp
[8.813s] -- Up-to-date: /home/rstole01/Documents/CSE-596/msu_ws/install/qlearn_interfaces/include/qlearn_interfaces/qlearn_interfaces/srv/detail/load_q_table__traits.hpp
[8.814s] -- Up-to-date: /home/rstole01/Documents/CSE-596/msu_ws/install/qlearn_interfaces/include/qlearn_interfaces/qlearn_interfaces/srv/detail/load_q_table__struct.hpp
[8.814s] -- Up-to-date: /home/rstole01/Documents/CSE-596/msu_ws/install/qlearn_interfaces/include/qlearn_interfaces/qlearn_interfaces/srv/save_q_table.hpp
[8.815s] -- Up-to-date: /home/rstole01/Documents/CSE-596/msu_ws/install/qlearn_interfaces/include/qlearn_interfaces/qlearn_interfaces/srv/set_int.hpp
[8.816s] -- Up-to-date: /home/rstole01/Documents/CSE-596/msu_ws/install/qlearn_interfaces/include/qlearn_interfaces/qlearn_interfaces/msg
[8.817s] -- Up-to-date: /home/rstole01/Documents/CSE-596/msu_ws/install/qlearn_interfaces/include/qlearn_interfaces/qlearn_interfaces/msg/int_stamped.hpp
[8.818s] -- Up-to-date: /home/rstole01/Documents/CSE-596/msu_ws/install/qlearn_interfaces/include/qlearn_interfaces/qlearn_interfaces/msg/detail
[8.819s] -- Up-to-date: /home/rstole01/Documents/CSE-596/msu_ws/install/qlearn_interfaces/include/qlearn_interfaces/qlearn_interfaces/msg/detail/int_stamped__struct.hpp
[8.819s] -- Up-to-date: /home/rstole01/Documents/CSE-596/msu_ws/install/qlearn_interfaces/include/qlearn_interfaces/qlearn_interfaces/msg/detail/int_stamped__traits.hpp
[8.820s] -- Up-to-date: /home/rstole01/Documents/CSE-596/msu_ws/install/qlearn_interfaces/include/qlearn_interfaces/qlearn_interfaces/msg/detail/float_stamped__builder.hpp
[8.820s] -- Up-to-date: /home/rstole01/Documents/CSE-596/msu_ws/install/qlearn_interfaces/include/qlearn_interfaces/qlearn_interfaces/msg/detail/int_stamped__builder.hpp
[8.821s] -- Up-to-date: /home/rstole01/Documents/CSE-596/msu_ws/install/qlearn_interfaces/include/qlearn_interfaces/qlearn_interfaces/msg/detail/float_stamped__traits.hpp
[8.821s] -- Up-to-date: /home/rstole01/Documents/CSE-596/msu_ws/install/qlearn_interfaces/include/qlearn_interfaces/qlearn_interfaces/msg/detail/float_stamped__struct.hpp
[8.822s] -- Up-to-date: /home/rstole01/Documents/CSE-596/msu_ws/install/qlearn_interfaces/include/qlearn_interfaces/qlearn_interfaces/msg/float_stamped.hpp
[8.822s] -- Up-to-date: /home/rstole01/Documents/CSE-596/msu_ws/install/qlearn_interfaces/include/qlearn_interfaces/qlearn_interfaces
[8.823s] -- Up-to-date: /home/rstole01/Documents/CSE-596/msu_ws/install/qlearn_interfaces/include/qlearn_interfaces/qlearn_interfaces/srv
[8.824s] -- Up-to-date: /home/rstole01/Documents/CSE-596/msu_ws/install/qlearn_interfaces/include/qlearn_interfaces/qlearn_interfaces/srv/detail
[8.824s] -- Up-to-date: /home/rstole01/Documents/CSE-596/msu_ws/install/qlearn_interfaces/include/qlearn_interfaces/qlearn_interfaces/srv/detail/save_q_table__rosidl_typesupport_fastrtps_cpp.hpp
[8.825s] -- Up-to-date: /home/rstole01/Documents/CSE-596/msu_ws/install/qlearn_interfaces/include/qlearn_interfaces/qlearn_interfaces/srv/detail/set_int__rosidl_typesupport_fastrtps_cpp.hpp
[8.826s] -- Up-to-date: /home/rstole01/Documents/CSE-596/msu_ws/install/qlearn_interfaces/include/qlearn_interfaces/qlearn_interfaces/srv/detail/set_float__rosidl_typesupport_fastrtps_cpp.hpp
[8.826s] -- Up-to-date: /home/rstole01/Documents/CSE-596/msu_ws/install/qlearn_interfaces/include/qlearn_interfaces/qlearn_interfaces/srv/detail/load_q_table__rosidl_typesupport_fastrtps_cpp.hpp
[8.827s] -- Up-to-date: /home/rstole01/Documents/CSE-596/msu_ws/install/qlearn_interfaces/include/qlearn_interfaces/qlearn_interfaces/srv/detail/dds_fastrtps
[8.827s] -- Up-to-date: /home/rstole01/Documents/CSE-596/msu_ws/install/qlearn_interfaces/include/qlearn_interfaces/qlearn_interfaces/msg
[8.828s] -- Up-to-date: /home/rstole01/Documents/CSE-596/msu_ws/install/qlearn_interfaces/include/qlearn_interfaces/qlearn_interfaces/msg/detail
[8.828s] -- Up-to-date: /home/rstole01/Documents/CSE-596/msu_ws/install/qlearn_interfaces/include/qlearn_interfaces/qlearn_interfaces/msg/detail/int_stamped__rosidl_typesupport_fastrtps_cpp.hpp
[8.829s] -- Up-to-date: /home/rstole01/Documents/CSE-596/msu_ws/install/qlearn_interfaces/include/qlearn_interfaces/qlearn_interfaces/msg/detail/dds_fastrtps
[8.830s] -- Up-to-date: /home/rstole01/Documents/CSE-596/msu_ws/install/qlearn_interfaces/include/qlearn_interfaces/qlearn_interfaces/msg/detail/float_stamped__rosidl_typesupport_fastrtps_cpp.hpp
[8.830s] -- Up-to-date: /home/rstole01/Documents/CSE-596/msu_ws/install/qlearn_interfaces/include/qlearn_interfaces/qlearn_interfaces/msg/rosidl_typesupport_fastrtps_cpp__visibility_control.h
[8.831s] -- Up-to-date: /home/rstole01/Documents/CSE-596/msu_ws/install/qlearn_interfaces/lib/libqlearn_interfaces__rosidl_typesupport_fastrtps_cpp.so
[8.832s] -- Up-to-date: /home/rstole01/Documents/CSE-596/msu_ws/install/qlearn_interfaces/include/qlearn_interfaces/qlearn_interfaces
[8.834s] -- Up-to-date: /home/rstole01/Documents/CSE-596/msu_ws/install/qlearn_interfaces/include/qlearn_interfaces/qlearn_interfaces/srv
[8.835s] -- Up-to-date: /home/rstole01/Documents/CSE-596/msu_ws/install/qlearn_interfaces/include/qlearn_interfaces/qlearn_interfaces/srv/detail
[8.835s] -- Up-to-date: /home/rstole01/Documents/CSE-596/msu_ws/install/qlearn_interfaces/include/qlearn_interfaces/qlearn_interfaces/srv/detail/load_q_table__rosidl_typesupport_introspection_c.h
[8.836s] -- Up-to-date: /home/rstole01/Documents/CSE-596/msu_ws/install/qlearn_interfaces/include/qlearn_interfaces/qlearn_interfaces/srv/detail/set_int__rosidl_typesupport_introspection_c.h
[8.836s] -- Up-to-date: /home/rstole01/Documents/CSE-596/msu_ws/install/qlearn_interfaces/include/qlearn_interfaces/qlearn_interfaces/srv/detail/set_int__type_support.c
[8.837s] -- Up-to-date: /home/rstole01/Documents/CSE-596/msu_ws/install/qlearn_interfaces/include/qlearn_interfaces/qlearn_interfaces/srv/detail/save_q_table__rosidl_typesupport_introspection_c.h
[8.838s] -- Up-to-date: /home/rstole01/Documents/CSE-596/msu_ws/install/qlearn_interfaces/include/qlearn_interfaces/qlearn_interfaces/srv/detail/set_float__type_support.c
[8.839s] -- Up-to-date: /home/rstole01/Documents/CSE-596/msu_ws/install/qlearn_interfaces/include/qlearn_interfaces/qlearn_interfaces/srv/detail/save_q_table__type_support.c
[8.839s] -- Up-to-date: /home/rstole01/Documents/CSE-596/msu_ws/install/qlearn_interfaces/include/qlearn_interfaces/qlearn_interfaces/srv/detail/load_q_table__type_support.c
[8.840s] -- Up-to-date: /home/rstole01/Documents/CSE-596/msu_ws/install/qlearn_interfaces/include/qlearn_interfaces/qlearn_interfaces/srv/detail/set_float__rosidl_typesupport_introspection_c.h
[8.840s] -- Up-to-date: /home/rstole01/Documents/CSE-596/msu_ws/install/qlearn_interfaces/include/qlearn_interfaces/qlearn_interfaces/msg
[8.841s] -- Up-to-date: /home/rstole01/Documents/CSE-596/msu_ws/install/qlearn_interfaces/include/qlearn_interfaces/qlearn_interfaces/msg/rosidl_typesupport_introspection_c__visibility_control.h
[8.841s] -- Up-to-date: /home/rstole01/Documents/CSE-596/msu_ws/install/qlearn_interfaces/include/qlearn_interfaces/qlearn_interfaces/msg/detail
[8.842s] -- Up-to-date: /home/rstole01/Documents/CSE-596/msu_ws/install/qlearn_interfaces/include/qlearn_interfaces/qlearn_interfaces/msg/detail/float_stamped__type_support.c
[8.842s] -- Up-to-date: /home/rstole01/Documents/CSE-596/msu_ws/install/qlearn_interfaces/include/qlearn_interfaces/qlearn_interfaces/msg/detail/float_stamped__rosidl_typesupport_introspection_c.h
[8.843s] -- Up-to-date: /home/rstole01/Documents/CSE-596/msu_ws/install/qlearn_interfaces/include/qlearn_interfaces/qlearn_interfaces/msg/detail/int_stamped__rosidl_typesupport_introspection_c.h
[8.844s] -- Up-to-date: /home/rstole01/Documents/CSE-596/msu_ws/install/qlearn_interfaces/include/qlearn_interfaces/qlearn_interfaces/msg/detail/int_stamped__type_support.c
[8.844s] -- Up-to-date: /home/rstole01/Documents/CSE-596/msu_ws/install/qlearn_interfaces/lib/libqlearn_interfaces__rosidl_typesupport_introspection_c.so
[8.845s] -- Up-to-date: /home/rstole01/Documents/CSE-596/msu_ws/install/qlearn_interfaces/lib/libqlearn_interfaces__rosidl_typesupport_c.so
[8.845s] -- Up-to-date: /home/rstole01/Documents/CSE-596/msu_ws/install/qlearn_interfaces/include/qlearn_interfaces/qlearn_interfaces
[8.846s] -- Up-to-date: /home/rstole01/Documents/CSE-596/msu_ws/install/qlearn_interfaces/include/qlearn_interfaces/qlearn_interfaces/srv
[8.848s] -- Up-to-date: /home/rstole01/Documents/CSE-596/msu_ws/install/qlearn_interfaces/include/qlearn_interfaces/qlearn_interfaces/srv/detail
[8.849s] -- Up-to-date: /home/rstole01/Documents/CSE-596/msu_ws/install/qlearn_interfaces/include/qlearn_interfaces/qlearn_interfaces/srv/detail/set_float__rosidl_typesupport_introspection_cpp.hpp
[8.849s] -- Up-to-date: /home/rstole01/Documents/CSE-596/msu_ws/install/qlearn_interfaces/include/qlearn_interfaces/qlearn_interfaces/srv/detail/load_q_table__rosidl_typesupport_introspection_cpp.hpp
[8.851s] -- Up-to-date: /home/rstole01/Documents/CSE-596/msu_ws/install/qlearn_interfaces/include/qlearn_interfaces/qlearn_interfaces/srv/detail/set_int__type_support.cpp
[8.852s] -- Up-to-date: /home/rstole01/Documents/CSE-596/msu_ws/install/qlearn_interfaces/include/qlearn_interfaces/qlearn_interfaces/srv/detail/load_q_table__type_support.cpp
[8.852s] -- Up-to-date: /home/rstole01/Documents/CSE-596/msu_ws/install/qlearn_interfaces/include/qlearn_interfaces/qlearn_interfaces/srv/detail/set_int__rosidl_typesupport_introspection_cpp.hpp
[8.853s] -- Up-to-date: /home/rstole01/Documents/CSE-596/msu_ws/install/qlearn_interfaces/include/qlearn_interfaces/qlearn_interfaces/srv/detail/save_q_table__rosidl_typesupport_introspection_cpp.hpp
[8.853s] -- Up-to-date: /home/rstole01/Documents/CSE-596/msu_ws/install/qlearn_interfaces/include/qlearn_interfaces/qlearn_interfaces/srv/detail/save_q_table__type_support.cpp
[8.854s] -- Up-to-date: /home/rstole01/Documents/CSE-596/msu_ws/install/qlearn_interfaces/include/qlearn_interfaces/qlearn_interfaces/srv/detail/set_float__type_support.cpp
[8.854s] -- Up-to-date: /home/rstole01/Documents/CSE-596/msu_ws/install/qlearn_interfaces/include/qlearn_interfaces/qlearn_interfaces/msg
[8.855s] -- Up-to-date: /home/rstole01/Documents/CSE-596/msu_ws/install/qlearn_interfaces/include/qlearn_interfaces/qlearn_interfaces/msg/detail
[8.855s] -- Up-to-date: /home/rstole01/Documents/CSE-596/msu_ws/install/qlearn_interfaces/include/qlearn_interfaces/qlearn_interfaces/msg/detail/float_stamped__rosidl_typesupport_introspection_cpp.hpp
[8.856s] -- Up-to-date: /home/rstole01/Documents/CSE-596/msu_ws/install/qlearn_interfaces/include/qlearn_interfaces/qlearn_interfaces/msg/detail/int_stamped__rosidl_typesupport_introspection_cpp.hpp
[8.857s] -- Up-to-date: /home/rstole01/Documents/CSE-596/msu_ws/install/qlearn_interfaces/include/qlearn_interfaces/qlearn_interfaces/msg/detail/int_stamped__type_support.cpp
[8.858s] -- Up-to-date: /home/rstole01/Documents/CSE-596/msu_ws/install/qlearn_interfaces/include/qlearn_interfaces/qlearn_interfaces/msg/detail/float_stamped__type_support.cpp
[8.858s] -- Up-to-date: /home/rstole01/Documents/CSE-596/msu_ws/install/qlearn_interfaces/lib/libqlearn_interfaces__rosidl_typesupport_introspection_cpp.so
[8.860s] -- Up-to-date: /home/rstole01/Documents/CSE-596/msu_ws/install/qlearn_interfaces/lib/libqlearn_interfaces__rosidl_typesupport_cpp.so
[8.860s] -- Up-to-date: /home/rstole01/Documents/CSE-596/msu_ws/install/qlearn_interfaces/share/qlearn_interfaces/environment/pythonpath.sh
[8.861s] -- Up-to-date: /home/rstole01/Documents/CSE-596/msu_ws/install/qlearn_interfaces/share/qlearn_interfaces/environment/pythonpath.dsv
[8.862s] -- Up-to-date: /home/rstole01/Documents/CSE-596/msu_ws/install/qlearn_interfaces/local/lib/python3.10/dist-packages/qlearn_interfaces-0.0.0-py3.10.egg-info
[8.862s] -- Installing: /home/rstole01/Documents/CSE-596/msu_ws/install/qlearn_interfaces/local/lib/python3.10/dist-packages/qlearn_interfaces-0.0.0-py3.10.egg-info/top_level.txt
[8.863s] -- Installing: /home/rstole01/Documents/CSE-596/msu_ws/install/qlearn_interfaces/local/lib/python3.10/dist-packages/qlearn_interfaces-0.0.0-py3.10.egg-info/SOURCES.txt
[8.864s] -- Installing: /home/rstole01/Documents/CSE-596/msu_ws/install/qlearn_interfaces/local/lib/python3.10/dist-packages/qlearn_interfaces-0.0.0-py3.10.egg-info/PKG-INFO
[8.866s] -- Installing: /home/rstole01/Documents/CSE-596/msu_ws/install/qlearn_interfaces/local/lib/python3.10/dist-packages/qlearn_interfaces-0.0.0-py3.10.egg-info/dependency_links.txt
[8.866s] -- Up-to-date: /home/rstole01/Documents/CSE-596/msu_ws/install/qlearn_interfaces/local/lib/python3.10/dist-packages/qlearn_interfaces
[8.867s] -- Up-to-date: /home/rstole01/Documents/CSE-596/msu_ws/install/qlearn_interfaces/local/lib/python3.10/dist-packages/qlearn_interfaces/qlearn_interfaces_s__rosidl_typesupport_introspection_c.cpython-310-x86_64-linux-gnu.so
[8.868s] -- Up-to-date: /home/rstole01/Documents/CSE-596/msu_ws/install/qlearn_interfaces/local/lib/python3.10/dist-packages/qlearn_interfaces/_qlearn_interfaces_s.ep.rosidl_typesupport_fastrtps_c.c
[8.868s] -- Up-to-date: /home/rstole01/Documents/CSE-596/msu_ws/install/qlearn_interfaces/local/lib/python3.10/dist-packages/qlearn_interfaces/_qlearn_interfaces_s.ep.rosidl_typesupport_c.c
[8.869s] -- Up-to-date: /home/rstole01/Documents/CSE-596/msu_ws/install/qlearn_interfaces/local/lib/python3.10/dist-packages/qlearn_interfaces/srv
[8.870s] -- Up-to-date: /home/rstole01/Documents/CSE-596/msu_ws/install/qlearn_interfaces/local/lib/python3.10/dist-packages/qlearn_interfaces/srv/_load_q_table.py
[8.871s] -- Up-to-date: /home/rstole01/Documents/CSE-596/msu_ws/install/qlearn_interfaces/local/lib/python3.10/dist-packages/qlearn_interfaces/srv/_load_q_table_s.c
[8.871s] -- Up-to-date: /home/rstole01/Documents/CSE-596/msu_ws/install/qlearn_interfaces/local/lib/python3.10/dist-packages/qlearn_interfaces/srv/_set_int_s.c
[8.872s] -- Up-to-date: /home/rstole01/Documents/CSE-596/msu_ws/install/qlearn_interfaces/local/lib/python3.10/dist-packages/qlearn_interfaces/srv/_save_q_table.py
[8.872s] -- Up-to-date: /home/rstole01/Documents/CSE-596/msu_ws/install/qlearn_interfaces/local/lib/python3.10/dist-packages/qlearn_interfaces/srv/_set_float.py
[8.873s] -- Up-to-date: /home/rstole01/Documents/CSE-596/msu_ws/install/qlearn_interfaces/local/lib/python3.10/dist-packages/qlearn_interfaces/srv/__init__.py
[8.873s] -- Up-to-date: /home/rstole01/Documents/CSE-596/msu_ws/install/qlearn_interfaces/local/lib/python3.10/dist-packages/qlearn_interfaces/srv/_set_float_s.c
[8.874s] -- Up-to-date: /home/rstole01/Documents/CSE-596/msu_ws/install/qlearn_interfaces/local/lib/python3.10/dist-packages/qlearn_interfaces/srv/_set_int.py
[8.874s] -- Up-to-date: /home/rstole01/Documents/CSE-596/msu_ws/install/qlearn_interfaces/local/lib/python3.10/dist-packages/qlearn_interfaces/srv/_save_q_table_s.c
[8.876s] -- Up-to-date: /home/rstole01/Documents/CSE-596/msu_ws/install/qlearn_interfaces/local/lib/python3.10/dist-packages/qlearn_interfaces/qlearn_interfaces_s__rosidl_typesupport_c.cpython-310-x86_64-linux-gnu.so
[8.877s] -- Up-to-date: /home/rstole01/Documents/CSE-596/msu_ws/install/qlearn_interfaces/local/lib/python3.10/dist-packages/qlearn_interfaces/__init__.py
[8.877s] -- Up-to-date: /home/rstole01/Documents/CSE-596/msu_ws/install/qlearn_interfaces/local/lib/python3.10/dist-packages/qlearn_interfaces/msg
[8.878s] -- Up-to-date: /home/rstole01/Documents/CSE-596/msu_ws/install/qlearn_interfaces/local/lib/python3.10/dist-packages/qlearn_interfaces/msg/_float_stamped_s.c
[8.879s] -- Up-to-date: /home/rstole01/Documents/CSE-596/msu_ws/install/qlearn_interfaces/local/lib/python3.10/dist-packages/qlearn_interfaces/msg/_int_stamped.py
[8.880s] -- Up-to-date: /home/rstole01/Documents/CSE-596/msu_ws/install/qlearn_interfaces/local/lib/python3.10/dist-packages/qlearn_interfaces/msg/__init__.py
[8.880s] -- Up-to-date: /home/rstole01/Documents/CSE-596/msu_ws/install/qlearn_interfaces/local/lib/python3.10/dist-packages/qlearn_interfaces/msg/_float_stamped.py
[8.881s] -- Up-to-date: /home/rstole01/Documents/CSE-596/msu_ws/install/qlearn_interfaces/local/lib/python3.10/dist-packages/qlearn_interfaces/msg/_int_stamped_s.c
[8.882s] -- Up-to-date: /home/rstole01/Documents/CSE-596/msu_ws/install/qlearn_interfaces/local/lib/python3.10/dist-packages/qlearn_interfaces/qlearn_interfaces_s__rosidl_typesupport_fastrtps_c.cpython-310-x86_64-linux-gnu.so
[8.883s] -- Up-to-date: /home/rstole01/Documents/CSE-596/msu_ws/install/qlearn_interfaces/local/lib/python3.10/dist-packages/qlearn_interfaces/libqlearn_interfaces__rosidl_generator_py.so
[8.885s] -- Up-to-date: /home/rstole01/Documents/CSE-596/msu_ws/install/qlearn_interfaces/local/lib/python3.10/dist-packages/qlearn_interfaces/_qlearn_interfaces_s.ep.rosidl_typesupport_introspection_c.c
[8.894s] Listing '/home/rstole01/Documents/CSE-596/msu_ws/install/qlearn_interfaces/local/lib/python3.10/dist-packages/qlearn_interfaces'...
[8.895s] Listing '/home/rstole01/Documents/CSE-596/msu_ws/install/qlearn_interfaces/local/lib/python3.10/dist-packages/qlearn_interfaces/msg'...
[8.896s] Listing '/home/rstole01/Documents/CSE-596/msu_ws/install/qlearn_interfaces/local/lib/python3.10/dist-packages/qlearn_interfaces/srv'...
[8.910s] -- Up-to-date: /home/rstole01/Documents/CSE-596/msu_ws/install/qlearn_interfaces/local/lib/python3.10/dist-packages/qlearn_interfaces/qlearn_interfaces_s__rosidl_typesupport_fastrtps_c.cpython-310-x86_64-linux-gnu.so
[8.911s] -- Up-to-date: /home/rstole01/Documents/CSE-596/msu_ws/install/qlearn_interfaces/local/lib/python3.10/dist-packages/qlearn_interfaces/qlearn_interfaces_s__rosidl_typesupport_introspection_c.cpython-310-x86_64-linux-gnu.so
[8.912s] -- Up-to-date: /home/rstole01/Documents/CSE-596/msu_ws/install/qlearn_interfaces/local/lib/python3.10/dist-packages/qlearn_interfaces/qlearn_interfaces_s__rosidl_typesupport_c.cpython-310-x86_64-linux-gnu.so
[8.913s] -- Up-to-date: /home/rstole01/Documents/CSE-596/msu_ws/install/qlearn_interfaces/lib/libqlearn_interfaces__rosidl_generator_py.so
[8.915s] -- Up-to-date: /home/rstole01/Documents/CSE-596/msu_ws/install/qlearn_interfaces/share/qlearn_interfaces/srv/SaveQTable.idl
[8.916s] -- Up-to-date: /home/rstole01/Documents/CSE-596/msu_ws/install/qlearn_interfaces/share/qlearn_interfaces/srv/LoadQTable.idl
[8.917s] -- Up-to-date: /home/rstole01/Documents/CSE-596/msu_ws/install/qlearn_interfaces/share/qlearn_interfaces/srv/SetFloat.idl
[8.918s] -- Up-to-date: /home/rstole01/Documents/CSE-596/msu_ws/install/qlearn_interfaces/share/qlearn_interfaces/srv/SetInt.idl
[8.919s] -- Up-to-date: /home/rstole01/Documents/CSE-596/msu_ws/install/qlearn_interfaces/share/qlearn_interfaces/msg/FloatStamped.idl
[8.920s] -- Up-to-date: /home/rstole01/Documents/CSE-596/msu_ws/install/qlearn_interfaces/share/qlearn_interfaces/msg/IntStamped.idl
[8.921s] -- Up-to-date: /home/rstole01/Documents/CSE-596/msu_ws/install/qlearn_interfaces/share/qlearn_interfaces/srv/SaveQTable.srv
[8.921s] -- Up-to-date: /home/rstole01/Documents/CSE-596/msu_ws/install/qlearn_interfaces/share/qlearn_interfaces/srv/SaveQTable_Request.msg
[8.922s] -- Up-to-date: /home/rstole01/Documents/CSE-596/msu_ws/install/qlearn_interfaces/share/qlearn_interfaces/srv/SaveQTable_Response.msg
[8.923s] -- Up-to-date: /home/rstole01/Documents/CSE-596/msu_ws/install/qlearn_interfaces/share/qlearn_interfaces/srv/LoadQTable.srv
[8.924s] -- Up-to-date: /home/rstole01/Documents/CSE-596/msu_ws/install/qlearn_interfaces/share/qlearn_interfaces/srv/LoadQTable_Request.msg
[8.925s] -- Up-to-date: /home/rstole01/Documents/CSE-596/msu_ws/install/qlearn_interfaces/share/qlearn_interfaces/srv/LoadQTable_Response.msg
[8.926s] -- Up-to-date: /home/rstole01/Documents/CSE-596/msu_ws/install/qlearn_interfaces/share/qlearn_interfaces/srv/SetFloat.srv
[8.926s] -- Up-to-date: /home/rstole01/Documents/CSE-596/msu_ws/install/qlearn_interfaces/share/qlearn_interfaces/srv/SetFloat_Request.msg
[8.927s] -- Up-to-date: /home/rstole01/Documents/CSE-596/msu_ws/install/qlearn_interfaces/share/qlearn_interfaces/srv/SetFloat_Response.msg
[8.927s] -- Up-to-date: /home/rstole01/Documents/CSE-596/msu_ws/install/qlearn_interfaces/share/qlearn_interfaces/srv/SetInt.srv
[8.928s] -- Up-to-date: /home/rstole01/Documents/CSE-596/msu_ws/install/qlearn_interfaces/share/qlearn_interfaces/srv/SetInt_Request.msg
[8.929s] -- Up-to-date: /home/rstole01/Documents/CSE-596/msu_ws/install/qlearn_interfaces/share/qlearn_interfaces/srv/SetInt_Response.msg
[8.929s] -- Up-to-date: /home/rstole01/Documents/CSE-596/msu_ws/install/qlearn_interfaces/share/qlearn_interfaces/msg/FloatStamped.msg
[8.930s] -- Up-to-date: /home/rstole01/Documents/CSE-596/msu_ws/install/qlearn_interfaces/share/qlearn_interfaces/msg/IntStamped.msg
[8.931s] -- Up-to-date: /home/rstole01/Documents/CSE-596/msu_ws/install/qlearn_interfaces/share/ament_index/resource_index/package_run_dependencies/qlearn_interfaces
[8.935s] -- Up-to-date: /home/rstole01/Documents/CSE-596/msu_ws/install/qlearn_interfaces/share/ament_index/resource_index/parent_prefix_path/qlearn_interfaces
[8.936s] -- Up-to-date: /home/rstole01/Documents/CSE-596/msu_ws/install/qlearn_interfaces/share/qlearn_interfaces/environment/ament_prefix_path.sh
[8.936s] -- Up-to-date: /home/rstole01/Documents/CSE-596/msu_ws/install/qlearn_interfaces/share/qlearn_interfaces/environment/ament_prefix_path.dsv
[8.937s] -- Up-to-date: /home/rstole01/Documents/CSE-596/msu_ws/install/qlearn_interfaces/share/qlearn_interfaces/environment/path.sh
[8.938s] -- Up-to-date: /home/rstole01/Documents/CSE-596/msu_ws/install/qlearn_interfaces/share/qlearn_interfaces/environment/path.dsv
[8.938s] -- Up-to-date: /home/rstole01/Documents/CSE-596/msu_ws/install/qlearn_interfaces/share/qlearn_interfaces/local_setup.bash
[8.939s] -- Up-to-date: /home/rstole01/Documents/CSE-596/msu_ws/install/qlearn_interfaces/share/qlearn_interfaces/local_setup.sh
[8.940s] -- Up-to-date: /home/rstole01/Documents/CSE-596/msu_ws/install/qlearn_interfaces/share/qlearn_interfaces/local_setup.zsh
[8.941s] -- Up-to-date: /home/rstole01/Documents/CSE-596/msu_ws/install/qlearn_interfaces/share/qlearn_interfaces/local_setup.dsv
[8.941s] -- Installing: /home/rstole01/Documents/CSE-596/msu_ws/install/qlearn_interfaces/share/qlearn_interfaces/package.dsv
[8.942s] -- Up-to-date: /home/rstole01/Documents/CSE-596/msu_ws/install/qlearn_interfaces/share/ament_index/resource_index/packages/qlearn_interfaces
[8.943s] -- Up-to-date: /home/rstole01/Documents/CSE-596/msu_ws/install/qlearn_interfaces/share/qlearn_interfaces/cmake/export_qlearn_interfaces__rosidl_generator_cExport.cmake
[8.943s] -- Up-to-date: /home/rstole01/Documents/CSE-596/msu_ws/install/qlearn_interfaces/share/qlearn_interfaces/cmake/export_qlearn_interfaces__rosidl_generator_cExport-noconfig.cmake
[8.944s] -- Up-to-date: /home/rstole01/Documents/CSE-596/msu_ws/install/qlearn_interfaces/share/qlearn_interfaces/cmake/export_qlearn_interfaces__rosidl_typesupport_fastrtps_cExport.cmake
[8.944s] -- Up-to-date: /home/rstole01/Documents/CSE-596/msu_ws/install/qlearn_interfaces/share/qlearn_interfaces/cmake/export_qlearn_interfaces__rosidl_typesupport_fastrtps_cExport-noconfig.cmake
[8.945s] -- Up-to-date: /home/rstole01/Documents/CSE-596/msu_ws/install/qlearn_interfaces/share/qlearn_interfaces/cmake/export_qlearn_interfaces__rosidl_generator_cppExport.cmake
[8.946s] -- Up-to-date: /home/rstole01/Documents/CSE-596/msu_ws/install/qlearn_interfaces/share/qlearn_interfaces/cmake/export_qlearn_interfaces__rosidl_typesupport_fastrtps_cppExport.cmake
[8.946s] -- Up-to-date: /home/rstole01/Documents/CSE-596/msu_ws/install/qlearn_interfaces/share/qlearn_interfaces/cmake/export_qlearn_interfaces__rosidl_typesupport_fastrtps_cppExport-noconfig.cmake
[8.947s] -- Up-to-date: /home/rstole01/Documents/CSE-596/msu_ws/install/qlearn_interfaces/share/qlearn_interfaces/cmake/qlearn_interfaces__rosidl_typesupport_introspection_cExport.cmake
[8.947s] -- Up-to-date: /home/rstole01/Documents/CSE-596/msu_ws/install/qlearn_interfaces/share/qlearn_interfaces/cmake/qlearn_interfaces__rosidl_typesupport_introspection_cExport-noconfig.cmake
[8.948s] -- Up-to-date: /home/rstole01/Documents/CSE-596/msu_ws/install/qlearn_interfaces/share/qlearn_interfaces/cmake/qlearn_interfaces__rosidl_typesupport_cExport.cmake
[8.949s] -- Up-to-date: /home/rstole01/Documents/CSE-596/msu_ws/install/qlearn_interfaces/share/qlearn_interfaces/cmake/qlearn_interfaces__rosidl_typesupport_cExport-noconfig.cmake
[8.949s] -- Up-to-date: /home/rstole01/Documents/CSE-596/msu_ws/install/qlearn_interfaces/share/qlearn_interfaces/cmake/qlearn_interfaces__rosidl_typesupport_introspection_cppExport.cmake
[8.950s] -- Up-to-date: /home/rstole01/Documents/CSE-596/msu_ws/install/qlearn_interfaces/share/qlearn_interfaces/cmake/qlearn_interfaces__rosidl_typesupport_introspection_cppExport-noconfig.cmake
[8.950s] -- Up-to-date: /home/rstole01/Documents/CSE-596/msu_ws/install/qlearn_interfaces/share/qlearn_interfaces/cmake/qlearn_interfaces__rosidl_typesupport_cppExport.cmake
[8.952s] -- Up-to-date: /home/rstole01/Documents/CSE-596/msu_ws/install/qlearn_interfaces/share/qlearn_interfaces/cmake/qlearn_interfaces__rosidl_typesupport_cppExport-noconfig.cmake
[8.953s] -- Up-to-date: /home/rstole01/Documents/CSE-596/msu_ws/install/qlearn_interfaces/share/qlearn_interfaces/cmake/export_qlearn_interfaces__rosidl_generator_pyExport.cmake
[8.954s] -- Up-to-date: /home/rstole01/Documents/CSE-596/msu_ws/install/qlearn_interfaces/share/qlearn_interfaces/cmake/export_qlearn_interfaces__rosidl_generator_pyExport-noconfig.cmake
[8.955s] -- Up-to-date: /home/rstole01/Documents/CSE-596/msu_ws/install/qlearn_interfaces/share/qlearn_interfaces/cmake/rosidl_cmake-extras.cmake
[8.955s] -- Up-to-date: /home/rstole01/Documents/CSE-596/msu_ws/install/qlearn_interfaces/share/qlearn_interfaces/cmake/ament_cmake_export_dependencies-extras.cmake
[8.956s] -- Up-to-date: /home/rstole01/Documents/CSE-596/msu_ws/install/qlearn_interfaces/share/qlearn_interfaces/cmake/ament_cmake_export_include_directories-extras.cmake
[8.957s] -- Up-to-date: /home/rstole01/Documents/CSE-596/msu_ws/install/qlearn_interfaces/share/qlearn_interfaces/cmake/ament_cmake_export_libraries-extras.cmake
[8.957s] -- Up-to-date: /home/rstole01/Documents/CSE-596/msu_ws/install/qlearn_interfaces/share/qlearn_interfaces/cmake/ament_cmake_export_targets-extras.cmake
[8.958s] -- Up-to-date: /home/rstole01/Documents/CSE-596/msu_ws/install/qlearn_interfaces/share/qlearn_interfaces/cmake/rosidl_cmake_export_typesupport_targets-extras.cmake
[8.958s] -- Up-to-date: /home/rstole01/Documents/CSE-596/msu_ws/install/qlearn_interfaces/share/qlearn_interfaces/cmake/rosidl_cmake_export_typesupport_libraries-extras.cmake
[8.959s] -- Up-to-date: /home/rstole01/Documents/CSE-596/msu_ws/install/qlearn_interfaces/share/qlearn_interfaces/cmake/qlearn_interfacesConfig.cmake
[8.960s] -- Up-to-date: /home/rstole01/Documents/CSE-596/msu_ws/install/qlearn_interfaces/share/qlearn_interfaces/cmake/qlearn_interfacesConfig-version.cmake
[8.960s] -- Up-to-date: /home/rstole01/Documents/CSE-596/msu_ws/install/qlearn_interfaces/share/qlearn_interfaces/package.xml
[11.856s] Invoked command in '/home/rstole01/Documents/CSE-596/msu_ws/build/qlearn_interfaces' returned '0': CMAKE_PREFIX_PATH=${CMAKE_PREFIX_PATH}:/home/rstole01/Documents/CSE-596/msu_ws/install/waypoint_writer:/home/rstole01/Documents/CSE-596/msu_ws/install/waypoint_follow:/home/rstole01/Documents/CSE-596/msu_ws/install/wall_follower_pid:/home/rstole01/Documents/CSE-596/msu_ws/install/qlearn:/home/rstole01/Documents/CSE-596/msu_ws/install/py_pubsub:/home/rstole01/Documents/CSE-596/msu_ws/install/plexer360:/home/rstole01/Documents/CSE-596/msu_ws/install/painter:/home/rstole01/Documents/CSE-596/msu_ws/install/f1tenth_gym_ros:/opt/ros/humble /usr/bin/cmake --install /home/rstole01/Documents/CSE-596/msu_ws/build/qlearn_interfaces
