[0.082s] Invoking command in '/home/rstole01/Documents/CapstoneGit/humble_ws/build/tutorial_interfaces': CMAKE_PREFIX_PATH=${CMAKE_PREFIX_PATH}:/home/rstole01/Documents/CapstoneGit/humble_ws/install/waypoint_logger:/home/rstole01/Documents/CapstoneGit/humble_ws/install/scan_pubsub:/home/rstole01/Documents/CapstoneGit/humble_ws/install/cpp_pubsub:/home/rstole01/Documents/CapstoneGit/humble_ws/install/tutorial_interfaces:/home/rstole01/Documents/CapstoneGit/humble_ws/install/pid_lab:/home/rstole01/Documents/CapstoneGit/humble_ws/install/lab1_package:/home/rstole01/Documents/CapstoneGit/humble_ws/install/f1tenth_gym_ros:/home/rstole01/Documents/CapstoneGit/humble_ws/install/aeb_lab:/opt/ros/humble /usr/bin/cmake /home/rstole01/Documents/CapstoneGit/humble_ws/src/tutorial_interfaces -DCMAKE_INSTALL_PREFIX=/home/rstole01/Documents/CapstoneGit/humble_ws/install/tutorial_interfaces
[0.729s] -- The C compiler identification is GNU 11.4.0
[0.730s] -- The CXX compiler identification is GNU 11.4.0
[0.730s] -- Detecting C compiler ABI info
[0.730s] -- Detecting C compiler ABI info - done
[0.730s] -- Check for working C compiler: /usr/bin/cc - skipped
[0.731s] -- Detecting C compile features
[0.731s] -- Detecting C compile features - done
[0.731s] -- Detecting CXX compiler ABI info
[0.743s] -- Detecting CXX compiler ABI info - done
[0.773s] -- Check for working CXX compiler: /usr/bin/c++ - skipped
[0.774s] -- Detecting CXX compile features
[0.776s] -- Detecting CXX compile features - done
[0.787s] -- Found ament_cmake: 1.3.8 (/opt/ros/humble/share/ament_cmake/cmake)
[1.171s] -- Found Python3: /usr/bin/python3 (found version "3.10.12") found components: Interpreter 
[1.511s] -- Found geometry_msgs: 4.2.3 (/opt/ros/humble/share/geometry_msgs/cmake)
[1.684s] -- Found rosidl_generator_c: 3.1.5 (/opt/ros/humble/share/rosidl_generator_c/cmake)
[1.708s] -- Found rosidl_adapter: 3.1.5 (/opt/ros/humble/share/rosidl_adapter/cmake)
[1.748s] -- Found rosidl_generator_cpp: 3.1.5 (/opt/ros/humble/share/rosidl_generator_cpp/cmake)
[1.807s] -- Using all available rosidl_typesupport_c: rosidl_typesupport_fastrtps_c;rosidl_typesupport_introspection_c
[1.893s] -- Using all available rosidl_typesupport_cpp: rosidl_typesupport_fastrtps_cpp;rosidl_typesupport_introspection_cpp
[2.396s] -- Found rosidl_default_generators: 1.2.0 (/opt/ros/humble/share/rosidl_default_generators/cmake)
[3.391s] -- Found ament_cmake_ros: 0.10.0 (/opt/ros/humble/share/ament_cmake_ros/cmake)
[4.571s] -- Using all available rosidl_typesupport_c: rosidl_typesupport_fastrtps_c;rosidl_typesupport_introspection_c
[4.884s] -- Using all available rosidl_typesupport_cpp: rosidl_typesupport_fastrtps_cpp;rosidl_typesupport_introspection_cpp
[4.925s] -- Found PythonInterp: /usr/bin/python3 (found suitable version "3.10.12", minimum required is "3.6") 
[4.934s] -- Found python_cmake_module: 0.10.0 (/opt/ros/humble/share/python_cmake_module/cmake)
[4.990s] -- Found PythonLibs: /usr/lib/x86_64-linux-gnu/libpython3.10.so (found suitable version "3.10.12", minimum required is "3.5") 
[4.990s] -- Using PYTHON_EXECUTABLE: /usr/bin/python3
[4.991s] -- Using PYTHON_INCLUDE_DIRS: /usr/include/python3.10
[4.991s] -- Using PYTHON_LIBRARIES: /usr/lib/x86_64-linux-gnu/libpython3.10.so
[5.026s] -- Found PythonExtra: .so  
[5.180s] -- Found ament_lint_auto: 0.12.10 (/opt/ros/humble/share/ament_lint_auto/cmake)
[5.243s] -- Added test 'lint_cmake' to check CMake code style
[5.248s] -- Added test 'xmllint' to check XML markup files
[5.258s] -- Configuring done
[5.393s] -- Generating done
[5.402s] -- Build files have been written to: /home/rstole01/Documents/CapstoneGit/humble_ws/build/tutorial_interfaces
[5.425s] Invoked command in '/home/rstole01/Documents/CapstoneGit/humble_ws/build/tutorial_interfaces' returned '0': CMAKE_PREFIX_PATH=${CMAKE_PREFIX_PATH}:/home/rstole01/Documents/CapstoneGit/humble_ws/install/waypoint_logger:/home/rstole01/Documents/CapstoneGit/humble_ws/install/scan_pubsub:/home/rstole01/Documents/CapstoneGit/humble_ws/install/cpp_pubsub:/home/rstole01/Documents/CapstoneGit/humble_ws/install/tutorial_interfaces:/home/rstole01/Documents/CapstoneGit/humble_ws/install/pid_lab:/home/rstole01/Documents/CapstoneGit/humble_ws/install/lab1_package:/home/rstole01/Documents/CapstoneGit/humble_ws/install/f1tenth_gym_ros:/home/rstole01/Documents/CapstoneGit/humble_ws/install/aeb_lab:/opt/ros/humble /usr/bin/cmake /home/rstole01/Documents/CapstoneGit/humble_ws/src/tutorial_interfaces -DCMAKE_INSTALL_PREFIX=/home/rstole01/Documents/CapstoneGit/humble_ws/install/tutorial_interfaces
[5.428s] Invoking command in '/home/rstole01/Documents/CapstoneGit/humble_ws/build/tutorial_interfaces': CMAKE_PREFIX_PATH=${CMAKE_PREFIX_PATH}:/home/rstole01/Documents/CapstoneGit/humble_ws/install/waypoint_logger:/home/rstole01/Documents/CapstoneGit/humble_ws/install/scan_pubsub:/home/rstole01/Documents/CapstoneGit/humble_ws/install/cpp_pubsub:/home/rstole01/Documents/CapstoneGit/humble_ws/install/tutorial_interfaces:/home/rstole01/Documents/CapstoneGit/humble_ws/install/pid_lab:/home/rstole01/Documents/CapstoneGit/humble_ws/install/lab1_package:/home/rstole01/Documents/CapstoneGit/humble_ws/install/f1tenth_gym_ros:/home/rstole01/Documents/CapstoneGit/humble_ws/install/aeb_lab:/opt/ros/humble /usr/bin/cmake --build /home/rstole01/Documents/CapstoneGit/humble_ws/build/tutorial_interfaces -- -j8 -l8
[5.514s] [  1%] [34m[1mGenerating C code for ROS interfaces[0m
[5.544s] [  3%] [34m[1mGenerating C++ code for ROS interfaces[0m
[5.557s] [  3%] Built target ament_cmake_python_copy_tutorial_interfaces
[6.112s] running egg_info
[6.114s] creating tutorial_interfaces.egg-info
[6.114s] writing tutorial_interfaces.egg-info/PKG-INFO
[6.115s] writing dependency_links to tutorial_interfaces.egg-info/dependency_links.txt
[6.115s] writing top-level names to tutorial_interfaces.egg-info/top_level.txt
[6.115s] writing manifest file 'tutorial_interfaces.egg-info/SOURCES.txt'
[6.119s] reading manifest file 'tutorial_interfaces.egg-info/SOURCES.txt'
[6.121s] writing manifest file 'tutorial_interfaces.egg-info/SOURCES.txt'
[6.172s] [  3%] Built target ament_cmake_python_build_tutorial_interfaces_egg
[6.678s] [  3%] Built target tutorial_interfaces__cpp
[6.706s] [  5%] [34m[1mGenerating C++ type support for eProsima Fast-RTPS[0m
[6.707s] [  9%] [34m[1mGenerating C++ type support dispatch for ROS interfaces[0m
[6.707s] [  9%] [34m[1mGenerating C++ introspection for ROS interfaces[0m
[7.098s] [ 10%] [32mBuilding C object CMakeFiles/tutorial_interfaces__rosidl_generator_c.dir/rosidl_generator_c/tutorial_interfaces/srv/detail/add_three_ints__functions.c.o[0m
[7.104s] [ 12%] [32mBuilding C object CMakeFiles/tutorial_interfaces__rosidl_generator_c.dir/rosidl_generator_c/tutorial_interfaces/msg/detail/sphere__functions.c.o[0m
[7.119s] [ 14%] [32mBuilding C object CMakeFiles/tutorial_interfaces__rosidl_generator_c.dir/rosidl_generator_c/tutorial_interfaces/msg/detail/num__functions.c.o[0m
[7.127s] [ 16%] [32mBuilding C object CMakeFiles/tutorial_interfaces__rosidl_generator_c.dir/rosidl_generator_c/tutorial_interfaces/msg/detail/scan_range__functions.c.o[0m
[7.400s] [ 18%] [32m[1mLinking C shared library libtutorial_interfaces__rosidl_generator_c.so[0m
[7.510s] [ 18%] Built target tutorial_interfaces__rosidl_generator_c
[7.539s] [ 20%] [34m[1mGenerating C type support for eProsima Fast-RTPS[0m
[7.542s] [ 21%] [34m[1mGenerating C introspection for ROS interfaces[0m
[7.591s] [ 23%] [34m[1mGenerating C type support dispatch for ROS interfaces[0m
[7.906s] [ 25%] [32mBuilding CXX object CMakeFiles/tutorial_interfaces__rosidl_typesupport_cpp.dir/rosidl_typesupport_cpp/tutorial_interfaces/msg/num__type_support.cpp.o[0m
[7.960s] [ 27%] [32mBuilding CXX object CMakeFiles/tutorial_interfaces__rosidl_typesupport_cpp.dir/rosidl_typesupport_cpp/tutorial_interfaces/msg/sphere__type_support.cpp.o[0m
[8.019s] [ 29%] [32mBuilding CXX object CMakeFiles/tutorial_interfaces__rosidl_typesupport_cpp.dir/rosidl_typesupport_cpp/tutorial_interfaces/srv/add_three_ints__type_support.cpp.o[0m
[8.198s] [ 30%] [32mBuilding CXX object CMakeFiles/tutorial_interfaces__rosidl_typesupport_introspection_cpp.dir/rosidl_typesupport_introspection_cpp/tutorial_interfaces/msg/detail/num__type_support.cpp.o[0m
[8.421s] [ 32%] [32mBuilding CXX object CMakeFiles/tutorial_interfaces__rosidl_typesupport_fastrtps_cpp.dir/rosidl_typesupport_fastrtps_cpp/tutorial_interfaces/msg/detail/dds_fastrtps/num__type_support.cpp.o[0m
[8.833s] [ 34%] [32mBuilding CXX object CMakeFiles/tutorial_interfaces__rosidl_typesupport_c.dir/rosidl_typesupport_c/tutorial_interfaces/msg/num__type_support.cpp.o[0m
[8.929s] [ 36%] [32mBuilding CXX object CMakeFiles/tutorial_interfaces__rosidl_typesupport_c.dir/rosidl_typesupport_c/tutorial_interfaces/msg/sphere__type_support.cpp.o[0m
[8.961s] [ 38%] [32mBuilding CXX object CMakeFiles/tutorial_interfaces__rosidl_typesupport_cpp.dir/rosidl_typesupport_cpp/tutorial_interfaces/msg/scan_range__type_support.cpp.o[0m
[9.010s] [ 40%] [32mBuilding CXX object CMakeFiles/tutorial_interfaces__rosidl_typesupport_c.dir/rosidl_typesupport_c/tutorial_interfaces/srv/add_three_ints__type_support.cpp.o[0m
[9.091s] [ 41%] [32mBuilding CXX object CMakeFiles/tutorial_interfaces__rosidl_typesupport_c.dir/rosidl_typesupport_c/tutorial_interfaces/msg/scan_range__type_support.cpp.o[0m
[9.251s] [ 43%] [32m[1mLinking CXX shared library libtutorial_interfaces__rosidl_typesupport_c.so[0m
[9.253s] [ 45%] [32mBuilding CXX object CMakeFiles/tutorial_interfaces__rosidl_typesupport_introspection_cpp.dir/rosidl_typesupport_introspection_cpp/tutorial_interfaces/msg/detail/sphere__type_support.cpp.o[0m
[9.298s] [ 47%] [32mBuilding CXX object CMakeFiles/tutorial_interfaces__rosidl_typesupport_fastrtps_c.dir/rosidl_typesupport_fastrtps_c/tutorial_interfaces/msg/detail/num__type_support_c.cpp.o[0m
[9.326s] [ 49%] [32mBuilding C object CMakeFiles/tutorial_interfaces__rosidl_typesupport_introspection_c.dir/rosidl_typesupport_introspection_c/tutorial_interfaces/msg/detail/num__type_support.c.o[0m
[9.378s] [ 50%] [32mBuilding C object CMakeFiles/tutorial_interfaces__rosidl_typesupport_introspection_c.dir/rosidl_typesupport_introspection_c/tutorial_interfaces/msg/detail/sphere__type_support.c.o[0m
[9.413s] [ 50%] Built target tutorial_interfaces__rosidl_typesupport_c
[9.461s] [ 52%] [32mBuilding CXX object CMakeFiles/tutorial_interfaces__rosidl_typesupport_introspection_cpp.dir/rosidl_typesupport_introspection_cpp/tutorial_interfaces/srv/detail/add_three_ints__type_support.cpp.o[0m
[9.570s] [ 54%] [32mBuilding CXX object CMakeFiles/tutorial_interfaces__rosidl_typesupport_introspection_cpp.dir/rosidl_typesupport_introspection_cpp/tutorial_interfaces/msg/detail/scan_range__type_support.cpp.o[0m
[9.589s] [ 56%] [32mBuilding C object CMakeFiles/tutorial_interfaces__rosidl_typesupport_introspection_c.dir/rosidl_typesupport_introspection_c/tutorial_interfaces/srv/detail/add_three_ints__type_support.c.o[0m
[9.636s] [ 58%] [32mBuilding CXX object CMakeFiles/tutorial_interfaces__rosidl_typesupport_fastrtps_c.dir/rosidl_typesupport_fastrtps_c/tutorial_interfaces/msg/detail/sphere__type_support_c.cpp.o[0m
[9.784s] [ 60%] [32mBuilding C object CMakeFiles/tutorial_interfaces__rosidl_typesupport_introspection_c.dir/rosidl_typesupport_introspection_c/tutorial_interfaces/msg/detail/scan_range__type_support.c.o[0m
[9.990s] [ 61%] [32m[1mLinking CXX shared library libtutorial_interfaces__rosidl_typesupport_cpp.so[0m
[10.013s] [ 63%] [32m[1mLinking C shared library libtutorial_interfaces__rosidl_typesupport_introspection_c.so[0m
[10.049s] [ 65%] [32mBuilding CXX object CMakeFiles/tutorial_interfaces__rosidl_typesupport_fastrtps_cpp.dir/rosidl_typesupport_fastrtps_cpp/tutorial_interfaces/msg/detail/dds_fastrtps/sphere__type_support.cpp.o[0m
[10.234s] [ 65%] Built target tutorial_interfaces__rosidl_typesupport_introspection_c
[10.306s] [ 65%] Built target tutorial_interfaces__rosidl_typesupport_cpp
[10.325s] [ 67%] [32mBuilding CXX object CMakeFiles/tutorial_interfaces__rosidl_typesupport_fastrtps_c.dir/rosidl_typesupport_fastrtps_c/tutorial_interfaces/srv/detail/add_three_ints__type_support_c.cpp.o[0m
[10.393s] [ 69%] [32mBuilding CXX object CMakeFiles/tutorial_interfaces__rosidl_typesupport_fastrtps_c.dir/rosidl_typesupport_fastrtps_c/tutorial_interfaces/msg/detail/scan_range__type_support_c.cpp.o[0m
[10.478s] [ 70%] [32mBuilding CXX object CMakeFiles/tutorial_interfaces__rosidl_typesupport_fastrtps_cpp.dir/rosidl_typesupport_fastrtps_cpp/tutorial_interfaces/srv/detail/dds_fastrtps/add_three_ints__type_support.cpp.o[0m
[10.821s] [ 72%] [32mBuilding CXX object CMakeFiles/tutorial_interfaces__rosidl_typesupport_fastrtps_cpp.dir/rosidl_typesupport_fastrtps_cpp/tutorial_interfaces/msg/detail/dds_fastrtps/scan_range__type_support.cpp.o[0m
[11.041s] [ 74%] [32m[1mLinking CXX shared library libtutorial_interfaces__rosidl_typesupport_introspection_cpp.so[0m
[11.241s] [ 74%] Built target tutorial_interfaces__rosidl_typesupport_introspection_cpp
[11.629s] [ 76%] [32m[1mLinking CXX shared library libtutorial_interfaces__rosidl_typesupport_fastrtps_c.so[0m
[11.809s] [ 76%] Built target tutorial_interfaces__rosidl_typesupport_fastrtps_c
[11.945s] [ 78%] [32m[1mLinking CXX shared library libtutorial_interfaces__rosidl_typesupport_fastrtps_cpp.so[0m
[12.102s] [ 78%] Built target tutorial_interfaces__rosidl_typesupport_fastrtps_cpp
[12.142s] [ 78%] Built target tutorial_interfaces
[12.183s] [ 80%] [34m[1mGenerating Python code for ROS interfaces[0m
[13.542s] [ 80%] Built target tutorial_interfaces__py
[13.585s] [ 81%] [32mBuilding C object CMakeFiles/tutorial_interfaces__rosidl_generator_py.dir/rosidl_generator_py/tutorial_interfaces/msg/_num_s.c.o[0m
[13.587s] [ 83%] [32mBuilding C object CMakeFiles/tutorial_interfaces__rosidl_generator_py.dir/rosidl_generator_py/tutorial_interfaces/srv/_add_three_ints_s.c.o[0m
[13.590s] [ 85%] [32mBuilding C object CMakeFiles/tutorial_interfaces__rosidl_generator_py.dir/rosidl_generator_py/tutorial_interfaces/msg/_sphere_s.c.o[0m
[13.591s] [ 87%] [32mBuilding C object CMakeFiles/tutorial_interfaces__rosidl_generator_py.dir/rosidl_generator_py/tutorial_interfaces/msg/_scan_range_s.c.o[0m
[13.935s] [ 89%] [32m[1mLinking C shared library rosidl_generator_py/tutorial_interfaces/libtutorial_interfaces__rosidl_generator_py.so[0m
[14.032s] [ 89%] Built target tutorial_interfaces__rosidl_generator_py
[14.089s] [ 90%] [32mBuilding C object CMakeFiles/tutorial_interfaces__rosidl_typesupport_introspection_c__pyext.dir/rosidl_generator_py/tutorial_interfaces/_tutorial_interfaces_s.ep.rosidl_typesupport_introspection_c.c.o[0m
[14.091s] [ 92%] [32mBuilding C object CMakeFiles/tutorial_interfaces__rosidl_typesupport_fastrtps_c__pyext.dir/rosidl_generator_py/tutorial_interfaces/_tutorial_interfaces_s.ep.rosidl_typesupport_fastrtps_c.c.o[0m
[14.092s] [ 94%] [32mBuilding C object CMakeFiles/tutorial_interfaces__rosidl_typesupport_c__pyext.dir/rosidl_generator_py/tutorial_interfaces/_tutorial_interfaces_s.ep.rosidl_typesupport_c.c.o[0m
[14.381s] [ 96%] [32m[1mLinking C shared library rosidl_generator_py/tutorial_interfaces/tutorial_interfaces_s__rosidl_typesupport_c.cpython-310-x86_64-linux-gnu.so[0m
[14.420s] [ 98%] [32m[1mLinking C shared library rosidl_generator_py/tutorial_interfaces/tutorial_interfaces_s__rosidl_typesupport_introspection_c.cpython-310-x86_64-linux-gnu.so[0m
[14.448s] [100%] [32m[1mLinking C shared library rosidl_generator_py/tutorial_interfaces/tutorial_interfaces_s__rosidl_typesupport_fastrtps_c.cpython-310-x86_64-linux-gnu.so[0m
[14.478s] [100%] Built target tutorial_interfaces__rosidl_typesupport_c__pyext
[14.527s] [100%] Built target tutorial_interfaces__rosidl_typesupport_introspection_c__pyext
[14.561s] [100%] Built target tutorial_interfaces__rosidl_typesupport_fastrtps_c__pyext
[14.586s] Invoked command in '/home/rstole01/Documents/CapstoneGit/humble_ws/build/tutorial_interfaces' returned '0': CMAKE_PREFIX_PATH=${CMAKE_PREFIX_PATH}:/home/rstole01/Documents/CapstoneGit/humble_ws/install/waypoint_logger:/home/rstole01/Documents/CapstoneGit/humble_ws/install/scan_pubsub:/home/rstole01/Documents/CapstoneGit/humble_ws/install/cpp_pubsub:/home/rstole01/Documents/CapstoneGit/humble_ws/install/tutorial_interfaces:/home/rstole01/Documents/CapstoneGit/humble_ws/install/pid_lab:/home/rstole01/Documents/CapstoneGit/humble_ws/install/lab1_package:/home/rstole01/Documents/CapstoneGit/humble_ws/install/f1tenth_gym_ros:/home/rstole01/Documents/CapstoneGit/humble_ws/install/aeb_lab:/opt/ros/humble /usr/bin/cmake --build /home/rstole01/Documents/CapstoneGit/humble_ws/build/tutorial_interfaces -- -j8 -l8
[14.869s] Invoking command in '/home/rstole01/Documents/CapstoneGit/humble_ws/build/tutorial_interfaces': CMAKE_PREFIX_PATH=${CMAKE_PREFIX_PATH}:/home/rstole01/Documents/CapstoneGit/humble_ws/install/waypoint_logger:/home/rstole01/Documents/CapstoneGit/humble_ws/install/scan_pubsub:/home/rstole01/Documents/CapstoneGit/humble_ws/install/cpp_pubsub:/home/rstole01/Documents/CapstoneGit/humble_ws/install/tutorial_interfaces:/home/rstole01/Documents/CapstoneGit/humble_ws/install/pid_lab:/home/rstole01/Documents/CapstoneGit/humble_ws/install/lab1_package:/home/rstole01/Documents/CapstoneGit/humble_ws/install/f1tenth_gym_ros:/home/rstole01/Documents/CapstoneGit/humble_ws/install/aeb_lab:/opt/ros/humble /usr/bin/cmake --install /home/rstole01/Documents/CapstoneGit/humble_ws/build/tutorial_interfaces
[14.871s] -- Install configuration: ""
[14.871s] -- Installing: /home/rstole01/Documents/CapstoneGit/humble_ws/install/tutorial_interfaces/share/ament_index/resource_index/rosidl_interfaces/tutorial_interfaces
[14.872s] -- Up-to-date: /home/rstole01/Documents/CapstoneGit/humble_ws/install/tutorial_interfaces/include/tutorial_interfaces/tutorial_interfaces
[14.872s] -- Up-to-date: /home/rstole01/Documents/CapstoneGit/humble_ws/install/tutorial_interfaces/include/tutorial_interfaces/tutorial_interfaces/srv
[14.872s] -- Installing: /home/rstole01/Documents/CapstoneGit/humble_ws/install/tutorial_interfaces/include/tutorial_interfaces/tutorial_interfaces/srv/add_three_ints.h
[14.872s] -- Up-to-date: /home/rstole01/Documents/CapstoneGit/humble_ws/install/tutorial_interfaces/include/tutorial_interfaces/tutorial_interfaces/srv/detail
[14.872s] -- Installing: /home/rstole01/Documents/CapstoneGit/humble_ws/install/tutorial_interfaces/include/tutorial_interfaces/tutorial_interfaces/srv/detail/add_three_ints__struct.h
[14.873s] -- Installing: /home/rstole01/Documents/CapstoneGit/humble_ws/install/tutorial_interfaces/include/tutorial_interfaces/tutorial_interfaces/srv/detail/add_three_ints__type_support.h
[14.873s] -- Installing: /home/rstole01/Documents/CapstoneGit/humble_ws/install/tutorial_interfaces/include/tutorial_interfaces/tutorial_interfaces/srv/detail/add_three_ints__functions.h
[14.873s] -- Installing: /home/rstole01/Documents/CapstoneGit/humble_ws/install/tutorial_interfaces/include/tutorial_interfaces/tutorial_interfaces/srv/detail/add_three_ints__functions.c
[14.873s] -- Up-to-date: /home/rstole01/Documents/CapstoneGit/humble_ws/install/tutorial_interfaces/include/tutorial_interfaces/tutorial_interfaces/msg
[14.873s] -- Installing: /home/rstole01/Documents/CapstoneGit/humble_ws/install/tutorial_interfaces/include/tutorial_interfaces/tutorial_interfaces/msg/scan_range.h
[14.874s] -- Installing: /home/rstole01/Documents/CapstoneGit/humble_ws/install/tutorial_interfaces/include/tutorial_interfaces/tutorial_interfaces/msg/rosidl_generator_c__visibility_control.h
[14.874s] -- Installing: /home/rstole01/Documents/CapstoneGit/humble_ws/install/tutorial_interfaces/include/tutorial_interfaces/tutorial_interfaces/msg/sphere.h
[14.874s] -- Up-to-date: /home/rstole01/Documents/CapstoneGit/humble_ws/install/tutorial_interfaces/include/tutorial_interfaces/tutorial_interfaces/msg/detail
[14.875s] -- Installing: /home/rstole01/Documents/CapstoneGit/humble_ws/install/tutorial_interfaces/include/tutorial_interfaces/tutorial_interfaces/msg/detail/scan_range__functions.c
[14.875s] -- Installing: /home/rstole01/Documents/CapstoneGit/humble_ws/install/tutorial_interfaces/include/tutorial_interfaces/tutorial_interfaces/msg/detail/num__type_support.h
[14.875s] -- Installing: /home/rstole01/Documents/CapstoneGit/humble_ws/install/tutorial_interfaces/include/tutorial_interfaces/tutorial_interfaces/msg/detail/scan_range__type_support.h
[14.875s] -- Installing: /home/rstole01/Documents/CapstoneGit/humble_ws/install/tutorial_interfaces/include/tutorial_interfaces/tutorial_interfaces/msg/detail/sphere__functions.c
[14.876s] -- Installing: /home/rstole01/Documents/CapstoneGit/humble_ws/install/tutorial_interfaces/include/tutorial_interfaces/tutorial_interfaces/msg/detail/num__functions.c
[14.876s] -- Installing: /home/rstole01/Documents/CapstoneGit/humble_ws/install/tutorial_interfaces/include/tutorial_interfaces/tutorial_interfaces/msg/detail/scan_range__struct.h
[14.876s] -- Installing: /home/rstole01/Documents/CapstoneGit/humble_ws/install/tutorial_interfaces/include/tutorial_interfaces/tutorial_interfaces/msg/detail/num__functions.h
[14.877s] -- Installing: /home/rstole01/Documents/CapstoneGit/humble_ws/install/tutorial_interfaces/include/tutorial_interfaces/tutorial_interfaces/msg/detail/scan_range__functions.h
[14.877s] -- Installing: /home/rstole01/Documents/CapstoneGit/humble_ws/install/tutorial_interfaces/include/tutorial_interfaces/tutorial_interfaces/msg/detail/sphere__functions.h
[14.877s] -- Installing: /home/rstole01/Documents/CapstoneGit/humble_ws/install/tutorial_interfaces/include/tutorial_interfaces/tutorial_interfaces/msg/detail/sphere__struct.h
[14.878s] -- Installing: /home/rstole01/Documents/CapstoneGit/humble_ws/install/tutorial_interfaces/include/tutorial_interfaces/tutorial_interfaces/msg/detail/num__struct.h
[14.878s] -- Installing: /home/rstole01/Documents/CapstoneGit/humble_ws/install/tutorial_interfaces/include/tutorial_interfaces/tutorial_interfaces/msg/detail/sphere__type_support.h
[14.878s] -- Installing: /home/rstole01/Documents/CapstoneGit/humble_ws/install/tutorial_interfaces/include/tutorial_interfaces/tutorial_interfaces/msg/num.h
[14.879s] -- Up-to-date: /home/rstole01/Documents/CapstoneGit/humble_ws/install/tutorial_interfaces/share/tutorial_interfaces/environment/library_path.sh
[14.879s] -- Installing: /home/rstole01/Documents/CapstoneGit/humble_ws/install/tutorial_interfaces/share/tutorial_interfaces/environment/library_path.dsv
[14.880s] -- Installing: /home/rstole01/Documents/CapstoneGit/humble_ws/install/tutorial_interfaces/lib/libtutorial_interfaces__rosidl_generator_c.so
[14.882s] -- Set runtime path of "/home/rstole01/Documents/CapstoneGit/humble_ws/install/tutorial_interfaces/lib/libtutorial_interfaces__rosidl_generator_c.so" to ""
[14.882s] -- Up-to-date: /home/rstole01/Documents/CapstoneGit/humble_ws/install/tutorial_interfaces/include/tutorial_interfaces/tutorial_interfaces
[14.883s] -- Up-to-date: /home/rstole01/Documents/CapstoneGit/humble_ws/install/tutorial_interfaces/include/tutorial_interfaces/tutorial_interfaces/srv
[14.883s] -- Up-to-date: /home/rstole01/Documents/CapstoneGit/humble_ws/install/tutorial_interfaces/include/tutorial_interfaces/tutorial_interfaces/srv/detail
[14.883s] -- Installing: /home/rstole01/Documents/CapstoneGit/humble_ws/install/tutorial_interfaces/include/tutorial_interfaces/tutorial_interfaces/srv/detail/add_three_ints__rosidl_typesupport_fastrtps_c.h
[14.883s] -- Up-to-date: /home/rstole01/Documents/CapstoneGit/humble_ws/install/tutorial_interfaces/include/tutorial_interfaces/tutorial_interfaces/msg
[14.883s] -- Installing: /home/rstole01/Documents/CapstoneGit/humble_ws/install/tutorial_interfaces/include/tutorial_interfaces/tutorial_interfaces/msg/rosidl_typesupport_fastrtps_c__visibility_control.h
[14.884s] -- Up-to-date: /home/rstole01/Documents/CapstoneGit/humble_ws/install/tutorial_interfaces/include/tutorial_interfaces/tutorial_interfaces/msg/detail
[14.884s] -- Installing: /home/rstole01/Documents/CapstoneGit/humble_ws/install/tutorial_interfaces/include/tutorial_interfaces/tutorial_interfaces/msg/detail/sphere__rosidl_typesupport_fastrtps_c.h
[14.884s] -- Installing: /home/rstole01/Documents/CapstoneGit/humble_ws/install/tutorial_interfaces/include/tutorial_interfaces/tutorial_interfaces/msg/detail/num__rosidl_typesupport_fastrtps_c.h
[14.884s] -- Installing: /home/rstole01/Documents/CapstoneGit/humble_ws/install/tutorial_interfaces/include/tutorial_interfaces/tutorial_interfaces/msg/detail/scan_range__rosidl_typesupport_fastrtps_c.h
[14.885s] -- Installing: /home/rstole01/Documents/CapstoneGit/humble_ws/install/tutorial_interfaces/lib/libtutorial_interfaces__rosidl_typesupport_fastrtps_c.so
[14.885s] -- Set runtime path of "/home/rstole01/Documents/CapstoneGit/humble_ws/install/tutorial_interfaces/lib/libtutorial_interfaces__rosidl_typesupport_fastrtps_c.so" to ""
[14.886s] -- Up-to-date: /home/rstole01/Documents/CapstoneGit/humble_ws/install/tutorial_interfaces/include/tutorial_interfaces/tutorial_interfaces
[14.886s] -- Up-to-date: /home/rstole01/Documents/CapstoneGit/humble_ws/install/tutorial_interfaces/include/tutorial_interfaces/tutorial_interfaces/srv
[14.886s] -- Up-to-date: /home/rstole01/Documents/CapstoneGit/humble_ws/install/tutorial_interfaces/include/tutorial_interfaces/tutorial_interfaces/srv/detail
[14.886s] -- Installing: /home/rstole01/Documents/CapstoneGit/humble_ws/install/tutorial_interfaces/include/tutorial_interfaces/tutorial_interfaces/srv/detail/add_three_ints__struct.hpp
[14.886s] -- Installing: /home/rstole01/Documents/CapstoneGit/humble_ws/install/tutorial_interfaces/include/tutorial_interfaces/tutorial_interfaces/srv/detail/add_three_ints__builder.hpp
[14.886s] -- Installing: /home/rstole01/Documents/CapstoneGit/humble_ws/install/tutorial_interfaces/include/tutorial_interfaces/tutorial_interfaces/srv/detail/add_three_ints__traits.hpp
[14.887s] -- Installing: /home/rstole01/Documents/CapstoneGit/humble_ws/install/tutorial_interfaces/include/tutorial_interfaces/tutorial_interfaces/srv/add_three_ints.hpp
[14.887s] -- Up-to-date: /home/rstole01/Documents/CapstoneGit/humble_ws/install/tutorial_interfaces/include/tutorial_interfaces/tutorial_interfaces/msg
[14.887s] -- Installing: /home/rstole01/Documents/CapstoneGit/humble_ws/install/tutorial_interfaces/include/tutorial_interfaces/tutorial_interfaces/msg/scan_range.hpp
[14.887s] -- Installing: /home/rstole01/Documents/CapstoneGit/humble_ws/install/tutorial_interfaces/include/tutorial_interfaces/tutorial_interfaces/msg/sphere.hpp
[14.887s] -- Up-to-date: /home/rstole01/Documents/CapstoneGit/humble_ws/install/tutorial_interfaces/include/tutorial_interfaces/tutorial_interfaces/msg/detail
[14.888s] -- Installing: /home/rstole01/Documents/CapstoneGit/humble_ws/install/tutorial_interfaces/include/tutorial_interfaces/tutorial_interfaces/msg/detail/scan_range__struct.hpp
[14.888s] -- Installing: /home/rstole01/Documents/CapstoneGit/humble_ws/install/tutorial_interfaces/include/tutorial_interfaces/tutorial_interfaces/msg/detail/sphere__traits.hpp
[14.888s] -- Installing: /home/rstole01/Documents/CapstoneGit/humble_ws/install/tutorial_interfaces/include/tutorial_interfaces/tutorial_interfaces/msg/detail/num__traits.hpp
[14.888s] -- Installing: /home/rstole01/Documents/CapstoneGit/humble_ws/install/tutorial_interfaces/include/tutorial_interfaces/tutorial_interfaces/msg/detail/num__struct.hpp
[14.889s] -- Installing: /home/rstole01/Documents/CapstoneGit/humble_ws/install/tutorial_interfaces/include/tutorial_interfaces/tutorial_interfaces/msg/detail/sphere__builder.hpp
[14.889s] -- Installing: /home/rstole01/Documents/CapstoneGit/humble_ws/install/tutorial_interfaces/include/tutorial_interfaces/tutorial_interfaces/msg/detail/num__builder.hpp
[14.889s] -- Installing: /home/rstole01/Documents/CapstoneGit/humble_ws/install/tutorial_interfaces/include/tutorial_interfaces/tutorial_interfaces/msg/detail/scan_range__traits.hpp
[14.889s] -- Installing: /home/rstole01/Documents/CapstoneGit/humble_ws/install/tutorial_interfaces/include/tutorial_interfaces/tutorial_interfaces/msg/detail/sphere__struct.hpp
[14.890s] -- Installing: /home/rstole01/Documents/CapstoneGit/humble_ws/install/tutorial_interfaces/include/tutorial_interfaces/tutorial_interfaces/msg/detail/scan_range__builder.hpp
[14.890s] -- Installing: /home/rstole01/Documents/CapstoneGit/humble_ws/install/tutorial_interfaces/include/tutorial_interfaces/tutorial_interfaces/msg/num.hpp
[14.890s] -- Up-to-date: /home/rstole01/Documents/CapstoneGit/humble_ws/install/tutorial_interfaces/include/tutorial_interfaces/tutorial_interfaces
[14.891s] -- Up-to-date: /home/rstole01/Documents/CapstoneGit/humble_ws/install/tutorial_interfaces/include/tutorial_interfaces/tutorial_interfaces/srv
[14.891s] -- Up-to-date: /home/rstole01/Documents/CapstoneGit/humble_ws/install/tutorial_interfaces/include/tutorial_interfaces/tutorial_interfaces/srv/detail
[14.891s] -- Installing: /home/rstole01/Documents/CapstoneGit/humble_ws/install/tutorial_interfaces/include/tutorial_interfaces/tutorial_interfaces/srv/detail/add_three_ints__rosidl_typesupport_fastrtps_cpp.hpp
[14.892s] -- Up-to-date: /home/rstole01/Documents/CapstoneGit/humble_ws/install/tutorial_interfaces/include/tutorial_interfaces/tutorial_interfaces/srv/detail/dds_fastrtps
[14.892s] -- Up-to-date: /home/rstole01/Documents/CapstoneGit/humble_ws/install/tutorial_interfaces/include/tutorial_interfaces/tutorial_interfaces/msg
[14.892s] -- Up-to-date: /home/rstole01/Documents/CapstoneGit/humble_ws/install/tutorial_interfaces/include/tutorial_interfaces/tutorial_interfaces/msg/detail
[14.892s] -- Installing: /home/rstole01/Documents/CapstoneGit/humble_ws/install/tutorial_interfaces/include/tutorial_interfaces/tutorial_interfaces/msg/detail/scan_range__rosidl_typesupport_fastrtps_cpp.hpp
[14.893s] -- Installing: /home/rstole01/Documents/CapstoneGit/humble_ws/install/tutorial_interfaces/include/tutorial_interfaces/tutorial_interfaces/msg/detail/num__rosidl_typesupport_fastrtps_cpp.hpp
[14.893s] -- Installing: /home/rstole01/Documents/CapstoneGit/humble_ws/install/tutorial_interfaces/include/tutorial_interfaces/tutorial_interfaces/msg/detail/sphere__rosidl_typesupport_fastrtps_cpp.hpp
[14.893s] -- Up-to-date: /home/rstole01/Documents/CapstoneGit/humble_ws/install/tutorial_interfaces/include/tutorial_interfaces/tutorial_interfaces/msg/detail/dds_fastrtps
[14.893s] -- Installing: /home/rstole01/Documents/CapstoneGit/humble_ws/install/tutorial_interfaces/include/tutorial_interfaces/tutorial_interfaces/msg/rosidl_typesupport_fastrtps_cpp__visibility_control.h
[14.893s] -- Installing: /home/rstole01/Documents/CapstoneGit/humble_ws/install/tutorial_interfaces/lib/libtutorial_interfaces__rosidl_typesupport_fastrtps_cpp.so
[14.894s] -- Set runtime path of "/home/rstole01/Documents/CapstoneGit/humble_ws/install/tutorial_interfaces/lib/libtutorial_interfaces__rosidl_typesupport_fastrtps_cpp.so" to ""
[14.894s] -- Up-to-date: /home/rstole01/Documents/CapstoneGit/humble_ws/install/tutorial_interfaces/include/tutorial_interfaces/tutorial_interfaces
[14.894s] -- Up-to-date: /home/rstole01/Documents/CapstoneGit/humble_ws/install/tutorial_interfaces/include/tutorial_interfaces/tutorial_interfaces/srv
[14.895s] -- Up-to-date: /home/rstole01/Documents/CapstoneGit/humble_ws/install/tutorial_interfaces/include/tutorial_interfaces/tutorial_interfaces/srv/detail
[14.895s] -- Installing: /home/rstole01/Documents/CapstoneGit/humble_ws/install/tutorial_interfaces/include/tutorial_interfaces/tutorial_interfaces/srv/detail/add_three_ints__type_support.c
[14.895s] -- Installing: /home/rstole01/Documents/CapstoneGit/humble_ws/install/tutorial_interfaces/include/tutorial_interfaces/tutorial_interfaces/srv/detail/add_three_ints__rosidl_typesupport_introspection_c.h
[14.896s] -- Up-to-date: /home/rstole01/Documents/CapstoneGit/humble_ws/install/tutorial_interfaces/include/tutorial_interfaces/tutorial_interfaces/msg
[14.896s] -- Installing: /home/rstole01/Documents/CapstoneGit/humble_ws/install/tutorial_interfaces/include/tutorial_interfaces/tutorial_interfaces/msg/rosidl_typesupport_introspection_c__visibility_control.h
[14.896s] -- Up-to-date: /home/rstole01/Documents/CapstoneGit/humble_ws/install/tutorial_interfaces/include/tutorial_interfaces/tutorial_interfaces/msg/detail
[14.896s] -- Installing: /home/rstole01/Documents/CapstoneGit/humble_ws/install/tutorial_interfaces/include/tutorial_interfaces/tutorial_interfaces/msg/detail/scan_range__type_support.c
[14.897s] -- Installing: /home/rstole01/Documents/CapstoneGit/humble_ws/install/tutorial_interfaces/include/tutorial_interfaces/tutorial_interfaces/msg/detail/num__type_support.c
[14.897s] -- Installing: /home/rstole01/Documents/CapstoneGit/humble_ws/install/tutorial_interfaces/include/tutorial_interfaces/tutorial_interfaces/msg/detail/num__rosidl_typesupport_introspection_c.h
[14.897s] -- Installing: /home/rstole01/Documents/CapstoneGit/humble_ws/install/tutorial_interfaces/include/tutorial_interfaces/tutorial_interfaces/msg/detail/scan_range__rosidl_typesupport_introspection_c.h
[14.897s] -- Installing: /home/rstole01/Documents/CapstoneGit/humble_ws/install/tutorial_interfaces/include/tutorial_interfaces/tutorial_interfaces/msg/detail/sphere__type_support.c
[14.898s] -- Installing: /home/rstole01/Documents/CapstoneGit/humble_ws/install/tutorial_interfaces/include/tutorial_interfaces/tutorial_interfaces/msg/detail/sphere__rosidl_typesupport_introspection_c.h
[14.898s] -- Installing: /home/rstole01/Documents/CapstoneGit/humble_ws/install/tutorial_interfaces/lib/libtutorial_interfaces__rosidl_typesupport_introspection_c.so
[14.900s] -- Set runtime path of "/home/rstole01/Documents/CapstoneGit/humble_ws/install/tutorial_interfaces/lib/libtutorial_interfaces__rosidl_typesupport_introspection_c.so" to ""
[14.900s] -- Installing: /home/rstole01/Documents/CapstoneGit/humble_ws/install/tutorial_interfaces/lib/libtutorial_interfaces__rosidl_typesupport_c.so
[14.901s] -- Set runtime path of "/home/rstole01/Documents/CapstoneGit/humble_ws/install/tutorial_interfaces/lib/libtutorial_interfaces__rosidl_typesupport_c.so" to ""
[14.901s] -- Up-to-date: /home/rstole01/Documents/CapstoneGit/humble_ws/install/tutorial_interfaces/include/tutorial_interfaces/tutorial_interfaces
[14.902s] -- Up-to-date: /home/rstole01/Documents/CapstoneGit/humble_ws/install/tutorial_interfaces/include/tutorial_interfaces/tutorial_interfaces/srv
[14.902s] -- Up-to-date: /home/rstole01/Documents/CapstoneGit/humble_ws/install/tutorial_interfaces/include/tutorial_interfaces/tutorial_interfaces/srv/detail
[14.902s] -- Installing: /home/rstole01/Documents/CapstoneGit/humble_ws/install/tutorial_interfaces/include/tutorial_interfaces/tutorial_interfaces/srv/detail/add_three_ints__rosidl_typesupport_introspection_cpp.hpp
[14.903s] -- Installing: /home/rstole01/Documents/CapstoneGit/humble_ws/install/tutorial_interfaces/include/tutorial_interfaces/tutorial_interfaces/srv/detail/add_three_ints__type_support.cpp
[14.903s] -- Up-to-date: /home/rstole01/Documents/CapstoneGit/humble_ws/install/tutorial_interfaces/include/tutorial_interfaces/tutorial_interfaces/msg
[14.903s] -- Up-to-date: /home/rstole01/Documents/CapstoneGit/humble_ws/install/tutorial_interfaces/include/tutorial_interfaces/tutorial_interfaces/msg/detail
[14.903s] -- Installing: /home/rstole01/Documents/CapstoneGit/humble_ws/install/tutorial_interfaces/include/tutorial_interfaces/tutorial_interfaces/msg/detail/scan_range__rosidl_typesupport_introspection_cpp.hpp
[14.904s] -- Installing: /home/rstole01/Documents/CapstoneGit/humble_ws/install/tutorial_interfaces/include/tutorial_interfaces/tutorial_interfaces/msg/detail/sphere__rosidl_typesupport_introspection_cpp.hpp
[14.904s] -- Installing: /home/rstole01/Documents/CapstoneGit/humble_ws/install/tutorial_interfaces/include/tutorial_interfaces/tutorial_interfaces/msg/detail/sphere__type_support.cpp
[14.904s] -- Installing: /home/rstole01/Documents/CapstoneGit/humble_ws/install/tutorial_interfaces/include/tutorial_interfaces/tutorial_interfaces/msg/detail/num__type_support.cpp
[14.904s] -- Installing: /home/rstole01/Documents/CapstoneGit/humble_ws/install/tutorial_interfaces/include/tutorial_interfaces/tutorial_interfaces/msg/detail/num__rosidl_typesupport_introspection_cpp.hpp
[14.905s] -- Installing: /home/rstole01/Documents/CapstoneGit/humble_ws/install/tutorial_interfaces/include/tutorial_interfaces/tutorial_interfaces/msg/detail/scan_range__type_support.cpp
[14.905s] -- Installing: /home/rstole01/Documents/CapstoneGit/humble_ws/install/tutorial_interfaces/lib/libtutorial_interfaces__rosidl_typesupport_introspection_cpp.so
[14.906s] -- Set runtime path of "/home/rstole01/Documents/CapstoneGit/humble_ws/install/tutorial_interfaces/lib/libtutorial_interfaces__rosidl_typesupport_introspection_cpp.so" to ""
[14.907s] -- Installing: /home/rstole01/Documents/CapstoneGit/humble_ws/install/tutorial_interfaces/lib/libtutorial_interfaces__rosidl_typesupport_cpp.so
[14.907s] -- Set runtime path of "/home/rstole01/Documents/CapstoneGit/humble_ws/install/tutorial_interfaces/lib/libtutorial_interfaces__rosidl_typesupport_cpp.so" to ""
[14.908s] -- Installing: /home/rstole01/Documents/CapstoneGit/humble_ws/install/tutorial_interfaces/share/tutorial_interfaces/environment/pythonpath.sh
[14.908s] -- Installing: /home/rstole01/Documents/CapstoneGit/humble_ws/install/tutorial_interfaces/share/tutorial_interfaces/environment/pythonpath.dsv
[14.908s] -- Up-to-date: /home/rstole01/Documents/CapstoneGit/humble_ws/install/tutorial_interfaces/local/lib/python3.10/dist-packages/tutorial_interfaces-0.0.0-py3.10.egg-info
[14.909s] -- Installing: /home/rstole01/Documents/CapstoneGit/humble_ws/install/tutorial_interfaces/local/lib/python3.10/dist-packages/tutorial_interfaces-0.0.0-py3.10.egg-info/top_level.txt
[14.909s] -- Installing: /home/rstole01/Documents/CapstoneGit/humble_ws/install/tutorial_interfaces/local/lib/python3.10/dist-packages/tutorial_interfaces-0.0.0-py3.10.egg-info/SOURCES.txt
[14.909s] -- Installing: /home/rstole01/Documents/CapstoneGit/humble_ws/install/tutorial_interfaces/local/lib/python3.10/dist-packages/tutorial_interfaces-0.0.0-py3.10.egg-info/PKG-INFO
[14.910s] -- Installing: /home/rstole01/Documents/CapstoneGit/humble_ws/install/tutorial_interfaces/local/lib/python3.10/dist-packages/tutorial_interfaces-0.0.0-py3.10.egg-info/dependency_links.txt
[14.910s] -- Up-to-date: /home/rstole01/Documents/CapstoneGit/humble_ws/install/tutorial_interfaces/local/lib/python3.10/dist-packages/tutorial_interfaces
[14.910s] -- Installing: /home/rstole01/Documents/CapstoneGit/humble_ws/install/tutorial_interfaces/local/lib/python3.10/dist-packages/tutorial_interfaces/libtutorial_interfaces__rosidl_generator_py.so
[14.911s] -- Installing: /home/rstole01/Documents/CapstoneGit/humble_ws/install/tutorial_interfaces/local/lib/python3.10/dist-packages/tutorial_interfaces/_tutorial_interfaces_s.ep.rosidl_typesupport_introspection_c.c
[14.911s] -- Up-to-date: /home/rstole01/Documents/CapstoneGit/humble_ws/install/tutorial_interfaces/local/lib/python3.10/dist-packages/tutorial_interfaces/srv
[14.911s] -- Installing: /home/rstole01/Documents/CapstoneGit/humble_ws/install/tutorial_interfaces/local/lib/python3.10/dist-packages/tutorial_interfaces/srv/_add_three_ints.py
[14.912s] -- Installing: /home/rstole01/Documents/CapstoneGit/humble_ws/install/tutorial_interfaces/local/lib/python3.10/dist-packages/tutorial_interfaces/srv/_add_three_ints_s.c
[14.912s] -- Installing: /home/rstole01/Documents/CapstoneGit/humble_ws/install/tutorial_interfaces/local/lib/python3.10/dist-packages/tutorial_interfaces/srv/__init__.py
[14.912s] -- Installing: /home/rstole01/Documents/CapstoneGit/humble_ws/install/tutorial_interfaces/local/lib/python3.10/dist-packages/tutorial_interfaces/_tutorial_interfaces_s.ep.rosidl_typesupport_c.c
[14.913s] -- Installing: /home/rstole01/Documents/CapstoneGit/humble_ws/install/tutorial_interfaces/local/lib/python3.10/dist-packages/tutorial_interfaces/__init__.py
[14.913s] -- Up-to-date: /home/rstole01/Documents/CapstoneGit/humble_ws/install/tutorial_interfaces/local/lib/python3.10/dist-packages/tutorial_interfaces/msg
[14.914s] -- Installing: /home/rstole01/Documents/CapstoneGit/humble_ws/install/tutorial_interfaces/local/lib/python3.10/dist-packages/tutorial_interfaces/msg/_sphere.py
[14.914s] -- Installing: /home/rstole01/Documents/CapstoneGit/humble_ws/install/tutorial_interfaces/local/lib/python3.10/dist-packages/tutorial_interfaces/msg/_num.py
[14.914s] -- Installing: /home/rstole01/Documents/CapstoneGit/humble_ws/install/tutorial_interfaces/local/lib/python3.10/dist-packages/tutorial_interfaces/msg/_scan_range.py
[14.915s] -- Installing: /home/rstole01/Documents/CapstoneGit/humble_ws/install/tutorial_interfaces/local/lib/python3.10/dist-packages/tutorial_interfaces/msg/_sphere_s.c
[14.915s] -- Installing: /home/rstole01/Documents/CapstoneGit/humble_ws/install/tutorial_interfaces/local/lib/python3.10/dist-packages/tutorial_interfaces/msg/__init__.py
[14.915s] -- Installing: /home/rstole01/Documents/CapstoneGit/humble_ws/install/tutorial_interfaces/local/lib/python3.10/dist-packages/tutorial_interfaces/msg/_num_s.c
[14.916s] -- Installing: /home/rstole01/Documents/CapstoneGit/humble_ws/install/tutorial_interfaces/local/lib/python3.10/dist-packages/tutorial_interfaces/msg/_scan_range_s.c
[14.916s] -- Installing: /home/rstole01/Documents/CapstoneGit/humble_ws/install/tutorial_interfaces/local/lib/python3.10/dist-packages/tutorial_interfaces/tutorial_interfaces_s__rosidl_typesupport_introspection_c.cpython-310-x86_64-linux-gnu.so
[14.916s] -- Installing: /home/rstole01/Documents/CapstoneGit/humble_ws/install/tutorial_interfaces/local/lib/python3.10/dist-packages/tutorial_interfaces/tutorial_interfaces_s__rosidl_typesupport_c.cpython-310-x86_64-linux-gnu.so
[14.917s] -- Installing: /home/rstole01/Documents/CapstoneGit/humble_ws/install/tutorial_interfaces/local/lib/python3.10/dist-packages/tutorial_interfaces/tutorial_interfaces_s__rosidl_typesupport_fastrtps_c.cpython-310-x86_64-linux-gnu.so
[14.917s] -- Installing: /home/rstole01/Documents/CapstoneGit/humble_ws/install/tutorial_interfaces/local/lib/python3.10/dist-packages/tutorial_interfaces/_tutorial_interfaces_s.ep.rosidl_typesupport_fastrtps_c.c
[15.000s] Listing '/home/rstole01/Documents/CapstoneGit/humble_ws/install/tutorial_interfaces/local/lib/python3.10/dist-packages/tutorial_interfaces'...
[15.001s] Compiling '/home/rstole01/Documents/CapstoneGit/humble_ws/install/tutorial_interfaces/local/lib/python3.10/dist-packages/tutorial_interfaces/__init__.py'...
[15.001s] Listing '/home/rstole01/Documents/CapstoneGit/humble_ws/install/tutorial_interfaces/local/lib/python3.10/dist-packages/tutorial_interfaces/msg'...
[15.001s] Compiling '/home/rstole01/Documents/CapstoneGit/humble_ws/install/tutorial_interfaces/local/lib/python3.10/dist-packages/tutorial_interfaces/msg/__init__.py'...
[15.001s] Compiling '/home/rstole01/Documents/CapstoneGit/humble_ws/install/tutorial_interfaces/local/lib/python3.10/dist-packages/tutorial_interfaces/msg/_num.py'...
[15.002s] Compiling '/home/rstole01/Documents/CapstoneGit/humble_ws/install/tutorial_interfaces/local/lib/python3.10/dist-packages/tutorial_interfaces/msg/_scan_range.py'...
[15.002s] Compiling '/home/rstole01/Documents/CapstoneGit/humble_ws/install/tutorial_interfaces/local/lib/python3.10/dist-packages/tutorial_interfaces/msg/_sphere.py'...
[15.002s] Listing '/home/rstole01/Documents/CapstoneGit/humble_ws/install/tutorial_interfaces/local/lib/python3.10/dist-packages/tutorial_interfaces/srv'...
[15.002s] Compiling '/home/rstole01/Documents/CapstoneGit/humble_ws/install/tutorial_interfaces/local/lib/python3.10/dist-packages/tutorial_interfaces/srv/__init__.py'...
[15.002s] Compiling '/home/rstole01/Documents/CapstoneGit/humble_ws/install/tutorial_interfaces/local/lib/python3.10/dist-packages/tutorial_interfaces/srv/_add_three_ints.py'...
[15.011s] -- Installing: /home/rstole01/Documents/CapstoneGit/humble_ws/install/tutorial_interfaces/local/lib/python3.10/dist-packages/tutorial_interfaces/tutorial_interfaces_s__rosidl_typesupport_fastrtps_c.cpython-310-x86_64-linux-gnu.so
[15.012s] -- Set runtime path of "/home/rstole01/Documents/CapstoneGit/humble_ws/install/tutorial_interfaces/local/lib/python3.10/dist-packages/tutorial_interfaces/tutorial_interfaces_s__rosidl_typesupport_fastrtps_c.cpython-310-x86_64-linux-gnu.so" to ""
[15.013s] -- Installing: /home/rstole01/Documents/CapstoneGit/humble_ws/install/tutorial_interfaces/local/lib/python3.10/dist-packages/tutorial_interfaces/tutorial_interfaces_s__rosidl_typesupport_introspection_c.cpython-310-x86_64-linux-gnu.so
[15.014s] -- Set runtime path of "/home/rstole01/Documents/CapstoneGit/humble_ws/install/tutorial_interfaces/local/lib/python3.10/dist-packages/tutorial_interfaces/tutorial_interfaces_s__rosidl_typesupport_introspection_c.cpython-310-x86_64-linux-gnu.so" to ""
[15.015s] -- Installing: /home/rstole01/Documents/CapstoneGit/humble_ws/install/tutorial_interfaces/local/lib/python3.10/dist-packages/tutorial_interfaces/tutorial_interfaces_s__rosidl_typesupport_c.cpython-310-x86_64-linux-gnu.so
[15.016s] -- Set runtime path of "/home/rstole01/Documents/CapstoneGit/humble_ws/install/tutorial_interfaces/local/lib/python3.10/dist-packages/tutorial_interfaces/tutorial_interfaces_s__rosidl_typesupport_c.cpython-310-x86_64-linux-gnu.so" to ""
[15.016s] -- Installing: /home/rstole01/Documents/CapstoneGit/humble_ws/install/tutorial_interfaces/lib/libtutorial_interfaces__rosidl_generator_py.so
[15.017s] -- Set runtime path of "/home/rstole01/Documents/CapstoneGit/humble_ws/install/tutorial_interfaces/lib/libtutorial_interfaces__rosidl_generator_py.so" to ""
[15.017s] -- Installing: /home/rstole01/Documents/CapstoneGit/humble_ws/install/tutorial_interfaces/share/tutorial_interfaces/msg/Num.idl
[15.018s] -- Installing: /home/rstole01/Documents/CapstoneGit/humble_ws/install/tutorial_interfaces/share/tutorial_interfaces/msg/Sphere.idl
[15.018s] -- Installing: /home/rstole01/Documents/CapstoneGit/humble_ws/install/tutorial_interfaces/share/tutorial_interfaces/srv/AddThreeInts.idl
[15.018s] -- Installing: /home/rstole01/Documents/CapstoneGit/humble_ws/install/tutorial_interfaces/share/tutorial_interfaces/msg/ScanRange.idl
[15.018s] -- Up-to-date: /home/rstole01/Documents/CapstoneGit/humble_ws/install/tutorial_interfaces/share/tutorial_interfaces/msg/Num.msg
[15.019s] -- Up-to-date: /home/rstole01/Documents/CapstoneGit/humble_ws/install/tutorial_interfaces/share/tutorial_interfaces/msg/Sphere.msg
[15.019s] -- Up-to-date: /home/rstole01/Documents/CapstoneGit/humble_ws/install/tutorial_interfaces/share/tutorial_interfaces/srv/AddThreeInts.srv
[15.019s] -- Installing: /home/rstole01/Documents/CapstoneGit/humble_ws/install/tutorial_interfaces/share/tutorial_interfaces/srv/AddThreeInts_Request.msg
[15.019s] -- Installing: /home/rstole01/Documents/CapstoneGit/humble_ws/install/tutorial_interfaces/share/tutorial_interfaces/srv/AddThreeInts_Response.msg
[15.019s] -- Up-to-date: /home/rstole01/Documents/CapstoneGit/humble_ws/install/tutorial_interfaces/share/tutorial_interfaces/msg/ScanRange.msg
[15.019s] -- Installing: /home/rstole01/Documents/CapstoneGit/humble_ws/install/tutorial_interfaces/share/ament_index/resource_index/package_run_dependencies/tutorial_interfaces
[15.020s] -- Installing: /home/rstole01/Documents/CapstoneGit/humble_ws/install/tutorial_interfaces/share/ament_index/resource_index/parent_prefix_path/tutorial_interfaces
[15.020s] -- Up-to-date: /home/rstole01/Documents/CapstoneGit/humble_ws/install/tutorial_interfaces/share/tutorial_interfaces/environment/ament_prefix_path.sh
[15.020s] -- Installing: /home/rstole01/Documents/CapstoneGit/humble_ws/install/tutorial_interfaces/share/tutorial_interfaces/environment/ament_prefix_path.dsv
[15.020s] -- Up-to-date: /home/rstole01/Documents/CapstoneGit/humble_ws/install/tutorial_interfaces/share/tutorial_interfaces/environment/path.sh
[15.021s] -- Installing: /home/rstole01/Documents/CapstoneGit/humble_ws/install/tutorial_interfaces/share/tutorial_interfaces/environment/path.dsv
[15.021s] -- Installing: /home/rstole01/Documents/CapstoneGit/humble_ws/install/tutorial_interfaces/share/tutorial_interfaces/local_setup.bash
[15.021s] -- Installing: /home/rstole01/Documents/CapstoneGit/humble_ws/install/tutorial_interfaces/share/tutorial_interfaces/local_setup.sh
[15.022s] -- Installing: /home/rstole01/Documents/CapstoneGit/humble_ws/install/tutorial_interfaces/share/tutorial_interfaces/local_setup.zsh
[15.022s] -- Installing: /home/rstole01/Documents/CapstoneGit/humble_ws/install/tutorial_interfaces/share/tutorial_interfaces/local_setup.dsv
[15.022s] -- Installing: /home/rstole01/Documents/CapstoneGit/humble_ws/install/tutorial_interfaces/share/tutorial_interfaces/package.dsv
[15.023s] -- Installing: /home/rstole01/Documents/CapstoneGit/humble_ws/install/tutorial_interfaces/share/ament_index/resource_index/packages/tutorial_interfaces
[15.023s] -- Installing: /home/rstole01/Documents/CapstoneGit/humble_ws/install/tutorial_interfaces/share/tutorial_interfaces/cmake/export_tutorial_interfaces__rosidl_generator_cExport.cmake
[15.023s] -- Installing: /home/rstole01/Documents/CapstoneGit/humble_ws/install/tutorial_interfaces/share/tutorial_interfaces/cmake/export_tutorial_interfaces__rosidl_generator_cExport-noconfig.cmake
[15.024s] -- Installing: /home/rstole01/Documents/CapstoneGit/humble_ws/install/tutorial_interfaces/share/tutorial_interfaces/cmake/export_tutorial_interfaces__rosidl_typesupport_fastrtps_cExport.cmake
[15.024s] -- Installing: /home/rstole01/Documents/CapstoneGit/humble_ws/install/tutorial_interfaces/share/tutorial_interfaces/cmake/export_tutorial_interfaces__rosidl_typesupport_fastrtps_cExport-noconfig.cmake
[15.024s] -- Installing: /home/rstole01/Documents/CapstoneGit/humble_ws/install/tutorial_interfaces/share/tutorial_interfaces/cmake/export_tutorial_interfaces__rosidl_generator_cppExport.cmake
[15.025s] -- Installing: /home/rstole01/Documents/CapstoneGit/humble_ws/install/tutorial_interfaces/share/tutorial_interfaces/cmake/export_tutorial_interfaces__rosidl_typesupport_fastrtps_cppExport.cmake
[15.025s] -- Installing: /home/rstole01/Documents/CapstoneGit/humble_ws/install/tutorial_interfaces/share/tutorial_interfaces/cmake/export_tutorial_interfaces__rosidl_typesupport_fastrtps_cppExport-noconfig.cmake
[15.026s] -- Installing: /home/rstole01/Documents/CapstoneGit/humble_ws/install/tutorial_interfaces/share/tutorial_interfaces/cmake/tutorial_interfaces__rosidl_typesupport_introspection_cExport.cmake
[15.026s] -- Installing: /home/rstole01/Documents/CapstoneGit/humble_ws/install/tutorial_interfaces/share/tutorial_interfaces/cmake/tutorial_interfaces__rosidl_typesupport_introspection_cExport-noconfig.cmake
[15.026s] -- Installing: /home/rstole01/Documents/CapstoneGit/humble_ws/install/tutorial_interfaces/share/tutorial_interfaces/cmake/tutorial_interfaces__rosidl_typesupport_cExport.cmake
[15.027s] -- Installing: /home/rstole01/Documents/CapstoneGit/humble_ws/install/tutorial_interfaces/share/tutorial_interfaces/cmake/tutorial_interfaces__rosidl_typesupport_cExport-noconfig.cmake
[15.027s] -- Installing: /home/rstole01/Documents/CapstoneGit/humble_ws/install/tutorial_interfaces/share/tutorial_interfaces/cmake/tutorial_interfaces__rosidl_typesupport_introspection_cppExport.cmake
[15.027s] -- Installing: /home/rstole01/Documents/CapstoneGit/humble_ws/install/tutorial_interfaces/share/tutorial_interfaces/cmake/tutorial_interfaces__rosidl_typesupport_introspection_cppExport-noconfig.cmake
[15.028s] -- Installing: /home/rstole01/Documents/CapstoneGit/humble_ws/install/tutorial_interfaces/share/tutorial_interfaces/cmake/tutorial_interfaces__rosidl_typesupport_cppExport.cmake
[15.029s] -- Installing: /home/rstole01/Documents/CapstoneGit/humble_ws/install/tutorial_interfaces/share/tutorial_interfaces/cmake/tutorial_interfaces__rosidl_typesupport_cppExport-noconfig.cmake
[15.029s] -- Installing: /home/rstole01/Documents/CapstoneGit/humble_ws/install/tutorial_interfaces/share/tutorial_interfaces/cmake/export_tutorial_interfaces__rosidl_generator_pyExport.cmake
[15.030s] -- Installing: /home/rstole01/Documents/CapstoneGit/humble_ws/install/tutorial_interfaces/share/tutorial_interfaces/cmake/export_tutorial_interfaces__rosidl_generator_pyExport-noconfig.cmake
[15.030s] -- Installing: /home/rstole01/Documents/CapstoneGit/humble_ws/install/tutorial_interfaces/share/tutorial_interfaces/cmake/rosidl_cmake-extras.cmake
[15.031s] -- Installing: /home/rstole01/Documents/CapstoneGit/humble_ws/install/tutorial_interfaces/share/tutorial_interfaces/cmake/ament_cmake_export_dependencies-extras.cmake
[15.031s] -- Installing: /home/rstole01/Documents/CapstoneGit/humble_ws/install/tutorial_interfaces/share/tutorial_interfaces/cmake/ament_cmake_export_include_directories-extras.cmake
[15.032s] -- Installing: /home/rstole01/Documents/CapstoneGit/humble_ws/install/tutorial_interfaces/share/tutorial_interfaces/cmake/ament_cmake_export_libraries-extras.cmake
[15.032s] -- Installing: /home/rstole01/Documents/CapstoneGit/humble_ws/install/tutorial_interfaces/share/tutorial_interfaces/cmake/ament_cmake_export_targets-extras.cmake
[15.033s] -- Installing: /home/rstole01/Documents/CapstoneGit/humble_ws/install/tutorial_interfaces/share/tutorial_interfaces/cmake/rosidl_cmake_export_typesupport_targets-extras.cmake
[15.033s] -- Installing: /home/rstole01/Documents/CapstoneGit/humble_ws/install/tutorial_interfaces/share/tutorial_interfaces/cmake/rosidl_cmake_export_typesupport_libraries-extras.cmake
[15.034s] -- Installing: /home/rstole01/Documents/CapstoneGit/humble_ws/install/tutorial_interfaces/share/tutorial_interfaces/cmake/tutorial_interfacesConfig.cmake
[15.034s] -- Installing: /home/rstole01/Documents/CapstoneGit/humble_ws/install/tutorial_interfaces/share/tutorial_interfaces/cmake/tutorial_interfacesConfig-version.cmake
[15.034s] -- Up-to-date: /home/rstole01/Documents/CapstoneGit/humble_ws/install/tutorial_interfaces/share/tutorial_interfaces/package.xml
[15.040s] Invoked command in '/home/rstole01/Documents/CapstoneGit/humble_ws/build/tutorial_interfaces' returned '0': CMAKE_PREFIX_PATH=${CMAKE_PREFIX_PATH}:/home/rstole01/Documents/CapstoneGit/humble_ws/install/waypoint_logger:/home/rstole01/Documents/CapstoneGit/humble_ws/install/scan_pubsub:/home/rstole01/Documents/CapstoneGit/humble_ws/install/cpp_pubsub:/home/rstole01/Documents/CapstoneGit/humble_ws/install/tutorial_interfaces:/home/rstole01/Documents/CapstoneGit/humble_ws/install/pid_lab:/home/rstole01/Documents/CapstoneGit/humble_ws/install/lab1_package:/home/rstole01/Documents/CapstoneGit/humble_ws/install/f1tenth_gym_ros:/home/rstole01/Documents/CapstoneGit/humble_ws/install/aeb_lab:/opt/ros/humble /usr/bin/cmake --install /home/rstole01/Documents/CapstoneGit/humble_ws/build/tutorial_interfaces
