[0.144s] Invoking command in '/home/rstole01/Documents/CSE-596/humble_ws/build/pid_lab': CMAKE_PREFIX_PATH=/opt/ros/humble /usr/bin/cmake --build /home/rstole01/Documents/CSE-596/humble_ws/build/pid_lab -- -j8 -l8
[0.222s] [35m[1mConsolidate compiler generated dependencies of target pid[0m
[0.259s] [ 50%] [32mBuilding CXX object CMakeFiles/pid.dir/src/wall_follow_node.cpp.o[0m
[4.667s] [01m[K/home/rstole01/Documents/CSE-596/humble_ws/src/pid_lab/src/wall_follow_node.cpp:[m[K In constructor ‘[01m[KWallFollow::WallFollow()[m[K’:
[4.667s] [01m[K/home/rstole01/Documents/CSE-596/humble_ws/src/pid_lab/src/wall_follow_node.cpp:20:37:[m[K [01;31m[Kerror: [m[K‘[01m[KSafety[m[K’ has not been declared
[4.667s]    20 |             "/scan", 10, std::bind(&[01;31m[KSafety[m[K::scan_callback, this, _1));
[4.668s]       |                                     [01;31m[K^~~~~~[m[K
[4.672s] [01m[K/home/rstole01/Documents/CSE-596/humble_ws/src/pid_lab/src/wall_follow_node.cpp:[m[K In member function ‘[01m[Kint WallFollow::find_angle_index(float, float, float, float)[m[K’:
[4.672s] [01m[K/home/rstole01/Documents/CSE-596/humble_ws/src/pid_lab/src/wall_follow_node.cpp:55:49:[m[K [01;35m[Kwarning: [m[Kunused parameter ‘[01m[Kangle_max[m[K’ [[01;35m[K]8;;https://gcc.gnu.org/onlinedocs/gcc/Warning-Options.html#index-Wunused-parameter-Wunused-parameter]8;;[m[K]
[4.672s]    55 |     int find_angle_index(float angle_min, [01;35m[Kfloat angle_max[m[K, float angle_increment, float angle){
[4.672s]       |                                           [01;35m[K~~~~~~^~~~~~~~~[m[K
[4.677s] [01m[K/home/rstole01/Documents/CSE-596/humble_ws/src/pid_lab/src/wall_follow_node.cpp:[m[K In member function ‘[01m[Kvoid WallFollow::scan_callback(sensor_msgs::msg::LaserScan_<std::allocator<void> >::ConstSharedPtr)[m[K’:
[4.678s] [01m[K/home/rstole01/Documents/CSE-596/humble_ws/src/pid_lab/src/wall_follow_node.cpp:85:30:[m[K [01;31m[Kerror: [m[K‘[01m[Kmsg[m[K’ was not declared in this scope
[4.678s]    85 |         std::copy(std::begin([01;31m[Kmsg[m[K.ranges), std::end(msg.ranges), std::begin(ranges));
[4.678s]       |                              [01;31m[K^~~[m[K
[4.678s] [01m[K/home/rstole01/Documents/CSE-596/humble_ws/src/pid_lab/src/wall_follow_node.cpp:85:30:[m[K [01;36m[Knote: [m[Ksuggested alternatives:
[4.678s] In file included from [01m[K/opt/ros/humble/include/builtin_interfaces/builtin_interfaces/msg/duration.hpp:7[m[K,
[4.679s]                  from [01m[K/opt/ros/humble/include/rclcpp/rclcpp/duration.hpp:20[m[K,
[4.679s]                  from [01m[K/opt/ros/humble/include/rclcpp/rclcpp/qos.hpp:20[m[K,
[4.679s]                  from [01m[K/opt/ros/humble/include/rclcpp/rclcpp/node_interfaces/node_graph_interface.hpp:32[m[K,
[4.679s]                  from [01m[K/opt/ros/humble/include/rclcpp/rclcpp/client.hpp:42[m[K,
[4.679s]                  from [01m[K/opt/ros/humble/include/rclcpp/rclcpp/callback_group.hpp:24[m[K,
[4.680s]                  from [01m[K/opt/ros/humble/include/rclcpp/rclcpp/any_executable.hpp:20[m[K,
[4.680s]                  from [01m[K/opt/ros/humble/include/rclcpp/rclcpp/memory_strategy.hpp:25[m[K,
[4.680s]                  from [01m[K/opt/ros/humble/include/rclcpp/rclcpp/memory_strategies.hpp:18[m[K,
[4.680s]                  from [01m[K/opt/ros/humble/include/rclcpp/rclcpp/executor_options.hpp:20[m[K,
[4.680s]                  from [01m[K/opt/ros/humble/include/rclcpp/rclcpp/executor.hpp:37[m[K,
[4.681s]                  from [01m[K/opt/ros/humble/include/rclcpp/rclcpp/executors/multi_threaded_executor.hpp:25[m[K,
[4.681s]                  from [01m[K/opt/ros/humble/include/rclcpp/rclcpp/executors.hpp:21[m[K,
[4.681s]                  from [01m[K/opt/ros/humble/include/rclcpp/rclcpp/rclcpp.hpp:155[m[K,
[4.681s]                  from [01m[K/home/rstole01/Documents/CSE-596/humble_ws/src/pid_lab/src/wall_follow_node.cpp:1[m[K:
[4.681s] [01m[K/opt/ros/humble/include/builtin_interfaces/builtin_interfaces/msg/detail/duration__struct.hpp:27:11:[m[K [01;36m[Knote: [m[K  ‘[01m[Kbuiltin_interfaces::msg[m[K’
[4.682s]    27 | namespace [01;36m[Kmsg[m[K
[4.682s]       |           [01;36m[K^~~[m[K
[4.682s] In file included from [01m[K/opt/ros/humble/include/rcl_interfaces/rcl_interfaces/msg/set_parameters_result.hpp:7[m[K,
[4.682s]                  from [01m[K/opt/ros/humble/include/rclcpp/rclcpp/qos_overriding_options.hpp:28[m[K,
[4.683s]                  from [01m[K/opt/ros/humble/include/rclcpp/rclcpp/subscription_options.hpp:30[m[K,
[4.683s]                  from [01m[K/opt/ros/humble/include/rclcpp/rclcpp/subscription.hpp:45[m[K,
[4.683s]                  from [01m[K/opt/ros/humble/include/rclcpp/rclcpp/any_executable.hpp:25[m[K,
[4.683s]                  from [01m[K/opt/ros/humble/include/rclcpp/rclcpp/memory_strategy.hpp:25[m[K,
[4.683s]                  from [01m[K/opt/ros/humble/include/rclcpp/rclcpp/memory_strategies.hpp:18[m[K,
[4.684s]                  from [01m[K/opt/ros/humble/include/rclcpp/rclcpp/executor_options.hpp:20[m[K,
[4.684s]                  from [01m[K/opt/ros/humble/include/rclcpp/rclcpp/executor.hpp:37[m[K,
[4.684s]                  from [01m[K/opt/ros/humble/include/rclcpp/rclcpp/executors/multi_threaded_executor.hpp:25[m[K,
[4.684s]                  from [01m[K/opt/ros/humble/include/rclcpp/rclcpp/executors.hpp:21[m[K,
[4.684s]                  from [01m[K/opt/ros/humble/include/rclcpp/rclcpp/rclcpp.hpp:155[m[K,
[4.684s]                  from [01m[K/home/rstole01/Documents/CSE-596/humble_ws/src/pid_lab/src/wall_follow_node.cpp:1[m[K:
[4.685s] [01m[K/opt/ros/humble/include/rcl_interfaces/rcl_interfaces/msg/detail/set_parameters_result__struct.hpp:27:11:[m[K [01;36m[Knote: [m[K  ‘[01m[Krcl_interfaces::msg[m[K’
[4.685s]    27 | namespace [01;36m[Kmsg[m[K
[4.685s]       |           [01;36m[K^~~[m[K
[4.685s] In file included from [01m[K/opt/ros/humble/include/statistics_msgs/statistics_msgs/msg/detail/metrics_message__struct.hpp:23[m[K,
[4.685s]                  from [01m[K/opt/ros/humble/include/statistics_msgs/statistics_msgs/msg/metrics_message.hpp:7[m[K,
[4.685s]                  from [01m[K/opt/ros/humble/include/libstatistics_collector/libstatistics_collector/collector/generate_statistics_message.hpp:21[m[K,
[4.685s]                  from [01m[K/opt/ros/humble/include/rclcpp/rclcpp/topic_statistics/subscription_topic_statistics.hpp:23[m[K,
[4.685s]                  from [01m[K/opt/ros/humble/include/rclcpp/rclcpp/subscription.hpp:50[m[K,
[4.686s]                  from [01m[K/opt/ros/humble/include/rclcpp/rclcpp/any_executable.hpp:25[m[K,
[4.686s]                  from [01m[K/opt/ros/humble/include/rclcpp/rclcpp/memory_strategy.hpp:25[m[K,
[4.686s]                  from [01m[K/opt/ros/humble/include/rclcpp/rclcpp/memory_strategies.hpp:18[m[K,
[4.686s]                  from [01m[K/opt/ros/humble/include/rclcpp/rclcpp/executor_options.hpp:20[m[K,
[4.686s]                  from [01m[K/opt/ros/humble/include/rclcpp/rclcpp/executor.hpp:37[m[K,
[4.686s]                  from [01m[K/opt/ros/humble/include/rclcpp/rclcpp/executors/multi_threaded_executor.hpp:25[m[K,
[4.686s]                  from [01m[K/opt/ros/humble/include/rclcpp/rclcpp/executors.hpp:21[m[K,
[4.686s]                  from [01m[K/opt/ros/humble/include/rclcpp/rclcpp/rclcpp.hpp:155[m[K,
[4.687s]                  from [01m[K/home/rstole01/Documents/CSE-596/humble_ws/src/pid_lab/src/wall_follow_node.cpp:1[m[K:
[4.687s] [01m[K/opt/ros/humble/include/statistics_msgs/statistics_msgs/msg/detail/statistic_data_point__struct.hpp:27:11:[m[K [01;36m[Knote: [m[K  ‘[01m[Kstatistics_msgs::msg[m[K’
[4.687s]    27 | namespace [01;36m[Kmsg[m[K
[4.687s]       |           [01;36m[K^~~[m[K
[4.687s] In file included from [01m[K/opt/ros/humble/include/sensor_msgs/sensor_msgs/msg/detail/laser_scan__struct.hpp:20[m[K,
[4.687s]                  from [01m[K/opt/ros/humble/include/sensor_msgs/sensor_msgs/msg/laser_scan.hpp:7[m[K,
[4.687s]                  from [01m[K/home/rstole01/Documents/CSE-596/humble_ws/src/pid_lab/src/wall_follow_node.cpp:3[m[K:
[4.687s] [01m[K/opt/ros/humble/include/std_msgs/std_msgs/msg/detail/header__struct.hpp:31:11:[m[K [01;36m[Knote: [m[K  ‘[01m[Kstd_msgs::msg[m[K’
[4.688s]    31 | namespace [01;36m[Kmsg[m[K
[4.688s]       |           [01;36m[K^~~[m[K
[4.688s] In file included from [01m[K/opt/ros/humble/include/sensor_msgs/sensor_msgs/msg/laser_scan.hpp:7[m[K,
[4.688s]                  from [01m[K/home/rstole01/Documents/CSE-596/humble_ws/src/pid_lab/src/wall_follow_node.cpp:3[m[K:
[4.688s] [01m[K/opt/ros/humble/include/sensor_msgs/sensor_msgs/msg/detail/laser_scan__struct.hpp:31:11:[m[K [01;36m[Knote: [m[K  ‘[01m[Ksensor_msgs::msg[m[K’
[4.688s]    31 | namespace [01;36m[Kmsg[m[K
[4.688s]       |           [01;36m[K^~~[m[K
[4.688s] In file included from [01m[K/opt/ros/humble/include/geometry_msgs/geometry_msgs/msg/detail/pose__struct.hpp:20[m[K,
[4.689s]                  from [01m[K/opt/ros/humble/include/geometry_msgs/geometry_msgs/msg/detail/pose_with_covariance__struct.hpp:20[m[K,
[4.689s]                  from [01m[K/opt/ros/humble/include/nav_msgs/nav_msgs/msg/detail/odometry__struct.hpp:22[m[K,
[4.689s]                  from [01m[K/opt/ros/humble/include/nav_msgs/nav_msgs/msg/odometry.hpp:7[m[K,
[4.689s]                  from [01m[K/home/rstole01/Documents/CSE-596/humble_ws/src/pid_lab/src/wall_follow_node.cpp:4[m[K:
[4.689s] [01m[K/opt/ros/humble/include/geometry_msgs/geometry_msgs/msg/detail/point__struct.hpp:27:11:[m[K [01;36m[Knote: [m[K  ‘[01m[Kgeometry_msgs::msg[m[K’
[4.689s]    27 | namespace [01;36m[Kmsg[m[K
[4.689s]       |           [01;36m[K^~~[m[K
[4.689s] In file included from [01m[K/opt/ros/humble/include/nav_msgs/nav_msgs/msg/odometry.hpp:7[m[K,
[4.690s]                  from [01m[K/home/rstole01/Documents/CSE-596/humble_ws/src/pid_lab/src/wall_follow_node.cpp:4[m[K:
[4.690s] [01m[K/opt/ros/humble/include/nav_msgs/nav_msgs/msg/detail/odometry__struct.hpp:35:11:[m[K [01;36m[Knote: [m[K  ‘[01m[Knav_msgs::msg[m[K’
[4.690s]    35 | namespace [01;36m[Kmsg[m[K
[4.690s]       |           [01;36m[K^~~[m[K
[4.690s] In file included from [01m[K/opt/ros/humble/include/ackermann_msgs/ackermann_msgs/msg/detail/ackermann_drive_stamped__struct.hpp:22[m[K,
[4.690s]                  from [01m[K/opt/ros/humble/include/ackermann_msgs/ackermann_msgs/msg/ackermann_drive_stamped.hpp:7[m[K,
[4.690s]                  from [01m[K/home/rstole01/Documents/CSE-596/humble_ws/src/pid_lab/src/wall_follow_node.cpp:5[m[K:
[4.690s] [01m[K/opt/ros/humble/include/ackermann_msgs/ackermann_msgs/msg/detail/ackermann_drive__struct.hpp:27:11:[m[K [01;36m[Knote: [m[K  ‘[01m[Kackermann_msgs::msg[m[K’
[4.691s]    27 | namespace [01;36m[Kmsg[m[K
[4.691s]       |           [01;36m[K^~~[m[K
[4.691s] [01m[K/home/rstole01/Documents/CSE-596/humble_ws/src/pid_lab/src/wall_follow_node.cpp:114:16:[m[K [01;35m[Kwarning: [m[Kunused variable ‘[01m[Kvelocity[m[K’ [[01;35m[K]8;;https://gcc.gnu.org/onlinedocs/gcc/Warning-Options.html#index-Wunused-variable-Wunused-variable]8;;[m[K]
[4.691s]   114 |         double [01;35m[Kvelocity[m[K = 0.0; // TODO: calculate desired car velocity based on error
[4.691s]       |                [01;35m[K^~~~~~~~[m[K
[6.100s] gmake[2]: *** [CMakeFiles/pid.dir/build.make:76: CMakeFiles/pid.dir/src/wall_follow_node.cpp.o] Error 1
[6.101s] gmake[1]: *** [CMakeFiles/Makefile2:137: CMakeFiles/pid.dir/all] Error 2
[6.101s] gmake: *** [Makefile:146: all] Error 2
[6.105s] Invoked command in '/home/rstole01/Documents/CSE-596/humble_ws/build/pid_lab' returned '2': CMAKE_PREFIX_PATH=/opt/ros/humble /usr/bin/cmake --build /home/rstole01/Documents/CSE-596/humble_ws/build/pid_lab -- -j8 -l8
