[1.690s] Invoking command in '/home/rstole01/Documents/CSE-596/msu_ws/build/waypoint_publisher': CMAKE_PREFIX_PATH=${CMAKE_PREFIX_PATH}:/home/rstole01/Documents/CSE-596/msu_ws/install/waypoint_writer:/home/rstole01/Documents/CSE-596/msu_ws/install/waypoint_follow:/home/rstole01/Documents/CSE-596/msu_ws/install/wall_follower_pid:/home/rstole01/Documents/CSE-596/msu_ws/install/qlearn:/home/rstole01/Documents/CSE-596/msu_ws/install/py_pubsub:/home/rstole01/Documents/CSE-596/msu_ws/install/plexer360:/home/rstole01/Documents/CSE-596/msu_ws/install/painter:/home/rstole01/Documents/CSE-596/msu_ws/install/f1tenth_gym_ros:/opt/ros/humble /usr/bin/cmake --build /home/rstole01/Documents/CSE-596/msu_ws/build/waypoint_publisher -- -j8 -l8
[1.899s] [100%] Built target waypoint_publisher
[1.941s] Invoked command in '/home/rstole01/Documents/CSE-596/msu_ws/build/waypoint_publisher' returned '0': CMAKE_PREFIX_PATH=${CMAKE_PREFIX_PATH}:/home/rstole01/Documents/CSE-596/msu_ws/install/waypoint_writer:/home/rstole01/Documents/CSE-596/msu_ws/install/waypoint_follow:/home/rstole01/Documents/CSE-596/msu_ws/install/wall_follower_pid:/home/rstole01/Documents/CSE-596/msu_ws/install/qlearn:/home/rstole01/Documents/CSE-596/msu_ws/install/py_pubsub:/home/rstole01/Documents/CSE-596/msu_ws/install/plexer360:/home/rstole01/Documents/CSE-596/msu_ws/install/painter:/home/rstole01/Documents/CSE-596/msu_ws/install/f1tenth_gym_ros:/opt/ros/humble /usr/bin/cmake --build /home/rstole01/Documents/CSE-596/msu_ws/build/waypoint_publisher -- -j8 -l8
[2.265s] Invoking command in '/home/rstole01/Documents/CSE-596/msu_ws/build/waypoint_publisher': CMAKE_PREFIX_PATH=${CMAKE_PREFIX_PATH}:/home/rstole01/Documents/CSE-596/msu_ws/install/waypoint_writer:/home/rstole01/Documents/CSE-596/msu_ws/install/waypoint_follow:/home/rstole01/Documents/CSE-596/msu_ws/install/wall_follower_pid:/home/rstole01/Documents/CSE-596/msu_ws/install/qlearn:/home/rstole01/Documents/CSE-596/msu_ws/install/py_pubsub:/home/rstole01/Documents/CSE-596/msu_ws/install/plexer360:/home/rstole01/Documents/CSE-596/msu_ws/install/painter:/home/rstole01/Documents/CSE-596/msu_ws/install/f1tenth_gym_ros:/opt/ros/humble /usr/bin/cmake --install /home/rstole01/Documents/CSE-596/msu_ws/build/waypoint_publisher
[2.288s] -- Install configuration: ""
[2.288s] -- Up-to-date: /home/rstole01/Documents/CSE-596/msu_ws/install/waypoint_publisher/share/waypoint_publisher/data
[2.289s] -- Up-to-date: /home/rstole01/Documents/CSE-596/msu_ws/install/waypoint_publisher/share/waypoint_publisher/data/IMS_raceline.csv
[2.289s] -- Up-to-date: /home/rstole01/Documents/CSE-596/msu_ws/install/waypoint_publisher/share/waypoint_publisher/data/Spa_centerline.csv
[2.289s] -- Up-to-date: /home/rstole01/Documents/CSE-596/msu_ws/install/waypoint_publisher/share/waypoint_publisher/data/Spa_raceline.csv
[2.289s] -- Up-to-date: /home/rstole01/Documents/CSE-596/msu_ws/install/waypoint_publisher/share/waypoint_publisher/data/Oschersleben_raceline.csv
[2.289s] -- Up-to-date: /home/rstole01/Documents/CSE-596/msu_ws/install/waypoint_publisher/share/waypoint_publisher/data/Spa_slammed_mincurv-0.15.csv
[2.290s] -- Up-to-date: /home/rstole01/Documents/CSE-596/msu_ws/install/waypoint_publisher/share/waypoint_publisher/data/IMS_centerline.csv
[2.290s] -- Up-to-date: /home/rstole01/Documents/CSE-596/msu_ws/install/waypoint_publisher/share/waypoint_publisher/data/campusmap_path.csv
[2.290s] -- Up-to-date: /home/rstole01/Documents/CSE-596/msu_ws/install/waypoint_publisher/share/waypoint_publisher/data/Spa_slammed_mincurv-0.3.csv
[2.291s] -- Up-to-date: /home/rstole01/Documents/CSE-596/msu_ws/install/waypoint_publisher/share/waypoint_publisher/data/Oschersleben_centerline.csv
[2.291s] -- Up-to-date: /home/rstole01/Documents/CSE-596/msu_ws/install/waypoint_publisher/lib/waypoint_publisher/waypoint_publisher
[2.291s] -- Up-to-date: /home/rstole01/Documents/CSE-596/msu_ws/install/waypoint_publisher/share/ament_index/resource_index/package_run_dependencies/waypoint_publisher
[2.292s] -- Up-to-date: /home/rstole01/Documents/CSE-596/msu_ws/install/waypoint_publisher/share/ament_index/resource_index/parent_prefix_path/waypoint_publisher
[2.292s] -- Up-to-date: /home/rstole01/Documents/CSE-596/msu_ws/install/waypoint_publisher/share/waypoint_publisher/environment/ament_prefix_path.sh
[2.292s] -- Up-to-date: /home/rstole01/Documents/CSE-596/msu_ws/install/waypoint_publisher/share/waypoint_publisher/environment/ament_prefix_path.dsv
[2.292s] -- Up-to-date: /home/rstole01/Documents/CSE-596/msu_ws/install/waypoint_publisher/share/waypoint_publisher/environment/path.sh
[2.292s] -- Up-to-date: /home/rstole01/Documents/CSE-596/msu_ws/install/waypoint_publisher/share/waypoint_publisher/environment/path.dsv
[2.293s] -- Up-to-date: /home/rstole01/Documents/CSE-596/msu_ws/install/waypoint_publisher/share/waypoint_publisher/local_setup.bash
[2.293s] -- Up-to-date: /home/rstole01/Documents/CSE-596/msu_ws/install/waypoint_publisher/share/waypoint_publisher/local_setup.sh
[2.293s] -- Up-to-date: /home/rstole01/Documents/CSE-596/msu_ws/install/waypoint_publisher/share/waypoint_publisher/local_setup.zsh
[2.293s] -- Up-to-date: /home/rstole01/Documents/CSE-596/msu_ws/install/waypoint_publisher/share/waypoint_publisher/local_setup.dsv
[2.294s] -- Installing: /home/rstole01/Documents/CSE-596/msu_ws/install/waypoint_publisher/share/waypoint_publisher/package.dsv
[2.294s] -- Up-to-date: /home/rstole01/Documents/CSE-596/msu_ws/install/waypoint_publisher/share/ament_index/resource_index/packages/waypoint_publisher
[2.308s] -- Up-to-date: /home/rstole01/Documents/CSE-596/msu_ws/install/waypoint_publisher/share/waypoint_publisher/cmake/waypoint_publisherConfig.cmake
[2.309s] -- Up-to-date: /home/rstole01/Documents/CSE-596/msu_ws/install/waypoint_publisher/share/waypoint_publisher/cmake/waypoint_publisherConfig-version.cmake
[2.309s] -- Up-to-date: /home/rstole01/Documents/CSE-596/msu_ws/install/waypoint_publisher/share/waypoint_publisher/package.xml
[2.309s] Invoked command in '/home/rstole01/Documents/CSE-596/msu_ws/build/waypoint_publisher' returned '0': CMAKE_PREFIX_PATH=${CMAKE_PREFIX_PATH}:/home/rstole01/Documents/CSE-596/msu_ws/install/waypoint_writer:/home/rstole01/Documents/CSE-596/msu_ws/install/waypoint_follow:/home/rstole01/Documents/CSE-596/msu_ws/install/wall_follower_pid:/home/rstole01/Documents/CSE-596/msu_ws/install/qlearn:/home/rstole01/Documents/CSE-596/msu_ws/install/py_pubsub:/home/rstole01/Documents/CSE-596/msu_ws/install/plexer360:/home/rstole01/Documents/CSE-596/msu_ws/install/painter:/home/rstole01/Documents/CSE-596/msu_ws/install/f1tenth_gym_ros:/opt/ros/humble /usr/bin/cmake --install /home/rstole01/Documents/CSE-596/msu_ws/build/waypoint_publisher
