[0.095s] Invoking command in '/home/rstole01/Documents/CapstoneGit/humble_ws/build/aeb_lab': CMAKE_PREFIX_PATH=${CMAKE_PREFIX_PATH}:/home/rstole01/Documents/CapstoneGit/humble_ws/install/waypoint_logger:/home/rstole01/Documents/CapstoneGit/humble_ws/install/f1tenth_gym_ros:/opt/ros/humble /usr/bin/cmake --build /home/rstole01/Documents/CapstoneGit/humble_ws/build/aeb_lab -- -j8 -l8
[0.884s] [100%] Built target aeb
[0.885s] [0mCMake Error: The current CMakeCache.txt directory /home/rstole01/Documents/CapstoneGit/humble_ws/build/aeb_lab/CMakeCache.txt is different than the directory /home/rstole01/Documents/CSE-596/humble_ws/build/aeb_lab where CMakeCache.txt was created. This may result in binaries being created in the wrong place. If you are not sure, reedit the CMakeCache.txt[0m
[1.655s] Invoked command in '/home/rstole01/Documents/CapstoneGit/humble_ws/build/aeb_lab' returned '0': CMAKE_PREFIX_PATH=${CMAKE_PREFIX_PATH}:/home/rstole01/Documents/CapstoneGit/humble_ws/install/waypoint_logger:/home/rstole01/Documents/CapstoneGit/humble_ws/install/f1tenth_gym_ros:/opt/ros/humble /usr/bin/cmake --build /home/rstole01/Documents/CapstoneGit/humble_ws/build/aeb_lab -- -j8 -l8
[1.810s] Invoking command in '/home/rstole01/Documents/CapstoneGit/humble_ws/build/aeb_lab': CMAKE_PREFIX_PATH=${CMAKE_PREFIX_PATH}:/home/rstole01/Documents/CapstoneGit/humble_ws/install/waypoint_logger:/home/rstole01/Documents/CapstoneGit/humble_ws/install/f1tenth_gym_ros:/opt/ros/humble /usr/bin/cmake --install /home/rstole01/Documents/CapstoneGit/humble_ws/build/aeb_lab
[1.844s] -- Install configuration: "Release"
[1.844s] -- Up-to-date: /home/rstole01/Documents/CSE-596/humble_ws/install/aeb_lab/lib/aeb_lab/aeb
[1.844s] -- Up-to-date: /home/rstole01/Documents/CSE-596/humble_ws/install/aeb_lab/share/ament_index/resource_index/package_run_dependencies/aeb_lab
[1.844s] -- Up-to-date: /home/rstole01/Documents/CSE-596/humble_ws/install/aeb_lab/share/ament_index/resource_index/parent_prefix_path/aeb_lab
[1.845s] -- Up-to-date: /home/rstole01/Documents/CSE-596/humble_ws/install/aeb_lab/share/aeb_lab/environment/ament_prefix_path.sh
[1.845s] -- Up-to-date: /home/rstole01/Documents/CSE-596/humble_ws/install/aeb_lab/share/aeb_lab/environment/ament_prefix_path.dsv
[1.845s] -- Up-to-date: /home/rstole01/Documents/CSE-596/humble_ws/install/aeb_lab/share/aeb_lab/environment/path.sh
[1.845s] -- Up-to-date: /home/rstole01/Documents/CSE-596/humble_ws/install/aeb_lab/share/aeb_lab/environment/path.dsv
[1.846s] -- Up-to-date: /home/rstole01/Documents/CSE-596/humble_ws/install/aeb_lab/share/aeb_lab/local_setup.bash
[1.846s] -- Up-to-date: /home/rstole01/Documents/CSE-596/humble_ws/install/aeb_lab/share/aeb_lab/local_setup.sh
[1.846s] -- Up-to-date: /home/rstole01/Documents/CSE-596/humble_ws/install/aeb_lab/share/aeb_lab/local_setup.zsh
[1.846s] -- Up-to-date: /home/rstole01/Documents/CSE-596/humble_ws/install/aeb_lab/share/aeb_lab/local_setup.dsv
[1.847s] -- Installing: /home/rstole01/Documents/CSE-596/humble_ws/install/aeb_lab/share/aeb_lab/package.dsv
[1.847s] -- Up-to-date: /home/rstole01/Documents/CSE-596/humble_ws/install/aeb_lab/share/ament_index/resource_index/packages/aeb_lab
[1.847s] -- Up-to-date: /home/rstole01/Documents/CSE-596/humble_ws/install/aeb_lab/share/aeb_lab/cmake/aeb_labConfig.cmake
[1.847s] -- Up-to-date: /home/rstole01/Documents/CSE-596/humble_ws/install/aeb_lab/share/aeb_lab/cmake/aeb_labConfig-version.cmake
[1.850s] -- Up-to-date: /home/rstole01/Documents/CSE-596/humble_ws/install/aeb_lab/share/aeb_lab/package.xml
[1.861s] Invoked command in '/home/rstole01/Documents/CapstoneGit/humble_ws/build/aeb_lab' returned '0': CMAKE_PREFIX_PATH=${CMAKE_PREFIX_PATH}:/home/rstole01/Documents/CapstoneGit/humble_ws/install/waypoint_logger:/home/rstole01/Documents/CapstoneGit/humble_ws/install/f1tenth_gym_ros:/opt/ros/humble /usr/bin/cmake --install /home/rstole01/Documents/CapstoneGit/humble_ws/build/aeb_lab
