[7.420s] Invoking command in '/home/rstole01/Documents/CSE-596/msu_ws/src/waypoint_writer': PYTHONPATH=/home/rstole01/Documents/CSE-596/msu_ws/build/waypoint_writer/prefix_override:/home/rstole01/Documents/CSE-596/msu_ws/install/waypoint_writer/lib/python3.10/site-packages:${PYTHONPATH} /usr/bin/python3 setup.py egg_info --egg-base ../../build/waypoint_writer build --build-base /home/rstole01/Documents/CSE-596/msu_ws/build/waypoint_writer/build install --record /home/rstole01/Documents/CSE-596/msu_ws/build/waypoint_writer/install.log --single-version-externally-managed
[8.023s] running egg_info
[8.024s] writing ../../build/waypoint_writer/waypoint_writer.egg-info/PKG-INFO
[8.025s] writing dependency_links to ../../build/waypoint_writer/waypoint_writer.egg-info/dependency_links.txt
[8.025s] writing entry points to ../../build/waypoint_writer/waypoint_writer.egg-info/entry_points.txt
[8.026s] writing requirements to ../../build/waypoint_writer/waypoint_writer.egg-info/requires.txt
[8.026s] writing top-level names to ../../build/waypoint_writer/waypoint_writer.egg-info/top_level.txt
[8.054s] reading manifest file '../../build/waypoint_writer/waypoint_writer.egg-info/SOURCES.txt'
[8.058s] writing manifest file '../../build/waypoint_writer/waypoint_writer.egg-info/SOURCES.txt'
[8.058s] running build
[8.058s] running build_py
[8.059s] running install
[8.059s] /usr/lib/python3/dist-packages/setuptools/command/install.py:34: SetuptoolsDeprecationWarning: setup.py install is deprecated. Use build and pip and other standards-based tools.
[8.062s]   warnings.warn(
[8.063s] running install_lib
[8.063s] running install_data
[8.063s] running install_egg_info
[8.066s] removing '/home/rstole01/Documents/CSE-596/msu_ws/install/waypoint_writer/lib/python3.10/site-packages/waypoint_writer-0.0.0-py3.10.egg-info' (and everything under it)
[8.066s] Copying ../../build/waypoint_writer/waypoint_writer.egg-info to /home/rstole01/Documents/CSE-596/msu_ws/install/waypoint_writer/lib/python3.10/site-packages/waypoint_writer-0.0.0-py3.10.egg-info
[8.068s] running install_scripts
[8.109s] Installing waypoint_writer script to /home/rstole01/Documents/CSE-596/msu_ws/install/waypoint_writer/lib/waypoint_writer
[8.110s] writing list of installed files to '/home/rstole01/Documents/CSE-596/msu_ws/build/waypoint_writer/install.log'
[9.663s] Invoked command in '/home/rstole01/Documents/CSE-596/msu_ws/src/waypoint_writer' returned '0': PYTHONPATH=/home/rstole01/Documents/CSE-596/msu_ws/build/waypoint_writer/prefix_override:/home/rstole01/Documents/CSE-596/msu_ws/install/waypoint_writer/lib/python3.10/site-packages:${PYTHONPATH} /usr/bin/python3 setup.py egg_info --egg-base ../../build/waypoint_writer build --build-base /home/rstole01/Documents/CSE-596/msu_ws/build/waypoint_writer/build install --record /home/rstole01/Documents/CSE-596/msu_ws/build/waypoint_writer/install.log --single-version-externally-managed
