Traceback (most recent call last):
  File "/home/rstole01/Documents/CSE-596/msu_ws/src/plexer360/setup.py", line 1, in <module>
    from setuptools import find_packages, setup
  File "/usr/lib/python3/dist-packages/setuptools/__init__.py", line 16, in <module>
    import setuptools.version
  File "/usr/lib/python3/dist-packages/setuptools/version.py", line 1, in <module>
    import pkg_resources
  File "/usr/lib/python3/dist-packages/pkg_resources/__init__.py", line 3267, in <module>
    def _initialize_master_working_set():
  File "/usr/lib/python3/dist-packages/pkg_resources/__init__.py", line 3241, in _call_aside
    f(*args, **kwargs)
  File "/usr/lib/python3/dist-packages/pkg_resources/__init__.py", line 3292, in _initialize_master_working_set
    tuple(
  File "/usr/lib/python3/dist-packages/pkg_resources/__init__.py", line 3293, in <genexpr>
    dist.activate(replace=False)
  File "/usr/lib/python3/dist-packages/pkg_resources/__init__.py", line 2793, in activate
    self.insert_on(path, replace=replace)
  File "/usr/lib/python3/dist-packages/pkg_resources/__init__.py", line 2906, in insert_on
    npath = [(p and _normalize_cached(p) or p) for p in path]
  File "/usr/lib/python3/dist-packages/pkg_resources/__init__.py", line 2906, in <listcomp>
    npath = [(p and _normalize_cached(p) or p) for p in path]
KeyboardInterrupt
