[4.328s] Invoking command in '/home/rstole01/Documents/CSE-596/msu_ws/src/py_pubsub': PYTHONPATH=/home/rstole01/Documents/CSE-596/msu_ws/build/py_pubsub/prefix_override:/home/rstole01/Documents/CSE-596/msu_ws/install/py_pubsub/lib/python3.10/site-packages:${PYTHONPATH} /usr/bin/python3 setup.py egg_info --egg-base ../../build/py_pubsub build --build-base /home/rstole01/Documents/CSE-596/msu_ws/build/py_pubsub/build install --record /home/rstole01/Documents/CSE-596/msu_ws/build/py_pubsub/install.log --single-version-externally-managed
[6.429s] running egg_info
[6.430s] creating ../../build/py_pubsub/py_pubsub.egg-info
[6.430s] writing ../../build/py_pubsub/py_pubsub.egg-info/PKG-INFO
[6.431s] writing dependency_links to ../../build/py_pubsub/py_pubsub.egg-info/dependency_links.txt
[6.431s] writing entry points to ../../build/py_pubsub/py_pubsub.egg-info/entry_points.txt
[6.431s] writing requirements to ../../build/py_pubsub/py_pubsub.egg-info/requires.txt
[6.432s] writing top-level names to ../../build/py_pubsub/py_pubsub.egg-info/top_level.txt
[6.432s] writing manifest file '../../build/py_pubsub/py_pubsub.egg-info/SOURCES.txt'
[6.433s] reading manifest file '../../build/py_pubsub/py_pubsub.egg-info/SOURCES.txt'
[6.436s] writing manifest file '../../build/py_pubsub/py_pubsub.egg-info/SOURCES.txt'
[6.436s] running build
[6.437s] running build_py
[6.437s] creating /home/rstole01/Documents/CSE-596/msu_ws/build/py_pubsub/build
[6.438s] creating /home/rstole01/Documents/CSE-596/msu_ws/build/py_pubsub/build/lib
[6.438s] creating /home/rstole01/Documents/CSE-596/msu_ws/build/py_pubsub/build/lib/py_pubsub
[6.438s] copying py_pubsub/__init__.py -> /home/rstole01/Documents/CSE-596/msu_ws/build/py_pubsub/build/lib/py_pubsub
[6.438s] copying py_pubsub/publisher_member_function.py -> /home/rstole01/Documents/CSE-596/msu_ws/build/py_pubsub/build/lib/py_pubsub
[6.439s] copying py_pubsub/subscriber_member_function.py -> /home/rstole01/Documents/CSE-596/msu_ws/build/py_pubsub/build/lib/py_pubsub
[6.439s] running install
[6.439s] running install_lib
[6.439s] creating /home/rstole01/Documents/CSE-596/msu_ws/install/py_pubsub/lib/python3.10/site-packages/py_pubsub
[6.440s] copying /home/rstole01/Documents/CSE-596/msu_ws/build/py_pubsub/build/lib/py_pubsub/__init__.py -> /home/rstole01/Documents/CSE-596/msu_ws/install/py_pubsub/lib/python3.10/site-packages/py_pubsub
[6.440s] copying /home/rstole01/Documents/CSE-596/msu_ws/build/py_pubsub/build/lib/py_pubsub/publisher_member_function.py -> /home/rstole01/Documents/CSE-596/msu_ws/install/py_pubsub/lib/python3.10/site-packages/py_pubsub
[6.441s] copying /home/rstole01/Documents/CSE-596/msu_ws/build/py_pubsub/build/lib/py_pubsub/subscriber_member_function.py -> /home/rstole01/Documents/CSE-596/msu_ws/install/py_pubsub/lib/python3.10/site-packages/py_pubsub
[6.441s] byte-compiling /home/rstole01/Documents/CSE-596/msu_ws/install/py_pubsub/lib/python3.10/site-packages/py_pubsub/__init__.py to __init__.cpython-310.pyc
[6.441s] byte-compiling /home/rstole01/Documents/CSE-596/msu_ws/install/py_pubsub/lib/python3.10/site-packages/py_pubsub/publisher_member_function.py to publisher_member_function.cpython-310.pyc
[6.442s] byte-compiling /home/rstole01/Documents/CSE-596/msu_ws/install/py_pubsub/lib/python3.10/site-packages/py_pubsub/subscriber_member_function.py to subscriber_member_function.cpython-310.pyc
[6.442s] running install_data
[6.443s] creating /home/rstole01/Documents/CSE-596/msu_ws/install/py_pubsub/share/ament_index
[6.443s] creating /home/rstole01/Documents/CSE-596/msu_ws/install/py_pubsub/share/ament_index/resource_index
[6.443s] creating /home/rstole01/Documents/CSE-596/msu_ws/install/py_pubsub/share/ament_index/resource_index/packages
[6.444s] copying resource/py_pubsub -> /home/rstole01/Documents/CSE-596/msu_ws/install/py_pubsub/share/ament_index/resource_index/packages
[6.444s] copying package.xml -> /home/rstole01/Documents/CSE-596/msu_ws/install/py_pubsub/share/py_pubsub
[6.446s] running install_egg_info
[6.446s] Copying ../../build/py_pubsub/py_pubsub.egg-info to /home/rstole01/Documents/CSE-596/msu_ws/install/py_pubsub/lib/python3.10/site-packages/py_pubsub-0.0.0-py3.10.egg-info
[6.446s] running install_scripts
[6.447s] Installing listener script to /home/rstole01/Documents/CSE-596/msu_ws/install/py_pubsub/lib/py_pubsub
[6.447s] Installing talker script to /home/rstole01/Documents/CSE-596/msu_ws/install/py_pubsub/lib/py_pubsub
[6.447s] writing list of installed files to '/home/rstole01/Documents/CSE-596/msu_ws/build/py_pubsub/install.log'
[6.448s] /usr/lib/python3/dist-packages/setuptools/command/install.py:34: SetuptoolsDeprecationWarning: setup.py install is deprecated. Use build and pip and other standards-based tools.
[6.448s]   warnings.warn(
[6.800s] Invoked command in '/home/rstole01/Documents/CSE-596/msu_ws/src/py_pubsub' returned '0': PYTHONPATH=/home/rstole01/Documents/CSE-596/msu_ws/build/py_pubsub/prefix_override:/home/rstole01/Documents/CSE-596/msu_ws/install/py_pubsub/lib/python3.10/site-packages:${PYTHONPATH} /usr/bin/python3 setup.py egg_info --egg-base ../../build/py_pubsub build --build-base /home/rstole01/Documents/CSE-596/msu_ws/build/py_pubsub/build install --record /home/rstole01/Documents/CSE-596/msu_ws/build/py_pubsub/install.log --single-version-externally-managed
