[3.946s] Invoking command in '/home/rstole01/Documents/CSE-596/humble_ws/src/f1tenth_gym_ros': PYTHONPATH=/home/rstole01/Documents/CSE-596/humble_ws/build/f1tenth_gym_ros/prefix_override:/home/rstole01/Documents/CSE-596/humble_ws/install/f1tenth_gym_ros/lib/python3.10/site-packages:${PYTHONPATH} /usr/bin/python3 -W ignore:setup.py install is deprecated setup.py egg_info --egg-base ../../build/f1tenth_gym_ros build --build-base /home/rstole01/Documents/CSE-596/humble_ws/build/f1tenth_gym_ros/build install --record /home/rstole01/Documents/CSE-596/humble_ws/build/f1tenth_gym_ros/install.log --install-scripts $base/lib/f1tenth_gym_ros --single-version-externally-managed install_data
[5.044s] /usr/lib/python3/dist-packages/setuptools/dist.py:723: UserWarning: Usage of dash-separated 'script-dir' will not be supported in future versions. Please use the underscore name 'script_dir' instead
[5.044s]   warnings.warn(
[5.076s] running egg_info
[5.079s] writing ../../build/f1tenth_gym_ros/f1tenth_gym_ros.egg-info/PKG-INFO
[5.080s] writing dependency_links to ../../build/f1tenth_gym_ros/f1tenth_gym_ros.egg-info/dependency_links.txt
[5.081s] writing entry points to ../../build/f1tenth_gym_ros/f1tenth_gym_ros.egg-info/entry_points.txt
[5.082s] writing requirements to ../../build/f1tenth_gym_ros/f1tenth_gym_ros.egg-info/requires.txt
[5.083s] writing top-level names to ../../build/f1tenth_gym_ros/f1tenth_gym_ros.egg-info/top_level.txt
[5.089s] reading manifest file '../../build/f1tenth_gym_ros/f1tenth_gym_ros.egg-info/SOURCES.txt'
[5.090s] adding license file 'LICENSE'
[5.094s] writing manifest file '../../build/f1tenth_gym_ros/f1tenth_gym_ros.egg-info/SOURCES.txt'
[5.095s] running build
[5.095s] running build_py
[5.097s] running install
[5.098s] running install_lib
[5.103s] running install_data
[5.105s] running install_egg_info
[5.111s] removing '/home/rstole01/Documents/CSE-596/humble_ws/install/f1tenth_gym_ros/lib/python3.10/site-packages/f1tenth_gym_ros-0.0.0-py3.10.egg-info' (and everything under it)
[5.113s] Copying ../../build/f1tenth_gym_ros/f1tenth_gym_ros.egg-info to /home/rstole01/Documents/CSE-596/humble_ws/install/f1tenth_gym_ros/lib/python3.10/site-packages/f1tenth_gym_ros-0.0.0-py3.10.egg-info
[5.116s] running install_scripts
[5.191s] Installing gym_bridge script to /home/rstole01/Documents/CSE-596/humble_ws/install/f1tenth_gym_ros/lib/f1tenth_gym_ros
[5.192s] writing list of installed files to '/home/rstole01/Documents/CSE-596/humble_ws/build/f1tenth_gym_ros/install.log'
[5.279s] Invoked command in '/home/rstole01/Documents/CSE-596/humble_ws/src/f1tenth_gym_ros' returned '0': PYTHONPATH=/home/rstole01/Documents/CSE-596/humble_ws/build/f1tenth_gym_ros/prefix_override:/home/rstole01/Documents/CSE-596/humble_ws/install/f1tenth_gym_ros/lib/python3.10/site-packages:${PYTHONPATH} /usr/bin/python3 -W ignore:setup.py install is deprecated setup.py egg_info --egg-base ../../build/f1tenth_gym_ros build --build-base /home/rstole01/Documents/CSE-596/humble_ws/build/f1tenth_gym_ros/build install --record /home/rstole01/Documents/CSE-596/humble_ws/build/f1tenth_gym_ros/install.log --install-scripts $base/lib/f1tenth_gym_ros --single-version-externally-managed install_data
