[0.024s] Invoking command in '/home/rstole01/Documents/CSE-596/humble_ws/build/pursuit_lab': CMAKE_PREFIX_PATH=${CMAKE_PREFIX_PATH}:/home/rstole01/Documents/CSE-596/humble_ws/install/waypoint_logger:/home/rstole01/Documents/CSE-596/humble_ws/install/f1tenth_gym_ros:/opt/ros/humble /usr/bin/cmake --build /home/rstole01/Documents/CSE-596/humble_ws/build/pursuit_lab -- -j8 -l8
[0.156s] Built target ament_cmake_python_copy_pursuit_lab_setup
[0.160s] Built target ament_cmake_python_copy_pursuit_lab
[0.701s] running egg_info
[0.702s] writing pursuit_lab.egg-info/PKG-INFO
[0.703s] writing dependency_links to pursuit_lab.egg-info/dependency_links.txt
[0.703s] writing top-level names to pursuit_lab.egg-info/top_level.txt
[0.708s] reading manifest file 'pursuit_lab.egg-info/SOURCES.txt'
[0.710s] writing manifest file 'pursuit_lab.egg-info/SOURCES.txt'
[0.756s] Built target ament_cmake_python_build_pursuit_lab_egg
[0.776s] Invoked command in '/home/rstole01/Documents/CSE-596/humble_ws/build/pursuit_lab' returned '0': CMAKE_PREFIX_PATH=${CMAKE_PREFIX_PATH}:/home/rstole01/Documents/CSE-596/humble_ws/install/waypoint_logger:/home/rstole01/Documents/CSE-596/humble_ws/install/f1tenth_gym_ros:/opt/ros/humble /usr/bin/cmake --build /home/rstole01/Documents/CSE-596/humble_ws/build/pursuit_lab -- -j8 -l8
[0.841s] Invoking command in '/home/rstole01/Documents/CSE-596/humble_ws/build/pursuit_lab': CMAKE_PREFIX_PATH=${CMAKE_PREFIX_PATH}:/home/rstole01/Documents/CSE-596/humble_ws/install/waypoint_logger:/home/rstole01/Documents/CSE-596/humble_ws/install/f1tenth_gym_ros:/opt/ros/humble /usr/bin/cmake --install /home/rstole01/Documents/CSE-596/humble_ws/build/pursuit_lab
[0.855s] -- Install configuration: ""
[0.856s] -- Up-to-date: /home/rstole01/Documents/CSE-596/humble_ws/install/pursuit_lab/share/pursuit_lab/environment/pythonpath.sh
[0.856s] -- Up-to-date: /home/rstole01/Documents/CSE-596/humble_ws/install/pursuit_lab/share/pursuit_lab/environment/pythonpath.dsv
[0.856s] -- Up-to-date: /home/rstole01/Documents/CSE-596/humble_ws/install/pursuit_lab/local/lib/python3.10/dist-packages/pursuit_lab-0.0.0-py3.10.egg-info
[0.856s] -- Installing: /home/rstole01/Documents/CSE-596/humble_ws/install/pursuit_lab/local/lib/python3.10/dist-packages/pursuit_lab-0.0.0-py3.10.egg-info/top_level.txt
[0.857s] -- Installing: /home/rstole01/Documents/CSE-596/humble_ws/install/pursuit_lab/local/lib/python3.10/dist-packages/pursuit_lab-0.0.0-py3.10.egg-info/SOURCES.txt
[0.857s] -- Installing: /home/rstole01/Documents/CSE-596/humble_ws/install/pursuit_lab/local/lib/python3.10/dist-packages/pursuit_lab-0.0.0-py3.10.egg-info/PKG-INFO
[0.857s] -- Installing: /home/rstole01/Documents/CSE-596/humble_ws/install/pursuit_lab/local/lib/python3.10/dist-packages/pursuit_lab-0.0.0-py3.10.egg-info/dependency_links.txt
[0.858s] -- Up-to-date: /home/rstole01/Documents/CSE-596/humble_ws/install/pursuit_lab/local/lib/python3.10/dist-packages/pursuit_lab
[0.858s] -- Up-to-date: /home/rstole01/Documents/CSE-596/humble_ws/install/pursuit_lab/local/lib/python3.10/dist-packages/pursuit_lab/__init__.py
[0.858s] -- Installing: /home/rstole01/Documents/CSE-596/humble_ws/install/pursuit_lab/local/lib/python3.10/dist-packages/pursuit_lab/pure_pursuit_node.py
[0.927s] Listing '/home/rstole01/Documents/CSE-596/humble_ws/install/pursuit_lab/local/lib/python3.10/dist-packages/pursuit_lab'...
[0.928s] Compiling '/home/rstole01/Documents/CSE-596/humble_ws/install/pursuit_lab/local/lib/python3.10/dist-packages/pursuit_lab/pure_pursuit_node.py'...
[0.936s] -- Installing: /home/rstole01/Documents/CSE-596/humble_ws/install/pursuit_lab/lib/pursuit_lab/pure_pursuit_node.py
[0.936s] -- Up-to-date: /home/rstole01/Documents/CSE-596/humble_ws/install/pursuit_lab/share/ament_index/resource_index/package_run_dependencies/pursuit_lab
[0.937s] -- Up-to-date: /home/rstole01/Documents/CSE-596/humble_ws/install/pursuit_lab/share/ament_index/resource_index/parent_prefix_path/pursuit_lab
[0.937s] -- Up-to-date: /home/rstole01/Documents/CSE-596/humble_ws/install/pursuit_lab/share/pursuit_lab/environment/ament_prefix_path.sh
[0.937s] -- Up-to-date: /home/rstole01/Documents/CSE-596/humble_ws/install/pursuit_lab/share/pursuit_lab/environment/ament_prefix_path.dsv
[0.937s] -- Up-to-date: /home/rstole01/Documents/CSE-596/humble_ws/install/pursuit_lab/share/pursuit_lab/environment/path.sh
[0.937s] -- Up-to-date: /home/rstole01/Documents/CSE-596/humble_ws/install/pursuit_lab/share/pursuit_lab/environment/path.dsv
[0.938s] -- Up-to-date: /home/rstole01/Documents/CSE-596/humble_ws/install/pursuit_lab/share/pursuit_lab/local_setup.bash
[0.938s] -- Up-to-date: /home/rstole01/Documents/CSE-596/humble_ws/install/pursuit_lab/share/pursuit_lab/local_setup.sh
[0.938s] -- Up-to-date: /home/rstole01/Documents/CSE-596/humble_ws/install/pursuit_lab/share/pursuit_lab/local_setup.zsh
[0.938s] -- Up-to-date: /home/rstole01/Documents/CSE-596/humble_ws/install/pursuit_lab/share/pursuit_lab/local_setup.dsv
[0.938s] -- Installing: /home/rstole01/Documents/CSE-596/humble_ws/install/pursuit_lab/share/pursuit_lab/package.dsv
[0.938s] -- Up-to-date: /home/rstole01/Documents/CSE-596/humble_ws/install/pursuit_lab/share/ament_index/resource_index/packages/pursuit_lab
[0.939s] -- Up-to-date: /home/rstole01/Documents/CSE-596/humble_ws/install/pursuit_lab/share/pursuit_lab/cmake/pursuit_labConfig.cmake
[0.939s] -- Up-to-date: /home/rstole01/Documents/CSE-596/humble_ws/install/pursuit_lab/share/pursuit_lab/cmake/pursuit_labConfig-version.cmake
[0.939s] -- Up-to-date: /home/rstole01/Documents/CSE-596/humble_ws/install/pursuit_lab/share/pursuit_lab/package.xml
[0.942s] Invoked command in '/home/rstole01/Documents/CSE-596/humble_ws/build/pursuit_lab' returned '0': CMAKE_PREFIX_PATH=${CMAKE_PREFIX_PATH}:/home/rstole01/Documents/CSE-596/humble_ws/install/waypoint_logger:/home/rstole01/Documents/CSE-596/humble_ws/install/f1tenth_gym_ros:/opt/ros/humble /usr/bin/cmake --install /home/rstole01/Documents/CSE-596/humble_ws/build/pursuit_lab
