[0.023s] Invoking command in '/home/rstole01/Documents/CapstoneGit/humble_ws/build/pursuit_lab': CMAKE_PREFIX_PATH=${CMAKE_PREFIX_PATH}:/home/rstole01/Documents/CapstoneGit/humble_ws/install/waypoint_logger:/home/rstole01/Documents/CapstoneGit/humble_ws/install/f1tenth_gym_ros:/opt/ros/humble /usr/bin/cmake --build /home/rstole01/Documents/CapstoneGit/humble_ws/build/pursuit_lab -- -j8 -l8
[0.052s] [0mCMake Error: Parse error in cache file /home/rstole01/Documents/CapstoneGit/humble_ws/build/pursuit_lab/CMakeCache.txt on line 2. Offending entry: <<<<<<< HEAD[0m
[0.053s] [0mCMake Error: Parse error in cache file /home/rstole01/Documents/CapstoneGit/humble_ws/build/pursuit_lab/CMakeCache.txt on line 3. Offending entry: <<<<<<< HEAD[0m
[0.053s] [0mCMake Error: Parse error in cache file /home/rstole01/Documents/CapstoneGit/humble_ws/build/pursuit_lab/CMakeCache.txt on line 7. Offending entry: >>>>>>> ce1a67ebf7edb694f0f93a1943a2aeb630cdb943[0m
[0.053s] [0mCMake Error: Parse error in cache file /home/rstole01/Documents/CapstoneGit/humble_ws/build/pursuit_lab/CMakeCache.txt on line 10. Offending entry: >>>>>>> ce1a67ebf7edb694f0f93a1943a2aeb630cdb943[0m
[0.053s] [0mCMake Error: Parse error in cache file /home/rstole01/Documents/CapstoneGit/humble_ws/build/pursuit_lab/CMakeCache.txt on line 43. Offending entry: <<<<<<< HEAD[0m
[0.053s] [0mCMake Error: Parse error in cache file /home/rstole01/Documents/CapstoneGit/humble_ws/build/pursuit_lab/CMakeCache.txt on line 44. Offending entry: <<<<<<< HEAD[0m
[0.054s] [0mCMake Error: Parse error in cache file /home/rstole01/Documents/CapstoneGit/humble_ws/build/pursuit_lab/CMakeCache.txt on line 48. Offending entry: >>>>>>> ce1a67ebf7edb694f0f93a1943a2aeb630cdb943[0m
[0.054s] [0mCMake Error: Parse error in cache file /home/rstole01/Documents/CapstoneGit/humble_ws/build/pursuit_lab/CMakeCache.txt on line 51. Offending entry: >>>>>>> ce1a67ebf7edb694f0f93a1943a2aeb630cdb943[0m
[0.054s] [0mCMake Error: Parse error in cache file /home/rstole01/Documents/CapstoneGit/humble_ws/build/pursuit_lab/CMakeCache.txt on line 143. Offending entry: <<<<<<< HEAD[0m
[0.054s] [0mCMake Error: Parse error in cache file /home/rstole01/Documents/CapstoneGit/humble_ws/build/pursuit_lab/CMakeCache.txt on line 144. Offending entry: <<<<<<< HEAD[0m
[0.054s] [0mCMake Error: Parse error in cache file /home/rstole01/Documents/CapstoneGit/humble_ws/build/pursuit_lab/CMakeCache.txt on line 148. Offending entry: >>>>>>> ce1a67ebf7edb694f0f93a1943a2aeb630cdb943[0m
[0.054s] [0mCMake Error: Parse error in cache file /home/rstole01/Documents/CapstoneGit/humble_ws/build/pursuit_lab/CMakeCache.txt on line 151. Offending entry: >>>>>>> ce1a67ebf7edb694f0f93a1943a2aeb630cdb943[0m
[0.055s] [0mCMake Error: Parse error in cache file /home/rstole01/Documents/CapstoneGit/humble_ws/build/pursuit_lab/CMakeCache.txt on line 265. Offending entry: <<<<<<< HEAD[0m
[0.055s] [0mCMake Error: Parse error in cache file /home/rstole01/Documents/CapstoneGit/humble_ws/build/pursuit_lab/CMakeCache.txt on line 266. Offending entry: <<<<<<< HEAD[0m
[0.055s] [0mCMake Error: Parse error in cache file /home/rstole01/Documents/CapstoneGit/humble_ws/build/pursuit_lab/CMakeCache.txt on line 271. Offending entry: >>>>>>> ce1a67ebf7edb694f0f93a1943a2aeb630cdb943[0m
[0.055s] [0mCMake Error: Parse error in cache file /home/rstole01/Documents/CapstoneGit/humble_ws/build/pursuit_lab/CMakeCache.txt on line 273. Offending entry: >>>>>>> ce1a67ebf7edb694f0f93a1943a2aeb630cdb943[0m
[0.055s] [0mCMake Error: Parse error in cache file /home/rstole01/Documents/CapstoneGit/humble_ws/build/pursuit_lab/CMakeCache.txt on line 431. Offending entry: <<<<<<< HEAD[0m
[0.055s] [0mCMake Error: Parse error in cache file /home/rstole01/Documents/CapstoneGit/humble_ws/build/pursuit_lab/CMakeCache.txt on line 432. Offending entry: <<<<<<< HEAD[0m
[0.055s] [0mCMake Error: Parse error in cache file /home/rstole01/Documents/CapstoneGit/humble_ws/build/pursuit_lab/CMakeCache.txt on line 436. Offending entry: >>>>>>> ce1a67ebf7edb694f0f93a1943a2aeb630cdb943[0m
[0.055s] [0mCMake Error: Parse error in cache file /home/rstole01/Documents/CapstoneGit/humble_ws/build/pursuit_lab/CMakeCache.txt on line 447. Offending entry: <<<<<<< HEAD[0m
[0.055s] [0mCMake Error: Parse error in cache file /home/rstole01/Documents/CapstoneGit/humble_ws/build/pursuit_lab/CMakeCache.txt on line 448. Offending entry: >>>>>>> ce1a67ebf7edb694f0f93a1943a2aeb630cdb943[0m
[0.056s] [0mCMake Error: Parse error in cache file /home/rstole01/Documents/CapstoneGit/humble_ws/build/pursuit_lab/CMakeCache.txt on line 450. Offending entry: >>>>>>> ce1a67ebf7edb694f0f93a1943a2aeb630cdb943[0m
[0.056s] [0mCMake Error: Parse error in cache file /home/rstole01/Documents/CapstoneGit/humble_ws/build/pursuit_lab/CMakeCache.txt on line 456. Offending entry: <<<<<<< HEAD[0m
[0.056s] [0mCMake Error: Parse error in cache file /home/rstole01/Documents/CapstoneGit/humble_ws/build/pursuit_lab/CMakeCache.txt on line 457. Offending entry: <<<<<<< HEAD[0m
[0.056s] [0mCMake Error: Parse error in cache file /home/rstole01/Documents/CapstoneGit/humble_ws/build/pursuit_lab/CMakeCache.txt on line 461. Offending entry: >>>>>>> ce1a67ebf7edb694f0f93a1943a2aeb630cdb943[0m
[0.056s] [0mCMake Error: Parse error in cache file /home/rstole01/Documents/CapstoneGit/humble_ws/build/pursuit_lab/CMakeCache.txt on line 464. Offending entry: >>>>>>> ce1a67ebf7edb694f0f93a1943a2aeb630cdb943[0m
[0.056s] [0mCMake Error: Parse error in cache file /home/rstole01/Documents/CapstoneGit/humble_ws/build/pursuit_lab/CMakeCache.txt on line 611. Offending entry: <<<<<<< HEAD[0m
[0.056s] [0mCMake Error: Parse error in cache file /home/rstole01/Documents/CapstoneGit/humble_ws/build/pursuit_lab/CMakeCache.txt on line 612. Offending entry: <<<<<<< HEAD[0m
[0.056s] [0mCMake Error: Parse error in cache file /home/rstole01/Documents/CapstoneGit/humble_ws/build/pursuit_lab/CMakeCache.txt on line 616. Offending entry: >>>>>>> ce1a67ebf7edb694f0f93a1943a2aeb630cdb943[0m
[0.057s] [0mCMake Error: Parse error in cache file /home/rstole01/Documents/CapstoneGit/humble_ws/build/pursuit_lab/CMakeCache.txt on line 619. Offending entry: >>>>>>> ce1a67ebf7edb694f0f93a1943a2aeb630cdb943[0m
[0.057s] [0mCMake Error: Parse error in cache file /home/rstole01/Documents/CapstoneGit/humble_ws/build/pursuit_lab/CMakeCache.txt on line 698. Offending entry: <<<<<<< HEAD[0m
[0.057s] [0mCMake Error: Parse error in cache file /home/rstole01/Documents/CapstoneGit/humble_ws/build/pursuit_lab/CMakeCache.txt on line 699. Offending entry: <<<<<<< HEAD[0m
[0.057s] [0mCMake Error: Parse error in cache file /home/rstole01/Documents/CapstoneGit/humble_ws/build/pursuit_lab/CMakeCache.txt on line 703. Offending entry: >>>>>>> ce1a67ebf7edb694f0f93a1943a2aeb630cdb943[0m
[0.057s] [0mCMake Error: Parse error in cache file /home/rstole01/Documents/CapstoneGit/humble_ws/build/pursuit_lab/CMakeCache.txt on line 706. Offending entry: >>>>>>> ce1a67ebf7edb694f0f93a1943a2aeb630cdb943[0m
[0.057s] [0mCMake Error: Parse error in cache file /home/rstole01/Documents/CapstoneGit/humble_ws/build/pursuit_lab/CMakeCache.txt on line 770. Offending entry: <<<<<<< HEAD[0m
[0.057s] [0mCMake Error: Parse error in cache file /home/rstole01/Documents/CapstoneGit/humble_ws/build/pursuit_lab/CMakeCache.txt on line 771. Offending entry: <<<<<<< HEAD[0m
[0.057s] [0mCMake Error: Parse error in cache file /home/rstole01/Documents/CapstoneGit/humble_ws/build/pursuit_lab/CMakeCache.txt on line 775. Offending entry: >>>>>>> ce1a67ebf7edb694f0f93a1943a2aeb630cdb943[0m
[0.057s] [0mCMake Error: Parse error in cache file /home/rstole01/Documents/CapstoneGit/humble_ws/build/pursuit_lab/CMakeCache.txt on line 778. Offending entry: >>>>>>> ce1a67ebf7edb694f0f93a1943a2aeb630cdb943[0m
[0.058s] [0mCMake Error: Parse error in cache file /home/rstole01/Documents/CapstoneGit/humble_ws/build/pursuit_lab/CMakeCache.txt on line 784. Offending entry: <<<<<<< HEAD[0m
[0.058s] [0mCMake Error: Parse error in cache file /home/rstole01/Documents/CapstoneGit/humble_ws/build/pursuit_lab/CMakeCache.txt on line 785. Offending entry: <<<<<<< HEAD[0m
[0.058s] [0mCMake Error: Parse error in cache file /home/rstole01/Documents/CapstoneGit/humble_ws/build/pursuit_lab/CMakeCache.txt on line 792. Offending entry: >>>>>>> ce1a67ebf7edb694f0f93a1943a2aeb630cdb943[0m
[0.058s] [0mCMake Error: Parse error in cache file /home/rstole01/Documents/CapstoneGit/humble_ws/build/pursuit_lab/CMakeCache.txt on line 798. Offending entry: <<<<<<< HEAD[0m
[0.058s] [0mCMake Error: Parse error in cache file /home/rstole01/Documents/CapstoneGit/humble_ws/build/pursuit_lab/CMakeCache.txt on line 799. Offending entry: >>>>>>> ce1a67ebf7edb694f0f93a1943a2aeb630cdb943[0m
[0.058s] [0mCMake Error: Parse error in cache file /home/rstole01/Documents/CapstoneGit/humble_ws/build/pursuit_lab/CMakeCache.txt on line 801. Offending entry: >>>>>>> ce1a67ebf7edb694f0f93a1943a2aeb630cdb943[0m
[0.058s] [0mCMake Error: The current CMakeCache.txt directory /home/rstole01/Documents/CapstoneGit/humble_ws/build/pursuit_lab/CMakeCache.txt is different than the directory /home/rstole01/Documents/CSE-596/humble_ws/build/pursuit_lab where CMakeCache.txt was created. This may result in binaries being created in the wrong place. If you are not sure, reedit the CMakeCache.txt[0m
[0.060s] Makefile:60: *** missing separator.  Stop.
[0.065s] Invoked command in '/home/rstole01/Documents/CapstoneGit/humble_ws/build/pursuit_lab' returned '2': CMAKE_PREFIX_PATH=${CMAKE_PREFIX_PATH}:/home/rstole01/Documents/CapstoneGit/humble_ws/install/waypoint_logger:/home/rstole01/Documents/CapstoneGit/humble_ws/install/f1tenth_gym_ros:/opt/ros/humble /usr/bin/cmake --build /home/rstole01/Documents/CapstoneGit/humble_ws/build/pursuit_lab -- -j8 -l8
