[7.381s] Invoking command in '/home/rstole01/Documents/CSE-596/msu_ws/src/waypoint_follow': CMAKE_PREFIX_PATH=/home/rstole01/Documents/CSE-596/msu_ws/install/ackermann_msgs:/home/rstole01/Documents/CSE-596/msu_ws/install/waypoint_publisher:/home/rstole01/Documents/CSE-596/msu_ws/install/slam_toolbox:/home/rstole01/Documents/CSE-596/msu_ws/install/qlearn_interfaces:/home/rstole01/Documents/CSE-596/msu_ws/install/pid_msgs:/home/rstole01/Documents/CSE-596/msu_ws/install/my_messages LD_LIBRARY_PATH=/home/rstole01/Documents/CSE-596/msu_ws/install/ackermann_msgs/lib:/home/rstole01/Documents/CSE-596/msu_ws/install/slam_toolbox/lib:/home/rstole01/Documents/CSE-596/msu_ws/install/qlearn_interfaces/lib:/home/rstole01/Documents/CSE-596/msu_ws/install/pid_msgs/lib:/home/rstole01/Documents/CSE-596/msu_ws/install/my_messages/lib:/usr/lib/x86_64-linux-gnu/gazebo-11/plugins:/opt/ros/humble/opt/rviz_ogre_vendor/lib:/opt/ros/humble/lib/x86_64-linux-gnu:/opt/ros/humble/lib PYTHONPATH=/home/rstole01/Documents/CSE-596/msu_ws/build/waypoint_follow/prefix_override:/home/rstole01/Documents/CSE-596/msu_ws/install/waypoint_follow/lib/python3.10/site-packages:${PYTHONPATH} /usr/bin/python3 setup.py egg_info --egg-base ../../build/waypoint_follow build --build-base /home/rstole01/Documents/CSE-596/msu_ws/build/waypoint_follow/build install --record /home/rstole01/Documents/CSE-596/msu_ws/build/waypoint_follow/install.log --single-version-externally-managed
[8.161s] running egg_info
[8.162s] writing ../../build/waypoint_follow/waypoint_follow.egg-info/PKG-INFO
[8.163s] writing dependency_links to ../../build/waypoint_follow/waypoint_follow.egg-info/dependency_links.txt
[8.163s] writing entry points to ../../build/waypoint_follow/waypoint_follow.egg-info/entry_points.txt
[8.164s] writing requirements to ../../build/waypoint_follow/waypoint_follow.egg-info/requires.txt
[8.164s] writing top-level names to ../../build/waypoint_follow/waypoint_follow.egg-info/top_level.txt
[8.169s] reading manifest file '../../build/waypoint_follow/waypoint_follow.egg-info/SOURCES.txt'
[8.171s] writing manifest file '../../build/waypoint_follow/waypoint_follow.egg-info/SOURCES.txt'
[8.171s] running build
[8.171s] running build_py
[8.173s] running install
[8.173s] /usr/lib/python3/dist-packages/setuptools/command/install.py:34: SetuptoolsDeprecationWarning: setup.py install is deprecated. Use build and pip and other standards-based tools.
[8.173s]   warnings.warn(
[8.174s] running install_lib
[8.178s] running install_data
[8.179s] running install_egg_info
[8.183s] removing '/home/rstole01/Documents/CSE-596/msu_ws/install/waypoint_follow/lib/python3.10/site-packages/waypoint_follow-0.0.0-py3.10.egg-info' (and everything under it)
[8.184s] Copying ../../build/waypoint_follow/waypoint_follow.egg-info to /home/rstole01/Documents/CSE-596/msu_ws/install/waypoint_follow/lib/python3.10/site-packages/waypoint_follow-0.0.0-py3.10.egg-info
[8.186s] running install_scripts
[8.232s] Installing waypoint_follow script to /home/rstole01/Documents/CSE-596/msu_ws/install/waypoint_follow/lib/waypoint_follow
[8.232s] writing list of installed files to '/home/rstole01/Documents/CSE-596/msu_ws/build/waypoint_follow/install.log'
[8.296s] Invoked command in '/home/rstole01/Documents/CSE-596/msu_ws/src/waypoint_follow' returned '0': CMAKE_PREFIX_PATH=/home/rstole01/Documents/CSE-596/msu_ws/install/ackermann_msgs:/home/rstole01/Documents/CSE-596/msu_ws/install/waypoint_publisher:/home/rstole01/Documents/CSE-596/msu_ws/install/slam_toolbox:/home/rstole01/Documents/CSE-596/msu_ws/install/qlearn_interfaces:/home/rstole01/Documents/CSE-596/msu_ws/install/pid_msgs:/home/rstole01/Documents/CSE-596/msu_ws/install/my_messages LD_LIBRARY_PATH=/home/rstole01/Documents/CSE-596/msu_ws/install/ackermann_msgs/lib:/home/rstole01/Documents/CSE-596/msu_ws/install/slam_toolbox/lib:/home/rstole01/Documents/CSE-596/msu_ws/install/qlearn_interfaces/lib:/home/rstole01/Documents/CSE-596/msu_ws/install/pid_msgs/lib:/home/rstole01/Documents/CSE-596/msu_ws/install/my_messages/lib:/usr/lib/x86_64-linux-gnu/gazebo-11/plugins:/opt/ros/humble/opt/rviz_ogre_vendor/lib:/opt/ros/humble/lib/x86_64-linux-gnu:/opt/ros/humble/lib PYTHONPATH=/home/rstole01/Documents/CSE-596/msu_ws/build/waypoint_follow/prefix_override:/home/rstole01/Documents/CSE-596/msu_ws/install/waypoint_follow/lib/python3.10/site-packages:${PYTHONPATH} /usr/bin/python3 setup.py egg_info --egg-base ../../build/waypoint_follow build --build-base /home/rstole01/Documents/CSE-596/msu_ws/build/waypoint_follow/build install --record /home/rstole01/Documents/CSE-596/msu_ws/build/waypoint_follow/install.log --single-version-externally-managed
