[4.062s] DEBUG:colcon:Command line arguments: ['/usr/bin/colcon', 'build', '--packages-select', 'pursuit_lab']
[4.062s] DEBUG:colcon:Parsed command line arguments: Namespace(log_base=None, log_level=None, verb_name='build', build_base='build', install_base='install', merge_install=False, symlink_install=False, test_result_base=None, continue_on_error=False, executor='parallel', parallel_workers=8, event_handlers=None, ignore_user_meta=False, metas=['./colcon.meta'], base_paths=['.'], packages_ignore=None, packages_ignore_regex=None, paths=None, packages_up_to=None, packages_up_to_regex=None, packages_above=None, packages_above_and_dependencies=None, packages_above_depth=None, packages_select_by_dep=None, packages_skip_by_dep=None, packages_skip_up_to=None, packages_select_build_failed=False, packages_skip_build_finished=False, packages_select_test_failures=False, packages_skip_test_passed=False, packages_select=['pursuit_lab'], packages_skip=None, packages_select_regex=None, packages_skip_regex=None, packages_start=None, packages_end=None, allow_overriding=[], cmake_args=None, cmake_target=None, cmake_target_skip_unavailable=False, cmake_clean_cache=False, cmake_clean_first=False, cmake_force_configure=False, ament_cmake_args=None, catkin_cmake_args=None, catkin_skip_building_tests=False, mixin_files=None, mixin=None, verb_parser=<colcon_mixin.mixin.mixin_argument.MixinArgumentDecorator object at 0x7f9a3f9a9060>, verb_extension=<colcon_core.verb.build.BuildVerb object at 0x7f9a3f9abdc0>, main=<bound method BuildVerb.main of <colcon_core.verb.build.BuildVerb object at 0x7f9a3f9abdc0>>, mixin_verb=('build',))
[4.202s] Level 1:colcon.colcon_core.package_discovery:discover_packages(colcon_meta) check parameters
[4.202s] Level 1:colcon.colcon_core.package_discovery:discover_packages(recursive) check parameters
[4.203s] Level 1:colcon.colcon_core.package_discovery:discover_packages(ignore) check parameters
[4.203s] Level 1:colcon.colcon_core.package_discovery:discover_packages(path) check parameters
[4.203s] Level 1:colcon.colcon_core.package_discovery:discover_packages(colcon_meta) discover
[4.203s] Level 1:colcon.colcon_core.package_discovery:discover_packages(recursive) discover
[4.203s] INFO:colcon.colcon_core.package_discovery:Crawling recursively for packages in '/home/rstole01/Documents/CSE-596/humble_ws'
[4.203s] Level 1:colcon.colcon_core.package_identification:_identify(.) by extensions ['ignore', 'ignore_ament_install']
[4.203s] Level 1:colcon.colcon_core.package_identification:_identify(.) by extension 'ignore'
[4.203s] Level 1:colcon.colcon_core.package_identification:_identify(.) by extension 'ignore_ament_install'
[4.204s] Level 1:colcon.colcon_core.package_identification:_identify(.) by extensions ['colcon_pkg']
[4.204s] Level 1:colcon.colcon_core.package_identification:_identify(.) by extension 'colcon_pkg'
[4.204s] Level 1:colcon.colcon_core.package_identification:_identify(.) by extensions ['colcon_meta']
[4.204s] Level 1:colcon.colcon_core.package_identification:_identify(.) by extension 'colcon_meta'
[4.204s] Level 1:colcon.colcon_core.package_identification:_identify(.) by extensions ['ros']
[4.204s] Level 1:colcon.colcon_core.package_identification:_identify(.) by extension 'ros'
[4.258s] Level 1:colcon.colcon_core.package_identification:_identify(.) by extensions ['cmake', 'python']
[4.258s] Level 1:colcon.colcon_core.package_identification:_identify(.) by extension 'cmake'
[4.258s] Level 1:colcon.colcon_core.package_identification:_identify(.) by extension 'python'
[4.258s] Level 1:colcon.colcon_core.package_identification:_identify(.) by extensions ['python_setup_py']
[4.258s] Level 1:colcon.colcon_core.package_identification:_identify(.) by extension 'python_setup_py'
[4.259s] Level 1:colcon.colcon_core.package_identification:_identify(bag_files) by extensions ['ignore', 'ignore_ament_install']
[4.259s] Level 1:colcon.colcon_core.package_identification:_identify(bag_files) by extension 'ignore'
[4.259s] Level 1:colcon.colcon_core.package_identification:_identify(bag_files) by extension 'ignore_ament_install'
[4.259s] Level 1:colcon.colcon_core.package_identification:_identify(bag_files) by extensions ['colcon_pkg']
[4.259s] Level 1:colcon.colcon_core.package_identification:_identify(bag_files) by extension 'colcon_pkg'
[4.259s] Level 1:colcon.colcon_core.package_identification:_identify(bag_files) by extensions ['colcon_meta']
[4.259s] Level 1:colcon.colcon_core.package_identification:_identify(bag_files) by extension 'colcon_meta'
[4.259s] Level 1:colcon.colcon_core.package_identification:_identify(bag_files) by extensions ['ros']
[4.259s] Level 1:colcon.colcon_core.package_identification:_identify(bag_files) by extension 'ros'
[4.260s] Level 1:colcon.colcon_core.package_identification:_identify(bag_files) by extensions ['cmake', 'python']
[4.260s] Level 1:colcon.colcon_core.package_identification:_identify(bag_files) by extension 'cmake'
[4.260s] Level 1:colcon.colcon_core.package_identification:_identify(bag_files) by extension 'python'
[4.260s] Level 1:colcon.colcon_core.package_identification:_identify(bag_files) by extensions ['python_setup_py']
[4.260s] Level 1:colcon.colcon_core.package_identification:_identify(bag_files) by extension 'python_setup_py'
[4.260s] Level 1:colcon.colcon_core.package_identification:_identify(bag_files/rosbag2_2024_01_14-12_54_13) by extensions ['ignore', 'ignore_ament_install']
[4.260s] Level 1:colcon.colcon_core.package_identification:_identify(bag_files/rosbag2_2024_01_14-12_54_13) by extension 'ignore'
[4.260s] Level 1:colcon.colcon_core.package_identification:_identify(bag_files/rosbag2_2024_01_14-12_54_13) by extension 'ignore_ament_install'
[4.261s] Level 1:colcon.colcon_core.package_identification:_identify(bag_files/rosbag2_2024_01_14-12_54_13) by extensions ['colcon_pkg']
[4.261s] Level 1:colcon.colcon_core.package_identification:_identify(bag_files/rosbag2_2024_01_14-12_54_13) by extension 'colcon_pkg'
[4.261s] Level 1:colcon.colcon_core.package_identification:_identify(bag_files/rosbag2_2024_01_14-12_54_13) by extensions ['colcon_meta']
[4.261s] Level 1:colcon.colcon_core.package_identification:_identify(bag_files/rosbag2_2024_01_14-12_54_13) by extension 'colcon_meta'
[4.261s] Level 1:colcon.colcon_core.package_identification:_identify(bag_files/rosbag2_2024_01_14-12_54_13) by extensions ['ros']
[4.261s] Level 1:colcon.colcon_core.package_identification:_identify(bag_files/rosbag2_2024_01_14-12_54_13) by extension 'ros'
[4.261s] Level 1:colcon.colcon_core.package_identification:_identify(bag_files/rosbag2_2024_01_14-12_54_13) by extensions ['cmake', 'python']
[4.261s] Level 1:colcon.colcon_core.package_identification:_identify(bag_files/rosbag2_2024_01_14-12_54_13) by extension 'cmake'
[4.261s] Level 1:colcon.colcon_core.package_identification:_identify(bag_files/rosbag2_2024_01_14-12_54_13) by extension 'python'
[4.261s] Level 1:colcon.colcon_core.package_identification:_identify(bag_files/rosbag2_2024_01_14-12_54_13) by extensions ['python_setup_py']
[4.262s] Level 1:colcon.colcon_core.package_identification:_identify(bag_files/rosbag2_2024_01_14-12_54_13) by extension 'python_setup_py'
[4.262s] Level 1:colcon.colcon_core.package_identification:_identify(bag_files/subset) by extensions ['ignore', 'ignore_ament_install']
[4.262s] Level 1:colcon.colcon_core.package_identification:_identify(bag_files/subset) by extension 'ignore'
[4.262s] Level 1:colcon.colcon_core.package_identification:_identify(bag_files/subset) by extension 'ignore_ament_install'
[4.262s] Level 1:colcon.colcon_core.package_identification:_identify(bag_files/subset) by extensions ['colcon_pkg']
[4.262s] Level 1:colcon.colcon_core.package_identification:_identify(bag_files/subset) by extension 'colcon_pkg'
[4.262s] Level 1:colcon.colcon_core.package_identification:_identify(bag_files/subset) by extensions ['colcon_meta']
[4.262s] Level 1:colcon.colcon_core.package_identification:_identify(bag_files/subset) by extension 'colcon_meta'
[4.262s] Level 1:colcon.colcon_core.package_identification:_identify(bag_files/subset) by extensions ['ros']
[4.263s] Level 1:colcon.colcon_core.package_identification:_identify(bag_files/subset) by extension 'ros'
[4.263s] Level 1:colcon.colcon_core.package_identification:_identify(bag_files/subset) by extensions ['cmake', 'python']
[4.263s] Level 1:colcon.colcon_core.package_identification:_identify(bag_files/subset) by extension 'cmake'
[4.263s] Level 1:colcon.colcon_core.package_identification:_identify(bag_files/subset) by extension 'python'
[4.263s] Level 1:colcon.colcon_core.package_identification:_identify(bag_files/subset) by extensions ['python_setup_py']
[4.263s] Level 1:colcon.colcon_core.package_identification:_identify(bag_files/subset) by extension 'python_setup_py'
[4.263s] Level 1:colcon.colcon_core.package_identification:_identify(build) by extensions ['ignore', 'ignore_ament_install']
[4.264s] Level 1:colcon.colcon_core.package_identification:_identify(build) by extension 'ignore'
[4.264s] Level 1:colcon.colcon_core.package_identification:_identify(build) ignored
[4.264s] Level 1:colcon.colcon_core.package_identification:_identify(install) by extensions ['ignore', 'ignore_ament_install']
[4.264s] Level 1:colcon.colcon_core.package_identification:_identify(install) by extension 'ignore'
[4.264s] Level 1:colcon.colcon_core.package_identification:_identify(install) ignored
[4.265s] Level 1:colcon.colcon_core.package_identification:_identify(log) by extensions ['ignore', 'ignore_ament_install']
[4.265s] Level 1:colcon.colcon_core.package_identification:_identify(log) by extension 'ignore'
[4.265s] Level 1:colcon.colcon_core.package_identification:_identify(log) ignored
[4.265s] Level 1:colcon.colcon_core.package_identification:_identify(src) by extensions ['ignore', 'ignore_ament_install']
[4.265s] Level 1:colcon.colcon_core.package_identification:_identify(src) by extension 'ignore'
[4.265s] Level 1:colcon.colcon_core.package_identification:_identify(src) by extension 'ignore_ament_install'
[4.265s] Level 1:colcon.colcon_core.package_identification:_identify(src) by extensions ['colcon_pkg']
[4.266s] Level 1:colcon.colcon_core.package_identification:_identify(src) by extension 'colcon_pkg'
[4.266s] Level 1:colcon.colcon_core.package_identification:_identify(src) by extensions ['colcon_meta']
[4.266s] Level 1:colcon.colcon_core.package_identification:_identify(src) by extension 'colcon_meta'
[4.266s] Level 1:colcon.colcon_core.package_identification:_identify(src) by extensions ['ros']
[4.266s] Level 1:colcon.colcon_core.package_identification:_identify(src) by extension 'ros'
[4.266s] Level 1:colcon.colcon_core.package_identification:_identify(src) by extensions ['cmake', 'python']
[4.266s] Level 1:colcon.colcon_core.package_identification:_identify(src) by extension 'cmake'
[4.266s] Level 1:colcon.colcon_core.package_identification:_identify(src) by extension 'python'
[4.266s] Level 1:colcon.colcon_core.package_identification:_identify(src) by extensions ['python_setup_py']
[4.266s] Level 1:colcon.colcon_core.package_identification:_identify(src) by extension 'python_setup_py'
[4.267s] Level 1:colcon.colcon_core.package_identification:_identify(src/aeb_lab) by extensions ['ignore', 'ignore_ament_install']
[4.267s] Level 1:colcon.colcon_core.package_identification:_identify(src/aeb_lab) by extension 'ignore'
[4.267s] Level 1:colcon.colcon_core.package_identification:_identify(src/aeb_lab) by extension 'ignore_ament_install'
[4.267s] Level 1:colcon.colcon_core.package_identification:_identify(src/aeb_lab) by extensions ['colcon_pkg']
[4.267s] Level 1:colcon.colcon_core.package_identification:_identify(src/aeb_lab) by extension 'colcon_pkg'
[4.267s] Level 1:colcon.colcon_core.package_identification:_identify(src/aeb_lab) by extensions ['colcon_meta']
[4.267s] Level 1:colcon.colcon_core.package_identification:_identify(src/aeb_lab) by extension 'colcon_meta'
[4.267s] Level 1:colcon.colcon_core.package_identification:_identify(src/aeb_lab) by extensions ['ros']
[4.267s] Level 1:colcon.colcon_core.package_identification:_identify(src/aeb_lab) by extension 'ros'
[4.274s] DEBUG:colcon.colcon_core.package_identification:Package 'src/aeb_lab' with type 'ros.ament_cmake' and name 'aeb_lab'
[4.274s] Level 1:colcon.colcon_core.package_identification:_identify(src/cpp_pubsub) by extensions ['ignore', 'ignore_ament_install']
[4.274s] Level 1:colcon.colcon_core.package_identification:_identify(src/cpp_pubsub) by extension 'ignore'
[4.275s] Level 1:colcon.colcon_core.package_identification:_identify(src/cpp_pubsub) by extension 'ignore_ament_install'
[4.275s] Level 1:colcon.colcon_core.package_identification:_identify(src/cpp_pubsub) by extensions ['colcon_pkg']
[4.275s] Level 1:colcon.colcon_core.package_identification:_identify(src/cpp_pubsub) by extension 'colcon_pkg'
[4.275s] Level 1:colcon.colcon_core.package_identification:_identify(src/cpp_pubsub) by extensions ['colcon_meta']
[4.275s] Level 1:colcon.colcon_core.package_identification:_identify(src/cpp_pubsub) by extension 'colcon_meta'
[4.275s] Level 1:colcon.colcon_core.package_identification:_identify(src/cpp_pubsub) by extensions ['ros']
[4.275s] Level 1:colcon.colcon_core.package_identification:_identify(src/cpp_pubsub) by extension 'ros'
[4.276s] DEBUG:colcon.colcon_core.package_identification:Package 'src/cpp_pubsub' with type 'ros.ament_cmake' and name 'cpp_pubsub'
[4.277s] Level 1:colcon.colcon_core.package_identification:_identify(src/f1tenth_gym_ros) by extensions ['ignore', 'ignore_ament_install']
[4.277s] Level 1:colcon.colcon_core.package_identification:_identify(src/f1tenth_gym_ros) by extension 'ignore'
[4.277s] Level 1:colcon.colcon_core.package_identification:_identify(src/f1tenth_gym_ros) by extension 'ignore_ament_install'
[4.277s] Level 1:colcon.colcon_core.package_identification:_identify(src/f1tenth_gym_ros) by extensions ['colcon_pkg']
[4.278s] Level 1:colcon.colcon_core.package_identification:_identify(src/f1tenth_gym_ros) by extension 'colcon_pkg'
[4.278s] Level 1:colcon.colcon_core.package_identification:_identify(src/f1tenth_gym_ros) by extensions ['colcon_meta']
[4.278s] Level 1:colcon.colcon_core.package_identification:_identify(src/f1tenth_gym_ros) by extension 'colcon_meta'
[4.278s] Level 1:colcon.colcon_core.package_identification:_identify(src/f1tenth_gym_ros) by extensions ['ros']
[4.278s] Level 1:colcon.colcon_core.package_identification:_identify(src/f1tenth_gym_ros) by extension 'ros'
[4.279s] DEBUG:colcon.colcon_core.package_identification:Package 'src/f1tenth_gym_ros' with type 'ros.ament_python' and name 'f1tenth_gym_ros'
[4.280s] Level 1:colcon.colcon_core.package_identification:_identify(src/lab1_package) by extensions ['ignore', 'ignore_ament_install']
[4.280s] Level 1:colcon.colcon_core.package_identification:_identify(src/lab1_package) by extension 'ignore'
[4.280s] Level 1:colcon.colcon_core.package_identification:_identify(src/lab1_package) by extension 'ignore_ament_install'
[4.280s] Level 1:colcon.colcon_core.package_identification:_identify(src/lab1_package) by extensions ['colcon_pkg']
[4.280s] Level 1:colcon.colcon_core.package_identification:_identify(src/lab1_package) by extension 'colcon_pkg'
[4.280s] Level 1:colcon.colcon_core.package_identification:_identify(src/lab1_package) by extensions ['colcon_meta']
[4.281s] Level 1:colcon.colcon_core.package_identification:_identify(src/lab1_package) by extension 'colcon_meta'
[4.281s] Level 1:colcon.colcon_core.package_identification:_identify(src/lab1_package) by extensions ['ros']
[4.281s] Level 1:colcon.colcon_core.package_identification:_identify(src/lab1_package) by extension 'ros'
[4.282s] DEBUG:colcon.colcon_core.package_identification:Package 'src/lab1_package' with type 'ros.ament_cmake' and name 'lab1_package'
[4.282s] Level 1:colcon.colcon_core.package_identification:_identify(src/pid_lab) by extensions ['ignore', 'ignore_ament_install']
[4.282s] Level 1:colcon.colcon_core.package_identification:_identify(src/pid_lab) by extension 'ignore'
[4.282s] Level 1:colcon.colcon_core.package_identification:_identify(src/pid_lab) by extension 'ignore_ament_install'
[4.282s] Level 1:colcon.colcon_core.package_identification:_identify(src/pid_lab) by extensions ['colcon_pkg']
[4.282s] Level 1:colcon.colcon_core.package_identification:_identify(src/pid_lab) by extension 'colcon_pkg'
[4.282s] Level 1:colcon.colcon_core.package_identification:_identify(src/pid_lab) by extensions ['colcon_meta']
[4.283s] Level 1:colcon.colcon_core.package_identification:_identify(src/pid_lab) by extension 'colcon_meta'
[4.283s] Level 1:colcon.colcon_core.package_identification:_identify(src/pid_lab) by extensions ['ros']
[4.283s] Level 1:colcon.colcon_core.package_identification:_identify(src/pid_lab) by extension 'ros'
[4.285s] DEBUG:colcon.colcon_core.package_identification:Package 'src/pid_lab' with type 'ros.ament_cmake' and name 'pid_lab'
[4.285s] Level 1:colcon.colcon_core.package_identification:_identify(src/pure-pursuit_lab) by extensions ['ignore', 'ignore_ament_install']
[4.285s] Level 1:colcon.colcon_core.package_identification:_identify(src/pure-pursuit_lab) by extension 'ignore'
[4.285s] Level 1:colcon.colcon_core.package_identification:_identify(src/pure-pursuit_lab) by extension 'ignore_ament_install'
[4.286s] Level 1:colcon.colcon_core.package_identification:_identify(src/pure-pursuit_lab) by extensions ['colcon_pkg']
[4.286s] Level 1:colcon.colcon_core.package_identification:_identify(src/pure-pursuit_lab) by extension 'colcon_pkg'
[4.286s] Level 1:colcon.colcon_core.package_identification:_identify(src/pure-pursuit_lab) by extensions ['colcon_meta']
[4.286s] Level 1:colcon.colcon_core.package_identification:_identify(src/pure-pursuit_lab) by extension 'colcon_meta'
[4.286s] Level 1:colcon.colcon_core.package_identification:_identify(src/pure-pursuit_lab) by extensions ['ros']
[4.286s] Level 1:colcon.colcon_core.package_identification:_identify(src/pure-pursuit_lab) by extension 'ros'
[4.291s] DEBUG:colcon.colcon_core.package_identification:Package 'src/pure-pursuit_lab' with type 'ros.ament_cmake' and name 'pure-pursuit_lab'
[4.292s] Level 1:colcon.colcon_core.package_identification:_identify(src/pursuit_lab) by extensions ['ignore', 'ignore_ament_install']
[4.292s] Level 1:colcon.colcon_core.package_identification:_identify(src/pursuit_lab) by extension 'ignore'
[4.292s] Level 1:colcon.colcon_core.package_identification:_identify(src/pursuit_lab) by extension 'ignore_ament_install'
[4.292s] Level 1:colcon.colcon_core.package_identification:_identify(src/pursuit_lab) by extensions ['colcon_pkg']
[4.292s] Level 1:colcon.colcon_core.package_identification:_identify(src/pursuit_lab) by extension 'colcon_pkg'
[4.292s] Level 1:colcon.colcon_core.package_identification:_identify(src/pursuit_lab) by extensions ['colcon_meta']
[4.292s] Level 1:colcon.colcon_core.package_identification:_identify(src/pursuit_lab) by extension 'colcon_meta'
[4.292s] Level 1:colcon.colcon_core.package_identification:_identify(src/pursuit_lab) by extensions ['ros']
[4.293s] Level 1:colcon.colcon_core.package_identification:_identify(src/pursuit_lab) by extension 'ros'
[4.296s] DEBUG:colcon.colcon_core.package_identification:Package 'src/pursuit_lab' with type 'ros.ament_cmake' and name 'pursuit_lab'
[4.296s] Level 1:colcon.colcon_core.package_identification:_identify(src/scan_pubsub) by extensions ['ignore', 'ignore_ament_install']
[4.296s] Level 1:colcon.colcon_core.package_identification:_identify(src/scan_pubsub) by extension 'ignore'
[4.296s] Level 1:colcon.colcon_core.package_identification:_identify(src/scan_pubsub) by extension 'ignore_ament_install'
[4.296s] Level 1:colcon.colcon_core.package_identification:_identify(src/scan_pubsub) by extensions ['colcon_pkg']
[4.297s] Level 1:colcon.colcon_core.package_identification:_identify(src/scan_pubsub) by extension 'colcon_pkg'
[4.297s] Level 1:colcon.colcon_core.package_identification:_identify(src/scan_pubsub) by extensions ['colcon_meta']
[4.297s] Level 1:colcon.colcon_core.package_identification:_identify(src/scan_pubsub) by extension 'colcon_meta'
[4.297s] Level 1:colcon.colcon_core.package_identification:_identify(src/scan_pubsub) by extensions ['ros']
[4.297s] Level 1:colcon.colcon_core.package_identification:_identify(src/scan_pubsub) by extension 'ros'
[4.299s] DEBUG:colcon.colcon_core.package_identification:Package 'src/scan_pubsub' with type 'ros.ament_cmake' and name 'scan_pubsub'
[4.299s] Level 1:colcon.colcon_core.package_identification:_identify(src/tutorial_interfaces) by extensions ['ignore', 'ignore_ament_install']
[4.299s] Level 1:colcon.colcon_core.package_identification:_identify(src/tutorial_interfaces) by extension 'ignore'
[4.299s] Level 1:colcon.colcon_core.package_identification:_identify(src/tutorial_interfaces) by extension 'ignore_ament_install'
[4.299s] Level 1:colcon.colcon_core.package_identification:_identify(src/tutorial_interfaces) by extensions ['colcon_pkg']
[4.300s] Level 1:colcon.colcon_core.package_identification:_identify(src/tutorial_interfaces) by extension 'colcon_pkg'
[4.300s] Level 1:colcon.colcon_core.package_identification:_identify(src/tutorial_interfaces) by extensions ['colcon_meta']
[4.300s] Level 1:colcon.colcon_core.package_identification:_identify(src/tutorial_interfaces) by extension 'colcon_meta'
[4.300s] Level 1:colcon.colcon_core.package_identification:_identify(src/tutorial_interfaces) by extensions ['ros']
[4.300s] Level 1:colcon.colcon_core.package_identification:_identify(src/tutorial_interfaces) by extension 'ros'
[4.301s] DEBUG:colcon.colcon_core.package_identification:Package 'src/tutorial_interfaces' with type 'ros.ament_cmake' and name 'tutorial_interfaces'
[4.302s] Level 1:colcon.colcon_core.package_identification:_identify(src/waypoint_logger) by extensions ['ignore', 'ignore_ament_install']
[4.302s] Level 1:colcon.colcon_core.package_identification:_identify(src/waypoint_logger) by extension 'ignore'
[4.302s] Level 1:colcon.colcon_core.package_identification:_identify(src/waypoint_logger) by extension 'ignore_ament_install'
[4.302s] Level 1:colcon.colcon_core.package_identification:_identify(src/waypoint_logger) by extensions ['colcon_pkg']
[4.302s] Level 1:colcon.colcon_core.package_identification:_identify(src/waypoint_logger) by extension 'colcon_pkg'
[4.302s] Level 1:colcon.colcon_core.package_identification:_identify(src/waypoint_logger) by extensions ['colcon_meta']
[4.302s] Level 1:colcon.colcon_core.package_identification:_identify(src/waypoint_logger) by extension 'colcon_meta'
[4.302s] Level 1:colcon.colcon_core.package_identification:_identify(src/waypoint_logger) by extensions ['ros']
[4.302s] Level 1:colcon.colcon_core.package_identification:_identify(src/waypoint_logger) by extension 'ros'
[4.304s] DEBUG:colcon.colcon_core.package_identification:Package 'src/waypoint_logger' with type 'ros.ament_python' and name 'waypoint_logger'
[4.304s] Level 1:colcon.colcon_core.package_identification:_identify(waypoints) by extensions ['ignore', 'ignore_ament_install']
[4.304s] Level 1:colcon.colcon_core.package_identification:_identify(waypoints) by extension 'ignore'
[4.305s] Level 1:colcon.colcon_core.package_identification:_identify(waypoints) by extension 'ignore_ament_install'
[4.305s] Level 1:colcon.colcon_core.package_identification:_identify(waypoints) by extensions ['colcon_pkg']
[4.305s] Level 1:colcon.colcon_core.package_identification:_identify(waypoints) by extension 'colcon_pkg'
[4.305s] Level 1:colcon.colcon_core.package_identification:_identify(waypoints) by extensions ['colcon_meta']
[4.305s] Level 1:colcon.colcon_core.package_identification:_identify(waypoints) by extension 'colcon_meta'
[4.305s] Level 1:colcon.colcon_core.package_identification:_identify(waypoints) by extensions ['ros']
[4.305s] Level 1:colcon.colcon_core.package_identification:_identify(waypoints) by extension 'ros'
[4.305s] Level 1:colcon.colcon_core.package_identification:_identify(waypoints) by extensions ['cmake', 'python']
[4.306s] Level 1:colcon.colcon_core.package_identification:_identify(waypoints) by extension 'cmake'
[4.306s] Level 1:colcon.colcon_core.package_identification:_identify(waypoints) by extension 'python'
[4.306s] Level 1:colcon.colcon_core.package_identification:_identify(waypoints) by extensions ['python_setup_py']
[4.306s] Level 1:colcon.colcon_core.package_identification:_identify(waypoints) by extension 'python_setup_py'
[4.306s] Level 1:colcon.colcon_core.package_discovery:discover_packages(recursive) using defaults
[4.307s] Level 1:colcon.colcon_core.package_discovery:discover_packages(ignore) discover
[4.307s] Level 1:colcon.colcon_core.package_discovery:discover_packages(ignore) using defaults
[4.307s] Level 1:colcon.colcon_core.package_discovery:discover_packages(path) discover
[4.307s] Level 1:colcon.colcon_core.package_discovery:discover_packages(path) using defaults
[4.470s] INFO:colcon.colcon_core.package_selection:Skipping not selected package 'aeb_lab' in 'src/aeb_lab'
[4.470s] INFO:colcon.colcon_core.package_selection:Skipping not selected package 'f1tenth_gym_ros' in 'src/f1tenth_gym_ros'
[4.470s] INFO:colcon.colcon_core.package_selection:Skipping not selected package 'lab1_package' in 'src/lab1_package'
[4.470s] INFO:colcon.colcon_core.package_selection:Skipping not selected package 'pid_lab' in 'src/pid_lab'
[4.470s] INFO:colcon.colcon_core.package_selection:Skipping not selected package 'pure-pursuit_lab' in 'src/pure-pursuit_lab'
[4.470s] INFO:colcon.colcon_core.package_selection:Skipping not selected package 'tutorial_interfaces' in 'src/tutorial_interfaces'
[4.470s] INFO:colcon.colcon_core.package_selection:Skipping not selected package 'waypoint_logger' in 'src/waypoint_logger'
[4.470s] INFO:colcon.colcon_core.package_selection:Skipping not selected package 'cpp_pubsub' in 'src/cpp_pubsub'
[4.470s] INFO:colcon.colcon_core.package_selection:Skipping not selected package 'scan_pubsub' in 'src/scan_pubsub'
[4.547s] Level 1:colcon.colcon_core.package_discovery:discover_packages(prefix_path) check parameters
[4.547s] Level 1:colcon.colcon_core.package_discovery:discover_packages(prefix_path) discover
[4.635s] DEBUG:colcon.colcon_installed_package_information.package_discovery:Found 10 installed packages in /home/rstole01/Documents/CSE-596/humble_ws/install
[4.682s] DEBUG:colcon.colcon_installed_package_information.package_discovery:Found 385 installed packages in /opt/ros/humble
[4.686s] Level 1:colcon.colcon_core.package_discovery:discover_packages(prefix_path) using defaults
[4.940s] Level 5:colcon.colcon_core.verb:set package 'pursuit_lab' build argument 'cmake_args' from command line to 'None'
[4.940s] Level 5:colcon.colcon_core.verb:set package 'pursuit_lab' build argument 'cmake_target' from command line to 'None'
[4.940s] Level 5:colcon.colcon_core.verb:set package 'pursuit_lab' build argument 'cmake_target_skip_unavailable' from command line to 'False'
[4.941s] Level 5:colcon.colcon_core.verb:set package 'pursuit_lab' build argument 'cmake_clean_cache' from command line to 'False'
[4.941s] Level 5:colcon.colcon_core.verb:set package 'pursuit_lab' build argument 'cmake_clean_first' from command line to 'False'
[4.941s] Level 5:colcon.colcon_core.verb:set package 'pursuit_lab' build argument 'cmake_force_configure' from command line to 'False'
[4.941s] Level 5:colcon.colcon_core.verb:set package 'pursuit_lab' build argument 'ament_cmake_args' from command line to 'None'
[4.941s] Level 5:colcon.colcon_core.verb:set package 'pursuit_lab' build argument 'catkin_cmake_args' from command line to 'None'
[4.941s] Level 5:colcon.colcon_core.verb:set package 'pursuit_lab' build argument 'catkin_skip_building_tests' from command line to 'False'
[4.941s] DEBUG:colcon.colcon_core.verb:Building package 'pursuit_lab' with the following arguments: {'ament_cmake_args': None, 'build_base': '/home/rstole01/Documents/CSE-596/humble_ws/build/pursuit_lab', 'catkin_cmake_args': None, 'catkin_skip_building_tests': False, 'cmake_args': None, 'cmake_clean_cache': False, 'cmake_clean_first': False, 'cmake_force_configure': False, 'cmake_target': None, 'cmake_target_skip_unavailable': False, 'install_base': '/home/rstole01/Documents/CSE-596/humble_ws/install/pursuit_lab', 'merge_install': False, 'path': '/home/rstole01/Documents/CSE-596/humble_ws/src/pursuit_lab', 'symlink_install': False, 'test_result_base': None}
[4.984s] INFO:colcon.colcon_core.executor:Executing jobs using 'parallel' executor
[5.026s] DEBUG:colcon.colcon_parallel_executor.executor.parallel:run_until_complete
[5.026s] INFO:colcon.colcon_ros.task.ament_cmake.build:Building ROS package in '/home/rstole01/Documents/CSE-596/humble_ws/src/pursuit_lab' with build type 'ament_cmake'
[5.027s] INFO:colcon.colcon_cmake.task.cmake.build:Building CMake package in '/home/rstole01/Documents/CSE-596/humble_ws/src/pursuit_lab'
[5.088s] INFO:colcon.colcon_core.plugin_system:Skipping extension 'colcon_core.shell.bat': Not used on non-Windows systems
[5.088s] INFO:colcon.colcon_core.shell:Skip shell extension 'powershell' for command environment: Not usable outside of PowerShell
[5.088s] DEBUG:colcon.colcon_core.shell:Skip shell extension 'dsv' for command environment
[5.248s] DEBUG:colcon.colcon_core.event_handler.log_command:Invoking command in '/home/rstole01/Documents/CSE-596/humble_ws/build/pursuit_lab': CMAKE_PREFIX_PATH=${CMAKE_PREFIX_PATH}:/home/rstole01/Documents/CSE-596/humble_ws/install/waypoint_logger:/home/rstole01/Documents/CSE-596/humble_ws/install/f1tenth_gym_ros:/opt/ros/humble /usr/bin/cmake --build /home/rstole01/Documents/CSE-596/humble_ws/build/pursuit_lab -- -j8 -l8
[6.073s] DEBUG:colcon.colcon_core.event_handler.log_command:Invoked command in '/home/rstole01/Documents/CSE-596/humble_ws/build/pursuit_lab' returned '0': CMAKE_PREFIX_PATH=${CMAKE_PREFIX_PATH}:/home/rstole01/Documents/CSE-596/humble_ws/install/waypoint_logger:/home/rstole01/Documents/CSE-596/humble_ws/install/f1tenth_gym_ros:/opt/ros/humble /usr/bin/cmake --build /home/rstole01/Documents/CSE-596/humble_ws/build/pursuit_lab -- -j8 -l8
[6.144s] DEBUG:colcon.colcon_core.event_handler.log_command:Invoking command in '/home/rstole01/Documents/CSE-596/humble_ws/build/pursuit_lab': CMAKE_PREFIX_PATH=${CMAKE_PREFIX_PATH}:/home/rstole01/Documents/CSE-596/humble_ws/install/waypoint_logger:/home/rstole01/Documents/CSE-596/humble_ws/install/f1tenth_gym_ros:/opt/ros/humble /usr/bin/cmake --install /home/rstole01/Documents/CSE-596/humble_ws/build/pursuit_lab
[6.257s] Level 1:colcon.colcon_core.environment:create_environment_scripts_only(pursuit_lab)
[6.258s] DEBUG:colcon.colcon_core.event_handler.log_command:Invoked command in '/home/rstole01/Documents/CSE-596/humble_ws/build/pursuit_lab' returned '0': CMAKE_PREFIX_PATH=${CMAKE_PREFIX_PATH}:/home/rstole01/Documents/CSE-596/humble_ws/install/waypoint_logger:/home/rstole01/Documents/CSE-596/humble_ws/install/f1tenth_gym_ros:/opt/ros/humble /usr/bin/cmake --install /home/rstole01/Documents/CSE-596/humble_ws/build/pursuit_lab
[6.305s] Level 1:colcon.colcon_core.environment:checking '/home/rstole01/Documents/CSE-596/humble_ws/install/pursuit_lab' for CMake module files
[6.306s] Level 1:colcon.colcon_core.environment:checking '/home/rstole01/Documents/CSE-596/humble_ws/install/pursuit_lab' for CMake config files
[6.307s] Level 1:colcon.colcon_core.shell:create_environment_hook('pursuit_lab', 'cmake_prefix_path')
[6.350s] INFO:colcon.colcon_core.shell:Creating environment hook '/home/rstole01/Documents/CSE-596/humble_ws/install/pursuit_lab/share/pursuit_lab/hook/cmake_prefix_path.ps1'
[6.352s] INFO:colcon.colcon_core.shell:Creating environment descriptor '/home/rstole01/Documents/CSE-596/humble_ws/install/pursuit_lab/share/pursuit_lab/hook/cmake_prefix_path.dsv'
[6.353s] INFO:colcon.colcon_core.shell:Creating environment hook '/home/rstole01/Documents/CSE-596/humble_ws/install/pursuit_lab/share/pursuit_lab/hook/cmake_prefix_path.sh'
[6.355s] Level 1:colcon.colcon_core.environment:checking '/home/rstole01/Documents/CSE-596/humble_ws/install/pursuit_lab/lib'
[6.356s] Level 1:colcon.colcon_core.environment:checking '/home/rstole01/Documents/CSE-596/humble_ws/install/pursuit_lab/bin'
[6.356s] Level 1:colcon.colcon_core.environment:checking '/home/rstole01/Documents/CSE-596/humble_ws/install/pursuit_lab/lib/pkgconfig/pursuit_lab.pc'
[6.356s] Level 1:colcon.colcon_core.environment:checking '/home/rstole01/Documents/CSE-596/humble_ws/install/pursuit_lab/lib/python3.10/site-packages'
[6.357s] Level 1:colcon.colcon_core.environment:checking '/home/rstole01/Documents/CSE-596/humble_ws/install/pursuit_lab/bin'
[6.399s] INFO:colcon.colcon_core.shell:Creating package script '/home/rstole01/Documents/CSE-596/humble_ws/install/pursuit_lab/share/pursuit_lab/package.ps1'
[6.401s] INFO:colcon.colcon_core.shell:Creating package descriptor '/home/rstole01/Documents/CSE-596/humble_ws/install/pursuit_lab/share/pursuit_lab/package.dsv'
[6.402s] INFO:colcon.colcon_core.shell:Creating package script '/home/rstole01/Documents/CSE-596/humble_ws/install/pursuit_lab/share/pursuit_lab/package.sh'
[6.404s] INFO:colcon.colcon_core.shell:Creating package script '/home/rstole01/Documents/CSE-596/humble_ws/install/pursuit_lab/share/pursuit_lab/package.bash'
[6.405s] INFO:colcon.colcon_core.shell:Creating package script '/home/rstole01/Documents/CSE-596/humble_ws/install/pursuit_lab/share/pursuit_lab/package.zsh'
[6.407s] Level 1:colcon.colcon_core.environment:create_file_with_runtime_dependencies(/home/rstole01/Documents/CSE-596/humble_ws/install/pursuit_lab/share/colcon-core/packages/pursuit_lab)
[6.505s] Level 1:colcon.colcon_core.environment:create_environment_scripts_only(pursuit_lab)
[6.553s] Level 1:colcon.colcon_core.environment:checking '/home/rstole01/Documents/CSE-596/humble_ws/install/pursuit_lab' for CMake module files
[6.554s] Level 1:colcon.colcon_core.environment:checking '/home/rstole01/Documents/CSE-596/humble_ws/install/pursuit_lab' for CMake config files
[6.555s] Level 1:colcon.colcon_core.shell:create_environment_hook('pursuit_lab', 'cmake_prefix_path')
[6.597s] INFO:colcon.colcon_core.shell:Creating environment hook '/home/rstole01/Documents/CSE-596/humble_ws/install/pursuit_lab/share/pursuit_lab/hook/cmake_prefix_path.ps1'
[6.597s] INFO:colcon.colcon_core.shell:Creating environment descriptor '/home/rstole01/Documents/CSE-596/humble_ws/install/pursuit_lab/share/pursuit_lab/hook/cmake_prefix_path.dsv'
[6.598s] INFO:colcon.colcon_core.shell:Creating environment hook '/home/rstole01/Documents/CSE-596/humble_ws/install/pursuit_lab/share/pursuit_lab/hook/cmake_prefix_path.sh'
[6.599s] Level 1:colcon.colcon_core.environment:checking '/home/rstole01/Documents/CSE-596/humble_ws/install/pursuit_lab/lib'
[6.599s] Level 1:colcon.colcon_core.environment:checking '/home/rstole01/Documents/CSE-596/humble_ws/install/pursuit_lab/bin'
[6.599s] Level 1:colcon.colcon_core.environment:checking '/home/rstole01/Documents/CSE-596/humble_ws/install/pursuit_lab/lib/pkgconfig/pursuit_lab.pc'
[6.600s] Level 1:colcon.colcon_core.environment:checking '/home/rstole01/Documents/CSE-596/humble_ws/install/pursuit_lab/lib/python3.10/site-packages'
[6.600s] Level 1:colcon.colcon_core.environment:checking '/home/rstole01/Documents/CSE-596/humble_ws/install/pursuit_lab/bin'
[6.645s] INFO:colcon.colcon_core.shell:Creating package script '/home/rstole01/Documents/CSE-596/humble_ws/install/pursuit_lab/share/pursuit_lab/package.ps1'
[6.646s] INFO:colcon.colcon_core.shell:Creating package descriptor '/home/rstole01/Documents/CSE-596/humble_ws/install/pursuit_lab/share/pursuit_lab/package.dsv'
[6.647s] INFO:colcon.colcon_core.shell:Creating package script '/home/rstole01/Documents/CSE-596/humble_ws/install/pursuit_lab/share/pursuit_lab/package.sh'
[6.648s] INFO:colcon.colcon_core.shell:Creating package script '/home/rstole01/Documents/CSE-596/humble_ws/install/pursuit_lab/share/pursuit_lab/package.bash'
[6.648s] INFO:colcon.colcon_core.shell:Creating package script '/home/rstole01/Documents/CSE-596/humble_ws/install/pursuit_lab/share/pursuit_lab/package.zsh'
[6.649s] Level 1:colcon.colcon_core.environment:create_file_with_runtime_dependencies(/home/rstole01/Documents/CSE-596/humble_ws/install/pursuit_lab/share/colcon-core/packages/pursuit_lab)
[6.649s] DEBUG:colcon.colcon_parallel_executor.executor.parallel:closing loop
[6.650s] DEBUG:colcon.colcon_parallel_executor.executor.parallel:loop closed
[6.650s] DEBUG:colcon.colcon_parallel_executor.executor.parallel:run_until_complete finished with '0'
[6.650s] DEBUG:colcon.colcon_core.event_reactor:joining thread
[6.705s] INFO:colcon.colcon_core.plugin_system:Skipping extension 'colcon_notification.desktop_notification.terminal_notifier': Not used on non-Darwin systems
[6.705s] INFO:colcon.colcon_core.plugin_system:Skipping extension 'colcon_notification.desktop_notification.win32': Not used on non-Windows systems
[6.706s] INFO:colcon.colcon_notification.desktop_notification:Sending desktop notification using 'notify2'
[6.726s] DEBUG:colcon.colcon_core.event_reactor:joined thread
[6.768s] INFO:colcon.colcon_core.shell:Creating prefix script '/home/rstole01/Documents/CSE-596/humble_ws/install/local_setup.ps1'
[6.771s] INFO:colcon.colcon_core.shell:Creating prefix util module '/home/rstole01/Documents/CSE-596/humble_ws/install/_local_setup_util_ps1.py'
[6.775s] INFO:colcon.colcon_core.shell:Creating prefix chain script '/home/rstole01/Documents/CSE-596/humble_ws/install/setup.ps1'
[6.818s] INFO:colcon.colcon_core.shell:Creating prefix script '/home/rstole01/Documents/CSE-596/humble_ws/install/local_setup.sh'
[6.819s] INFO:colcon.colcon_core.shell:Creating prefix util module '/home/rstole01/Documents/CSE-596/humble_ws/install/_local_setup_util_sh.py'
[6.820s] INFO:colcon.colcon_core.shell:Creating prefix chain script '/home/rstole01/Documents/CSE-596/humble_ws/install/setup.sh'
[6.863s] INFO:colcon.colcon_core.shell:Creating prefix script '/home/rstole01/Documents/CSE-596/humble_ws/install/local_setup.bash'
[6.864s] INFO:colcon.colcon_core.shell:Creating prefix chain script '/home/rstole01/Documents/CSE-596/humble_ws/install/setup.bash'
[6.908s] INFO:colcon.colcon_core.shell:Creating prefix script '/home/rstole01/Documents/CSE-596/humble_ws/install/local_setup.zsh'
[6.910s] INFO:colcon.colcon_core.shell:Creating prefix chain script '/home/rstole01/Documents/CSE-596/humble_ws/install/setup.zsh'
