[4.150s] Invoking command in '/home/rstole01/Documents/CapstoneGit/humble_ws/src/waypoint_logger': PYTHONPATH=/home/rstole01/Documents/CapstoneGit/humble_ws/build/waypoint_logger/prefix_override:/home/rstole01/Documents/CapstoneGit/humble_ws/install/waypoint_logger/lib/python3.10/site-packages:${PYTHONPATH} /usr/bin/python3 -W ignore:setup.py install is deprecated setup.py egg_info --egg-base ../../build/waypoint_logger build --build-base /home/rstole01/Documents/CapstoneGit/humble_ws/build/waypoint_logger/build install --record /home/rstole01/Documents/CapstoneGit/humble_ws/build/waypoint_logger/install.log --single-version-externally-managed install_data
[5.277s] running egg_info
[5.278s] creating ../../build/waypoint_logger/waypoint_logger.egg-info
[5.278s] writing ../../build/waypoint_logger/waypoint_logger.egg-info/PKG-INFO
[5.278s] writing dependency_links to ../../build/waypoint_logger/waypoint_logger.egg-info/dependency_links.txt
[5.278s] writing entry points to ../../build/waypoint_logger/waypoint_logger.egg-info/entry_points.txt
[5.279s] writing requirements to ../../build/waypoint_logger/waypoint_logger.egg-info/requires.txt
[5.279s] writing top-level names to ../../build/waypoint_logger/waypoint_logger.egg-info/top_level.txt
[5.279s] writing manifest file '../../build/waypoint_logger/waypoint_logger.egg-info/SOURCES.txt'
[5.279s] reading manifest file '../../build/waypoint_logger/waypoint_logger.egg-info/SOURCES.txt'
[5.279s] adding license file 'LICENSE'
[5.280s] writing manifest file '../../build/waypoint_logger/waypoint_logger.egg-info/SOURCES.txt'
[5.280s] running build
[5.280s] running build_py
[5.280s] creating /home/rstole01/Documents/CapstoneGit/humble_ws/build/waypoint_logger/build
[5.280s] creating /home/rstole01/Documents/CapstoneGit/humble_ws/build/waypoint_logger/build/lib
[5.281s] creating /home/rstole01/Documents/CapstoneGit/humble_ws/build/waypoint_logger/build/lib/waypoint_logger
[5.281s] copying waypoint_logger/__init__.py -> /home/rstole01/Documents/CapstoneGit/humble_ws/build/waypoint_logger/build/lib/waypoint_logger
[5.281s] copying waypoint_logger/waypoint_logger.py -> /home/rstole01/Documents/CapstoneGit/humble_ws/build/waypoint_logger/build/lib/waypoint_logger
[5.281s] running install
[5.281s] running install_lib
[5.282s] running install_data
[5.282s] running install_egg_info
[5.282s] removing '/home/rstole01/Documents/CapstoneGit/humble_ws/install/waypoint_logger/lib/python3.10/site-packages/waypoint_logger-0.0.0-py3.10.egg-info' (and everything under it)
[5.283s] Copying ../../build/waypoint_logger/waypoint_logger.egg-info to /home/rstole01/Documents/CapstoneGit/humble_ws/install/waypoint_logger/lib/python3.10/site-packages/waypoint_logger-0.0.0-py3.10.egg-info
[5.283s] running install_scripts
[5.283s] Installing waypoint_logger script to /home/rstole01/Documents/CapstoneGit/humble_ws/install/waypoint_logger/lib/waypoint_logger
[5.284s] writing list of installed files to '/home/rstole01/Documents/CapstoneGit/humble_ws/build/waypoint_logger/install.log'
[5.329s] Invoked command in '/home/rstole01/Documents/CapstoneGit/humble_ws/src/waypoint_logger' returned '0': PYTHONPATH=/home/rstole01/Documents/CapstoneGit/humble_ws/build/waypoint_logger/prefix_override:/home/rstole01/Documents/CapstoneGit/humble_ws/install/waypoint_logger/lib/python3.10/site-packages:${PYTHONPATH} /usr/bin/python3 -W ignore:setup.py install is deprecated setup.py egg_info --egg-base ../../build/waypoint_logger build --build-base /home/rstole01/Documents/CapstoneGit/humble_ws/build/waypoint_logger/build install --record /home/rstole01/Documents/CapstoneGit/humble_ws/build/waypoint_logger/install.log --single-version-externally-managed install_data
