[4.664s] Invoking command in '/home/rstole01/Documents/CSE-596/humble_ws/src/f1tenth_system/teleop_tools/joy_teleop': AMENT_PREFIX_PATH=/home/rstole01/Documents/CSE-596/humble_ws/install/teleop_tools_msgs:${AMENT_PREFIX_PATH} CMAKE_PREFIX_PATH=/home/rstole01/Documents/CSE-596/humble_ws/install/teleop_tools_msgs LD_LIBRARY_PATH=/home/rstole01/Documents/CSE-596/humble_ws/install/teleop_tools_msgs/lib:${LD_LIBRARY_PATH} PYTHONPATH=/home/rstole01/Documents/CSE-596/humble_ws/build/joy_teleop/prefix_override:/home/rstole01/Documents/CSE-596/humble_ws/install/joy_teleop/lib/python3.10/site-packages:/home/rstole01/Documents/CSE-596/humble_ws/install/teleop_tools_msgs/local/lib/python3.10/dist-packages:${PYTHONPATH} /usr/bin/python3 setup.py egg_info --egg-base ../../../../build/joy_teleop build --build-base /home/rstole01/Documents/CSE-596/humble_ws/build/joy_teleop/build install --record /home/rstole01/Documents/CSE-596/humble_ws/build/joy_teleop/install.log --install-scripts $base/lib/joy_teleop --single-version-externally-managed
[5.311s] /usr/lib/python3/dist-packages/setuptools/dist.py:723: UserWarning: Usage of dash-separated 'script-dir' will not be supported in future versions. Please use the underscore name 'script_dir' instead
[5.311s]   warnings.warn(
[5.330s] running egg_info
[5.332s] writing ../../../../build/joy_teleop/joy_teleop.egg-info/PKG-INFO
[5.333s] writing dependency_links to ../../../../build/joy_teleop/joy_teleop.egg-info/dependency_links.txt
[5.333s] writing entry points to ../../../../build/joy_teleop/joy_teleop.egg-info/entry_points.txt
[5.333s] writing requirements to ../../../../build/joy_teleop/joy_teleop.egg-info/requires.txt
[5.335s] writing top-level names to ../../../../build/joy_teleop/joy_teleop.egg-info/top_level.txt
[5.341s] reading manifest file '../../../../build/joy_teleop/joy_teleop.egg-info/SOURCES.txt'
[5.341s] writing manifest file '../../../../build/joy_teleop/joy_teleop.egg-info/SOURCES.txt'
[5.341s] running build
[5.341s] running build_py
[5.342s] running install
[5.342s] /usr/lib/python3/dist-packages/setuptools/command/install.py:34: SetuptoolsDeprecationWarning: setup.py install is deprecated. Use build and pip and other standards-based tools.
[5.342s]   warnings.warn(
[5.342s] running install_lib
[5.344s] creating /home/rstole01/Documents/CSE-596/humble_ws/install/joy_teleop/lib/python3.10/site-packages/joy_teleop
[5.344s] copying /home/rstole01/Documents/CSE-596/humble_ws/build/joy_teleop/build/lib/joy_teleop/incrementer_server.py -> /home/rstole01/Documents/CSE-596/humble_ws/install/joy_teleop/lib/python3.10/site-packages/joy_teleop
[5.345s] copying /home/rstole01/Documents/CSE-596/humble_ws/build/joy_teleop/build/lib/joy_teleop/__init__.py -> /home/rstole01/Documents/CSE-596/humble_ws/install/joy_teleop/lib/python3.10/site-packages/joy_teleop
[5.345s] copying /home/rstole01/Documents/CSE-596/humble_ws/build/joy_teleop/build/lib/joy_teleop/joy_teleop.py -> /home/rstole01/Documents/CSE-596/humble_ws/install/joy_teleop/lib/python3.10/site-packages/joy_teleop
[5.346s] byte-compiling /home/rstole01/Documents/CSE-596/humble_ws/install/joy_teleop/lib/python3.10/site-packages/joy_teleop/incrementer_server.py to incrementer_server.cpython-310.pyc
[5.347s] byte-compiling /home/rstole01/Documents/CSE-596/humble_ws/install/joy_teleop/lib/python3.10/site-packages/joy_teleop/__init__.py to __init__.cpython-310.pyc
[5.348s] byte-compiling /home/rstole01/Documents/CSE-596/humble_ws/install/joy_teleop/lib/python3.10/site-packages/joy_teleop/joy_teleop.py to joy_teleop.cpython-310.pyc
[5.357s] running install_data
[5.358s] copying package.xml -> /home/rstole01/Documents/CSE-596/humble_ws/install/joy_teleop/share/joy_teleop
[5.359s] creating /home/rstole01/Documents/CSE-596/humble_ws/install/joy_teleop/share/joy_teleop/config
[5.359s] copying config/joy_teleop_example.yaml -> /home/rstole01/Documents/CSE-596/humble_ws/install/joy_teleop/share/joy_teleop/config
[5.360s] creating /home/rstole01/Documents/CSE-596/humble_ws/install/joy_teleop/share/joy_teleop/launch
[5.360s] copying launch/example.launch.py -> /home/rstole01/Documents/CSE-596/humble_ws/install/joy_teleop/share/joy_teleop/launch
[5.361s] creating /home/rstole01/Documents/CSE-596/humble_ws/install/joy_teleop/share/ament_index
[5.361s] creating /home/rstole01/Documents/CSE-596/humble_ws/install/joy_teleop/share/ament_index/resource_index
[5.362s] creating /home/rstole01/Documents/CSE-596/humble_ws/install/joy_teleop/share/ament_index/resource_index/packages
[5.362s] copying resource/joy_teleop -> /home/rstole01/Documents/CSE-596/humble_ws/install/joy_teleop/share/ament_index/resource_index/packages
[5.363s] running install_egg_info
[5.368s] Copying ../../../../build/joy_teleop/joy_teleop.egg-info to /home/rstole01/Documents/CSE-596/humble_ws/install/joy_teleop/lib/python3.10/site-packages/joy_teleop-0.3.0-py3.10.egg-info
[5.370s] running install_scripts
[5.429s] Installing incrementer_server script to /home/rstole01/Documents/CSE-596/humble_ws/install/joy_teleop/lib/joy_teleop
[5.429s] Installing joy_teleop script to /home/rstole01/Documents/CSE-596/humble_ws/install/joy_teleop/lib/joy_teleop
[5.429s] writing list of installed files to '/home/rstole01/Documents/CSE-596/humble_ws/build/joy_teleop/install.log'
