[35m[1mConsolidate compiler generated dependencies of target waypoint_publisher[0m
[100%] Built target waypoint_publisher
-- Install configuration: ""
-- Up-to-date: /home/rstole01/Documents/CSE-596/msu_ws/install/waypoint_publisher/share/waypoint_publisher/data
-- Up-to-date: /home/rstole01/Documents/CSE-596/msu_ws/install/waypoint_publisher/share/waypoint_publisher/data/IMS_raceline.csv
-- Up-to-date: /home/rstole01/Documents/CSE-596/msu_ws/install/waypoint_publisher/share/waypoint_publisher/data/Spa_centerline.csv
-- Up-to-date: /home/rstole01/Documents/CSE-596/msu_ws/install/waypoint_publisher/share/waypoint_publisher/data/Spa_raceline.csv
-- Up-to-date: /home/rstole01/Documents/CSE-596/msu_ws/install/waypoint_publisher/share/waypoint_publisher/data/Oschersleben_raceline.csv
-- Up-to-date: /home/rstole01/Documents/CSE-596/msu_ws/install/waypoint_publisher/share/waypoint_publisher/data/Spa_slammed_mincurv-0.15.csv
-- Up-to-date: /home/rstole01/Documents/CSE-596/msu_ws/install/waypoint_publisher/share/waypoint_publisher/data/IMS_centerline.csv
-- Up-to-date: /home/rstole01/Documents/CSE-596/msu_ws/install/waypoint_publisher/share/waypoint_publisher/data/campusmap_path.csv
-- Up-to-date: /home/rstole01/Documents/CSE-596/msu_ws/install/waypoint_publisher/share/waypoint_publisher/data/Spa_slammed_mincurv-0.3.csv
-- Up-to-date: /home/rstole01/Documents/CSE-596/msu_ws/install/waypoint_publisher/share/waypoint_publisher/data/Oschersleben_centerline.csv
-- Up-to-date: /home/rstole01/Documents/CSE-596/msu_ws/install/waypoint_publisher/lib/waypoint_publisher/waypoint_publisher
-- Up-to-date: /home/rstole01/Documents/CSE-596/msu_ws/install/waypoint_publisher/share/ament_index/resource_index/package_run_dependencies/waypoint_publisher
-- Up-to-date: /home/rstole01/Documents/CSE-596/msu_ws/install/waypoint_publisher/share/ament_index/resource_index/parent_prefix_path/waypoint_publisher
-- Up-to-date: /home/rstole01/Documents/CSE-596/msu_ws/install/waypoint_publisher/share/waypoint_publisher/environment/ament_prefix_path.sh
-- Up-to-date: /home/rstole01/Documents/CSE-596/msu_ws/install/waypoint_publisher/share/waypoint_publisher/environment/ament_prefix_path.dsv
-- Up-to-date: /home/rstole01/Documents/CSE-596/msu_ws/install/waypoint_publisher/share/waypoint_publisher/environment/path.sh
-- Up-to-date: /home/rstole01/Documents/CSE-596/msu_ws/install/waypoint_publisher/share/waypoint_publisher/environment/path.dsv
-- Up-to-date: /home/rstole01/Documents/CSE-596/msu_ws/install/waypoint_publisher/share/waypoint_publisher/local_setup.bash
-- Up-to-date: /home/rstole01/Documents/CSE-596/msu_ws/install/waypoint_publisher/share/waypoint_publisher/local_setup.sh
-- Up-to-date: /home/rstole01/Documents/CSE-596/msu_ws/install/waypoint_publisher/share/waypoint_publisher/local_setup.zsh
-- Up-to-date: /home/rstole01/Documents/CSE-596/msu_ws/install/waypoint_publisher/share/waypoint_publisher/local_setup.dsv
-- Installing: /home/rstole01/Documents/CSE-596/msu_ws/install/waypoint_publisher/share/waypoint_publisher/package.dsv
-- Up-to-date: /home/rstole01/Documents/CSE-596/msu_ws/install/waypoint_publisher/share/ament_index/resource_index/packages/waypoint_publisher
-- Up-to-date: /home/rstole01/Documents/CSE-596/msu_ws/install/waypoint_publisher/share/waypoint_publisher/cmake/waypoint_publisherConfig.cmake
-- Up-to-date: /home/rstole01/Documents/CSE-596/msu_ws/install/waypoint_publisher/share/waypoint_publisher/cmake/waypoint_publisherConfig-version.cmake
-- Up-to-date: /home/rstole01/Documents/CSE-596/msu_ws/install/waypoint_publisher/share/waypoint_publisher/package.xml
