[0.024s] Invoking command in '/home/rstole01/Documents/CSE-596/humble_ws/build/pursuit_lab': CMAKE_PREFIX_PATH=${CMAKE_PREFIX_PATH}:/home/rstole01/Documents/CSE-596/humble_ws/install/waypoint_logger:/home/rstole01/Documents/CSE-596/humble_ws/install/f1tenth_gym_ros:/opt/ros/humble /usr/bin/cmake --build /home/rstole01/Documents/CSE-596/humble_ws/build/pursuit_lab -- -j8 -l8
[0.149s] Built target ament_cmake_python_copy_pursuit_lab_setup
[0.155s] Built target ament_cmake_python_copy_pursuit_lab
[0.809s] running egg_info
[0.810s] writing pursuit_lab.egg-info/PKG-INFO
[0.811s] writing dependency_links to pursuit_lab.egg-info/dependency_links.txt
[0.811s] writing top-level names to pursuit_lab.egg-info/top_level.txt
[0.819s] reading manifest file 'pursuit_lab.egg-info/SOURCES.txt'
[0.837s] writing manifest file 'pursuit_lab.egg-info/SOURCES.txt'
[0.886s] Built target ament_cmake_python_build_pursuit_lab_egg
[0.907s] Invoked command in '/home/rstole01/Documents/CSE-596/humble_ws/build/pursuit_lab' returned '0': CMAKE_PREFIX_PATH=${CMAKE_PREFIX_PATH}:/home/rstole01/Documents/CSE-596/humble_ws/install/waypoint_logger:/home/rstole01/Documents/CSE-596/humble_ws/install/f1tenth_gym_ros:/opt/ros/humble /usr/bin/cmake --build /home/rstole01/Documents/CSE-596/humble_ws/build/pursuit_lab -- -j8 -l8
[0.974s] Invoking command in '/home/rstole01/Documents/CSE-596/humble_ws/build/pursuit_lab': CMAKE_PREFIX_PATH=${CMAKE_PREFIX_PATH}:/home/rstole01/Documents/CSE-596/humble_ws/install/waypoint_logger:/home/rstole01/Documents/CSE-596/humble_ws/install/f1tenth_gym_ros:/opt/ros/humble /usr/bin/cmake --install /home/rstole01/Documents/CSE-596/humble_ws/build/pursuit_lab
[0.989s] -- Install configuration: ""
[0.990s] -- Up-to-date: /home/rstole01/Documents/CSE-596/humble_ws/install/pursuit_lab/share/pursuit_lab/environment/pythonpath.sh
[0.990s] -- Up-to-date: /home/rstole01/Documents/CSE-596/humble_ws/install/pursuit_lab/share/pursuit_lab/environment/pythonpath.dsv
[0.990s] -- Up-to-date: /home/rstole01/Documents/CSE-596/humble_ws/install/pursuit_lab/local/lib/python3.10/dist-packages/pursuit_lab-0.0.0-py3.10.egg-info
[0.991s] -- Installing: /home/rstole01/Documents/CSE-596/humble_ws/install/pursuit_lab/local/lib/python3.10/dist-packages/pursuit_lab-0.0.0-py3.10.egg-info/top_level.txt
[0.991s] -- Installing: /home/rstole01/Documents/CSE-596/humble_ws/install/pursuit_lab/local/lib/python3.10/dist-packages/pursuit_lab-0.0.0-py3.10.egg-info/SOURCES.txt
[0.991s] -- Installing: /home/rstole01/Documents/CSE-596/humble_ws/install/pursuit_lab/local/lib/python3.10/dist-packages/pursuit_lab-0.0.0-py3.10.egg-info/PKG-INFO
[0.992s] -- Installing: /home/rstole01/Documents/CSE-596/humble_ws/install/pursuit_lab/local/lib/python3.10/dist-packages/pursuit_lab-0.0.0-py3.10.egg-info/dependency_links.txt
[0.992s] -- Up-to-date: /home/rstole01/Documents/CSE-596/humble_ws/install/pursuit_lab/local/lib/python3.10/dist-packages/pursuit_lab
[0.992s] -- Up-to-date: /home/rstole01/Documents/CSE-596/humble_ws/install/pursuit_lab/local/lib/python3.10/dist-packages/pursuit_lab/__init__.py
[0.993s] -- Installing: /home/rstole01/Documents/CSE-596/humble_ws/install/pursuit_lab/local/lib/python3.10/dist-packages/pursuit_lab/pure_pursuit_node.py
[1.063s] Listing '/home/rstole01/Documents/CSE-596/humble_ws/install/pursuit_lab/local/lib/python3.10/dist-packages/pursuit_lab'...
[1.063s] Compiling '/home/rstole01/Documents/CSE-596/humble_ws/install/pursuit_lab/local/lib/python3.10/dist-packages/pursuit_lab/pure_pursuit_node.py'...
[1.072s] -- Installing: /home/rstole01/Documents/CSE-596/humble_ws/install/pursuit_lab/lib/pursuit_lab/pure_pursuit_node.py
[1.072s] -- Up-to-date: /home/rstole01/Documents/CSE-596/humble_ws/install/pursuit_lab/share/ament_index/resource_index/package_run_dependencies/pursuit_lab
[1.073s] -- Up-to-date: /home/rstole01/Documents/CSE-596/humble_ws/install/pursuit_lab/share/ament_index/resource_index/parent_prefix_path/pursuit_lab
[1.073s] -- Up-to-date: /home/rstole01/Documents/CSE-596/humble_ws/install/pursuit_lab/share/pursuit_lab/environment/ament_prefix_path.sh
[1.074s] -- Up-to-date: /home/rstole01/Documents/CSE-596/humble_ws/install/pursuit_lab/share/pursuit_lab/environment/ament_prefix_path.dsv
[1.074s] -- Up-to-date: /home/rstole01/Documents/CSE-596/humble_ws/install/pursuit_lab/share/pursuit_lab/environment/path.sh
[1.074s] -- Up-to-date: /home/rstole01/Documents/CSE-596/humble_ws/install/pursuit_lab/share/pursuit_lab/environment/path.dsv
[1.074s] -- Up-to-date: /home/rstole01/Documents/CSE-596/humble_ws/install/pursuit_lab/share/pursuit_lab/local_setup.bash
[1.075s] -- Up-to-date: /home/rstole01/Documents/CSE-596/humble_ws/install/pursuit_lab/share/pursuit_lab/local_setup.sh
[1.075s] -- Up-to-date: /home/rstole01/Documents/CSE-596/humble_ws/install/pursuit_lab/share/pursuit_lab/local_setup.zsh
[1.075s] -- Up-to-date: /home/rstole01/Documents/CSE-596/humble_ws/install/pursuit_lab/share/pursuit_lab/local_setup.dsv
[1.075s] -- Up-to-date: /home/rstole01/Documents/CSE-596/humble_ws/install/pursuit_lab/share/pursuit_lab/package.dsv
[1.075s] -- Up-to-date: /home/rstole01/Documents/CSE-596/humble_ws/install/pursuit_lab/share/ament_index/resource_index/packages/pursuit_lab
[1.076s] -- Up-to-date: /home/rstole01/Documents/CSE-596/humble_ws/install/pursuit_lab/share/pursuit_lab/cmake/pursuit_labConfig.cmake
[1.076s] -- Up-to-date: /home/rstole01/Documents/CSE-596/humble_ws/install/pursuit_lab/share/pursuit_lab/cmake/pursuit_labConfig-version.cmake
[1.076s] -- Up-to-date: /home/rstole01/Documents/CSE-596/humble_ws/install/pursuit_lab/share/pursuit_lab/package.xml
[1.078s] Invoked command in '/home/rstole01/Documents/CSE-596/humble_ws/build/pursuit_lab' returned '0': CMAKE_PREFIX_PATH=${CMAKE_PREFIX_PATH}:/home/rstole01/Documents/CSE-596/humble_ws/install/waypoint_logger:/home/rstole01/Documents/CSE-596/humble_ws/install/f1tenth_gym_ros:/opt/ros/humble /usr/bin/cmake --install /home/rstole01/Documents/CSE-596/humble_ws/build/pursuit_lab
