[0.027s] Invoking command in '/home/rstole01/Documents/CapstoneGit/humble_ws/build/scan_pubsub': CMAKE_PREFIX_PATH=/home/rstole01/Documents/CapstoneGit/humble_ws/install/tutorial_interfaces:/home/rstole01/Documents/CapstoneGit/humble_ws/install/pursuit_lab:/home/rstole01/Documents/CapstoneGit/humble_ws/install/pure-pursuit_lab:/home/rstole01/Documents/CapstoneGit/humble_ws/install/waypoint_logger:/home/rstole01/Documents/CapstoneGit/humble_ws/install/scan_pubsub:/home/rstole01/Documents/CapstoneGit/humble_ws/install/cpp_pubsub:/home/rstole01/Documents/CapstoneGit/humble_ws/install/pid_lab:/home/rstole01/Documents/CapstoneGit/humble_ws/install/lab1_package:/home/rstole01/Documents/CapstoneGit/humble_ws/install/f1tenth_gym_ros:/home/rstole01/Documents/CapstoneGit/humble_ws/install/aeb_lab:/opt/ros/humble /usr/bin/cmake /home/rstole01/Documents/CapstoneGit/humble_ws/src/scan_pubsub -DCMAKE_INSTALL_PREFIX=/home/rstole01/Documents/CapstoneGit/humble_ws/install/scan_pubsub
[0.134s] -- The C compiler identification is GNU 11.4.0
[0.246s] -- The CXX compiler identification is GNU 11.4.0
[0.260s] -- Detecting C compiler ABI info
[0.394s] -- Detecting C compiler ABI info - done
[0.409s] -- Check for working C compiler: /usr/bin/cc - skipped
[0.409s] -- Detecting C compile features
[0.410s] -- Detecting C compile features - done
[0.416s] -- Detecting CXX compiler ABI info
[0.577s] -- Detecting CXX compiler ABI info - done
[0.609s] -- Check for working CXX compiler: /usr/bin/c++ - skipped
[0.610s] -- Detecting CXX compile features
[0.612s] -- Detecting CXX compile features - done
[0.622s] -- Found ament_cmake: 1.3.8 (/opt/ros/humble/share/ament_cmake/cmake)
[0.929s] -- Found Python3: /usr/bin/python3 (found version "3.10.12") found components: Interpreter 
[1.188s] -- Found rclcpp: 16.0.8 (/opt/ros/humble/share/rclcpp/cmake)
[1.369s] -- Found rosidl_generator_c: 3.1.5 (/opt/ros/humble/share/rosidl_generator_c/cmake)
[1.386s] -- Found rosidl_adapter: 3.1.5 (/opt/ros/humble/share/rosidl_adapter/cmake)
[1.409s] -- Found rosidl_generator_cpp: 3.1.5 (/opt/ros/humble/share/rosidl_generator_cpp/cmake)
[1.449s] -- Using all available rosidl_typesupport_c: rosidl_typesupport_fastrtps_c;rosidl_typesupport_introspection_c
[1.503s] -- Using all available rosidl_typesupport_cpp: rosidl_typesupport_fastrtps_cpp;rosidl_typesupport_introspection_cpp
[1.695s] -- Found rmw_implementation_cmake: 6.1.1 (/opt/ros/humble/share/rmw_implementation_cmake/cmake)
[1.705s] -- Found rmw_cyclonedds_cpp: 1.3.4 (/opt/ros/humble/share/rmw_cyclonedds_cpp/cmake)
[1.802s] -- Using RMW implementation 'rmw_cyclonedds_cpp' as default
[1.833s] -- Looking for pthread.h
[1.991s] -- Looking for pthread.h - found
[1.991s] -- Performing Test CMAKE_HAVE_LIBC_PTHREAD
[2.155s] -- Performing Test CMAKE_HAVE_LIBC_PTHREAD - Success
[2.157s] -- Found Threads: TRUE  
[2.564s] -- Found sensor_msgs: 4.2.3 (/opt/ros/humble/share/sensor_msgs/cmake)
[2.877s] -- Found tutorial_interfaces: 0.0.0 (/home/rstole01/Documents/CapstoneGit/humble_ws/install/tutorial_interfaces/share/tutorial_interfaces/cmake)
[3.171s] -- Configuring done
[3.193s] -- Generating done
[3.196s] -- Build files have been written to: /home/rstole01/Documents/CapstoneGit/humble_ws/build/scan_pubsub
[3.212s] Invoked command in '/home/rstole01/Documents/CapstoneGit/humble_ws/build/scan_pubsub' returned '0': CMAKE_PREFIX_PATH=/home/rstole01/Documents/CapstoneGit/humble_ws/install/tutorial_interfaces:/home/rstole01/Documents/CapstoneGit/humble_ws/install/pursuit_lab:/home/rstole01/Documents/CapstoneGit/humble_ws/install/pure-pursuit_lab:/home/rstole01/Documents/CapstoneGit/humble_ws/install/waypoint_logger:/home/rstole01/Documents/CapstoneGit/humble_ws/install/scan_pubsub:/home/rstole01/Documents/CapstoneGit/humble_ws/install/cpp_pubsub:/home/rstole01/Documents/CapstoneGit/humble_ws/install/pid_lab:/home/rstole01/Documents/CapstoneGit/humble_ws/install/lab1_package:/home/rstole01/Documents/CapstoneGit/humble_ws/install/f1tenth_gym_ros:/home/rstole01/Documents/CapstoneGit/humble_ws/install/aeb_lab:/opt/ros/humble /usr/bin/cmake /home/rstole01/Documents/CapstoneGit/humble_ws/src/scan_pubsub -DCMAKE_INSTALL_PREFIX=/home/rstole01/Documents/CapstoneGit/humble_ws/install/scan_pubsub
[3.216s] Invoking command in '/home/rstole01/Documents/CapstoneGit/humble_ws/build/scan_pubsub': CMAKE_PREFIX_PATH=/home/rstole01/Documents/CapstoneGit/humble_ws/install/tutorial_interfaces:/home/rstole01/Documents/CapstoneGit/humble_ws/install/pursuit_lab:/home/rstole01/Documents/CapstoneGit/humble_ws/install/pure-pursuit_lab:/home/rstole01/Documents/CapstoneGit/humble_ws/install/waypoint_logger:/home/rstole01/Documents/CapstoneGit/humble_ws/install/scan_pubsub:/home/rstole01/Documents/CapstoneGit/humble_ws/install/cpp_pubsub:/home/rstole01/Documents/CapstoneGit/humble_ws/install/pid_lab:/home/rstole01/Documents/CapstoneGit/humble_ws/install/lab1_package:/home/rstole01/Documents/CapstoneGit/humble_ws/install/f1tenth_gym_ros:/home/rstole01/Documents/CapstoneGit/humble_ws/install/aeb_lab:/opt/ros/humble /usr/bin/cmake --build /home/rstole01/Documents/CapstoneGit/humble_ws/build/scan_pubsub -- -j8 -l8
[3.356s] [ 50%] [32mBuilding CXX object CMakeFiles/pubsub.dir/src/scan_pubsub.cpp.o[0m
[21.932s] [100%] [32m[1mLinking CXX executable pubsub[0m
[22.655s] [100%] Built target pubsub
[22.686s] Invoked command in '/home/rstole01/Documents/CapstoneGit/humble_ws/build/scan_pubsub' returned '0': CMAKE_PREFIX_PATH=/home/rstole01/Documents/CapstoneGit/humble_ws/install/tutorial_interfaces:/home/rstole01/Documents/CapstoneGit/humble_ws/install/pursuit_lab:/home/rstole01/Documents/CapstoneGit/humble_ws/install/pure-pursuit_lab:/home/rstole01/Documents/CapstoneGit/humble_ws/install/waypoint_logger:/home/rstole01/Documents/CapstoneGit/humble_ws/install/scan_pubsub:/home/rstole01/Documents/CapstoneGit/humble_ws/install/cpp_pubsub:/home/rstole01/Documents/CapstoneGit/humble_ws/install/pid_lab:/home/rstole01/Documents/CapstoneGit/humble_ws/install/lab1_package:/home/rstole01/Documents/CapstoneGit/humble_ws/install/f1tenth_gym_ros:/home/rstole01/Documents/CapstoneGit/humble_ws/install/aeb_lab:/opt/ros/humble /usr/bin/cmake --build /home/rstole01/Documents/CapstoneGit/humble_ws/build/scan_pubsub -- -j8 -l8
[22.737s] Invoking command in '/home/rstole01/Documents/CapstoneGit/humble_ws/build/scan_pubsub': CMAKE_PREFIX_PATH=/home/rstole01/Documents/CapstoneGit/humble_ws/install/tutorial_interfaces:/home/rstole01/Documents/CapstoneGit/humble_ws/install/pursuit_lab:/home/rstole01/Documents/CapstoneGit/humble_ws/install/pure-pursuit_lab:/home/rstole01/Documents/CapstoneGit/humble_ws/install/waypoint_logger:/home/rstole01/Documents/CapstoneGit/humble_ws/install/scan_pubsub:/home/rstole01/Documents/CapstoneGit/humble_ws/install/cpp_pubsub:/home/rstole01/Documents/CapstoneGit/humble_ws/install/pid_lab:/home/rstole01/Documents/CapstoneGit/humble_ws/install/lab1_package:/home/rstole01/Documents/CapstoneGit/humble_ws/install/f1tenth_gym_ros:/home/rstole01/Documents/CapstoneGit/humble_ws/install/aeb_lab:/opt/ros/humble /usr/bin/cmake --install /home/rstole01/Documents/CapstoneGit/humble_ws/build/scan_pubsub
[22.751s] -- Install configuration: ""
[22.751s] -- Installing: /home/rstole01/Documents/CapstoneGit/humble_ws/install/scan_pubsub/lib/scan_pubsub/pubsub
[22.760s] -- Set runtime path of "/home/rstole01/Documents/CapstoneGit/humble_ws/install/scan_pubsub/lib/scan_pubsub/pubsub" to ""
[22.760s] -- Up-to-date: /home/rstole01/Documents/CapstoneGit/humble_ws/install/scan_pubsub/share/scan_pubsub/launch
[22.761s] -- Up-to-date: /home/rstole01/Documents/CapstoneGit/humble_ws/install/scan_pubsub/share/scan_pubsub/launch/opp_racecar.xacro
[22.761s] -- Up-to-date: /home/rstole01/Documents/CapstoneGit/humble_ws/install/scan_pubsub/share/scan_pubsub/launch/__pycache__
[22.761s] -- Up-to-date: /home/rstole01/Documents/CapstoneGit/humble_ws/install/scan_pubsub/share/scan_pubsub/launch/__pycache__/lab1Launch.cpython-310.pyc
[22.761s] -- Up-to-date: /home/rstole01/Documents/CapstoneGit/humble_ws/install/scan_pubsub/share/scan_pubsub/launch/gym_bridge_launch.py
[22.761s] -- Up-to-date: /home/rstole01/Documents/CapstoneGit/humble_ws/install/scan_pubsub/share/scan_pubsub/launch/ego_racecar.xacro
[22.762s] -- Up-to-date: /home/rstole01/Documents/CapstoneGit/humble_ws/install/scan_pubsub/share/scan_pubsub/launch/lab1Launch.py
[22.762s] -- Up-to-date: /home/rstole01/Documents/CapstoneGit/humble_ws/install/scan_pubsub/share/scan_pubsub/launch/gym_bridge.rviz
[22.762s] -- Installing: /home/rstole01/Documents/CapstoneGit/humble_ws/install/scan_pubsub/share/ament_index/resource_index/package_run_dependencies/scan_pubsub
[22.762s] -- Installing: /home/rstole01/Documents/CapstoneGit/humble_ws/install/scan_pubsub/share/ament_index/resource_index/parent_prefix_path/scan_pubsub
[22.762s] -- Up-to-date: /home/rstole01/Documents/CapstoneGit/humble_ws/install/scan_pubsub/share/scan_pubsub/environment/ament_prefix_path.sh
[22.763s] -- Installing: /home/rstole01/Documents/CapstoneGit/humble_ws/install/scan_pubsub/share/scan_pubsub/environment/ament_prefix_path.dsv
[22.763s] -- Up-to-date: /home/rstole01/Documents/CapstoneGit/humble_ws/install/scan_pubsub/share/scan_pubsub/environment/path.sh
[22.763s] -- Installing: /home/rstole01/Documents/CapstoneGit/humble_ws/install/scan_pubsub/share/scan_pubsub/environment/path.dsv
[22.763s] -- Installing: /home/rstole01/Documents/CapstoneGit/humble_ws/install/scan_pubsub/share/scan_pubsub/local_setup.bash
[22.763s] -- Installing: /home/rstole01/Documents/CapstoneGit/humble_ws/install/scan_pubsub/share/scan_pubsub/local_setup.sh
[22.763s] -- Installing: /home/rstole01/Documents/CapstoneGit/humble_ws/install/scan_pubsub/share/scan_pubsub/local_setup.zsh
[22.763s] -- Installing: /home/rstole01/Documents/CapstoneGit/humble_ws/install/scan_pubsub/share/scan_pubsub/local_setup.dsv
[22.764s] -- Installing: /home/rstole01/Documents/CapstoneGit/humble_ws/install/scan_pubsub/share/scan_pubsub/package.dsv
[22.764s] -- Installing: /home/rstole01/Documents/CapstoneGit/humble_ws/install/scan_pubsub/share/ament_index/resource_index/packages/scan_pubsub
[22.764s] -- Installing: /home/rstole01/Documents/CapstoneGit/humble_ws/install/scan_pubsub/share/scan_pubsub/cmake/scan_pubsubConfig.cmake
[22.764s] -- Installing: /home/rstole01/Documents/CapstoneGit/humble_ws/install/scan_pubsub/share/scan_pubsub/cmake/scan_pubsubConfig-version.cmake
[22.764s] -- Up-to-date: /home/rstole01/Documents/CapstoneGit/humble_ws/install/scan_pubsub/share/scan_pubsub/package.xml
[22.768s] Invoked command in '/home/rstole01/Documents/CapstoneGit/humble_ws/build/scan_pubsub' returned '0': CMAKE_PREFIX_PATH=/home/rstole01/Documents/CapstoneGit/humble_ws/install/tutorial_interfaces:/home/rstole01/Documents/CapstoneGit/humble_ws/install/pursuit_lab:/home/rstole01/Documents/CapstoneGit/humble_ws/install/pure-pursuit_lab:/home/rstole01/Documents/CapstoneGit/humble_ws/install/waypoint_logger:/home/rstole01/Documents/CapstoneGit/humble_ws/install/scan_pubsub:/home/rstole01/Documents/CapstoneGit/humble_ws/install/cpp_pubsub:/home/rstole01/Documents/CapstoneGit/humble_ws/install/pid_lab:/home/rstole01/Documents/CapstoneGit/humble_ws/install/lab1_package:/home/rstole01/Documents/CapstoneGit/humble_ws/install/f1tenth_gym_ros:/home/rstole01/Documents/CapstoneGit/humble_ws/install/aeb_lab:/opt/ros/humble /usr/bin/cmake --install /home/rstole01/Documents/CapstoneGit/humble_ws/build/scan_pubsub
