[0.707s] Invoking command in '/home/rstole01/Documents/CSE-596/humble_ws/build/ackermann_mux': CMAKE_PREFIX_PATH=/opt/ros/humble /usr/bin/cmake /home/rstole01/Documents/CSE-596/humble_ws/src/f1tenth_system/ackermann_mux -DCMAKE_INSTALL_PREFIX=/home/rstole01/Documents/CSE-596/humble_ws/install/ackermann_mux
[2.804s] -- The C compiler identification is GNU 11.4.0
[2.805s] -- The CXX compiler identification is GNU 11.4.0
[2.806s] -- Detecting C compiler ABI info
[2.806s] -- Detecting C compiler ABI info - done
[2.806s] -- Check for working C compiler: /usr/bin/cc - skipped
[2.807s] -- Detecting C compile features
[2.807s] -- Detecting C compile features - done
[2.807s] -- Detecting CXX compiler ABI info
[2.807s] -- Detecting CXX compiler ABI info - done
[2.808s] -- Check for working CXX compiler: /usr/bin/c++ - skipped
[2.808s] -- Detecting CXX compile features
[2.808s] -- Detecting CXX compile features - done
[2.808s] -- Found ament_cmake: 1.3.7 (/opt/ros/humble/share/ament_cmake/cmake)
[2.809s] -- Found Python3: /usr/bin/python3.10 (found version "3.10.12") found components: Interpreter 
[2.809s] -- Found rclcpp: 16.0.8 (/opt/ros/humble/share/rclcpp/cmake)
[2.809s] -- Found rosidl_generator_c: 3.1.5 (/opt/ros/humble/share/rosidl_generator_c/cmake)
[2.809s] -- Found rosidl_adapter: 3.1.5 (/opt/ros/humble/share/rosidl_adapter/cmake)
[2.810s] -- Found rosidl_generator_cpp: 3.1.5 (/opt/ros/humble/share/rosidl_generator_cpp/cmake)
[2.810s] -- Using all available rosidl_typesupport_c: rosidl_typesupport_fastrtps_c;rosidl_typesupport_introspection_c
[2.810s] -- Using all available rosidl_typesupport_cpp: rosidl_typesupport_fastrtps_cpp;rosidl_typesupport_introspection_cpp
[2.929s] -- Found rmw_implementation_cmake: 6.1.1 (/opt/ros/humble/share/rmw_implementation_cmake/cmake)
[2.938s] -- Found rmw_cyclonedds_cpp: 1.3.4 (/opt/ros/humble/share/rmw_cyclonedds_cpp/cmake)
[3.088s] -- Using RMW implementation 'rmw_cyclonedds_cpp' as default
[3.138s] -- Looking for pthread.h
[3.451s] -- Looking for pthread.h - found
[3.454s] -- Performing Test CMAKE_HAVE_LIBC_PTHREAD
[3.786s] -- Performing Test CMAKE_HAVE_LIBC_PTHREAD - Success
[3.790s] -- Found Threads: TRUE  
[4.630s] -- Found ackermann_msgs: 2.0.2 (/opt/ros/humble/share/ackermann_msgs/cmake)
[4.849s] -- Found diagnostic_updater: 3.1.2 (/opt/ros/humble/share/diagnostic_updater/cmake)
[5.157s] -- Found ament_lint_auto: 0.12.10 (/opt/ros/humble/share/ament_lint_auto/cmake)
[5.559s] -- Found python_cmake_module: 0.10.0 (/opt/ros/humble/share/python_cmake_module/cmake)
[5.644s] -- Found PythonInterp: /usr/bin/python3 (found suitable version "3.10.12", minimum required is "3.6") 
[5.669s] -- Found PythonLibs: /usr/lib/x86_64-linux-gnu/libpython3.10.so (found suitable version "3.10.12", minimum required is "3.5") 
[5.669s] -- Using PYTHON_EXECUTABLE: /usr/bin/python3
[5.669s] -- Using PYTHON_INCLUDE_DIRS: /usr/include/python3.10
[5.669s] -- Using PYTHON_LIBRARIES: /usr/lib/x86_64-linux-gnu/libpython3.10.so
[5.736s] -- Found PythonExtra: .so  
[5.808s] -- Added test 'xmllint' to check XML markup files
[5.809s] -- Added test 'copyright' to check source files copyright and LICENSE
[5.810s] -- Added test 'cppcheck' to perform static code analysis on C / C++ code
[5.811s] -- Configured cppcheck include dirs: /home/rstole01/Documents/CSE-596/humble_ws/src/f1tenth_system/ackermann_mux/include
[5.811s] -- Configured cppcheck exclude dirs and/or files: 
[5.817s] -- Added test 'cpplint' to check C / C++ code against the Google style
[5.817s] -- Configured cpplint exclude dirs and/or files: 
[5.817s] -- Added test 'flake8' to check Python code syntax and style conventions
[5.823s] -- Added test 'lint_cmake' to check CMake code style
[5.824s] -- Added test 'pep257' to check Python code against some of the docstring style conventions in PEP 257
[5.828s] -- Added test 'uncrustify' to check C / C++ code style
[5.828s] -- Configured uncrustify additional arguments: 
[5.848s] -- Configuring done
[5.880s] -- Generating done
[5.893s] -- Build files have been written to: /home/rstole01/Documents/CSE-596/humble_ws/build/ackermann_mux
[6.933s] Invoked command in '/home/rstole01/Documents/CSE-596/humble_ws/build/ackermann_mux' returned '0': CMAKE_PREFIX_PATH=/opt/ros/humble /usr/bin/cmake /home/rstole01/Documents/CSE-596/humble_ws/src/f1tenth_system/ackermann_mux -DCMAKE_INSTALL_PREFIX=/home/rstole01/Documents/CSE-596/humble_ws/install/ackermann_mux
[6.938s] Invoking command in '/home/rstole01/Documents/CSE-596/humble_ws/build/ackermann_mux': CMAKE_PREFIX_PATH=/opt/ros/humble /usr/bin/cmake --build /home/rstole01/Documents/CSE-596/humble_ws/build/ackermann_mux -- -j8 -l8
[7.491s] [ 25%] [32mBuilding CXX object CMakeFiles/ackermann_mux.dir/src/ackermann_mux.cpp.o[0m
[7.492s] [ 50%] [32mBuilding CXX object CMakeFiles/ackermann_mux.dir/src/ackermann_mux_node.cpp.o[0m
[7.492s] [ 75%] [32mBuilding CXX object CMakeFiles/ackermann_mux.dir/src/ackermann_mux_diagnostics.cpp.o[0m
[58.927s] [100%] [32m[1mLinking CXX executable ackermann_mux[0m
[60.755s] [100%] Built target ackermann_mux
[60.816s] Invoked command in '/home/rstole01/Documents/CSE-596/humble_ws/build/ackermann_mux' returned '0': CMAKE_PREFIX_PATH=/opt/ros/humble /usr/bin/cmake --build /home/rstole01/Documents/CSE-596/humble_ws/build/ackermann_mux -- -j8 -l8
[61.090s] Invoking command in '/home/rstole01/Documents/CSE-596/humble_ws/build/ackermann_mux': CMAKE_PREFIX_PATH=/opt/ros/humble /usr/bin/cmake --install /home/rstole01/Documents/CSE-596/humble_ws/build/ackermann_mux
[61.111s] -- Install configuration: ""
[61.112s] -- Installing: /home/rstole01/Documents/CSE-596/humble_ws/install/ackermann_mux/lib/ackermann_mux/ackermann_mux
[61.131s] -- Set runtime path of "/home/rstole01/Documents/CSE-596/humble_ws/install/ackermann_mux/lib/ackermann_mux/ackermann_mux" to ""
[61.131s] -- Installing: /home/rstole01/Documents/CSE-596/humble_ws/install/ackermann_mux/share/ackermann_mux/launch
[61.132s] -- Installing: /home/rstole01/Documents/CSE-596/humble_ws/install/ackermann_mux/share/ackermann_mux/launch/ackermann_mux_launch.py
[61.136s] -- Installing: /home/rstole01/Documents/CSE-596/humble_ws/install/ackermann_mux/share/ackermann_mux/config
[61.137s] -- Installing: /home/rstole01/Documents/CSE-596/humble_ws/install/ackermann_mux/share/ackermann_mux/config/ackermann_mux_locks.yaml
[61.138s] -- Installing: /home/rstole01/Documents/CSE-596/humble_ws/install/ackermann_mux/share/ackermann_mux/config/ackermann_mux_topics.yaml
[61.144s] -- Installing: /home/rstole01/Documents/CSE-596/humble_ws/install/ackermann_mux/share/ackermann_mux/config/joystick.yaml
[61.146s] -- Installing: /home/rstole01/Documents/CSE-596/humble_ws/install/ackermann_mux/include
[61.147s] -- Installing: /home/rstole01/Documents/CSE-596/humble_ws/install/ackermann_mux/include/ackermann_mux
[61.149s] -- Installing: /home/rstole01/Documents/CSE-596/humble_ws/install/ackermann_mux/include/ackermann_mux/topic_handle.hpp
[61.156s] -- Installing: /home/rstole01/Documents/CSE-596/humble_ws/install/ackermann_mux/include/ackermann_mux/ackermann_mux.hpp
[61.156s] -- Installing: /home/rstole01/Documents/CSE-596/humble_ws/install/ackermann_mux/include/ackermann_mux/utils.hpp
[61.156s] -- Installing: /home/rstole01/Documents/CSE-596/humble_ws/install/ackermann_mux/include/ackermann_mux/ackermann_mux_diagnostics_status.hpp
[61.157s] -- Installing: /home/rstole01/Documents/CSE-596/humble_ws/install/ackermann_mux/include/ackermann_mux/params_helpers.hpp
[61.157s] -- Installing: /home/rstole01/Documents/CSE-596/humble_ws/install/ackermann_mux/include/ackermann_mux/ackermann_mux_diagnostics.hpp
[61.157s] -- Installing: /home/rstole01/Documents/CSE-596/humble_ws/install/ackermann_mux/share/ament_index/resource_index/package_run_dependencies/ackermann_mux
[61.159s] -- Installing: /home/rstole01/Documents/CSE-596/humble_ws/install/ackermann_mux/share/ament_index/resource_index/parent_prefix_path/ackermann_mux
[61.159s] -- Installing: /home/rstole01/Documents/CSE-596/humble_ws/install/ackermann_mux/share/ackermann_mux/environment/ament_prefix_path.sh
[61.165s] -- Installing: /home/rstole01/Documents/CSE-596/humble_ws/install/ackermann_mux/share/ackermann_mux/environment/ament_prefix_path.dsv
[61.165s] -- Installing: /home/rstole01/Documents/CSE-596/humble_ws/install/ackermann_mux/share/ackermann_mux/environment/path.sh
[61.166s] -- Installing: /home/rstole01/Documents/CSE-596/humble_ws/install/ackermann_mux/share/ackermann_mux/environment/path.dsv
[61.166s] -- Installing: /home/rstole01/Documents/CSE-596/humble_ws/install/ackermann_mux/share/ackermann_mux/local_setup.bash
[61.166s] -- Installing: /home/rstole01/Documents/CSE-596/humble_ws/install/ackermann_mux/share/ackermann_mux/local_setup.sh
[61.170s] -- Installing: /home/rstole01/Documents/CSE-596/humble_ws/install/ackermann_mux/share/ackermann_mux/local_setup.zsh
[61.171s] -- Installing: /home/rstole01/Documents/CSE-596/humble_ws/install/ackermann_mux/share/ackermann_mux/local_setup.dsv
[61.171s] -- Installing: /home/rstole01/Documents/CSE-596/humble_ws/install/ackermann_mux/share/ackermann_mux/package.dsv
[61.172s] -- Installing: /home/rstole01/Documents/CSE-596/humble_ws/install/ackermann_mux/share/ament_index/resource_index/packages/ackermann_mux
[61.172s] -- Installing: /home/rstole01/Documents/CSE-596/humble_ws/install/ackermann_mux/share/ackermann_mux/cmake/ament_cmake_export_include_directories-extras.cmake
[61.172s] -- Installing: /home/rstole01/Documents/CSE-596/humble_ws/install/ackermann_mux/share/ackermann_mux/cmake/ament_cmake_export_dependencies-extras.cmake
[61.173s] -- Installing: /home/rstole01/Documents/CSE-596/humble_ws/install/ackermann_mux/share/ackermann_mux/cmake/ackermann_muxConfig.cmake
[61.185s] -- Installing: /home/rstole01/Documents/CSE-596/humble_ws/install/ackermann_mux/share/ackermann_mux/cmake/ackermann_muxConfig-version.cmake
[61.185s] -- Installing: /home/rstole01/Documents/CSE-596/humble_ws/install/ackermann_mux/share/ackermann_mux/package.xml
[61.198s] Invoked command in '/home/rstole01/Documents/CSE-596/humble_ws/build/ackermann_mux' returned '0': CMAKE_PREFIX_PATH=/opt/ros/humble /usr/bin/cmake --install /home/rstole01/Documents/CSE-596/humble_ws/build/ackermann_mux
