[5.049s] Invoking command in '/home/rstole01/Documents/CSE-596/humble_ws/src/f1tenth_system/teleop_tools/joy_teleop': AMENT_PREFIX_PATH=/home/rstole01/Documents/CSE-596/humble_ws/install/teleop_tools_msgs:${AMENT_PREFIX_PATH} CMAKE_PREFIX_PATH=/home/rstole01/Documents/CSE-596/humble_ws/install/teleop_tools_msgs LD_LIBRARY_PATH=/home/rstole01/Documents/CSE-596/humble_ws/install/teleop_tools_msgs/lib:${LD_LIBRARY_PATH} PYTHONPATH=/home/rstole01/Documents/CSE-596/humble_ws/build/joy_teleop/prefix_override:/home/rstole01/Documents/CSE-596/humble_ws/install/joy_teleop/lib/python3.10/site-packages:/home/rstole01/Documents/CSE-596/humble_ws/install/teleop_tools_msgs/local/lib/python3.10/dist-packages:${PYTHONPATH} /usr/bin/python3 setup.py egg_info --egg-base ../../../../build/joy_teleop build --build-base /home/rstole01/Documents/CSE-596/humble_ws/build/joy_teleop/build install --record /home/rstole01/Documents/CSE-596/humble_ws/build/joy_teleop/install.log --install-scripts $base/lib/joy_teleop --single-version-externally-managed
[11.776s] running egg_info
[11.777s] creating ../../../../build/joy_teleop/joy_teleop.egg-info
[11.777s] writing ../../../../build/joy_teleop/joy_teleop.egg-info/PKG-INFO
[11.777s] writing dependency_links to ../../../../build/joy_teleop/joy_teleop.egg-info/dependency_links.txt
[11.777s] writing entry points to ../../../../build/joy_teleop/joy_teleop.egg-info/entry_points.txt
[11.778s] writing requirements to ../../../../build/joy_teleop/joy_teleop.egg-info/requires.txt
[11.778s] writing top-level names to ../../../../build/joy_teleop/joy_teleop.egg-info/top_level.txt
[11.778s] writing manifest file '../../../../build/joy_teleop/joy_teleop.egg-info/SOURCES.txt'
[11.778s] reading manifest file '../../../../build/joy_teleop/joy_teleop.egg-info/SOURCES.txt'
[11.779s] writing manifest file '../../../../build/joy_teleop/joy_teleop.egg-info/SOURCES.txt'
[11.779s] running build
[11.779s] running build_py
[11.779s] creating /home/rstole01/Documents/CSE-596/humble_ws/build/joy_teleop/build
[11.779s] creating /home/rstole01/Documents/CSE-596/humble_ws/build/joy_teleop/build/lib
[11.780s] creating /home/rstole01/Documents/CSE-596/humble_ws/build/joy_teleop/build/lib/joy_teleop
[11.780s] copying joy_teleop/incrementer_server.py -> /home/rstole01/Documents/CSE-596/humble_ws/build/joy_teleop/build/lib/joy_teleop
[11.780s] copying joy_teleop/__init__.py -> /home/rstole01/Documents/CSE-596/humble_ws/build/joy_teleop/build/lib/joy_teleop
[11.780s] copying joy_teleop/joy_teleop.py -> /home/rstole01/Documents/CSE-596/humble_ws/build/joy_teleop/build/lib/joy_teleop
[11.781s] running install
[11.781s] running install_lib
[11.781s] creating /home/rstole01/Documents/CSE-596/humble_ws/install/joy_teleop/lib/python3.10/site-packages/joy_teleop
[11.781s] copying /home/rstole01/Documents/CSE-596/humble_ws/build/joy_teleop/build/lib/joy_teleop/incrementer_server.py -> /home/rstole01/Documents/CSE-596/humble_ws/install/joy_teleop/lib/python3.10/site-packages/joy_teleop
[11.782s] copying /home/rstole01/Documents/CSE-596/humble_ws/build/joy_teleop/build/lib/joy_teleop/__init__.py -> /home/rstole01/Documents/CSE-596/humble_ws/install/joy_teleop/lib/python3.10/site-packages/joy_teleop
[11.786s] copying /home/rstole01/Documents/CSE-596/humble_ws/build/joy_teleop/build/lib/joy_teleop/joy_teleop.py -> /home/rstole01/Documents/CSE-596/humble_ws/install/joy_teleop/lib/python3.10/site-packages/joy_teleop
[11.787s] byte-compiling /home/rstole01/Documents/CSE-596/humble_ws/install/joy_teleop/lib/python3.10/site-packages/joy_teleop/incrementer_server.py to incrementer_server.cpython-310.pyc
[11.787s] byte-compiling /home/rstole01/Documents/CSE-596/humble_ws/install/joy_teleop/lib/python3.10/site-packages/joy_teleop/__init__.py to __init__.cpython-310.pyc
[11.799s] byte-compiling /home/rstole01/Documents/CSE-596/humble_ws/install/joy_teleop/lib/python3.10/site-packages/joy_teleop/joy_teleop.py to joy_teleop.cpython-310.pyc
[11.799s] running install_data
[11.801s] copying package.xml -> /home/rstole01/Documents/CSE-596/humble_ws/install/joy_teleop/share/joy_teleop
[11.802s] creating /home/rstole01/Documents/CSE-596/humble_ws/install/joy_teleop/share/joy_teleop/config
[11.803s] copying config/joy_teleop_example.yaml -> /home/rstole01/Documents/CSE-596/humble_ws/install/joy_teleop/share/joy_teleop/config
[11.803s] creating /home/rstole01/Documents/CSE-596/humble_ws/install/joy_teleop/share/joy_teleop/launch
[11.803s] copying launch/example.launch.py -> /home/rstole01/Documents/CSE-596/humble_ws/install/joy_teleop/share/joy_teleop/launch
[11.806s] creating /home/rstole01/Documents/CSE-596/humble_ws/install/joy_teleop/share/ament_index
[11.807s] creating /home/rstole01/Documents/CSE-596/humble_ws/install/joy_teleop/share/ament_index/resource_index
[11.807s] creating /home/rstole01/Documents/CSE-596/humble_ws/install/joy_teleop/share/ament_index/resource_index/packages
[11.808s] copying resource/joy_teleop -> /home/rstole01/Documents/CSE-596/humble_ws/install/joy_teleop/share/ament_index/resource_index/packages
[11.808s] running install_egg_info
[11.808s] Copying ../../../../build/joy_teleop/joy_teleop.egg-info to /home/rstole01/Documents/CSE-596/humble_ws/install/joy_teleop/lib/python3.10/site-packages/joy_teleop-0.3.0-py3.10.egg-info
[11.808s] running install_scripts
[11.809s] Installing incrementer_server script to /home/rstole01/Documents/CSE-596/humble_ws/install/joy_teleop/lib/joy_teleop
[11.809s] Installing joy_teleop script to /home/rstole01/Documents/CSE-596/humble_ws/install/joy_teleop/lib/joy_teleop
[11.809s] writing list of installed files to '/home/rstole01/Documents/CSE-596/humble_ws/build/joy_teleop/install.log'
[11.810s] /usr/lib/python3/dist-packages/setuptools/dist.py:723: UserWarning: Usage of dash-separated 'script-dir' will not be supported in future versions. Please use the underscore name 'script_dir' instead
[11.810s]   warnings.warn(
[11.810s] /usr/lib/python3/dist-packages/setuptools/command/install.py:34: SetuptoolsDeprecationWarning: setup.py install is deprecated. Use build and pip and other standards-based tools.
[11.811s]   warnings.warn(
[11.828s] Invoked command in '/home/rstole01/Documents/CSE-596/humble_ws/src/f1tenth_system/teleop_tools/joy_teleop' returned '0': AMENT_PREFIX_PATH=/home/rstole01/Documents/CSE-596/humble_ws/install/teleop_tools_msgs:${AMENT_PREFIX_PATH} CMAKE_PREFIX_PATH=/home/rstole01/Documents/CSE-596/humble_ws/install/teleop_tools_msgs LD_LIBRARY_PATH=/home/rstole01/Documents/CSE-596/humble_ws/install/teleop_tools_msgs/lib:${LD_LIBRARY_PATH} PYTHONPATH=/home/rstole01/Documents/CSE-596/humble_ws/build/joy_teleop/prefix_override:/home/rstole01/Documents/CSE-596/humble_ws/install/joy_teleop/lib/python3.10/site-packages:/home/rstole01/Documents/CSE-596/humble_ws/install/teleop_tools_msgs/local/lib/python3.10/dist-packages:${PYTHONPATH} /usr/bin/python3 setup.py egg_info --egg-base ../../../../build/joy_teleop build --build-base /home/rstole01/Documents/CSE-596/humble_ws/build/joy_teleop/build install --record /home/rstole01/Documents/CSE-596/humble_ws/build/joy_teleop/install.log --install-scripts $base/lib/joy_teleop --single-version-externally-managed
