[0.522s] Invoking command in '/home/rstole01/Documents/CSE-596/humble_ws/build/vesc_msgs': CMAKE_PREFIX_PATH=/opt/ros/humble /usr/bin/cmake --build /home/rstole01/Documents/CSE-596/humble_ws/build/vesc_msgs -- -j8 -l8
[2.014s] [  1%] Built target vesc_msgs__cpp
[2.015s] [ 12%] Built target vesc_msgs__rosidl_generator_c
[2.016s] [ 12%] Built target ament_cmake_python_copy_vesc_msgs
[2.018s] [ 23%] Built target vesc_msgs__rosidl_typesupport_cpp
[2.019s] [ 34%] Built target vesc_msgs__rosidl_typesupport_introspection_cpp
[2.019s] [ 45%] Built target vesc_msgs__rosidl_typesupport_introspection_c
[2.020s] [ 56%] Built target vesc_msgs__rosidl_typesupport_fastrtps_cpp
[2.021s] [ 67%] Built target vesc_msgs__rosidl_typesupport_c
[2.023s] [ 78%] Built target vesc_msgs__rosidl_typesupport_fastrtps_c
[2.023s] [ 78%] Built target vesc_msgs
[2.024s] [ 80%] Built target vesc_msgs__py
[2.025s] [ 89%] Built target vesc_msgs__rosidl_generator_py
[2.025s] [ 92%] Built target vesc_msgs__rosidl_typesupport_c__pyext
[2.025s] [ 96%] Built target vesc_msgs__rosidl_typesupport_introspection_c__pyext
[2.025s] [100%] Built target vesc_msgs__rosidl_typesupport_fastrtps_c__pyext
[2.026s] running egg_info
[2.026s] writing vesc_msgs.egg-info/PKG-INFO
[2.026s] writing dependency_links to vesc_msgs.egg-info/dependency_links.txt
[2.026s] writing top-level names to vesc_msgs.egg-info/top_level.txt
[2.026s] reading manifest file 'vesc_msgs.egg-info/SOURCES.txt'
[2.027s] writing manifest file 'vesc_msgs.egg-info/SOURCES.txt'
[2.027s] [100%] Built target ament_cmake_python_build_vesc_msgs_egg
[2.055s] Invoked command in '/home/rstole01/Documents/CSE-596/humble_ws/build/vesc_msgs' returned '0': CMAKE_PREFIX_PATH=/opt/ros/humble /usr/bin/cmake --build /home/rstole01/Documents/CSE-596/humble_ws/build/vesc_msgs -- -j8 -l8
[2.463s] Invoking command in '/home/rstole01/Documents/CSE-596/humble_ws/build/vesc_msgs': CMAKE_PREFIX_PATH=/opt/ros/humble /usr/bin/cmake --install /home/rstole01/Documents/CSE-596/humble_ws/build/vesc_msgs
[2.508s] -- Install configuration: ""
[2.509s] -- Up-to-date: /home/rstole01/Documents/CSE-596/humble_ws/install/vesc_msgs/share/ament_index/resource_index/rosidl_interfaces/vesc_msgs
[2.510s] -- Up-to-date: /home/rstole01/Documents/CSE-596/humble_ws/install/vesc_msgs/include/vesc_msgs/vesc_msgs
[2.511s] -- Up-to-date: /home/rstole01/Documents/CSE-596/humble_ws/install/vesc_msgs/include/vesc_msgs/vesc_msgs/msg
[2.511s] -- Up-to-date: /home/rstole01/Documents/CSE-596/humble_ws/install/vesc_msgs/include/vesc_msgs/vesc_msgs/msg/rosidl_generator_c__visibility_control.h
[2.512s] -- Up-to-date: /home/rstole01/Documents/CSE-596/humble_ws/install/vesc_msgs/include/vesc_msgs/vesc_msgs/msg/vesc_imu_stamped.h
[2.512s] -- Up-to-date: /home/rstole01/Documents/CSE-596/humble_ws/install/vesc_msgs/include/vesc_msgs/vesc_msgs/msg/vesc_state_stamped.h
[2.513s] -- Up-to-date: /home/rstole01/Documents/CSE-596/humble_ws/install/vesc_msgs/include/vesc_msgs/vesc_msgs/msg/detail
[2.513s] -- Up-to-date: /home/rstole01/Documents/CSE-596/humble_ws/install/vesc_msgs/include/vesc_msgs/vesc_msgs/msg/detail/vesc_state__type_support.h
[2.513s] -- Up-to-date: /home/rstole01/Documents/CSE-596/humble_ws/install/vesc_msgs/include/vesc_msgs/vesc_msgs/msg/detail/vesc_state_stamped__functions.h
[2.514s] -- Up-to-date: /home/rstole01/Documents/CSE-596/humble_ws/install/vesc_msgs/include/vesc_msgs/vesc_msgs/msg/detail/vesc_imu_stamped__functions.h
[2.514s] -- Up-to-date: /home/rstole01/Documents/CSE-596/humble_ws/install/vesc_msgs/include/vesc_msgs/vesc_msgs/msg/detail/vesc_state_stamped__struct.h
[2.521s] -- Up-to-date: /home/rstole01/Documents/CSE-596/humble_ws/install/vesc_msgs/include/vesc_msgs/vesc_msgs/msg/detail/vesc_state_stamped__functions.c
[2.521s] -- Up-to-date: /home/rstole01/Documents/CSE-596/humble_ws/install/vesc_msgs/include/vesc_msgs/vesc_msgs/msg/detail/vesc_imu__type_support.h
[2.521s] -- Up-to-date: /home/rstole01/Documents/CSE-596/humble_ws/install/vesc_msgs/include/vesc_msgs/vesc_msgs/msg/detail/vesc_imu_stamped__struct.h
[2.522s] -- Up-to-date: /home/rstole01/Documents/CSE-596/humble_ws/install/vesc_msgs/include/vesc_msgs/vesc_msgs/msg/detail/vesc_state__struct.h
[2.522s] -- Up-to-date: /home/rstole01/Documents/CSE-596/humble_ws/install/vesc_msgs/include/vesc_msgs/vesc_msgs/msg/detail/vesc_imu__functions.h
[2.522s] -- Up-to-date: /home/rstole01/Documents/CSE-596/humble_ws/install/vesc_msgs/include/vesc_msgs/vesc_msgs/msg/detail/vesc_state__functions.h
[2.522s] -- Up-to-date: /home/rstole01/Documents/CSE-596/humble_ws/install/vesc_msgs/include/vesc_msgs/vesc_msgs/msg/detail/vesc_imu__functions.c
[2.523s] -- Up-to-date: /home/rstole01/Documents/CSE-596/humble_ws/install/vesc_msgs/include/vesc_msgs/vesc_msgs/msg/detail/vesc_imu__struct.h
[2.523s] -- Up-to-date: /home/rstole01/Documents/CSE-596/humble_ws/install/vesc_msgs/include/vesc_msgs/vesc_msgs/msg/detail/vesc_state_stamped__type_support.h
[2.523s] -- Up-to-date: /home/rstole01/Documents/CSE-596/humble_ws/install/vesc_msgs/include/vesc_msgs/vesc_msgs/msg/detail/vesc_state__functions.c
[2.524s] -- Up-to-date: /home/rstole01/Documents/CSE-596/humble_ws/install/vesc_msgs/include/vesc_msgs/vesc_msgs/msg/detail/vesc_imu_stamped__type_support.h
[2.524s] -- Up-to-date: /home/rstole01/Documents/CSE-596/humble_ws/install/vesc_msgs/include/vesc_msgs/vesc_msgs/msg/detail/vesc_imu_stamped__functions.c
[2.524s] -- Up-to-date: /home/rstole01/Documents/CSE-596/humble_ws/install/vesc_msgs/include/vesc_msgs/vesc_msgs/msg/vesc_imu.h
[2.524s] -- Up-to-date: /home/rstole01/Documents/CSE-596/humble_ws/install/vesc_msgs/include/vesc_msgs/vesc_msgs/msg/vesc_state.h
[2.525s] -- Up-to-date: /home/rstole01/Documents/CSE-596/humble_ws/install/vesc_msgs/share/vesc_msgs/environment/library_path.sh
[2.525s] -- Up-to-date: /home/rstole01/Documents/CSE-596/humble_ws/install/vesc_msgs/share/vesc_msgs/environment/library_path.dsv
[2.525s] -- Up-to-date: /home/rstole01/Documents/CSE-596/humble_ws/install/vesc_msgs/lib/libvesc_msgs__rosidl_generator_c.so
[2.525s] -- Up-to-date: /home/rstole01/Documents/CSE-596/humble_ws/install/vesc_msgs/include/vesc_msgs/vesc_msgs
[2.526s] -- Up-to-date: /home/rstole01/Documents/CSE-596/humble_ws/install/vesc_msgs/include/vesc_msgs/vesc_msgs/msg
[2.526s] -- Up-to-date: /home/rstole01/Documents/CSE-596/humble_ws/install/vesc_msgs/include/vesc_msgs/vesc_msgs/msg/rosidl_typesupport_fastrtps_c__visibility_control.h
[2.526s] -- Up-to-date: /home/rstole01/Documents/CSE-596/humble_ws/install/vesc_msgs/include/vesc_msgs/vesc_msgs/msg/detail
[2.527s] -- Up-to-date: /home/rstole01/Documents/CSE-596/humble_ws/install/vesc_msgs/include/vesc_msgs/vesc_msgs/msg/detail/vesc_imu_stamped__rosidl_typesupport_fastrtps_c.h
[2.527s] -- Up-to-date: /home/rstole01/Documents/CSE-596/humble_ws/install/vesc_msgs/include/vesc_msgs/vesc_msgs/msg/detail/vesc_state__rosidl_typesupport_fastrtps_c.h
[2.527s] -- Up-to-date: /home/rstole01/Documents/CSE-596/humble_ws/install/vesc_msgs/include/vesc_msgs/vesc_msgs/msg/detail/vesc_state_stamped__rosidl_typesupport_fastrtps_c.h
[2.527s] -- Up-to-date: /home/rstole01/Documents/CSE-596/humble_ws/install/vesc_msgs/include/vesc_msgs/vesc_msgs/msg/detail/vesc_imu__rosidl_typesupport_fastrtps_c.h
[2.529s] -- Up-to-date: /home/rstole01/Documents/CSE-596/humble_ws/install/vesc_msgs/lib/libvesc_msgs__rosidl_typesupport_fastrtps_c.so
[2.531s] -- Up-to-date: /home/rstole01/Documents/CSE-596/humble_ws/install/vesc_msgs/include/vesc_msgs/vesc_msgs
[2.533s] -- Up-to-date: /home/rstole01/Documents/CSE-596/humble_ws/install/vesc_msgs/include/vesc_msgs/vesc_msgs/msg
[2.549s] -- Up-to-date: /home/rstole01/Documents/CSE-596/humble_ws/install/vesc_msgs/include/vesc_msgs/vesc_msgs/msg/rosidl_typesupport_introspection_c__visibility_control.h
[2.549s] -- Up-to-date: /home/rstole01/Documents/CSE-596/humble_ws/install/vesc_msgs/include/vesc_msgs/vesc_msgs/msg/detail
[2.551s] -- Up-to-date: /home/rstole01/Documents/CSE-596/humble_ws/install/vesc_msgs/include/vesc_msgs/vesc_msgs/msg/detail/vesc_imu__type_support.c
[2.551s] -- Up-to-date: /home/rstole01/Documents/CSE-596/humble_ws/install/vesc_msgs/include/vesc_msgs/vesc_msgs/msg/detail/vesc_state_stamped__rosidl_typesupport_introspection_c.h
[2.552s] -- Up-to-date: /home/rstole01/Documents/CSE-596/humble_ws/install/vesc_msgs/include/vesc_msgs/vesc_msgs/msg/detail/vesc_state_stamped__type_support.c
[2.554s] -- Up-to-date: /home/rstole01/Documents/CSE-596/humble_ws/install/vesc_msgs/include/vesc_msgs/vesc_msgs/msg/detail/vesc_imu_stamped__rosidl_typesupport_introspection_c.h
[2.554s] -- Up-to-date: /home/rstole01/Documents/CSE-596/humble_ws/install/vesc_msgs/include/vesc_msgs/vesc_msgs/msg/detail/vesc_imu_stamped__type_support.c
[2.554s] -- Up-to-date: /home/rstole01/Documents/CSE-596/humble_ws/install/vesc_msgs/include/vesc_msgs/vesc_msgs/msg/detail/vesc_imu__rosidl_typesupport_introspection_c.h
[2.555s] -- Up-to-date: /home/rstole01/Documents/CSE-596/humble_ws/install/vesc_msgs/include/vesc_msgs/vesc_msgs/msg/detail/vesc_state__rosidl_typesupport_introspection_c.h
[2.555s] -- Up-to-date: /home/rstole01/Documents/CSE-596/humble_ws/install/vesc_msgs/include/vesc_msgs/vesc_msgs/msg/detail/vesc_state__type_support.c
[2.555s] -- Up-to-date: /home/rstole01/Documents/CSE-596/humble_ws/install/vesc_msgs/lib/libvesc_msgs__rosidl_typesupport_introspection_c.so
[2.558s] -- Up-to-date: /home/rstole01/Documents/CSE-596/humble_ws/install/vesc_msgs/lib/libvesc_msgs__rosidl_typesupport_c.so
[2.561s] -- Up-to-date: /home/rstole01/Documents/CSE-596/humble_ws/install/vesc_msgs/include/vesc_msgs/vesc_msgs
[2.561s] -- Up-to-date: /home/rstole01/Documents/CSE-596/humble_ws/install/vesc_msgs/include/vesc_msgs/vesc_msgs/msg
[2.562s] -- Up-to-date: /home/rstole01/Documents/CSE-596/humble_ws/install/vesc_msgs/include/vesc_msgs/vesc_msgs/msg/vesc_state_stamped.hpp
[2.562s] -- Up-to-date: /home/rstole01/Documents/CSE-596/humble_ws/install/vesc_msgs/include/vesc_msgs/vesc_msgs/msg/vesc_imu.hpp
[2.562s] -- Up-to-date: /home/rstole01/Documents/CSE-596/humble_ws/install/vesc_msgs/include/vesc_msgs/vesc_msgs/msg/detail
[2.562s] -- Up-to-date: /home/rstole01/Documents/CSE-596/humble_ws/install/vesc_msgs/include/vesc_msgs/vesc_msgs/msg/detail/vesc_state__builder.hpp
[2.563s] -- Up-to-date: /home/rstole01/Documents/CSE-596/humble_ws/install/vesc_msgs/include/vesc_msgs/vesc_msgs/msg/detail/vesc_state_stamped__struct.hpp
[2.563s] -- Up-to-date: /home/rstole01/Documents/CSE-596/humble_ws/install/vesc_msgs/include/vesc_msgs/vesc_msgs/msg/detail/vesc_imu_stamped__struct.hpp
[2.563s] -- Up-to-date: /home/rstole01/Documents/CSE-596/humble_ws/install/vesc_msgs/include/vesc_msgs/vesc_msgs/msg/detail/vesc_state__struct.hpp
[2.563s] -- Up-to-date: /home/rstole01/Documents/CSE-596/humble_ws/install/vesc_msgs/include/vesc_msgs/vesc_msgs/msg/detail/vesc_imu_stamped__builder.hpp
[2.565s] -- Up-to-date: /home/rstole01/Documents/CSE-596/humble_ws/install/vesc_msgs/include/vesc_msgs/vesc_msgs/msg/detail/vesc_state_stamped__traits.hpp
[2.566s] -- Up-to-date: /home/rstole01/Documents/CSE-596/humble_ws/install/vesc_msgs/include/vesc_msgs/vesc_msgs/msg/detail/vesc_state_stamped__builder.hpp
[2.566s] -- Up-to-date: /home/rstole01/Documents/CSE-596/humble_ws/install/vesc_msgs/include/vesc_msgs/vesc_msgs/msg/detail/vesc_imu__struct.hpp
[2.566s] -- Up-to-date: /home/rstole01/Documents/CSE-596/humble_ws/install/vesc_msgs/include/vesc_msgs/vesc_msgs/msg/detail/vesc_imu__builder.hpp
[2.567s] -- Up-to-date: /home/rstole01/Documents/CSE-596/humble_ws/install/vesc_msgs/include/vesc_msgs/vesc_msgs/msg/detail/vesc_imu_stamped__traits.hpp
[2.567s] -- Up-to-date: /home/rstole01/Documents/CSE-596/humble_ws/install/vesc_msgs/include/vesc_msgs/vesc_msgs/msg/detail/vesc_imu__traits.hpp
[2.567s] -- Up-to-date: /home/rstole01/Documents/CSE-596/humble_ws/install/vesc_msgs/include/vesc_msgs/vesc_msgs/msg/detail/vesc_state__traits.hpp
[2.568s] -- Up-to-date: /home/rstole01/Documents/CSE-596/humble_ws/install/vesc_msgs/include/vesc_msgs/vesc_msgs/msg/vesc_imu_stamped.hpp
[2.568s] -- Up-to-date: /home/rstole01/Documents/CSE-596/humble_ws/install/vesc_msgs/include/vesc_msgs/vesc_msgs/msg/vesc_state.hpp
[2.568s] -- Up-to-date: /home/rstole01/Documents/CSE-596/humble_ws/install/vesc_msgs/include/vesc_msgs/vesc_msgs
[2.569s] -- Up-to-date: /home/rstole01/Documents/CSE-596/humble_ws/install/vesc_msgs/include/vesc_msgs/vesc_msgs/msg
[2.571s] -- Up-to-date: /home/rstole01/Documents/CSE-596/humble_ws/install/vesc_msgs/include/vesc_msgs/vesc_msgs/msg/detail
[2.571s] -- Up-to-date: /home/rstole01/Documents/CSE-596/humble_ws/install/vesc_msgs/include/vesc_msgs/vesc_msgs/msg/detail/vesc_state__rosidl_typesupport_fastrtps_cpp.hpp
[2.572s] -- Up-to-date: /home/rstole01/Documents/CSE-596/humble_ws/install/vesc_msgs/include/vesc_msgs/vesc_msgs/msg/detail/vesc_state_stamped__rosidl_typesupport_fastrtps_cpp.hpp
[2.572s] -- Up-to-date: /home/rstole01/Documents/CSE-596/humble_ws/install/vesc_msgs/include/vesc_msgs/vesc_msgs/msg/detail/dds_fastrtps
[2.574s] -- Up-to-date: /home/rstole01/Documents/CSE-596/humble_ws/install/vesc_msgs/include/vesc_msgs/vesc_msgs/msg/detail/vesc_imu__rosidl_typesupport_fastrtps_cpp.hpp
[2.575s] -- Up-to-date: /home/rstole01/Documents/CSE-596/humble_ws/install/vesc_msgs/include/vesc_msgs/vesc_msgs/msg/detail/vesc_imu_stamped__rosidl_typesupport_fastrtps_cpp.hpp
[2.577s] -- Up-to-date: /home/rstole01/Documents/CSE-596/humble_ws/install/vesc_msgs/include/vesc_msgs/vesc_msgs/msg/rosidl_typesupport_fastrtps_cpp__visibility_control.h
[2.578s] -- Up-to-date: /home/rstole01/Documents/CSE-596/humble_ws/install/vesc_msgs/lib/libvesc_msgs__rosidl_typesupport_fastrtps_cpp.so
[2.599s] -- Up-to-date: /home/rstole01/Documents/CSE-596/humble_ws/install/vesc_msgs/include/vesc_msgs/vesc_msgs
[2.600s] -- Up-to-date: /home/rstole01/Documents/CSE-596/humble_ws/install/vesc_msgs/include/vesc_msgs/vesc_msgs/msg
[2.601s] -- Up-to-date: /home/rstole01/Documents/CSE-596/humble_ws/install/vesc_msgs/include/vesc_msgs/vesc_msgs/msg/detail
[2.601s] -- Up-to-date: /home/rstole01/Documents/CSE-596/humble_ws/install/vesc_msgs/include/vesc_msgs/vesc_msgs/msg/detail/vesc_imu_stamped__rosidl_typesupport_introspection_cpp.hpp
[2.602s] -- Up-to-date: /home/rstole01/Documents/CSE-596/humble_ws/install/vesc_msgs/include/vesc_msgs/vesc_msgs/msg/detail/vesc_imu__type_support.cpp
[2.602s] -- Up-to-date: /home/rstole01/Documents/CSE-596/humble_ws/install/vesc_msgs/include/vesc_msgs/vesc_msgs/msg/detail/vesc_imu__rosidl_typesupport_introspection_cpp.hpp
[2.603s] -- Up-to-date: /home/rstole01/Documents/CSE-596/humble_ws/install/vesc_msgs/include/vesc_msgs/vesc_msgs/msg/detail/vesc_state__rosidl_typesupport_introspection_cpp.hpp
[2.603s] -- Up-to-date: /home/rstole01/Documents/CSE-596/humble_ws/install/vesc_msgs/include/vesc_msgs/vesc_msgs/msg/detail/vesc_state_stamped__rosidl_typesupport_introspection_cpp.hpp
[2.604s] -- Up-to-date: /home/rstole01/Documents/CSE-596/humble_ws/install/vesc_msgs/include/vesc_msgs/vesc_msgs/msg/detail/vesc_state__type_support.cpp
[2.605s] -- Up-to-date: /home/rstole01/Documents/CSE-596/humble_ws/install/vesc_msgs/include/vesc_msgs/vesc_msgs/msg/detail/vesc_imu_stamped__type_support.cpp
[2.606s] -- Up-to-date: /home/rstole01/Documents/CSE-596/humble_ws/install/vesc_msgs/include/vesc_msgs/vesc_msgs/msg/detail/vesc_state_stamped__type_support.cpp
[2.634s] -- Up-to-date: /home/rstole01/Documents/CSE-596/humble_ws/install/vesc_msgs/lib/libvesc_msgs__rosidl_typesupport_introspection_cpp.so
[2.636s] -- Up-to-date: /home/rstole01/Documents/CSE-596/humble_ws/install/vesc_msgs/lib/libvesc_msgs__rosidl_typesupport_cpp.so
[2.644s] -- Up-to-date: /home/rstole01/Documents/CSE-596/humble_ws/install/vesc_msgs/share/vesc_msgs/environment/pythonpath.sh
[2.644s] -- Up-to-date: /home/rstole01/Documents/CSE-596/humble_ws/install/vesc_msgs/share/vesc_msgs/environment/pythonpath.dsv
[2.644s] -- Up-to-date: /home/rstole01/Documents/CSE-596/humble_ws/install/vesc_msgs/local/lib/python3.10/dist-packages/vesc_msgs-1.1.0-py3.10.egg-info
[2.644s] -- Installing: /home/rstole01/Documents/CSE-596/humble_ws/install/vesc_msgs/local/lib/python3.10/dist-packages/vesc_msgs-1.1.0-py3.10.egg-info/top_level.txt
[2.646s] -- Installing: /home/rstole01/Documents/CSE-596/humble_ws/install/vesc_msgs/local/lib/python3.10/dist-packages/vesc_msgs-1.1.0-py3.10.egg-info/SOURCES.txt
[2.646s] -- Installing: /home/rstole01/Documents/CSE-596/humble_ws/install/vesc_msgs/local/lib/python3.10/dist-packages/vesc_msgs-1.1.0-py3.10.egg-info/PKG-INFO
[2.647s] -- Installing: /home/rstole01/Documents/CSE-596/humble_ws/install/vesc_msgs/local/lib/python3.10/dist-packages/vesc_msgs-1.1.0-py3.10.egg-info/dependency_links.txt
[2.656s] -- Up-to-date: /home/rstole01/Documents/CSE-596/humble_ws/install/vesc_msgs/local/lib/python3.10/dist-packages/vesc_msgs
[2.656s] -- Up-to-date: /home/rstole01/Documents/CSE-596/humble_ws/install/vesc_msgs/local/lib/python3.10/dist-packages/vesc_msgs/vesc_msgs_s__rosidl_typesupport_c.cpython-310-x86_64-linux-gnu.so
[2.658s] -- Up-to-date: /home/rstole01/Documents/CSE-596/humble_ws/install/vesc_msgs/local/lib/python3.10/dist-packages/vesc_msgs/_vesc_msgs_s.ep.rosidl_typesupport_fastrtps_c.c
[2.659s] -- Up-to-date: /home/rstole01/Documents/CSE-596/humble_ws/install/vesc_msgs/local/lib/python3.10/dist-packages/vesc_msgs/_vesc_msgs_s.ep.rosidl_typesupport_introspection_c.c
[2.660s] -- Up-to-date: /home/rstole01/Documents/CSE-596/humble_ws/install/vesc_msgs/local/lib/python3.10/dist-packages/vesc_msgs/libvesc_msgs__rosidl_generator_py.so
[2.660s] -- Up-to-date: /home/rstole01/Documents/CSE-596/humble_ws/install/vesc_msgs/local/lib/python3.10/dist-packages/vesc_msgs/_vesc_msgs_s.ep.rosidl_typesupport_c.c
[2.660s] -- Up-to-date: /home/rstole01/Documents/CSE-596/humble_ws/install/vesc_msgs/local/lib/python3.10/dist-packages/vesc_msgs/__init__.py
[2.662s] -- Up-to-date: /home/rstole01/Documents/CSE-596/humble_ws/install/vesc_msgs/local/lib/python3.10/dist-packages/vesc_msgs/msg
[2.662s] -- Up-to-date: /home/rstole01/Documents/CSE-596/humble_ws/install/vesc_msgs/local/lib/python3.10/dist-packages/vesc_msgs/msg/_vesc_state.py
[2.664s] -- Up-to-date: /home/rstole01/Documents/CSE-596/humble_ws/install/vesc_msgs/local/lib/python3.10/dist-packages/vesc_msgs/msg/_vesc_state_s.c
[2.664s] -- Up-to-date: /home/rstole01/Documents/CSE-596/humble_ws/install/vesc_msgs/local/lib/python3.10/dist-packages/vesc_msgs/msg/_vesc_imu_stamped.py
[2.664s] -- Up-to-date: /home/rstole01/Documents/CSE-596/humble_ws/install/vesc_msgs/local/lib/python3.10/dist-packages/vesc_msgs/msg/_vesc_imu.py
[2.664s] -- Up-to-date: /home/rstole01/Documents/CSE-596/humble_ws/install/vesc_msgs/local/lib/python3.10/dist-packages/vesc_msgs/msg/__init__.py
[2.665s] -- Up-to-date: /home/rstole01/Documents/CSE-596/humble_ws/install/vesc_msgs/local/lib/python3.10/dist-packages/vesc_msgs/msg/_vesc_state_stamped_s.c
[2.665s] -- Up-to-date: /home/rstole01/Documents/CSE-596/humble_ws/install/vesc_msgs/local/lib/python3.10/dist-packages/vesc_msgs/msg/_vesc_imu_stamped_s.c
[2.665s] -- Up-to-date: /home/rstole01/Documents/CSE-596/humble_ws/install/vesc_msgs/local/lib/python3.10/dist-packages/vesc_msgs/msg/_vesc_state_stamped.py
[2.666s] -- Up-to-date: /home/rstole01/Documents/CSE-596/humble_ws/install/vesc_msgs/local/lib/python3.10/dist-packages/vesc_msgs/msg/_vesc_imu_s.c
[2.666s] -- Up-to-date: /home/rstole01/Documents/CSE-596/humble_ws/install/vesc_msgs/local/lib/python3.10/dist-packages/vesc_msgs/vesc_msgs_s__rosidl_typesupport_introspection_c.cpython-310-x86_64-linux-gnu.so
[2.666s] -- Up-to-date: /home/rstole01/Documents/CSE-596/humble_ws/install/vesc_msgs/local/lib/python3.10/dist-packages/vesc_msgs/vesc_msgs_s__rosidl_typesupport_fastrtps_c.cpython-310-x86_64-linux-gnu.so
[2.695s] Listing '/home/rstole01/Documents/CSE-596/humble_ws/install/vesc_msgs/local/lib/python3.10/dist-packages/vesc_msgs'...
[2.696s] Listing '/home/rstole01/Documents/CSE-596/humble_ws/install/vesc_msgs/local/lib/python3.10/dist-packages/vesc_msgs/msg'...
[2.703s] -- Up-to-date: /home/rstole01/Documents/CSE-596/humble_ws/install/vesc_msgs/local/lib/python3.10/dist-packages/vesc_msgs/vesc_msgs_s__rosidl_typesupport_fastrtps_c.cpython-310-x86_64-linux-gnu.so
[2.709s] -- Up-to-date: /home/rstole01/Documents/CSE-596/humble_ws/install/vesc_msgs/local/lib/python3.10/dist-packages/vesc_msgs/vesc_msgs_s__rosidl_typesupport_introspection_c.cpython-310-x86_64-linux-gnu.so
[2.713s] -- Up-to-date: /home/rstole01/Documents/CSE-596/humble_ws/install/vesc_msgs/local/lib/python3.10/dist-packages/vesc_msgs/vesc_msgs_s__rosidl_typesupport_c.cpython-310-x86_64-linux-gnu.so
[2.717s] -- Up-to-date: /home/rstole01/Documents/CSE-596/humble_ws/install/vesc_msgs/lib/libvesc_msgs__rosidl_generator_py.so
[2.720s] -- Up-to-date: /home/rstole01/Documents/CSE-596/humble_ws/install/vesc_msgs/share/vesc_msgs/msg/VescState.idl
[2.721s] -- Up-to-date: /home/rstole01/Documents/CSE-596/humble_ws/install/vesc_msgs/share/vesc_msgs/msg/VescStateStamped.idl
[2.722s] -- Up-to-date: /home/rstole01/Documents/CSE-596/humble_ws/install/vesc_msgs/share/vesc_msgs/msg/VescImu.idl
[2.722s] -- Up-to-date: /home/rstole01/Documents/CSE-596/humble_ws/install/vesc_msgs/share/vesc_msgs/msg/VescImuStamped.idl
[2.723s] -- Up-to-date: /home/rstole01/Documents/CSE-596/humble_ws/install/vesc_msgs/share/vesc_msgs/msg/VescState.msg
[2.726s] -- Up-to-date: /home/rstole01/Documents/CSE-596/humble_ws/install/vesc_msgs/share/vesc_msgs/msg/VescStateStamped.msg
[2.726s] -- Up-to-date: /home/rstole01/Documents/CSE-596/humble_ws/install/vesc_msgs/share/vesc_msgs/msg/VescImu.msg
[2.726s] -- Up-to-date: /home/rstole01/Documents/CSE-596/humble_ws/install/vesc_msgs/share/vesc_msgs/msg/VescImuStamped.msg
[2.727s] -- Up-to-date: /home/rstole01/Documents/CSE-596/humble_ws/install/vesc_msgs/share/ament_index/resource_index/package_run_dependencies/vesc_msgs
[2.729s] -- Up-to-date: /home/rstole01/Documents/CSE-596/humble_ws/install/vesc_msgs/share/ament_index/resource_index/parent_prefix_path/vesc_msgs
[2.729s] -- Up-to-date: /home/rstole01/Documents/CSE-596/humble_ws/install/vesc_msgs/share/vesc_msgs/environment/ament_prefix_path.sh
[2.730s] -- Up-to-date: /home/rstole01/Documents/CSE-596/humble_ws/install/vesc_msgs/share/vesc_msgs/environment/ament_prefix_path.dsv
[2.734s] -- Up-to-date: /home/rstole01/Documents/CSE-596/humble_ws/install/vesc_msgs/share/vesc_msgs/environment/path.sh
[2.735s] -- Up-to-date: /home/rstole01/Documents/CSE-596/humble_ws/install/vesc_msgs/share/vesc_msgs/environment/path.dsv
[2.735s] -- Up-to-date: /home/rstole01/Documents/CSE-596/humble_ws/install/vesc_msgs/share/vesc_msgs/local_setup.bash
[2.736s] -- Up-to-date: /home/rstole01/Documents/CSE-596/humble_ws/install/vesc_msgs/share/vesc_msgs/local_setup.sh
[2.736s] -- Up-to-date: /home/rstole01/Documents/CSE-596/humble_ws/install/vesc_msgs/share/vesc_msgs/local_setup.zsh
[2.736s] -- Up-to-date: /home/rstole01/Documents/CSE-596/humble_ws/install/vesc_msgs/share/vesc_msgs/local_setup.dsv
[2.736s] -- Installing: /home/rstole01/Documents/CSE-596/humble_ws/install/vesc_msgs/share/vesc_msgs/package.dsv
[2.739s] -- Up-to-date: /home/rstole01/Documents/CSE-596/humble_ws/install/vesc_msgs/share/ament_index/resource_index/packages/vesc_msgs
[2.740s] -- Up-to-date: /home/rstole01/Documents/CSE-596/humble_ws/install/vesc_msgs/share/vesc_msgs/cmake/export_vesc_msgs__rosidl_generator_cExport.cmake
[2.740s] -- Up-to-date: /home/rstole01/Documents/CSE-596/humble_ws/install/vesc_msgs/share/vesc_msgs/cmake/export_vesc_msgs__rosidl_generator_cExport-noconfig.cmake
[2.740s] -- Up-to-date: /home/rstole01/Documents/CSE-596/humble_ws/install/vesc_msgs/share/vesc_msgs/cmake/export_vesc_msgs__rosidl_typesupport_fastrtps_cExport.cmake
[2.740s] -- Up-to-date: /home/rstole01/Documents/CSE-596/humble_ws/install/vesc_msgs/share/vesc_msgs/cmake/export_vesc_msgs__rosidl_typesupport_fastrtps_cExport-noconfig.cmake
[2.743s] -- Up-to-date: /home/rstole01/Documents/CSE-596/humble_ws/install/vesc_msgs/share/vesc_msgs/cmake/vesc_msgs__rosidl_typesupport_introspection_cExport.cmake
[2.743s] -- Up-to-date: /home/rstole01/Documents/CSE-596/humble_ws/install/vesc_msgs/share/vesc_msgs/cmake/vesc_msgs__rosidl_typesupport_introspection_cExport-noconfig.cmake
[2.746s] -- Up-to-date: /home/rstole01/Documents/CSE-596/humble_ws/install/vesc_msgs/share/vesc_msgs/cmake/vesc_msgs__rosidl_typesupport_cExport.cmake
[2.746s] -- Up-to-date: /home/rstole01/Documents/CSE-596/humble_ws/install/vesc_msgs/share/vesc_msgs/cmake/vesc_msgs__rosidl_typesupport_cExport-noconfig.cmake
[2.747s] -- Up-to-date: /home/rstole01/Documents/CSE-596/humble_ws/install/vesc_msgs/share/vesc_msgs/cmake/export_vesc_msgs__rosidl_generator_cppExport.cmake
[2.750s] -- Up-to-date: /home/rstole01/Documents/CSE-596/humble_ws/install/vesc_msgs/share/vesc_msgs/cmake/export_vesc_msgs__rosidl_typesupport_fastrtps_cppExport.cmake
[2.750s] -- Up-to-date: /home/rstole01/Documents/CSE-596/humble_ws/install/vesc_msgs/share/vesc_msgs/cmake/export_vesc_msgs__rosidl_typesupport_fastrtps_cppExport-noconfig.cmake
[2.751s] -- Up-to-date: /home/rstole01/Documents/CSE-596/humble_ws/install/vesc_msgs/share/vesc_msgs/cmake/vesc_msgs__rosidl_typesupport_introspection_cppExport.cmake
[2.751s] -- Up-to-date: /home/rstole01/Documents/CSE-596/humble_ws/install/vesc_msgs/share/vesc_msgs/cmake/vesc_msgs__rosidl_typesupport_introspection_cppExport-noconfig.cmake
[2.752s] -- Up-to-date: /home/rstole01/Documents/CSE-596/humble_ws/install/vesc_msgs/share/vesc_msgs/cmake/vesc_msgs__rosidl_typesupport_cppExport.cmake
[2.753s] -- Up-to-date: /home/rstole01/Documents/CSE-596/humble_ws/install/vesc_msgs/share/vesc_msgs/cmake/vesc_msgs__rosidl_typesupport_cppExport-noconfig.cmake
[2.753s] -- Up-to-date: /home/rstole01/Documents/CSE-596/humble_ws/install/vesc_msgs/share/vesc_msgs/cmake/export_vesc_msgs__rosidl_generator_pyExport.cmake
[2.756s] -- Up-to-date: /home/rstole01/Documents/CSE-596/humble_ws/install/vesc_msgs/share/vesc_msgs/cmake/export_vesc_msgs__rosidl_generator_pyExport-noconfig.cmake
[2.757s] -- Up-to-date: /home/rstole01/Documents/CSE-596/humble_ws/install/vesc_msgs/share/vesc_msgs/cmake/rosidl_cmake-extras.cmake
[2.764s] -- Up-to-date: /home/rstole01/Documents/CSE-596/humble_ws/install/vesc_msgs/share/vesc_msgs/cmake/ament_cmake_export_dependencies-extras.cmake
[2.764s] -- Up-to-date: /home/rstole01/Documents/CSE-596/humble_ws/install/vesc_msgs/share/vesc_msgs/cmake/ament_cmake_export_include_directories-extras.cmake
[2.765s] -- Up-to-date: /home/rstole01/Documents/CSE-596/humble_ws/install/vesc_msgs/share/vesc_msgs/cmake/ament_cmake_export_libraries-extras.cmake
[2.766s] -- Up-to-date: /home/rstole01/Documents/CSE-596/humble_ws/install/vesc_msgs/share/vesc_msgs/cmake/ament_cmake_export_targets-extras.cmake
[2.766s] -- Up-to-date: /home/rstole01/Documents/CSE-596/humble_ws/install/vesc_msgs/share/vesc_msgs/cmake/rosidl_cmake_export_typesupport_targets-extras.cmake
[2.767s] -- Up-to-date: /home/rstole01/Documents/CSE-596/humble_ws/install/vesc_msgs/share/vesc_msgs/cmake/rosidl_cmake_export_typesupport_libraries-extras.cmake
[2.767s] -- Up-to-date: /home/rstole01/Documents/CSE-596/humble_ws/install/vesc_msgs/share/vesc_msgs/cmake/vesc_msgsConfig.cmake
[2.768s] -- Up-to-date: /home/rstole01/Documents/CSE-596/humble_ws/install/vesc_msgs/share/vesc_msgs/cmake/vesc_msgsConfig-version.cmake
[2.769s] -- Up-to-date: /home/rstole01/Documents/CSE-596/humble_ws/install/vesc_msgs/share/vesc_msgs/package.xml
[3.199s] Invoked command in '/home/rstole01/Documents/CSE-596/humble_ws/build/vesc_msgs' returned '0': CMAKE_PREFIX_PATH=/opt/ros/humble /usr/bin/cmake --install /home/rstole01/Documents/CSE-596/humble_ws/build/vesc_msgs
