[0.598s] Invoking command in '/home/rstole01/Documents/CSE-596/humble_ws/build/lab1_package': CMAKE_PREFIX_PATH=/opt/ros/humble /usr/bin/cmake --build /home/rstole01/Documents/CSE-596/humble_ws/build/lab1_package -- -j8 -l8
[0.669s] [100%] Built target my_node
[0.785s] Invoked command in '/home/rstole01/Documents/CSE-596/humble_ws/build/lab1_package' returned '0': CMAKE_PREFIX_PATH=/opt/ros/humble /usr/bin/cmake --build /home/rstole01/Documents/CSE-596/humble_ws/build/lab1_package -- -j8 -l8
[0.955s] Invoking command in '/home/rstole01/Documents/CSE-596/humble_ws/build/lab1_package': CMAKE_PREFIX_PATH=/opt/ros/humble /usr/bin/cmake --install /home/rstole01/Documents/CSE-596/humble_ws/build/lab1_package
[0.983s] -- Install configuration: ""
[0.983s] -- Up-to-date: /home/rstole01/Documents/CSE-596/humble_ws/install/lab1_package/lib/lab1_package/my_node
[0.984s] -- Up-to-date: /home/rstole01/Documents/CSE-596/humble_ws/install/lab1_package/share/ament_index/resource_index/package_run_dependencies/lab1_package
[0.984s] -- Up-to-date: /home/rstole01/Documents/CSE-596/humble_ws/install/lab1_package/share/ament_index/resource_index/parent_prefix_path/lab1_package
[0.996s] -- Up-to-date: /home/rstole01/Documents/CSE-596/humble_ws/install/lab1_package/share/lab1_package/environment/ament_prefix_path.sh
[1.003s] -- Up-to-date: /home/rstole01/Documents/CSE-596/humble_ws/install/lab1_package/share/lab1_package/environment/ament_prefix_path.dsv
[1.003s] -- Up-to-date: /home/rstole01/Documents/CSE-596/humble_ws/install/lab1_package/share/lab1_package/environment/path.sh
[1.003s] -- Up-to-date: /home/rstole01/Documents/CSE-596/humble_ws/install/lab1_package/share/lab1_package/environment/path.dsv
[1.004s] -- Up-to-date: /home/rstole01/Documents/CSE-596/humble_ws/install/lab1_package/share/lab1_package/local_setup.bash
[1.004s] -- Up-to-date: /home/rstole01/Documents/CSE-596/humble_ws/install/lab1_package/share/lab1_package/local_setup.sh
[1.004s] -- Up-to-date: /home/rstole01/Documents/CSE-596/humble_ws/install/lab1_package/share/lab1_package/local_setup.zsh
[1.004s] -- Up-to-date: /home/rstole01/Documents/CSE-596/humble_ws/install/lab1_package/share/lab1_package/local_setup.dsv
[1.004s] -- Installing: /home/rstole01/Documents/CSE-596/humble_ws/install/lab1_package/share/lab1_package/package.dsv
[1.005s] -- Up-to-date: /home/rstole01/Documents/CSE-596/humble_ws/install/lab1_package/share/ament_index/resource_index/packages/lab1_package
[1.005s] -- Up-to-date: /home/rstole01/Documents/CSE-596/humble_ws/install/lab1_package/share/lab1_package/cmake/lab1_packageConfig.cmake
[1.005s] -- Up-to-date: /home/rstole01/Documents/CSE-596/humble_ws/install/lab1_package/share/lab1_package/cmake/lab1_packageConfig-version.cmake
[1.005s] -- Up-to-date: /home/rstole01/Documents/CSE-596/humble_ws/install/lab1_package/share/lab1_package/package.xml
[1.109s] Invoked command in '/home/rstole01/Documents/CSE-596/humble_ws/build/lab1_package' returned '0': CMAKE_PREFIX_PATH=/opt/ros/humble /usr/bin/cmake --install /home/rstole01/Documents/CSE-596/humble_ws/build/lab1_package
