[2.653s] DEBUG:colcon:Command line arguments: ['/usr/bin/colcon', 'build', '--packages-select', 'wall_follower_pid']
[2.653s] DEBUG:colcon:Parsed command line arguments: Namespace(log_base=None, log_level=None, verb_name='build', build_base='build', install_base='install', merge_install=False, symlink_install=False, test_result_base=None, continue_on_error=False, executor='parallel', parallel_workers=8, event_handlers=None, ignore_user_meta=False, metas=['./colcon.meta'], base_paths=['.'], packages_ignore=None, packages_ignore_regex=None, paths=None, packages_up_to=None, packages_up_to_regex=None, packages_above=None, packages_above_and_dependencies=None, packages_above_depth=None, packages_select_by_dep=None, packages_skip_by_dep=None, packages_skip_up_to=None, packages_select_build_failed=False, packages_skip_build_finished=False, packages_select_test_failures=False, packages_skip_test_passed=False, packages_select=['wall_follower_pid'], packages_skip=None, packages_select_regex=None, packages_skip_regex=None, packages_start=None, packages_end=None, allow_overriding=[], cmake_args=None, cmake_target=None, cmake_target_skip_unavailable=False, cmake_clean_cache=False, cmake_clean_first=False, cmake_force_configure=False, ament_cmake_args=None, catkin_cmake_args=None, catkin_skip_building_tests=False, mixin_files=None, mixin=None, verb_parser=<colcon_mixin.mixin.mixin_argument.MixinArgumentDecorator object at 0x7fa581fb7490>, verb_extension=<colcon_core.verb.build.BuildVerb object at 0x7fa581fb5600>, main=<bound method BuildVerb.main of <colcon_core.verb.build.BuildVerb object at 0x7fa581fb5600>>, mixin_verb=('build',))
[2.778s] Level 1:colcon.colcon_core.package_discovery:discover_packages(colcon_meta) check parameters
[2.778s] Level 1:colcon.colcon_core.package_discovery:discover_packages(recursive) check parameters
[2.778s] Level 1:colcon.colcon_core.package_discovery:discover_packages(ignore) check parameters
[2.779s] Level 1:colcon.colcon_core.package_discovery:discover_packages(path) check parameters
[2.779s] Level 1:colcon.colcon_core.package_discovery:discover_packages(colcon_meta) discover
[2.779s] Level 1:colcon.colcon_core.package_discovery:discover_packages(recursive) discover
[2.779s] INFO:colcon.colcon_core.package_discovery:Crawling recursively for packages in '/home/rstole01/Documents/CSE-596/msu_ws'
[2.779s] Level 1:colcon.colcon_core.package_identification:_identify(.) by extensions ['ignore', 'ignore_ament_install']
[2.779s] Level 1:colcon.colcon_core.package_identification:_identify(.) by extension 'ignore'
[2.779s] Level 1:colcon.colcon_core.package_identification:_identify(.) by extension 'ignore_ament_install'
[2.779s] Level 1:colcon.colcon_core.package_identification:_identify(.) by extensions ['colcon_pkg']
[2.780s] Level 1:colcon.colcon_core.package_identification:_identify(.) by extension 'colcon_pkg'
[2.780s] Level 1:colcon.colcon_core.package_identification:_identify(.) by extensions ['colcon_meta']
[2.780s] Level 1:colcon.colcon_core.package_identification:_identify(.) by extension 'colcon_meta'
[2.780s] Level 1:colcon.colcon_core.package_identification:_identify(.) by extensions ['ros']
[2.780s] Level 1:colcon.colcon_core.package_identification:_identify(.) by extension 'ros'
[2.803s] Level 1:colcon.colcon_core.package_identification:_identify(.) by extensions ['cmake', 'python']
[2.803s] Level 1:colcon.colcon_core.package_identification:_identify(.) by extension 'cmake'
[2.803s] Level 1:colcon.colcon_core.package_identification:_identify(.) by extension 'python'
[2.803s] Level 1:colcon.colcon_core.package_identification:_identify(.) by extensions ['python_setup_py']
[2.803s] Level 1:colcon.colcon_core.package_identification:_identify(.) by extension 'python_setup_py'
[2.803s] Level 1:colcon.colcon_core.package_identification:_identify(build) by extensions ['ignore', 'ignore_ament_install']
[2.804s] Level 1:colcon.colcon_core.package_identification:_identify(build) by extension 'ignore'
[2.804s] Level 1:colcon.colcon_core.package_identification:_identify(build) ignored
[2.804s] Level 1:colcon.colcon_core.package_identification:_identify(install) by extensions ['ignore', 'ignore_ament_install']
[2.804s] Level 1:colcon.colcon_core.package_identification:_identify(install) by extension 'ignore'
[2.804s] Level 1:colcon.colcon_core.package_identification:_identify(install) ignored
[2.804s] Level 1:colcon.colcon_core.package_identification:_identify(log) by extensions ['ignore', 'ignore_ament_install']
[2.805s] Level 1:colcon.colcon_core.package_identification:_identify(log) by extension 'ignore'
[2.805s] Level 1:colcon.colcon_core.package_identification:_identify(log) ignored
[2.805s] Level 1:colcon.colcon_core.package_identification:_identify(src) by extensions ['ignore', 'ignore_ament_install']
[2.805s] Level 1:colcon.colcon_core.package_identification:_identify(src) by extension 'ignore'
[2.805s] Level 1:colcon.colcon_core.package_identification:_identify(src) by extension 'ignore_ament_install'
[2.805s] Level 1:colcon.colcon_core.package_identification:_identify(src) by extensions ['colcon_pkg']
[2.805s] Level 1:colcon.colcon_core.package_identification:_identify(src) by extension 'colcon_pkg'
[2.805s] Level 1:colcon.colcon_core.package_identification:_identify(src) by extensions ['colcon_meta']
[2.805s] Level 1:colcon.colcon_core.package_identification:_identify(src) by extension 'colcon_meta'
[2.806s] Level 1:colcon.colcon_core.package_identification:_identify(src) by extensions ['ros']
[2.806s] Level 1:colcon.colcon_core.package_identification:_identify(src) by extension 'ros'
[2.806s] Level 1:colcon.colcon_core.package_identification:_identify(src) by extensions ['cmake', 'python']
[2.806s] Level 1:colcon.colcon_core.package_identification:_identify(src) by extension 'cmake'
[2.806s] Level 1:colcon.colcon_core.package_identification:_identify(src) by extension 'python'
[2.806s] Level 1:colcon.colcon_core.package_identification:_identify(src) by extensions ['python_setup_py']
[2.806s] Level 1:colcon.colcon_core.package_identification:_identify(src) by extension 'python_setup_py'
[2.806s] Level 1:colcon.colcon_core.package_identification:_identify(src/Raceline-Optimization) by extensions ['ignore', 'ignore_ament_install']
[2.807s] Level 1:colcon.colcon_core.package_identification:_identify(src/Raceline-Optimization) by extension 'ignore'
[2.807s] Level 1:colcon.colcon_core.package_identification:_identify(src/Raceline-Optimization) by extension 'ignore_ament_install'
[2.807s] Level 1:colcon.colcon_core.package_identification:_identify(src/Raceline-Optimization) by extensions ['colcon_pkg']
[2.807s] Level 1:colcon.colcon_core.package_identification:_identify(src/Raceline-Optimization) by extension 'colcon_pkg'
[2.807s] Level 1:colcon.colcon_core.package_identification:_identify(src/Raceline-Optimization) by extensions ['colcon_meta']
[2.807s] Level 1:colcon.colcon_core.package_identification:_identify(src/Raceline-Optimization) by extension 'colcon_meta'
[2.807s] Level 1:colcon.colcon_core.package_identification:_identify(src/Raceline-Optimization) by extensions ['ros']
[2.807s] Level 1:colcon.colcon_core.package_identification:_identify(src/Raceline-Optimization) by extension 'ros'
[2.807s] Level 1:colcon.colcon_core.package_identification:_identify(src/Raceline-Optimization) by extensions ['cmake', 'python']
[2.807s] Level 1:colcon.colcon_core.package_identification:_identify(src/Raceline-Optimization) by extension 'cmake'
[2.807s] Level 1:colcon.colcon_core.package_identification:_identify(src/Raceline-Optimization) by extension 'python'
[2.808s] Level 1:colcon.colcon_core.package_identification:_identify(src/Raceline-Optimization) by extensions ['python_setup_py']
[2.808s] Level 1:colcon.colcon_core.package_identification:_identify(src/Raceline-Optimization) by extension 'python_setup_py'
[2.808s] Level 1:colcon.colcon_core.package_identification:_identify(src/Raceline-Optimization/frictionmap) by extensions ['ignore', 'ignore_ament_install']
[2.808s] Level 1:colcon.colcon_core.package_identification:_identify(src/Raceline-Optimization/frictionmap) by extension 'ignore'
[2.808s] Level 1:colcon.colcon_core.package_identification:_identify(src/Raceline-Optimization/frictionmap) by extension 'ignore_ament_install'
[2.808s] Level 1:colcon.colcon_core.package_identification:_identify(src/Raceline-Optimization/frictionmap) by extensions ['colcon_pkg']
[2.808s] Level 1:colcon.colcon_core.package_identification:_identify(src/Raceline-Optimization/frictionmap) by extension 'colcon_pkg'
[2.808s] Level 1:colcon.colcon_core.package_identification:_identify(src/Raceline-Optimization/frictionmap) by extensions ['colcon_meta']
[2.808s] Level 1:colcon.colcon_core.package_identification:_identify(src/Raceline-Optimization/frictionmap) by extension 'colcon_meta'
[2.809s] Level 1:colcon.colcon_core.package_identification:_identify(src/Raceline-Optimization/frictionmap) by extensions ['ros']
[2.809s] Level 1:colcon.colcon_core.package_identification:_identify(src/Raceline-Optimization/frictionmap) by extension 'ros'
[2.809s] Level 1:colcon.colcon_core.package_identification:_identify(src/Raceline-Optimization/frictionmap) by extensions ['cmake', 'python']
[2.809s] Level 1:colcon.colcon_core.package_identification:_identify(src/Raceline-Optimization/frictionmap) by extension 'cmake'
[2.809s] Level 1:colcon.colcon_core.package_identification:_identify(src/Raceline-Optimization/frictionmap) by extension 'python'
[2.809s] Level 1:colcon.colcon_core.package_identification:_identify(src/Raceline-Optimization/frictionmap) by extensions ['python_setup_py']
[2.809s] Level 1:colcon.colcon_core.package_identification:_identify(src/Raceline-Optimization/frictionmap) by extension 'python_setup_py'
[2.809s] Level 1:colcon.colcon_core.package_identification:_identify(src/Raceline-Optimization/frictionmap/src) by extensions ['ignore', 'ignore_ament_install']
[2.810s] Level 1:colcon.colcon_core.package_identification:_identify(src/Raceline-Optimization/frictionmap/src) by extension 'ignore'
[2.810s] Level 1:colcon.colcon_core.package_identification:_identify(src/Raceline-Optimization/frictionmap/src) by extension 'ignore_ament_install'
[2.810s] Level 1:colcon.colcon_core.package_identification:_identify(src/Raceline-Optimization/frictionmap/src) by extensions ['colcon_pkg']
[2.810s] Level 1:colcon.colcon_core.package_identification:_identify(src/Raceline-Optimization/frictionmap/src) by extension 'colcon_pkg'
[2.810s] Level 1:colcon.colcon_core.package_identification:_identify(src/Raceline-Optimization/frictionmap/src) by extensions ['colcon_meta']
[2.810s] Level 1:colcon.colcon_core.package_identification:_identify(src/Raceline-Optimization/frictionmap/src) by extension 'colcon_meta'
[2.810s] Level 1:colcon.colcon_core.package_identification:_identify(src/Raceline-Optimization/frictionmap/src) by extensions ['ros']
[2.810s] Level 1:colcon.colcon_core.package_identification:_identify(src/Raceline-Optimization/frictionmap/src) by extension 'ros'
[2.810s] Level 1:colcon.colcon_core.package_identification:_identify(src/Raceline-Optimization/frictionmap/src) by extensions ['cmake', 'python']
[2.810s] Level 1:colcon.colcon_core.package_identification:_identify(src/Raceline-Optimization/frictionmap/src) by extension 'cmake'
[2.810s] Level 1:colcon.colcon_core.package_identification:_identify(src/Raceline-Optimization/frictionmap/src) by extension 'python'
[2.811s] Level 1:colcon.colcon_core.package_identification:_identify(src/Raceline-Optimization/frictionmap/src) by extensions ['python_setup_py']
[2.811s] Level 1:colcon.colcon_core.package_identification:_identify(src/Raceline-Optimization/frictionmap/src) by extension 'python_setup_py'
[2.811s] Level 1:colcon.colcon_core.package_identification:_identify(src/Raceline-Optimization/helper_funcs_glob) by extensions ['ignore', 'ignore_ament_install']
[2.811s] Level 1:colcon.colcon_core.package_identification:_identify(src/Raceline-Optimization/helper_funcs_glob) by extension 'ignore'
[2.811s] Level 1:colcon.colcon_core.package_identification:_identify(src/Raceline-Optimization/helper_funcs_glob) by extension 'ignore_ament_install'
[2.811s] Level 1:colcon.colcon_core.package_identification:_identify(src/Raceline-Optimization/helper_funcs_glob) by extensions ['colcon_pkg']
[2.811s] Level 1:colcon.colcon_core.package_identification:_identify(src/Raceline-Optimization/helper_funcs_glob) by extension 'colcon_pkg'
[2.811s] Level 1:colcon.colcon_core.package_identification:_identify(src/Raceline-Optimization/helper_funcs_glob) by extensions ['colcon_meta']
[2.811s] Level 1:colcon.colcon_core.package_identification:_identify(src/Raceline-Optimization/helper_funcs_glob) by extension 'colcon_meta'
[2.812s] Level 1:colcon.colcon_core.package_identification:_identify(src/Raceline-Optimization/helper_funcs_glob) by extensions ['ros']
[2.812s] Level 1:colcon.colcon_core.package_identification:_identify(src/Raceline-Optimization/helper_funcs_glob) by extension 'ros'
[2.812s] Level 1:colcon.colcon_core.package_identification:_identify(src/Raceline-Optimization/helper_funcs_glob) by extensions ['cmake', 'python']
[2.812s] Level 1:colcon.colcon_core.package_identification:_identify(src/Raceline-Optimization/helper_funcs_glob) by extension 'cmake'
[2.812s] Level 1:colcon.colcon_core.package_identification:_identify(src/Raceline-Optimization/helper_funcs_glob) by extension 'python'
[2.812s] Level 1:colcon.colcon_core.package_identification:_identify(src/Raceline-Optimization/helper_funcs_glob) by extensions ['python_setup_py']
[2.812s] Level 1:colcon.colcon_core.package_identification:_identify(src/Raceline-Optimization/helper_funcs_glob) by extension 'python_setup_py'
[2.812s] Level 1:colcon.colcon_core.package_identification:_identify(src/Raceline-Optimization/helper_funcs_glob/src) by extensions ['ignore', 'ignore_ament_install']
[2.812s] Level 1:colcon.colcon_core.package_identification:_identify(src/Raceline-Optimization/helper_funcs_glob/src) by extension 'ignore'
[2.813s] Level 1:colcon.colcon_core.package_identification:_identify(src/Raceline-Optimization/helper_funcs_glob/src) by extension 'ignore_ament_install'
[2.813s] Level 1:colcon.colcon_core.package_identification:_identify(src/Raceline-Optimization/helper_funcs_glob/src) by extensions ['colcon_pkg']
[2.813s] Level 1:colcon.colcon_core.package_identification:_identify(src/Raceline-Optimization/helper_funcs_glob/src) by extension 'colcon_pkg'
[2.813s] Level 1:colcon.colcon_core.package_identification:_identify(src/Raceline-Optimization/helper_funcs_glob/src) by extensions ['colcon_meta']
[2.813s] Level 1:colcon.colcon_core.package_identification:_identify(src/Raceline-Optimization/helper_funcs_glob/src) by extension 'colcon_meta'
[2.813s] Level 1:colcon.colcon_core.package_identification:_identify(src/Raceline-Optimization/helper_funcs_glob/src) by extensions ['ros']
[2.813s] Level 1:colcon.colcon_core.package_identification:_identify(src/Raceline-Optimization/helper_funcs_glob/src) by extension 'ros'
[2.813s] Level 1:colcon.colcon_core.package_identification:_identify(src/Raceline-Optimization/helper_funcs_glob/src) by extensions ['cmake', 'python']
[2.813s] Level 1:colcon.colcon_core.package_identification:_identify(src/Raceline-Optimization/helper_funcs_glob/src) by extension 'cmake'
[2.813s] Level 1:colcon.colcon_core.package_identification:_identify(src/Raceline-Optimization/helper_funcs_glob/src) by extension 'python'
[2.814s] Level 1:colcon.colcon_core.package_identification:_identify(src/Raceline-Optimization/helper_funcs_glob/src) by extensions ['python_setup_py']
[2.814s] Level 1:colcon.colcon_core.package_identification:_identify(src/Raceline-Optimization/helper_funcs_glob/src) by extension 'python_setup_py'
[2.814s] Level 1:colcon.colcon_core.package_identification:_identify(src/Raceline-Optimization/inputs) by extensions ['ignore', 'ignore_ament_install']
[2.814s] Level 1:colcon.colcon_core.package_identification:_identify(src/Raceline-Optimization/inputs) by extension 'ignore'
[2.814s] Level 1:colcon.colcon_core.package_identification:_identify(src/Raceline-Optimization/inputs) by extension 'ignore_ament_install'
[2.814s] Level 1:colcon.colcon_core.package_identification:_identify(src/Raceline-Optimization/inputs) by extensions ['colcon_pkg']
[2.814s] Level 1:colcon.colcon_core.package_identification:_identify(src/Raceline-Optimization/inputs) by extension 'colcon_pkg'
[2.814s] Level 1:colcon.colcon_core.package_identification:_identify(src/Raceline-Optimization/inputs) by extensions ['colcon_meta']
[2.814s] Level 1:colcon.colcon_core.package_identification:_identify(src/Raceline-Optimization/inputs) by extension 'colcon_meta'
[2.815s] Level 1:colcon.colcon_core.package_identification:_identify(src/Raceline-Optimization/inputs) by extensions ['ros']
[2.815s] Level 1:colcon.colcon_core.package_identification:_identify(src/Raceline-Optimization/inputs) by extension 'ros'
[2.815s] Level 1:colcon.colcon_core.package_identification:_identify(src/Raceline-Optimization/inputs) by extensions ['cmake', 'python']
[2.815s] Level 1:colcon.colcon_core.package_identification:_identify(src/Raceline-Optimization/inputs) by extension 'cmake'
[2.815s] Level 1:colcon.colcon_core.package_identification:_identify(src/Raceline-Optimization/inputs) by extension 'python'
[2.815s] Level 1:colcon.colcon_core.package_identification:_identify(src/Raceline-Optimization/inputs) by extensions ['python_setup_py']
[2.815s] Level 1:colcon.colcon_core.package_identification:_identify(src/Raceline-Optimization/inputs) by extension 'python_setup_py'
[2.815s] Level 1:colcon.colcon_core.package_identification:_identify(src/Raceline-Optimization/inputs/frictionmaps) by extensions ['ignore', 'ignore_ament_install']
[2.816s] Level 1:colcon.colcon_core.package_identification:_identify(src/Raceline-Optimization/inputs/frictionmaps) by extension 'ignore'
[2.816s] Level 1:colcon.colcon_core.package_identification:_identify(src/Raceline-Optimization/inputs/frictionmaps) by extension 'ignore_ament_install'
[2.816s] Level 1:colcon.colcon_core.package_identification:_identify(src/Raceline-Optimization/inputs/frictionmaps) by extensions ['colcon_pkg']
[2.816s] Level 1:colcon.colcon_core.package_identification:_identify(src/Raceline-Optimization/inputs/frictionmaps) by extension 'colcon_pkg'
[2.816s] Level 1:colcon.colcon_core.package_identification:_identify(src/Raceline-Optimization/inputs/frictionmaps) by extensions ['colcon_meta']
[2.816s] Level 1:colcon.colcon_core.package_identification:_identify(src/Raceline-Optimization/inputs/frictionmaps) by extension 'colcon_meta'
[2.816s] Level 1:colcon.colcon_core.package_identification:_identify(src/Raceline-Optimization/inputs/frictionmaps) by extensions ['ros']
[2.816s] Level 1:colcon.colcon_core.package_identification:_identify(src/Raceline-Optimization/inputs/frictionmaps) by extension 'ros'
[2.816s] Level 1:colcon.colcon_core.package_identification:_identify(src/Raceline-Optimization/inputs/frictionmaps) by extensions ['cmake', 'python']
[2.816s] Level 1:colcon.colcon_core.package_identification:_identify(src/Raceline-Optimization/inputs/frictionmaps) by extension 'cmake'
[2.816s] Level 1:colcon.colcon_core.package_identification:_identify(src/Raceline-Optimization/inputs/frictionmaps) by extension 'python'
[2.817s] Level 1:colcon.colcon_core.package_identification:_identify(src/Raceline-Optimization/inputs/frictionmaps) by extensions ['python_setup_py']
[2.817s] Level 1:colcon.colcon_core.package_identification:_identify(src/Raceline-Optimization/inputs/frictionmaps) by extension 'python_setup_py'
[2.817s] Level 1:colcon.colcon_core.package_identification:_identify(src/Raceline-Optimization/inputs/tracks) by extensions ['ignore', 'ignore_ament_install']
[2.817s] Level 1:colcon.colcon_core.package_identification:_identify(src/Raceline-Optimization/inputs/tracks) by extension 'ignore'
[2.817s] Level 1:colcon.colcon_core.package_identification:_identify(src/Raceline-Optimization/inputs/tracks) by extension 'ignore_ament_install'
[2.817s] Level 1:colcon.colcon_core.package_identification:_identify(src/Raceline-Optimization/inputs/tracks) by extensions ['colcon_pkg']
[2.817s] Level 1:colcon.colcon_core.package_identification:_identify(src/Raceline-Optimization/inputs/tracks) by extension 'colcon_pkg'
[2.817s] Level 1:colcon.colcon_core.package_identification:_identify(src/Raceline-Optimization/inputs/tracks) by extensions ['colcon_meta']
[2.817s] Level 1:colcon.colcon_core.package_identification:_identify(src/Raceline-Optimization/inputs/tracks) by extension 'colcon_meta'
[2.818s] Level 1:colcon.colcon_core.package_identification:_identify(src/Raceline-Optimization/inputs/tracks) by extensions ['ros']
[2.818s] Level 1:colcon.colcon_core.package_identification:_identify(src/Raceline-Optimization/inputs/tracks) by extension 'ros'
[2.818s] Level 1:colcon.colcon_core.package_identification:_identify(src/Raceline-Optimization/inputs/tracks) by extensions ['cmake', 'python']
[2.818s] Level 1:colcon.colcon_core.package_identification:_identify(src/Raceline-Optimization/inputs/tracks) by extension 'cmake'
[2.818s] Level 1:colcon.colcon_core.package_identification:_identify(src/Raceline-Optimization/inputs/tracks) by extension 'python'
[2.818s] Level 1:colcon.colcon_core.package_identification:_identify(src/Raceline-Optimization/inputs/tracks) by extensions ['python_setup_py']
[2.818s] Level 1:colcon.colcon_core.package_identification:_identify(src/Raceline-Optimization/inputs/tracks) by extension 'python_setup_py'
[2.818s] Level 1:colcon.colcon_core.package_identification:_identify(src/Raceline-Optimization/inputs/veh_dyn_info) by extensions ['ignore', 'ignore_ament_install']
[2.819s] Level 1:colcon.colcon_core.package_identification:_identify(src/Raceline-Optimization/inputs/veh_dyn_info) by extension 'ignore'
[2.819s] Level 1:colcon.colcon_core.package_identification:_identify(src/Raceline-Optimization/inputs/veh_dyn_info) by extension 'ignore_ament_install'
[2.819s] Level 1:colcon.colcon_core.package_identification:_identify(src/Raceline-Optimization/inputs/veh_dyn_info) by extensions ['colcon_pkg']
[2.819s] Level 1:colcon.colcon_core.package_identification:_identify(src/Raceline-Optimization/inputs/veh_dyn_info) by extension 'colcon_pkg'
[2.819s] Level 1:colcon.colcon_core.package_identification:_identify(src/Raceline-Optimization/inputs/veh_dyn_info) by extensions ['colcon_meta']
[2.819s] Level 1:colcon.colcon_core.package_identification:_identify(src/Raceline-Optimization/inputs/veh_dyn_info) by extension 'colcon_meta'
[2.819s] Level 1:colcon.colcon_core.package_identification:_identify(src/Raceline-Optimization/inputs/veh_dyn_info) by extensions ['ros']
[2.819s] Level 1:colcon.colcon_core.package_identification:_identify(src/Raceline-Optimization/inputs/veh_dyn_info) by extension 'ros'
[2.819s] Level 1:colcon.colcon_core.package_identification:_identify(src/Raceline-Optimization/inputs/veh_dyn_info) by extensions ['cmake', 'python']
[2.819s] Level 1:colcon.colcon_core.package_identification:_identify(src/Raceline-Optimization/inputs/veh_dyn_info) by extension 'cmake'
[2.819s] Level 1:colcon.colcon_core.package_identification:_identify(src/Raceline-Optimization/inputs/veh_dyn_info) by extension 'python'
[2.820s] Level 1:colcon.colcon_core.package_identification:_identify(src/Raceline-Optimization/inputs/veh_dyn_info) by extensions ['python_setup_py']
[2.820s] Level 1:colcon.colcon_core.package_identification:_identify(src/Raceline-Optimization/inputs/veh_dyn_info) by extension 'python_setup_py'
[2.820s] Level 1:colcon.colcon_core.package_identification:_identify(src/Raceline-Optimization/maps) by extensions ['ignore', 'ignore_ament_install']
[2.820s] Level 1:colcon.colcon_core.package_identification:_identify(src/Raceline-Optimization/maps) by extension 'ignore'
[2.820s] Level 1:colcon.colcon_core.package_identification:_identify(src/Raceline-Optimization/maps) by extension 'ignore_ament_install'
[2.820s] Level 1:colcon.colcon_core.package_identification:_identify(src/Raceline-Optimization/maps) by extensions ['colcon_pkg']
[2.820s] Level 1:colcon.colcon_core.package_identification:_identify(src/Raceline-Optimization/maps) by extension 'colcon_pkg'
[2.820s] Level 1:colcon.colcon_core.package_identification:_identify(src/Raceline-Optimization/maps) by extensions ['colcon_meta']
[2.820s] Level 1:colcon.colcon_core.package_identification:_identify(src/Raceline-Optimization/maps) by extension 'colcon_meta'
[2.821s] Level 1:colcon.colcon_core.package_identification:_identify(src/Raceline-Optimization/maps) by extensions ['ros']
[2.821s] Level 1:colcon.colcon_core.package_identification:_identify(src/Raceline-Optimization/maps) by extension 'ros'
[2.821s] Level 1:colcon.colcon_core.package_identification:_identify(src/Raceline-Optimization/maps) by extensions ['cmake', 'python']
[2.821s] Level 1:colcon.colcon_core.package_identification:_identify(src/Raceline-Optimization/maps) by extension 'cmake'
[2.821s] Level 1:colcon.colcon_core.package_identification:_identify(src/Raceline-Optimization/maps) by extension 'python'
[2.821s] Level 1:colcon.colcon_core.package_identification:_identify(src/Raceline-Optimization/maps) by extensions ['python_setup_py']
[2.821s] Level 1:colcon.colcon_core.package_identification:_identify(src/Raceline-Optimization/maps) by extension 'python_setup_py'
[2.821s] Level 1:colcon.colcon_core.package_identification:_identify(src/Raceline-Optimization/opt_mintime_traj) by extensions ['ignore', 'ignore_ament_install']
[2.822s] Level 1:colcon.colcon_core.package_identification:_identify(src/Raceline-Optimization/opt_mintime_traj) by extension 'ignore'
[2.822s] Level 1:colcon.colcon_core.package_identification:_identify(src/Raceline-Optimization/opt_mintime_traj) by extension 'ignore_ament_install'
[2.822s] Level 1:colcon.colcon_core.package_identification:_identify(src/Raceline-Optimization/opt_mintime_traj) by extensions ['colcon_pkg']
[2.822s] Level 1:colcon.colcon_core.package_identification:_identify(src/Raceline-Optimization/opt_mintime_traj) by extension 'colcon_pkg'
[2.822s] Level 1:colcon.colcon_core.package_identification:_identify(src/Raceline-Optimization/opt_mintime_traj) by extensions ['colcon_meta']
[2.822s] Level 1:colcon.colcon_core.package_identification:_identify(src/Raceline-Optimization/opt_mintime_traj) by extension 'colcon_meta'
[2.822s] Level 1:colcon.colcon_core.package_identification:_identify(src/Raceline-Optimization/opt_mintime_traj) by extensions ['ros']
[2.822s] Level 1:colcon.colcon_core.package_identification:_identify(src/Raceline-Optimization/opt_mintime_traj) by extension 'ros'
[2.822s] Level 1:colcon.colcon_core.package_identification:_identify(src/Raceline-Optimization/opt_mintime_traj) by extensions ['cmake', 'python']
[2.822s] Level 1:colcon.colcon_core.package_identification:_identify(src/Raceline-Optimization/opt_mintime_traj) by extension 'cmake'
[2.822s] Level 1:colcon.colcon_core.package_identification:_identify(src/Raceline-Optimization/opt_mintime_traj) by extension 'python'
[2.823s] Level 1:colcon.colcon_core.package_identification:_identify(src/Raceline-Optimization/opt_mintime_traj) by extensions ['python_setup_py']
[2.823s] Level 1:colcon.colcon_core.package_identification:_identify(src/Raceline-Optimization/opt_mintime_traj) by extension 'python_setup_py'
[2.823s] Level 1:colcon.colcon_core.package_identification:_identify(src/Raceline-Optimization/opt_mintime_traj/powertrain_src) by extensions ['ignore', 'ignore_ament_install']
[2.823s] Level 1:colcon.colcon_core.package_identification:_identify(src/Raceline-Optimization/opt_mintime_traj/powertrain_src) by extension 'ignore'
[2.823s] Level 1:colcon.colcon_core.package_identification:_identify(src/Raceline-Optimization/opt_mintime_traj/powertrain_src) by extension 'ignore_ament_install'
[2.823s] Level 1:colcon.colcon_core.package_identification:_identify(src/Raceline-Optimization/opt_mintime_traj/powertrain_src) by extensions ['colcon_pkg']
[2.823s] Level 1:colcon.colcon_core.package_identification:_identify(src/Raceline-Optimization/opt_mintime_traj/powertrain_src) by extension 'colcon_pkg'
[2.823s] Level 1:colcon.colcon_core.package_identification:_identify(src/Raceline-Optimization/opt_mintime_traj/powertrain_src) by extensions ['colcon_meta']
[2.823s] Level 1:colcon.colcon_core.package_identification:_identify(src/Raceline-Optimization/opt_mintime_traj/powertrain_src) by extension 'colcon_meta'
[2.824s] Level 1:colcon.colcon_core.package_identification:_identify(src/Raceline-Optimization/opt_mintime_traj/powertrain_src) by extensions ['ros']
[2.824s] Level 1:colcon.colcon_core.package_identification:_identify(src/Raceline-Optimization/opt_mintime_traj/powertrain_src) by extension 'ros'
[2.824s] Level 1:colcon.colcon_core.package_identification:_identify(src/Raceline-Optimization/opt_mintime_traj/powertrain_src) by extensions ['cmake', 'python']
[2.824s] Level 1:colcon.colcon_core.package_identification:_identify(src/Raceline-Optimization/opt_mintime_traj/powertrain_src) by extension 'cmake'
[2.824s] Level 1:colcon.colcon_core.package_identification:_identify(src/Raceline-Optimization/opt_mintime_traj/powertrain_src) by extension 'python'
[2.824s] Level 1:colcon.colcon_core.package_identification:_identify(src/Raceline-Optimization/opt_mintime_traj/powertrain_src) by extensions ['python_setup_py']
[2.824s] Level 1:colcon.colcon_core.package_identification:_identify(src/Raceline-Optimization/opt_mintime_traj/powertrain_src) by extension 'python_setup_py'
[2.824s] Level 1:colcon.colcon_core.package_identification:_identify(src/Raceline-Optimization/opt_mintime_traj/powertrain_src/src) by extensions ['ignore', 'ignore_ament_install']
[2.825s] Level 1:colcon.colcon_core.package_identification:_identify(src/Raceline-Optimization/opt_mintime_traj/powertrain_src/src) by extension 'ignore'
[2.825s] Level 1:colcon.colcon_core.package_identification:_identify(src/Raceline-Optimization/opt_mintime_traj/powertrain_src/src) by extension 'ignore_ament_install'
[2.825s] Level 1:colcon.colcon_core.package_identification:_identify(src/Raceline-Optimization/opt_mintime_traj/powertrain_src/src) by extensions ['colcon_pkg']
[2.825s] Level 1:colcon.colcon_core.package_identification:_identify(src/Raceline-Optimization/opt_mintime_traj/powertrain_src/src) by extension 'colcon_pkg'
[2.825s] Level 1:colcon.colcon_core.package_identification:_identify(src/Raceline-Optimization/opt_mintime_traj/powertrain_src/src) by extensions ['colcon_meta']
[2.825s] Level 1:colcon.colcon_core.package_identification:_identify(src/Raceline-Optimization/opt_mintime_traj/powertrain_src/src) by extension 'colcon_meta'
[2.825s] Level 1:colcon.colcon_core.package_identification:_identify(src/Raceline-Optimization/opt_mintime_traj/powertrain_src/src) by extensions ['ros']
[2.825s] Level 1:colcon.colcon_core.package_identification:_identify(src/Raceline-Optimization/opt_mintime_traj/powertrain_src/src) by extension 'ros'
[2.825s] Level 1:colcon.colcon_core.package_identification:_identify(src/Raceline-Optimization/opt_mintime_traj/powertrain_src/src) by extensions ['cmake', 'python']
[2.825s] Level 1:colcon.colcon_core.package_identification:_identify(src/Raceline-Optimization/opt_mintime_traj/powertrain_src/src) by extension 'cmake'
[2.825s] Level 1:colcon.colcon_core.package_identification:_identify(src/Raceline-Optimization/opt_mintime_traj/powertrain_src/src) by extension 'python'
[2.826s] Level 1:colcon.colcon_core.package_identification:_identify(src/Raceline-Optimization/opt_mintime_traj/powertrain_src/src) by extensions ['python_setup_py']
[2.826s] Level 1:colcon.colcon_core.package_identification:_identify(src/Raceline-Optimization/opt_mintime_traj/powertrain_src/src) by extension 'python_setup_py'
[2.826s] Level 1:colcon.colcon_core.package_identification:_identify(src/Raceline-Optimization/opt_mintime_traj/src) by extensions ['ignore', 'ignore_ament_install']
[2.826s] Level 1:colcon.colcon_core.package_identification:_identify(src/Raceline-Optimization/opt_mintime_traj/src) by extension 'ignore'
[2.826s] Level 1:colcon.colcon_core.package_identification:_identify(src/Raceline-Optimization/opt_mintime_traj/src) by extension 'ignore_ament_install'
[2.826s] Level 1:colcon.colcon_core.package_identification:_identify(src/Raceline-Optimization/opt_mintime_traj/src) by extensions ['colcon_pkg']
[2.826s] Level 1:colcon.colcon_core.package_identification:_identify(src/Raceline-Optimization/opt_mintime_traj/src) by extension 'colcon_pkg'
[2.826s] Level 1:colcon.colcon_core.package_identification:_identify(src/Raceline-Optimization/opt_mintime_traj/src) by extensions ['colcon_meta']
[2.827s] Level 1:colcon.colcon_core.package_identification:_identify(src/Raceline-Optimization/opt_mintime_traj/src) by extension 'colcon_meta'
[2.827s] Level 1:colcon.colcon_core.package_identification:_identify(src/Raceline-Optimization/opt_mintime_traj/src) by extensions ['ros']
[2.827s] Level 1:colcon.colcon_core.package_identification:_identify(src/Raceline-Optimization/opt_mintime_traj/src) by extension 'ros'
[2.827s] Level 1:colcon.colcon_core.package_identification:_identify(src/Raceline-Optimization/opt_mintime_traj/src) by extensions ['cmake', 'python']
[2.827s] Level 1:colcon.colcon_core.package_identification:_identify(src/Raceline-Optimization/opt_mintime_traj/src) by extension 'cmake'
[2.827s] Level 1:colcon.colcon_core.package_identification:_identify(src/Raceline-Optimization/opt_mintime_traj/src) by extension 'python'
[2.827s] Level 1:colcon.colcon_core.package_identification:_identify(src/Raceline-Optimization/opt_mintime_traj/src) by extensions ['python_setup_py']
[2.827s] Level 1:colcon.colcon_core.package_identification:_identify(src/Raceline-Optimization/opt_mintime_traj/src) by extension 'python_setup_py'
[2.827s] Level 1:colcon.colcon_core.package_identification:_identify(src/Raceline-Optimization/params) by extensions ['ignore', 'ignore_ament_install']
[2.828s] Level 1:colcon.colcon_core.package_identification:_identify(src/Raceline-Optimization/params) by extension 'ignore'
[2.828s] Level 1:colcon.colcon_core.package_identification:_identify(src/Raceline-Optimization/params) by extension 'ignore_ament_install'
[2.828s] Level 1:colcon.colcon_core.package_identification:_identify(src/Raceline-Optimization/params) by extensions ['colcon_pkg']
[2.828s] Level 1:colcon.colcon_core.package_identification:_identify(src/Raceline-Optimization/params) by extension 'colcon_pkg'
[2.828s] Level 1:colcon.colcon_core.package_identification:_identify(src/Raceline-Optimization/params) by extensions ['colcon_meta']
[2.828s] Level 1:colcon.colcon_core.package_identification:_identify(src/Raceline-Optimization/params) by extension 'colcon_meta'
[2.828s] Level 1:colcon.colcon_core.package_identification:_identify(src/Raceline-Optimization/params) by extensions ['ros']
[2.828s] Level 1:colcon.colcon_core.package_identification:_identify(src/Raceline-Optimization/params) by extension 'ros'
[2.828s] Level 1:colcon.colcon_core.package_identification:_identify(src/Raceline-Optimization/params) by extensions ['cmake', 'python']
[2.828s] Level 1:colcon.colcon_core.package_identification:_identify(src/Raceline-Optimization/params) by extension 'cmake'
[2.829s] Level 1:colcon.colcon_core.package_identification:_identify(src/Raceline-Optimization/params) by extension 'python'
[2.829s] Level 1:colcon.colcon_core.package_identification:_identify(src/Raceline-Optimization/params) by extensions ['python_setup_py']
[2.829s] Level 1:colcon.colcon_core.package_identification:_identify(src/Raceline-Optimization/params) by extension 'python_setup_py'
[2.829s] Level 1:colcon.colcon_core.package_identification:_identify(src/ackermann_msgs) by extensions ['ignore', 'ignore_ament_install']
[2.829s] Level 1:colcon.colcon_core.package_identification:_identify(src/ackermann_msgs) by extension 'ignore'
[2.829s] Level 1:colcon.colcon_core.package_identification:_identify(src/ackermann_msgs) by extension 'ignore_ament_install'
[2.829s] Level 1:colcon.colcon_core.package_identification:_identify(src/ackermann_msgs) by extensions ['colcon_pkg']
[2.829s] Level 1:colcon.colcon_core.package_identification:_identify(src/ackermann_msgs) by extension 'colcon_pkg'
[2.829s] Level 1:colcon.colcon_core.package_identification:_identify(src/ackermann_msgs) by extensions ['colcon_meta']
[2.830s] Level 1:colcon.colcon_core.package_identification:_identify(src/ackermann_msgs) by extension 'colcon_meta'
[2.830s] Level 1:colcon.colcon_core.package_identification:_identify(src/ackermann_msgs) by extensions ['ros']
[2.830s] Level 1:colcon.colcon_core.package_identification:_identify(src/ackermann_msgs) by extension 'ros'
[2.834s] DEBUG:colcon.colcon_core.package_identification:Package 'src/ackermann_msgs' with type 'ros.ament_cmake' and name 'ackermann_msgs'
[2.835s] Level 1:colcon.colcon_core.package_identification:_identify(src/f1tenth_gym_ros) by extensions ['ignore', 'ignore_ament_install']
[2.835s] Level 1:colcon.colcon_core.package_identification:_identify(src/f1tenth_gym_ros) by extension 'ignore'
[2.835s] Level 1:colcon.colcon_core.package_identification:_identify(src/f1tenth_gym_ros) by extension 'ignore_ament_install'
[2.835s] Level 1:colcon.colcon_core.package_identification:_identify(src/f1tenth_gym_ros) by extensions ['colcon_pkg']
[2.835s] Level 1:colcon.colcon_core.package_identification:_identify(src/f1tenth_gym_ros) by extension 'colcon_pkg'
[2.835s] Level 1:colcon.colcon_core.package_identification:_identify(src/f1tenth_gym_ros) by extensions ['colcon_meta']
[2.835s] Level 1:colcon.colcon_core.package_identification:_identify(src/f1tenth_gym_ros) by extension 'colcon_meta'
[2.835s] Level 1:colcon.colcon_core.package_identification:_identify(src/f1tenth_gym_ros) by extensions ['ros']
[2.835s] Level 1:colcon.colcon_core.package_identification:_identify(src/f1tenth_gym_ros) by extension 'ros'
[2.837s] DEBUG:colcon.colcon_core.package_identification:Package 'src/f1tenth_gym_ros' with type 'ros.ament_python' and name 'f1tenth_gym_ros'
[2.837s] Level 1:colcon.colcon_core.package_identification:_identify(src/my_messages) by extensions ['ignore', 'ignore_ament_install']
[2.837s] Level 1:colcon.colcon_core.package_identification:_identify(src/my_messages) by extension 'ignore'
[2.837s] Level 1:colcon.colcon_core.package_identification:_identify(src/my_messages) by extension 'ignore_ament_install'
[2.837s] Level 1:colcon.colcon_core.package_identification:_identify(src/my_messages) by extensions ['colcon_pkg']
[2.837s] Level 1:colcon.colcon_core.package_identification:_identify(src/my_messages) by extension 'colcon_pkg'
[2.838s] Level 1:colcon.colcon_core.package_identification:_identify(src/my_messages) by extensions ['colcon_meta']
[2.838s] Level 1:colcon.colcon_core.package_identification:_identify(src/my_messages) by extension 'colcon_meta'
[2.838s] Level 1:colcon.colcon_core.package_identification:_identify(src/my_messages) by extensions ['ros']
[2.838s] Level 1:colcon.colcon_core.package_identification:_identify(src/my_messages) by extension 'ros'
[2.839s] DEBUG:colcon.colcon_core.package_identification:Package 'src/my_messages' with type 'ros.ament_cmake' and name 'my_messages'
[2.839s] Level 1:colcon.colcon_core.package_identification:_identify(src/painter) by extensions ['ignore', 'ignore_ament_install']
[2.839s] Level 1:colcon.colcon_core.package_identification:_identify(src/painter) by extension 'ignore'
[2.839s] Level 1:colcon.colcon_core.package_identification:_identify(src/painter) by extension 'ignore_ament_install'
[2.839s] Level 1:colcon.colcon_core.package_identification:_identify(src/painter) by extensions ['colcon_pkg']
[2.839s] Level 1:colcon.colcon_core.package_identification:_identify(src/painter) by extension 'colcon_pkg'
[2.839s] Level 1:colcon.colcon_core.package_identification:_identify(src/painter) by extensions ['colcon_meta']
[2.839s] Level 1:colcon.colcon_core.package_identification:_identify(src/painter) by extension 'colcon_meta'
[2.840s] Level 1:colcon.colcon_core.package_identification:_identify(src/painter) by extensions ['ros']
[2.840s] Level 1:colcon.colcon_core.package_identification:_identify(src/painter) by extension 'ros'
[2.840s] DEBUG:colcon.colcon_core.package_identification:Package 'src/painter' with type 'ros.ament_python' and name 'painter'
[2.841s] Level 1:colcon.colcon_core.package_identification:_identify(src/pid_msgs) by extensions ['ignore', 'ignore_ament_install']
[2.841s] Level 1:colcon.colcon_core.package_identification:_identify(src/pid_msgs) by extension 'ignore'
[2.841s] Level 1:colcon.colcon_core.package_identification:_identify(src/pid_msgs) by extension 'ignore_ament_install'
[2.841s] Level 1:colcon.colcon_core.package_identification:_identify(src/pid_msgs) by extensions ['colcon_pkg']
[2.841s] Level 1:colcon.colcon_core.package_identification:_identify(src/pid_msgs) by extension 'colcon_pkg'
[2.841s] Level 1:colcon.colcon_core.package_identification:_identify(src/pid_msgs) by extensions ['colcon_meta']
[2.841s] Level 1:colcon.colcon_core.package_identification:_identify(src/pid_msgs) by extension 'colcon_meta'
[2.841s] Level 1:colcon.colcon_core.package_identification:_identify(src/pid_msgs) by extensions ['ros']
[2.842s] Level 1:colcon.colcon_core.package_identification:_identify(src/pid_msgs) by extension 'ros'
[2.843s] DEBUG:colcon.colcon_core.package_identification:Package 'src/pid_msgs' with type 'ros.ament_cmake' and name 'pid_msgs'
[2.843s] Level 1:colcon.colcon_core.package_identification:_identify(src/plexer360) by extensions ['ignore', 'ignore_ament_install']
[2.843s] Level 1:colcon.colcon_core.package_identification:_identify(src/plexer360) by extension 'ignore'
[2.843s] Level 1:colcon.colcon_core.package_identification:_identify(src/plexer360) by extension 'ignore_ament_install'
[2.843s] Level 1:colcon.colcon_core.package_identification:_identify(src/plexer360) by extensions ['colcon_pkg']
[2.843s] Level 1:colcon.colcon_core.package_identification:_identify(src/plexer360) by extension 'colcon_pkg'
[2.843s] Level 1:colcon.colcon_core.package_identification:_identify(src/plexer360) by extensions ['colcon_meta']
[2.843s] Level 1:colcon.colcon_core.package_identification:_identify(src/plexer360) by extension 'colcon_meta'
[2.844s] Level 1:colcon.colcon_core.package_identification:_identify(src/plexer360) by extensions ['ros']
[2.844s] Level 1:colcon.colcon_core.package_identification:_identify(src/plexer360) by extension 'ros'
[2.845s] DEBUG:colcon.colcon_core.package_identification:Package 'src/plexer360' with type 'ros.ament_python' and name 'plexer360'
[2.845s] Level 1:colcon.colcon_core.package_identification:_identify(src/py_pubsub) by extensions ['ignore', 'ignore_ament_install']
[2.845s] Level 1:colcon.colcon_core.package_identification:_identify(src/py_pubsub) by extension 'ignore'
[2.845s] Level 1:colcon.colcon_core.package_identification:_identify(src/py_pubsub) by extension 'ignore_ament_install'
[2.845s] Level 1:colcon.colcon_core.package_identification:_identify(src/py_pubsub) by extensions ['colcon_pkg']
[2.845s] Level 1:colcon.colcon_core.package_identification:_identify(src/py_pubsub) by extension 'colcon_pkg'
[2.845s] Level 1:colcon.colcon_core.package_identification:_identify(src/py_pubsub) by extensions ['colcon_meta']
[2.845s] Level 1:colcon.colcon_core.package_identification:_identify(src/py_pubsub) by extension 'colcon_meta'
[2.846s] Level 1:colcon.colcon_core.package_identification:_identify(src/py_pubsub) by extensions ['ros']
[2.846s] Level 1:colcon.colcon_core.package_identification:_identify(src/py_pubsub) by extension 'ros'
[2.846s] DEBUG:colcon.colcon_core.package_identification:Package 'src/py_pubsub' with type 'ros.ament_python' and name 'py_pubsub'
[2.847s] Level 1:colcon.colcon_core.package_identification:_identify(src/qlearn) by extensions ['ignore', 'ignore_ament_install']
[2.847s] Level 1:colcon.colcon_core.package_identification:_identify(src/qlearn) by extension 'ignore'
[2.847s] Level 1:colcon.colcon_core.package_identification:_identify(src/qlearn) by extension 'ignore_ament_install'
[2.847s] Level 1:colcon.colcon_core.package_identification:_identify(src/qlearn) by extensions ['colcon_pkg']
[2.847s] Level 1:colcon.colcon_core.package_identification:_identify(src/qlearn) by extension 'colcon_pkg'
[2.847s] Level 1:colcon.colcon_core.package_identification:_identify(src/qlearn) by extensions ['colcon_meta']
[2.847s] Level 1:colcon.colcon_core.package_identification:_identify(src/qlearn) by extension 'colcon_meta'
[2.847s] Level 1:colcon.colcon_core.package_identification:_identify(src/qlearn) by extensions ['ros']
[2.848s] Level 1:colcon.colcon_core.package_identification:_identify(src/qlearn) by extension 'ros'
[2.848s] DEBUG:colcon.colcon_core.package_identification:Package 'src/qlearn' with type 'ros.ament_python' and name 'qlearn'
[2.849s] Level 1:colcon.colcon_core.package_identification:_identify(src/qlearn_interfaces) by extensions ['ignore', 'ignore_ament_install']
[2.849s] Level 1:colcon.colcon_core.package_identification:_identify(src/qlearn_interfaces) by extension 'ignore'
[2.849s] Level 1:colcon.colcon_core.package_identification:_identify(src/qlearn_interfaces) by extension 'ignore_ament_install'
[2.849s] Level 1:colcon.colcon_core.package_identification:_identify(src/qlearn_interfaces) by extensions ['colcon_pkg']
[2.849s] Level 1:colcon.colcon_core.package_identification:_identify(src/qlearn_interfaces) by extension 'colcon_pkg'
[2.849s] Level 1:colcon.colcon_core.package_identification:_identify(src/qlearn_interfaces) by extensions ['colcon_meta']
[2.849s] Level 1:colcon.colcon_core.package_identification:_identify(src/qlearn_interfaces) by extension 'colcon_meta'
[2.849s] Level 1:colcon.colcon_core.package_identification:_identify(src/qlearn_interfaces) by extensions ['ros']
[2.850s] Level 1:colcon.colcon_core.package_identification:_identify(src/qlearn_interfaces) by extension 'ros'
[2.850s] DEBUG:colcon.colcon_core.package_identification:Package 'src/qlearn_interfaces' with type 'ros.ament_cmake' and name 'qlearn_interfaces'
[2.851s] Level 1:colcon.colcon_core.package_identification:_identify(src/slam_toolbox) by extensions ['ignore', 'ignore_ament_install']
[2.851s] Level 1:colcon.colcon_core.package_identification:_identify(src/slam_toolbox) by extension 'ignore'
[2.851s] Level 1:colcon.colcon_core.package_identification:_identify(src/slam_toolbox) by extension 'ignore_ament_install'
[2.851s] Level 1:colcon.colcon_core.package_identification:_identify(src/slam_toolbox) by extensions ['colcon_pkg']
[2.851s] Level 1:colcon.colcon_core.package_identification:_identify(src/slam_toolbox) by extension 'colcon_pkg'
[2.851s] Level 1:colcon.colcon_core.package_identification:_identify(src/slam_toolbox) by extensions ['colcon_meta']
[2.851s] Level 1:colcon.colcon_core.package_identification:_identify(src/slam_toolbox) by extension 'colcon_meta'
[2.851s] Level 1:colcon.colcon_core.package_identification:_identify(src/slam_toolbox) by extensions ['ros']
[2.852s] Level 1:colcon.colcon_core.package_identification:_identify(src/slam_toolbox) by extension 'ros'
[2.855s] DEBUG:colcon.colcon_core.package_identification:Package 'src/slam_toolbox' with type 'ros.ament_cmake' and name 'slam_toolbox'
[2.855s] Level 1:colcon.colcon_core.package_identification:_identify(src/wall_follower_pid) by extensions ['ignore', 'ignore_ament_install']
[2.855s] Level 1:colcon.colcon_core.package_identification:_identify(src/wall_follower_pid) by extension 'ignore'
[2.855s] Level 1:colcon.colcon_core.package_identification:_identify(src/wall_follower_pid) by extension 'ignore_ament_install'
[2.855s] Level 1:colcon.colcon_core.package_identification:_identify(src/wall_follower_pid) by extensions ['colcon_pkg']
[2.855s] Level 1:colcon.colcon_core.package_identification:_identify(src/wall_follower_pid) by extension 'colcon_pkg'
[2.856s] Level 1:colcon.colcon_core.package_identification:_identify(src/wall_follower_pid) by extensions ['colcon_meta']
[2.856s] Level 1:colcon.colcon_core.package_identification:_identify(src/wall_follower_pid) by extension 'colcon_meta'
[2.856s] Level 1:colcon.colcon_core.package_identification:_identify(src/wall_follower_pid) by extensions ['ros']
[2.856s] Level 1:colcon.colcon_core.package_identification:_identify(src/wall_follower_pid) by extension 'ros'
[2.857s] DEBUG:colcon.colcon_core.package_identification:Package 'src/wall_follower_pid' with type 'ros.ament_python' and name 'wall_follower_pid'
[2.857s] Level 1:colcon.colcon_core.package_identification:_identify(src/waypoint_follow) by extensions ['ignore', 'ignore_ament_install']
[2.857s] Level 1:colcon.colcon_core.package_identification:_identify(src/waypoint_follow) by extension 'ignore'
[2.857s] Level 1:colcon.colcon_core.package_identification:_identify(src/waypoint_follow) by extension 'ignore_ament_install'
[2.858s] Level 1:colcon.colcon_core.package_identification:_identify(src/waypoint_follow) by extensions ['colcon_pkg']
[2.858s] Level 1:colcon.colcon_core.package_identification:_identify(src/waypoint_follow) by extension 'colcon_pkg'
[2.858s] Level 1:colcon.colcon_core.package_identification:_identify(src/waypoint_follow) by extensions ['colcon_meta']
[2.858s] Level 1:colcon.colcon_core.package_identification:_identify(src/waypoint_follow) by extension 'colcon_meta'
[2.858s] Level 1:colcon.colcon_core.package_identification:_identify(src/waypoint_follow) by extensions ['ros']
[2.858s] Level 1:colcon.colcon_core.package_identification:_identify(src/waypoint_follow) by extension 'ros'
[2.859s] DEBUG:colcon.colcon_core.package_identification:Package 'src/waypoint_follow' with type 'ros.ament_python' and name 'waypoint_follow'
[2.859s] Level 1:colcon.colcon_core.package_identification:_identify(src/waypoint_publisher) by extensions ['ignore', 'ignore_ament_install']
[2.859s] Level 1:colcon.colcon_core.package_identification:_identify(src/waypoint_publisher) by extension 'ignore'
[2.859s] Level 1:colcon.colcon_core.package_identification:_identify(src/waypoint_publisher) by extension 'ignore_ament_install'
[2.860s] Level 1:colcon.colcon_core.package_identification:_identify(src/waypoint_publisher) by extensions ['colcon_pkg']
[2.860s] Level 1:colcon.colcon_core.package_identification:_identify(src/waypoint_publisher) by extension 'colcon_pkg'
[2.860s] Level 1:colcon.colcon_core.package_identification:_identify(src/waypoint_publisher) by extensions ['colcon_meta']
[2.860s] Level 1:colcon.colcon_core.package_identification:_identify(src/waypoint_publisher) by extension 'colcon_meta'
[2.860s] Level 1:colcon.colcon_core.package_identification:_identify(src/waypoint_publisher) by extensions ['ros']
[2.860s] Level 1:colcon.colcon_core.package_identification:_identify(src/waypoint_publisher) by extension 'ros'
[2.861s] DEBUG:colcon.colcon_core.package_identification:Package 'src/waypoint_publisher' with type 'ros.ament_cmake' and name 'waypoint_publisher'
[2.861s] Level 1:colcon.colcon_core.package_identification:_identify(src/waypoint_writer) by extensions ['ignore', 'ignore_ament_install']
[2.862s] Level 1:colcon.colcon_core.package_identification:_identify(src/waypoint_writer) by extension 'ignore'
[2.862s] Level 1:colcon.colcon_core.package_identification:_identify(src/waypoint_writer) by extension 'ignore_ament_install'
[2.862s] Level 1:colcon.colcon_core.package_identification:_identify(src/waypoint_writer) by extensions ['colcon_pkg']
[2.862s] Level 1:colcon.colcon_core.package_identification:_identify(src/waypoint_writer) by extension 'colcon_pkg'
[2.862s] Level 1:colcon.colcon_core.package_identification:_identify(src/waypoint_writer) by extensions ['colcon_meta']
[2.862s] Level 1:colcon.colcon_core.package_identification:_identify(src/waypoint_writer) by extension 'colcon_meta'
[2.862s] Level 1:colcon.colcon_core.package_identification:_identify(src/waypoint_writer) by extensions ['ros']
[2.862s] Level 1:colcon.colcon_core.package_identification:_identify(src/waypoint_writer) by extension 'ros'
[2.864s] DEBUG:colcon.colcon_core.package_identification:Package 'src/waypoint_writer' with type 'ros.ament_python' and name 'waypoint_writer'
[2.864s] Level 1:colcon.colcon_core.package_discovery:discover_packages(recursive) using defaults
[2.864s] Level 1:colcon.colcon_core.package_discovery:discover_packages(ignore) discover
[2.864s] Level 1:colcon.colcon_core.package_discovery:discover_packages(ignore) using defaults
[2.864s] Level 1:colcon.colcon_core.package_discovery:discover_packages(path) discover
[2.864s] Level 1:colcon.colcon_core.package_discovery:discover_packages(path) using defaults
[3.027s] INFO:colcon.colcon_core.package_selection:Skipping not selected package 'ackermann_msgs' in 'src/ackermann_msgs'
[3.027s] INFO:colcon.colcon_core.package_selection:Skipping not selected package 'my_messages' in 'src/my_messages'
[3.027s] INFO:colcon.colcon_core.package_selection:Skipping not selected package 'painter' in 'src/painter'
[3.027s] INFO:colcon.colcon_core.package_selection:Skipping not selected package 'pid_msgs' in 'src/pid_msgs'
[3.027s] INFO:colcon.colcon_core.package_selection:Skipping not selected package 'py_pubsub' in 'src/py_pubsub'
[3.028s] INFO:colcon.colcon_core.package_selection:Skipping not selected package 'qlearn_interfaces' in 'src/qlearn_interfaces'
[3.028s] INFO:colcon.colcon_core.package_selection:Skipping not selected package 'slam_toolbox' in 'src/slam_toolbox'
[3.028s] INFO:colcon.colcon_core.package_selection:Skipping not selected package 'waypoint_publisher' in 'src/waypoint_publisher'
[3.028s] INFO:colcon.colcon_core.package_selection:Skipping not selected package 'waypoint_writer' in 'src/waypoint_writer'
[3.028s] INFO:colcon.colcon_core.package_selection:Skipping not selected package 'f1tenth_gym_ros' in 'src/f1tenth_gym_ros'
[3.028s] INFO:colcon.colcon_core.package_selection:Skipping not selected package 'plexer360' in 'src/plexer360'
[3.028s] INFO:colcon.colcon_core.package_selection:Skipping not selected package 'qlearn' in 'src/qlearn'
[3.028s] INFO:colcon.colcon_core.package_selection:Skipping not selected package 'waypoint_follow' in 'src/waypoint_follow'
[3.105s] Level 1:colcon.colcon_core.package_discovery:discover_packages(prefix_path) check parameters
[3.105s] Level 1:colcon.colcon_core.package_discovery:discover_packages(prefix_path) discover
[3.187s] DEBUG:colcon.colcon_installed_package_information.package_discovery:Found 14 installed packages in /home/rstole01/Documents/CSE-596/msu_ws/install
[3.229s] DEBUG:colcon.colcon_installed_package_information.package_discovery:Found 389 installed packages in /opt/ros/humble
[3.233s] Level 1:colcon.colcon_core.package_discovery:discover_packages(prefix_path) using defaults
[3.473s] Level 5:colcon.colcon_core.verb:set package 'wall_follower_pid' build argument 'cmake_args' from command line to 'None'
[3.473s] Level 5:colcon.colcon_core.verb:set package 'wall_follower_pid' build argument 'cmake_target' from command line to 'None'
[3.473s] Level 5:colcon.colcon_core.verb:set package 'wall_follower_pid' build argument 'cmake_target_skip_unavailable' from command line to 'False'
[3.473s] Level 5:colcon.colcon_core.verb:set package 'wall_follower_pid' build argument 'cmake_clean_cache' from command line to 'False'
[3.473s] Level 5:colcon.colcon_core.verb:set package 'wall_follower_pid' build argument 'cmake_clean_first' from command line to 'False'
[3.473s] Level 5:colcon.colcon_core.verb:set package 'wall_follower_pid' build argument 'cmake_force_configure' from command line to 'False'
[3.473s] Level 5:colcon.colcon_core.verb:set package 'wall_follower_pid' build argument 'ament_cmake_args' from command line to 'None'
[3.473s] Level 5:colcon.colcon_core.verb:set package 'wall_follower_pid' build argument 'catkin_cmake_args' from command line to 'None'
[3.473s] Level 5:colcon.colcon_core.verb:set package 'wall_follower_pid' build argument 'catkin_skip_building_tests' from command line to 'False'
[3.473s] DEBUG:colcon.colcon_core.verb:Building package 'wall_follower_pid' with the following arguments: {'ament_cmake_args': None, 'build_base': '/home/rstole01/Documents/CSE-596/msu_ws/build/wall_follower_pid', 'catkin_cmake_args': None, 'catkin_skip_building_tests': False, 'cmake_args': None, 'cmake_clean_cache': False, 'cmake_clean_first': False, 'cmake_force_configure': False, 'cmake_target': None, 'cmake_target_skip_unavailable': False, 'install_base': '/home/rstole01/Documents/CSE-596/msu_ws/install/wall_follower_pid', 'merge_install': False, 'path': '/home/rstole01/Documents/CSE-596/msu_ws/src/wall_follower_pid', 'symlink_install': False, 'test_result_base': None}
[3.512s] INFO:colcon.colcon_core.executor:Executing jobs using 'parallel' executor
[3.552s] DEBUG:colcon.colcon_parallel_executor.executor.parallel:run_until_complete
[3.552s] INFO:colcon.colcon_ros.task.ament_python.build:Building ROS package in '/home/rstole01/Documents/CSE-596/msu_ws/src/wall_follower_pid' with build type 'ament_python'
[3.552s] Level 1:colcon.colcon_core.shell:create_environment_hook('wall_follower_pid', 'ament_prefix_path')
[3.596s] INFO:colcon.colcon_core.plugin_system:Skipping extension 'colcon_core.shell.bat': Not used on non-Windows systems
[3.597s] INFO:colcon.colcon_core.shell:Creating environment hook '/home/rstole01/Documents/CSE-596/msu_ws/install/wall_follower_pid/share/wall_follower_pid/hook/ament_prefix_path.ps1'
[3.598s] INFO:colcon.colcon_core.shell:Creating environment descriptor '/home/rstole01/Documents/CSE-596/msu_ws/install/wall_follower_pid/share/wall_follower_pid/hook/ament_prefix_path.dsv'
[3.599s] INFO:colcon.colcon_core.shell:Creating environment hook '/home/rstole01/Documents/CSE-596/msu_ws/install/wall_follower_pid/share/wall_follower_pid/hook/ament_prefix_path.sh'
[3.638s] INFO:colcon.colcon_core.shell:Skip shell extension 'powershell' for command environment: Not usable outside of PowerShell
[3.639s] DEBUG:colcon.colcon_core.shell:Skip shell extension 'dsv' for command environment
[4.383s] INFO:colcon.colcon_core.task.python.build:Building Python package in '/home/rstole01/Documents/CSE-596/msu_ws/src/wall_follower_pid'
[4.422s] INFO:colcon.colcon_core.shell:Skip shell extension 'powershell' for command environment: Not usable outside of PowerShell
[4.423s] DEBUG:colcon.colcon_core.shell:Skip shell extension 'dsv' for command environment
[5.570s] DEBUG:colcon.colcon_core.event_handler.log_command:Invoking command in '/home/rstole01/Documents/CSE-596/msu_ws/src/wall_follower_pid': CMAKE_PREFIX_PATH=/home/rstole01/Documents/CSE-596/msu_ws/install/pid_msgs:/home/rstole01/Documents/CSE-596/msu_ws/install/ackermann_msgs:/home/rstole01/Documents/CSE-596/msu_ws/install/waypoint_publisher:/home/rstole01/Documents/CSE-596/msu_ws/install/slam_toolbox:/home/rstole01/Documents/CSE-596/msu_ws/install/qlearn_interfaces:/home/rstole01/Documents/CSE-596/msu_ws/install/my_messages LD_LIBRARY_PATH=/home/rstole01/Documents/CSE-596/msu_ws/install/pid_msgs/lib:/home/rstole01/Documents/CSE-596/msu_ws/install/ackermann_msgs/lib:/home/rstole01/Documents/CSE-596/msu_ws/install/slam_toolbox/lib:/home/rstole01/Documents/CSE-596/msu_ws/install/qlearn_interfaces/lib:/home/rstole01/Documents/CSE-596/msu_ws/install/my_messages/lib:/usr/lib/x86_64-linux-gnu/gazebo-11/plugins:/opt/ros/humble/opt/rviz_ogre_vendor/lib:/opt/ros/humble/lib/x86_64-linux-gnu:/opt/ros/humble/lib PYTHONPATH=/home/rstole01/Documents/CSE-596/msu_ws/build/wall_follower_pid/prefix_override:/home/rstole01/Documents/CSE-596/msu_ws/install/wall_follower_pid/lib/python3.10/site-packages:${PYTHONPATH} /usr/bin/python3 setup.py egg_info --egg-base ../../build/wall_follower_pid build --build-base /home/rstole01/Documents/CSE-596/msu_ws/build/wall_follower_pid/build install --record /home/rstole01/Documents/CSE-596/msu_ws/build/wall_follower_pid/install.log --single-version-externally-managed
[6.256s] DEBUG:colcon.colcon_core.event_handler.log_command:Invoked command in '/home/rstole01/Documents/CSE-596/msu_ws/src/wall_follower_pid' returned '0': CMAKE_PREFIX_PATH=/home/rstole01/Documents/CSE-596/msu_ws/install/pid_msgs:/home/rstole01/Documents/CSE-596/msu_ws/install/ackermann_msgs:/home/rstole01/Documents/CSE-596/msu_ws/install/waypoint_publisher:/home/rstole01/Documents/CSE-596/msu_ws/install/slam_toolbox:/home/rstole01/Documents/CSE-596/msu_ws/install/qlearn_interfaces:/home/rstole01/Documents/CSE-596/msu_ws/install/my_messages LD_LIBRARY_PATH=/home/rstole01/Documents/CSE-596/msu_ws/install/pid_msgs/lib:/home/rstole01/Documents/CSE-596/msu_ws/install/ackermann_msgs/lib:/home/rstole01/Documents/CSE-596/msu_ws/install/slam_toolbox/lib:/home/rstole01/Documents/CSE-596/msu_ws/install/qlearn_interfaces/lib:/home/rstole01/Documents/CSE-596/msu_ws/install/my_messages/lib:/usr/lib/x86_64-linux-gnu/gazebo-11/plugins:/opt/ros/humble/opt/rviz_ogre_vendor/lib:/opt/ros/humble/lib/x86_64-linux-gnu:/opt/ros/humble/lib PYTHONPATH=/home/rstole01/Documents/CSE-596/msu_ws/build/wall_follower_pid/prefix_override:/home/rstole01/Documents/CSE-596/msu_ws/install/wall_follower_pid/lib/python3.10/site-packages:${PYTHONPATH} /usr/bin/python3 setup.py egg_info --egg-base ../../build/wall_follower_pid build --build-base /home/rstole01/Documents/CSE-596/msu_ws/build/wall_follower_pid/build install --record /home/rstole01/Documents/CSE-596/msu_ws/build/wall_follower_pid/install.log --single-version-externally-managed
[6.303s] Level 1:colcon.colcon_core.environment:checking '/home/rstole01/Documents/CSE-596/msu_ws/install/wall_follower_pid' for CMake module files
[6.304s] Level 1:colcon.colcon_core.environment:checking '/home/rstole01/Documents/CSE-596/msu_ws/install/wall_follower_pid' for CMake config files
[6.305s] Level 1:colcon.colcon_core.environment:checking '/home/rstole01/Documents/CSE-596/msu_ws/install/wall_follower_pid/lib'
[6.306s] Level 1:colcon.colcon_core.environment:checking '/home/rstole01/Documents/CSE-596/msu_ws/install/wall_follower_pid/bin'
[6.306s] Level 1:colcon.colcon_core.environment:checking '/home/rstole01/Documents/CSE-596/msu_ws/install/wall_follower_pid/lib/pkgconfig/wall_follower_pid.pc'
[6.306s] Level 1:colcon.colcon_core.environment:checking '/home/rstole01/Documents/CSE-596/msu_ws/install/wall_follower_pid/lib/python3.10/site-packages'
[6.306s] Level 1:colcon.colcon_core.shell:create_environment_hook('wall_follower_pid', 'pythonpath')
[6.348s] INFO:colcon.colcon_core.shell:Creating environment hook '/home/rstole01/Documents/CSE-596/msu_ws/install/wall_follower_pid/share/wall_follower_pid/hook/pythonpath.ps1'
[6.349s] INFO:colcon.colcon_core.shell:Creating environment descriptor '/home/rstole01/Documents/CSE-596/msu_ws/install/wall_follower_pid/share/wall_follower_pid/hook/pythonpath.dsv'
[6.349s] INFO:colcon.colcon_core.shell:Creating environment hook '/home/rstole01/Documents/CSE-596/msu_ws/install/wall_follower_pid/share/wall_follower_pid/hook/pythonpath.sh'
[6.350s] Level 1:colcon.colcon_core.environment:checking '/home/rstole01/Documents/CSE-596/msu_ws/install/wall_follower_pid/bin'
[6.351s] Level 1:colcon.colcon_core.environment:create_environment_scripts_only(wall_follower_pid)
[6.391s] INFO:colcon.colcon_core.shell:Creating package script '/home/rstole01/Documents/CSE-596/msu_ws/install/wall_follower_pid/share/wall_follower_pid/package.ps1'
[6.393s] INFO:colcon.colcon_core.shell:Creating package descriptor '/home/rstole01/Documents/CSE-596/msu_ws/install/wall_follower_pid/share/wall_follower_pid/package.dsv'
[6.394s] INFO:colcon.colcon_core.shell:Creating package script '/home/rstole01/Documents/CSE-596/msu_ws/install/wall_follower_pid/share/wall_follower_pid/package.sh'
[6.396s] INFO:colcon.colcon_core.shell:Creating package script '/home/rstole01/Documents/CSE-596/msu_ws/install/wall_follower_pid/share/wall_follower_pid/package.bash'
[6.397s] INFO:colcon.colcon_core.shell:Creating package script '/home/rstole01/Documents/CSE-596/msu_ws/install/wall_follower_pid/share/wall_follower_pid/package.zsh'
[6.399s] Level 1:colcon.colcon_core.environment:create_file_with_runtime_dependencies(/home/rstole01/Documents/CSE-596/msu_ws/install/wall_follower_pid/share/colcon-core/packages/wall_follower_pid)
[6.399s] DEBUG:colcon.colcon_parallel_executor.executor.parallel:closing loop
[6.400s] DEBUG:colcon.colcon_parallel_executor.executor.parallel:loop closed
[6.400s] DEBUG:colcon.colcon_parallel_executor.executor.parallel:run_until_complete finished with '0'
[6.400s] DEBUG:colcon.colcon_core.event_reactor:joining thread
[6.450s] INFO:colcon.colcon_core.plugin_system:Skipping extension 'colcon_notification.desktop_notification.terminal_notifier': Not used on non-Darwin systems
[6.450s] INFO:colcon.colcon_core.plugin_system:Skipping extension 'colcon_notification.desktop_notification.win32': Not used on non-Windows systems
[6.450s] INFO:colcon.colcon_notification.desktop_notification:Sending desktop notification using 'notify2'
[6.472s] DEBUG:colcon.colcon_core.event_reactor:joined thread
[6.514s] INFO:colcon.colcon_core.shell:Creating prefix script '/home/rstole01/Documents/CSE-596/msu_ws/install/local_setup.ps1'
[6.516s] INFO:colcon.colcon_core.shell:Creating prefix util module '/home/rstole01/Documents/CSE-596/msu_ws/install/_local_setup_util_ps1.py'
[6.520s] INFO:colcon.colcon_core.shell:Creating prefix chain script '/home/rstole01/Documents/CSE-596/msu_ws/install/setup.ps1'
[6.566s] INFO:colcon.colcon_core.shell:Creating prefix script '/home/rstole01/Documents/CSE-596/msu_ws/install/local_setup.sh'
[6.567s] INFO:colcon.colcon_core.shell:Creating prefix util module '/home/rstole01/Documents/CSE-596/msu_ws/install/_local_setup_util_sh.py'
[6.568s] INFO:colcon.colcon_core.shell:Creating prefix chain script '/home/rstole01/Documents/CSE-596/msu_ws/install/setup.sh'
[6.610s] INFO:colcon.colcon_core.shell:Creating prefix script '/home/rstole01/Documents/CSE-596/msu_ws/install/local_setup.bash'
[6.611s] INFO:colcon.colcon_core.shell:Creating prefix chain script '/home/rstole01/Documents/CSE-596/msu_ws/install/setup.bash'
[6.653s] INFO:colcon.colcon_core.shell:Creating prefix script '/home/rstole01/Documents/CSE-596/msu_ws/install/local_setup.zsh'
[6.654s] INFO:colcon.colcon_core.shell:Creating prefix chain script '/home/rstole01/Documents/CSE-596/msu_ws/install/setup.zsh'
