[0.020s] Invoking command in '/home/rstole01/Documents/CSE-596/humble_ws/build/pursuit_lab': CMAKE_PREFIX_PATH=${CMAKE_PREFIX_PATH}:/home/rstole01/Documents/CSE-596/humble_ws/install/waypoint_logger:/home/rstole01/Documents/CSE-596/humble_ws/install/f1tenth_gym_ros:/opt/ros/humble /usr/bin/cmake --build /home/rstole01/Documents/CSE-596/humble_ws/build/pursuit_lab -- -j8 -l8
[0.142s] Built target ament_cmake_python_copy_pursuit_lab_setup
[0.143s] Built target ament_cmake_python_copy_pursuit_lab
[0.673s] running egg_info
[0.674s] writing pursuit_lab.egg-info/PKG-INFO
[0.674s] writing dependency_links to pursuit_lab.egg-info/dependency_links.txt
[0.674s] writing top-level names to pursuit_lab.egg-info/top_level.txt
[0.679s] reading manifest file 'pursuit_lab.egg-info/SOURCES.txt'
[0.681s] writing manifest file 'pursuit_lab.egg-info/SOURCES.txt'
[0.725s] Built target ament_cmake_python_build_pursuit_lab_egg
[0.746s] Invoked command in '/home/rstole01/Documents/CSE-596/humble_ws/build/pursuit_lab' returned '0': CMAKE_PREFIX_PATH=${CMAKE_PREFIX_PATH}:/home/rstole01/Documents/CSE-596/humble_ws/install/waypoint_logger:/home/rstole01/Documents/CSE-596/humble_ws/install/f1tenth_gym_ros:/opt/ros/humble /usr/bin/cmake --build /home/rstole01/Documents/CSE-596/humble_ws/build/pursuit_lab -- -j8 -l8
[0.813s] Invoking command in '/home/rstole01/Documents/CSE-596/humble_ws/build/pursuit_lab': CMAKE_PREFIX_PATH=${CMAKE_PREFIX_PATH}:/home/rstole01/Documents/CSE-596/humble_ws/install/waypoint_logger:/home/rstole01/Documents/CSE-596/humble_ws/install/f1tenth_gym_ros:/opt/ros/humble /usr/bin/cmake --install /home/rstole01/Documents/CSE-596/humble_ws/build/pursuit_lab
[0.828s] -- Install configuration: ""
[0.828s] -- Up-to-date: /home/rstole01/Documents/CSE-596/humble_ws/install/pursuit_lab/share/pursuit_lab/environment/pythonpath.sh
[0.828s] -- Up-to-date: /home/rstole01/Documents/CSE-596/humble_ws/install/pursuit_lab/share/pursuit_lab/environment/pythonpath.dsv
[0.828s] -- Up-to-date: /home/rstole01/Documents/CSE-596/humble_ws/install/pursuit_lab/local/lib/python3.10/dist-packages/pursuit_lab-0.0.0-py3.10.egg-info
[0.829s] -- Installing: /home/rstole01/Documents/CSE-596/humble_ws/install/pursuit_lab/local/lib/python3.10/dist-packages/pursuit_lab-0.0.0-py3.10.egg-info/top_level.txt
[0.829s] -- Installing: /home/rstole01/Documents/CSE-596/humble_ws/install/pursuit_lab/local/lib/python3.10/dist-packages/pursuit_lab-0.0.0-py3.10.egg-info/SOURCES.txt
[0.829s] -- Installing: /home/rstole01/Documents/CSE-596/humble_ws/install/pursuit_lab/local/lib/python3.10/dist-packages/pursuit_lab-0.0.0-py3.10.egg-info/PKG-INFO
[0.829s] -- Installing: /home/rstole01/Documents/CSE-596/humble_ws/install/pursuit_lab/local/lib/python3.10/dist-packages/pursuit_lab-0.0.0-py3.10.egg-info/dependency_links.txt
[0.830s] -- Up-to-date: /home/rstole01/Documents/CSE-596/humble_ws/install/pursuit_lab/local/lib/python3.10/dist-packages/pursuit_lab
[0.830s] -- Up-to-date: /home/rstole01/Documents/CSE-596/humble_ws/install/pursuit_lab/local/lib/python3.10/dist-packages/pursuit_lab/__init__.py
[0.830s] -- Installing: /home/rstole01/Documents/CSE-596/humble_ws/install/pursuit_lab/local/lib/python3.10/dist-packages/pursuit_lab/pure_pursuit_node.py
[0.913s] Listing '/home/rstole01/Documents/CSE-596/humble_ws/install/pursuit_lab/local/lib/python3.10/dist-packages/pursuit_lab'...
[0.913s] Compiling '/home/rstole01/Documents/CSE-596/humble_ws/install/pursuit_lab/local/lib/python3.10/dist-packages/pursuit_lab/pure_pursuit_node.py'...
[0.923s] -- Installing: /home/rstole01/Documents/CSE-596/humble_ws/install/pursuit_lab/lib/pursuit_lab/pure_pursuit_node.py
[0.924s] -- Up-to-date: /home/rstole01/Documents/CSE-596/humble_ws/install/pursuit_lab/share/ament_index/resource_index/package_run_dependencies/pursuit_lab
[0.924s] -- Up-to-date: /home/rstole01/Documents/CSE-596/humble_ws/install/pursuit_lab/share/ament_index/resource_index/parent_prefix_path/pursuit_lab
[0.925s] -- Up-to-date: /home/rstole01/Documents/CSE-596/humble_ws/install/pursuit_lab/share/pursuit_lab/environment/ament_prefix_path.sh
[0.925s] -- Up-to-date: /home/rstole01/Documents/CSE-596/humble_ws/install/pursuit_lab/share/pursuit_lab/environment/ament_prefix_path.dsv
[0.926s] -- Up-to-date: /home/rstole01/Documents/CSE-596/humble_ws/install/pursuit_lab/share/pursuit_lab/environment/path.sh
[0.926s] -- Up-to-date: /home/rstole01/Documents/CSE-596/humble_ws/install/pursuit_lab/share/pursuit_lab/environment/path.dsv
[0.926s] -- Up-to-date: /home/rstole01/Documents/CSE-596/humble_ws/install/pursuit_lab/share/pursuit_lab/local_setup.bash
[0.927s] -- Up-to-date: /home/rstole01/Documents/CSE-596/humble_ws/install/pursuit_lab/share/pursuit_lab/local_setup.sh
[0.927s] -- Up-to-date: /home/rstole01/Documents/CSE-596/humble_ws/install/pursuit_lab/share/pursuit_lab/local_setup.zsh
[0.927s] -- Up-to-date: /home/rstole01/Documents/CSE-596/humble_ws/install/pursuit_lab/share/pursuit_lab/local_setup.dsv
[0.927s] -- Installing: /home/rstole01/Documents/CSE-596/humble_ws/install/pursuit_lab/share/pursuit_lab/package.dsv
[0.928s] -- Up-to-date: /home/rstole01/Documents/CSE-596/humble_ws/install/pursuit_lab/share/ament_index/resource_index/packages/pursuit_lab
[0.928s] -- Up-to-date: /home/rstole01/Documents/CSE-596/humble_ws/install/pursuit_lab/share/pursuit_lab/cmake/pursuit_labConfig.cmake
[0.928s] -- Up-to-date: /home/rstole01/Documents/CSE-596/humble_ws/install/pursuit_lab/share/pursuit_lab/cmake/pursuit_labConfig-version.cmake
[0.929s] -- Up-to-date: /home/rstole01/Documents/CSE-596/humble_ws/install/pursuit_lab/share/pursuit_lab/package.xml
[0.931s] Invoked command in '/home/rstole01/Documents/CSE-596/humble_ws/build/pursuit_lab' returned '0': CMAKE_PREFIX_PATH=${CMAKE_PREFIX_PATH}:/home/rstole01/Documents/CSE-596/humble_ws/install/waypoint_logger:/home/rstole01/Documents/CSE-596/humble_ws/install/f1tenth_gym_ros:/opt/ros/humble /usr/bin/cmake --install /home/rstole01/Documents/CSE-596/humble_ws/build/pursuit_lab
