[1.171s] Invoking command in '/home/rstole01/Documents/CSE-596/msu_ws/build/pid_msgs': CMAKE_PREFIX_PATH=${CMAKE_PREFIX_PATH}:/home/rstole01/Documents/CSE-596/msu_ws/install/waypoint_writer:/home/rstole01/Documents/CSE-596/msu_ws/install/waypoint_follow:/home/rstole01/Documents/CSE-596/msu_ws/install/wall_follower_pid:/home/rstole01/Documents/CSE-596/msu_ws/install/qlearn:/home/rstole01/Documents/CSE-596/msu_ws/install/py_pubsub:/home/rstole01/Documents/CSE-596/msu_ws/install/plexer360:/home/rstole01/Documents/CSE-596/msu_ws/install/painter:/home/rstole01/Documents/CSE-596/msu_ws/install/f1tenth_gym_ros:/opt/ros/humble /usr/bin/cmake --build /home/rstole01/Documents/CSE-596/msu_ws/build/pid_msgs -- -j8 -l8
[2.756s] [  9%] Built target pid_msgs__cpp
[2.756s] [ 12%] Built target pid_msgs__rosidl_generator_c
[2.757s] [ 12%] Built target ament_cmake_python_copy_pid_msgs
[2.757s] [ 22%] Built target pid_msgs__rosidl_typesupport_cpp
[2.757s] [ 32%] Built target pid_msgs__rosidl_typesupport_fastrtps_c
[2.757s] [ 41%] Built target pid_msgs__rosidl_typesupport_c
[2.759s] [ 51%] Built target pid_msgs__rosidl_typesupport_fastrtps_cpp
[2.760s] [ 61%] Built target pid_msgs__rosidl_typesupport_introspection_c
[2.760s] [ 70%] Built target pid_msgs__rosidl_typesupport_introspection_cpp
[2.761s] [ 70%] Built target pid_msgs
[2.761s] [ 74%] Built target pid_msgs__py
[2.761s] [ 80%] Built target pid_msgs__rosidl_generator_py
[2.763s] [ 87%] Built target pid_msgs__rosidl_typesupport_c__pyext
[2.763s] [ 93%] Built target pid_msgs__rosidl_typesupport_fastrtps_c__pyext
[2.764s] [100%] Built target pid_msgs__rosidl_typesupport_introspection_c__pyext
[2.764s] running egg_info
[2.764s] writing pid_msgs.egg-info/PKG-INFO
[2.765s] writing dependency_links to pid_msgs.egg-info/dependency_links.txt
[2.767s] writing top-level names to pid_msgs.egg-info/top_level.txt
[2.767s] reading manifest file 'pid_msgs.egg-info/SOURCES.txt'
[2.768s] writing manifest file 'pid_msgs.egg-info/SOURCES.txt'
[2.768s] [100%] Built target ament_cmake_python_build_pid_msgs_egg
[2.777s] Invoked command in '/home/rstole01/Documents/CSE-596/msu_ws/build/pid_msgs' returned '0': CMAKE_PREFIX_PATH=${CMAKE_PREFIX_PATH}:/home/rstole01/Documents/CSE-596/msu_ws/install/waypoint_writer:/home/rstole01/Documents/CSE-596/msu_ws/install/waypoint_follow:/home/rstole01/Documents/CSE-596/msu_ws/install/wall_follower_pid:/home/rstole01/Documents/CSE-596/msu_ws/install/qlearn:/home/rstole01/Documents/CSE-596/msu_ws/install/py_pubsub:/home/rstole01/Documents/CSE-596/msu_ws/install/plexer360:/home/rstole01/Documents/CSE-596/msu_ws/install/painter:/home/rstole01/Documents/CSE-596/msu_ws/install/f1tenth_gym_ros:/opt/ros/humble /usr/bin/cmake --build /home/rstole01/Documents/CSE-596/msu_ws/build/pid_msgs -- -j8 -l8
[3.646s] Invoking command in '/home/rstole01/Documents/CSE-596/msu_ws/build/pid_msgs': CMAKE_PREFIX_PATH=${CMAKE_PREFIX_PATH}:/home/rstole01/Documents/CSE-596/msu_ws/install/waypoint_writer:/home/rstole01/Documents/CSE-596/msu_ws/install/waypoint_follow:/home/rstole01/Documents/CSE-596/msu_ws/install/wall_follower_pid:/home/rstole01/Documents/CSE-596/msu_ws/install/qlearn:/home/rstole01/Documents/CSE-596/msu_ws/install/py_pubsub:/home/rstole01/Documents/CSE-596/msu_ws/install/plexer360:/home/rstole01/Documents/CSE-596/msu_ws/install/painter:/home/rstole01/Documents/CSE-596/msu_ws/install/f1tenth_gym_ros:/opt/ros/humble /usr/bin/cmake --install /home/rstole01/Documents/CSE-596/msu_ws/build/pid_msgs
[3.700s] -- Install configuration: ""
[3.700s] -- Up-to-date: /home/rstole01/Documents/CSE-596/msu_ws/install/pid_msgs/share/ament_index/resource_index/rosidl_interfaces/pid_msgs
[3.700s] -- Up-to-date: /home/rstole01/Documents/CSE-596/msu_ws/install/pid_msgs/include/pid_msgs/pid_msgs
[3.701s] -- Up-to-date: /home/rstole01/Documents/CSE-596/msu_ws/install/pid_msgs/include/pid_msgs/pid_msgs/msg
[3.701s] -- Up-to-date: /home/rstole01/Documents/CSE-596/msu_ws/install/pid_msgs/include/pid_msgs/pid_msgs/msg/rosidl_generator_c__visibility_control.h
[3.701s] -- Up-to-date: /home/rstole01/Documents/CSE-596/msu_ws/install/pid_msgs/include/pid_msgs/pid_msgs/msg/detail
[3.701s] -- Up-to-date: /home/rstole01/Documents/CSE-596/msu_ws/install/pid_msgs/include/pid_msgs/pid_msgs/msg/detail/pid_input__type_support.h
[3.701s] -- Up-to-date: /home/rstole01/Documents/CSE-596/msu_ws/install/pid_msgs/include/pid_msgs/pid_msgs/msg/detail/pid_input__functions.h
[3.701s] -- Up-to-date: /home/rstole01/Documents/CSE-596/msu_ws/install/pid_msgs/include/pid_msgs/pid_msgs/msg/detail/pid_input__functions.c
[3.702s] -- Up-to-date: /home/rstole01/Documents/CSE-596/msu_ws/install/pid_msgs/include/pid_msgs/pid_msgs/msg/detail/pid_input__struct.h
[3.702s] -- Up-to-date: /home/rstole01/Documents/CSE-596/msu_ws/install/pid_msgs/include/pid_msgs/pid_msgs/msg/pid_input.h
[3.702s] -- Up-to-date: /home/rstole01/Documents/CSE-596/msu_ws/install/pid_msgs/share/pid_msgs/environment/library_path.sh
[3.702s] -- Up-to-date: /home/rstole01/Documents/CSE-596/msu_ws/install/pid_msgs/share/pid_msgs/environment/library_path.dsv
[3.704s] -- Up-to-date: /home/rstole01/Documents/CSE-596/msu_ws/install/pid_msgs/lib/libpid_msgs__rosidl_generator_c.so
[3.705s] -- Up-to-date: /home/rstole01/Documents/CSE-596/msu_ws/install/pid_msgs/include/pid_msgs/pid_msgs
[3.705s] -- Up-to-date: /home/rstole01/Documents/CSE-596/msu_ws/install/pid_msgs/include/pid_msgs/pid_msgs/msg
[3.705s] -- Up-to-date: /home/rstole01/Documents/CSE-596/msu_ws/install/pid_msgs/include/pid_msgs/pid_msgs/msg/rosidl_typesupport_fastrtps_c__visibility_control.h
[3.706s] -- Up-to-date: /home/rstole01/Documents/CSE-596/msu_ws/install/pid_msgs/include/pid_msgs/pid_msgs/msg/detail
[3.706s] -- Up-to-date: /home/rstole01/Documents/CSE-596/msu_ws/install/pid_msgs/include/pid_msgs/pid_msgs/msg/detail/pid_input__rosidl_typesupport_fastrtps_c.h
[3.710s] -- Up-to-date: /home/rstole01/Documents/CSE-596/msu_ws/install/pid_msgs/lib/libpid_msgs__rosidl_typesupport_fastrtps_c.so
[3.711s] -- Up-to-date: /home/rstole01/Documents/CSE-596/msu_ws/install/pid_msgs/include/pid_msgs/pid_msgs
[3.711s] -- Up-to-date: /home/rstole01/Documents/CSE-596/msu_ws/install/pid_msgs/include/pid_msgs/pid_msgs/msg
[3.712s] -- Up-to-date: /home/rstole01/Documents/CSE-596/msu_ws/install/pid_msgs/include/pid_msgs/pid_msgs/msg/rosidl_typesupport_introspection_c__visibility_control.h
[3.712s] -- Up-to-date: /home/rstole01/Documents/CSE-596/msu_ws/install/pid_msgs/include/pid_msgs/pid_msgs/msg/detail
[3.712s] -- Up-to-date: /home/rstole01/Documents/CSE-596/msu_ws/install/pid_msgs/include/pid_msgs/pid_msgs/msg/detail/pid_input__rosidl_typesupport_introspection_c.h
[3.713s] -- Up-to-date: /home/rstole01/Documents/CSE-596/msu_ws/install/pid_msgs/include/pid_msgs/pid_msgs/msg/detail/pid_input__type_support.c
[3.714s] -- Up-to-date: /home/rstole01/Documents/CSE-596/msu_ws/install/pid_msgs/lib/libpid_msgs__rosidl_typesupport_introspection_c.so
[3.715s] -- Up-to-date: /home/rstole01/Documents/CSE-596/msu_ws/install/pid_msgs/lib/libpid_msgs__rosidl_typesupport_c.so
[3.716s] -- Up-to-date: /home/rstole01/Documents/CSE-596/msu_ws/install/pid_msgs/include/pid_msgs/pid_msgs
[3.717s] -- Up-to-date: /home/rstole01/Documents/CSE-596/msu_ws/install/pid_msgs/include/pid_msgs/pid_msgs/msg
[3.717s] -- Up-to-date: /home/rstole01/Documents/CSE-596/msu_ws/install/pid_msgs/include/pid_msgs/pid_msgs/msg/pid_input.hpp
[3.717s] -- Up-to-date: /home/rstole01/Documents/CSE-596/msu_ws/install/pid_msgs/include/pid_msgs/pid_msgs/msg/detail
[3.718s] -- Up-to-date: /home/rstole01/Documents/CSE-596/msu_ws/install/pid_msgs/include/pid_msgs/pid_msgs/msg/detail/pid_input__builder.hpp
[3.718s] -- Up-to-date: /home/rstole01/Documents/CSE-596/msu_ws/install/pid_msgs/include/pid_msgs/pid_msgs/msg/detail/pid_input__struct.hpp
[3.718s] -- Up-to-date: /home/rstole01/Documents/CSE-596/msu_ws/install/pid_msgs/include/pid_msgs/pid_msgs/msg/detail/pid_input__traits.hpp
[3.719s] -- Up-to-date: /home/rstole01/Documents/CSE-596/msu_ws/install/pid_msgs/include/pid_msgs/pid_msgs
[3.719s] -- Up-to-date: /home/rstole01/Documents/CSE-596/msu_ws/install/pid_msgs/include/pid_msgs/pid_msgs/msg
[3.719s] -- Up-to-date: /home/rstole01/Documents/CSE-596/msu_ws/install/pid_msgs/include/pid_msgs/pid_msgs/msg/detail
[3.720s] -- Up-to-date: /home/rstole01/Documents/CSE-596/msu_ws/install/pid_msgs/include/pid_msgs/pid_msgs/msg/detail/pid_input__rosidl_typesupport_fastrtps_cpp.hpp
[3.720s] -- Up-to-date: /home/rstole01/Documents/CSE-596/msu_ws/install/pid_msgs/include/pid_msgs/pid_msgs/msg/detail/dds_fastrtps
[3.720s] -- Up-to-date: /home/rstole01/Documents/CSE-596/msu_ws/install/pid_msgs/include/pid_msgs/pid_msgs/msg/rosidl_typesupport_fastrtps_cpp__visibility_control.h
[3.723s] -- Up-to-date: /home/rstole01/Documents/CSE-596/msu_ws/install/pid_msgs/lib/libpid_msgs__rosidl_typesupport_fastrtps_cpp.so
[3.724s] -- Up-to-date: /home/rstole01/Documents/CSE-596/msu_ws/install/pid_msgs/include/pid_msgs/pid_msgs
[3.725s] -- Up-to-date: /home/rstole01/Documents/CSE-596/msu_ws/install/pid_msgs/include/pid_msgs/pid_msgs/msg
[3.725s] -- Up-to-date: /home/rstole01/Documents/CSE-596/msu_ws/install/pid_msgs/include/pid_msgs/pid_msgs/msg/detail
[3.725s] -- Up-to-date: /home/rstole01/Documents/CSE-596/msu_ws/install/pid_msgs/include/pid_msgs/pid_msgs/msg/detail/pid_input__rosidl_typesupport_introspection_cpp.hpp
[3.726s] -- Up-to-date: /home/rstole01/Documents/CSE-596/msu_ws/install/pid_msgs/include/pid_msgs/pid_msgs/msg/detail/pid_input__type_support.cpp
[3.728s] -- Up-to-date: /home/rstole01/Documents/CSE-596/msu_ws/install/pid_msgs/lib/libpid_msgs__rosidl_typesupport_introspection_cpp.so
[3.729s] -- Up-to-date: /home/rstole01/Documents/CSE-596/msu_ws/install/pid_msgs/lib/libpid_msgs__rosidl_typesupport_cpp.so
[3.730s] -- Up-to-date: /home/rstole01/Documents/CSE-596/msu_ws/install/pid_msgs/share/pid_msgs/environment/pythonpath.sh
[3.731s] -- Up-to-date: /home/rstole01/Documents/CSE-596/msu_ws/install/pid_msgs/share/pid_msgs/environment/pythonpath.dsv
[3.731s] -- Up-to-date: /home/rstole01/Documents/CSE-596/msu_ws/install/pid_msgs/local/lib/python3.10/dist-packages/pid_msgs-0.0.0-py3.10.egg-info
[3.740s] -- Installing: /home/rstole01/Documents/CSE-596/msu_ws/install/pid_msgs/local/lib/python3.10/dist-packages/pid_msgs-0.0.0-py3.10.egg-info/top_level.txt
[3.754s] -- Installing: /home/rstole01/Documents/CSE-596/msu_ws/install/pid_msgs/local/lib/python3.10/dist-packages/pid_msgs-0.0.0-py3.10.egg-info/SOURCES.txt
[3.754s] -- Installing: /home/rstole01/Documents/CSE-596/msu_ws/install/pid_msgs/local/lib/python3.10/dist-packages/pid_msgs-0.0.0-py3.10.egg-info/PKG-INFO
[3.755s] -- Installing: /home/rstole01/Documents/CSE-596/msu_ws/install/pid_msgs/local/lib/python3.10/dist-packages/pid_msgs-0.0.0-py3.10.egg-info/dependency_links.txt
[3.755s] -- Up-to-date: /home/rstole01/Documents/CSE-596/msu_ws/install/pid_msgs/local/lib/python3.10/dist-packages/pid_msgs
[3.755s] -- Up-to-date: /home/rstole01/Documents/CSE-596/msu_ws/install/pid_msgs/local/lib/python3.10/dist-packages/pid_msgs/pid_msgs_s__rosidl_typesupport_fastrtps_c.cpython-310-x86_64-linux-gnu.so
[3.755s] -- Up-to-date: /home/rstole01/Documents/CSE-596/msu_ws/install/pid_msgs/local/lib/python3.10/dist-packages/pid_msgs/pid_msgs_s__rosidl_typesupport_introspection_c.cpython-310-x86_64-linux-gnu.so
[3.755s] -- Up-to-date: /home/rstole01/Documents/CSE-596/msu_ws/install/pid_msgs/local/lib/python3.10/dist-packages/pid_msgs/_pid_msgs_s.ep.rosidl_typesupport_c.c
[3.756s] -- Up-to-date: /home/rstole01/Documents/CSE-596/msu_ws/install/pid_msgs/local/lib/python3.10/dist-packages/pid_msgs/__init__.py
[3.756s] -- Up-to-date: /home/rstole01/Documents/CSE-596/msu_ws/install/pid_msgs/local/lib/python3.10/dist-packages/pid_msgs/msg
[3.756s] -- Up-to-date: /home/rstole01/Documents/CSE-596/msu_ws/install/pid_msgs/local/lib/python3.10/dist-packages/pid_msgs/msg/_pid_input.py
[3.756s] -- Up-to-date: /home/rstole01/Documents/CSE-596/msu_ws/install/pid_msgs/local/lib/python3.10/dist-packages/pid_msgs/msg/__init__.py
[3.756s] -- Up-to-date: /home/rstole01/Documents/CSE-596/msu_ws/install/pid_msgs/local/lib/python3.10/dist-packages/pid_msgs/msg/_pid_input_s.c
[3.757s] -- Up-to-date: /home/rstole01/Documents/CSE-596/msu_ws/install/pid_msgs/local/lib/python3.10/dist-packages/pid_msgs/pid_msgs_s__rosidl_typesupport_c.cpython-310-x86_64-linux-gnu.so
[3.757s] -- Up-to-date: /home/rstole01/Documents/CSE-596/msu_ws/install/pid_msgs/local/lib/python3.10/dist-packages/pid_msgs/_pid_msgs_s.ep.rosidl_typesupport_introspection_c.c
[3.759s] -- Up-to-date: /home/rstole01/Documents/CSE-596/msu_ws/install/pid_msgs/local/lib/python3.10/dist-packages/pid_msgs/libpid_msgs__rosidl_generator_py.so
[3.762s] -- Up-to-date: /home/rstole01/Documents/CSE-596/msu_ws/install/pid_msgs/local/lib/python3.10/dist-packages/pid_msgs/_pid_msgs_s.ep.rosidl_typesupport_fastrtps_c.c
[3.854s] Listing '/home/rstole01/Documents/CSE-596/msu_ws/install/pid_msgs/local/lib/python3.10/dist-packages/pid_msgs'...
[3.854s] Listing '/home/rstole01/Documents/CSE-596/msu_ws/install/pid_msgs/local/lib/python3.10/dist-packages/pid_msgs/msg'...
[3.860s] -- Up-to-date: /home/rstole01/Documents/CSE-596/msu_ws/install/pid_msgs/local/lib/python3.10/dist-packages/pid_msgs/pid_msgs_s__rosidl_typesupport_fastrtps_c.cpython-310-x86_64-linux-gnu.so
[3.861s] -- Up-to-date: /home/rstole01/Documents/CSE-596/msu_ws/install/pid_msgs/local/lib/python3.10/dist-packages/pid_msgs/pid_msgs_s__rosidl_typesupport_introspection_c.cpython-310-x86_64-linux-gnu.so
[3.863s] -- Up-to-date: /home/rstole01/Documents/CSE-596/msu_ws/install/pid_msgs/local/lib/python3.10/dist-packages/pid_msgs/pid_msgs_s__rosidl_typesupport_c.cpython-310-x86_64-linux-gnu.so
[3.864s] -- Up-to-date: /home/rstole01/Documents/CSE-596/msu_ws/install/pid_msgs/lib/libpid_msgs__rosidl_generator_py.so
[3.865s] -- Up-to-date: /home/rstole01/Documents/CSE-596/msu_ws/install/pid_msgs/share/pid_msgs/msg/PIDInput.idl
[3.866s] -- Up-to-date: /home/rstole01/Documents/CSE-596/msu_ws/install/pid_msgs/share/pid_msgs/msg/PIDInput.msg
[3.866s] -- Up-to-date: /home/rstole01/Documents/CSE-596/msu_ws/install/pid_msgs/share/ament_index/resource_index/package_run_dependencies/pid_msgs
[3.867s] -- Up-to-date: /home/rstole01/Documents/CSE-596/msu_ws/install/pid_msgs/share/ament_index/resource_index/parent_prefix_path/pid_msgs
[3.874s] -- Up-to-date: /home/rstole01/Documents/CSE-596/msu_ws/install/pid_msgs/share/pid_msgs/environment/ament_prefix_path.sh
[3.875s] -- Up-to-date: /home/rstole01/Documents/CSE-596/msu_ws/install/pid_msgs/share/pid_msgs/environment/ament_prefix_path.dsv
[3.875s] -- Up-to-date: /home/rstole01/Documents/CSE-596/msu_ws/install/pid_msgs/share/pid_msgs/environment/path.sh
[3.875s] -- Up-to-date: /home/rstole01/Documents/CSE-596/msu_ws/install/pid_msgs/share/pid_msgs/environment/path.dsv
[3.875s] -- Up-to-date: /home/rstole01/Documents/CSE-596/msu_ws/install/pid_msgs/share/pid_msgs/local_setup.bash
[3.876s] -- Up-to-date: /home/rstole01/Documents/CSE-596/msu_ws/install/pid_msgs/share/pid_msgs/local_setup.sh
[3.876s] -- Up-to-date: /home/rstole01/Documents/CSE-596/msu_ws/install/pid_msgs/share/pid_msgs/local_setup.zsh
[3.876s] -- Up-to-date: /home/rstole01/Documents/CSE-596/msu_ws/install/pid_msgs/share/pid_msgs/local_setup.dsv
[3.877s] -- Installing: /home/rstole01/Documents/CSE-596/msu_ws/install/pid_msgs/share/pid_msgs/package.dsv
[3.877s] -- Up-to-date: /home/rstole01/Documents/CSE-596/msu_ws/install/pid_msgs/share/ament_index/resource_index/packages/pid_msgs
[3.881s] -- Up-to-date: /home/rstole01/Documents/CSE-596/msu_ws/install/pid_msgs/share/pid_msgs/cmake/export_pid_msgs__rosidl_generator_cExport.cmake
[3.881s] -- Up-to-date: /home/rstole01/Documents/CSE-596/msu_ws/install/pid_msgs/share/pid_msgs/cmake/export_pid_msgs__rosidl_generator_cExport-noconfig.cmake
[3.881s] -- Up-to-date: /home/rstole01/Documents/CSE-596/msu_ws/install/pid_msgs/share/pid_msgs/cmake/export_pid_msgs__rosidl_typesupport_fastrtps_cExport.cmake
[3.882s] -- Up-to-date: /home/rstole01/Documents/CSE-596/msu_ws/install/pid_msgs/share/pid_msgs/cmake/export_pid_msgs__rosidl_typesupport_fastrtps_cExport-noconfig.cmake
[3.891s] -- Up-to-date: /home/rstole01/Documents/CSE-596/msu_ws/install/pid_msgs/share/pid_msgs/cmake/pid_msgs__rosidl_typesupport_introspection_cExport.cmake
[3.892s] -- Up-to-date: /home/rstole01/Documents/CSE-596/msu_ws/install/pid_msgs/share/pid_msgs/cmake/pid_msgs__rosidl_typesupport_introspection_cExport-noconfig.cmake
[3.892s] -- Up-to-date: /home/rstole01/Documents/CSE-596/msu_ws/install/pid_msgs/share/pid_msgs/cmake/pid_msgs__rosidl_typesupport_cExport.cmake
[3.896s] -- Up-to-date: /home/rstole01/Documents/CSE-596/msu_ws/install/pid_msgs/share/pid_msgs/cmake/pid_msgs__rosidl_typesupport_cExport-noconfig.cmake
[3.904s] -- Up-to-date: /home/rstole01/Documents/CSE-596/msu_ws/install/pid_msgs/share/pid_msgs/cmake/export_pid_msgs__rosidl_generator_cppExport.cmake
[3.905s] -- Up-to-date: /home/rstole01/Documents/CSE-596/msu_ws/install/pid_msgs/share/pid_msgs/cmake/export_pid_msgs__rosidl_typesupport_fastrtps_cppExport.cmake
[3.906s] -- Up-to-date: /home/rstole01/Documents/CSE-596/msu_ws/install/pid_msgs/share/pid_msgs/cmake/export_pid_msgs__rosidl_typesupport_fastrtps_cppExport-noconfig.cmake
[3.906s] -- Up-to-date: /home/rstole01/Documents/CSE-596/msu_ws/install/pid_msgs/share/pid_msgs/cmake/pid_msgs__rosidl_typesupport_introspection_cppExport.cmake
[3.906s] -- Up-to-date: /home/rstole01/Documents/CSE-596/msu_ws/install/pid_msgs/share/pid_msgs/cmake/pid_msgs__rosidl_typesupport_introspection_cppExport-noconfig.cmake
[3.911s] -- Up-to-date: /home/rstole01/Documents/CSE-596/msu_ws/install/pid_msgs/share/pid_msgs/cmake/pid_msgs__rosidl_typesupport_cppExport.cmake
[3.911s] -- Up-to-date: /home/rstole01/Documents/CSE-596/msu_ws/install/pid_msgs/share/pid_msgs/cmake/pid_msgs__rosidl_typesupport_cppExport-noconfig.cmake
[3.911s] -- Up-to-date: /home/rstole01/Documents/CSE-596/msu_ws/install/pid_msgs/share/pid_msgs/cmake/export_pid_msgs__rosidl_generator_pyExport.cmake
[3.912s] -- Up-to-date: /home/rstole01/Documents/CSE-596/msu_ws/install/pid_msgs/share/pid_msgs/cmake/export_pid_msgs__rosidl_generator_pyExport-noconfig.cmake
[3.912s] -- Up-to-date: /home/rstole01/Documents/CSE-596/msu_ws/install/pid_msgs/share/pid_msgs/cmake/rosidl_cmake-extras.cmake
[3.912s] -- Up-to-date: /home/rstole01/Documents/CSE-596/msu_ws/install/pid_msgs/share/pid_msgs/cmake/ament_cmake_export_dependencies-extras.cmake
[3.912s] -- Up-to-date: /home/rstole01/Documents/CSE-596/msu_ws/install/pid_msgs/share/pid_msgs/cmake/ament_cmake_export_include_directories-extras.cmake
[3.912s] -- Up-to-date: /home/rstole01/Documents/CSE-596/msu_ws/install/pid_msgs/share/pid_msgs/cmake/ament_cmake_export_libraries-extras.cmake
[3.913s] -- Up-to-date: /home/rstole01/Documents/CSE-596/msu_ws/install/pid_msgs/share/pid_msgs/cmake/ament_cmake_export_targets-extras.cmake
[3.913s] -- Up-to-date: /home/rstole01/Documents/CSE-596/msu_ws/install/pid_msgs/share/pid_msgs/cmake/rosidl_cmake_export_typesupport_targets-extras.cmake
[3.913s] -- Up-to-date: /home/rstole01/Documents/CSE-596/msu_ws/install/pid_msgs/share/pid_msgs/cmake/rosidl_cmake_export_typesupport_libraries-extras.cmake
[3.913s] -- Up-to-date: /home/rstole01/Documents/CSE-596/msu_ws/install/pid_msgs/share/pid_msgs/cmake/pid_msgsConfig.cmake
[3.914s] -- Up-to-date: /home/rstole01/Documents/CSE-596/msu_ws/install/pid_msgs/share/pid_msgs/cmake/pid_msgsConfig-version.cmake
[3.914s] -- Up-to-date: /home/rstole01/Documents/CSE-596/msu_ws/install/pid_msgs/share/pid_msgs/package.xml
[4.457s] Invoked command in '/home/rstole01/Documents/CSE-596/msu_ws/build/pid_msgs' returned '0': CMAKE_PREFIX_PATH=${CMAKE_PREFIX_PATH}:/home/rstole01/Documents/CSE-596/msu_ws/install/waypoint_writer:/home/rstole01/Documents/CSE-596/msu_ws/install/waypoint_follow:/home/rstole01/Documents/CSE-596/msu_ws/install/wall_follower_pid:/home/rstole01/Documents/CSE-596/msu_ws/install/qlearn:/home/rstole01/Documents/CSE-596/msu_ws/install/py_pubsub:/home/rstole01/Documents/CSE-596/msu_ws/install/plexer360:/home/rstole01/Documents/CSE-596/msu_ws/install/painter:/home/rstole01/Documents/CSE-596/msu_ws/install/f1tenth_gym_ros:/opt/ros/humble /usr/bin/cmake --install /home/rstole01/Documents/CSE-596/msu_ws/build/pid_msgs
