[0.424s] Invoking command in '/home/rstole01/Documents/CSE-596/humble_ws/build/tutorial_interfaces': CMAKE_PREFIX_PATH=/opt/ros/humble /usr/bin/cmake --build /home/rstole01/Documents/CSE-596/humble_ws/build/tutorial_interfaces -- -j8 -l8
[1.598s] [  1%] Built target tutorial_interfaces__cpp
[1.598s] [ 12%] Built target tutorial_interfaces__rosidl_generator_c
[1.598s] [ 12%] Built target ament_cmake_python_copy_tutorial_interfaces
[1.598s] [ 23%] Built target tutorial_interfaces__rosidl_typesupport_cpp
[1.598s] [ 34%] Built target tutorial_interfaces__rosidl_typesupport_c
[1.598s] [ 45%] Built target tutorial_interfaces__rosidl_typesupport_fastrtps_cpp
[1.598s] [ 56%] Built target tutorial_interfaces__rosidl_typesupport_introspection_c
[1.599s] [ 67%] Built target tutorial_interfaces__rosidl_typesupport_introspection_cpp
[1.599s] [ 78%] Built target tutorial_interfaces__rosidl_typesupport_fastrtps_c
[1.599s] [ 78%] Built target tutorial_interfaces
[1.599s] [ 80%] Built target tutorial_interfaces__py
[1.599s] [ 89%] Built target tutorial_interfaces__rosidl_generator_py
[1.599s] [ 92%] Built target tutorial_interfaces__rosidl_typesupport_fastrtps_c__pyext
[1.599s] [ 96%] Built target tutorial_interfaces__rosidl_typesupport_introspection_c__pyext
[1.599s] [100%] Built target tutorial_interfaces__rosidl_typesupport_c__pyext
[1.599s] running egg_info
[1.599s] writing tutorial_interfaces.egg-info/PKG-INFO
[1.599s] writing dependency_links to tutorial_interfaces.egg-info/dependency_links.txt
[1.600s] writing top-level names to tutorial_interfaces.egg-info/top_level.txt
[1.600s] reading manifest file 'tutorial_interfaces.egg-info/SOURCES.txt'
[1.600s] writing manifest file 'tutorial_interfaces.egg-info/SOURCES.txt'
[1.600s] [100%] Built target ament_cmake_python_build_tutorial_interfaces_egg
[1.625s] Invoked command in '/home/rstole01/Documents/CSE-596/humble_ws/build/tutorial_interfaces' returned '0': CMAKE_PREFIX_PATH=/opt/ros/humble /usr/bin/cmake --build /home/rstole01/Documents/CSE-596/humble_ws/build/tutorial_interfaces -- -j8 -l8
[1.905s] Invoking command in '/home/rstole01/Documents/CSE-596/humble_ws/build/tutorial_interfaces': CMAKE_PREFIX_PATH=/opt/ros/humble /usr/bin/cmake --install /home/rstole01/Documents/CSE-596/humble_ws/build/tutorial_interfaces
[1.920s] -- Install configuration: ""
[1.923s] -- Up-to-date: /home/rstole01/Documents/CSE-596/humble_ws/install/tutorial_interfaces/share/ament_index/resource_index/rosidl_interfaces/tutorial_interfaces
[1.926s] -- Up-to-date: /home/rstole01/Documents/CSE-596/humble_ws/install/tutorial_interfaces/include/tutorial_interfaces/tutorial_interfaces
[1.927s] -- Up-to-date: /home/rstole01/Documents/CSE-596/humble_ws/install/tutorial_interfaces/include/tutorial_interfaces/tutorial_interfaces/srv
[1.927s] -- Up-to-date: /home/rstole01/Documents/CSE-596/humble_ws/install/tutorial_interfaces/include/tutorial_interfaces/tutorial_interfaces/srv/add_three_ints.h
[1.929s] -- Up-to-date: /home/rstole01/Documents/CSE-596/humble_ws/install/tutorial_interfaces/include/tutorial_interfaces/tutorial_interfaces/srv/detail
[1.930s] -- Up-to-date: /home/rstole01/Documents/CSE-596/humble_ws/install/tutorial_interfaces/include/tutorial_interfaces/tutorial_interfaces/srv/detail/add_three_ints__struct.h
[1.930s] -- Up-to-date: /home/rstole01/Documents/CSE-596/humble_ws/install/tutorial_interfaces/include/tutorial_interfaces/tutorial_interfaces/srv/detail/add_three_ints__type_support.h
[1.930s] -- Up-to-date: /home/rstole01/Documents/CSE-596/humble_ws/install/tutorial_interfaces/include/tutorial_interfaces/tutorial_interfaces/srv/detail/add_three_ints__functions.h
[1.931s] -- Up-to-date: /home/rstole01/Documents/CSE-596/humble_ws/install/tutorial_interfaces/include/tutorial_interfaces/tutorial_interfaces/srv/detail/add_three_ints__functions.c
[1.931s] -- Up-to-date: /home/rstole01/Documents/CSE-596/humble_ws/install/tutorial_interfaces/include/tutorial_interfaces/tutorial_interfaces/msg
[1.931s] -- Up-to-date: /home/rstole01/Documents/CSE-596/humble_ws/install/tutorial_interfaces/include/tutorial_interfaces/tutorial_interfaces/msg/scan_range.h
[1.931s] -- Up-to-date: /home/rstole01/Documents/CSE-596/humble_ws/install/tutorial_interfaces/include/tutorial_interfaces/tutorial_interfaces/msg/rosidl_generator_c__visibility_control.h
[1.932s] -- Up-to-date: /home/rstole01/Documents/CSE-596/humble_ws/install/tutorial_interfaces/include/tutorial_interfaces/tutorial_interfaces/msg/sphere.h
[1.932s] -- Up-to-date: /home/rstole01/Documents/CSE-596/humble_ws/install/tutorial_interfaces/include/tutorial_interfaces/tutorial_interfaces/msg/detail
[1.932s] -- Up-to-date: /home/rstole01/Documents/CSE-596/humble_ws/install/tutorial_interfaces/include/tutorial_interfaces/tutorial_interfaces/msg/detail/scan_range__functions.c
[1.932s] -- Up-to-date: /home/rstole01/Documents/CSE-596/humble_ws/install/tutorial_interfaces/include/tutorial_interfaces/tutorial_interfaces/msg/detail/num__type_support.h
[1.932s] -- Up-to-date: /home/rstole01/Documents/CSE-596/humble_ws/install/tutorial_interfaces/include/tutorial_interfaces/tutorial_interfaces/msg/detail/scan_range__type_support.h
[1.937s] -- Up-to-date: /home/rstole01/Documents/CSE-596/humble_ws/install/tutorial_interfaces/include/tutorial_interfaces/tutorial_interfaces/msg/detail/sphere__functions.c
[1.938s] -- Up-to-date: /home/rstole01/Documents/CSE-596/humble_ws/install/tutorial_interfaces/include/tutorial_interfaces/tutorial_interfaces/msg/detail/num__functions.c
[1.938s] -- Up-to-date: /home/rstole01/Documents/CSE-596/humble_ws/install/tutorial_interfaces/include/tutorial_interfaces/tutorial_interfaces/msg/detail/scan_range__struct.h
[1.938s] -- Up-to-date: /home/rstole01/Documents/CSE-596/humble_ws/install/tutorial_interfaces/include/tutorial_interfaces/tutorial_interfaces/msg/detail/num__functions.h
[1.938s] -- Up-to-date: /home/rstole01/Documents/CSE-596/humble_ws/install/tutorial_interfaces/include/tutorial_interfaces/tutorial_interfaces/msg/detail/scan_range__functions.h
[1.938s] -- Up-to-date: /home/rstole01/Documents/CSE-596/humble_ws/install/tutorial_interfaces/include/tutorial_interfaces/tutorial_interfaces/msg/detail/sphere__functions.h
[1.939s] -- Up-to-date: /home/rstole01/Documents/CSE-596/humble_ws/install/tutorial_interfaces/include/tutorial_interfaces/tutorial_interfaces/msg/detail/sphere__struct.h
[1.939s] -- Up-to-date: /home/rstole01/Documents/CSE-596/humble_ws/install/tutorial_interfaces/include/tutorial_interfaces/tutorial_interfaces/msg/detail/num__struct.h
[1.940s] -- Up-to-date: /home/rstole01/Documents/CSE-596/humble_ws/install/tutorial_interfaces/include/tutorial_interfaces/tutorial_interfaces/msg/detail/sphere__type_support.h
[1.941s] -- Up-to-date: /home/rstole01/Documents/CSE-596/humble_ws/install/tutorial_interfaces/include/tutorial_interfaces/tutorial_interfaces/msg/num.h
[1.941s] -- Up-to-date: /home/rstole01/Documents/CSE-596/humble_ws/install/tutorial_interfaces/share/tutorial_interfaces/environment/library_path.sh
[1.942s] -- Up-to-date: /home/rstole01/Documents/CSE-596/humble_ws/install/tutorial_interfaces/share/tutorial_interfaces/environment/library_path.dsv
[1.943s] -- Up-to-date: /home/rstole01/Documents/CSE-596/humble_ws/install/tutorial_interfaces/lib/libtutorial_interfaces__rosidl_generator_c.so
[1.943s] -- Up-to-date: /home/rstole01/Documents/CSE-596/humble_ws/install/tutorial_interfaces/include/tutorial_interfaces/tutorial_interfaces
[1.943s] -- Up-to-date: /home/rstole01/Documents/CSE-596/humble_ws/install/tutorial_interfaces/include/tutorial_interfaces/tutorial_interfaces/srv
[1.944s] -- Up-to-date: /home/rstole01/Documents/CSE-596/humble_ws/install/tutorial_interfaces/include/tutorial_interfaces/tutorial_interfaces/srv/detail
[1.945s] -- Up-to-date: /home/rstole01/Documents/CSE-596/humble_ws/install/tutorial_interfaces/include/tutorial_interfaces/tutorial_interfaces/srv/detail/add_three_ints__rosidl_typesupport_fastrtps_c.h
[1.945s] -- Up-to-date: /home/rstole01/Documents/CSE-596/humble_ws/install/tutorial_interfaces/include/tutorial_interfaces/tutorial_interfaces/msg
[1.945s] -- Up-to-date: /home/rstole01/Documents/CSE-596/humble_ws/install/tutorial_interfaces/include/tutorial_interfaces/tutorial_interfaces/msg/rosidl_typesupport_fastrtps_c__visibility_control.h
[1.946s] -- Up-to-date: /home/rstole01/Documents/CSE-596/humble_ws/install/tutorial_interfaces/include/tutorial_interfaces/tutorial_interfaces/msg/detail
[1.947s] -- Up-to-date: /home/rstole01/Documents/CSE-596/humble_ws/install/tutorial_interfaces/include/tutorial_interfaces/tutorial_interfaces/msg/detail/sphere__rosidl_typesupport_fastrtps_c.h
[1.948s] -- Up-to-date: /home/rstole01/Documents/CSE-596/humble_ws/install/tutorial_interfaces/include/tutorial_interfaces/tutorial_interfaces/msg/detail/num__rosidl_typesupport_fastrtps_c.h
[1.948s] -- Up-to-date: /home/rstole01/Documents/CSE-596/humble_ws/install/tutorial_interfaces/include/tutorial_interfaces/tutorial_interfaces/msg/detail/scan_range__rosidl_typesupport_fastrtps_c.h
[1.960s] -- Up-to-date: /home/rstole01/Documents/CSE-596/humble_ws/install/tutorial_interfaces/lib/libtutorial_interfaces__rosidl_typesupport_fastrtps_c.so
[1.960s] -- Up-to-date: /home/rstole01/Documents/CSE-596/humble_ws/install/tutorial_interfaces/include/tutorial_interfaces/tutorial_interfaces
[1.960s] -- Up-to-date: /home/rstole01/Documents/CSE-596/humble_ws/install/tutorial_interfaces/include/tutorial_interfaces/tutorial_interfaces/srv
[1.960s] -- Up-to-date: /home/rstole01/Documents/CSE-596/humble_ws/install/tutorial_interfaces/include/tutorial_interfaces/tutorial_interfaces/srv/detail
[1.961s] -- Up-to-date: /home/rstole01/Documents/CSE-596/humble_ws/install/tutorial_interfaces/include/tutorial_interfaces/tutorial_interfaces/srv/detail/add_three_ints__struct.hpp
[1.967s] -- Up-to-date: /home/rstole01/Documents/CSE-596/humble_ws/install/tutorial_interfaces/include/tutorial_interfaces/tutorial_interfaces/srv/detail/add_three_ints__builder.hpp
[1.968s] -- Up-to-date: /home/rstole01/Documents/CSE-596/humble_ws/install/tutorial_interfaces/include/tutorial_interfaces/tutorial_interfaces/srv/detail/add_three_ints__traits.hpp
[1.968s] -- Up-to-date: /home/rstole01/Documents/CSE-596/humble_ws/install/tutorial_interfaces/include/tutorial_interfaces/tutorial_interfaces/srv/add_three_ints.hpp
[1.968s] -- Up-to-date: /home/rstole01/Documents/CSE-596/humble_ws/install/tutorial_interfaces/include/tutorial_interfaces/tutorial_interfaces/msg
[1.968s] -- Up-to-date: /home/rstole01/Documents/CSE-596/humble_ws/install/tutorial_interfaces/include/tutorial_interfaces/tutorial_interfaces/msg/scan_range.hpp
[1.968s] -- Up-to-date: /home/rstole01/Documents/CSE-596/humble_ws/install/tutorial_interfaces/include/tutorial_interfaces/tutorial_interfaces/msg/sphere.hpp
[1.969s] -- Up-to-date: /home/rstole01/Documents/CSE-596/humble_ws/install/tutorial_interfaces/include/tutorial_interfaces/tutorial_interfaces/msg/detail
[1.969s] -- Up-to-date: /home/rstole01/Documents/CSE-596/humble_ws/install/tutorial_interfaces/include/tutorial_interfaces/tutorial_interfaces/msg/detail/scan_range__struct.hpp
[1.969s] -- Up-to-date: /home/rstole01/Documents/CSE-596/humble_ws/install/tutorial_interfaces/include/tutorial_interfaces/tutorial_interfaces/msg/detail/sphere__traits.hpp
[1.969s] -- Up-to-date: /home/rstole01/Documents/CSE-596/humble_ws/install/tutorial_interfaces/include/tutorial_interfaces/tutorial_interfaces/msg/detail/num__traits.hpp
[1.969s] -- Up-to-date: /home/rstole01/Documents/CSE-596/humble_ws/install/tutorial_interfaces/include/tutorial_interfaces/tutorial_interfaces/msg/detail/num__struct.hpp
[1.969s] -- Up-to-date: /home/rstole01/Documents/CSE-596/humble_ws/install/tutorial_interfaces/include/tutorial_interfaces/tutorial_interfaces/msg/detail/sphere__builder.hpp
[1.970s] -- Up-to-date: /home/rstole01/Documents/CSE-596/humble_ws/install/tutorial_interfaces/include/tutorial_interfaces/tutorial_interfaces/msg/detail/num__builder.hpp
[1.970s] -- Up-to-date: /home/rstole01/Documents/CSE-596/humble_ws/install/tutorial_interfaces/include/tutorial_interfaces/tutorial_interfaces/msg/detail/scan_range__traits.hpp
[1.970s] -- Up-to-date: /home/rstole01/Documents/CSE-596/humble_ws/install/tutorial_interfaces/include/tutorial_interfaces/tutorial_interfaces/msg/detail/sphere__struct.hpp
[1.970s] -- Up-to-date: /home/rstole01/Documents/CSE-596/humble_ws/install/tutorial_interfaces/include/tutorial_interfaces/tutorial_interfaces/msg/detail/scan_range__builder.hpp
[1.970s] -- Up-to-date: /home/rstole01/Documents/CSE-596/humble_ws/install/tutorial_interfaces/include/tutorial_interfaces/tutorial_interfaces/msg/num.hpp
[1.971s] -- Up-to-date: /home/rstole01/Documents/CSE-596/humble_ws/install/tutorial_interfaces/include/tutorial_interfaces/tutorial_interfaces
[1.971s] -- Up-to-date: /home/rstole01/Documents/CSE-596/humble_ws/install/tutorial_interfaces/include/tutorial_interfaces/tutorial_interfaces/srv
[1.971s] -- Up-to-date: /home/rstole01/Documents/CSE-596/humble_ws/install/tutorial_interfaces/include/tutorial_interfaces/tutorial_interfaces/srv/detail
[1.971s] -- Up-to-date: /home/rstole01/Documents/CSE-596/humble_ws/install/tutorial_interfaces/include/tutorial_interfaces/tutorial_interfaces/srv/detail/add_three_ints__rosidl_typesupport_fastrtps_cpp.hpp
[1.972s] -- Up-to-date: /home/rstole01/Documents/CSE-596/humble_ws/install/tutorial_interfaces/include/tutorial_interfaces/tutorial_interfaces/srv/detail/dds_fastrtps
[1.972s] -- Up-to-date: /home/rstole01/Documents/CSE-596/humble_ws/install/tutorial_interfaces/include/tutorial_interfaces/tutorial_interfaces/msg
[1.972s] -- Up-to-date: /home/rstole01/Documents/CSE-596/humble_ws/install/tutorial_interfaces/include/tutorial_interfaces/tutorial_interfaces/msg/detail
[1.972s] -- Up-to-date: /home/rstole01/Documents/CSE-596/humble_ws/install/tutorial_interfaces/include/tutorial_interfaces/tutorial_interfaces/msg/detail/scan_range__rosidl_typesupport_fastrtps_cpp.hpp
[1.972s] -- Up-to-date: /home/rstole01/Documents/CSE-596/humble_ws/install/tutorial_interfaces/include/tutorial_interfaces/tutorial_interfaces/msg/detail/num__rosidl_typesupport_fastrtps_cpp.hpp
[1.972s] -- Up-to-date: /home/rstole01/Documents/CSE-596/humble_ws/install/tutorial_interfaces/include/tutorial_interfaces/tutorial_interfaces/msg/detail/sphere__rosidl_typesupport_fastrtps_cpp.hpp
[1.973s] -- Up-to-date: /home/rstole01/Documents/CSE-596/humble_ws/install/tutorial_interfaces/include/tutorial_interfaces/tutorial_interfaces/msg/detail/dds_fastrtps
[1.973s] -- Up-to-date: /home/rstole01/Documents/CSE-596/humble_ws/install/tutorial_interfaces/include/tutorial_interfaces/tutorial_interfaces/msg/rosidl_typesupport_fastrtps_cpp__visibility_control.h
[1.975s] -- Up-to-date: /home/rstole01/Documents/CSE-596/humble_ws/install/tutorial_interfaces/lib/libtutorial_interfaces__rosidl_typesupport_fastrtps_cpp.so
[1.975s] -- Up-to-date: /home/rstole01/Documents/CSE-596/humble_ws/install/tutorial_interfaces/include/tutorial_interfaces/tutorial_interfaces
[1.975s] -- Up-to-date: /home/rstole01/Documents/CSE-596/humble_ws/install/tutorial_interfaces/include/tutorial_interfaces/tutorial_interfaces/srv
[1.976s] -- Up-to-date: /home/rstole01/Documents/CSE-596/humble_ws/install/tutorial_interfaces/include/tutorial_interfaces/tutorial_interfaces/srv/detail
[1.976s] -- Up-to-date: /home/rstole01/Documents/CSE-596/humble_ws/install/tutorial_interfaces/include/tutorial_interfaces/tutorial_interfaces/srv/detail/add_three_ints__type_support.c
[1.976s] -- Up-to-date: /home/rstole01/Documents/CSE-596/humble_ws/install/tutorial_interfaces/include/tutorial_interfaces/tutorial_interfaces/srv/detail/add_three_ints__rosidl_typesupport_introspection_c.h
[1.976s] -- Up-to-date: /home/rstole01/Documents/CSE-596/humble_ws/install/tutorial_interfaces/include/tutorial_interfaces/tutorial_interfaces/msg
[1.976s] -- Up-to-date: /home/rstole01/Documents/CSE-596/humble_ws/install/tutorial_interfaces/include/tutorial_interfaces/tutorial_interfaces/msg/rosidl_typesupport_introspection_c__visibility_control.h
[1.977s] -- Up-to-date: /home/rstole01/Documents/CSE-596/humble_ws/install/tutorial_interfaces/include/tutorial_interfaces/tutorial_interfaces/msg/detail
[1.977s] -- Up-to-date: /home/rstole01/Documents/CSE-596/humble_ws/install/tutorial_interfaces/include/tutorial_interfaces/tutorial_interfaces/msg/detail/scan_range__type_support.c
[1.977s] -- Up-to-date: /home/rstole01/Documents/CSE-596/humble_ws/install/tutorial_interfaces/include/tutorial_interfaces/tutorial_interfaces/msg/detail/num__type_support.c
[1.977s] -- Up-to-date: /home/rstole01/Documents/CSE-596/humble_ws/install/tutorial_interfaces/include/tutorial_interfaces/tutorial_interfaces/msg/detail/num__rosidl_typesupport_introspection_c.h
[1.977s] -- Up-to-date: /home/rstole01/Documents/CSE-596/humble_ws/install/tutorial_interfaces/include/tutorial_interfaces/tutorial_interfaces/msg/detail/scan_range__rosidl_typesupport_introspection_c.h
[1.978s] -- Up-to-date: /home/rstole01/Documents/CSE-596/humble_ws/install/tutorial_interfaces/include/tutorial_interfaces/tutorial_interfaces/msg/detail/sphere__type_support.c
[1.978s] -- Up-to-date: /home/rstole01/Documents/CSE-596/humble_ws/install/tutorial_interfaces/include/tutorial_interfaces/tutorial_interfaces/msg/detail/sphere__rosidl_typesupport_introspection_c.h
[1.978s] -- Up-to-date: /home/rstole01/Documents/CSE-596/humble_ws/install/tutorial_interfaces/lib/libtutorial_interfaces__rosidl_typesupport_introspection_c.so
[1.978s] -- Up-to-date: /home/rstole01/Documents/CSE-596/humble_ws/install/tutorial_interfaces/lib/libtutorial_interfaces__rosidl_typesupport_c.so
[1.980s] -- Up-to-date: /home/rstole01/Documents/CSE-596/humble_ws/install/tutorial_interfaces/include/tutorial_interfaces/tutorial_interfaces
[1.981s] -- Up-to-date: /home/rstole01/Documents/CSE-596/humble_ws/install/tutorial_interfaces/include/tutorial_interfaces/tutorial_interfaces/srv
[1.981s] -- Up-to-date: /home/rstole01/Documents/CSE-596/humble_ws/install/tutorial_interfaces/include/tutorial_interfaces/tutorial_interfaces/srv/detail
[1.981s] -- Up-to-date: /home/rstole01/Documents/CSE-596/humble_ws/install/tutorial_interfaces/include/tutorial_interfaces/tutorial_interfaces/srv/detail/add_three_ints__rosidl_typesupport_introspection_cpp.hpp
[1.981s] -- Up-to-date: /home/rstole01/Documents/CSE-596/humble_ws/install/tutorial_interfaces/include/tutorial_interfaces/tutorial_interfaces/srv/detail/add_three_ints__type_support.cpp
[1.981s] -- Up-to-date: /home/rstole01/Documents/CSE-596/humble_ws/install/tutorial_interfaces/include/tutorial_interfaces/tutorial_interfaces/msg
[1.981s] -- Up-to-date: /home/rstole01/Documents/CSE-596/humble_ws/install/tutorial_interfaces/include/tutorial_interfaces/tutorial_interfaces/msg/detail
[1.982s] -- Up-to-date: /home/rstole01/Documents/CSE-596/humble_ws/install/tutorial_interfaces/include/tutorial_interfaces/tutorial_interfaces/msg/detail/scan_range__rosidl_typesupport_introspection_cpp.hpp
[1.982s] -- Up-to-date: /home/rstole01/Documents/CSE-596/humble_ws/install/tutorial_interfaces/include/tutorial_interfaces/tutorial_interfaces/msg/detail/sphere__rosidl_typesupport_introspection_cpp.hpp
[1.982s] -- Up-to-date: /home/rstole01/Documents/CSE-596/humble_ws/install/tutorial_interfaces/include/tutorial_interfaces/tutorial_interfaces/msg/detail/sphere__type_support.cpp
[1.982s] -- Up-to-date: /home/rstole01/Documents/CSE-596/humble_ws/install/tutorial_interfaces/include/tutorial_interfaces/tutorial_interfaces/msg/detail/num__type_support.cpp
[1.982s] -- Up-to-date: /home/rstole01/Documents/CSE-596/humble_ws/install/tutorial_interfaces/include/tutorial_interfaces/tutorial_interfaces/msg/detail/num__rosidl_typesupport_introspection_cpp.hpp
[1.983s] -- Up-to-date: /home/rstole01/Documents/CSE-596/humble_ws/install/tutorial_interfaces/include/tutorial_interfaces/tutorial_interfaces/msg/detail/scan_range__type_support.cpp
[1.983s] -- Up-to-date: /home/rstole01/Documents/CSE-596/humble_ws/install/tutorial_interfaces/lib/libtutorial_interfaces__rosidl_typesupport_introspection_cpp.so
[1.985s] -- Up-to-date: /home/rstole01/Documents/CSE-596/humble_ws/install/tutorial_interfaces/lib/libtutorial_interfaces__rosidl_typesupport_cpp.so
[1.990s] -- Up-to-date: /home/rstole01/Documents/CSE-596/humble_ws/install/tutorial_interfaces/share/tutorial_interfaces/environment/pythonpath.sh
[1.990s] -- Up-to-date: /home/rstole01/Documents/CSE-596/humble_ws/install/tutorial_interfaces/share/tutorial_interfaces/environment/pythonpath.dsv
[1.991s] -- Up-to-date: /home/rstole01/Documents/CSE-596/humble_ws/install/tutorial_interfaces/local/lib/python3.10/dist-packages/tutorial_interfaces-0.0.0-py3.10.egg-info
[1.991s] -- Installing: /home/rstole01/Documents/CSE-596/humble_ws/install/tutorial_interfaces/local/lib/python3.10/dist-packages/tutorial_interfaces-0.0.0-py3.10.egg-info/top_level.txt
[1.991s] -- Installing: /home/rstole01/Documents/CSE-596/humble_ws/install/tutorial_interfaces/local/lib/python3.10/dist-packages/tutorial_interfaces-0.0.0-py3.10.egg-info/SOURCES.txt
[1.991s] -- Installing: /home/rstole01/Documents/CSE-596/humble_ws/install/tutorial_interfaces/local/lib/python3.10/dist-packages/tutorial_interfaces-0.0.0-py3.10.egg-info/PKG-INFO
[1.998s] -- Installing: /home/rstole01/Documents/CSE-596/humble_ws/install/tutorial_interfaces/local/lib/python3.10/dist-packages/tutorial_interfaces-0.0.0-py3.10.egg-info/dependency_links.txt
[1.999s] -- Up-to-date: /home/rstole01/Documents/CSE-596/humble_ws/install/tutorial_interfaces/local/lib/python3.10/dist-packages/tutorial_interfaces
[1.999s] -- Up-to-date: /home/rstole01/Documents/CSE-596/humble_ws/install/tutorial_interfaces/local/lib/python3.10/dist-packages/tutorial_interfaces/libtutorial_interfaces__rosidl_generator_py.so
[1.999s] -- Up-to-date: /home/rstole01/Documents/CSE-596/humble_ws/install/tutorial_interfaces/local/lib/python3.10/dist-packages/tutorial_interfaces/_tutorial_interfaces_s.ep.rosidl_typesupport_introspection_c.c
[1.999s] -- Up-to-date: /home/rstole01/Documents/CSE-596/humble_ws/install/tutorial_interfaces/local/lib/python3.10/dist-packages/tutorial_interfaces/srv
[2.000s] -- Up-to-date: /home/rstole01/Documents/CSE-596/humble_ws/install/tutorial_interfaces/local/lib/python3.10/dist-packages/tutorial_interfaces/srv/_add_three_ints.py
[2.000s] -- Up-to-date: /home/rstole01/Documents/CSE-596/humble_ws/install/tutorial_interfaces/local/lib/python3.10/dist-packages/tutorial_interfaces/srv/_add_three_ints_s.c
[2.000s] -- Up-to-date: /home/rstole01/Documents/CSE-596/humble_ws/install/tutorial_interfaces/local/lib/python3.10/dist-packages/tutorial_interfaces/srv/__init__.py
[2.000s] -- Up-to-date: /home/rstole01/Documents/CSE-596/humble_ws/install/tutorial_interfaces/local/lib/python3.10/dist-packages/tutorial_interfaces/_tutorial_interfaces_s.ep.rosidl_typesupport_c.c
[2.000s] -- Up-to-date: /home/rstole01/Documents/CSE-596/humble_ws/install/tutorial_interfaces/local/lib/python3.10/dist-packages/tutorial_interfaces/__init__.py
[2.000s] -- Up-to-date: /home/rstole01/Documents/CSE-596/humble_ws/install/tutorial_interfaces/local/lib/python3.10/dist-packages/tutorial_interfaces/msg
[2.000s] -- Up-to-date: /home/rstole01/Documents/CSE-596/humble_ws/install/tutorial_interfaces/local/lib/python3.10/dist-packages/tutorial_interfaces/msg/_sphere.py
[2.001s] -- Up-to-date: /home/rstole01/Documents/CSE-596/humble_ws/install/tutorial_interfaces/local/lib/python3.10/dist-packages/tutorial_interfaces/msg/_num.py
[2.001s] -- Up-to-date: /home/rstole01/Documents/CSE-596/humble_ws/install/tutorial_interfaces/local/lib/python3.10/dist-packages/tutorial_interfaces/msg/_scan_range.py
[2.001s] -- Up-to-date: /home/rstole01/Documents/CSE-596/humble_ws/install/tutorial_interfaces/local/lib/python3.10/dist-packages/tutorial_interfaces/msg/_sphere_s.c
[2.001s] -- Up-to-date: /home/rstole01/Documents/CSE-596/humble_ws/install/tutorial_interfaces/local/lib/python3.10/dist-packages/tutorial_interfaces/msg/__init__.py
[2.001s] -- Up-to-date: /home/rstole01/Documents/CSE-596/humble_ws/install/tutorial_interfaces/local/lib/python3.10/dist-packages/tutorial_interfaces/msg/_num_s.c
[2.001s] -- Up-to-date: /home/rstole01/Documents/CSE-596/humble_ws/install/tutorial_interfaces/local/lib/python3.10/dist-packages/tutorial_interfaces/msg/_scan_range_s.c
[2.001s] -- Up-to-date: /home/rstole01/Documents/CSE-596/humble_ws/install/tutorial_interfaces/local/lib/python3.10/dist-packages/tutorial_interfaces/tutorial_interfaces_s__rosidl_typesupport_introspection_c.cpython-310-x86_64-linux-gnu.so
[2.022s] -- Up-to-date: /home/rstole01/Documents/CSE-596/humble_ws/install/tutorial_interfaces/local/lib/python3.10/dist-packages/tutorial_interfaces/tutorial_interfaces_s__rosidl_typesupport_c.cpython-310-x86_64-linux-gnu.so
[2.022s] -- Up-to-date: /home/rstole01/Documents/CSE-596/humble_ws/install/tutorial_interfaces/local/lib/python3.10/dist-packages/tutorial_interfaces/tutorial_interfaces_s__rosidl_typesupport_fastrtps_c.cpython-310-x86_64-linux-gnu.so
[2.022s] -- Up-to-date: /home/rstole01/Documents/CSE-596/humble_ws/install/tutorial_interfaces/local/lib/python3.10/dist-packages/tutorial_interfaces/_tutorial_interfaces_s.ep.rosidl_typesupport_fastrtps_c.c
[2.091s] Listing '/home/rstole01/Documents/CSE-596/humble_ws/install/tutorial_interfaces/local/lib/python3.10/dist-packages/tutorial_interfaces'...
[2.091s] Listing '/home/rstole01/Documents/CSE-596/humble_ws/install/tutorial_interfaces/local/lib/python3.10/dist-packages/tutorial_interfaces/msg'...
[2.091s] Listing '/home/rstole01/Documents/CSE-596/humble_ws/install/tutorial_interfaces/local/lib/python3.10/dist-packages/tutorial_interfaces/srv'...
[2.092s] -- Up-to-date: /home/rstole01/Documents/CSE-596/humble_ws/install/tutorial_interfaces/local/lib/python3.10/dist-packages/tutorial_interfaces/tutorial_interfaces_s__rosidl_typesupport_fastrtps_c.cpython-310-x86_64-linux-gnu.so
[2.092s] -- Up-to-date: /home/rstole01/Documents/CSE-596/humble_ws/install/tutorial_interfaces/local/lib/python3.10/dist-packages/tutorial_interfaces/tutorial_interfaces_s__rosidl_typesupport_introspection_c.cpython-310-x86_64-linux-gnu.so
[2.093s] -- Up-to-date: /home/rstole01/Documents/CSE-596/humble_ws/install/tutorial_interfaces/local/lib/python3.10/dist-packages/tutorial_interfaces/tutorial_interfaces_s__rosidl_typesupport_c.cpython-310-x86_64-linux-gnu.so
[2.093s] -- Up-to-date: /home/rstole01/Documents/CSE-596/humble_ws/install/tutorial_interfaces/lib/libtutorial_interfaces__rosidl_generator_py.so
[2.094s] -- Up-to-date: /home/rstole01/Documents/CSE-596/humble_ws/install/tutorial_interfaces/share/tutorial_interfaces/msg/Num.idl
[2.094s] -- Up-to-date: /home/rstole01/Documents/CSE-596/humble_ws/install/tutorial_interfaces/share/tutorial_interfaces/msg/Sphere.idl
[2.095s] -- Up-to-date: /home/rstole01/Documents/CSE-596/humble_ws/install/tutorial_interfaces/share/tutorial_interfaces/srv/AddThreeInts.idl
[2.095s] -- Up-to-date: /home/rstole01/Documents/CSE-596/humble_ws/install/tutorial_interfaces/share/tutorial_interfaces/msg/ScanRange.idl
[2.096s] -- Up-to-date: /home/rstole01/Documents/CSE-596/humble_ws/install/tutorial_interfaces/share/tutorial_interfaces/msg/Num.msg
[2.096s] -- Up-to-date: /home/rstole01/Documents/CSE-596/humble_ws/install/tutorial_interfaces/share/tutorial_interfaces/msg/Sphere.msg
[2.097s] -- Up-to-date: /home/rstole01/Documents/CSE-596/humble_ws/install/tutorial_interfaces/share/tutorial_interfaces/srv/AddThreeInts.srv
[2.098s] -- Up-to-date: /home/rstole01/Documents/CSE-596/humble_ws/install/tutorial_interfaces/share/tutorial_interfaces/srv/AddThreeInts_Request.msg
[2.098s] -- Up-to-date: /home/rstole01/Documents/CSE-596/humble_ws/install/tutorial_interfaces/share/tutorial_interfaces/srv/AddThreeInts_Response.msg
[2.098s] -- Up-to-date: /home/rstole01/Documents/CSE-596/humble_ws/install/tutorial_interfaces/share/tutorial_interfaces/msg/ScanRange.msg
[2.099s] -- Up-to-date: /home/rstole01/Documents/CSE-596/humble_ws/install/tutorial_interfaces/share/ament_index/resource_index/package_run_dependencies/tutorial_interfaces
[2.100s] -- Up-to-date: /home/rstole01/Documents/CSE-596/humble_ws/install/tutorial_interfaces/share/ament_index/resource_index/parent_prefix_path/tutorial_interfaces
[2.101s] -- Up-to-date: /home/rstole01/Documents/CSE-596/humble_ws/install/tutorial_interfaces/share/tutorial_interfaces/environment/ament_prefix_path.sh
[2.102s] -- Up-to-date: /home/rstole01/Documents/CSE-596/humble_ws/install/tutorial_interfaces/share/tutorial_interfaces/environment/ament_prefix_path.dsv
[2.102s] -- Up-to-date: /home/rstole01/Documents/CSE-596/humble_ws/install/tutorial_interfaces/share/tutorial_interfaces/environment/path.sh
[2.103s] -- Up-to-date: /home/rstole01/Documents/CSE-596/humble_ws/install/tutorial_interfaces/share/tutorial_interfaces/environment/path.dsv
[2.103s] -- Up-to-date: /home/rstole01/Documents/CSE-596/humble_ws/install/tutorial_interfaces/share/tutorial_interfaces/local_setup.bash
[2.103s] -- Up-to-date: /home/rstole01/Documents/CSE-596/humble_ws/install/tutorial_interfaces/share/tutorial_interfaces/local_setup.sh
[2.104s] -- Up-to-date: /home/rstole01/Documents/CSE-596/humble_ws/install/tutorial_interfaces/share/tutorial_interfaces/local_setup.zsh
[2.104s] -- Up-to-date: /home/rstole01/Documents/CSE-596/humble_ws/install/tutorial_interfaces/share/tutorial_interfaces/local_setup.dsv
[2.104s] -- Installing: /home/rstole01/Documents/CSE-596/humble_ws/install/tutorial_interfaces/share/tutorial_interfaces/package.dsv
[2.104s] -- Up-to-date: /home/rstole01/Documents/CSE-596/humble_ws/install/tutorial_interfaces/share/ament_index/resource_index/packages/tutorial_interfaces
[2.105s] -- Up-to-date: /home/rstole01/Documents/CSE-596/humble_ws/install/tutorial_interfaces/share/tutorial_interfaces/cmake/export_tutorial_interfaces__rosidl_generator_cExport.cmake
[2.105s] -- Up-to-date: /home/rstole01/Documents/CSE-596/humble_ws/install/tutorial_interfaces/share/tutorial_interfaces/cmake/export_tutorial_interfaces__rosidl_generator_cExport-noconfig.cmake
[2.105s] -- Up-to-date: /home/rstole01/Documents/CSE-596/humble_ws/install/tutorial_interfaces/share/tutorial_interfaces/cmake/export_tutorial_interfaces__rosidl_typesupport_fastrtps_cExport.cmake
[2.106s] -- Up-to-date: /home/rstole01/Documents/CSE-596/humble_ws/install/tutorial_interfaces/share/tutorial_interfaces/cmake/export_tutorial_interfaces__rosidl_typesupport_fastrtps_cExport-noconfig.cmake
[2.106s] -- Up-to-date: /home/rstole01/Documents/CSE-596/humble_ws/install/tutorial_interfaces/share/tutorial_interfaces/cmake/export_tutorial_interfaces__rosidl_generator_cppExport.cmake
[2.106s] -- Up-to-date: /home/rstole01/Documents/CSE-596/humble_ws/install/tutorial_interfaces/share/tutorial_interfaces/cmake/export_tutorial_interfaces__rosidl_typesupport_fastrtps_cppExport.cmake
[2.107s] -- Up-to-date: /home/rstole01/Documents/CSE-596/humble_ws/install/tutorial_interfaces/share/tutorial_interfaces/cmake/export_tutorial_interfaces__rosidl_typesupport_fastrtps_cppExport-noconfig.cmake
[2.107s] -- Up-to-date: /home/rstole01/Documents/CSE-596/humble_ws/install/tutorial_interfaces/share/tutorial_interfaces/cmake/tutorial_interfaces__rosidl_typesupport_introspection_cExport.cmake
[2.107s] -- Up-to-date: /home/rstole01/Documents/CSE-596/humble_ws/install/tutorial_interfaces/share/tutorial_interfaces/cmake/tutorial_interfaces__rosidl_typesupport_introspection_cExport-noconfig.cmake
[2.108s] -- Up-to-date: /home/rstole01/Documents/CSE-596/humble_ws/install/tutorial_interfaces/share/tutorial_interfaces/cmake/tutorial_interfaces__rosidl_typesupport_cExport.cmake
[2.108s] -- Up-to-date: /home/rstole01/Documents/CSE-596/humble_ws/install/tutorial_interfaces/share/tutorial_interfaces/cmake/tutorial_interfaces__rosidl_typesupport_cExport-noconfig.cmake
[2.108s] -- Up-to-date: /home/rstole01/Documents/CSE-596/humble_ws/install/tutorial_interfaces/share/tutorial_interfaces/cmake/tutorial_interfaces__rosidl_typesupport_introspection_cppExport.cmake
[2.109s] -- Up-to-date: /home/rstole01/Documents/CSE-596/humble_ws/install/tutorial_interfaces/share/tutorial_interfaces/cmake/tutorial_interfaces__rosidl_typesupport_introspection_cppExport-noconfig.cmake
[2.109s] -- Up-to-date: /home/rstole01/Documents/CSE-596/humble_ws/install/tutorial_interfaces/share/tutorial_interfaces/cmake/tutorial_interfaces__rosidl_typesupport_cppExport.cmake
[2.109s] -- Up-to-date: /home/rstole01/Documents/CSE-596/humble_ws/install/tutorial_interfaces/share/tutorial_interfaces/cmake/tutorial_interfaces__rosidl_typesupport_cppExport-noconfig.cmake
[2.110s] -- Up-to-date: /home/rstole01/Documents/CSE-596/humble_ws/install/tutorial_interfaces/share/tutorial_interfaces/cmake/export_tutorial_interfaces__rosidl_generator_pyExport.cmake
[2.110s] -- Up-to-date: /home/rstole01/Documents/CSE-596/humble_ws/install/tutorial_interfaces/share/tutorial_interfaces/cmake/export_tutorial_interfaces__rosidl_generator_pyExport-noconfig.cmake
[2.110s] -- Up-to-date: /home/rstole01/Documents/CSE-596/humble_ws/install/tutorial_interfaces/share/tutorial_interfaces/cmake/rosidl_cmake-extras.cmake
[2.111s] -- Up-to-date: /home/rstole01/Documents/CSE-596/humble_ws/install/tutorial_interfaces/share/tutorial_interfaces/cmake/ament_cmake_export_dependencies-extras.cmake
[2.111s] -- Up-to-date: /home/rstole01/Documents/CSE-596/humble_ws/install/tutorial_interfaces/share/tutorial_interfaces/cmake/ament_cmake_export_include_directories-extras.cmake
[2.111s] -- Up-to-date: /home/rstole01/Documents/CSE-596/humble_ws/install/tutorial_interfaces/share/tutorial_interfaces/cmake/ament_cmake_export_libraries-extras.cmake
[2.112s] -- Up-to-date: /home/rstole01/Documents/CSE-596/humble_ws/install/tutorial_interfaces/share/tutorial_interfaces/cmake/ament_cmake_export_targets-extras.cmake
[2.112s] -- Up-to-date: /home/rstole01/Documents/CSE-596/humble_ws/install/tutorial_interfaces/share/tutorial_interfaces/cmake/rosidl_cmake_export_typesupport_targets-extras.cmake
[2.112s] -- Up-to-date: /home/rstole01/Documents/CSE-596/humble_ws/install/tutorial_interfaces/share/tutorial_interfaces/cmake/rosidl_cmake_export_typesupport_libraries-extras.cmake
[2.113s] -- Up-to-date: /home/rstole01/Documents/CSE-596/humble_ws/install/tutorial_interfaces/share/tutorial_interfaces/cmake/tutorial_interfacesConfig.cmake
[2.113s] -- Up-to-date: /home/rstole01/Documents/CSE-596/humble_ws/install/tutorial_interfaces/share/tutorial_interfaces/cmake/tutorial_interfacesConfig-version.cmake
[2.113s] -- Up-to-date: /home/rstole01/Documents/CSE-596/humble_ws/install/tutorial_interfaces/share/tutorial_interfaces/package.xml
[2.324s] Invoked command in '/home/rstole01/Documents/CSE-596/humble_ws/build/tutorial_interfaces' returned '0': CMAKE_PREFIX_PATH=/opt/ros/humble /usr/bin/cmake --install /home/rstole01/Documents/CSE-596/humble_ws/build/tutorial_interfaces
