[4.496s] Invoking command in '/home/rstole01/Documents/CSE-596/msu_ws/src/painter': PYTHONPATH=/home/rstole01/Documents/CSE-596/msu_ws/build/painter/prefix_override:/home/rstole01/Documents/CSE-596/msu_ws/install/painter/lib/python3.10/site-packages:${PYTHONPATH} /usr/bin/python3 setup.py egg_info --egg-base ../../build/painter build --build-base /home/rstole01/Documents/CSE-596/msu_ws/build/painter/build install --record /home/rstole01/Documents/CSE-596/msu_ws/build/painter/install.log --single-version-externally-managed
[6.581s] running egg_info
[6.585s] creating ../../build/painter/painter.egg-info
[6.586s] writing ../../build/painter/painter.egg-info/PKG-INFO
[6.586s] writing dependency_links to ../../build/painter/painter.egg-info/dependency_links.txt
[6.586s] writing entry points to ../../build/painter/painter.egg-info/entry_points.txt
[6.587s] writing requirements to ../../build/painter/painter.egg-info/requires.txt
[6.587s] writing top-level names to ../../build/painter/painter.egg-info/top_level.txt
[6.587s] writing manifest file '../../build/painter/painter.egg-info/SOURCES.txt'
[6.588s] reading manifest file '../../build/painter/painter.egg-info/SOURCES.txt'
[6.588s] writing manifest file '../../build/painter/painter.egg-info/SOURCES.txt'
[6.588s] running build
[6.588s] running build_py
[6.589s] creating /home/rstole01/Documents/CSE-596/msu_ws/build/painter/build
[6.589s] creating /home/rstole01/Documents/CSE-596/msu_ws/build/painter/build/lib
[6.589s] creating /home/rstole01/Documents/CSE-596/msu_ws/build/painter/build/lib/painter
[6.590s] copying painter/__init__.py -> /home/rstole01/Documents/CSE-596/msu_ws/build/painter/build/lib/painter
[6.590s] copying painter/painter.py -> /home/rstole01/Documents/CSE-596/msu_ws/build/painter/build/lib/painter
[6.590s] running install
[6.591s] running install_lib
[6.602s] creating /home/rstole01/Documents/CSE-596/msu_ws/install/painter/lib/python3.10/site-packages/painter
[6.602s] copying /home/rstole01/Documents/CSE-596/msu_ws/build/painter/build/lib/painter/__init__.py -> /home/rstole01/Documents/CSE-596/msu_ws/install/painter/lib/python3.10/site-packages/painter
[6.602s] copying /home/rstole01/Documents/CSE-596/msu_ws/build/painter/build/lib/painter/painter.py -> /home/rstole01/Documents/CSE-596/msu_ws/install/painter/lib/python3.10/site-packages/painter
[6.603s] byte-compiling /home/rstole01/Documents/CSE-596/msu_ws/install/painter/lib/python3.10/site-packages/painter/__init__.py to __init__.cpython-310.pyc
[6.603s] byte-compiling /home/rstole01/Documents/CSE-596/msu_ws/install/painter/lib/python3.10/site-packages/painter/painter.py to painter.cpython-310.pyc
[6.603s] running install_data
[6.604s] creating /home/rstole01/Documents/CSE-596/msu_ws/install/painter/share/ament_index
[6.604s] creating /home/rstole01/Documents/CSE-596/msu_ws/install/painter/share/ament_index/resource_index
[6.604s] creating /home/rstole01/Documents/CSE-596/msu_ws/install/painter/share/ament_index/resource_index/packages
[6.605s] copying resource/painter -> /home/rstole01/Documents/CSE-596/msu_ws/install/painter/share/ament_index/resource_index/packages
[6.605s] copying package.xml -> /home/rstole01/Documents/CSE-596/msu_ws/install/painter/share/painter
[6.605s] running install_egg_info
[6.605s] Copying ../../build/painter/painter.egg-info to /home/rstole01/Documents/CSE-596/msu_ws/install/painter/lib/python3.10/site-packages/painter-0.0.0-py3.10.egg-info
[6.606s] running install_scripts
[6.606s] Installing painter script to /home/rstole01/Documents/CSE-596/msu_ws/install/painter/lib/painter
[6.606s] writing list of installed files to '/home/rstole01/Documents/CSE-596/msu_ws/build/painter/install.log'
[6.608s] /usr/lib/python3/dist-packages/setuptools/command/install.py:34: SetuptoolsDeprecationWarning: setup.py install is deprecated. Use build and pip and other standards-based tools.
[6.610s]   warnings.warn(
[6.644s] Invoked command in '/home/rstole01/Documents/CSE-596/msu_ws/src/painter' returned '0': PYTHONPATH=/home/rstole01/Documents/CSE-596/msu_ws/build/painter/prefix_override:/home/rstole01/Documents/CSE-596/msu_ws/install/painter/lib/python3.10/site-packages:${PYTHONPATH} /usr/bin/python3 setup.py egg_info --egg-base ../../build/painter build --build-base /home/rstole01/Documents/CSE-596/msu_ws/build/painter/build install --record /home/rstole01/Documents/CSE-596/msu_ws/build/painter/install.log --single-version-externally-managed
