[0.181s] Invoking command in '/home/rstole01/Documents/CSE-596/humble_ws/build/aeb_lab': /usr/bin/cmake /home/rstole01/Documents/CSE-596/humble_ws/src/aeb_lab -DCMAKE_INSTALL_PREFIX=/home/rstole01/Documents/CSE-596/humble_ws/install/aeb_lab
[0.712s] -- The C compiler identification is GNU 11.4.0
[0.717s] -- The CXX compiler identification is GNU 11.4.0
[0.717s] -- Detecting C compiler ABI info
[0.718s] -- Detecting C compiler ABI info - done
[0.719s] -- Check for working C compiler: /usr/bin/cc - skipped
[0.719s] -- Detecting C compile features
[0.719s] -- Detecting C compile features - done
[0.720s] -- Detecting CXX compiler ABI info
[0.860s] -- Detecting CXX compiler ABI info - done
[0.875s] -- Check for working CXX compiler: /usr/bin/c++ - skipped
[0.876s] -- Detecting CXX compile features
[0.877s] -- Detecting CXX compile features - done
[0.900s] [31mCMake Error at CMakeLists.txt:10 (find_package):
[0.900s]   By not providing "Findament_cmake.cmake" in CMAKE_MODULE_PATH this project
[0.900s]   has asked CMake to find a package configuration file provided by
[0.900s]   "ament_cmake", but CMake did not find one.
[0.900s] 
[0.900s]   Could not find a package configuration file provided by "ament_cmake" with
[0.900s]   any of the following names:
[0.901s] 
[0.901s]     ament_cmakeConfig.cmake
[0.901s]     ament_cmake-config.cmake
[0.901s] 
[0.901s]   Add the installation prefix of "ament_cmake" to CMAKE_PREFIX_PATH or set
[0.902s]   "ament_cmake_DIR" to a directory containing one of the above files.  If
[0.902s]   "ament_cmake" provides a separate development package or SDK, be sure it
[0.902s]   has been installed.
[0.902s] 
[0.902s] [0m
[0.902s] -- Configuring incomplete, errors occurred!
[0.902s] See also "/home/rstole01/Documents/CSE-596/humble_ws/build/aeb_lab/CMakeFiles/CMakeOutput.log".
[0.909s] Invoked command in '/home/rstole01/Documents/CSE-596/humble_ws/build/aeb_lab' returned '1': /usr/bin/cmake /home/rstole01/Documents/CSE-596/humble_ws/src/aeb_lab -DCMAKE_INSTALL_PREFIX=/home/rstole01/Documents/CSE-596/humble_ws/install/aeb_lab
