[6.844s] Invoking command in '/home/rstole01/Documents/CSE-596/msu_ws/src/qlearn': CMAKE_PREFIX_PATH=/home/rstole01/Documents/CSE-596/msu_ws/install/ackermann_msgs:/home/rstole01/Documents/CSE-596/msu_ws/install/waypoint_publisher:/home/rstole01/Documents/CSE-596/msu_ws/install/slam_toolbox:/home/rstole01/Documents/CSE-596/msu_ws/install/qlearn_interfaces:/home/rstole01/Documents/CSE-596/msu_ws/install/pid_msgs:/home/rstole01/Documents/CSE-596/msu_ws/install/my_messages LD_LIBRARY_PATH=/home/rstole01/Documents/CSE-596/msu_ws/install/ackermann_msgs/lib:/home/rstole01/Documents/CSE-596/msu_ws/install/slam_toolbox/lib:/home/rstole01/Documents/CSE-596/msu_ws/install/qlearn_interfaces/lib:/home/rstole01/Documents/CSE-596/msu_ws/install/pid_msgs/lib:/home/rstole01/Documents/CSE-596/msu_ws/install/my_messages/lib:/usr/lib/x86_64-linux-gnu/gazebo-11/plugins:/opt/ros/humble/opt/rviz_ogre_vendor/lib:/opt/ros/humble/lib/x86_64-linux-gnu:/opt/ros/humble/lib PYTHONPATH=/home/rstole01/Documents/CSE-596/msu_ws/build/qlearn/prefix_override:/home/rstole01/Documents/CSE-596/msu_ws/install/qlearn/lib/python3.10/site-packages:${PYTHONPATH} /usr/bin/python3 setup.py egg_info --egg-base ../../build/qlearn build --build-base /home/rstole01/Documents/CSE-596/msu_ws/build/qlearn/build install --record /home/rstole01/Documents/CSE-596/msu_ws/build/qlearn/install.log --single-version-externally-managed
[7.857s] running egg_info
[7.859s] writing ../../build/qlearn/qlearn.egg-info/PKG-INFO
[7.862s] writing dependency_links to ../../build/qlearn/qlearn.egg-info/dependency_links.txt
[7.863s] writing entry points to ../../build/qlearn/qlearn.egg-info/entry_points.txt
[7.863s] writing requirements to ../../build/qlearn/qlearn.egg-info/requires.txt
[7.863s] writing top-level names to ../../build/qlearn/qlearn.egg-info/top_level.txt
[7.871s] reading manifest file '../../build/qlearn/qlearn.egg-info/SOURCES.txt'
[7.872s] writing manifest file '../../build/qlearn/qlearn.egg-info/SOURCES.txt'
[7.873s] running build
[7.874s] running build_py
[7.874s] running install
[7.876s] /usr/lib/python3/dist-packages/setuptools/command/install.py:34: SetuptoolsDeprecationWarning: setup.py install is deprecated. Use build and pip and other standards-based tools.
[7.878s]   warnings.warn(
[7.879s] running install_lib
[7.883s] running install_data
[7.885s] running install_egg_info
[7.890s] removing '/home/rstole01/Documents/CSE-596/msu_ws/install/qlearn/lib/python3.10/site-packages/qlearn-0.0.0-py3.10.egg-info' (and everything under it)
[7.891s] Copying ../../build/qlearn/qlearn.egg-info to /home/rstole01/Documents/CSE-596/msu_ws/install/qlearn/lib/python3.10/site-packages/qlearn-0.0.0-py3.10.egg-info
[7.892s] running install_scripts
[7.944s] Installing qlearn script to /home/rstole01/Documents/CSE-596/msu_ws/install/qlearn/lib/qlearn
[7.945s] writing list of installed files to '/home/rstole01/Documents/CSE-596/msu_ws/build/qlearn/install.log'
[8.322s] Invoked command in '/home/rstole01/Documents/CSE-596/msu_ws/src/qlearn' returned '0': CMAKE_PREFIX_PATH=/home/rstole01/Documents/CSE-596/msu_ws/install/ackermann_msgs:/home/rstole01/Documents/CSE-596/msu_ws/install/waypoint_publisher:/home/rstole01/Documents/CSE-596/msu_ws/install/slam_toolbox:/home/rstole01/Documents/CSE-596/msu_ws/install/qlearn_interfaces:/home/rstole01/Documents/CSE-596/msu_ws/install/pid_msgs:/home/rstole01/Documents/CSE-596/msu_ws/install/my_messages LD_LIBRARY_PATH=/home/rstole01/Documents/CSE-596/msu_ws/install/ackermann_msgs/lib:/home/rstole01/Documents/CSE-596/msu_ws/install/slam_toolbox/lib:/home/rstole01/Documents/CSE-596/msu_ws/install/qlearn_interfaces/lib:/home/rstole01/Documents/CSE-596/msu_ws/install/pid_msgs/lib:/home/rstole01/Documents/CSE-596/msu_ws/install/my_messages/lib:/usr/lib/x86_64-linux-gnu/gazebo-11/plugins:/opt/ros/humble/opt/rviz_ogre_vendor/lib:/opt/ros/humble/lib/x86_64-linux-gnu:/opt/ros/humble/lib PYTHONPATH=/home/rstole01/Documents/CSE-596/msu_ws/build/qlearn/prefix_override:/home/rstole01/Documents/CSE-596/msu_ws/install/qlearn/lib/python3.10/site-packages:${PYTHONPATH} /usr/bin/python3 setup.py egg_info --egg-base ../../build/qlearn build --build-base /home/rstole01/Documents/CSE-596/msu_ws/build/qlearn/build install --record /home/rstole01/Documents/CSE-596/msu_ws/build/qlearn/install.log --single-version-externally-managed
