[6.934s] Invoking command in '/home/rstole01/Documents/CSE-596/msu_ws/src/wall_follower_pid': CMAKE_PREFIX_PATH=/home/rstole01/Documents/CSE-596/msu_ws/install/pid_msgs:/home/rstole01/Documents/CSE-596/msu_ws/install/ackermann_msgs:/home/rstole01/Documents/CSE-596/msu_ws/install/waypoint_publisher:/home/rstole01/Documents/CSE-596/msu_ws/install/slam_toolbox:/home/rstole01/Documents/CSE-596/msu_ws/install/qlearn_interfaces:/home/rstole01/Documents/CSE-596/msu_ws/install/my_messages LD_LIBRARY_PATH=/home/rstole01/Documents/CSE-596/msu_ws/install/pid_msgs/lib:/home/rstole01/Documents/CSE-596/msu_ws/install/ackermann_msgs/lib:/home/rstole01/Documents/CSE-596/msu_ws/install/slam_toolbox/lib:/home/rstole01/Documents/CSE-596/msu_ws/install/qlearn_interfaces/lib:/home/rstole01/Documents/CSE-596/msu_ws/install/my_messages/lib:/usr/lib/x86_64-linux-gnu/gazebo-11/plugins:/opt/ros/humble/opt/rviz_ogre_vendor/lib:/opt/ros/humble/lib/x86_64-linux-gnu:/opt/ros/humble/lib PYTHONPATH=/home/rstole01/Documents/CSE-596/msu_ws/build/wall_follower_pid/prefix_override:/home/rstole01/Documents/CSE-596/msu_ws/install/wall_follower_pid/lib/python3.10/site-packages:${PYTHONPATH} /usr/bin/python3 setup.py egg_info --egg-base ../../build/wall_follower_pid build --build-base /home/rstole01/Documents/CSE-596/msu_ws/build/wall_follower_pid/build install --record /home/rstole01/Documents/CSE-596/msu_ws/build/wall_follower_pid/install.log --single-version-externally-managed
[7.807s] running egg_info
[7.809s] writing ../../build/wall_follower_pid/wall_follower_pid.egg-info/PKG-INFO
[7.810s] writing dependency_links to ../../build/wall_follower_pid/wall_follower_pid.egg-info/dependency_links.txt
[7.811s] writing entry points to ../../build/wall_follower_pid/wall_follower_pid.egg-info/entry_points.txt
[7.811s] writing requirements to ../../build/wall_follower_pid/wall_follower_pid.egg-info/requires.txt
[7.813s] writing top-level names to ../../build/wall_follower_pid/wall_follower_pid.egg-info/top_level.txt
[7.817s] reading manifest file '../../build/wall_follower_pid/wall_follower_pid.egg-info/SOURCES.txt'
[7.821s] writing manifest file '../../build/wall_follower_pid/wall_follower_pid.egg-info/SOURCES.txt'
[7.821s] running build
[7.821s] running build_py
[7.822s] running install
[7.823s] /usr/lib/python3/dist-packages/setuptools/command/install.py:34: SetuptoolsDeprecationWarning: setup.py install is deprecated. Use build and pip and other standards-based tools.
[7.823s]   warnings.warn(
[7.823s] running install_lib
[7.828s] running install_data
[7.830s] running install_egg_info
[7.835s] removing '/home/rstole01/Documents/CSE-596/msu_ws/install/wall_follower_pid/lib/python3.10/site-packages/wall_follower_pid-0.0.0-py3.10.egg-info' (and everything under it)
[7.837s] Copying ../../build/wall_follower_pid/wall_follower_pid.egg-info to /home/rstole01/Documents/CSE-596/msu_ws/install/wall_follower_pid/lib/python3.10/site-packages/wall_follower_pid-0.0.0-py3.10.egg-info
[7.839s] running install_scripts
[7.913s] Installing control script to /home/rstole01/Documents/CSE-596/msu_ws/install/wall_follower_pid/lib/wall_follower_pid
[7.914s] Installing wall_distance_finder script to /home/rstole01/Documents/CSE-596/msu_ws/install/wall_follower_pid/lib/wall_follower_pid
[7.914s] writing list of installed files to '/home/rstole01/Documents/CSE-596/msu_ws/build/wall_follower_pid/install.log'
[8.287s] Invoked command in '/home/rstole01/Documents/CSE-596/msu_ws/src/wall_follower_pid' returned '0': CMAKE_PREFIX_PATH=/home/rstole01/Documents/CSE-596/msu_ws/install/pid_msgs:/home/rstole01/Documents/CSE-596/msu_ws/install/ackermann_msgs:/home/rstole01/Documents/CSE-596/msu_ws/install/waypoint_publisher:/home/rstole01/Documents/CSE-596/msu_ws/install/slam_toolbox:/home/rstole01/Documents/CSE-596/msu_ws/install/qlearn_interfaces:/home/rstole01/Documents/CSE-596/msu_ws/install/my_messages LD_LIBRARY_PATH=/home/rstole01/Documents/CSE-596/msu_ws/install/pid_msgs/lib:/home/rstole01/Documents/CSE-596/msu_ws/install/ackermann_msgs/lib:/home/rstole01/Documents/CSE-596/msu_ws/install/slam_toolbox/lib:/home/rstole01/Documents/CSE-596/msu_ws/install/qlearn_interfaces/lib:/home/rstole01/Documents/CSE-596/msu_ws/install/my_messages/lib:/usr/lib/x86_64-linux-gnu/gazebo-11/plugins:/opt/ros/humble/opt/rviz_ogre_vendor/lib:/opt/ros/humble/lib/x86_64-linux-gnu:/opt/ros/humble/lib PYTHONPATH=/home/rstole01/Documents/CSE-596/msu_ws/build/wall_follower_pid/prefix_override:/home/rstole01/Documents/CSE-596/msu_ws/install/wall_follower_pid/lib/python3.10/site-packages:${PYTHONPATH} /usr/bin/python3 setup.py egg_info --egg-base ../../build/wall_follower_pid build --build-base /home/rstole01/Documents/CSE-596/msu_ws/build/wall_follower_pid/build install --record /home/rstole01/Documents/CSE-596/msu_ws/build/wall_follower_pid/install.log --single-version-externally-managed
