[2.508s] Invoking command in '/home/rstole01/Documents/CSE-596/msu_ws/build/slam_toolbox': CMAKE_PREFIX_PATH=${CMAKE_PREFIX_PATH}:/home/rstole01/Documents/CSE-596/msu_ws/install/waypoint_writer:/home/rstole01/Documents/CSE-596/msu_ws/install/waypoint_follow:/home/rstole01/Documents/CSE-596/msu_ws/install/wall_follower_pid:/home/rstole01/Documents/CSE-596/msu_ws/install/qlearn:/home/rstole01/Documents/CSE-596/msu_ws/install/py_pubsub:/home/rstole01/Documents/CSE-596/msu_ws/install/plexer360:/home/rstole01/Documents/CSE-596/msu_ws/install/painter:/home/rstole01/Documents/CSE-596/msu_ws/install/f1tenth_gym_ros:/opt/ros/humble /usr/bin/cmake --build /home/rstole01/Documents/CSE-596/msu_ws/build/slam_toolbox -- -j8 -l8
[2.813s] [  0%] Built target ament_cmake_python_copy_slam_toolbox
[2.831s] [  1%] Built target slam_toolbox__cpp
[2.838s] [ 10%] Built target slam_toolbox__rosidl_generator_c
[2.877s] [ 12%] Built target kartoSlamToolbox
[2.986s] [ 20%] Built target slam_toolbox__rosidl_typesupport_cpp
[3.023s] [ 28%] Built target slam_toolbox__rosidl_typesupport_introspection_c
[3.054s] [ 37%] Built target slam_toolbox__rosidl_typesupport_fastrtps_cpp
[3.079s] [ 45%] Built target slam_toolbox__rosidl_typesupport_c
[3.111s] [ 53%] Built target slam_toolbox__rosidl_typesupport_introspection_cpp
[3.243s] [ 55%] Built target SlamToolboxPlugin
[3.246s] [ 64%] Built target slam_toolbox__rosidl_typesupport_fastrtps_c
[3.250s] [35m[1mConsolidate compiler generated dependencies of target toolbox_common[0m
[3.351s] [ 66%] Built target ceres_solver_plugin
[3.388s] [ 66%] Built target slam_toolbox
[3.495s] [ 66%] Built target slam_toolbox__py
[3.579s] [ 67%] [32mBuilding CXX object CMakeFiles/toolbox_common.dir/src/map_saver.cpp.o[0m
[3.747s] [ 75%] Built target slam_toolbox__rosidl_generator_py
[3.822s] [ 76%] Built target slam_toolbox__rosidl_typesupport_fastrtps_c__pyext
[3.860s] [ 78%] Built target slam_toolbox__rosidl_typesupport_c__pyext
[3.876s] [ 80%] Built target slam_toolbox__rosidl_typesupport_introspection_c__pyext
[4.166s] running egg_info
[4.169s] writing slam_toolbox.egg-info/PKG-INFO
[4.170s] writing dependency_links to slam_toolbox.egg-info/dependency_links.txt
[4.171s] writing top-level names to slam_toolbox.egg-info/top_level.txt
[4.178s] reading manifest file 'slam_toolbox.egg-info/SOURCES.txt'
[4.180s] writing manifest file 'slam_toolbox.egg-info/SOURCES.txt'
[4.252s] [ 80%] Built target ament_cmake_python_build_slam_toolbox_egg
[4.798s] [01m[K/home/rstole01/Documents/CSE-596/msu_ws/src/slam_toolbox/src/map_saver.cpp:40:15:[m[K [01;35m[Kwarning: [m[Kcharacter constant too long for its type
[4.799s]    40 |   map_name_ = [01;35m[K'/map_slam'[m[K;
[4.799s]       |               [01;35m[K^~~~~~~~~~~[m[K
[9.815s] [01m[K/home/rstole01/Documents/CSE-596/msu_ws/src/slam_toolbox/src/map_saver.cpp:[m[K In constructor ‘[01m[Kmap_saver::MapSaver::MapSaver(rclcpp::Node::SharedPtr, const string&)[m[K’:
[9.815s] [01m[K/home/rstole01/Documents/CSE-596/msu_ws/src/slam_toolbox/src/map_saver.cpp:40:15:[m[K [01;35m[Kwarning: [m[Koverflow in conversion from ‘[01m[Kint[m[K’ to ‘[01m[Kchar[m[K’ changes value from ‘[01m[K1936482669[m[K’ to ‘[01m[K'm'[m[K’ [[01;35m[K]8;;https://gcc.gnu.org/onlinedocs/gcc/Warning-Options.html#index-Woverflow-Woverflow]8;;[m[K]
[26.547s] [ 81%] [32m[1mLinking CXX shared library libtoolbox_common.so[0m
[27.807s] [ 84%] Built target toolbox_common
[27.893s] [ 85%] [32m[1mLinking CXX shared library libsync_slam_toolbox.so[0m
[27.907s] [ 86%] [32m[1mLinking CXX shared library libasync_slam_toolbox.so[0m
[27.911s] [ 86%] [32m[1mLinking CXX shared library liblifelong_slam_toolbox.so[0m
[27.917s] [ 87%] [32m[1mLinking CXX executable merge_maps_kinematic[0m
[27.928s] [ 88%] [32m[1mLinking CXX shared library liblocalization_slam_toolbox.so[0m
[30.014s] [ 89%] Built target async_slam_toolbox
[30.114s] [ 89%] [32m[1mLinking CXX executable async_slam_toolbox_node[0m
[30.139s] [ 89%] Built target localization_slam_toolbox
[30.151s] [ 90%] Built target merge_maps_kinematic
[30.236s] [ 91%] [32m[1mLinking CXX executable localization_slam_toolbox_node[0m
[30.240s] [ 92%] [32m[1mLinking CXX shared library libmap_and_localization_slam_toolbox.so[0m
[30.574s] [ 93%] Built target lifelong_slam_toolbox
[30.592s] [ 94%] Built target sync_slam_toolbox
[30.715s] [ 94%] [32m[1mLinking CXX executable sync_slam_toolbox_node[0m
[30.721s] [ 95%] [32m[1mLinking CXX executable lifelong_slam_toolbox_node[0m
[31.461s] [ 96%] Built target async_slam_toolbox_node
[31.469s] [ 97%] Built target localization_slam_toolbox_node
[31.803s] [ 97%] Built target map_and_localization_slam_toolbox
[31.852s] [ 98%] Built target sync_slam_toolbox_node
[31.888s] [ 98%] [32m[1mLinking CXX executable map_and_localization_slam_toolbox_node[0m
[31.912s] [ 99%] Built target lifelong_slam_toolbox_node
[32.607s] [100%] Built target map_and_localization_slam_toolbox_node
[32.632s] Invoked command in '/home/rstole01/Documents/CSE-596/msu_ws/build/slam_toolbox' returned '0': CMAKE_PREFIX_PATH=${CMAKE_PREFIX_PATH}:/home/rstole01/Documents/CSE-596/msu_ws/install/waypoint_writer:/home/rstole01/Documents/CSE-596/msu_ws/install/waypoint_follow:/home/rstole01/Documents/CSE-596/msu_ws/install/wall_follower_pid:/home/rstole01/Documents/CSE-596/msu_ws/install/qlearn:/home/rstole01/Documents/CSE-596/msu_ws/install/py_pubsub:/home/rstole01/Documents/CSE-596/msu_ws/install/plexer360:/home/rstole01/Documents/CSE-596/msu_ws/install/painter:/home/rstole01/Documents/CSE-596/msu_ws/install/f1tenth_gym_ros:/opt/ros/humble /usr/bin/cmake --build /home/rstole01/Documents/CSE-596/msu_ws/build/slam_toolbox -- -j8 -l8
[33.335s] Invoking command in '/home/rstole01/Documents/CSE-596/msu_ws/build/slam_toolbox': CMAKE_PREFIX_PATH=${CMAKE_PREFIX_PATH}:/home/rstole01/Documents/CSE-596/msu_ws/install/waypoint_writer:/home/rstole01/Documents/CSE-596/msu_ws/install/waypoint_follow:/home/rstole01/Documents/CSE-596/msu_ws/install/wall_follower_pid:/home/rstole01/Documents/CSE-596/msu_ws/install/qlearn:/home/rstole01/Documents/CSE-596/msu_ws/install/py_pubsub:/home/rstole01/Documents/CSE-596/msu_ws/install/plexer360:/home/rstole01/Documents/CSE-596/msu_ws/install/painter:/home/rstole01/Documents/CSE-596/msu_ws/install/f1tenth_gym_ros:/opt/ros/humble /usr/bin/cmake --install /home/rstole01/Documents/CSE-596/msu_ws/build/slam_toolbox
[33.352s] -- Install configuration: "Release"
[33.353s] -- Up-to-date: /home/rstole01/Documents/CSE-596/msu_ws/install/slam_toolbox/share/ament_index/resource_index/rosidl_interfaces/slam_toolbox
[33.353s] -- Up-to-date: /home/rstole01/Documents/CSE-596/msu_ws/install/slam_toolbox/include/slam_toolbox/slam_toolbox
[33.354s] -- Up-to-date: /home/rstole01/Documents/CSE-596/msu_ws/install/slam_toolbox/include/slam_toolbox/slam_toolbox/srv
[33.354s] -- Up-to-date: /home/rstole01/Documents/CSE-596/msu_ws/install/slam_toolbox/include/slam_toolbox/slam_toolbox/srv/loop_closure.h
[33.354s] -- Up-to-date: /home/rstole01/Documents/CSE-596/msu_ws/install/slam_toolbox/include/slam_toolbox/slam_toolbox/srv/clear_queue.h
[33.355s] -- Up-to-date: /home/rstole01/Documents/CSE-596/msu_ws/install/slam_toolbox/include/slam_toolbox/slam_toolbox/srv/toggle_interactive.h
[33.355s] -- Up-to-date: /home/rstole01/Documents/CSE-596/msu_ws/install/slam_toolbox/include/slam_toolbox/slam_toolbox/srv/deserialize_pose_graph.h
[33.356s] -- Up-to-date: /home/rstole01/Documents/CSE-596/msu_ws/install/slam_toolbox/include/slam_toolbox/slam_toolbox/srv/serialize_pose_graph.h
[33.356s] -- Up-to-date: /home/rstole01/Documents/CSE-596/msu_ws/install/slam_toolbox/include/slam_toolbox/slam_toolbox/srv/merge_maps.h
[33.357s] -- Up-to-date: /home/rstole01/Documents/CSE-596/msu_ws/install/slam_toolbox/include/slam_toolbox/slam_toolbox/srv/detail
[33.357s] -- Up-to-date: /home/rstole01/Documents/CSE-596/msu_ws/install/slam_toolbox/include/slam_toolbox/slam_toolbox/srv/detail/serialize_pose_graph__struct.h
[33.358s] -- Up-to-date: /home/rstole01/Documents/CSE-596/msu_ws/install/slam_toolbox/include/slam_toolbox/slam_toolbox/srv/detail/clear_queue__functions.c
[33.358s] -- Up-to-date: /home/rstole01/Documents/CSE-596/msu_ws/install/slam_toolbox/include/slam_toolbox/slam_toolbox/srv/detail/merge_maps__functions.c
[33.358s] -- Up-to-date: /home/rstole01/Documents/CSE-596/msu_ws/install/slam_toolbox/include/slam_toolbox/slam_toolbox/srv/detail/clear__functions.h
[33.359s] -- Up-to-date: /home/rstole01/Documents/CSE-596/msu_ws/install/slam_toolbox/include/slam_toolbox/slam_toolbox/srv/detail/loop_closure__functions.h
[33.359s] -- Up-to-date: /home/rstole01/Documents/CSE-596/msu_ws/install/slam_toolbox/include/slam_toolbox/slam_toolbox/srv/detail/save_map__type_support.h
[33.360s] -- Up-to-date: /home/rstole01/Documents/CSE-596/msu_ws/install/slam_toolbox/include/slam_toolbox/slam_toolbox/srv/detail/serialize_pose_graph__functions.c
[33.360s] -- Up-to-date: /home/rstole01/Documents/CSE-596/msu_ws/install/slam_toolbox/include/slam_toolbox/slam_toolbox/srv/detail/save_map__functions.h
[33.360s] -- Up-to-date: /home/rstole01/Documents/CSE-596/msu_ws/install/slam_toolbox/include/slam_toolbox/slam_toolbox/srv/detail/toggle_interactive__functions.c
[33.361s] -- Up-to-date: /home/rstole01/Documents/CSE-596/msu_ws/install/slam_toolbox/include/slam_toolbox/slam_toolbox/srv/detail/merge_maps__functions.h
[33.361s] -- Up-to-date: /home/rstole01/Documents/CSE-596/msu_ws/install/slam_toolbox/include/slam_toolbox/slam_toolbox/srv/detail/clear_queue__struct.h
[33.361s] -- Up-to-date: /home/rstole01/Documents/CSE-596/msu_ws/install/slam_toolbox/include/slam_toolbox/slam_toolbox/srv/detail/serialize_pose_graph__type_support.h
[33.362s] -- Up-to-date: /home/rstole01/Documents/CSE-596/msu_ws/install/slam_toolbox/include/slam_toolbox/slam_toolbox/srv/detail/save_map__functions.c
[33.362s] -- Up-to-date: /home/rstole01/Documents/CSE-596/msu_ws/install/slam_toolbox/include/slam_toolbox/slam_toolbox/srv/detail/loop_closure__functions.c
[33.363s] -- Up-to-date: /home/rstole01/Documents/CSE-596/msu_ws/install/slam_toolbox/include/slam_toolbox/slam_toolbox/srv/detail/merge_maps__struct.h
[33.363s] -- Up-to-date: /home/rstole01/Documents/CSE-596/msu_ws/install/slam_toolbox/include/slam_toolbox/slam_toolbox/srv/detail/add_submap__functions.h
[33.364s] -- Up-to-date: /home/rstole01/Documents/CSE-596/msu_ws/install/slam_toolbox/include/slam_toolbox/slam_toolbox/srv/detail/clear__functions.c
[33.364s] -- Up-to-date: /home/rstole01/Documents/CSE-596/msu_ws/install/slam_toolbox/include/slam_toolbox/slam_toolbox/srv/detail/serialize_pose_graph__functions.h
[33.365s] -- Up-to-date: /home/rstole01/Documents/CSE-596/msu_ws/install/slam_toolbox/include/slam_toolbox/slam_toolbox/srv/detail/toggle_interactive__struct.h
[33.365s] -- Up-to-date: /home/rstole01/Documents/CSE-596/msu_ws/install/slam_toolbox/include/slam_toolbox/slam_toolbox/srv/detail/save_map__struct.h
[33.365s] -- Up-to-date: /home/rstole01/Documents/CSE-596/msu_ws/install/slam_toolbox/include/slam_toolbox/slam_toolbox/srv/detail/deserialize_pose_graph__struct.h
[33.366s] -- Up-to-date: /home/rstole01/Documents/CSE-596/msu_ws/install/slam_toolbox/include/slam_toolbox/slam_toolbox/srv/detail/add_submap__struct.h
[33.366s] -- Up-to-date: /home/rstole01/Documents/CSE-596/msu_ws/install/slam_toolbox/include/slam_toolbox/slam_toolbox/srv/detail/clear__struct.h
[33.367s] -- Up-to-date: /home/rstole01/Documents/CSE-596/msu_ws/install/slam_toolbox/include/slam_toolbox/slam_toolbox/srv/detail/toggle_interactive__functions.h
[33.367s] -- Up-to-date: /home/rstole01/Documents/CSE-596/msu_ws/install/slam_toolbox/include/slam_toolbox/slam_toolbox/srv/detail/toggle_interactive__type_support.h
[33.367s] -- Up-to-date: /home/rstole01/Documents/CSE-596/msu_ws/install/slam_toolbox/include/slam_toolbox/slam_toolbox/srv/detail/loop_closure__type_support.h
[33.368s] -- Up-to-date: /home/rstole01/Documents/CSE-596/msu_ws/install/slam_toolbox/include/slam_toolbox/slam_toolbox/srv/detail/clear_queue__type_support.h
[33.368s] -- Up-to-date: /home/rstole01/Documents/CSE-596/msu_ws/install/slam_toolbox/include/slam_toolbox/slam_toolbox/srv/detail/pause__functions.c
[33.368s] -- Up-to-date: /home/rstole01/Documents/CSE-596/msu_ws/install/slam_toolbox/include/slam_toolbox/slam_toolbox/srv/detail/pause__functions.h
[33.369s] -- Up-to-date: /home/rstole01/Documents/CSE-596/msu_ws/install/slam_toolbox/include/slam_toolbox/slam_toolbox/srv/detail/add_submap__functions.c
[33.369s] -- Up-to-date: /home/rstole01/Documents/CSE-596/msu_ws/install/slam_toolbox/include/slam_toolbox/slam_toolbox/srv/detail/pause__struct.h
[33.370s] -- Up-to-date: /home/rstole01/Documents/CSE-596/msu_ws/install/slam_toolbox/include/slam_toolbox/slam_toolbox/srv/detail/deserialize_pose_graph__functions.h
[33.370s] -- Up-to-date: /home/rstole01/Documents/CSE-596/msu_ws/install/slam_toolbox/include/slam_toolbox/slam_toolbox/srv/detail/merge_maps__type_support.h
[33.370s] -- Up-to-date: /home/rstole01/Documents/CSE-596/msu_ws/install/slam_toolbox/include/slam_toolbox/slam_toolbox/srv/detail/deserialize_pose_graph__type_support.h
[33.371s] -- Up-to-date: /home/rstole01/Documents/CSE-596/msu_ws/install/slam_toolbox/include/slam_toolbox/slam_toolbox/srv/detail/add_submap__type_support.h
[33.371s] -- Up-to-date: /home/rstole01/Documents/CSE-596/msu_ws/install/slam_toolbox/include/slam_toolbox/slam_toolbox/srv/detail/deserialize_pose_graph__functions.c
[33.371s] -- Up-to-date: /home/rstole01/Documents/CSE-596/msu_ws/install/slam_toolbox/include/slam_toolbox/slam_toolbox/srv/detail/pause__type_support.h
[33.372s] -- Up-to-date: /home/rstole01/Documents/CSE-596/msu_ws/install/slam_toolbox/include/slam_toolbox/slam_toolbox/srv/detail/clear_queue__functions.h
[33.372s] -- Up-to-date: /home/rstole01/Documents/CSE-596/msu_ws/install/slam_toolbox/include/slam_toolbox/slam_toolbox/srv/detail/clear__type_support.h
[33.372s] -- Up-to-date: /home/rstole01/Documents/CSE-596/msu_ws/install/slam_toolbox/include/slam_toolbox/slam_toolbox/srv/detail/loop_closure__struct.h
[33.373s] -- Up-to-date: /home/rstole01/Documents/CSE-596/msu_ws/install/slam_toolbox/include/slam_toolbox/slam_toolbox/srv/save_map.h
[33.373s] -- Up-to-date: /home/rstole01/Documents/CSE-596/msu_ws/install/slam_toolbox/include/slam_toolbox/slam_toolbox/srv/pause.h
[33.374s] -- Up-to-date: /home/rstole01/Documents/CSE-596/msu_ws/install/slam_toolbox/include/slam_toolbox/slam_toolbox/srv/add_submap.h
[33.374s] -- Up-to-date: /home/rstole01/Documents/CSE-596/msu_ws/install/slam_toolbox/include/slam_toolbox/slam_toolbox/srv/clear.h
[33.374s] -- Up-to-date: /home/rstole01/Documents/CSE-596/msu_ws/install/slam_toolbox/include/slam_toolbox/slam_toolbox/msg
[33.375s] -- Up-to-date: /home/rstole01/Documents/CSE-596/msu_ws/install/slam_toolbox/include/slam_toolbox/slam_toolbox/msg/rosidl_generator_c__visibility_control.h
[33.375s] -- Up-to-date: /home/rstole01/Documents/CSE-596/msu_ws/install/slam_toolbox/share/slam_toolbox/environment/library_path.sh
[33.375s] -- Up-to-date: /home/rstole01/Documents/CSE-596/msu_ws/install/slam_toolbox/share/slam_toolbox/environment/library_path.dsv
[33.376s] -- Up-to-date: /home/rstole01/Documents/CSE-596/msu_ws/install/slam_toolbox/lib/libslam_toolbox__rosidl_generator_c.so
[33.376s] -- Up-to-date: /home/rstole01/Documents/CSE-596/msu_ws/install/slam_toolbox/include/slam_toolbox/slam_toolbox
[33.376s] -- Up-to-date: /home/rstole01/Documents/CSE-596/msu_ws/install/slam_toolbox/include/slam_toolbox/slam_toolbox/srv
[33.377s] -- Up-to-date: /home/rstole01/Documents/CSE-596/msu_ws/install/slam_toolbox/include/slam_toolbox/slam_toolbox/srv/detail
[33.377s] -- Up-to-date: /home/rstole01/Documents/CSE-596/msu_ws/install/slam_toolbox/include/slam_toolbox/slam_toolbox/srv/detail/serialize_pose_graph__rosidl_typesupport_fastrtps_c.h
[33.377s] -- Up-to-date: /home/rstole01/Documents/CSE-596/msu_ws/install/slam_toolbox/include/slam_toolbox/slam_toolbox/srv/detail/deserialize_pose_graph__rosidl_typesupport_fastrtps_c.h
[33.377s] -- Up-to-date: /home/rstole01/Documents/CSE-596/msu_ws/install/slam_toolbox/include/slam_toolbox/slam_toolbox/srv/detail/clear_queue__rosidl_typesupport_fastrtps_c.h
[33.378s] -- Up-to-date: /home/rstole01/Documents/CSE-596/msu_ws/install/slam_toolbox/include/slam_toolbox/slam_toolbox/srv/detail/pause__rosidl_typesupport_fastrtps_c.h
[33.378s] -- Up-to-date: /home/rstole01/Documents/CSE-596/msu_ws/install/slam_toolbox/include/slam_toolbox/slam_toolbox/srv/detail/loop_closure__rosidl_typesupport_fastrtps_c.h
[33.378s] -- Up-to-date: /home/rstole01/Documents/CSE-596/msu_ws/install/slam_toolbox/include/slam_toolbox/slam_toolbox/srv/detail/save_map__rosidl_typesupport_fastrtps_c.h
[33.378s] -- Up-to-date: /home/rstole01/Documents/CSE-596/msu_ws/install/slam_toolbox/include/slam_toolbox/slam_toolbox/srv/detail/toggle_interactive__rosidl_typesupport_fastrtps_c.h
[33.378s] -- Up-to-date: /home/rstole01/Documents/CSE-596/msu_ws/install/slam_toolbox/include/slam_toolbox/slam_toolbox/srv/detail/merge_maps__rosidl_typesupport_fastrtps_c.h
[33.378s] -- Up-to-date: /home/rstole01/Documents/CSE-596/msu_ws/install/slam_toolbox/include/slam_toolbox/slam_toolbox/srv/detail/add_submap__rosidl_typesupport_fastrtps_c.h
[33.378s] -- Up-to-date: /home/rstole01/Documents/CSE-596/msu_ws/install/slam_toolbox/include/slam_toolbox/slam_toolbox/srv/detail/clear__rosidl_typesupport_fastrtps_c.h
[33.379s] -- Up-to-date: /home/rstole01/Documents/CSE-596/msu_ws/install/slam_toolbox/include/slam_toolbox/slam_toolbox/msg
[33.379s] -- Up-to-date: /home/rstole01/Documents/CSE-596/msu_ws/install/slam_toolbox/include/slam_toolbox/slam_toolbox/msg/rosidl_typesupport_fastrtps_c__visibility_control.h
[33.379s] -- Up-to-date: /home/rstole01/Documents/CSE-596/msu_ws/install/slam_toolbox/lib/libslam_toolbox__rosidl_typesupport_fastrtps_c.so
[33.379s] -- Up-to-date: /home/rstole01/Documents/CSE-596/msu_ws/install/slam_toolbox/include/slam_toolbox/slam_toolbox
[33.379s] -- Up-to-date: /home/rstole01/Documents/CSE-596/msu_ws/install/slam_toolbox/include/slam_toolbox/slam_toolbox/srv
[33.379s] -- Up-to-date: /home/rstole01/Documents/CSE-596/msu_ws/install/slam_toolbox/include/slam_toolbox/slam_toolbox/srv/merge_maps.hpp
[33.379s] -- Up-to-date: /home/rstole01/Documents/CSE-596/msu_ws/install/slam_toolbox/include/slam_toolbox/slam_toolbox/srv/deserialize_pose_graph.hpp
[33.379s] -- Up-to-date: /home/rstole01/Documents/CSE-596/msu_ws/install/slam_toolbox/include/slam_toolbox/slam_toolbox/srv/clear.hpp
[33.380s] -- Up-to-date: /home/rstole01/Documents/CSE-596/msu_ws/install/slam_toolbox/include/slam_toolbox/slam_toolbox/srv/detail
[33.380s] -- Up-to-date: /home/rstole01/Documents/CSE-596/msu_ws/install/slam_toolbox/include/slam_toolbox/slam_toolbox/srv/detail/add_submap__builder.hpp
[33.380s] -- Up-to-date: /home/rstole01/Documents/CSE-596/msu_ws/install/slam_toolbox/include/slam_toolbox/slam_toolbox/srv/detail/loop_closure__struct.hpp
[33.380s] -- Up-to-date: /home/rstole01/Documents/CSE-596/msu_ws/install/slam_toolbox/include/slam_toolbox/slam_toolbox/srv/detail/merge_maps__builder.hpp
[33.380s] -- Up-to-date: /home/rstole01/Documents/CSE-596/msu_ws/install/slam_toolbox/include/slam_toolbox/slam_toolbox/srv/detail/save_map__struct.hpp
[33.381s] -- Up-to-date: /home/rstole01/Documents/CSE-596/msu_ws/install/slam_toolbox/include/slam_toolbox/slam_toolbox/srv/detail/pause__builder.hpp
[33.381s] -- Up-to-date: /home/rstole01/Documents/CSE-596/msu_ws/install/slam_toolbox/include/slam_toolbox/slam_toolbox/srv/detail/deserialize_pose_graph__traits.hpp
[33.381s] -- Up-to-date: /home/rstole01/Documents/CSE-596/msu_ws/install/slam_toolbox/include/slam_toolbox/slam_toolbox/srv/detail/merge_maps__traits.hpp
[33.381s] -- Up-to-date: /home/rstole01/Documents/CSE-596/msu_ws/install/slam_toolbox/include/slam_toolbox/slam_toolbox/srv/detail/serialize_pose_graph__builder.hpp
[33.381s] -- Up-to-date: /home/rstole01/Documents/CSE-596/msu_ws/install/slam_toolbox/include/slam_toolbox/slam_toolbox/srv/detail/merge_maps__struct.hpp
[33.382s] -- Up-to-date: /home/rstole01/Documents/CSE-596/msu_ws/install/slam_toolbox/include/slam_toolbox/slam_toolbox/srv/detail/serialize_pose_graph__struct.hpp
[33.382s] -- Up-to-date: /home/rstole01/Documents/CSE-596/msu_ws/install/slam_toolbox/include/slam_toolbox/slam_toolbox/srv/detail/save_map__traits.hpp
[33.382s] -- Up-to-date: /home/rstole01/Documents/CSE-596/msu_ws/install/slam_toolbox/include/slam_toolbox/slam_toolbox/srv/detail/pause__struct.hpp
[33.382s] -- Up-to-date: /home/rstole01/Documents/CSE-596/msu_ws/install/slam_toolbox/include/slam_toolbox/slam_toolbox/srv/detail/clear_queue__struct.hpp
[33.382s] -- Up-to-date: /home/rstole01/Documents/CSE-596/msu_ws/install/slam_toolbox/include/slam_toolbox/slam_toolbox/srv/detail/toggle_interactive__traits.hpp
[33.382s] -- Up-to-date: /home/rstole01/Documents/CSE-596/msu_ws/install/slam_toolbox/include/slam_toolbox/slam_toolbox/srv/detail/clear__builder.hpp
[33.382s] -- Up-to-date: /home/rstole01/Documents/CSE-596/msu_ws/install/slam_toolbox/include/slam_toolbox/slam_toolbox/srv/detail/add_submap__traits.hpp
[33.382s] -- Up-to-date: /home/rstole01/Documents/CSE-596/msu_ws/install/slam_toolbox/include/slam_toolbox/slam_toolbox/srv/detail/clear_queue__traits.hpp
[33.383s] -- Up-to-date: /home/rstole01/Documents/CSE-596/msu_ws/install/slam_toolbox/include/slam_toolbox/slam_toolbox/srv/detail/loop_closure__builder.hpp
[33.383s] -- Up-to-date: /home/rstole01/Documents/CSE-596/msu_ws/install/slam_toolbox/include/slam_toolbox/slam_toolbox/srv/detail/serialize_pose_graph__traits.hpp
[33.383s] -- Up-to-date: /home/rstole01/Documents/CSE-596/msu_ws/install/slam_toolbox/include/slam_toolbox/slam_toolbox/srv/detail/loop_closure__traits.hpp
[33.383s] -- Up-to-date: /home/rstole01/Documents/CSE-596/msu_ws/install/slam_toolbox/include/slam_toolbox/slam_toolbox/srv/detail/clear__struct.hpp
[33.383s] -- Up-to-date: /home/rstole01/Documents/CSE-596/msu_ws/install/slam_toolbox/include/slam_toolbox/slam_toolbox/srv/detail/save_map__builder.hpp
[33.383s] -- Up-to-date: /home/rstole01/Documents/CSE-596/msu_ws/install/slam_toolbox/include/slam_toolbox/slam_toolbox/srv/detail/pause__traits.hpp
[33.383s] -- Up-to-date: /home/rstole01/Documents/CSE-596/msu_ws/install/slam_toolbox/include/slam_toolbox/slam_toolbox/srv/detail/clear__traits.hpp
[33.383s] -- Up-to-date: /home/rstole01/Documents/CSE-596/msu_ws/install/slam_toolbox/include/slam_toolbox/slam_toolbox/srv/detail/deserialize_pose_graph__struct.hpp
[33.384s] -- Up-to-date: /home/rstole01/Documents/CSE-596/msu_ws/install/slam_toolbox/include/slam_toolbox/slam_toolbox/srv/detail/add_submap__struct.hpp
[33.384s] -- Up-to-date: /home/rstole01/Documents/CSE-596/msu_ws/install/slam_toolbox/include/slam_toolbox/slam_toolbox/srv/detail/deserialize_pose_graph__builder.hpp
[33.384s] -- Up-to-date: /home/rstole01/Documents/CSE-596/msu_ws/install/slam_toolbox/include/slam_toolbox/slam_toolbox/srv/detail/clear_queue__builder.hpp
[33.384s] -- Up-to-date: /home/rstole01/Documents/CSE-596/msu_ws/install/slam_toolbox/include/slam_toolbox/slam_toolbox/srv/detail/toggle_interactive__struct.hpp
[33.384s] -- Up-to-date: /home/rstole01/Documents/CSE-596/msu_ws/install/slam_toolbox/include/slam_toolbox/slam_toolbox/srv/detail/toggle_interactive__builder.hpp
[33.384s] -- Up-to-date: /home/rstole01/Documents/CSE-596/msu_ws/install/slam_toolbox/include/slam_toolbox/slam_toolbox/srv/add_submap.hpp
[33.384s] -- Up-to-date: /home/rstole01/Documents/CSE-596/msu_ws/install/slam_toolbox/include/slam_toolbox/slam_toolbox/srv/clear_queue.hpp
[33.384s] -- Up-to-date: /home/rstole01/Documents/CSE-596/msu_ws/install/slam_toolbox/include/slam_toolbox/slam_toolbox/srv/pause.hpp
[33.385s] -- Up-to-date: /home/rstole01/Documents/CSE-596/msu_ws/install/slam_toolbox/include/slam_toolbox/slam_toolbox/srv/serialize_pose_graph.hpp
[33.385s] -- Up-to-date: /home/rstole01/Documents/CSE-596/msu_ws/install/slam_toolbox/include/slam_toolbox/slam_toolbox/srv/toggle_interactive.hpp
[33.385s] -- Up-to-date: /home/rstole01/Documents/CSE-596/msu_ws/install/slam_toolbox/include/slam_toolbox/slam_toolbox/srv/save_map.hpp
[33.385s] -- Up-to-date: /home/rstole01/Documents/CSE-596/msu_ws/install/slam_toolbox/include/slam_toolbox/slam_toolbox/srv/loop_closure.hpp
[33.385s] -- Up-to-date: /home/rstole01/Documents/CSE-596/msu_ws/install/slam_toolbox/include/slam_toolbox/slam_toolbox
[33.385s] -- Up-to-date: /home/rstole01/Documents/CSE-596/msu_ws/install/slam_toolbox/include/slam_toolbox/slam_toolbox/srv
[33.385s] -- Up-to-date: /home/rstole01/Documents/CSE-596/msu_ws/install/slam_toolbox/include/slam_toolbox/slam_toolbox/srv/detail
[33.385s] -- Up-to-date: /home/rstole01/Documents/CSE-596/msu_ws/install/slam_toolbox/include/slam_toolbox/slam_toolbox/srv/detail/add_submap__rosidl_typesupport_fastrtps_cpp.hpp
[33.386s] -- Up-to-date: /home/rstole01/Documents/CSE-596/msu_ws/install/slam_toolbox/include/slam_toolbox/slam_toolbox/srv/detail/serialize_pose_graph__rosidl_typesupport_fastrtps_cpp.hpp
[33.386s] -- Up-to-date: /home/rstole01/Documents/CSE-596/msu_ws/install/slam_toolbox/include/slam_toolbox/slam_toolbox/srv/detail/clear_queue__rosidl_typesupport_fastrtps_cpp.hpp
[33.386s] -- Up-to-date: /home/rstole01/Documents/CSE-596/msu_ws/install/slam_toolbox/include/slam_toolbox/slam_toolbox/srv/detail/loop_closure__rosidl_typesupport_fastrtps_cpp.hpp
[33.386s] -- Up-to-date: /home/rstole01/Documents/CSE-596/msu_ws/install/slam_toolbox/include/slam_toolbox/slam_toolbox/srv/detail/clear__rosidl_typesupport_fastrtps_cpp.hpp
[33.386s] -- Up-to-date: /home/rstole01/Documents/CSE-596/msu_ws/install/slam_toolbox/include/slam_toolbox/slam_toolbox/srv/detail/deserialize_pose_graph__rosidl_typesupport_fastrtps_cpp.hpp
[33.386s] -- Up-to-date: /home/rstole01/Documents/CSE-596/msu_ws/install/slam_toolbox/include/slam_toolbox/slam_toolbox/srv/detail/toggle_interactive__rosidl_typesupport_fastrtps_cpp.hpp
[33.386s] -- Up-to-date: /home/rstole01/Documents/CSE-596/msu_ws/install/slam_toolbox/include/slam_toolbox/slam_toolbox/srv/detail/dds_fastrtps
[33.387s] -- Up-to-date: /home/rstole01/Documents/CSE-596/msu_ws/install/slam_toolbox/include/slam_toolbox/slam_toolbox/srv/detail/save_map__rosidl_typesupport_fastrtps_cpp.hpp
[33.387s] -- Up-to-date: /home/rstole01/Documents/CSE-596/msu_ws/install/slam_toolbox/include/slam_toolbox/slam_toolbox/srv/detail/pause__rosidl_typesupport_fastrtps_cpp.hpp
[33.387s] -- Up-to-date: /home/rstole01/Documents/CSE-596/msu_ws/install/slam_toolbox/include/slam_toolbox/slam_toolbox/srv/detail/merge_maps__rosidl_typesupport_fastrtps_cpp.hpp
[33.387s] -- Up-to-date: /home/rstole01/Documents/CSE-596/msu_ws/install/slam_toolbox/include/slam_toolbox/slam_toolbox/msg
[33.387s] -- Up-to-date: /home/rstole01/Documents/CSE-596/msu_ws/install/slam_toolbox/include/slam_toolbox/slam_toolbox/msg/rosidl_typesupport_fastrtps_cpp__visibility_control.h
[33.387s] -- Up-to-date: /home/rstole01/Documents/CSE-596/msu_ws/install/slam_toolbox/lib/libslam_toolbox__rosidl_typesupport_fastrtps_cpp.so
[33.388s] -- Up-to-date: /home/rstole01/Documents/CSE-596/msu_ws/install/slam_toolbox/include/slam_toolbox/slam_toolbox
[33.388s] -- Up-to-date: /home/rstole01/Documents/CSE-596/msu_ws/install/slam_toolbox/include/slam_toolbox/slam_toolbox/srv
[33.388s] -- Up-to-date: /home/rstole01/Documents/CSE-596/msu_ws/install/slam_toolbox/include/slam_toolbox/slam_toolbox/srv/detail
[33.388s] -- Up-to-date: /home/rstole01/Documents/CSE-596/msu_ws/install/slam_toolbox/include/slam_toolbox/slam_toolbox/srv/detail/merge_maps__type_support.c
[33.388s] -- Up-to-date: /home/rstole01/Documents/CSE-596/msu_ws/install/slam_toolbox/include/slam_toolbox/slam_toolbox/srv/detail/add_submap__type_support.c
[33.388s] -- Up-to-date: /home/rstole01/Documents/CSE-596/msu_ws/install/slam_toolbox/include/slam_toolbox/slam_toolbox/srv/detail/clear__rosidl_typesupport_introspection_c.h
[33.389s] -- Up-to-date: /home/rstole01/Documents/CSE-596/msu_ws/install/slam_toolbox/include/slam_toolbox/slam_toolbox/srv/detail/loop_closure__type_support.c
[33.389s] -- Up-to-date: /home/rstole01/Documents/CSE-596/msu_ws/install/slam_toolbox/include/slam_toolbox/slam_toolbox/srv/detail/toggle_interactive__type_support.c
[33.389s] -- Up-to-date: /home/rstole01/Documents/CSE-596/msu_ws/install/slam_toolbox/include/slam_toolbox/slam_toolbox/srv/detail/pause__rosidl_typesupport_introspection_c.h
[33.389s] -- Up-to-date: /home/rstole01/Documents/CSE-596/msu_ws/install/slam_toolbox/include/slam_toolbox/slam_toolbox/srv/detail/deserialize_pose_graph__type_support.c
[33.389s] -- Up-to-date: /home/rstole01/Documents/CSE-596/msu_ws/install/slam_toolbox/include/slam_toolbox/slam_toolbox/srv/detail/clear_queue__rosidl_typesupport_introspection_c.h
[33.389s] -- Up-to-date: /home/rstole01/Documents/CSE-596/msu_ws/install/slam_toolbox/include/slam_toolbox/slam_toolbox/srv/detail/toggle_interactive__rosidl_typesupport_introspection_c.h
[33.389s] -- Up-to-date: /home/rstole01/Documents/CSE-596/msu_ws/install/slam_toolbox/include/slam_toolbox/slam_toolbox/srv/detail/save_map__type_support.c
[33.390s] -- Up-to-date: /home/rstole01/Documents/CSE-596/msu_ws/install/slam_toolbox/include/slam_toolbox/slam_toolbox/srv/detail/clear__type_support.c
[33.390s] -- Up-to-date: /home/rstole01/Documents/CSE-596/msu_ws/install/slam_toolbox/include/slam_toolbox/slam_toolbox/srv/detail/add_submap__rosidl_typesupport_introspection_c.h
[33.390s] -- Up-to-date: /home/rstole01/Documents/CSE-596/msu_ws/install/slam_toolbox/include/slam_toolbox/slam_toolbox/srv/detail/merge_maps__rosidl_typesupport_introspection_c.h
[33.390s] -- Up-to-date: /home/rstole01/Documents/CSE-596/msu_ws/install/slam_toolbox/include/slam_toolbox/slam_toolbox/srv/detail/pause__type_support.c
[33.391s] -- Up-to-date: /home/rstole01/Documents/CSE-596/msu_ws/install/slam_toolbox/include/slam_toolbox/slam_toolbox/srv/detail/clear_queue__type_support.c
[33.391s] -- Up-to-date: /home/rstole01/Documents/CSE-596/msu_ws/install/slam_toolbox/include/slam_toolbox/slam_toolbox/srv/detail/deserialize_pose_graph__rosidl_typesupport_introspection_c.h
[33.392s] -- Up-to-date: /home/rstole01/Documents/CSE-596/msu_ws/install/slam_toolbox/include/slam_toolbox/slam_toolbox/srv/detail/serialize_pose_graph__rosidl_typesupport_introspection_c.h
[33.392s] -- Up-to-date: /home/rstole01/Documents/CSE-596/msu_ws/install/slam_toolbox/include/slam_toolbox/slam_toolbox/srv/detail/serialize_pose_graph__type_support.c
[33.393s] -- Up-to-date: /home/rstole01/Documents/CSE-596/msu_ws/install/slam_toolbox/include/slam_toolbox/slam_toolbox/srv/detail/loop_closure__rosidl_typesupport_introspection_c.h
[33.393s] -- Up-to-date: /home/rstole01/Documents/CSE-596/msu_ws/install/slam_toolbox/include/slam_toolbox/slam_toolbox/srv/detail/save_map__rosidl_typesupport_introspection_c.h
[33.393s] -- Up-to-date: /home/rstole01/Documents/CSE-596/msu_ws/install/slam_toolbox/include/slam_toolbox/slam_toolbox/msg
[33.394s] -- Up-to-date: /home/rstole01/Documents/CSE-596/msu_ws/install/slam_toolbox/include/slam_toolbox/slam_toolbox/msg/rosidl_typesupport_introspection_c__visibility_control.h
[33.394s] -- Up-to-date: /home/rstole01/Documents/CSE-596/msu_ws/install/slam_toolbox/lib/libslam_toolbox__rosidl_typesupport_introspection_c.so
[33.394s] -- Up-to-date: /home/rstole01/Documents/CSE-596/msu_ws/install/slam_toolbox/lib/libslam_toolbox__rosidl_typesupport_c.so
[33.394s] -- Up-to-date: /home/rstole01/Documents/CSE-596/msu_ws/install/slam_toolbox/include/slam_toolbox/slam_toolbox
[33.395s] -- Up-to-date: /home/rstole01/Documents/CSE-596/msu_ws/install/slam_toolbox/include/slam_toolbox/slam_toolbox/srv
[33.395s] -- Up-to-date: /home/rstole01/Documents/CSE-596/msu_ws/install/slam_toolbox/include/slam_toolbox/slam_toolbox/srv/detail
[33.395s] -- Up-to-date: /home/rstole01/Documents/CSE-596/msu_ws/install/slam_toolbox/include/slam_toolbox/slam_toolbox/srv/detail/toggle_interactive__type_support.cpp
[33.395s] -- Up-to-date: /home/rstole01/Documents/CSE-596/msu_ws/install/slam_toolbox/include/slam_toolbox/slam_toolbox/srv/detail/serialize_pose_graph__type_support.cpp
[33.396s] -- Up-to-date: /home/rstole01/Documents/CSE-596/msu_ws/install/slam_toolbox/include/slam_toolbox/slam_toolbox/srv/detail/add_submap__rosidl_typesupport_introspection_cpp.hpp
[33.396s] -- Up-to-date: /home/rstole01/Documents/CSE-596/msu_ws/install/slam_toolbox/include/slam_toolbox/slam_toolbox/srv/detail/toggle_interactive__rosidl_typesupport_introspection_cpp.hpp
[33.396s] -- Up-to-date: /home/rstole01/Documents/CSE-596/msu_ws/install/slam_toolbox/include/slam_toolbox/slam_toolbox/srv/detail/clear_queue__type_support.cpp
[33.397s] -- Up-to-date: /home/rstole01/Documents/CSE-596/msu_ws/install/slam_toolbox/include/slam_toolbox/slam_toolbox/srv/detail/save_map__rosidl_typesupport_introspection_cpp.hpp
[33.397s] -- Up-to-date: /home/rstole01/Documents/CSE-596/msu_ws/install/slam_toolbox/include/slam_toolbox/slam_toolbox/srv/detail/serialize_pose_graph__rosidl_typesupport_introspection_cpp.hpp
[33.397s] -- Up-to-date: /home/rstole01/Documents/CSE-596/msu_ws/install/slam_toolbox/include/slam_toolbox/slam_toolbox/srv/detail/clear__type_support.cpp
[33.397s] -- Up-to-date: /home/rstole01/Documents/CSE-596/msu_ws/install/slam_toolbox/include/slam_toolbox/slam_toolbox/srv/detail/clear__rosidl_typesupport_introspection_cpp.hpp
[33.398s] -- Up-to-date: /home/rstole01/Documents/CSE-596/msu_ws/install/slam_toolbox/include/slam_toolbox/slam_toolbox/srv/detail/pause__type_support.cpp
[33.398s] -- Up-to-date: /home/rstole01/Documents/CSE-596/msu_ws/install/slam_toolbox/include/slam_toolbox/slam_toolbox/srv/detail/add_submap__type_support.cpp
[33.398s] -- Up-to-date: /home/rstole01/Documents/CSE-596/msu_ws/install/slam_toolbox/include/slam_toolbox/slam_toolbox/srv/detail/deserialize_pose_graph__rosidl_typesupport_introspection_cpp.hpp
[33.398s] -- Up-to-date: /home/rstole01/Documents/CSE-596/msu_ws/install/slam_toolbox/include/slam_toolbox/slam_toolbox/srv/detail/merge_maps__rosidl_typesupport_introspection_cpp.hpp
[33.399s] -- Up-to-date: /home/rstole01/Documents/CSE-596/msu_ws/install/slam_toolbox/include/slam_toolbox/slam_toolbox/srv/detail/pause__rosidl_typesupport_introspection_cpp.hpp
[33.399s] -- Up-to-date: /home/rstole01/Documents/CSE-596/msu_ws/install/slam_toolbox/include/slam_toolbox/slam_toolbox/srv/detail/merge_maps__type_support.cpp
[33.399s] -- Up-to-date: /home/rstole01/Documents/CSE-596/msu_ws/install/slam_toolbox/include/slam_toolbox/slam_toolbox/srv/detail/save_map__type_support.cpp
[33.399s] -- Up-to-date: /home/rstole01/Documents/CSE-596/msu_ws/install/slam_toolbox/include/slam_toolbox/slam_toolbox/srv/detail/deserialize_pose_graph__type_support.cpp
[33.400s] -- Up-to-date: /home/rstole01/Documents/CSE-596/msu_ws/install/slam_toolbox/include/slam_toolbox/slam_toolbox/srv/detail/loop_closure__rosidl_typesupport_introspection_cpp.hpp
[33.400s] -- Up-to-date: /home/rstole01/Documents/CSE-596/msu_ws/install/slam_toolbox/include/slam_toolbox/slam_toolbox/srv/detail/clear_queue__rosidl_typesupport_introspection_cpp.hpp
[33.400s] -- Up-to-date: /home/rstole01/Documents/CSE-596/msu_ws/install/slam_toolbox/include/slam_toolbox/slam_toolbox/srv/detail/loop_closure__type_support.cpp
[33.400s] -- Up-to-date: /home/rstole01/Documents/CSE-596/msu_ws/install/slam_toolbox/lib/libslam_toolbox__rosidl_typesupport_introspection_cpp.so
[33.401s] -- Up-to-date: /home/rstole01/Documents/CSE-596/msu_ws/install/slam_toolbox/lib/libslam_toolbox__rosidl_typesupport_cpp.so
[33.401s] -- Up-to-date: /home/rstole01/Documents/CSE-596/msu_ws/install/slam_toolbox/share/slam_toolbox/environment/pythonpath.sh
[33.401s] -- Up-to-date: /home/rstole01/Documents/CSE-596/msu_ws/install/slam_toolbox/share/slam_toolbox/environment/pythonpath.dsv
[33.401s] -- Up-to-date: /home/rstole01/Documents/CSE-596/msu_ws/install/slam_toolbox/local/lib/python3.10/dist-packages/slam_toolbox-2.7.2-py3.10.egg-info
[33.402s] -- Installing: /home/rstole01/Documents/CSE-596/msu_ws/install/slam_toolbox/local/lib/python3.10/dist-packages/slam_toolbox-2.7.2-py3.10.egg-info/top_level.txt
[33.402s] -- Installing: /home/rstole01/Documents/CSE-596/msu_ws/install/slam_toolbox/local/lib/python3.10/dist-packages/slam_toolbox-2.7.2-py3.10.egg-info/SOURCES.txt
[33.402s] -- Installing: /home/rstole01/Documents/CSE-596/msu_ws/install/slam_toolbox/local/lib/python3.10/dist-packages/slam_toolbox-2.7.2-py3.10.egg-info/PKG-INFO
[33.402s] -- Installing: /home/rstole01/Documents/CSE-596/msu_ws/install/slam_toolbox/local/lib/python3.10/dist-packages/slam_toolbox-2.7.2-py3.10.egg-info/dependency_links.txt
[33.402s] -- Up-to-date: /home/rstole01/Documents/CSE-596/msu_ws/install/slam_toolbox/local/lib/python3.10/dist-packages/slam_toolbox
[33.403s] -- Up-to-date: /home/rstole01/Documents/CSE-596/msu_ws/install/slam_toolbox/local/lib/python3.10/dist-packages/slam_toolbox/libslam_toolbox__rosidl_generator_py.so
[33.403s] -- Up-to-date: /home/rstole01/Documents/CSE-596/msu_ws/install/slam_toolbox/local/lib/python3.10/dist-packages/slam_toolbox/slam_toolbox_s__rosidl_typesupport_introspection_c.cpython-310-x86_64-linux-gnu.so
[33.403s] -- Up-to-date: /home/rstole01/Documents/CSE-596/msu_ws/install/slam_toolbox/local/lib/python3.10/dist-packages/slam_toolbox/_slam_toolbox_s.ep.rosidl_typesupport_fastrtps_c.c
[33.403s] -- Up-to-date: /home/rstole01/Documents/CSE-596/msu_ws/install/slam_toolbox/local/lib/python3.10/dist-packages/slam_toolbox/slam_toolbox_s__rosidl_typesupport_c.cpython-310-x86_64-linux-gnu.so
[33.404s] -- Up-to-date: /home/rstole01/Documents/CSE-596/msu_ws/install/slam_toolbox/local/lib/python3.10/dist-packages/slam_toolbox/srv
[33.404s] -- Up-to-date: /home/rstole01/Documents/CSE-596/msu_ws/install/slam_toolbox/local/lib/python3.10/dist-packages/slam_toolbox/srv/_merge_maps.py
[33.404s] -- Up-to-date: /home/rstole01/Documents/CSE-596/msu_ws/install/slam_toolbox/local/lib/python3.10/dist-packages/slam_toolbox/srv/_add_submap_s.c
[33.404s] -- Up-to-date: /home/rstole01/Documents/CSE-596/msu_ws/install/slam_toolbox/local/lib/python3.10/dist-packages/slam_toolbox/srv/_deserialize_pose_graph.py
[33.404s] -- Up-to-date: /home/rstole01/Documents/CSE-596/msu_ws/install/slam_toolbox/local/lib/python3.10/dist-packages/slam_toolbox/srv/_clear_queue_s.c
[33.405s] -- Up-to-date: /home/rstole01/Documents/CSE-596/msu_ws/install/slam_toolbox/local/lib/python3.10/dist-packages/slam_toolbox/srv/_toggle_interactive_s.c
[33.405s] -- Up-to-date: /home/rstole01/Documents/CSE-596/msu_ws/install/slam_toolbox/local/lib/python3.10/dist-packages/slam_toolbox/srv/_pause.py
[33.405s] -- Up-to-date: /home/rstole01/Documents/CSE-596/msu_ws/install/slam_toolbox/local/lib/python3.10/dist-packages/slam_toolbox/srv/_save_map.py
[33.405s] -- Up-to-date: /home/rstole01/Documents/CSE-596/msu_ws/install/slam_toolbox/local/lib/python3.10/dist-packages/slam_toolbox/srv/_loop_closure.py
[33.406s] -- Up-to-date: /home/rstole01/Documents/CSE-596/msu_ws/install/slam_toolbox/local/lib/python3.10/dist-packages/slam_toolbox/srv/_merge_maps_s.c
[33.406s] -- Up-to-date: /home/rstole01/Documents/CSE-596/msu_ws/install/slam_toolbox/local/lib/python3.10/dist-packages/slam_toolbox/srv/_serialize_pose_graph.py
[33.406s] -- Up-to-date: /home/rstole01/Documents/CSE-596/msu_ws/install/slam_toolbox/local/lib/python3.10/dist-packages/slam_toolbox/srv/_serialize_pose_graph_s.c
[33.406s] -- Up-to-date: /home/rstole01/Documents/CSE-596/msu_ws/install/slam_toolbox/local/lib/python3.10/dist-packages/slam_toolbox/srv/_pause_s.c
[33.406s] -- Up-to-date: /home/rstole01/Documents/CSE-596/msu_ws/install/slam_toolbox/local/lib/python3.10/dist-packages/slam_toolbox/srv/_save_map_s.c
[33.407s] -- Up-to-date: /home/rstole01/Documents/CSE-596/msu_ws/install/slam_toolbox/local/lib/python3.10/dist-packages/slam_toolbox/srv/_clear_queue.py
[33.407s] -- Up-to-date: /home/rstole01/Documents/CSE-596/msu_ws/install/slam_toolbox/local/lib/python3.10/dist-packages/slam_toolbox/srv/__init__.py
[33.407s] -- Up-to-date: /home/rstole01/Documents/CSE-596/msu_ws/install/slam_toolbox/local/lib/python3.10/dist-packages/slam_toolbox/srv/_loop_closure_s.c
[33.407s] -- Up-to-date: /home/rstole01/Documents/CSE-596/msu_ws/install/slam_toolbox/local/lib/python3.10/dist-packages/slam_toolbox/srv/_clear.py
[33.407s] -- Up-to-date: /home/rstole01/Documents/CSE-596/msu_ws/install/slam_toolbox/local/lib/python3.10/dist-packages/slam_toolbox/srv/_toggle_interactive.py
[33.408s] -- Up-to-date: /home/rstole01/Documents/CSE-596/msu_ws/install/slam_toolbox/local/lib/python3.10/dist-packages/slam_toolbox/srv/_add_submap.py
[33.408s] -- Up-to-date: /home/rstole01/Documents/CSE-596/msu_ws/install/slam_toolbox/local/lib/python3.10/dist-packages/slam_toolbox/srv/_deserialize_pose_graph_s.c
[33.408s] -- Up-to-date: /home/rstole01/Documents/CSE-596/msu_ws/install/slam_toolbox/local/lib/python3.10/dist-packages/slam_toolbox/srv/_clear_s.c
[33.408s] -- Up-to-date: /home/rstole01/Documents/CSE-596/msu_ws/install/slam_toolbox/local/lib/python3.10/dist-packages/slam_toolbox/_slam_toolbox_s.ep.rosidl_typesupport_introspection_c.c
[33.409s] -- Up-to-date: /home/rstole01/Documents/CSE-596/msu_ws/install/slam_toolbox/local/lib/python3.10/dist-packages/slam_toolbox/__init__.py
[33.409s] -- Up-to-date: /home/rstole01/Documents/CSE-596/msu_ws/install/slam_toolbox/local/lib/python3.10/dist-packages/slam_toolbox/slam_toolbox_s__rosidl_typesupport_fastrtps_c.cpython-310-x86_64-linux-gnu.so
[33.409s] -- Up-to-date: /home/rstole01/Documents/CSE-596/msu_ws/install/slam_toolbox/local/lib/python3.10/dist-packages/slam_toolbox/_slam_toolbox_s.ep.rosidl_typesupport_c.c
[33.496s] Listing '/home/rstole01/Documents/CSE-596/msu_ws/install/slam_toolbox/local/lib/python3.10/dist-packages/slam_toolbox'...
[33.496s] Listing '/home/rstole01/Documents/CSE-596/msu_ws/install/slam_toolbox/local/lib/python3.10/dist-packages/slam_toolbox/srv'...
[33.507s] -- Up-to-date: /home/rstole01/Documents/CSE-596/msu_ws/install/slam_toolbox/local/lib/python3.10/dist-packages/slam_toolbox/slam_toolbox_s__rosidl_typesupport_fastrtps_c.cpython-310-x86_64-linux-gnu.so
[33.509s] -- Up-to-date: /home/rstole01/Documents/CSE-596/msu_ws/install/slam_toolbox/local/lib/python3.10/dist-packages/slam_toolbox/slam_toolbox_s__rosidl_typesupport_introspection_c.cpython-310-x86_64-linux-gnu.so
[33.509s] -- Up-to-date: /home/rstole01/Documents/CSE-596/msu_ws/install/slam_toolbox/local/lib/python3.10/dist-packages/slam_toolbox/slam_toolbox_s__rosidl_typesupport_c.cpython-310-x86_64-linux-gnu.so
[33.510s] -- Up-to-date: /home/rstole01/Documents/CSE-596/msu_ws/install/slam_toolbox/lib/libslam_toolbox__rosidl_generator_py.so
[33.511s] -- Up-to-date: /home/rstole01/Documents/CSE-596/msu_ws/install/slam_toolbox/share/slam_toolbox/srv/Pause.idl
[33.511s] -- Up-to-date: /home/rstole01/Documents/CSE-596/msu_ws/install/slam_toolbox/share/slam_toolbox/srv/ClearQueue.idl
[33.512s] -- Up-to-date: /home/rstole01/Documents/CSE-596/msu_ws/install/slam_toolbox/share/slam_toolbox/srv/ToggleInteractive.idl
[33.512s] -- Up-to-date: /home/rstole01/Documents/CSE-596/msu_ws/install/slam_toolbox/share/slam_toolbox/srv/Clear.idl
[33.512s] -- Up-to-date: /home/rstole01/Documents/CSE-596/msu_ws/install/slam_toolbox/share/slam_toolbox/srv/SaveMap.idl
[33.513s] -- Up-to-date: /home/rstole01/Documents/CSE-596/msu_ws/install/slam_toolbox/share/slam_toolbox/srv/LoopClosure.idl
[33.513s] -- Up-to-date: /home/rstole01/Documents/CSE-596/msu_ws/install/slam_toolbox/share/slam_toolbox/srv/MergeMaps.idl
[33.513s] -- Up-to-date: /home/rstole01/Documents/CSE-596/msu_ws/install/slam_toolbox/share/slam_toolbox/srv/AddSubmap.idl
[33.514s] -- Up-to-date: /home/rstole01/Documents/CSE-596/msu_ws/install/slam_toolbox/share/slam_toolbox/srv/DeserializePoseGraph.idl
[33.514s] -- Up-to-date: /home/rstole01/Documents/CSE-596/msu_ws/install/slam_toolbox/share/slam_toolbox/srv/SerializePoseGraph.idl
[33.514s] -- Up-to-date: /home/rstole01/Documents/CSE-596/msu_ws/install/slam_toolbox/share/slam_toolbox/srvs/Pause.srv
[33.515s] -- Up-to-date: /home/rstole01/Documents/CSE-596/msu_ws/install/slam_toolbox/share/slam_toolbox/srvs/Pause_Request.msg
[33.515s] -- Up-to-date: /home/rstole01/Documents/CSE-596/msu_ws/install/slam_toolbox/share/slam_toolbox/srvs/Pause_Response.msg
[33.515s] -- Up-to-date: /home/rstole01/Documents/CSE-596/msu_ws/install/slam_toolbox/share/slam_toolbox/srvs/ClearQueue.srv
[33.515s] -- Up-to-date: /home/rstole01/Documents/CSE-596/msu_ws/install/slam_toolbox/share/slam_toolbox/srvs/ClearQueue_Request.msg
[33.516s] -- Up-to-date: /home/rstole01/Documents/CSE-596/msu_ws/install/slam_toolbox/share/slam_toolbox/srvs/ClearQueue_Response.msg
[33.516s] -- Up-to-date: /home/rstole01/Documents/CSE-596/msu_ws/install/slam_toolbox/share/slam_toolbox/srvs/ToggleInteractive.srv
[33.516s] -- Up-to-date: /home/rstole01/Documents/CSE-596/msu_ws/install/slam_toolbox/share/slam_toolbox/srvs/ToggleInteractive_Request.msg
[33.517s] -- Up-to-date: /home/rstole01/Documents/CSE-596/msu_ws/install/slam_toolbox/share/slam_toolbox/srvs/ToggleInteractive_Response.msg
[33.517s] -- Up-to-date: /home/rstole01/Documents/CSE-596/msu_ws/install/slam_toolbox/share/slam_toolbox/srvs/Clear.srv
[33.517s] -- Up-to-date: /home/rstole01/Documents/CSE-596/msu_ws/install/slam_toolbox/share/slam_toolbox/srvs/Clear_Request.msg
[33.517s] -- Up-to-date: /home/rstole01/Documents/CSE-596/msu_ws/install/slam_toolbox/share/slam_toolbox/srvs/Clear_Response.msg
[33.517s] -- Up-to-date: /home/rstole01/Documents/CSE-596/msu_ws/install/slam_toolbox/share/slam_toolbox/srvs/SaveMap.srv
[33.518s] -- Up-to-date: /home/rstole01/Documents/CSE-596/msu_ws/install/slam_toolbox/share/slam_toolbox/srvs/SaveMap_Request.msg
[33.518s] -- Up-to-date: /home/rstole01/Documents/CSE-596/msu_ws/install/slam_toolbox/share/slam_toolbox/srvs/SaveMap_Response.msg
[33.518s] -- Up-to-date: /home/rstole01/Documents/CSE-596/msu_ws/install/slam_toolbox/share/slam_toolbox/srvs/LoopClosure.srv
[33.518s] -- Up-to-date: /home/rstole01/Documents/CSE-596/msu_ws/install/slam_toolbox/share/slam_toolbox/srvs/LoopClosure_Request.msg
[33.518s] -- Up-to-date: /home/rstole01/Documents/CSE-596/msu_ws/install/slam_toolbox/share/slam_toolbox/srvs/LoopClosure_Response.msg
[33.519s] -- Up-to-date: /home/rstole01/Documents/CSE-596/msu_ws/install/slam_toolbox/share/slam_toolbox/srvs/MergeMaps.srv
[33.519s] -- Up-to-date: /home/rstole01/Documents/CSE-596/msu_ws/install/slam_toolbox/share/slam_toolbox/srvs/MergeMaps_Request.msg
[33.519s] -- Up-to-date: /home/rstole01/Documents/CSE-596/msu_ws/install/slam_toolbox/share/slam_toolbox/srvs/MergeMaps_Response.msg
[33.519s] -- Up-to-date: /home/rstole01/Documents/CSE-596/msu_ws/install/slam_toolbox/share/slam_toolbox/srvs/AddSubmap.srv
[33.520s] -- Up-to-date: /home/rstole01/Documents/CSE-596/msu_ws/install/slam_toolbox/share/slam_toolbox/srvs/AddSubmap_Request.msg
[33.520s] -- Up-to-date: /home/rstole01/Documents/CSE-596/msu_ws/install/slam_toolbox/share/slam_toolbox/srvs/AddSubmap_Response.msg
[33.520s] -- Up-to-date: /home/rstole01/Documents/CSE-596/msu_ws/install/slam_toolbox/share/slam_toolbox/srvs/DeserializePoseGraph.srv
[33.520s] -- Up-to-date: /home/rstole01/Documents/CSE-596/msu_ws/install/slam_toolbox/share/slam_toolbox/srvs/DeserializePoseGraph_Request.msg
[33.520s] -- Up-to-date: /home/rstole01/Documents/CSE-596/msu_ws/install/slam_toolbox/share/slam_toolbox/srvs/DeserializePoseGraph_Response.msg
[33.521s] -- Up-to-date: /home/rstole01/Documents/CSE-596/msu_ws/install/slam_toolbox/share/slam_toolbox/srvs/SerializePoseGraph.srv
[33.521s] -- Up-to-date: /home/rstole01/Documents/CSE-596/msu_ws/install/slam_toolbox/share/slam_toolbox/srvs/SerializePoseGraph_Request.msg
[33.521s] -- Up-to-date: /home/rstole01/Documents/CSE-596/msu_ws/install/slam_toolbox/share/slam_toolbox/srvs/SerializePoseGraph_Response.msg
[33.521s] -- Up-to-date: /home/rstole01/Documents/CSE-596/msu_ws/install/slam_toolbox/share/slam_toolbox/rviz_plugins.xml
[33.521s] -- Up-to-date: /home/rstole01/Documents/CSE-596/msu_ws/install/slam_toolbox/share/slam_toolbox/solver_plugins.xml
[33.522s] -- Installing: /home/rstole01/Documents/CSE-596/msu_ws/install/slam_toolbox/lib/slam_toolbox/async_slam_toolbox_node
[33.522s] -- Set runtime path of "/home/rstole01/Documents/CSE-596/msu_ws/install/slam_toolbox/lib/slam_toolbox/async_slam_toolbox_node" to ""
[33.522s] -- Installing: /home/rstole01/Documents/CSE-596/msu_ws/install/slam_toolbox/lib/slam_toolbox/sync_slam_toolbox_node
[33.525s] -- Set runtime path of "/home/rstole01/Documents/CSE-596/msu_ws/install/slam_toolbox/lib/slam_toolbox/sync_slam_toolbox_node" to ""
[33.525s] -- Installing: /home/rstole01/Documents/CSE-596/msu_ws/install/slam_toolbox/lib/slam_toolbox/localization_slam_toolbox_node
[33.529s] -- Set runtime path of "/home/rstole01/Documents/CSE-596/msu_ws/install/slam_toolbox/lib/slam_toolbox/localization_slam_toolbox_node" to ""
[33.530s] -- Installing: /home/rstole01/Documents/CSE-596/msu_ws/install/slam_toolbox/lib/slam_toolbox/map_and_localization_slam_toolbox_node
[33.533s] -- Set runtime path of "/home/rstole01/Documents/CSE-596/msu_ws/install/slam_toolbox/lib/slam_toolbox/map_and_localization_slam_toolbox_node" to ""
[33.533s] -- Installing: /home/rstole01/Documents/CSE-596/msu_ws/install/slam_toolbox/lib/slam_toolbox/merge_maps_kinematic
[33.538s] -- Set runtime path of "/home/rstole01/Documents/CSE-596/msu_ws/install/slam_toolbox/lib/slam_toolbox/merge_maps_kinematic" to ""
[33.539s] -- Installing: /home/rstole01/Documents/CSE-596/msu_ws/install/slam_toolbox/lib/slam_toolbox/lifelong_slam_toolbox_node
[33.542s] -- Set runtime path of "/home/rstole01/Documents/CSE-596/msu_ws/install/slam_toolbox/lib/slam_toolbox/lifelong_slam_toolbox_node" to ""
[33.543s] -- Installing: /home/rstole01/Documents/CSE-596/msu_ws/install/slam_toolbox/lib/libtoolbox_common.so
[33.557s] -- Set runtime path of "/home/rstole01/Documents/CSE-596/msu_ws/install/slam_toolbox/lib/libtoolbox_common.so" to ""
[33.557s] -- Up-to-date: /home/rstole01/Documents/CSE-596/msu_ws/install/slam_toolbox/lib/libSlamToolboxPlugin.so
[33.558s] -- Up-to-date: /home/rstole01/Documents/CSE-596/msu_ws/install/slam_toolbox/lib/libceres_solver_plugin.so
[33.559s] -- Installing: /home/rstole01/Documents/CSE-596/msu_ws/install/slam_toolbox/lib/libasync_slam_toolbox.so
[33.562s] -- Set runtime path of "/home/rstole01/Documents/CSE-596/msu_ws/install/slam_toolbox/lib/libasync_slam_toolbox.so" to ""
[33.563s] -- Installing: /home/rstole01/Documents/CSE-596/msu_ws/install/slam_toolbox/lib/libsync_slam_toolbox.so
[33.567s] -- Set runtime path of "/home/rstole01/Documents/CSE-596/msu_ws/install/slam_toolbox/lib/libsync_slam_toolbox.so" to ""
[33.568s] -- Installing: /home/rstole01/Documents/CSE-596/msu_ws/install/slam_toolbox/lib/liblocalization_slam_toolbox.so
[33.574s] -- Set runtime path of "/home/rstole01/Documents/CSE-596/msu_ws/install/slam_toolbox/lib/liblocalization_slam_toolbox.so" to ""
[33.575s] -- Installing: /home/rstole01/Documents/CSE-596/msu_ws/install/slam_toolbox/lib/liblifelong_slam_toolbox.so
[33.579s] -- Set runtime path of "/home/rstole01/Documents/CSE-596/msu_ws/install/slam_toolbox/lib/liblifelong_slam_toolbox.so" to ""
[33.580s] -- Installing: /home/rstole01/Documents/CSE-596/msu_ws/install/slam_toolbox/lib/libmap_and_localization_slam_toolbox.so
[33.587s] -- Set runtime path of "/home/rstole01/Documents/CSE-596/msu_ws/install/slam_toolbox/lib/libmap_and_localization_slam_toolbox.so" to ""
[33.587s] -- Up-to-date: /home/rstole01/Documents/CSE-596/msu_ws/install/slam_toolbox/lib/libkartoSlamToolbox.so
[33.588s] -- Up-to-date: /home/rstole01/Documents/CSE-596/msu_ws/install/slam_toolbox/lib/libSlamToolboxPlugin.so
[33.589s] -- Up-to-date: /home/rstole01/Documents/CSE-596/msu_ws/install/slam_toolbox/include
[33.589s] -- Up-to-date: /home/rstole01/Documents/CSE-596/msu_ws/install/slam_toolbox/include/slam_toolbox
[33.590s] -- Up-to-date: /home/rstole01/Documents/CSE-596/msu_ws/install/slam_toolbox/include/slam_toolbox/map_saver.hpp
[33.590s] -- Up-to-date: /home/rstole01/Documents/CSE-596/msu_ws/install/slam_toolbox/include/slam_toolbox/loop_closure_assistant.hpp
[33.591s] -- Up-to-date: /home/rstole01/Documents/CSE-596/msu_ws/install/slam_toolbox/include/slam_toolbox/slam_toolbox_localization.hpp
[33.591s] -- Up-to-date: /home/rstole01/Documents/CSE-596/msu_ws/install/slam_toolbox/include/slam_toolbox/serialization.hpp
[33.592s] -- Up-to-date: /home/rstole01/Documents/CSE-596/msu_ws/install/slam_toolbox/include/slam_toolbox/experimental
[33.592s] -- Up-to-date: /home/rstole01/Documents/CSE-596/msu_ws/install/slam_toolbox/include/slam_toolbox/experimental/slam_toolbox_map_and_localization.hpp
[33.592s] -- Up-to-date: /home/rstole01/Documents/CSE-596/msu_ws/install/slam_toolbox/include/slam_toolbox/experimental/slam_toolbox_lifelong.hpp
[33.593s] -- Up-to-date: /home/rstole01/Documents/CSE-596/msu_ws/install/slam_toolbox/include/slam_toolbox/slam_mapper.hpp
[33.593s] -- Up-to-date: /home/rstole01/Documents/CSE-596/msu_ws/install/slam_toolbox/include/slam_toolbox/visualization_utils.hpp
[33.593s] -- Up-to-date: /home/rstole01/Documents/CSE-596/msu_ws/install/slam_toolbox/include/slam_toolbox/slam_toolbox_async.hpp
[33.593s] -- Up-to-date: /home/rstole01/Documents/CSE-596/msu_ws/install/slam_toolbox/include/slam_toolbox/slam_toolbox_sync.hpp
[33.594s] -- Up-to-date: /home/rstole01/Documents/CSE-596/msu_ws/install/slam_toolbox/include/slam_toolbox/get_pose_helper.hpp
[33.594s] -- Up-to-date: /home/rstole01/Documents/CSE-596/msu_ws/install/slam_toolbox/include/slam_toolbox/toolbox_types.hpp
[33.594s] -- Up-to-date: /home/rstole01/Documents/CSE-596/msu_ws/install/slam_toolbox/include/slam_toolbox/toolbox_msgs.hpp
[33.594s] -- Up-to-date: /home/rstole01/Documents/CSE-596/msu_ws/install/slam_toolbox/include/slam_toolbox/slam_toolbox_common.hpp
[33.595s] -- Up-to-date: /home/rstole01/Documents/CSE-596/msu_ws/install/slam_toolbox/include/slam_toolbox/laser_utils.hpp
[33.595s] -- Up-to-date: /home/rstole01/Documents/CSE-596/msu_ws/install/slam_toolbox/include/slam_toolbox/merge_maps_kinematic.hpp
[33.595s] -- Up-to-date: /home/rstole01/Documents/CSE-596/msu_ws/install/slam_toolbox/include/slam_toolbox/snap_utils.hpp
[33.595s] -- Up-to-date: /home/rstole01/Documents/CSE-596/msu_ws/install/slam_toolbox/share/slam_toolbox/launch
[33.596s] -- Up-to-date: /home/rstole01/Documents/CSE-596/msu_ws/install/slam_toolbox/share/slam_toolbox/launch/online_sync_launch.py
[33.596s] -- Up-to-date: /home/rstole01/Documents/CSE-596/msu_ws/install/slam_toolbox/share/slam_toolbox/launch/reset_and_slam_launch.py
[33.596s] -- Up-to-date: /home/rstole01/Documents/CSE-596/msu_ws/install/slam_toolbox/share/slam_toolbox/launch/online_async_launch.py
[33.596s] -- Up-to-date: /home/rstole01/Documents/CSE-596/msu_ws/install/slam_toolbox/share/slam_toolbox/launch/offline_launch.py
[33.596s] -- Up-to-date: /home/rstole01/Documents/CSE-596/msu_ws/install/slam_toolbox/share/slam_toolbox/launch/localization_launch.py
[33.597s] -- Up-to-date: /home/rstole01/Documents/CSE-596/msu_ws/install/slam_toolbox/share/slam_toolbox/launch/merge_maps_kinematic_launch.py
[33.597s] -- Up-to-date: /home/rstole01/Documents/CSE-596/msu_ws/install/slam_toolbox/share/slam_toolbox/launch/lifelong_launch.py
[33.597s] -- Up-to-date: /home/rstole01/Documents/CSE-596/msu_ws/install/slam_toolbox/share/slam_toolbox/config
[33.597s] -- Up-to-date: /home/rstole01/Documents/CSE-596/msu_ws/install/slam_toolbox/share/slam_toolbox/config/mapper_params_online_async.yaml
[33.598s] -- Up-to-date: /home/rstole01/Documents/CSE-596/msu_ws/install/slam_toolbox/share/slam_toolbox/config/mapper_params_online_sync.yaml
[33.598s] -- Up-to-date: /home/rstole01/Documents/CSE-596/msu_ws/install/slam_toolbox/share/slam_toolbox/config/mapper_params_lifelong.yaml
[33.598s] -- Up-to-date: /home/rstole01/Documents/CSE-596/msu_ws/install/slam_toolbox/share/slam_toolbox/config/mapper_params_offline.yaml
[33.598s] -- Up-to-date: /home/rstole01/Documents/CSE-596/msu_ws/install/slam_toolbox/share/slam_toolbox/config/slam_toolbox_default.rviz
[33.599s] -- Up-to-date: /home/rstole01/Documents/CSE-596/msu_ws/install/slam_toolbox/share/slam_toolbox/config/mapper_params_localization.yaml
[33.599s] -- Up-to-date: /home/rstole01/Documents/CSE-596/msu_ws/install/slam_toolbox/share/solver_plugins.xml
[33.599s] -- Up-to-date: /home/rstole01/Documents/CSE-596/msu_ws/install/slam_toolbox/share/rviz_plugins.xml
[33.599s] -- Up-to-date: /home/rstole01/Documents/CSE-596/msu_ws/install/slam_toolbox/share/ament_index/resource_index/package_run_dependencies/slam_toolbox
[33.600s] -- Up-to-date: /home/rstole01/Documents/CSE-596/msu_ws/install/slam_toolbox/share/ament_index/resource_index/parent_prefix_path/slam_toolbox
[33.600s] -- Up-to-date: /home/rstole01/Documents/CSE-596/msu_ws/install/slam_toolbox/share/slam_toolbox/environment/ament_prefix_path.sh
[33.600s] -- Up-to-date: /home/rstole01/Documents/CSE-596/msu_ws/install/slam_toolbox/share/slam_toolbox/environment/ament_prefix_path.dsv
[33.601s] -- Up-to-date: /home/rstole01/Documents/CSE-596/msu_ws/install/slam_toolbox/share/slam_toolbox/environment/path.sh
[33.601s] -- Up-to-date: /home/rstole01/Documents/CSE-596/msu_ws/install/slam_toolbox/share/slam_toolbox/environment/path.dsv
[33.601s] -- Up-to-date: /home/rstole01/Documents/CSE-596/msu_ws/install/slam_toolbox/share/slam_toolbox/local_setup.bash
[33.602s] -- Up-to-date: /home/rstole01/Documents/CSE-596/msu_ws/install/slam_toolbox/share/slam_toolbox/local_setup.sh
[33.602s] -- Up-to-date: /home/rstole01/Documents/CSE-596/msu_ws/install/slam_toolbox/share/slam_toolbox/local_setup.zsh
[33.602s] -- Up-to-date: /home/rstole01/Documents/CSE-596/msu_ws/install/slam_toolbox/share/slam_toolbox/local_setup.dsv
[33.603s] -- Installing: /home/rstole01/Documents/CSE-596/msu_ws/install/slam_toolbox/share/slam_toolbox/package.dsv
[33.603s] -- Up-to-date: /home/rstole01/Documents/CSE-596/msu_ws/install/slam_toolbox/share/ament_index/resource_index/packages/slam_toolbox
[33.603s] -- Up-to-date: /home/rstole01/Documents/CSE-596/msu_ws/install/slam_toolbox/share/ament_index/resource_index/rviz_common__pluginlib__plugin/slam_toolbox
[33.603s] -- Up-to-date: /home/rstole01/Documents/CSE-596/msu_ws/install/slam_toolbox/share/ament_index/resource_index/slam_toolbox__pluginlib__plugin/slam_toolbox
[33.604s] -- Up-to-date: /home/rstole01/Documents/CSE-596/msu_ws/install/slam_toolbox/share/slam_toolbox/cmake/export_slam_toolbox__rosidl_generator_cExport.cmake
[33.604s] -- Up-to-date: /home/rstole01/Documents/CSE-596/msu_ws/install/slam_toolbox/share/slam_toolbox/cmake/export_slam_toolbox__rosidl_generator_cExport-release.cmake
[33.604s] -- Up-to-date: /home/rstole01/Documents/CSE-596/msu_ws/install/slam_toolbox/share/slam_toolbox/cmake/export_slam_toolbox__rosidl_typesupport_fastrtps_cExport.cmake
[33.604s] -- Up-to-date: /home/rstole01/Documents/CSE-596/msu_ws/install/slam_toolbox/share/slam_toolbox/cmake/export_slam_toolbox__rosidl_typesupport_fastrtps_cExport-release.cmake
[33.605s] -- Up-to-date: /home/rstole01/Documents/CSE-596/msu_ws/install/slam_toolbox/share/slam_toolbox/cmake/export_slam_toolbox__rosidl_generator_cppExport.cmake
[33.605s] -- Up-to-date: /home/rstole01/Documents/CSE-596/msu_ws/install/slam_toolbox/share/slam_toolbox/cmake/export_slam_toolbox__rosidl_typesupport_fastrtps_cppExport.cmake
[33.605s] -- Up-to-date: /home/rstole01/Documents/CSE-596/msu_ws/install/slam_toolbox/share/slam_toolbox/cmake/export_slam_toolbox__rosidl_typesupport_fastrtps_cppExport-release.cmake
[33.605s] -- Up-to-date: /home/rstole01/Documents/CSE-596/msu_ws/install/slam_toolbox/share/slam_toolbox/cmake/slam_toolbox__rosidl_typesupport_introspection_cExport.cmake
[33.606s] -- Up-to-date: /home/rstole01/Documents/CSE-596/msu_ws/install/slam_toolbox/share/slam_toolbox/cmake/slam_toolbox__rosidl_typesupport_introspection_cExport-release.cmake
[33.606s] -- Up-to-date: /home/rstole01/Documents/CSE-596/msu_ws/install/slam_toolbox/share/slam_toolbox/cmake/slam_toolbox__rosidl_typesupport_cExport.cmake
[33.608s] -- Up-to-date: /home/rstole01/Documents/CSE-596/msu_ws/install/slam_toolbox/share/slam_toolbox/cmake/slam_toolbox__rosidl_typesupport_cExport-release.cmake
[33.609s] -- Up-to-date: /home/rstole01/Documents/CSE-596/msu_ws/install/slam_toolbox/share/slam_toolbox/cmake/slam_toolbox__rosidl_typesupport_introspection_cppExport.cmake
[33.609s] -- Up-to-date: /home/rstole01/Documents/CSE-596/msu_ws/install/slam_toolbox/share/slam_toolbox/cmake/slam_toolbox__rosidl_typesupport_introspection_cppExport-release.cmake
[33.610s] -- Up-to-date: /home/rstole01/Documents/CSE-596/msu_ws/install/slam_toolbox/share/slam_toolbox/cmake/slam_toolbox__rosidl_typesupport_cppExport.cmake
[33.610s] -- Up-to-date: /home/rstole01/Documents/CSE-596/msu_ws/install/slam_toolbox/share/slam_toolbox/cmake/slam_toolbox__rosidl_typesupport_cppExport-release.cmake
[33.611s] -- Up-to-date: /home/rstole01/Documents/CSE-596/msu_ws/install/slam_toolbox/share/slam_toolbox/cmake/export_slam_toolbox__rosidl_generator_pyExport.cmake
[33.611s] -- Up-to-date: /home/rstole01/Documents/CSE-596/msu_ws/install/slam_toolbox/share/slam_toolbox/cmake/export_slam_toolbox__rosidl_generator_pyExport-release.cmake
[33.612s] -- Up-to-date: /home/rstole01/Documents/CSE-596/msu_ws/install/slam_toolbox/share/slam_toolbox/cmake/SlamToolboxPluginExport.cmake
[33.613s] -- Up-to-date: /home/rstole01/Documents/CSE-596/msu_ws/install/slam_toolbox/share/slam_toolbox/cmake/SlamToolboxPluginExport-release.cmake
[33.613s] -- Up-to-date: /home/rstole01/Documents/CSE-596/msu_ws/install/slam_toolbox/share/slam_toolbox/cmake/rosidl_cmake-extras.cmake
[33.614s] -- Up-to-date: /home/rstole01/Documents/CSE-596/msu_ws/install/slam_toolbox/share/slam_toolbox/cmake/ament_cmake_export_dependencies-extras.cmake
[33.614s] -- Up-to-date: /home/rstole01/Documents/CSE-596/msu_ws/install/slam_toolbox/share/slam_toolbox/cmake/ament_cmake_export_include_directories-extras.cmake
[33.615s] -- Up-to-date: /home/rstole01/Documents/CSE-596/msu_ws/install/slam_toolbox/share/slam_toolbox/cmake/ament_cmake_export_libraries-extras.cmake
[33.615s] -- Up-to-date: /home/rstole01/Documents/CSE-596/msu_ws/install/slam_toolbox/share/slam_toolbox/cmake/ament_cmake_export_targets-extras.cmake
[33.616s] -- Up-to-date: /home/rstole01/Documents/CSE-596/msu_ws/install/slam_toolbox/share/slam_toolbox/cmake/rosidl_cmake_export_typesupport_targets-extras.cmake
[33.616s] -- Up-to-date: /home/rstole01/Documents/CSE-596/msu_ws/install/slam_toolbox/share/slam_toolbox/cmake/rosidl_cmake_export_typesupport_libraries-extras.cmake
[33.617s] -- Up-to-date: /home/rstole01/Documents/CSE-596/msu_ws/install/slam_toolbox/share/slam_toolbox/cmake/slam_toolboxConfig.cmake
[33.617s] -- Up-to-date: /home/rstole01/Documents/CSE-596/msu_ws/install/slam_toolbox/share/slam_toolbox/cmake/slam_toolboxConfig-version.cmake
[33.618s] -- Up-to-date: /home/rstole01/Documents/CSE-596/msu_ws/install/slam_toolbox/share/slam_toolbox/package.xml
[33.618s] -- Up-to-date: /home/rstole01/Documents/CSE-596/msu_ws/install/slam_toolbox/include/
[33.619s] -- Up-to-date: /home/rstole01/Documents/CSE-596/msu_ws/install/slam_toolbox/include//karto_sdk
[33.619s] -- Up-to-date: /home/rstole01/Documents/CSE-596/msu_ws/install/slam_toolbox/include//karto_sdk/nanoflann_adaptors.h
[33.619s] -- Up-to-date: /home/rstole01/Documents/CSE-596/msu_ws/install/slam_toolbox/include//karto_sdk/nanoflann.hpp
[33.620s] -- Up-to-date: /home/rstole01/Documents/CSE-596/msu_ws/install/slam_toolbox/include//karto_sdk/Macros.h
[33.620s] -- Up-to-date: /home/rstole01/Documents/CSE-596/msu_ws/install/slam_toolbox/include//karto_sdk/Types.h
[33.620s] -- Up-to-date: /home/rstole01/Documents/CSE-596/msu_ws/install/slam_toolbox/include//karto_sdk/Mapper.h
[33.621s] -- Up-to-date: /home/rstole01/Documents/CSE-596/msu_ws/install/slam_toolbox/include//karto_sdk/Math.h
[33.621s] -- Up-to-date: /home/rstole01/Documents/CSE-596/msu_ws/install/slam_toolbox/include//karto_sdk/Karto.h
[33.622s] Invoked command in '/home/rstole01/Documents/CSE-596/msu_ws/build/slam_toolbox' returned '0': CMAKE_PREFIX_PATH=${CMAKE_PREFIX_PATH}:/home/rstole01/Documents/CSE-596/msu_ws/install/waypoint_writer:/home/rstole01/Documents/CSE-596/msu_ws/install/waypoint_follow:/home/rstole01/Documents/CSE-596/msu_ws/install/wall_follower_pid:/home/rstole01/Documents/CSE-596/msu_ws/install/qlearn:/home/rstole01/Documents/CSE-596/msu_ws/install/py_pubsub:/home/rstole01/Documents/CSE-596/msu_ws/install/plexer360:/home/rstole01/Documents/CSE-596/msu_ws/install/painter:/home/rstole01/Documents/CSE-596/msu_ws/install/f1tenth_gym_ros:/opt/ros/humble /usr/bin/cmake --install /home/rstole01/Documents/CSE-596/msu_ws/build/slam_toolbox
