[0.829s] Invoking command in '/home/rstole01/Documents/CapstoneGit/humble_ws/build/lab1_package': CMAKE_PREFIX_PATH=${CMAKE_PREFIX_PATH}:/home/rstole01/Documents/CapstoneGit/humble_ws/install/waypoint_logger:/home/rstole01/Documents/CapstoneGit/humble_ws/install/f1tenth_gym_ros:/opt/ros/humble /usr/bin/cmake --build /home/rstole01/Documents/CapstoneGit/humble_ws/build/lab1_package -- -j8 -l8
[0.866s] [0mCMake Error: The current CMakeCache.txt directory /home/rstole01/Documents/CapstoneGit/humble_ws/build/lab1_package/CMakeCache.txt is different than the directory /home/rstole01/Documents/CSE-596/humble_ws/build/lab1_package where CMakeCache.txt was created. This may result in binaries being created in the wrong place. If you are not sure, reedit the CMakeCache.txt[0m
[0.964s] [100%] Built target my_node
[1.646s] Invoked command in '/home/rstole01/Documents/CapstoneGit/humble_ws/build/lab1_package' returned '0': CMAKE_PREFIX_PATH=${CMAKE_PREFIX_PATH}:/home/rstole01/Documents/CapstoneGit/humble_ws/install/waypoint_logger:/home/rstole01/Documents/CapstoneGit/humble_ws/install/f1tenth_gym_ros:/opt/ros/humble /usr/bin/cmake --build /home/rstole01/Documents/CapstoneGit/humble_ws/build/lab1_package -- -j8 -l8
[1.884s] Invoking command in '/home/rstole01/Documents/CapstoneGit/humble_ws/build/lab1_package': CMAKE_PREFIX_PATH=${CMAKE_PREFIX_PATH}:/home/rstole01/Documents/CapstoneGit/humble_ws/install/waypoint_logger:/home/rstole01/Documents/CapstoneGit/humble_ws/install/f1tenth_gym_ros:/opt/ros/humble /usr/bin/cmake --install /home/rstole01/Documents/CapstoneGit/humble_ws/build/lab1_package
[1.917s] -- Install configuration: ""
[1.917s] -- Up-to-date: /home/rstole01/Documents/CSE-596/humble_ws/install/lab1_package/lib/lab1_package/my_node
[1.918s] -- Up-to-date: /home/rstole01/Documents/CSE-596/humble_ws/install/lab1_package/share/ament_index/resource_index/package_run_dependencies/lab1_package
[1.921s] -- Up-to-date: /home/rstole01/Documents/CSE-596/humble_ws/install/lab1_package/share/ament_index/resource_index/parent_prefix_path/lab1_package
[1.921s] -- Up-to-date: /home/rstole01/Documents/CSE-596/humble_ws/install/lab1_package/share/lab1_package/environment/ament_prefix_path.sh
[1.922s] -- Up-to-date: /home/rstole01/Documents/CSE-596/humble_ws/install/lab1_package/share/lab1_package/environment/ament_prefix_path.dsv
[1.922s] -- Up-to-date: /home/rstole01/Documents/CSE-596/humble_ws/install/lab1_package/share/lab1_package/environment/path.sh
[1.922s] -- Up-to-date: /home/rstole01/Documents/CSE-596/humble_ws/install/lab1_package/share/lab1_package/environment/path.dsv
[1.922s] -- Up-to-date: /home/rstole01/Documents/CSE-596/humble_ws/install/lab1_package/share/lab1_package/local_setup.bash
[1.923s] -- Up-to-date: /home/rstole01/Documents/CSE-596/humble_ws/install/lab1_package/share/lab1_package/local_setup.sh
[1.923s] -- Up-to-date: /home/rstole01/Documents/CSE-596/humble_ws/install/lab1_package/share/lab1_package/local_setup.zsh
[1.923s] -- Up-to-date: /home/rstole01/Documents/CSE-596/humble_ws/install/lab1_package/share/lab1_package/local_setup.dsv
[1.930s] -- Installing: /home/rstole01/Documents/CSE-596/humble_ws/install/lab1_package/share/lab1_package/package.dsv
[1.931s] -- Up-to-date: /home/rstole01/Documents/CSE-596/humble_ws/install/lab1_package/share/ament_index/resource_index/packages/lab1_package
[1.932s] -- Up-to-date: /home/rstole01/Documents/CSE-596/humble_ws/install/lab1_package/share/lab1_package/cmake/lab1_packageConfig.cmake
[1.932s] -- Up-to-date: /home/rstole01/Documents/CSE-596/humble_ws/install/lab1_package/share/lab1_package/cmake/lab1_packageConfig-version.cmake
[1.933s] -- Up-to-date: /home/rstole01/Documents/CSE-596/humble_ws/install/lab1_package/share/lab1_package/package.xml
[1.941s] Invoked command in '/home/rstole01/Documents/CapstoneGit/humble_ws/build/lab1_package' returned '0': CMAKE_PREFIX_PATH=${CMAKE_PREFIX_PATH}:/home/rstole01/Documents/CapstoneGit/humble_ws/install/waypoint_logger:/home/rstole01/Documents/CapstoneGit/humble_ws/install/f1tenth_gym_ros:/opt/ros/humble /usr/bin/cmake --install /home/rstole01/Documents/CapstoneGit/humble_ws/build/lab1_package
