[2.042s] Invoking command in '/home/rstole01/Documents/CSE-596/humble_ws/src/waypoint_logger': PYTHONPATH=/home/rstole01/Documents/CSE-596/humble_ws/build/waypoint_logger/prefix_override:/home/rstole01/Documents/CSE-596/humble_ws/install/waypoint_logger/lib/python3.10/site-packages:${PYTHONPATH} /usr/bin/python3 setup.py egg_info --egg-base ../../build/waypoint_logger build --build-base /home/rstole01/Documents/CSE-596/humble_ws/build/waypoint_logger/build install --record /home/rstole01/Documents/CSE-596/humble_ws/build/waypoint_logger/install.log --single-version-externally-managed
[2.597s] running egg_info
[2.598s] writing ../../build/waypoint_logger/waypoint_logger.egg-info/PKG-INFO
[2.599s] writing dependency_links to ../../build/waypoint_logger/waypoint_logger.egg-info/dependency_links.txt
[2.599s] writing entry points to ../../build/waypoint_logger/waypoint_logger.egg-info/entry_points.txt
[2.600s] writing requirements to ../../build/waypoint_logger/waypoint_logger.egg-info/requires.txt
[2.600s] writing top-level names to ../../build/waypoint_logger/waypoint_logger.egg-info/top_level.txt
[2.605s] reading manifest file '../../build/waypoint_logger/waypoint_logger.egg-info/SOURCES.txt'
[2.624s] adding license file 'LICENSE'
[2.626s] writing manifest file '../../build/waypoint_logger/waypoint_logger.egg-info/SOURCES.txt'
[2.626s] running build
[2.626s] running build_py
[2.627s] copying waypoint_logger/waypoint_logger.py -> /home/rstole01/Documents/CSE-596/humble_ws/build/waypoint_logger/build/lib/waypoint_logger
[2.627s] running install
[2.627s] /usr/lib/python3/dist-packages/setuptools/command/install.py:34: SetuptoolsDeprecationWarning: setup.py install is deprecated. Use build and pip and other standards-based tools.
[2.627s]   warnings.warn(
[2.628s] running install_lib
[2.629s] copying /home/rstole01/Documents/CSE-596/humble_ws/build/waypoint_logger/build/lib/waypoint_logger/waypoint_logger.py -> /home/rstole01/Documents/CSE-596/humble_ws/install/waypoint_logger/lib/python3.10/site-packages/waypoint_logger
[2.630s] byte-compiling /home/rstole01/Documents/CSE-596/humble_ws/install/waypoint_logger/lib/python3.10/site-packages/waypoint_logger/waypoint_logger.py to waypoint_logger.cpython-310.pyc
[2.631s]   File "/home/rstole01/Documents/CSE-596/humble_ws/install/waypoint_logger/lib/python3.10/site-packages/waypoint_logger/waypoint_logger.py", line 31
[2.632s]     def listener_callback(self, data:
[2.632s]                          ^
[2.632s] SyntaxError: '(' was never closed
[2.632s] 
[2.633s] running install_data
[2.633s] running install_egg_info
[2.638s] removing '/home/rstole01/Documents/CSE-596/humble_ws/install/waypoint_logger/lib/python3.10/site-packages/waypoint_logger-0.0.0-py3.10.egg-info' (and everything under it)
[2.639s] Copying ../../build/waypoint_logger/waypoint_logger.egg-info to /home/rstole01/Documents/CSE-596/humble_ws/install/waypoint_logger/lib/python3.10/site-packages/waypoint_logger-0.0.0-py3.10.egg-info
[2.640s] running install_scripts
[2.681s] Installing waypoint_logger script to /home/rstole01/Documents/CSE-596/humble_ws/install/waypoint_logger/lib/waypoint_logger
[2.682s] writing list of installed files to '/home/rstole01/Documents/CSE-596/humble_ws/build/waypoint_logger/install.log'
[2.723s] Invoked command in '/home/rstole01/Documents/CSE-596/humble_ws/src/waypoint_logger' returned '0': PYTHONPATH=/home/rstole01/Documents/CSE-596/humble_ws/build/waypoint_logger/prefix_override:/home/rstole01/Documents/CSE-596/humble_ws/install/waypoint_logger/lib/python3.10/site-packages:${PYTHONPATH} /usr/bin/python3 setup.py egg_info --egg-base ../../build/waypoint_logger build --build-base /home/rstole01/Documents/CSE-596/humble_ws/build/waypoint_logger/build install --record /home/rstole01/Documents/CSE-596/humble_ws/build/waypoint_logger/install.log --single-version-externally-managed
