[0.023s] Invoking command in '/home/rstole01/Documents/CSE-596/humble_ws/build/scan_pubsub': CMAKE_PREFIX_PATH=/home/rstole01/Documents/CSE-596/humble_ws/install/tutorial_interfaces:/home/rstole01/Documents/CSE-596/humble_ws/install/scan_pubsub:/home/rstole01/Documents/CSE-596/humble_ws/install/cpp_pubsub:/home/rstole01/Documents/CSE-596/humble_ws/install/pursuit_lab:/home/rstole01/Documents/CSE-596/humble_ws/install/pure-pursuit_lab:/home/rstole01/Documents/CSE-596/humble_ws/install/pid_lab:/home/rstole01/Documents/CSE-596/humble_ws/install/lab1_package:/home/rstole01/Documents/CSE-596/humble_ws/install/aeb_lab:/home/rstole01/Documents/CSE-596/humble_ws/install/waypoint_logger:/home/rstole01/Documents/CSE-596/humble_ws/install/f1tenth_gym_ros:/opt/ros/humble /usr/bin/cmake --build /home/rstole01/Documents/CSE-596/humble_ws/build/scan_pubsub -- -j8 -l8
[0.066s] -- Found ament_cmake: 1.3.8 (/opt/ros/humble/share/ament_cmake/cmake)
[0.321s] -- Found Python3: /usr/bin/python3 (found version "3.10.12") found components: Interpreter 
[0.498s] -- Found rclcpp: 16.0.8 (/opt/ros/humble/share/rclcpp/cmake)
[0.578s] -- Found rosidl_generator_c: 3.1.5 (/opt/ros/humble/share/rosidl_generator_c/cmake)
[0.585s] -- Found rosidl_adapter: 3.1.5 (/opt/ros/humble/share/rosidl_adapter/cmake)
[0.602s] -- Found rosidl_generator_cpp: 3.1.5 (/opt/ros/humble/share/rosidl_generator_cpp/cmake)
[0.637s] -- Using all available rosidl_typesupport_c: rosidl_typesupport_fastrtps_c;rosidl_typesupport_introspection_c
[0.676s] -- Using all available rosidl_typesupport_cpp: rosidl_typesupport_fastrtps_cpp;rosidl_typesupport_introspection_cpp
[0.835s] -- Found rmw_implementation_cmake: 6.1.1 (/opt/ros/humble/share/rmw_implementation_cmake/cmake)
[0.839s] -- Found rmw_cyclonedds_cpp: 1.3.4 (/opt/ros/humble/share/rmw_cyclonedds_cpp/cmake)
[0.918s] -- Using RMW implementation 'rmw_cyclonedds_cpp' as default
[1.230s] -- Found sensor_msgs: 4.2.3 (/opt/ros/humble/share/sensor_msgs/cmake)
[1.448s] -- Found tutorial_interfaces: 0.0.0 (/home/rstole01/Documents/CSE-596/humble_ws/install/tutorial_interfaces/share/tutorial_interfaces/cmake)
[1.671s] -- Configuring done
[1.688s] -- Generating done
[1.691s] -- Build files have been written to: /home/rstole01/Documents/CSE-596/humble_ws/build/scan_pubsub
[1.737s] [35m[1mConsolidate compiler generated dependencies of target pubsub[0m
[1.780s] [ 50%] [32mBuilding CXX object CMakeFiles/pubsub.dir/src/scan_pubsub.cpp.o[0m
[18.602s] [100%] [32m[1mLinking CXX executable pubsub[0m
[19.372s] [100%] Built target pubsub
