running egg_info
creating ../../build/qlearn/qlearn.egg-info
writing ../../build/qlearn/qlearn.egg-info/PKG-INFO
writing dependency_links to ../../build/qlearn/qlearn.egg-info/dependency_links.txt
writing entry points to ../../build/qlearn/qlearn.egg-info/entry_points.txt
writing requirements to ../../build/qlearn/qlearn.egg-info/requires.txt
writing top-level names to ../../build/qlearn/qlearn.egg-info/top_level.txt
writing manifest file '../../build/qlearn/qlearn.egg-info/SOURCES.txt'
reading manifest file '../../build/qlearn/qlearn.egg-info/SOURCES.txt'
writing manifest file '../../build/qlearn/qlearn.egg-info/SOURCES.txt'
running build
running build_py
creating /home/rstole01/Documents/CSE-596/msu_ws/build/qlearn/build
creating /home/rstole01/Documents/CSE-596/msu_ws/build/qlearn/build/lib
creating /home/rstole01/Documents/CSE-596/msu_ws/build/qlearn/build/lib/qlearn
copying qlearn/qlearn.py -> /home/rstole01/Documents/CSE-596/msu_ws/build/qlearn/build/lib/qlearn
copying qlearn/DQN.py -> /home/rstole01/Documents/CSE-596/msu_ws/build/qlearn/build/lib/qlearn
copying qlearn/QNetwork.py -> /home/rstole01/Documents/CSE-596/msu_ws/build/qlearn/build/lib/qlearn
copying qlearn/__init__.py -> /home/rstole01/Documents/CSE-596/msu_ws/build/qlearn/build/lib/qlearn
copying qlearn/ReplayBuffer.py -> /home/rstole01/Documents/CSE-596/msu_ws/build/qlearn/build/lib/qlearn
copying qlearn/QTable.py -> /home/rstole01/Documents/CSE-596/msu_ws/build/qlearn/build/lib/qlearn
running install
/usr/lib/python3/dist-packages/setuptools/command/install.py:34: SetuptoolsDeprecationWarning: setup.py install is deprecated. Use build and pip and other standards-based tools.
  warnings.warn(
running install_lib
creating /home/rstole01/Documents/CSE-596/msu_ws/install/qlearn/lib/python3.10/site-packages/qlearn
copying /home/rstole01/Documents/CSE-596/msu_ws/build/qlearn/build/lib/qlearn/qlearn.py -> /home/rstole01/Documents/CSE-596/msu_ws/install/qlearn/lib/python3.10/site-packages/qlearn
copying /home/rstole01/Documents/CSE-596/msu_ws/build/qlearn/build/lib/qlearn/DQN.py -> /home/rstole01/Documents/CSE-596/msu_ws/install/qlearn/lib/python3.10/site-packages/qlearn
copying /home/rstole01/Documents/CSE-596/msu_ws/build/qlearn/build/lib/qlearn/QNetwork.py -> /home/rstole01/Documents/CSE-596/msu_ws/install/qlearn/lib/python3.10/site-packages/qlearn
copying /home/rstole01/Documents/CSE-596/msu_ws/build/qlearn/build/lib/qlearn/__init__.py -> /home/rstole01/Documents/CSE-596/msu_ws/install/qlearn/lib/python3.10/site-packages/qlearn
copying /home/rstole01/Documents/CSE-596/msu_ws/build/qlearn/build/lib/qlearn/ReplayBuffer.py -> /home/rstole01/Documents/CSE-596/msu_ws/install/qlearn/lib/python3.10/site-packages/qlearn
copying /home/rstole01/Documents/CSE-596/msu_ws/build/qlearn/build/lib/qlearn/QTable.py -> /home/rstole01/Documents/CSE-596/msu_ws/install/qlearn/lib/python3.10/site-packages/qlearn
byte-compiling /home/rstole01/Documents/CSE-596/msu_ws/install/qlearn/lib/python3.10/site-packages/qlearn/qlearn.py to qlearn.cpython-310.pyc
byte-compiling /home/rstole01/Documents/CSE-596/msu_ws/install/qlearn/lib/python3.10/site-packages/qlearn/DQN.py to DQN.cpython-310.pyc
byte-compiling /home/rstole01/Documents/CSE-596/msu_ws/install/qlearn/lib/python3.10/site-packages/qlearn/QNetwork.py to QNetwork.cpython-310.pyc
byte-compiling /home/rstole01/Documents/CSE-596/msu_ws/install/qlearn/lib/python3.10/site-packages/qlearn/__init__.py to __init__.cpython-310.pyc
byte-compiling /home/rstole01/Documents/CSE-596/msu_ws/install/qlearn/lib/python3.10/site-packages/qlearn/ReplayBuffer.py to ReplayBuffer.cpython-310.pyc
byte-compiling /home/rstole01/Documents/CSE-596/msu_ws/install/qlearn/lib/python3.10/site-packages/qlearn/QTable.py to QTable.cpython-310.pyc
running install_data
creating /home/rstole01/Documents/CSE-596/msu_ws/install/qlearn/share/ament_index
creating /home/rstole01/Documents/CSE-596/msu_ws/install/qlearn/share/ament_index/resource_index
creating /home/rstole01/Documents/CSE-596/msu_ws/install/qlearn/share/ament_index/resource_index/packages
copying resource/qlearn -> /home/rstole01/Documents/CSE-596/msu_ws/install/qlearn/share/ament_index/resource_index/packages
copying package.xml -> /home/rstole01/Documents/CSE-596/msu_ws/install/qlearn/share/qlearn
running install_egg_info
Copying ../../build/qlearn/qlearn.egg-info to /home/rstole01/Documents/CSE-596/msu_ws/install/qlearn/lib/python3.10/site-packages/qlearn-0.0.0-py3.10.egg-info
running install_scripts
Installing qlearn script to /home/rstole01/Documents/CSE-596/msu_ws/install/qlearn/lib/qlearn
writing list of installed files to '/home/rstole01/Documents/CSE-596/msu_ws/build/qlearn/install.log'
