[1.028s] Invoking command in '/home/rstole01/Documents/CapstoneGit/humble_ws/build/pid_lab': CMAKE_PREFIX_PATH=${CMAKE_PREFIX_PATH}:/home/rstole01/Documents/CapstoneGit/humble_ws/install/waypoint_logger:/home/rstole01/Documents/CapstoneGit/humble_ws/install/f1tenth_gym_ros:/opt/ros/humble /usr/bin/cmake /home/rstole01/Documents/CapstoneGit/humble_ws/src/pid_lab -DCMAKE_INSTALL_PREFIX=/home/rstole01/Documents/CapstoneGit/humble_ws/install/pid_lab
[2.162s] -- The C compiler identification is GNU 11.4.0
[2.163s] -- The CXX compiler identification is GNU 11.4.0
[2.163s] -- Detecting C compiler ABI info
[2.163s] -- Detecting C compiler ABI info - done
[2.163s] -- Check for working C compiler: /usr/bin/cc - skipped
[2.164s] -- Detecting C compile features
[2.164s] -- Detecting C compile features - done
[2.164s] -- Detecting CXX compiler ABI info
[2.165s] -- Detecting CXX compiler ABI info - done
[2.165s] -- Check for working CXX compiler: /usr/bin/c++ - skipped
[2.165s] -- Detecting CXX compile features
[2.166s] -- Detecting CXX compile features - done
[2.166s] -- Found ament_cmake: 1.3.8 (/opt/ros/humble/share/ament_cmake/cmake)
[2.486s] -- Found Python3: /usr/bin/python3 (found version "3.10.12") found components: Interpreter 
[2.887s] -- Found rclcpp: 16.0.8 (/opt/ros/humble/share/rclcpp/cmake)
[3.183s] -- Found rosidl_generator_c: 3.1.5 (/opt/ros/humble/share/rosidl_generator_c/cmake)
[3.222s] -- Found rosidl_adapter: 3.1.5 (/opt/ros/humble/share/rosidl_adapter/cmake)
[3.260s] -- Found rosidl_generator_cpp: 3.1.5 (/opt/ros/humble/share/rosidl_generator_cpp/cmake)
[3.322s] -- Using all available rosidl_typesupport_c: rosidl_typesupport_fastrtps_c;rosidl_typesupport_introspection_c
[3.408s] -- Using all available rosidl_typesupport_cpp: rosidl_typesupport_fastrtps_cpp;rosidl_typesupport_introspection_cpp
[3.743s] -- Found rmw_implementation_cmake: 6.1.1 (/opt/ros/humble/share/rmw_implementation_cmake/cmake)
[3.766s] -- Found rmw_cyclonedds_cpp: 1.3.4 (/opt/ros/humble/share/rmw_cyclonedds_cpp/cmake)
[3.991s] -- Using RMW implementation 'rmw_cyclonedds_cpp' as default
[4.037s] -- Looking for pthread.h
[4.318s] -- Looking for pthread.h - found
[4.319s] -- Performing Test CMAKE_HAVE_LIBC_PTHREAD
[4.685s] -- Performing Test CMAKE_HAVE_LIBC_PTHREAD - Success
[4.688s] -- Found Threads: TRUE  
[5.375s] -- Found rclpy: 3.3.12 (/opt/ros/humble/share/rclpy/cmake)
[5.384s] -- Found geometry_msgs: 4.2.3 (/opt/ros/humble/share/geometry_msgs/cmake)
[5.557s] -- Found nav_msgs: 4.2.3 (/opt/ros/humble/share/nav_msgs/cmake)
[5.844s] -- Found ackermann_msgs: 2.0.2 (/opt/ros/humble/share/ackermann_msgs/cmake)
[6.036s] -- Found sensor_msgs: 4.2.3 (/opt/ros/humble/share/sensor_msgs/cmake)
[6.312s] -- Found ament_lint_auto: 0.12.10 (/opt/ros/humble/share/ament_lint_auto/cmake)
[6.675s] -- Added test 'copyright' to check source files copyright and LICENSE
[6.680s] -- Added test 'cppcheck' to perform static code analysis on C / C++ code
[6.681s] -- Configured cppcheck include dirs: /home/rstole01/Documents/CapstoneGit/humble_ws/src/pid_lab/include
[6.681s] -- Configured cppcheck exclude dirs and/or files: 
[6.685s] -- Added test 'cpplint' to check C / C++ code against the Google style
[6.685s] -- Configured cpplint exclude dirs and/or files: 
[6.688s] -- Added test 'lint_cmake' to check CMake code style
[6.693s] -- Added test 'uncrustify' to check C / C++ code style
[6.693s] -- Configured uncrustify additional arguments: 
[6.695s] -- Added test 'xmllint' to check XML markup files
[6.700s] -- Configuring done
[6.736s] -- Generating done
[6.741s] -- Build files have been written to: /home/rstole01/Documents/CapstoneGit/humble_ws/build/pid_lab
[6.765s] Invoked command in '/home/rstole01/Documents/CapstoneGit/humble_ws/build/pid_lab' returned '0': CMAKE_PREFIX_PATH=${CMAKE_PREFIX_PATH}:/home/rstole01/Documents/CapstoneGit/humble_ws/install/waypoint_logger:/home/rstole01/Documents/CapstoneGit/humble_ws/install/f1tenth_gym_ros:/opt/ros/humble /usr/bin/cmake /home/rstole01/Documents/CapstoneGit/humble_ws/src/pid_lab -DCMAKE_INSTALL_PREFIX=/home/rstole01/Documents/CapstoneGit/humble_ws/install/pid_lab
[6.769s] Invoking command in '/home/rstole01/Documents/CapstoneGit/humble_ws/build/pid_lab': CMAKE_PREFIX_PATH=${CMAKE_PREFIX_PATH}:/home/rstole01/Documents/CapstoneGit/humble_ws/install/waypoint_logger:/home/rstole01/Documents/CapstoneGit/humble_ws/install/f1tenth_gym_ros:/opt/ros/humble /usr/bin/cmake --build /home/rstole01/Documents/CapstoneGit/humble_ws/build/pid_lab -- -j8 -l8
[6.884s] [ 50%] [32mBuilding CXX object CMakeFiles/pid.dir/src/wall_follow_node.cpp.o[0m
[28.038s] [100%] [32m[1mLinking CXX executable pid[0m
[28.859s] [100%] Built target pid
