[9.862s] Invoking command in '/home/rstole01/Documents/CSE-596/msu_ws/src/qlearn': CMAKE_PREFIX_PATH=/home/rstole01/Documents/CSE-596/msu_ws/install/ackermann_msgs:/home/rstole01/Documents/CSE-596/msu_ws/install/waypoint_publisher:/home/rstole01/Documents/CSE-596/msu_ws/install/slam_toolbox:/home/rstole01/Documents/CSE-596/msu_ws/install/qlearn_interfaces:/home/rstole01/Documents/CSE-596/msu_ws/install/pid_msgs:/home/rstole01/Documents/CSE-596/msu_ws/install/my_messages LD_LIBRARY_PATH=/home/rstole01/Documents/CSE-596/msu_ws/install/ackermann_msgs/lib:/home/rstole01/Documents/CSE-596/msu_ws/install/slam_toolbox/lib:/home/rstole01/Documents/CSE-596/msu_ws/install/qlearn_interfaces/lib:/home/rstole01/Documents/CSE-596/msu_ws/install/pid_msgs/lib:/home/rstole01/Documents/CSE-596/msu_ws/install/my_messages/lib:/usr/lib/x86_64-linux-gnu/gazebo-11/plugins:/opt/ros/humble/opt/rviz_ogre_vendor/lib:/opt/ros/humble/lib/x86_64-linux-gnu:/opt/ros/humble/lib PYTHONPATH=/home/rstole01/Documents/CSE-596/msu_ws/build/qlearn/prefix_override:/home/rstole01/Documents/CSE-596/msu_ws/install/qlearn/lib/python3.10/site-packages:${PYTHONPATH} /usr/bin/python3 setup.py egg_info --egg-base ../../build/qlearn build --build-base /home/rstole01/Documents/CSE-596/msu_ws/build/qlearn/build install --record /home/rstole01/Documents/CSE-596/msu_ws/build/qlearn/install.log --single-version-externally-managed
[10.814s] running egg_info
[10.816s] writing ../../build/qlearn/qlearn.egg-info/PKG-INFO
[10.817s] writing dependency_links to ../../build/qlearn/qlearn.egg-info/dependency_links.txt
[10.817s] writing entry points to ../../build/qlearn/qlearn.egg-info/entry_points.txt
[10.818s] writing requirements to ../../build/qlearn/qlearn.egg-info/requires.txt
[10.818s] writing top-level names to ../../build/qlearn/qlearn.egg-info/top_level.txt
[10.823s] reading manifest file '../../build/qlearn/qlearn.egg-info/SOURCES.txt'
[10.827s] writing manifest file '../../build/qlearn/qlearn.egg-info/SOURCES.txt'
[10.828s] running build
[10.828s] running build_py
[10.833s] running install
[10.833s] /usr/lib/python3/dist-packages/setuptools/command/install.py:34: SetuptoolsDeprecationWarning: setup.py install is deprecated. Use build and pip and other standards-based tools.
[10.833s]   warnings.warn(
[10.834s] running install_lib
[10.835s] running install_data
[10.837s] running install_egg_info
[10.842s] removing '/home/rstole01/Documents/CSE-596/msu_ws/install/qlearn/lib/python3.10/site-packages/qlearn-0.0.0-py3.10.egg-info' (and everything under it)
[10.843s] Copying ../../build/qlearn/qlearn.egg-info to /home/rstole01/Documents/CSE-596/msu_ws/install/qlearn/lib/python3.10/site-packages/qlearn-0.0.0-py3.10.egg-info
[10.845s] running install_scripts
[10.901s] Installing qlearn script to /home/rstole01/Documents/CSE-596/msu_ws/install/qlearn/lib/qlearn
[10.902s] writing list of installed files to '/home/rstole01/Documents/CSE-596/msu_ws/build/qlearn/install.log'
[11.115s] Invoked command in '/home/rstole01/Documents/CSE-596/msu_ws/src/qlearn' returned '0': CMAKE_PREFIX_PATH=/home/rstole01/Documents/CSE-596/msu_ws/install/ackermann_msgs:/home/rstole01/Documents/CSE-596/msu_ws/install/waypoint_publisher:/home/rstole01/Documents/CSE-596/msu_ws/install/slam_toolbox:/home/rstole01/Documents/CSE-596/msu_ws/install/qlearn_interfaces:/home/rstole01/Documents/CSE-596/msu_ws/install/pid_msgs:/home/rstole01/Documents/CSE-596/msu_ws/install/my_messages LD_LIBRARY_PATH=/home/rstole01/Documents/CSE-596/msu_ws/install/ackermann_msgs/lib:/home/rstole01/Documents/CSE-596/msu_ws/install/slam_toolbox/lib:/home/rstole01/Documents/CSE-596/msu_ws/install/qlearn_interfaces/lib:/home/rstole01/Documents/CSE-596/msu_ws/install/pid_msgs/lib:/home/rstole01/Documents/CSE-596/msu_ws/install/my_messages/lib:/usr/lib/x86_64-linux-gnu/gazebo-11/plugins:/opt/ros/humble/opt/rviz_ogre_vendor/lib:/opt/ros/humble/lib/x86_64-linux-gnu:/opt/ros/humble/lib PYTHONPATH=/home/rstole01/Documents/CSE-596/msu_ws/build/qlearn/prefix_override:/home/rstole01/Documents/CSE-596/msu_ws/install/qlearn/lib/python3.10/site-packages:${PYTHONPATH} /usr/bin/python3 setup.py egg_info --egg-base ../../build/qlearn build --build-base /home/rstole01/Documents/CSE-596/msu_ws/build/qlearn/build install --record /home/rstole01/Documents/CSE-596/msu_ws/build/qlearn/install.log --single-version-externally-managed
