[0.104s] Invoking command in '/home/rstole01/Documents/CapstoneGit/humble_ws/build/aeb_lab': CMAKE_PREFIX_PATH=${CMAKE_PREFIX_PATH}:/home/rstole01/Documents/CapstoneGit/humble_ws/install/waypoint_logger:/home/rstole01/Documents/CapstoneGit/humble_ws/install/f1tenth_gym_ros:/opt/ros/humble /usr/bin/cmake /home/rstole01/Documents/CapstoneGit/humble_ws/src/aeb_lab -DCMAKE_INSTALL_PREFIX=/home/rstole01/Documents/CapstoneGit/humble_ws/install/aeb_lab
[2.186s] -- The C compiler identification is GNU 11.4.0
[2.186s] -- The CXX compiler identification is GNU 11.4.0
[2.186s] -- Detecting C compiler ABI info
[2.187s] -- Detecting C compiler ABI info - done
[2.187s] -- Check for working C compiler: /usr/bin/cc - skipped
[2.187s] -- Detecting C compile features
[2.187s] -- Detecting C compile features - done
[2.188s] -- Detecting CXX compiler ABI info
[2.188s] -- Detecting CXX compiler ABI info - done
[2.188s] -- Check for working CXX compiler: /usr/bin/c++ - skipped
[2.188s] -- Detecting CXX compile features
[2.189s] -- Detecting CXX compile features - done
[2.189s] -- Found ament_cmake: 1.3.8 (/opt/ros/humble/share/ament_cmake/cmake)
[2.189s] -- Found Python3: /usr/bin/python3 (found version "3.10.12") found components: Interpreter 
[2.189s] -- Found ackermann_msgs: 2.0.2 (/opt/ros/humble/share/ackermann_msgs/cmake)
[2.190s] -- Found rosidl_generator_c: 3.1.5 (/opt/ros/humble/share/rosidl_generator_c/cmake)
[2.190s] -- Found rosidl_adapter: 3.1.5 (/opt/ros/humble/share/rosidl_adapter/cmake)
[2.190s] -- Found rosidl_generator_cpp: 3.1.5 (/opt/ros/humble/share/rosidl_generator_cpp/cmake)
[2.190s] -- Using all available rosidl_typesupport_c: rosidl_typesupport_fastrtps_c;rosidl_typesupport_introspection_c
[2.191s] -- Using all available rosidl_typesupport_cpp: rosidl_typesupport_fastrtps_cpp;rosidl_typesupport_introspection_cpp
[2.752s] -- Found geometry_msgs: 4.2.3 (/opt/ros/humble/share/geometry_msgs/cmake)
[3.044s] -- Found nav_msgs: 4.2.3 (/opt/ros/humble/share/nav_msgs/cmake)
[3.505s] -- Found rclcpp: 16.0.8 (/opt/ros/humble/share/rclcpp/cmake)
[3.837s] -- Found rmw_implementation_cmake: 6.1.1 (/opt/ros/humble/share/rmw_implementation_cmake/cmake)
[3.851s] -- Found rmw_cyclonedds_cpp: 1.3.4 (/opt/ros/humble/share/rmw_cyclonedds_cpp/cmake)
[4.023s] -- Using RMW implementation 'rmw_cyclonedds_cpp' as default
[4.085s] -- Looking for pthread.h
[4.417s] -- Looking for pthread.h - found
[4.419s] -- Performing Test CMAKE_HAVE_LIBC_PTHREAD
[4.731s] -- Performing Test CMAKE_HAVE_LIBC_PTHREAD - Success
[4.734s] -- Found Threads: TRUE  
[5.377s] -- Found rclpy: 3.3.12 (/opt/ros/humble/share/rclpy/cmake)
[5.387s] -- Found sensor_msgs: 4.2.3 (/opt/ros/humble/share/sensor_msgs/cmake)
[5.942s] -- Configuring done
[5.976s] -- Generating done
[5.981s] -- Build files have been written to: /home/rstole01/Documents/CapstoneGit/humble_ws/build/aeb_lab
[6.004s] Invoked command in '/home/rstole01/Documents/CapstoneGit/humble_ws/build/aeb_lab' returned '0': CMAKE_PREFIX_PATH=${CMAKE_PREFIX_PATH}:/home/rstole01/Documents/CapstoneGit/humble_ws/install/waypoint_logger:/home/rstole01/Documents/CapstoneGit/humble_ws/install/f1tenth_gym_ros:/opt/ros/humble /usr/bin/cmake /home/rstole01/Documents/CapstoneGit/humble_ws/src/aeb_lab -DCMAKE_INSTALL_PREFIX=/home/rstole01/Documents/CapstoneGit/humble_ws/install/aeb_lab
[6.007s] Invoking command in '/home/rstole01/Documents/CapstoneGit/humble_ws/build/aeb_lab': CMAKE_PREFIX_PATH=${CMAKE_PREFIX_PATH}:/home/rstole01/Documents/CapstoneGit/humble_ws/install/waypoint_logger:/home/rstole01/Documents/CapstoneGit/humble_ws/install/f1tenth_gym_ros:/opt/ros/humble /usr/bin/cmake --build /home/rstole01/Documents/CapstoneGit/humble_ws/build/aeb_lab -- -j8 -l8
[6.142s] [ 50%] [32mBuilding CXX object CMakeFiles/aeb.dir/src/aeb.cpp.o[0m
[37.475s] [100%] [32m[1mLinking CXX executable aeb[0m
[37.844s] [100%] Built target aeb
