[2.533s] DEBUG:colcon:Command line arguments: ['/usr/bin/colcon', 'build', '--packages-select', 'wall_follower_pid']
[2.533s] DEBUG:colcon:Parsed command line arguments: Namespace(log_base=None, log_level=None, verb_name='build', build_base='build', install_base='install', merge_install=False, symlink_install=False, test_result_base=None, continue_on_error=False, executor='parallel', parallel_workers=8, event_handlers=None, ignore_user_meta=False, metas=['./colcon.meta'], base_paths=['.'], packages_ignore=None, packages_ignore_regex=None, paths=None, packages_up_to=None, packages_up_to_regex=None, packages_above=None, packages_above_and_dependencies=None, packages_above_depth=None, packages_select_by_dep=None, packages_skip_by_dep=None, packages_skip_up_to=None, packages_select_build_failed=False, packages_skip_build_finished=False, packages_select_test_failures=False, packages_skip_test_passed=False, packages_select=['wall_follower_pid'], packages_skip=None, packages_select_regex=None, packages_skip_regex=None, packages_start=None, packages_end=None, allow_overriding=[], cmake_args=None, cmake_target=None, cmake_target_skip_unavailable=False, cmake_clean_cache=False, cmake_clean_first=False, cmake_force_configure=False, ament_cmake_args=None, catkin_cmake_args=None, catkin_skip_building_tests=False, mixin_files=None, mixin=None, verb_parser=<colcon_mixin.mixin.mixin_argument.MixinArgumentDecorator object at 0x7f66a8cba7d0>, verb_extension=<colcon_core.verb.build.BuildVerb object at 0x7f66a8cba620>, main=<bound method BuildVerb.main of <colcon_core.verb.build.BuildVerb object at 0x7f66a8cba620>>, mixin_verb=('build',))
[2.666s] Level 1:colcon.colcon_core.package_discovery:discover_packages(colcon_meta) check parameters
[2.666s] Level 1:colcon.colcon_core.package_discovery:discover_packages(recursive) check parameters
[2.667s] Level 1:colcon.colcon_core.package_discovery:discover_packages(ignore) check parameters
[2.667s] Level 1:colcon.colcon_core.package_discovery:discover_packages(path) check parameters
[2.667s] Level 1:colcon.colcon_core.package_discovery:discover_packages(colcon_meta) discover
[2.667s] Level 1:colcon.colcon_core.package_discovery:discover_packages(recursive) discover
[2.667s] INFO:colcon.colcon_core.package_discovery:Crawling recursively for packages in '/home/rstole01/Documents/CSE-596/msu_ws'
[2.667s] Level 1:colcon.colcon_core.package_identification:_identify(.) by extensions ['ignore', 'ignore_ament_install']
[2.667s] Level 1:colcon.colcon_core.package_identification:_identify(.) by extension 'ignore'
[2.667s] Level 1:colcon.colcon_core.package_identification:_identify(.) by extension 'ignore_ament_install'
[2.667s] Level 1:colcon.colcon_core.package_identification:_identify(.) by extensions ['colcon_pkg']
[2.668s] Level 1:colcon.colcon_core.package_identification:_identify(.) by extension 'colcon_pkg'
[2.668s] Level 1:colcon.colcon_core.package_identification:_identify(.) by extensions ['colcon_meta']
[2.668s] Level 1:colcon.colcon_core.package_identification:_identify(.) by extension 'colcon_meta'
[2.668s] Level 1:colcon.colcon_core.package_identification:_identify(.) by extensions ['ros']
[2.668s] Level 1:colcon.colcon_core.package_identification:_identify(.) by extension 'ros'
[2.693s] Level 1:colcon.colcon_core.package_identification:_identify(.) by extensions ['cmake', 'python']
[2.693s] Level 1:colcon.colcon_core.package_identification:_identify(.) by extension 'cmake'
[2.693s] Level 1:colcon.colcon_core.package_identification:_identify(.) by extension 'python'
[2.693s] Level 1:colcon.colcon_core.package_identification:_identify(.) by extensions ['python_setup_py']
[2.693s] Level 1:colcon.colcon_core.package_identification:_identify(.) by extension 'python_setup_py'
[2.693s] Level 1:colcon.colcon_core.package_identification:_identify(build) by extensions ['ignore', 'ignore_ament_install']
[2.693s] Level 1:colcon.colcon_core.package_identification:_identify(build) by extension 'ignore'
[2.694s] Level 1:colcon.colcon_core.package_identification:_identify(build) ignored
[2.694s] Level 1:colcon.colcon_core.package_identification:_identify(install) by extensions ['ignore', 'ignore_ament_install']
[2.694s] Level 1:colcon.colcon_core.package_identification:_identify(install) by extension 'ignore'
[2.694s] Level 1:colcon.colcon_core.package_identification:_identify(install) ignored
[2.694s] Level 1:colcon.colcon_core.package_identification:_identify(log) by extensions ['ignore', 'ignore_ament_install']
[2.695s] Level 1:colcon.colcon_core.package_identification:_identify(log) by extension 'ignore'
[2.695s] Level 1:colcon.colcon_core.package_identification:_identify(log) ignored
[2.695s] Level 1:colcon.colcon_core.package_identification:_identify(src) by extensions ['ignore', 'ignore_ament_install']
[2.695s] Level 1:colcon.colcon_core.package_identification:_identify(src) by extension 'ignore'
[2.695s] Level 1:colcon.colcon_core.package_identification:_identify(src) by extension 'ignore_ament_install'
[2.695s] Level 1:colcon.colcon_core.package_identification:_identify(src) by extensions ['colcon_pkg']
[2.695s] Level 1:colcon.colcon_core.package_identification:_identify(src) by extension 'colcon_pkg'
[2.695s] Level 1:colcon.colcon_core.package_identification:_identify(src) by extensions ['colcon_meta']
[2.695s] Level 1:colcon.colcon_core.package_identification:_identify(src) by extension 'colcon_meta'
[2.696s] Level 1:colcon.colcon_core.package_identification:_identify(src) by extensions ['ros']
[2.696s] Level 1:colcon.colcon_core.package_identification:_identify(src) by extension 'ros'
[2.696s] Level 1:colcon.colcon_core.package_identification:_identify(src) by extensions ['cmake', 'python']
[2.696s] Level 1:colcon.colcon_core.package_identification:_identify(src) by extension 'cmake'
[2.696s] Level 1:colcon.colcon_core.package_identification:_identify(src) by extension 'python'
[2.696s] Level 1:colcon.colcon_core.package_identification:_identify(src) by extensions ['python_setup_py']
[2.696s] Level 1:colcon.colcon_core.package_identification:_identify(src) by extension 'python_setup_py'
[2.697s] Level 1:colcon.colcon_core.package_identification:_identify(src/Raceline-Optimization) by extensions ['ignore', 'ignore_ament_install']
[2.697s] Level 1:colcon.colcon_core.package_identification:_identify(src/Raceline-Optimization) by extension 'ignore'
[2.697s] Level 1:colcon.colcon_core.package_identification:_identify(src/Raceline-Optimization) by extension 'ignore_ament_install'
[2.697s] Level 1:colcon.colcon_core.package_identification:_identify(src/Raceline-Optimization) by extensions ['colcon_pkg']
[2.697s] Level 1:colcon.colcon_core.package_identification:_identify(src/Raceline-Optimization) by extension 'colcon_pkg'
[2.697s] Level 1:colcon.colcon_core.package_identification:_identify(src/Raceline-Optimization) by extensions ['colcon_meta']
[2.698s] Level 1:colcon.colcon_core.package_identification:_identify(src/Raceline-Optimization) by extension 'colcon_meta'
[2.698s] Level 1:colcon.colcon_core.package_identification:_identify(src/Raceline-Optimization) by extensions ['ros']
[2.698s] Level 1:colcon.colcon_core.package_identification:_identify(src/Raceline-Optimization) by extension 'ros'
[2.698s] Level 1:colcon.colcon_core.package_identification:_identify(src/Raceline-Optimization) by extensions ['cmake', 'python']
[2.698s] Level 1:colcon.colcon_core.package_identification:_identify(src/Raceline-Optimization) by extension 'cmake'
[2.698s] Level 1:colcon.colcon_core.package_identification:_identify(src/Raceline-Optimization) by extension 'python'
[2.698s] Level 1:colcon.colcon_core.package_identification:_identify(src/Raceline-Optimization) by extensions ['python_setup_py']
[2.698s] Level 1:colcon.colcon_core.package_identification:_identify(src/Raceline-Optimization) by extension 'python_setup_py'
[2.698s] Level 1:colcon.colcon_core.package_identification:_identify(src/Raceline-Optimization/frictionmap) by extensions ['ignore', 'ignore_ament_install']
[2.699s] Level 1:colcon.colcon_core.package_identification:_identify(src/Raceline-Optimization/frictionmap) by extension 'ignore'
[2.699s] Level 1:colcon.colcon_core.package_identification:_identify(src/Raceline-Optimization/frictionmap) by extension 'ignore_ament_install'
[2.699s] Level 1:colcon.colcon_core.package_identification:_identify(src/Raceline-Optimization/frictionmap) by extensions ['colcon_pkg']
[2.699s] Level 1:colcon.colcon_core.package_identification:_identify(src/Raceline-Optimization/frictionmap) by extension 'colcon_pkg'
[2.699s] Level 1:colcon.colcon_core.package_identification:_identify(src/Raceline-Optimization/frictionmap) by extensions ['colcon_meta']
[2.699s] Level 1:colcon.colcon_core.package_identification:_identify(src/Raceline-Optimization/frictionmap) by extension 'colcon_meta'
[2.699s] Level 1:colcon.colcon_core.package_identification:_identify(src/Raceline-Optimization/frictionmap) by extensions ['ros']
[2.699s] Level 1:colcon.colcon_core.package_identification:_identify(src/Raceline-Optimization/frictionmap) by extension 'ros'
[2.699s] Level 1:colcon.colcon_core.package_identification:_identify(src/Raceline-Optimization/frictionmap) by extensions ['cmake', 'python']
[2.699s] Level 1:colcon.colcon_core.package_identification:_identify(src/Raceline-Optimization/frictionmap) by extension 'cmake'
[2.700s] Level 1:colcon.colcon_core.package_identification:_identify(src/Raceline-Optimization/frictionmap) by extension 'python'
[2.700s] Level 1:colcon.colcon_core.package_identification:_identify(src/Raceline-Optimization/frictionmap) by extensions ['python_setup_py']
[2.700s] Level 1:colcon.colcon_core.package_identification:_identify(src/Raceline-Optimization/frictionmap) by extension 'python_setup_py'
[2.700s] Level 1:colcon.colcon_core.package_identification:_identify(src/Raceline-Optimization/frictionmap/src) by extensions ['ignore', 'ignore_ament_install']
[2.700s] Level 1:colcon.colcon_core.package_identification:_identify(src/Raceline-Optimization/frictionmap/src) by extension 'ignore'
[2.700s] Level 1:colcon.colcon_core.package_identification:_identify(src/Raceline-Optimization/frictionmap/src) by extension 'ignore_ament_install'
[2.700s] Level 1:colcon.colcon_core.package_identification:_identify(src/Raceline-Optimization/frictionmap/src) by extensions ['colcon_pkg']
[2.700s] Level 1:colcon.colcon_core.package_identification:_identify(src/Raceline-Optimization/frictionmap/src) by extension 'colcon_pkg'
[2.700s] Level 1:colcon.colcon_core.package_identification:_identify(src/Raceline-Optimization/frictionmap/src) by extensions ['colcon_meta']
[2.701s] Level 1:colcon.colcon_core.package_identification:_identify(src/Raceline-Optimization/frictionmap/src) by extension 'colcon_meta'
[2.701s] Level 1:colcon.colcon_core.package_identification:_identify(src/Raceline-Optimization/frictionmap/src) by extensions ['ros']
[2.701s] Level 1:colcon.colcon_core.package_identification:_identify(src/Raceline-Optimization/frictionmap/src) by extension 'ros'
[2.701s] Level 1:colcon.colcon_core.package_identification:_identify(src/Raceline-Optimization/frictionmap/src) by extensions ['cmake', 'python']
[2.701s] Level 1:colcon.colcon_core.package_identification:_identify(src/Raceline-Optimization/frictionmap/src) by extension 'cmake'
[2.701s] Level 1:colcon.colcon_core.package_identification:_identify(src/Raceline-Optimization/frictionmap/src) by extension 'python'
[2.701s] Level 1:colcon.colcon_core.package_identification:_identify(src/Raceline-Optimization/frictionmap/src) by extensions ['python_setup_py']
[2.701s] Level 1:colcon.colcon_core.package_identification:_identify(src/Raceline-Optimization/frictionmap/src) by extension 'python_setup_py'
[2.701s] Level 1:colcon.colcon_core.package_identification:_identify(src/Raceline-Optimization/helper_funcs_glob) by extensions ['ignore', 'ignore_ament_install']
[2.702s] Level 1:colcon.colcon_core.package_identification:_identify(src/Raceline-Optimization/helper_funcs_glob) by extension 'ignore'
[2.702s] Level 1:colcon.colcon_core.package_identification:_identify(src/Raceline-Optimization/helper_funcs_glob) by extension 'ignore_ament_install'
[2.702s] Level 1:colcon.colcon_core.package_identification:_identify(src/Raceline-Optimization/helper_funcs_glob) by extensions ['colcon_pkg']
[2.702s] Level 1:colcon.colcon_core.package_identification:_identify(src/Raceline-Optimization/helper_funcs_glob) by extension 'colcon_pkg'
[2.702s] Level 1:colcon.colcon_core.package_identification:_identify(src/Raceline-Optimization/helper_funcs_glob) by extensions ['colcon_meta']
[2.702s] Level 1:colcon.colcon_core.package_identification:_identify(src/Raceline-Optimization/helper_funcs_glob) by extension 'colcon_meta'
[2.702s] Level 1:colcon.colcon_core.package_identification:_identify(src/Raceline-Optimization/helper_funcs_glob) by extensions ['ros']
[2.702s] Level 1:colcon.colcon_core.package_identification:_identify(src/Raceline-Optimization/helper_funcs_glob) by extension 'ros'
[2.702s] Level 1:colcon.colcon_core.package_identification:_identify(src/Raceline-Optimization/helper_funcs_glob) by extensions ['cmake', 'python']
[2.702s] Level 1:colcon.colcon_core.package_identification:_identify(src/Raceline-Optimization/helper_funcs_glob) by extension 'cmake'
[2.703s] Level 1:colcon.colcon_core.package_identification:_identify(src/Raceline-Optimization/helper_funcs_glob) by extension 'python'
[2.703s] Level 1:colcon.colcon_core.package_identification:_identify(src/Raceline-Optimization/helper_funcs_glob) by extensions ['python_setup_py']
[2.703s] Level 1:colcon.colcon_core.package_identification:_identify(src/Raceline-Optimization/helper_funcs_glob) by extension 'python_setup_py'
[2.703s] Level 1:colcon.colcon_core.package_identification:_identify(src/Raceline-Optimization/helper_funcs_glob/src) by extensions ['ignore', 'ignore_ament_install']
[2.703s] Level 1:colcon.colcon_core.package_identification:_identify(src/Raceline-Optimization/helper_funcs_glob/src) by extension 'ignore'
[2.703s] Level 1:colcon.colcon_core.package_identification:_identify(src/Raceline-Optimization/helper_funcs_glob/src) by extension 'ignore_ament_install'
[2.703s] Level 1:colcon.colcon_core.package_identification:_identify(src/Raceline-Optimization/helper_funcs_glob/src) by extensions ['colcon_pkg']
[2.704s] Level 1:colcon.colcon_core.package_identification:_identify(src/Raceline-Optimization/helper_funcs_glob/src) by extension 'colcon_pkg'
[2.704s] Level 1:colcon.colcon_core.package_identification:_identify(src/Raceline-Optimization/helper_funcs_glob/src) by extensions ['colcon_meta']
[2.704s] Level 1:colcon.colcon_core.package_identification:_identify(src/Raceline-Optimization/helper_funcs_glob/src) by extension 'colcon_meta'
[2.704s] Level 1:colcon.colcon_core.package_identification:_identify(src/Raceline-Optimization/helper_funcs_glob/src) by extensions ['ros']
[2.704s] Level 1:colcon.colcon_core.package_identification:_identify(src/Raceline-Optimization/helper_funcs_glob/src) by extension 'ros'
[2.704s] Level 1:colcon.colcon_core.package_identification:_identify(src/Raceline-Optimization/helper_funcs_glob/src) by extensions ['cmake', 'python']
[2.704s] Level 1:colcon.colcon_core.package_identification:_identify(src/Raceline-Optimization/helper_funcs_glob/src) by extension 'cmake'
[2.704s] Level 1:colcon.colcon_core.package_identification:_identify(src/Raceline-Optimization/helper_funcs_glob/src) by extension 'python'
[2.704s] Level 1:colcon.colcon_core.package_identification:_identify(src/Raceline-Optimization/helper_funcs_glob/src) by extensions ['python_setup_py']
[2.704s] Level 1:colcon.colcon_core.package_identification:_identify(src/Raceline-Optimization/helper_funcs_glob/src) by extension 'python_setup_py'
[2.705s] Level 1:colcon.colcon_core.package_identification:_identify(src/Raceline-Optimization/inputs) by extensions ['ignore', 'ignore_ament_install']
[2.705s] Level 1:colcon.colcon_core.package_identification:_identify(src/Raceline-Optimization/inputs) by extension 'ignore'
[2.705s] Level 1:colcon.colcon_core.package_identification:_identify(src/Raceline-Optimization/inputs) by extension 'ignore_ament_install'
[2.705s] Level 1:colcon.colcon_core.package_identification:_identify(src/Raceline-Optimization/inputs) by extensions ['colcon_pkg']
[2.705s] Level 1:colcon.colcon_core.package_identification:_identify(src/Raceline-Optimization/inputs) by extension 'colcon_pkg'
[2.705s] Level 1:colcon.colcon_core.package_identification:_identify(src/Raceline-Optimization/inputs) by extensions ['colcon_meta']
[2.705s] Level 1:colcon.colcon_core.package_identification:_identify(src/Raceline-Optimization/inputs) by extension 'colcon_meta'
[2.705s] Level 1:colcon.colcon_core.package_identification:_identify(src/Raceline-Optimization/inputs) by extensions ['ros']
[2.706s] Level 1:colcon.colcon_core.package_identification:_identify(src/Raceline-Optimization/inputs) by extension 'ros'
[2.706s] Level 1:colcon.colcon_core.package_identification:_identify(src/Raceline-Optimization/inputs) by extensions ['cmake', 'python']
[2.706s] Level 1:colcon.colcon_core.package_identification:_identify(src/Raceline-Optimization/inputs) by extension 'cmake'
[2.706s] Level 1:colcon.colcon_core.package_identification:_identify(src/Raceline-Optimization/inputs) by extension 'python'
[2.706s] Level 1:colcon.colcon_core.package_identification:_identify(src/Raceline-Optimization/inputs) by extensions ['python_setup_py']
[2.706s] Level 1:colcon.colcon_core.package_identification:_identify(src/Raceline-Optimization/inputs) by extension 'python_setup_py'
[2.706s] Level 1:colcon.colcon_core.package_identification:_identify(src/Raceline-Optimization/inputs/frictionmaps) by extensions ['ignore', 'ignore_ament_install']
[2.706s] Level 1:colcon.colcon_core.package_identification:_identify(src/Raceline-Optimization/inputs/frictionmaps) by extension 'ignore'
[2.707s] Level 1:colcon.colcon_core.package_identification:_identify(src/Raceline-Optimization/inputs/frictionmaps) by extension 'ignore_ament_install'
[2.707s] Level 1:colcon.colcon_core.package_identification:_identify(src/Raceline-Optimization/inputs/frictionmaps) by extensions ['colcon_pkg']
[2.707s] Level 1:colcon.colcon_core.package_identification:_identify(src/Raceline-Optimization/inputs/frictionmaps) by extension 'colcon_pkg'
[2.707s] Level 1:colcon.colcon_core.package_identification:_identify(src/Raceline-Optimization/inputs/frictionmaps) by extensions ['colcon_meta']
[2.707s] Level 1:colcon.colcon_core.package_identification:_identify(src/Raceline-Optimization/inputs/frictionmaps) by extension 'colcon_meta'
[2.707s] Level 1:colcon.colcon_core.package_identification:_identify(src/Raceline-Optimization/inputs/frictionmaps) by extensions ['ros']
[2.707s] Level 1:colcon.colcon_core.package_identification:_identify(src/Raceline-Optimization/inputs/frictionmaps) by extension 'ros'
[2.707s] Level 1:colcon.colcon_core.package_identification:_identify(src/Raceline-Optimization/inputs/frictionmaps) by extensions ['cmake', 'python']
[2.707s] Level 1:colcon.colcon_core.package_identification:_identify(src/Raceline-Optimization/inputs/frictionmaps) by extension 'cmake'
[2.707s] Level 1:colcon.colcon_core.package_identification:_identify(src/Raceline-Optimization/inputs/frictionmaps) by extension 'python'
[2.707s] Level 1:colcon.colcon_core.package_identification:_identify(src/Raceline-Optimization/inputs/frictionmaps) by extensions ['python_setup_py']
[2.707s] Level 1:colcon.colcon_core.package_identification:_identify(src/Raceline-Optimization/inputs/frictionmaps) by extension 'python_setup_py'
[2.708s] Level 1:colcon.colcon_core.package_identification:_identify(src/Raceline-Optimization/inputs/tracks) by extensions ['ignore', 'ignore_ament_install']
[2.708s] Level 1:colcon.colcon_core.package_identification:_identify(src/Raceline-Optimization/inputs/tracks) by extension 'ignore'
[2.708s] Level 1:colcon.colcon_core.package_identification:_identify(src/Raceline-Optimization/inputs/tracks) by extension 'ignore_ament_install'
[2.708s] Level 1:colcon.colcon_core.package_identification:_identify(src/Raceline-Optimization/inputs/tracks) by extensions ['colcon_pkg']
[2.708s] Level 1:colcon.colcon_core.package_identification:_identify(src/Raceline-Optimization/inputs/tracks) by extension 'colcon_pkg'
[2.708s] Level 1:colcon.colcon_core.package_identification:_identify(src/Raceline-Optimization/inputs/tracks) by extensions ['colcon_meta']
[2.708s] Level 1:colcon.colcon_core.package_identification:_identify(src/Raceline-Optimization/inputs/tracks) by extension 'colcon_meta'
[2.708s] Level 1:colcon.colcon_core.package_identification:_identify(src/Raceline-Optimization/inputs/tracks) by extensions ['ros']
[2.709s] Level 1:colcon.colcon_core.package_identification:_identify(src/Raceline-Optimization/inputs/tracks) by extension 'ros'
[2.709s] Level 1:colcon.colcon_core.package_identification:_identify(src/Raceline-Optimization/inputs/tracks) by extensions ['cmake', 'python']
[2.709s] Level 1:colcon.colcon_core.package_identification:_identify(src/Raceline-Optimization/inputs/tracks) by extension 'cmake'
[2.709s] Level 1:colcon.colcon_core.package_identification:_identify(src/Raceline-Optimization/inputs/tracks) by extension 'python'
[2.709s] Level 1:colcon.colcon_core.package_identification:_identify(src/Raceline-Optimization/inputs/tracks) by extensions ['python_setup_py']
[2.709s] Level 1:colcon.colcon_core.package_identification:_identify(src/Raceline-Optimization/inputs/tracks) by extension 'python_setup_py'
[2.709s] Level 1:colcon.colcon_core.package_identification:_identify(src/Raceline-Optimization/inputs/veh_dyn_info) by extensions ['ignore', 'ignore_ament_install']
[2.709s] Level 1:colcon.colcon_core.package_identification:_identify(src/Raceline-Optimization/inputs/veh_dyn_info) by extension 'ignore'
[2.710s] Level 1:colcon.colcon_core.package_identification:_identify(src/Raceline-Optimization/inputs/veh_dyn_info) by extension 'ignore_ament_install'
[2.710s] Level 1:colcon.colcon_core.package_identification:_identify(src/Raceline-Optimization/inputs/veh_dyn_info) by extensions ['colcon_pkg']
[2.710s] Level 1:colcon.colcon_core.package_identification:_identify(src/Raceline-Optimization/inputs/veh_dyn_info) by extension 'colcon_pkg'
[2.710s] Level 1:colcon.colcon_core.package_identification:_identify(src/Raceline-Optimization/inputs/veh_dyn_info) by extensions ['colcon_meta']
[2.710s] Level 1:colcon.colcon_core.package_identification:_identify(src/Raceline-Optimization/inputs/veh_dyn_info) by extension 'colcon_meta'
[2.710s] Level 1:colcon.colcon_core.package_identification:_identify(src/Raceline-Optimization/inputs/veh_dyn_info) by extensions ['ros']
[2.710s] Level 1:colcon.colcon_core.package_identification:_identify(src/Raceline-Optimization/inputs/veh_dyn_info) by extension 'ros'
[2.710s] Level 1:colcon.colcon_core.package_identification:_identify(src/Raceline-Optimization/inputs/veh_dyn_info) by extensions ['cmake', 'python']
[2.710s] Level 1:colcon.colcon_core.package_identification:_identify(src/Raceline-Optimization/inputs/veh_dyn_info) by extension 'cmake'
[2.710s] Level 1:colcon.colcon_core.package_identification:_identify(src/Raceline-Optimization/inputs/veh_dyn_info) by extension 'python'
[2.710s] Level 1:colcon.colcon_core.package_identification:_identify(src/Raceline-Optimization/inputs/veh_dyn_info) by extensions ['python_setup_py']
[2.710s] Level 1:colcon.colcon_core.package_identification:_identify(src/Raceline-Optimization/inputs/veh_dyn_info) by extension 'python_setup_py'
[2.711s] Level 1:colcon.colcon_core.package_identification:_identify(src/Raceline-Optimization/maps) by extensions ['ignore', 'ignore_ament_install']
[2.711s] Level 1:colcon.colcon_core.package_identification:_identify(src/Raceline-Optimization/maps) by extension 'ignore'
[2.711s] Level 1:colcon.colcon_core.package_identification:_identify(src/Raceline-Optimization/maps) by extension 'ignore_ament_install'
[2.711s] Level 1:colcon.colcon_core.package_identification:_identify(src/Raceline-Optimization/maps) by extensions ['colcon_pkg']
[2.711s] Level 1:colcon.colcon_core.package_identification:_identify(src/Raceline-Optimization/maps) by extension 'colcon_pkg'
[2.711s] Level 1:colcon.colcon_core.package_identification:_identify(src/Raceline-Optimization/maps) by extensions ['colcon_meta']
[2.711s] Level 1:colcon.colcon_core.package_identification:_identify(src/Raceline-Optimization/maps) by extension 'colcon_meta'
[2.712s] Level 1:colcon.colcon_core.package_identification:_identify(src/Raceline-Optimization/maps) by extensions ['ros']
[2.712s] Level 1:colcon.colcon_core.package_identification:_identify(src/Raceline-Optimization/maps) by extension 'ros'
[2.712s] Level 1:colcon.colcon_core.package_identification:_identify(src/Raceline-Optimization/maps) by extensions ['cmake', 'python']
[2.712s] Level 1:colcon.colcon_core.package_identification:_identify(src/Raceline-Optimization/maps) by extension 'cmake'
[2.712s] Level 1:colcon.colcon_core.package_identification:_identify(src/Raceline-Optimization/maps) by extension 'python'
[2.712s] Level 1:colcon.colcon_core.package_identification:_identify(src/Raceline-Optimization/maps) by extensions ['python_setup_py']
[2.712s] Level 1:colcon.colcon_core.package_identification:_identify(src/Raceline-Optimization/maps) by extension 'python_setup_py'
[2.713s] Level 1:colcon.colcon_core.package_identification:_identify(src/Raceline-Optimization/opt_mintime_traj) by extensions ['ignore', 'ignore_ament_install']
[2.713s] Level 1:colcon.colcon_core.package_identification:_identify(src/Raceline-Optimization/opt_mintime_traj) by extension 'ignore'
[2.713s] Level 1:colcon.colcon_core.package_identification:_identify(src/Raceline-Optimization/opt_mintime_traj) by extension 'ignore_ament_install'
[2.713s] Level 1:colcon.colcon_core.package_identification:_identify(src/Raceline-Optimization/opt_mintime_traj) by extensions ['colcon_pkg']
[2.713s] Level 1:colcon.colcon_core.package_identification:_identify(src/Raceline-Optimization/opt_mintime_traj) by extension 'colcon_pkg'
[2.714s] Level 1:colcon.colcon_core.package_identification:_identify(src/Raceline-Optimization/opt_mintime_traj) by extensions ['colcon_meta']
[2.714s] Level 1:colcon.colcon_core.package_identification:_identify(src/Raceline-Optimization/opt_mintime_traj) by extension 'colcon_meta'
[2.714s] Level 1:colcon.colcon_core.package_identification:_identify(src/Raceline-Optimization/opt_mintime_traj) by extensions ['ros']
[2.714s] Level 1:colcon.colcon_core.package_identification:_identify(src/Raceline-Optimization/opt_mintime_traj) by extension 'ros'
[2.714s] Level 1:colcon.colcon_core.package_identification:_identify(src/Raceline-Optimization/opt_mintime_traj) by extensions ['cmake', 'python']
[2.714s] Level 1:colcon.colcon_core.package_identification:_identify(src/Raceline-Optimization/opt_mintime_traj) by extension 'cmake'
[2.714s] Level 1:colcon.colcon_core.package_identification:_identify(src/Raceline-Optimization/opt_mintime_traj) by extension 'python'
[2.714s] Level 1:colcon.colcon_core.package_identification:_identify(src/Raceline-Optimization/opt_mintime_traj) by extensions ['python_setup_py']
[2.714s] Level 1:colcon.colcon_core.package_identification:_identify(src/Raceline-Optimization/opt_mintime_traj) by extension 'python_setup_py'
[2.715s] Level 1:colcon.colcon_core.package_identification:_identify(src/Raceline-Optimization/opt_mintime_traj/powertrain_src) by extensions ['ignore', 'ignore_ament_install']
[2.715s] Level 1:colcon.colcon_core.package_identification:_identify(src/Raceline-Optimization/opt_mintime_traj/powertrain_src) by extension 'ignore'
[2.715s] Level 1:colcon.colcon_core.package_identification:_identify(src/Raceline-Optimization/opt_mintime_traj/powertrain_src) by extension 'ignore_ament_install'
[2.715s] Level 1:colcon.colcon_core.package_identification:_identify(src/Raceline-Optimization/opt_mintime_traj/powertrain_src) by extensions ['colcon_pkg']
[2.715s] Level 1:colcon.colcon_core.package_identification:_identify(src/Raceline-Optimization/opt_mintime_traj/powertrain_src) by extension 'colcon_pkg'
[2.715s] Level 1:colcon.colcon_core.package_identification:_identify(src/Raceline-Optimization/opt_mintime_traj/powertrain_src) by extensions ['colcon_meta']
[2.715s] Level 1:colcon.colcon_core.package_identification:_identify(src/Raceline-Optimization/opt_mintime_traj/powertrain_src) by extension 'colcon_meta'
[2.715s] Level 1:colcon.colcon_core.package_identification:_identify(src/Raceline-Optimization/opt_mintime_traj/powertrain_src) by extensions ['ros']
[2.715s] Level 1:colcon.colcon_core.package_identification:_identify(src/Raceline-Optimization/opt_mintime_traj/powertrain_src) by extension 'ros'
[2.716s] Level 1:colcon.colcon_core.package_identification:_identify(src/Raceline-Optimization/opt_mintime_traj/powertrain_src) by extensions ['cmake', 'python']
[2.716s] Level 1:colcon.colcon_core.package_identification:_identify(src/Raceline-Optimization/opt_mintime_traj/powertrain_src) by extension 'cmake'
[2.716s] Level 1:colcon.colcon_core.package_identification:_identify(src/Raceline-Optimization/opt_mintime_traj/powertrain_src) by extension 'python'
[2.716s] Level 1:colcon.colcon_core.package_identification:_identify(src/Raceline-Optimization/opt_mintime_traj/powertrain_src) by extensions ['python_setup_py']
[2.716s] Level 1:colcon.colcon_core.package_identification:_identify(src/Raceline-Optimization/opt_mintime_traj/powertrain_src) by extension 'python_setup_py'
[2.716s] Level 1:colcon.colcon_core.package_identification:_identify(src/Raceline-Optimization/opt_mintime_traj/powertrain_src/src) by extensions ['ignore', 'ignore_ament_install']
[2.716s] Level 1:colcon.colcon_core.package_identification:_identify(src/Raceline-Optimization/opt_mintime_traj/powertrain_src/src) by extension 'ignore'
[2.716s] Level 1:colcon.colcon_core.package_identification:_identify(src/Raceline-Optimization/opt_mintime_traj/powertrain_src/src) by extension 'ignore_ament_install'
[2.717s] Level 1:colcon.colcon_core.package_identification:_identify(src/Raceline-Optimization/opt_mintime_traj/powertrain_src/src) by extensions ['colcon_pkg']
[2.717s] Level 1:colcon.colcon_core.package_identification:_identify(src/Raceline-Optimization/opt_mintime_traj/powertrain_src/src) by extension 'colcon_pkg'
[2.717s] Level 1:colcon.colcon_core.package_identification:_identify(src/Raceline-Optimization/opt_mintime_traj/powertrain_src/src) by extensions ['colcon_meta']
[2.717s] Level 1:colcon.colcon_core.package_identification:_identify(src/Raceline-Optimization/opt_mintime_traj/powertrain_src/src) by extension 'colcon_meta'
[2.717s] Level 1:colcon.colcon_core.package_identification:_identify(src/Raceline-Optimization/opt_mintime_traj/powertrain_src/src) by extensions ['ros']
[2.717s] Level 1:colcon.colcon_core.package_identification:_identify(src/Raceline-Optimization/opt_mintime_traj/powertrain_src/src) by extension 'ros'
[2.717s] Level 1:colcon.colcon_core.package_identification:_identify(src/Raceline-Optimization/opt_mintime_traj/powertrain_src/src) by extensions ['cmake', 'python']
[2.717s] Level 1:colcon.colcon_core.package_identification:_identify(src/Raceline-Optimization/opt_mintime_traj/powertrain_src/src) by extension 'cmake'
[2.717s] Level 1:colcon.colcon_core.package_identification:_identify(src/Raceline-Optimization/opt_mintime_traj/powertrain_src/src) by extension 'python'
[2.717s] Level 1:colcon.colcon_core.package_identification:_identify(src/Raceline-Optimization/opt_mintime_traj/powertrain_src/src) by extensions ['python_setup_py']
[2.717s] Level 1:colcon.colcon_core.package_identification:_identify(src/Raceline-Optimization/opt_mintime_traj/powertrain_src/src) by extension 'python_setup_py'
[2.718s] Level 1:colcon.colcon_core.package_identification:_identify(src/Raceline-Optimization/opt_mintime_traj/src) by extensions ['ignore', 'ignore_ament_install']
[2.718s] Level 1:colcon.colcon_core.package_identification:_identify(src/Raceline-Optimization/opt_mintime_traj/src) by extension 'ignore'
[2.718s] Level 1:colcon.colcon_core.package_identification:_identify(src/Raceline-Optimization/opt_mintime_traj/src) by extension 'ignore_ament_install'
[2.718s] Level 1:colcon.colcon_core.package_identification:_identify(src/Raceline-Optimization/opt_mintime_traj/src) by extensions ['colcon_pkg']
[2.718s] Level 1:colcon.colcon_core.package_identification:_identify(src/Raceline-Optimization/opt_mintime_traj/src) by extension 'colcon_pkg'
[2.718s] Level 1:colcon.colcon_core.package_identification:_identify(src/Raceline-Optimization/opt_mintime_traj/src) by extensions ['colcon_meta']
[2.718s] Level 1:colcon.colcon_core.package_identification:_identify(src/Raceline-Optimization/opt_mintime_traj/src) by extension 'colcon_meta'
[2.718s] Level 1:colcon.colcon_core.package_identification:_identify(src/Raceline-Optimization/opt_mintime_traj/src) by extensions ['ros']
[2.718s] Level 1:colcon.colcon_core.package_identification:_identify(src/Raceline-Optimization/opt_mintime_traj/src) by extension 'ros'
[2.719s] Level 1:colcon.colcon_core.package_identification:_identify(src/Raceline-Optimization/opt_mintime_traj/src) by extensions ['cmake', 'python']
[2.719s] Level 1:colcon.colcon_core.package_identification:_identify(src/Raceline-Optimization/opt_mintime_traj/src) by extension 'cmake'
[2.719s] Level 1:colcon.colcon_core.package_identification:_identify(src/Raceline-Optimization/opt_mintime_traj/src) by extension 'python'
[2.719s] Level 1:colcon.colcon_core.package_identification:_identify(src/Raceline-Optimization/opt_mintime_traj/src) by extensions ['python_setup_py']
[2.719s] Level 1:colcon.colcon_core.package_identification:_identify(src/Raceline-Optimization/opt_mintime_traj/src) by extension 'python_setup_py'
[2.719s] Level 1:colcon.colcon_core.package_identification:_identify(src/Raceline-Optimization/params) by extensions ['ignore', 'ignore_ament_install']
[2.719s] Level 1:colcon.colcon_core.package_identification:_identify(src/Raceline-Optimization/params) by extension 'ignore'
[2.719s] Level 1:colcon.colcon_core.package_identification:_identify(src/Raceline-Optimization/params) by extension 'ignore_ament_install'
[2.720s] Level 1:colcon.colcon_core.package_identification:_identify(src/Raceline-Optimization/params) by extensions ['colcon_pkg']
[2.720s] Level 1:colcon.colcon_core.package_identification:_identify(src/Raceline-Optimization/params) by extension 'colcon_pkg'
[2.720s] Level 1:colcon.colcon_core.package_identification:_identify(src/Raceline-Optimization/params) by extensions ['colcon_meta']
[2.720s] Level 1:colcon.colcon_core.package_identification:_identify(src/Raceline-Optimization/params) by extension 'colcon_meta'
[2.720s] Level 1:colcon.colcon_core.package_identification:_identify(src/Raceline-Optimization/params) by extensions ['ros']
[2.720s] Level 1:colcon.colcon_core.package_identification:_identify(src/Raceline-Optimization/params) by extension 'ros'
[2.720s] Level 1:colcon.colcon_core.package_identification:_identify(src/Raceline-Optimization/params) by extensions ['cmake', 'python']
[2.720s] Level 1:colcon.colcon_core.package_identification:_identify(src/Raceline-Optimization/params) by extension 'cmake'
[2.721s] Level 1:colcon.colcon_core.package_identification:_identify(src/Raceline-Optimization/params) by extension 'python'
[2.721s] Level 1:colcon.colcon_core.package_identification:_identify(src/Raceline-Optimization/params) by extensions ['python_setup_py']
[2.721s] Level 1:colcon.colcon_core.package_identification:_identify(src/Raceline-Optimization/params) by extension 'python_setup_py'
[2.721s] Level 1:colcon.colcon_core.package_identification:_identify(src/ackermann_msgs) by extensions ['ignore', 'ignore_ament_install']
[2.721s] Level 1:colcon.colcon_core.package_identification:_identify(src/ackermann_msgs) by extension 'ignore'
[2.721s] Level 1:colcon.colcon_core.package_identification:_identify(src/ackermann_msgs) by extension 'ignore_ament_install'
[2.721s] Level 1:colcon.colcon_core.package_identification:_identify(src/ackermann_msgs) by extensions ['colcon_pkg']
[2.721s] Level 1:colcon.colcon_core.package_identification:_identify(src/ackermann_msgs) by extension 'colcon_pkg'
[2.722s] Level 1:colcon.colcon_core.package_identification:_identify(src/ackermann_msgs) by extensions ['colcon_meta']
[2.722s] Level 1:colcon.colcon_core.package_identification:_identify(src/ackermann_msgs) by extension 'colcon_meta'
[2.722s] Level 1:colcon.colcon_core.package_identification:_identify(src/ackermann_msgs) by extensions ['ros']
[2.722s] Level 1:colcon.colcon_core.package_identification:_identify(src/ackermann_msgs) by extension 'ros'
[2.726s] DEBUG:colcon.colcon_core.package_identification:Package 'src/ackermann_msgs' with type 'ros.ament_cmake' and name 'ackermann_msgs'
[2.727s] Level 1:colcon.colcon_core.package_identification:_identify(src/f1tenth_gym_ros) by extensions ['ignore', 'ignore_ament_install']
[2.727s] Level 1:colcon.colcon_core.package_identification:_identify(src/f1tenth_gym_ros) by extension 'ignore'
[2.727s] Level 1:colcon.colcon_core.package_identification:_identify(src/f1tenth_gym_ros) by extension 'ignore_ament_install'
[2.727s] Level 1:colcon.colcon_core.package_identification:_identify(src/f1tenth_gym_ros) by extensions ['colcon_pkg']
[2.727s] Level 1:colcon.colcon_core.package_identification:_identify(src/f1tenth_gym_ros) by extension 'colcon_pkg'
[2.727s] Level 1:colcon.colcon_core.package_identification:_identify(src/f1tenth_gym_ros) by extensions ['colcon_meta']
[2.727s] Level 1:colcon.colcon_core.package_identification:_identify(src/f1tenth_gym_ros) by extension 'colcon_meta'
[2.728s] Level 1:colcon.colcon_core.package_identification:_identify(src/f1tenth_gym_ros) by extensions ['ros']
[2.728s] Level 1:colcon.colcon_core.package_identification:_identify(src/f1tenth_gym_ros) by extension 'ros'
[2.729s] DEBUG:colcon.colcon_core.package_identification:Package 'src/f1tenth_gym_ros' with type 'ros.ament_python' and name 'f1tenth_gym_ros'
[2.729s] Level 1:colcon.colcon_core.package_identification:_identify(src/my_messages) by extensions ['ignore', 'ignore_ament_install']
[2.729s] Level 1:colcon.colcon_core.package_identification:_identify(src/my_messages) by extension 'ignore'
[2.730s] Level 1:colcon.colcon_core.package_identification:_identify(src/my_messages) by extension 'ignore_ament_install'
[2.730s] Level 1:colcon.colcon_core.package_identification:_identify(src/my_messages) by extensions ['colcon_pkg']
[2.730s] Level 1:colcon.colcon_core.package_identification:_identify(src/my_messages) by extension 'colcon_pkg'
[2.730s] Level 1:colcon.colcon_core.package_identification:_identify(src/my_messages) by extensions ['colcon_meta']
[2.730s] Level 1:colcon.colcon_core.package_identification:_identify(src/my_messages) by extension 'colcon_meta'
[2.730s] Level 1:colcon.colcon_core.package_identification:_identify(src/my_messages) by extensions ['ros']
[2.730s] Level 1:colcon.colcon_core.package_identification:_identify(src/my_messages) by extension 'ros'
[2.731s] DEBUG:colcon.colcon_core.package_identification:Package 'src/my_messages' with type 'ros.ament_cmake' and name 'my_messages'
[2.731s] Level 1:colcon.colcon_core.package_identification:_identify(src/painter) by extensions ['ignore', 'ignore_ament_install']
[2.731s] Level 1:colcon.colcon_core.package_identification:_identify(src/painter) by extension 'ignore'
[2.731s] Level 1:colcon.colcon_core.package_identification:_identify(src/painter) by extension 'ignore_ament_install'
[2.732s] Level 1:colcon.colcon_core.package_identification:_identify(src/painter) by extensions ['colcon_pkg']
[2.732s] Level 1:colcon.colcon_core.package_identification:_identify(src/painter) by extension 'colcon_pkg'
[2.732s] Level 1:colcon.colcon_core.package_identification:_identify(src/painter) by extensions ['colcon_meta']
[2.732s] Level 1:colcon.colcon_core.package_identification:_identify(src/painter) by extension 'colcon_meta'
[2.732s] Level 1:colcon.colcon_core.package_identification:_identify(src/painter) by extensions ['ros']
[2.732s] Level 1:colcon.colcon_core.package_identification:_identify(src/painter) by extension 'ros'
[2.733s] DEBUG:colcon.colcon_core.package_identification:Package 'src/painter' with type 'ros.ament_python' and name 'painter'
[2.733s] Level 1:colcon.colcon_core.package_identification:_identify(src/pid_msgs) by extensions ['ignore', 'ignore_ament_install']
[2.733s] Level 1:colcon.colcon_core.package_identification:_identify(src/pid_msgs) by extension 'ignore'
[2.733s] Level 1:colcon.colcon_core.package_identification:_identify(src/pid_msgs) by extension 'ignore_ament_install'
[2.733s] Level 1:colcon.colcon_core.package_identification:_identify(src/pid_msgs) by extensions ['colcon_pkg']
[2.734s] Level 1:colcon.colcon_core.package_identification:_identify(src/pid_msgs) by extension 'colcon_pkg'
[2.734s] Level 1:colcon.colcon_core.package_identification:_identify(src/pid_msgs) by extensions ['colcon_meta']
[2.734s] Level 1:colcon.colcon_core.package_identification:_identify(src/pid_msgs) by extension 'colcon_meta'
[2.734s] Level 1:colcon.colcon_core.package_identification:_identify(src/pid_msgs) by extensions ['ros']
[2.734s] Level 1:colcon.colcon_core.package_identification:_identify(src/pid_msgs) by extension 'ros'
[2.735s] DEBUG:colcon.colcon_core.package_identification:Package 'src/pid_msgs' with type 'ros.ament_cmake' and name 'pid_msgs'
[2.735s] Level 1:colcon.colcon_core.package_identification:_identify(src/plexer360) by extensions ['ignore', 'ignore_ament_install']
[2.735s] Level 1:colcon.colcon_core.package_identification:_identify(src/plexer360) by extension 'ignore'
[2.735s] Level 1:colcon.colcon_core.package_identification:_identify(src/plexer360) by extension 'ignore_ament_install'
[2.736s] Level 1:colcon.colcon_core.package_identification:_identify(src/plexer360) by extensions ['colcon_pkg']
[2.736s] Level 1:colcon.colcon_core.package_identification:_identify(src/plexer360) by extension 'colcon_pkg'
[2.736s] Level 1:colcon.colcon_core.package_identification:_identify(src/plexer360) by extensions ['colcon_meta']
[2.736s] Level 1:colcon.colcon_core.package_identification:_identify(src/plexer360) by extension 'colcon_meta'
[2.736s] Level 1:colcon.colcon_core.package_identification:_identify(src/plexer360) by extensions ['ros']
[2.736s] Level 1:colcon.colcon_core.package_identification:_identify(src/plexer360) by extension 'ros'
[2.737s] DEBUG:colcon.colcon_core.package_identification:Package 'src/plexer360' with type 'ros.ament_python' and name 'plexer360'
[2.737s] Level 1:colcon.colcon_core.package_identification:_identify(src/py_pubsub) by extensions ['ignore', 'ignore_ament_install']
[2.738s] Level 1:colcon.colcon_core.package_identification:_identify(src/py_pubsub) by extension 'ignore'
[2.738s] Level 1:colcon.colcon_core.package_identification:_identify(src/py_pubsub) by extension 'ignore_ament_install'
[2.738s] Level 1:colcon.colcon_core.package_identification:_identify(src/py_pubsub) by extensions ['colcon_pkg']
[2.738s] Level 1:colcon.colcon_core.package_identification:_identify(src/py_pubsub) by extension 'colcon_pkg'
[2.738s] Level 1:colcon.colcon_core.package_identification:_identify(src/py_pubsub) by extensions ['colcon_meta']
[2.738s] Level 1:colcon.colcon_core.package_identification:_identify(src/py_pubsub) by extension 'colcon_meta'
[2.738s] Level 1:colcon.colcon_core.package_identification:_identify(src/py_pubsub) by extensions ['ros']
[2.738s] Level 1:colcon.colcon_core.package_identification:_identify(src/py_pubsub) by extension 'ros'
[2.739s] DEBUG:colcon.colcon_core.package_identification:Package 'src/py_pubsub' with type 'ros.ament_python' and name 'py_pubsub'
[2.739s] Level 1:colcon.colcon_core.package_identification:_identify(src/qlearn) by extensions ['ignore', 'ignore_ament_install']
[2.740s] Level 1:colcon.colcon_core.package_identification:_identify(src/qlearn) by extension 'ignore'
[2.740s] Level 1:colcon.colcon_core.package_identification:_identify(src/qlearn) by extension 'ignore_ament_install'
[2.740s] Level 1:colcon.colcon_core.package_identification:_identify(src/qlearn) by extensions ['colcon_pkg']
[2.740s] Level 1:colcon.colcon_core.package_identification:_identify(src/qlearn) by extension 'colcon_pkg'
[2.740s] Level 1:colcon.colcon_core.package_identification:_identify(src/qlearn) by extensions ['colcon_meta']
[2.740s] Level 1:colcon.colcon_core.package_identification:_identify(src/qlearn) by extension 'colcon_meta'
[2.740s] Level 1:colcon.colcon_core.package_identification:_identify(src/qlearn) by extensions ['ros']
[2.740s] Level 1:colcon.colcon_core.package_identification:_identify(src/qlearn) by extension 'ros'
[2.741s] DEBUG:colcon.colcon_core.package_identification:Package 'src/qlearn' with type 'ros.ament_python' and name 'qlearn'
[2.742s] Level 1:colcon.colcon_core.package_identification:_identify(src/qlearn_interfaces) by extensions ['ignore', 'ignore_ament_install']
[2.742s] Level 1:colcon.colcon_core.package_identification:_identify(src/qlearn_interfaces) by extension 'ignore'
[2.742s] Level 1:colcon.colcon_core.package_identification:_identify(src/qlearn_interfaces) by extension 'ignore_ament_install'
[2.742s] Level 1:colcon.colcon_core.package_identification:_identify(src/qlearn_interfaces) by extensions ['colcon_pkg']
[2.742s] Level 1:colcon.colcon_core.package_identification:_identify(src/qlearn_interfaces) by extension 'colcon_pkg'
[2.742s] Level 1:colcon.colcon_core.package_identification:_identify(src/qlearn_interfaces) by extensions ['colcon_meta']
[2.742s] Level 1:colcon.colcon_core.package_identification:_identify(src/qlearn_interfaces) by extension 'colcon_meta'
[2.742s] Level 1:colcon.colcon_core.package_identification:_identify(src/qlearn_interfaces) by extensions ['ros']
[2.742s] Level 1:colcon.colcon_core.package_identification:_identify(src/qlearn_interfaces) by extension 'ros'
[2.744s] DEBUG:colcon.colcon_core.package_identification:Package 'src/qlearn_interfaces' with type 'ros.ament_cmake' and name 'qlearn_interfaces'
[2.744s] Level 1:colcon.colcon_core.package_identification:_identify(src/slam_toolbox) by extensions ['ignore', 'ignore_ament_install']
[2.744s] Level 1:colcon.colcon_core.package_identification:_identify(src/slam_toolbox) by extension 'ignore'
[2.745s] Level 1:colcon.colcon_core.package_identification:_identify(src/slam_toolbox) by extension 'ignore_ament_install'
[2.745s] Level 1:colcon.colcon_core.package_identification:_identify(src/slam_toolbox) by extensions ['colcon_pkg']
[2.745s] Level 1:colcon.colcon_core.package_identification:_identify(src/slam_toolbox) by extension 'colcon_pkg'
[2.745s] Level 1:colcon.colcon_core.package_identification:_identify(src/slam_toolbox) by extensions ['colcon_meta']
[2.745s] Level 1:colcon.colcon_core.package_identification:_identify(src/slam_toolbox) by extension 'colcon_meta'
[2.746s] Level 1:colcon.colcon_core.package_identification:_identify(src/slam_toolbox) by extensions ['ros']
[2.746s] Level 1:colcon.colcon_core.package_identification:_identify(src/slam_toolbox) by extension 'ros'
[2.749s] DEBUG:colcon.colcon_core.package_identification:Package 'src/slam_toolbox' with type 'ros.ament_cmake' and name 'slam_toolbox'
[2.750s] Level 1:colcon.colcon_core.package_identification:_identify(src/wall_follower_pid) by extensions ['ignore', 'ignore_ament_install']
[2.750s] Level 1:colcon.colcon_core.package_identification:_identify(src/wall_follower_pid) by extension 'ignore'
[2.750s] Level 1:colcon.colcon_core.package_identification:_identify(src/wall_follower_pid) by extension 'ignore_ament_install'
[2.750s] Level 1:colcon.colcon_core.package_identification:_identify(src/wall_follower_pid) by extensions ['colcon_pkg']
[2.750s] Level 1:colcon.colcon_core.package_identification:_identify(src/wall_follower_pid) by extension 'colcon_pkg'
[2.750s] Level 1:colcon.colcon_core.package_identification:_identify(src/wall_follower_pid) by extensions ['colcon_meta']
[2.750s] Level 1:colcon.colcon_core.package_identification:_identify(src/wall_follower_pid) by extension 'colcon_meta'
[2.750s] Level 1:colcon.colcon_core.package_identification:_identify(src/wall_follower_pid) by extensions ['ros']
[2.751s] Level 1:colcon.colcon_core.package_identification:_identify(src/wall_follower_pid) by extension 'ros'
[2.752s] DEBUG:colcon.colcon_core.package_identification:Package 'src/wall_follower_pid' with type 'ros.ament_python' and name 'wall_follower_pid'
[2.752s] Level 1:colcon.colcon_core.package_identification:_identify(src/waypoint_follow) by extensions ['ignore', 'ignore_ament_install']
[2.752s] Level 1:colcon.colcon_core.package_identification:_identify(src/waypoint_follow) by extension 'ignore'
[2.752s] Level 1:colcon.colcon_core.package_identification:_identify(src/waypoint_follow) by extension 'ignore_ament_install'
[2.752s] Level 1:colcon.colcon_core.package_identification:_identify(src/waypoint_follow) by extensions ['colcon_pkg']
[2.752s] Level 1:colcon.colcon_core.package_identification:_identify(src/waypoint_follow) by extension 'colcon_pkg'
[2.752s] Level 1:colcon.colcon_core.package_identification:_identify(src/waypoint_follow) by extensions ['colcon_meta']
[2.753s] Level 1:colcon.colcon_core.package_identification:_identify(src/waypoint_follow) by extension 'colcon_meta'
[2.753s] Level 1:colcon.colcon_core.package_identification:_identify(src/waypoint_follow) by extensions ['ros']
[2.753s] Level 1:colcon.colcon_core.package_identification:_identify(src/waypoint_follow) by extension 'ros'
[2.754s] DEBUG:colcon.colcon_core.package_identification:Package 'src/waypoint_follow' with type 'ros.ament_python' and name 'waypoint_follow'
[2.754s] Level 1:colcon.colcon_core.package_identification:_identify(src/waypoint_publisher) by extensions ['ignore', 'ignore_ament_install']
[2.754s] Level 1:colcon.colcon_core.package_identification:_identify(src/waypoint_publisher) by extension 'ignore'
[2.755s] Level 1:colcon.colcon_core.package_identification:_identify(src/waypoint_publisher) by extension 'ignore_ament_install'
[2.755s] Level 1:colcon.colcon_core.package_identification:_identify(src/waypoint_publisher) by extensions ['colcon_pkg']
[2.755s] Level 1:colcon.colcon_core.package_identification:_identify(src/waypoint_publisher) by extension 'colcon_pkg'
[2.755s] Level 1:colcon.colcon_core.package_identification:_identify(src/waypoint_publisher) by extensions ['colcon_meta']
[2.755s] Level 1:colcon.colcon_core.package_identification:_identify(src/waypoint_publisher) by extension 'colcon_meta'
[2.755s] Level 1:colcon.colcon_core.package_identification:_identify(src/waypoint_publisher) by extensions ['ros']
[2.755s] Level 1:colcon.colcon_core.package_identification:_identify(src/waypoint_publisher) by extension 'ros'
[2.756s] DEBUG:colcon.colcon_core.package_identification:Package 'src/waypoint_publisher' with type 'ros.ament_cmake' and name 'waypoint_publisher'
[2.757s] Level 1:colcon.colcon_core.package_identification:_identify(src/waypoint_writer) by extensions ['ignore', 'ignore_ament_install']
[2.757s] Level 1:colcon.colcon_core.package_identification:_identify(src/waypoint_writer) by extension 'ignore'
[2.757s] Level 1:colcon.colcon_core.package_identification:_identify(src/waypoint_writer) by extension 'ignore_ament_install'
[2.757s] Level 1:colcon.colcon_core.package_identification:_identify(src/waypoint_writer) by extensions ['colcon_pkg']
[2.757s] Level 1:colcon.colcon_core.package_identification:_identify(src/waypoint_writer) by extension 'colcon_pkg'
[2.757s] Level 1:colcon.colcon_core.package_identification:_identify(src/waypoint_writer) by extensions ['colcon_meta']
[2.757s] Level 1:colcon.colcon_core.package_identification:_identify(src/waypoint_writer) by extension 'colcon_meta'
[2.757s] Level 1:colcon.colcon_core.package_identification:_identify(src/waypoint_writer) by extensions ['ros']
[2.757s] Level 1:colcon.colcon_core.package_identification:_identify(src/waypoint_writer) by extension 'ros'
[2.759s] DEBUG:colcon.colcon_core.package_identification:Package 'src/waypoint_writer' with type 'ros.ament_python' and name 'waypoint_writer'
[2.759s] Level 1:colcon.colcon_core.package_discovery:discover_packages(recursive) using defaults
[2.759s] Level 1:colcon.colcon_core.package_discovery:discover_packages(ignore) discover
[2.759s] Level 1:colcon.colcon_core.package_discovery:discover_packages(ignore) using defaults
[2.759s] Level 1:colcon.colcon_core.package_discovery:discover_packages(path) discover
[2.759s] Level 1:colcon.colcon_core.package_discovery:discover_packages(path) using defaults
[2.924s] INFO:colcon.colcon_core.package_selection:Skipping not selected package 'ackermann_msgs' in 'src/ackermann_msgs'
[2.924s] INFO:colcon.colcon_core.package_selection:Skipping not selected package 'my_messages' in 'src/my_messages'
[2.924s] INFO:colcon.colcon_core.package_selection:Skipping not selected package 'painter' in 'src/painter'
[2.924s] INFO:colcon.colcon_core.package_selection:Skipping not selected package 'pid_msgs' in 'src/pid_msgs'
[2.925s] INFO:colcon.colcon_core.package_selection:Skipping not selected package 'py_pubsub' in 'src/py_pubsub'
[2.925s] INFO:colcon.colcon_core.package_selection:Skipping not selected package 'qlearn_interfaces' in 'src/qlearn_interfaces'
[2.925s] INFO:colcon.colcon_core.package_selection:Skipping not selected package 'slam_toolbox' in 'src/slam_toolbox'
[2.925s] INFO:colcon.colcon_core.package_selection:Skipping not selected package 'waypoint_publisher' in 'src/waypoint_publisher'
[2.925s] INFO:colcon.colcon_core.package_selection:Skipping not selected package 'waypoint_writer' in 'src/waypoint_writer'
[2.925s] INFO:colcon.colcon_core.package_selection:Skipping not selected package 'f1tenth_gym_ros' in 'src/f1tenth_gym_ros'
[2.925s] INFO:colcon.colcon_core.package_selection:Skipping not selected package 'plexer360' in 'src/plexer360'
[2.925s] INFO:colcon.colcon_core.package_selection:Skipping not selected package 'qlearn' in 'src/qlearn'
[2.925s] INFO:colcon.colcon_core.package_selection:Skipping not selected package 'waypoint_follow' in 'src/waypoint_follow'
[3.002s] Level 1:colcon.colcon_core.package_discovery:discover_packages(prefix_path) check parameters
[3.002s] Level 1:colcon.colcon_core.package_discovery:discover_packages(prefix_path) discover
[3.084s] DEBUG:colcon.colcon_installed_package_information.package_discovery:Found 14 installed packages in /home/rstole01/Documents/CSE-596/msu_ws/install
[3.126s] DEBUG:colcon.colcon_installed_package_information.package_discovery:Found 389 installed packages in /opt/ros/humble
[3.131s] Level 1:colcon.colcon_core.package_discovery:discover_packages(prefix_path) using defaults
[3.405s] Level 5:colcon.colcon_core.verb:set package 'wall_follower_pid' build argument 'cmake_args' from command line to 'None'
[3.406s] Level 5:colcon.colcon_core.verb:set package 'wall_follower_pid' build argument 'cmake_target' from command line to 'None'
[3.406s] Level 5:colcon.colcon_core.verb:set package 'wall_follower_pid' build argument 'cmake_target_skip_unavailable' from command line to 'False'
[3.406s] Level 5:colcon.colcon_core.verb:set package 'wall_follower_pid' build argument 'cmake_clean_cache' from command line to 'False'
[3.406s] Level 5:colcon.colcon_core.verb:set package 'wall_follower_pid' build argument 'cmake_clean_first' from command line to 'False'
[3.406s] Level 5:colcon.colcon_core.verb:set package 'wall_follower_pid' build argument 'cmake_force_configure' from command line to 'False'
[3.406s] Level 5:colcon.colcon_core.verb:set package 'wall_follower_pid' build argument 'ament_cmake_args' from command line to 'None'
[3.406s] Level 5:colcon.colcon_core.verb:set package 'wall_follower_pid' build argument 'catkin_cmake_args' from command line to 'None'
[3.406s] Level 5:colcon.colcon_core.verb:set package 'wall_follower_pid' build argument 'catkin_skip_building_tests' from command line to 'False'
[3.406s] DEBUG:colcon.colcon_core.verb:Building package 'wall_follower_pid' with the following arguments: {'ament_cmake_args': None, 'build_base': '/home/rstole01/Documents/CSE-596/msu_ws/build/wall_follower_pid', 'catkin_cmake_args': None, 'catkin_skip_building_tests': False, 'cmake_args': None, 'cmake_clean_cache': False, 'cmake_clean_first': False, 'cmake_force_configure': False, 'cmake_target': None, 'cmake_target_skip_unavailable': False, 'install_base': '/home/rstole01/Documents/CSE-596/msu_ws/install/wall_follower_pid', 'merge_install': False, 'path': '/home/rstole01/Documents/CSE-596/msu_ws/src/wall_follower_pid', 'symlink_install': False, 'test_result_base': None}
[3.445s] INFO:colcon.colcon_core.executor:Executing jobs using 'parallel' executor
[3.485s] DEBUG:colcon.colcon_parallel_executor.executor.parallel:run_until_complete
[3.486s] INFO:colcon.colcon_ros.task.ament_python.build:Building ROS package in '/home/rstole01/Documents/CSE-596/msu_ws/src/wall_follower_pid' with build type 'ament_python'
[3.486s] Level 1:colcon.colcon_core.shell:create_environment_hook('wall_follower_pid', 'ament_prefix_path')
[3.530s] INFO:colcon.colcon_core.plugin_system:Skipping extension 'colcon_core.shell.bat': Not used on non-Windows systems
[3.530s] INFO:colcon.colcon_core.shell:Creating environment hook '/home/rstole01/Documents/CSE-596/msu_ws/install/wall_follower_pid/share/wall_follower_pid/hook/ament_prefix_path.ps1'
[3.531s] INFO:colcon.colcon_core.shell:Creating environment descriptor '/home/rstole01/Documents/CSE-596/msu_ws/install/wall_follower_pid/share/wall_follower_pid/hook/ament_prefix_path.dsv'
[3.532s] INFO:colcon.colcon_core.shell:Creating environment hook '/home/rstole01/Documents/CSE-596/msu_ws/install/wall_follower_pid/share/wall_follower_pid/hook/ament_prefix_path.sh'
[3.572s] INFO:colcon.colcon_core.shell:Skip shell extension 'powershell' for command environment: Not usable outside of PowerShell
[3.573s] DEBUG:colcon.colcon_core.shell:Skip shell extension 'dsv' for command environment
[4.355s] INFO:colcon.colcon_core.task.python.build:Building Python package in '/home/rstole01/Documents/CSE-596/msu_ws/src/wall_follower_pid'
[4.394s] INFO:colcon.colcon_core.shell:Skip shell extension 'powershell' for command environment: Not usable outside of PowerShell
[4.395s] DEBUG:colcon.colcon_core.shell:Skip shell extension 'dsv' for command environment
[5.753s] DEBUG:colcon.colcon_core.event_handler.log_command:Invoking command in '/home/rstole01/Documents/CSE-596/msu_ws/src/wall_follower_pid': CMAKE_PREFIX_PATH=/home/rstole01/Documents/CSE-596/msu_ws/install/pid_msgs:/home/rstole01/Documents/CSE-596/msu_ws/install/ackermann_msgs:/home/rstole01/Documents/CSE-596/msu_ws/install/waypoint_publisher:/home/rstole01/Documents/CSE-596/msu_ws/install/slam_toolbox:/home/rstole01/Documents/CSE-596/msu_ws/install/qlearn_interfaces:/home/rstole01/Documents/CSE-596/msu_ws/install/my_messages LD_LIBRARY_PATH=/home/rstole01/Documents/CSE-596/msu_ws/install/pid_msgs/lib:/home/rstole01/Documents/CSE-596/msu_ws/install/ackermann_msgs/lib:/home/rstole01/Documents/CSE-596/msu_ws/install/slam_toolbox/lib:/home/rstole01/Documents/CSE-596/msu_ws/install/qlearn_interfaces/lib:/home/rstole01/Documents/CSE-596/msu_ws/install/my_messages/lib:/usr/lib/x86_64-linux-gnu/gazebo-11/plugins:/opt/ros/humble/opt/rviz_ogre_vendor/lib:/opt/ros/humble/lib/x86_64-linux-gnu:/opt/ros/humble/lib PYTHONPATH=/home/rstole01/Documents/CSE-596/msu_ws/build/wall_follower_pid/prefix_override:/home/rstole01/Documents/CSE-596/msu_ws/install/wall_follower_pid/lib/python3.10/site-packages:${PYTHONPATH} /usr/bin/python3 setup.py egg_info --egg-base ../../build/wall_follower_pid build --build-base /home/rstole01/Documents/CSE-596/msu_ws/build/wall_follower_pid/build install --record /home/rstole01/Documents/CSE-596/msu_ws/build/wall_follower_pid/install.log --single-version-externally-managed
[6.495s] DEBUG:colcon.colcon_core.event_handler.log_command:Invoked command in '/home/rstole01/Documents/CSE-596/msu_ws/src/wall_follower_pid' returned '0': CMAKE_PREFIX_PATH=/home/rstole01/Documents/CSE-596/msu_ws/install/pid_msgs:/home/rstole01/Documents/CSE-596/msu_ws/install/ackermann_msgs:/home/rstole01/Documents/CSE-596/msu_ws/install/waypoint_publisher:/home/rstole01/Documents/CSE-596/msu_ws/install/slam_toolbox:/home/rstole01/Documents/CSE-596/msu_ws/install/qlearn_interfaces:/home/rstole01/Documents/CSE-596/msu_ws/install/my_messages LD_LIBRARY_PATH=/home/rstole01/Documents/CSE-596/msu_ws/install/pid_msgs/lib:/home/rstole01/Documents/CSE-596/msu_ws/install/ackermann_msgs/lib:/home/rstole01/Documents/CSE-596/msu_ws/install/slam_toolbox/lib:/home/rstole01/Documents/CSE-596/msu_ws/install/qlearn_interfaces/lib:/home/rstole01/Documents/CSE-596/msu_ws/install/my_messages/lib:/usr/lib/x86_64-linux-gnu/gazebo-11/plugins:/opt/ros/humble/opt/rviz_ogre_vendor/lib:/opt/ros/humble/lib/x86_64-linux-gnu:/opt/ros/humble/lib PYTHONPATH=/home/rstole01/Documents/CSE-596/msu_ws/build/wall_follower_pid/prefix_override:/home/rstole01/Documents/CSE-596/msu_ws/install/wall_follower_pid/lib/python3.10/site-packages:${PYTHONPATH} /usr/bin/python3 setup.py egg_info --egg-base ../../build/wall_follower_pid build --build-base /home/rstole01/Documents/CSE-596/msu_ws/build/wall_follower_pid/build install --record /home/rstole01/Documents/CSE-596/msu_ws/build/wall_follower_pid/install.log --single-version-externally-managed
[6.541s] Level 1:colcon.colcon_core.environment:checking '/home/rstole01/Documents/CSE-596/msu_ws/install/wall_follower_pid' for CMake module files
[6.541s] Level 1:colcon.colcon_core.environment:checking '/home/rstole01/Documents/CSE-596/msu_ws/install/wall_follower_pid' for CMake config files
[6.543s] Level 1:colcon.colcon_core.environment:checking '/home/rstole01/Documents/CSE-596/msu_ws/install/wall_follower_pid/lib'
[6.543s] Level 1:colcon.colcon_core.environment:checking '/home/rstole01/Documents/CSE-596/msu_ws/install/wall_follower_pid/bin'
[6.543s] Level 1:colcon.colcon_core.environment:checking '/home/rstole01/Documents/CSE-596/msu_ws/install/wall_follower_pid/lib/pkgconfig/wall_follower_pid.pc'
[6.543s] Level 1:colcon.colcon_core.environment:checking '/home/rstole01/Documents/CSE-596/msu_ws/install/wall_follower_pid/lib/python3.10/site-packages'
[6.544s] Level 1:colcon.colcon_core.shell:create_environment_hook('wall_follower_pid', 'pythonpath')
[6.584s] INFO:colcon.colcon_core.shell:Creating environment hook '/home/rstole01/Documents/CSE-596/msu_ws/install/wall_follower_pid/share/wall_follower_pid/hook/pythonpath.ps1'
[6.585s] INFO:colcon.colcon_core.shell:Creating environment descriptor '/home/rstole01/Documents/CSE-596/msu_ws/install/wall_follower_pid/share/wall_follower_pid/hook/pythonpath.dsv'
[6.586s] INFO:colcon.colcon_core.shell:Creating environment hook '/home/rstole01/Documents/CSE-596/msu_ws/install/wall_follower_pid/share/wall_follower_pid/hook/pythonpath.sh'
[6.587s] Level 1:colcon.colcon_core.environment:checking '/home/rstole01/Documents/CSE-596/msu_ws/install/wall_follower_pid/bin'
[6.587s] Level 1:colcon.colcon_core.environment:create_environment_scripts_only(wall_follower_pid)
[6.627s] INFO:colcon.colcon_core.shell:Creating package script '/home/rstole01/Documents/CSE-596/msu_ws/install/wall_follower_pid/share/wall_follower_pid/package.ps1'
[6.628s] INFO:colcon.colcon_core.shell:Creating package descriptor '/home/rstole01/Documents/CSE-596/msu_ws/install/wall_follower_pid/share/wall_follower_pid/package.dsv'
[6.629s] INFO:colcon.colcon_core.shell:Creating package script '/home/rstole01/Documents/CSE-596/msu_ws/install/wall_follower_pid/share/wall_follower_pid/package.sh'
[6.631s] INFO:colcon.colcon_core.shell:Creating package script '/home/rstole01/Documents/CSE-596/msu_ws/install/wall_follower_pid/share/wall_follower_pid/package.bash'
[6.632s] INFO:colcon.colcon_core.shell:Creating package script '/home/rstole01/Documents/CSE-596/msu_ws/install/wall_follower_pid/share/wall_follower_pid/package.zsh'
[6.633s] Level 1:colcon.colcon_core.environment:create_file_with_runtime_dependencies(/home/rstole01/Documents/CSE-596/msu_ws/install/wall_follower_pid/share/colcon-core/packages/wall_follower_pid)
[6.634s] DEBUG:colcon.colcon_parallel_executor.executor.parallel:closing loop
[6.634s] DEBUG:colcon.colcon_parallel_executor.executor.parallel:loop closed
[6.635s] DEBUG:colcon.colcon_parallel_executor.executor.parallel:run_until_complete finished with '0'
[6.635s] DEBUG:colcon.colcon_core.event_reactor:joining thread
[6.692s] INFO:colcon.colcon_core.plugin_system:Skipping extension 'colcon_notification.desktop_notification.terminal_notifier': Not used on non-Darwin systems
[6.692s] INFO:colcon.colcon_core.plugin_system:Skipping extension 'colcon_notification.desktop_notification.win32': Not used on non-Windows systems
[6.693s] INFO:colcon.colcon_notification.desktop_notification:Sending desktop notification using 'notify2'
[6.718s] DEBUG:colcon.colcon_core.event_reactor:joined thread
[6.773s] INFO:colcon.colcon_core.shell:Creating prefix script '/home/rstole01/Documents/CSE-596/msu_ws/install/local_setup.ps1'
[6.775s] INFO:colcon.colcon_core.shell:Creating prefix util module '/home/rstole01/Documents/CSE-596/msu_ws/install/_local_setup_util_ps1.py'
[6.778s] INFO:colcon.colcon_core.shell:Creating prefix chain script '/home/rstole01/Documents/CSE-596/msu_ws/install/setup.ps1'
[6.826s] INFO:colcon.colcon_core.shell:Creating prefix script '/home/rstole01/Documents/CSE-596/msu_ws/install/local_setup.sh'
[6.827s] INFO:colcon.colcon_core.shell:Creating prefix util module '/home/rstole01/Documents/CSE-596/msu_ws/install/_local_setup_util_sh.py'
[6.828s] INFO:colcon.colcon_core.shell:Creating prefix chain script '/home/rstole01/Documents/CSE-596/msu_ws/install/setup.sh'
[6.879s] INFO:colcon.colcon_core.shell:Creating prefix script '/home/rstole01/Documents/CSE-596/msu_ws/install/local_setup.bash'
[6.879s] INFO:colcon.colcon_core.shell:Creating prefix chain script '/home/rstole01/Documents/CSE-596/msu_ws/install/setup.bash'
[6.927s] INFO:colcon.colcon_core.shell:Creating prefix script '/home/rstole01/Documents/CSE-596/msu_ws/install/local_setup.zsh'
[6.928s] INFO:colcon.colcon_core.shell:Creating prefix chain script '/home/rstole01/Documents/CSE-596/msu_ws/install/setup.zsh'
