[1.268s] Invoking command in '/home/rstole01/Documents/CSE-596/humble_ws/build/lab1_package': CMAKE_PREFIX_PATH=/opt/ros/humble /usr/bin/cmake --build /home/rstole01/Documents/CSE-596/humble_ws/build/lab1_package -- -j8 -l8
[1.363s] [100%] Built target my_node
[1.396s] Invoked command in '/home/rstole01/Documents/CSE-596/humble_ws/build/lab1_package' returned '0': CMAKE_PREFIX_PATH=/opt/ros/humble /usr/bin/cmake --build /home/rstole01/Documents/CSE-596/humble_ws/build/lab1_package -- -j8 -l8
[1.560s] Invoking command in '/home/rstole01/Documents/CSE-596/humble_ws/build/lab1_package': CMAKE_PREFIX_PATH=/opt/ros/humble /usr/bin/cmake --install /home/rstole01/Documents/CSE-596/humble_ws/build/lab1_package
[1.589s] -- Install configuration: ""
[1.611s] -- Up-to-date: /home/rstole01/Documents/CSE-596/humble_ws/install/lab1_package/lib/lab1_package/my_node
[1.613s] -- Up-to-date: /home/rstole01/Documents/CSE-596/humble_ws/install/lab1_package/share/ament_index/resource_index/package_run_dependencies/lab1_package
[1.613s] -- Up-to-date: /home/rstole01/Documents/CSE-596/humble_ws/install/lab1_package/share/ament_index/resource_index/parent_prefix_path/lab1_package
[1.613s] -- Up-to-date: /home/rstole01/Documents/CSE-596/humble_ws/install/lab1_package/share/lab1_package/environment/ament_prefix_path.sh
[1.613s] -- Up-to-date: /home/rstole01/Documents/CSE-596/humble_ws/install/lab1_package/share/lab1_package/environment/ament_prefix_path.dsv
[1.614s] -- Up-to-date: /home/rstole01/Documents/CSE-596/humble_ws/install/lab1_package/share/lab1_package/environment/path.sh
[1.615s] -- Up-to-date: /home/rstole01/Documents/CSE-596/humble_ws/install/lab1_package/share/lab1_package/environment/path.dsv
[1.615s] -- Up-to-date: /home/rstole01/Documents/CSE-596/humble_ws/install/lab1_package/share/lab1_package/local_setup.bash
[1.615s] -- Up-to-date: /home/rstole01/Documents/CSE-596/humble_ws/install/lab1_package/share/lab1_package/local_setup.sh
[1.616s] -- Up-to-date: /home/rstole01/Documents/CSE-596/humble_ws/install/lab1_package/share/lab1_package/local_setup.zsh
[1.616s] -- Up-to-date: /home/rstole01/Documents/CSE-596/humble_ws/install/lab1_package/share/lab1_package/local_setup.dsv
[1.616s] -- Installing: /home/rstole01/Documents/CSE-596/humble_ws/install/lab1_package/share/lab1_package/package.dsv
[1.617s] -- Up-to-date: /home/rstole01/Documents/CSE-596/humble_ws/install/lab1_package/share/ament_index/resource_index/packages/lab1_package
[1.617s] -- Up-to-date: /home/rstole01/Documents/CSE-596/humble_ws/install/lab1_package/share/lab1_package/cmake/lab1_packageConfig.cmake
[1.618s] -- Up-to-date: /home/rstole01/Documents/CSE-596/humble_ws/install/lab1_package/share/lab1_package/cmake/lab1_packageConfig-version.cmake
[1.618s] -- Up-to-date: /home/rstole01/Documents/CSE-596/humble_ws/install/lab1_package/share/lab1_package/package.xml
[1.845s] Invoked command in '/home/rstole01/Documents/CSE-596/humble_ws/build/lab1_package' returned '0': CMAKE_PREFIX_PATH=/opt/ros/humble /usr/bin/cmake --install /home/rstole01/Documents/CSE-596/humble_ws/build/lab1_package
