[2.584s] Invoking command in '/home/rstole01/Documents/CSE-596/msu_ws/build/slam_toolbox': CMAKE_PREFIX_PATH=${CMAKE_PREFIX_PATH}:/home/rstole01/Documents/CSE-596/msu_ws/install/waypoint_writer:/home/rstole01/Documents/CSE-596/msu_ws/install/waypoint_follow:/home/rstole01/Documents/CSE-596/msu_ws/install/wall_follower_pid:/home/rstole01/Documents/CSE-596/msu_ws/install/qlearn:/home/rstole01/Documents/CSE-596/msu_ws/install/py_pubsub:/home/rstole01/Documents/CSE-596/msu_ws/install/plexer360:/home/rstole01/Documents/CSE-596/msu_ws/install/painter:/home/rstole01/Documents/CSE-596/msu_ws/install/f1tenth_gym_ros:/opt/ros/humble /usr/bin/cmake --build /home/rstole01/Documents/CSE-596/msu_ws/build/slam_toolbox -- -j8 -l8
[2.844s] [  9%] Built target slam_toolbox__rosidl_generator_c
[2.866s] [ 10%] Built target slam_toolbox__cpp
[2.923s] [ 10%] Built target ament_cmake_python_copy_slam_toolbox
[2.942s] [ 12%] Built target kartoSlamToolbox
[3.005s] [ 21%] Built target slam_toolbox__rosidl_typesupport_fastrtps_c
[3.032s] [ 29%] Built target slam_toolbox__rosidl_typesupport_c
[3.062s] [ 37%] Built target slam_toolbox__rosidl_typesupport_introspection_c
[3.098s] [ 45%] Built target slam_toolbox__rosidl_typesupport_cpp
[3.110s] [ 60%] Built target slam_toolbox__rosidl_typesupport_introspection_cpp
[3.124s] [ 62%] Built target slam_toolbox__rosidl_typesupport_fastrtps_cpp
[3.275s] [ 62%] Built target slam_toolbox
[3.334s] [ 64%] Built target ceres_solver_plugin
[3.334s] [ 66%] Built target SlamToolboxPlugin
[3.384s] [ 66%] Built target slam_toolbox__py
[3.435s] [ 71%] Built target toolbox_common
[3.570s] [ 79%] Built target slam_toolbox__rosidl_generator_py
[3.743s] [ 81%] Built target async_slam_toolbox
[3.768s] [ 83%] Built target sync_slam_toolbox
[3.779s] [ 85%] Built target merge_maps_kinematic
[3.788s] [ 86%] Built target localization_slam_toolbox
[3.799s] [ 87%] Built target slam_toolbox__rosidl_typesupport_fastrtps_c__pyext
[3.821s] [ 88%] Built target lifelong_slam_toolbox
[3.845s] [ 90%] Built target slam_toolbox__rosidl_typesupport_introspection_c__pyext
[4.029s] [ 92%] Built target slam_toolbox__rosidl_typesupport_c__pyext
[4.077s] [ 93%] Built target sync_slam_toolbox_node
[4.110s] [ 94%] Built target map_and_localization_slam_toolbox
[4.127s] [ 95%] Built target async_slam_toolbox_node
[4.257s] running egg_info
[4.257s] writing slam_toolbox.egg-info/PKG-INFO
[4.263s] writing dependency_links to slam_toolbox.egg-info/dependency_links.txt
[4.264s] writing top-level names to slam_toolbox.egg-info/top_level.txt
[4.292s] reading manifest file 'slam_toolbox.egg-info/SOURCES.txt'
[4.292s] writing manifest file 'slam_toolbox.egg-info/SOURCES.txt'
[4.292s] [ 97%] Built target localization_slam_toolbox_node
[4.312s] [ 99%] Built target lifelong_slam_toolbox_node
[4.351s] [100%] Built target map_and_localization_slam_toolbox_node
[4.365s] [100%] Built target ament_cmake_python_build_slam_toolbox_egg
[5.240s] Invoked command in '/home/rstole01/Documents/CSE-596/msu_ws/build/slam_toolbox' returned '0': CMAKE_PREFIX_PATH=${CMAKE_PREFIX_PATH}:/home/rstole01/Documents/CSE-596/msu_ws/install/waypoint_writer:/home/rstole01/Documents/CSE-596/msu_ws/install/waypoint_follow:/home/rstole01/Documents/CSE-596/msu_ws/install/wall_follower_pid:/home/rstole01/Documents/CSE-596/msu_ws/install/qlearn:/home/rstole01/Documents/CSE-596/msu_ws/install/py_pubsub:/home/rstole01/Documents/CSE-596/msu_ws/install/plexer360:/home/rstole01/Documents/CSE-596/msu_ws/install/painter:/home/rstole01/Documents/CSE-596/msu_ws/install/f1tenth_gym_ros:/opt/ros/humble /usr/bin/cmake --build /home/rstole01/Documents/CSE-596/msu_ws/build/slam_toolbox -- -j8 -l8
[8.639s] Invoking command in '/home/rstole01/Documents/CSE-596/msu_ws/build/slam_toolbox': CMAKE_PREFIX_PATH=${CMAKE_PREFIX_PATH}:/home/rstole01/Documents/CSE-596/msu_ws/install/waypoint_writer:/home/rstole01/Documents/CSE-596/msu_ws/install/waypoint_follow:/home/rstole01/Documents/CSE-596/msu_ws/install/wall_follower_pid:/home/rstole01/Documents/CSE-596/msu_ws/install/qlearn:/home/rstole01/Documents/CSE-596/msu_ws/install/py_pubsub:/home/rstole01/Documents/CSE-596/msu_ws/install/plexer360:/home/rstole01/Documents/CSE-596/msu_ws/install/painter:/home/rstole01/Documents/CSE-596/msu_ws/install/f1tenth_gym_ros:/opt/ros/humble /usr/bin/cmake --install /home/rstole01/Documents/CSE-596/msu_ws/build/slam_toolbox
[9.099s] -- Install configuration: "Release"
[9.101s] -- Up-to-date: /home/rstole01/Documents/CSE-596/msu_ws/install/slam_toolbox/share/ament_index/resource_index/rosidl_interfaces/slam_toolbox
[9.101s] -- Up-to-date: /home/rstole01/Documents/CSE-596/msu_ws/install/slam_toolbox/include/slam_toolbox/slam_toolbox
[9.102s] -- Up-to-date: /home/rstole01/Documents/CSE-596/msu_ws/install/slam_toolbox/include/slam_toolbox/slam_toolbox/srv
[9.103s] -- Up-to-date: /home/rstole01/Documents/CSE-596/msu_ws/install/slam_toolbox/include/slam_toolbox/slam_toolbox/srv/loop_closure.h
[9.103s] -- Up-to-date: /home/rstole01/Documents/CSE-596/msu_ws/install/slam_toolbox/include/slam_toolbox/slam_toolbox/srv/clear_queue.h
[9.104s] -- Up-to-date: /home/rstole01/Documents/CSE-596/msu_ws/install/slam_toolbox/include/slam_toolbox/slam_toolbox/srv/toggle_interactive.h
[9.104s] -- Up-to-date: /home/rstole01/Documents/CSE-596/msu_ws/install/slam_toolbox/include/slam_toolbox/slam_toolbox/srv/deserialize_pose_graph.h
[9.105s] -- Up-to-date: /home/rstole01/Documents/CSE-596/msu_ws/install/slam_toolbox/include/slam_toolbox/slam_toolbox/srv/serialize_pose_graph.h
[9.106s] -- Up-to-date: /home/rstole01/Documents/CSE-596/msu_ws/install/slam_toolbox/include/slam_toolbox/slam_toolbox/srv/merge_maps.h
[9.107s] -- Up-to-date: /home/rstole01/Documents/CSE-596/msu_ws/install/slam_toolbox/include/slam_toolbox/slam_toolbox/srv/detail
[9.108s] -- Up-to-date: /home/rstole01/Documents/CSE-596/msu_ws/install/slam_toolbox/include/slam_toolbox/slam_toolbox/srv/detail/serialize_pose_graph__struct.h
[9.108s] -- Up-to-date: /home/rstole01/Documents/CSE-596/msu_ws/install/slam_toolbox/include/slam_toolbox/slam_toolbox/srv/detail/clear_queue__functions.c
[9.109s] -- Up-to-date: /home/rstole01/Documents/CSE-596/msu_ws/install/slam_toolbox/include/slam_toolbox/slam_toolbox/srv/detail/merge_maps__functions.c
[9.109s] -- Up-to-date: /home/rstole01/Documents/CSE-596/msu_ws/install/slam_toolbox/include/slam_toolbox/slam_toolbox/srv/detail/clear__functions.h
[9.110s] -- Up-to-date: /home/rstole01/Documents/CSE-596/msu_ws/install/slam_toolbox/include/slam_toolbox/slam_toolbox/srv/detail/loop_closure__functions.h
[9.110s] -- Up-to-date: /home/rstole01/Documents/CSE-596/msu_ws/install/slam_toolbox/include/slam_toolbox/slam_toolbox/srv/detail/save_map__type_support.h
[9.111s] -- Up-to-date: /home/rstole01/Documents/CSE-596/msu_ws/install/slam_toolbox/include/slam_toolbox/slam_toolbox/srv/detail/serialize_pose_graph__functions.c
[9.111s] -- Up-to-date: /home/rstole01/Documents/CSE-596/msu_ws/install/slam_toolbox/include/slam_toolbox/slam_toolbox/srv/detail/save_map__functions.h
[9.112s] -- Up-to-date: /home/rstole01/Documents/CSE-596/msu_ws/install/slam_toolbox/include/slam_toolbox/slam_toolbox/srv/detail/toggle_interactive__functions.c
[9.112s] -- Up-to-date: /home/rstole01/Documents/CSE-596/msu_ws/install/slam_toolbox/include/slam_toolbox/slam_toolbox/srv/detail/merge_maps__functions.h
[9.113s] -- Up-to-date: /home/rstole01/Documents/CSE-596/msu_ws/install/slam_toolbox/include/slam_toolbox/slam_toolbox/srv/detail/clear_queue__struct.h
[9.114s] -- Up-to-date: /home/rstole01/Documents/CSE-596/msu_ws/install/slam_toolbox/include/slam_toolbox/slam_toolbox/srv/detail/serialize_pose_graph__type_support.h
[9.115s] -- Up-to-date: /home/rstole01/Documents/CSE-596/msu_ws/install/slam_toolbox/include/slam_toolbox/slam_toolbox/srv/detail/save_map__functions.c
[9.115s] -- Up-to-date: /home/rstole01/Documents/CSE-596/msu_ws/install/slam_toolbox/include/slam_toolbox/slam_toolbox/srv/detail/loop_closure__functions.c
[9.116s] -- Up-to-date: /home/rstole01/Documents/CSE-596/msu_ws/install/slam_toolbox/include/slam_toolbox/slam_toolbox/srv/detail/merge_maps__struct.h
[9.116s] -- Up-to-date: /home/rstole01/Documents/CSE-596/msu_ws/install/slam_toolbox/include/slam_toolbox/slam_toolbox/srv/detail/add_submap__functions.h
[9.116s] -- Up-to-date: /home/rstole01/Documents/CSE-596/msu_ws/install/slam_toolbox/include/slam_toolbox/slam_toolbox/srv/detail/clear__functions.c
[9.117s] -- Up-to-date: /home/rstole01/Documents/CSE-596/msu_ws/install/slam_toolbox/include/slam_toolbox/slam_toolbox/srv/detail/serialize_pose_graph__functions.h
[9.118s] -- Up-to-date: /home/rstole01/Documents/CSE-596/msu_ws/install/slam_toolbox/include/slam_toolbox/slam_toolbox/srv/detail/toggle_interactive__struct.h
[9.118s] -- Up-to-date: /home/rstole01/Documents/CSE-596/msu_ws/install/slam_toolbox/include/slam_toolbox/slam_toolbox/srv/detail/save_map__struct.h
[9.119s] -- Up-to-date: /home/rstole01/Documents/CSE-596/msu_ws/install/slam_toolbox/include/slam_toolbox/slam_toolbox/srv/detail/deserialize_pose_graph__struct.h
[9.119s] -- Up-to-date: /home/rstole01/Documents/CSE-596/msu_ws/install/slam_toolbox/include/slam_toolbox/slam_toolbox/srv/detail/add_submap__struct.h
[9.120s] -- Up-to-date: /home/rstole01/Documents/CSE-596/msu_ws/install/slam_toolbox/include/slam_toolbox/slam_toolbox/srv/detail/clear__struct.h
[9.121s] -- Up-to-date: /home/rstole01/Documents/CSE-596/msu_ws/install/slam_toolbox/include/slam_toolbox/slam_toolbox/srv/detail/toggle_interactive__functions.h
[9.122s] -- Up-to-date: /home/rstole01/Documents/CSE-596/msu_ws/install/slam_toolbox/include/slam_toolbox/slam_toolbox/srv/detail/toggle_interactive__type_support.h
[9.122s] -- Up-to-date: /home/rstole01/Documents/CSE-596/msu_ws/install/slam_toolbox/include/slam_toolbox/slam_toolbox/srv/detail/loop_closure__type_support.h
[9.123s] -- Up-to-date: /home/rstole01/Documents/CSE-596/msu_ws/install/slam_toolbox/include/slam_toolbox/slam_toolbox/srv/detail/clear_queue__type_support.h
[9.123s] -- Up-to-date: /home/rstole01/Documents/CSE-596/msu_ws/install/slam_toolbox/include/slam_toolbox/slam_toolbox/srv/detail/pause__functions.c
[9.124s] -- Up-to-date: /home/rstole01/Documents/CSE-596/msu_ws/install/slam_toolbox/include/slam_toolbox/slam_toolbox/srv/detail/pause__functions.h
[9.125s] -- Up-to-date: /home/rstole01/Documents/CSE-596/msu_ws/install/slam_toolbox/include/slam_toolbox/slam_toolbox/srv/detail/add_submap__functions.c
[9.125s] -- Up-to-date: /home/rstole01/Documents/CSE-596/msu_ws/install/slam_toolbox/include/slam_toolbox/slam_toolbox/srv/detail/pause__struct.h
[9.126s] -- Up-to-date: /home/rstole01/Documents/CSE-596/msu_ws/install/slam_toolbox/include/slam_toolbox/slam_toolbox/srv/detail/deserialize_pose_graph__functions.h
[9.126s] -- Up-to-date: /home/rstole01/Documents/CSE-596/msu_ws/install/slam_toolbox/include/slam_toolbox/slam_toolbox/srv/detail/merge_maps__type_support.h
[9.127s] -- Up-to-date: /home/rstole01/Documents/CSE-596/msu_ws/install/slam_toolbox/include/slam_toolbox/slam_toolbox/srv/detail/deserialize_pose_graph__type_support.h
[9.128s] -- Up-to-date: /home/rstole01/Documents/CSE-596/msu_ws/install/slam_toolbox/include/slam_toolbox/slam_toolbox/srv/detail/add_submap__type_support.h
[9.129s] -- Up-to-date: /home/rstole01/Documents/CSE-596/msu_ws/install/slam_toolbox/include/slam_toolbox/slam_toolbox/srv/detail/deserialize_pose_graph__functions.c
[9.132s] -- Up-to-date: /home/rstole01/Documents/CSE-596/msu_ws/install/slam_toolbox/include/slam_toolbox/slam_toolbox/srv/detail/pause__type_support.h
[9.132s] -- Up-to-date: /home/rstole01/Documents/CSE-596/msu_ws/install/slam_toolbox/include/slam_toolbox/slam_toolbox/srv/detail/clear_queue__functions.h
[9.133s] -- Up-to-date: /home/rstole01/Documents/CSE-596/msu_ws/install/slam_toolbox/include/slam_toolbox/slam_toolbox/srv/detail/clear__type_support.h
[9.133s] -- Up-to-date: /home/rstole01/Documents/CSE-596/msu_ws/install/slam_toolbox/include/slam_toolbox/slam_toolbox/srv/detail/loop_closure__struct.h
[9.134s] -- Up-to-date: /home/rstole01/Documents/CSE-596/msu_ws/install/slam_toolbox/include/slam_toolbox/slam_toolbox/srv/save_map.h
[9.135s] -- Up-to-date: /home/rstole01/Documents/CSE-596/msu_ws/install/slam_toolbox/include/slam_toolbox/slam_toolbox/srv/pause.h
[9.135s] -- Up-to-date: /home/rstole01/Documents/CSE-596/msu_ws/install/slam_toolbox/include/slam_toolbox/slam_toolbox/srv/add_submap.h
[9.136s] -- Up-to-date: /home/rstole01/Documents/CSE-596/msu_ws/install/slam_toolbox/include/slam_toolbox/slam_toolbox/srv/clear.h
[9.137s] -- Up-to-date: /home/rstole01/Documents/CSE-596/msu_ws/install/slam_toolbox/include/slam_toolbox/slam_toolbox/msg
[9.137s] -- Up-to-date: /home/rstole01/Documents/CSE-596/msu_ws/install/slam_toolbox/include/slam_toolbox/slam_toolbox/msg/rosidl_generator_c__visibility_control.h
[9.138s] -- Up-to-date: /home/rstole01/Documents/CSE-596/msu_ws/install/slam_toolbox/share/slam_toolbox/environment/library_path.sh
[9.138s] -- Up-to-date: /home/rstole01/Documents/CSE-596/msu_ws/install/slam_toolbox/share/slam_toolbox/environment/library_path.dsv
[9.139s] -- Up-to-date: /home/rstole01/Documents/CSE-596/msu_ws/install/slam_toolbox/lib/libslam_toolbox__rosidl_generator_c.so
[9.140s] -- Up-to-date: /home/rstole01/Documents/CSE-596/msu_ws/install/slam_toolbox/include/slam_toolbox/slam_toolbox
[9.140s] -- Up-to-date: /home/rstole01/Documents/CSE-596/msu_ws/install/slam_toolbox/include/slam_toolbox/slam_toolbox/srv
[9.141s] -- Up-to-date: /home/rstole01/Documents/CSE-596/msu_ws/install/slam_toolbox/include/slam_toolbox/slam_toolbox/srv/detail
[9.142s] -- Up-to-date: /home/rstole01/Documents/CSE-596/msu_ws/install/slam_toolbox/include/slam_toolbox/slam_toolbox/srv/detail/serialize_pose_graph__rosidl_typesupport_fastrtps_c.h
[9.143s] -- Up-to-date: /home/rstole01/Documents/CSE-596/msu_ws/install/slam_toolbox/include/slam_toolbox/slam_toolbox/srv/detail/deserialize_pose_graph__rosidl_typesupport_fastrtps_c.h
[9.143s] -- Up-to-date: /home/rstole01/Documents/CSE-596/msu_ws/install/slam_toolbox/include/slam_toolbox/slam_toolbox/srv/detail/clear_queue__rosidl_typesupport_fastrtps_c.h
[9.143s] -- Up-to-date: /home/rstole01/Documents/CSE-596/msu_ws/install/slam_toolbox/include/slam_toolbox/slam_toolbox/srv/detail/pause__rosidl_typesupport_fastrtps_c.h
[9.144s] -- Up-to-date: /home/rstole01/Documents/CSE-596/msu_ws/install/slam_toolbox/include/slam_toolbox/slam_toolbox/srv/detail/loop_closure__rosidl_typesupport_fastrtps_c.h
[9.145s] -- Up-to-date: /home/rstole01/Documents/CSE-596/msu_ws/install/slam_toolbox/include/slam_toolbox/slam_toolbox/srv/detail/save_map__rosidl_typesupport_fastrtps_c.h
[9.145s] -- Up-to-date: /home/rstole01/Documents/CSE-596/msu_ws/install/slam_toolbox/include/slam_toolbox/slam_toolbox/srv/detail/toggle_interactive__rosidl_typesupport_fastrtps_c.h
[9.146s] -- Up-to-date: /home/rstole01/Documents/CSE-596/msu_ws/install/slam_toolbox/include/slam_toolbox/slam_toolbox/srv/detail/merge_maps__rosidl_typesupport_fastrtps_c.h
[9.147s] -- Up-to-date: /home/rstole01/Documents/CSE-596/msu_ws/install/slam_toolbox/include/slam_toolbox/slam_toolbox/srv/detail/add_submap__rosidl_typesupport_fastrtps_c.h
[9.147s] -- Up-to-date: /home/rstole01/Documents/CSE-596/msu_ws/install/slam_toolbox/include/slam_toolbox/slam_toolbox/srv/detail/clear__rosidl_typesupport_fastrtps_c.h
[9.148s] -- Up-to-date: /home/rstole01/Documents/CSE-596/msu_ws/install/slam_toolbox/include/slam_toolbox/slam_toolbox/msg
[9.148s] -- Up-to-date: /home/rstole01/Documents/CSE-596/msu_ws/install/slam_toolbox/include/slam_toolbox/slam_toolbox/msg/rosidl_typesupport_fastrtps_c__visibility_control.h
[9.149s] -- Up-to-date: /home/rstole01/Documents/CSE-596/msu_ws/install/slam_toolbox/lib/libslam_toolbox__rosidl_typesupport_fastrtps_c.so
[9.150s] -- Up-to-date: /home/rstole01/Documents/CSE-596/msu_ws/install/slam_toolbox/include/slam_toolbox/slam_toolbox
[9.151s] -- Up-to-date: /home/rstole01/Documents/CSE-596/msu_ws/install/slam_toolbox/include/slam_toolbox/slam_toolbox/srv
[9.152s] -- Up-to-date: /home/rstole01/Documents/CSE-596/msu_ws/install/slam_toolbox/include/slam_toolbox/slam_toolbox/srv/merge_maps.hpp
[9.153s] -- Up-to-date: /home/rstole01/Documents/CSE-596/msu_ws/install/slam_toolbox/include/slam_toolbox/slam_toolbox/srv/deserialize_pose_graph.hpp
[9.154s] -- Up-to-date: /home/rstole01/Documents/CSE-596/msu_ws/install/slam_toolbox/include/slam_toolbox/slam_toolbox/srv/clear.hpp
[9.155s] -- Up-to-date: /home/rstole01/Documents/CSE-596/msu_ws/install/slam_toolbox/include/slam_toolbox/slam_toolbox/srv/detail
[9.155s] -- Up-to-date: /home/rstole01/Documents/CSE-596/msu_ws/install/slam_toolbox/include/slam_toolbox/slam_toolbox/srv/detail/add_submap__builder.hpp
[9.156s] -- Up-to-date: /home/rstole01/Documents/CSE-596/msu_ws/install/slam_toolbox/include/slam_toolbox/slam_toolbox/srv/detail/loop_closure__struct.hpp
[9.157s] -- Up-to-date: /home/rstole01/Documents/CSE-596/msu_ws/install/slam_toolbox/include/slam_toolbox/slam_toolbox/srv/detail/merge_maps__builder.hpp
[9.157s] -- Up-to-date: /home/rstole01/Documents/CSE-596/msu_ws/install/slam_toolbox/include/slam_toolbox/slam_toolbox/srv/detail/save_map__struct.hpp
[9.158s] -- Up-to-date: /home/rstole01/Documents/CSE-596/msu_ws/install/slam_toolbox/include/slam_toolbox/slam_toolbox/srv/detail/pause__builder.hpp
[9.159s] -- Up-to-date: /home/rstole01/Documents/CSE-596/msu_ws/install/slam_toolbox/include/slam_toolbox/slam_toolbox/srv/detail/deserialize_pose_graph__traits.hpp
[9.160s] -- Up-to-date: /home/rstole01/Documents/CSE-596/msu_ws/install/slam_toolbox/include/slam_toolbox/slam_toolbox/srv/detail/merge_maps__traits.hpp
[9.160s] -- Up-to-date: /home/rstole01/Documents/CSE-596/msu_ws/install/slam_toolbox/include/slam_toolbox/slam_toolbox/srv/detail/serialize_pose_graph__builder.hpp
[9.161s] -- Up-to-date: /home/rstole01/Documents/CSE-596/msu_ws/install/slam_toolbox/include/slam_toolbox/slam_toolbox/srv/detail/merge_maps__struct.hpp
[9.163s] -- Up-to-date: /home/rstole01/Documents/CSE-596/msu_ws/install/slam_toolbox/include/slam_toolbox/slam_toolbox/srv/detail/serialize_pose_graph__struct.hpp
[9.164s] -- Up-to-date: /home/rstole01/Documents/CSE-596/msu_ws/install/slam_toolbox/include/slam_toolbox/slam_toolbox/srv/detail/save_map__traits.hpp
[9.164s] -- Up-to-date: /home/rstole01/Documents/CSE-596/msu_ws/install/slam_toolbox/include/slam_toolbox/slam_toolbox/srv/detail/pause__struct.hpp
[9.165s] -- Up-to-date: /home/rstole01/Documents/CSE-596/msu_ws/install/slam_toolbox/include/slam_toolbox/slam_toolbox/srv/detail/clear_queue__struct.hpp
[9.166s] -- Up-to-date: /home/rstole01/Documents/CSE-596/msu_ws/install/slam_toolbox/include/slam_toolbox/slam_toolbox/srv/detail/toggle_interactive__traits.hpp
[9.166s] -- Up-to-date: /home/rstole01/Documents/CSE-596/msu_ws/install/slam_toolbox/include/slam_toolbox/slam_toolbox/srv/detail/clear__builder.hpp
[9.167s] -- Up-to-date: /home/rstole01/Documents/CSE-596/msu_ws/install/slam_toolbox/include/slam_toolbox/slam_toolbox/srv/detail/add_submap__traits.hpp
[9.167s] -- Up-to-date: /home/rstole01/Documents/CSE-596/msu_ws/install/slam_toolbox/include/slam_toolbox/slam_toolbox/srv/detail/clear_queue__traits.hpp
[9.168s] -- Up-to-date: /home/rstole01/Documents/CSE-596/msu_ws/install/slam_toolbox/include/slam_toolbox/slam_toolbox/srv/detail/loop_closure__builder.hpp
[9.169s] -- Up-to-date: /home/rstole01/Documents/CSE-596/msu_ws/install/slam_toolbox/include/slam_toolbox/slam_toolbox/srv/detail/serialize_pose_graph__traits.hpp
[9.169s] -- Up-to-date: /home/rstole01/Documents/CSE-596/msu_ws/install/slam_toolbox/include/slam_toolbox/slam_toolbox/srv/detail/loop_closure__traits.hpp
[9.170s] -- Up-to-date: /home/rstole01/Documents/CSE-596/msu_ws/install/slam_toolbox/include/slam_toolbox/slam_toolbox/srv/detail/clear__struct.hpp
[9.171s] -- Up-to-date: /home/rstole01/Documents/CSE-596/msu_ws/install/slam_toolbox/include/slam_toolbox/slam_toolbox/srv/detail/save_map__builder.hpp
[9.172s] -- Up-to-date: /home/rstole01/Documents/CSE-596/msu_ws/install/slam_toolbox/include/slam_toolbox/slam_toolbox/srv/detail/pause__traits.hpp
[9.173s] -- Up-to-date: /home/rstole01/Documents/CSE-596/msu_ws/install/slam_toolbox/include/slam_toolbox/slam_toolbox/srv/detail/clear__traits.hpp
[9.174s] -- Up-to-date: /home/rstole01/Documents/CSE-596/msu_ws/install/slam_toolbox/include/slam_toolbox/slam_toolbox/srv/detail/deserialize_pose_graph__struct.hpp
[9.175s] -- Up-to-date: /home/rstole01/Documents/CSE-596/msu_ws/install/slam_toolbox/include/slam_toolbox/slam_toolbox/srv/detail/add_submap__struct.hpp
[9.175s] -- Up-to-date: /home/rstole01/Documents/CSE-596/msu_ws/install/slam_toolbox/include/slam_toolbox/slam_toolbox/srv/detail/deserialize_pose_graph__builder.hpp
[9.176s] -- Up-to-date: /home/rstole01/Documents/CSE-596/msu_ws/install/slam_toolbox/include/slam_toolbox/slam_toolbox/srv/detail/clear_queue__builder.hpp
[9.176s] -- Up-to-date: /home/rstole01/Documents/CSE-596/msu_ws/install/slam_toolbox/include/slam_toolbox/slam_toolbox/srv/detail/toggle_interactive__struct.hpp
[9.177s] -- Up-to-date: /home/rstole01/Documents/CSE-596/msu_ws/install/slam_toolbox/include/slam_toolbox/slam_toolbox/srv/detail/toggle_interactive__builder.hpp
[9.178s] -- Up-to-date: /home/rstole01/Documents/CSE-596/msu_ws/install/slam_toolbox/include/slam_toolbox/slam_toolbox/srv/add_submap.hpp
[9.178s] -- Up-to-date: /home/rstole01/Documents/CSE-596/msu_ws/install/slam_toolbox/include/slam_toolbox/slam_toolbox/srv/clear_queue.hpp
[9.179s] -- Up-to-date: /home/rstole01/Documents/CSE-596/msu_ws/install/slam_toolbox/include/slam_toolbox/slam_toolbox/srv/pause.hpp
[9.180s] -- Up-to-date: /home/rstole01/Documents/CSE-596/msu_ws/install/slam_toolbox/include/slam_toolbox/slam_toolbox/srv/serialize_pose_graph.hpp
[9.181s] -- Up-to-date: /home/rstole01/Documents/CSE-596/msu_ws/install/slam_toolbox/include/slam_toolbox/slam_toolbox/srv/toggle_interactive.hpp
[9.183s] -- Up-to-date: /home/rstole01/Documents/CSE-596/msu_ws/install/slam_toolbox/include/slam_toolbox/slam_toolbox/srv/save_map.hpp
[9.183s] -- Up-to-date: /home/rstole01/Documents/CSE-596/msu_ws/install/slam_toolbox/include/slam_toolbox/slam_toolbox/srv/loop_closure.hpp
[9.183s] -- Up-to-date: /home/rstole01/Documents/CSE-596/msu_ws/install/slam_toolbox/include/slam_toolbox/slam_toolbox
[9.184s] -- Up-to-date: /home/rstole01/Documents/CSE-596/msu_ws/install/slam_toolbox/include/slam_toolbox/slam_toolbox/srv
[9.184s] -- Up-to-date: /home/rstole01/Documents/CSE-596/msu_ws/install/slam_toolbox/include/slam_toolbox/slam_toolbox/srv/detail
[9.185s] -- Up-to-date: /home/rstole01/Documents/CSE-596/msu_ws/install/slam_toolbox/include/slam_toolbox/slam_toolbox/srv/detail/add_submap__rosidl_typesupport_fastrtps_cpp.hpp
[9.186s] -- Up-to-date: /home/rstole01/Documents/CSE-596/msu_ws/install/slam_toolbox/include/slam_toolbox/slam_toolbox/srv/detail/serialize_pose_graph__rosidl_typesupport_fastrtps_cpp.hpp
[9.187s] -- Up-to-date: /home/rstole01/Documents/CSE-596/msu_ws/install/slam_toolbox/include/slam_toolbox/slam_toolbox/srv/detail/clear_queue__rosidl_typesupport_fastrtps_cpp.hpp
[9.187s] -- Up-to-date: /home/rstole01/Documents/CSE-596/msu_ws/install/slam_toolbox/include/slam_toolbox/slam_toolbox/srv/detail/loop_closure__rosidl_typesupport_fastrtps_cpp.hpp
[9.188s] -- Up-to-date: /home/rstole01/Documents/CSE-596/msu_ws/install/slam_toolbox/include/slam_toolbox/slam_toolbox/srv/detail/clear__rosidl_typesupport_fastrtps_cpp.hpp
[9.189s] -- Up-to-date: /home/rstole01/Documents/CSE-596/msu_ws/install/slam_toolbox/include/slam_toolbox/slam_toolbox/srv/detail/deserialize_pose_graph__rosidl_typesupport_fastrtps_cpp.hpp
[9.189s] -- Up-to-date: /home/rstole01/Documents/CSE-596/msu_ws/install/slam_toolbox/include/slam_toolbox/slam_toolbox/srv/detail/toggle_interactive__rosidl_typesupport_fastrtps_cpp.hpp
[9.190s] -- Up-to-date: /home/rstole01/Documents/CSE-596/msu_ws/install/slam_toolbox/include/slam_toolbox/slam_toolbox/srv/detail/dds_fastrtps
[9.191s] -- Up-to-date: /home/rstole01/Documents/CSE-596/msu_ws/install/slam_toolbox/include/slam_toolbox/slam_toolbox/srv/detail/save_map__rosidl_typesupport_fastrtps_cpp.hpp
[9.191s] -- Up-to-date: /home/rstole01/Documents/CSE-596/msu_ws/install/slam_toolbox/include/slam_toolbox/slam_toolbox/srv/detail/pause__rosidl_typesupport_fastrtps_cpp.hpp
[9.192s] -- Up-to-date: /home/rstole01/Documents/CSE-596/msu_ws/install/slam_toolbox/include/slam_toolbox/slam_toolbox/srv/detail/merge_maps__rosidl_typesupport_fastrtps_cpp.hpp
[9.193s] -- Up-to-date: /home/rstole01/Documents/CSE-596/msu_ws/install/slam_toolbox/include/slam_toolbox/slam_toolbox/msg
[9.193s] -- Up-to-date: /home/rstole01/Documents/CSE-596/msu_ws/install/slam_toolbox/include/slam_toolbox/slam_toolbox/msg/rosidl_typesupport_fastrtps_cpp__visibility_control.h
[9.194s] -- Up-to-date: /home/rstole01/Documents/CSE-596/msu_ws/install/slam_toolbox/lib/libslam_toolbox__rosidl_typesupport_fastrtps_cpp.so
[9.194s] -- Up-to-date: /home/rstole01/Documents/CSE-596/msu_ws/install/slam_toolbox/include/slam_toolbox/slam_toolbox
[9.195s] -- Up-to-date: /home/rstole01/Documents/CSE-596/msu_ws/install/slam_toolbox/include/slam_toolbox/slam_toolbox/srv
[9.197s] -- Up-to-date: /home/rstole01/Documents/CSE-596/msu_ws/install/slam_toolbox/include/slam_toolbox/slam_toolbox/srv/detail
[9.198s] -- Up-to-date: /home/rstole01/Documents/CSE-596/msu_ws/install/slam_toolbox/include/slam_toolbox/slam_toolbox/srv/detail/merge_maps__type_support.c
[9.198s] -- Up-to-date: /home/rstole01/Documents/CSE-596/msu_ws/install/slam_toolbox/include/slam_toolbox/slam_toolbox/srv/detail/add_submap__type_support.c
[9.200s] -- Up-to-date: /home/rstole01/Documents/CSE-596/msu_ws/install/slam_toolbox/include/slam_toolbox/slam_toolbox/srv/detail/clear__rosidl_typesupport_introspection_c.h
[9.201s] -- Up-to-date: /home/rstole01/Documents/CSE-596/msu_ws/install/slam_toolbox/include/slam_toolbox/slam_toolbox/srv/detail/loop_closure__type_support.c
[9.202s] -- Up-to-date: /home/rstole01/Documents/CSE-596/msu_ws/install/slam_toolbox/include/slam_toolbox/slam_toolbox/srv/detail/toggle_interactive__type_support.c
[9.203s] -- Up-to-date: /home/rstole01/Documents/CSE-596/msu_ws/install/slam_toolbox/include/slam_toolbox/slam_toolbox/srv/detail/pause__rosidl_typesupport_introspection_c.h
[9.204s] -- Up-to-date: /home/rstole01/Documents/CSE-596/msu_ws/install/slam_toolbox/include/slam_toolbox/slam_toolbox/srv/detail/deserialize_pose_graph__type_support.c
[9.205s] -- Up-to-date: /home/rstole01/Documents/CSE-596/msu_ws/install/slam_toolbox/include/slam_toolbox/slam_toolbox/srv/detail/clear_queue__rosidl_typesupport_introspection_c.h
[9.205s] -- Up-to-date: /home/rstole01/Documents/CSE-596/msu_ws/install/slam_toolbox/include/slam_toolbox/slam_toolbox/srv/detail/toggle_interactive__rosidl_typesupport_introspection_c.h
[9.206s] -- Up-to-date: /home/rstole01/Documents/CSE-596/msu_ws/install/slam_toolbox/include/slam_toolbox/slam_toolbox/srv/detail/save_map__type_support.c
[9.207s] -- Up-to-date: /home/rstole01/Documents/CSE-596/msu_ws/install/slam_toolbox/include/slam_toolbox/slam_toolbox/srv/detail/clear__type_support.c
[9.208s] -- Up-to-date: /home/rstole01/Documents/CSE-596/msu_ws/install/slam_toolbox/include/slam_toolbox/slam_toolbox/srv/detail/add_submap__rosidl_typesupport_introspection_c.h
[9.209s] -- Up-to-date: /home/rstole01/Documents/CSE-596/msu_ws/install/slam_toolbox/include/slam_toolbox/slam_toolbox/srv/detail/merge_maps__rosidl_typesupport_introspection_c.h
[9.210s] -- Up-to-date: /home/rstole01/Documents/CSE-596/msu_ws/install/slam_toolbox/include/slam_toolbox/slam_toolbox/srv/detail/pause__type_support.c
[9.210s] -- Up-to-date: /home/rstole01/Documents/CSE-596/msu_ws/install/slam_toolbox/include/slam_toolbox/slam_toolbox/srv/detail/clear_queue__type_support.c
[9.211s] -- Up-to-date: /home/rstole01/Documents/CSE-596/msu_ws/install/slam_toolbox/include/slam_toolbox/slam_toolbox/srv/detail/deserialize_pose_graph__rosidl_typesupport_introspection_c.h
[9.212s] -- Up-to-date: /home/rstole01/Documents/CSE-596/msu_ws/install/slam_toolbox/include/slam_toolbox/slam_toolbox/srv/detail/serialize_pose_graph__rosidl_typesupport_introspection_c.h
[9.212s] -- Up-to-date: /home/rstole01/Documents/CSE-596/msu_ws/install/slam_toolbox/include/slam_toolbox/slam_toolbox/srv/detail/serialize_pose_graph__type_support.c
[9.213s] -- Up-to-date: /home/rstole01/Documents/CSE-596/msu_ws/install/slam_toolbox/include/slam_toolbox/slam_toolbox/srv/detail/loop_closure__rosidl_typesupport_introspection_c.h
[9.214s] -- Up-to-date: /home/rstole01/Documents/CSE-596/msu_ws/install/slam_toolbox/include/slam_toolbox/slam_toolbox/srv/detail/save_map__rosidl_typesupport_introspection_c.h
[9.214s] -- Up-to-date: /home/rstole01/Documents/CSE-596/msu_ws/install/slam_toolbox/include/slam_toolbox/slam_toolbox/msg
[9.215s] -- Up-to-date: /home/rstole01/Documents/CSE-596/msu_ws/install/slam_toolbox/include/slam_toolbox/slam_toolbox/msg/rosidl_typesupport_introspection_c__visibility_control.h
[9.216s] -- Up-to-date: /home/rstole01/Documents/CSE-596/msu_ws/install/slam_toolbox/lib/libslam_toolbox__rosidl_typesupport_introspection_c.so
[9.216s] -- Up-to-date: /home/rstole01/Documents/CSE-596/msu_ws/install/slam_toolbox/lib/libslam_toolbox__rosidl_typesupport_c.so
[9.217s] -- Up-to-date: /home/rstole01/Documents/CSE-596/msu_ws/install/slam_toolbox/include/slam_toolbox/slam_toolbox
[9.217s] -- Up-to-date: /home/rstole01/Documents/CSE-596/msu_ws/install/slam_toolbox/include/slam_toolbox/slam_toolbox/srv
[9.218s] -- Up-to-date: /home/rstole01/Documents/CSE-596/msu_ws/install/slam_toolbox/include/slam_toolbox/slam_toolbox/srv/detail
[9.219s] -- Up-to-date: /home/rstole01/Documents/CSE-596/msu_ws/install/slam_toolbox/include/slam_toolbox/slam_toolbox/srv/detail/toggle_interactive__type_support.cpp
[9.220s] -- Up-to-date: /home/rstole01/Documents/CSE-596/msu_ws/install/slam_toolbox/include/slam_toolbox/slam_toolbox/srv/detail/serialize_pose_graph__type_support.cpp
[9.220s] -- Up-to-date: /home/rstole01/Documents/CSE-596/msu_ws/install/slam_toolbox/include/slam_toolbox/slam_toolbox/srv/detail/add_submap__rosidl_typesupport_introspection_cpp.hpp
[9.221s] -- Up-to-date: /home/rstole01/Documents/CSE-596/msu_ws/install/slam_toolbox/include/slam_toolbox/slam_toolbox/srv/detail/toggle_interactive__rosidl_typesupport_introspection_cpp.hpp
[9.222s] -- Up-to-date: /home/rstole01/Documents/CSE-596/msu_ws/install/slam_toolbox/include/slam_toolbox/slam_toolbox/srv/detail/clear_queue__type_support.cpp
[9.222s] -- Up-to-date: /home/rstole01/Documents/CSE-596/msu_ws/install/slam_toolbox/include/slam_toolbox/slam_toolbox/srv/detail/save_map__rosidl_typesupport_introspection_cpp.hpp
[9.222s] -- Up-to-date: /home/rstole01/Documents/CSE-596/msu_ws/install/slam_toolbox/include/slam_toolbox/slam_toolbox/srv/detail/serialize_pose_graph__rosidl_typesupport_introspection_cpp.hpp
[9.223s] -- Up-to-date: /home/rstole01/Documents/CSE-596/msu_ws/install/slam_toolbox/include/slam_toolbox/slam_toolbox/srv/detail/clear__type_support.cpp
[9.224s] -- Up-to-date: /home/rstole01/Documents/CSE-596/msu_ws/install/slam_toolbox/include/slam_toolbox/slam_toolbox/srv/detail/clear__rosidl_typesupport_introspection_cpp.hpp
[9.225s] -- Up-to-date: /home/rstole01/Documents/CSE-596/msu_ws/install/slam_toolbox/include/slam_toolbox/slam_toolbox/srv/detail/pause__type_support.cpp
[9.225s] -- Up-to-date: /home/rstole01/Documents/CSE-596/msu_ws/install/slam_toolbox/include/slam_toolbox/slam_toolbox/srv/detail/add_submap__type_support.cpp
[9.226s] -- Up-to-date: /home/rstole01/Documents/CSE-596/msu_ws/install/slam_toolbox/include/slam_toolbox/slam_toolbox/srv/detail/deserialize_pose_graph__rosidl_typesupport_introspection_cpp.hpp
[9.227s] -- Up-to-date: /home/rstole01/Documents/CSE-596/msu_ws/install/slam_toolbox/include/slam_toolbox/slam_toolbox/srv/detail/merge_maps__rosidl_typesupport_introspection_cpp.hpp
[9.227s] -- Up-to-date: /home/rstole01/Documents/CSE-596/msu_ws/install/slam_toolbox/include/slam_toolbox/slam_toolbox/srv/detail/pause__rosidl_typesupport_introspection_cpp.hpp
[9.228s] -- Up-to-date: /home/rstole01/Documents/CSE-596/msu_ws/install/slam_toolbox/include/slam_toolbox/slam_toolbox/srv/detail/merge_maps__type_support.cpp
[9.229s] -- Up-to-date: /home/rstole01/Documents/CSE-596/msu_ws/install/slam_toolbox/include/slam_toolbox/slam_toolbox/srv/detail/save_map__type_support.cpp
[9.230s] -- Up-to-date: /home/rstole01/Documents/CSE-596/msu_ws/install/slam_toolbox/include/slam_toolbox/slam_toolbox/srv/detail/deserialize_pose_graph__type_support.cpp
[9.231s] -- Up-to-date: /home/rstole01/Documents/CSE-596/msu_ws/install/slam_toolbox/include/slam_toolbox/slam_toolbox/srv/detail/loop_closure__rosidl_typesupport_introspection_cpp.hpp
[9.231s] -- Up-to-date: /home/rstole01/Documents/CSE-596/msu_ws/install/slam_toolbox/include/slam_toolbox/slam_toolbox/srv/detail/clear_queue__rosidl_typesupport_introspection_cpp.hpp
[9.232s] -- Up-to-date: /home/rstole01/Documents/CSE-596/msu_ws/install/slam_toolbox/include/slam_toolbox/slam_toolbox/srv/detail/loop_closure__type_support.cpp
[9.232s] -- Up-to-date: /home/rstole01/Documents/CSE-596/msu_ws/install/slam_toolbox/lib/libslam_toolbox__rosidl_typesupport_introspection_cpp.so
[9.233s] -- Up-to-date: /home/rstole01/Documents/CSE-596/msu_ws/install/slam_toolbox/lib/libslam_toolbox__rosidl_typesupport_cpp.so
[9.234s] -- Up-to-date: /home/rstole01/Documents/CSE-596/msu_ws/install/slam_toolbox/share/slam_toolbox/environment/pythonpath.sh
[9.235s] -- Up-to-date: /home/rstole01/Documents/CSE-596/msu_ws/install/slam_toolbox/share/slam_toolbox/environment/pythonpath.dsv
[9.236s] -- Up-to-date: /home/rstole01/Documents/CSE-596/msu_ws/install/slam_toolbox/local/lib/python3.10/dist-packages/slam_toolbox-2.7.2-py3.10.egg-info
[9.236s] -- Installing: /home/rstole01/Documents/CSE-596/msu_ws/install/slam_toolbox/local/lib/python3.10/dist-packages/slam_toolbox-2.7.2-py3.10.egg-info/top_level.txt
[9.237s] -- Installing: /home/rstole01/Documents/CSE-596/msu_ws/install/slam_toolbox/local/lib/python3.10/dist-packages/slam_toolbox-2.7.2-py3.10.egg-info/SOURCES.txt
[9.237s] -- Installing: /home/rstole01/Documents/CSE-596/msu_ws/install/slam_toolbox/local/lib/python3.10/dist-packages/slam_toolbox-2.7.2-py3.10.egg-info/PKG-INFO
[9.238s] -- Installing: /home/rstole01/Documents/CSE-596/msu_ws/install/slam_toolbox/local/lib/python3.10/dist-packages/slam_toolbox-2.7.2-py3.10.egg-info/dependency_links.txt
[9.239s] -- Up-to-date: /home/rstole01/Documents/CSE-596/msu_ws/install/slam_toolbox/local/lib/python3.10/dist-packages/slam_toolbox
[9.240s] -- Up-to-date: /home/rstole01/Documents/CSE-596/msu_ws/install/slam_toolbox/local/lib/python3.10/dist-packages/slam_toolbox/libslam_toolbox__rosidl_generator_py.so
[9.241s] -- Up-to-date: /home/rstole01/Documents/CSE-596/msu_ws/install/slam_toolbox/local/lib/python3.10/dist-packages/slam_toolbox/slam_toolbox_s__rosidl_typesupport_introspection_c.cpython-310-x86_64-linux-gnu.so
[9.242s] -- Up-to-date: /home/rstole01/Documents/CSE-596/msu_ws/install/slam_toolbox/local/lib/python3.10/dist-packages/slam_toolbox/_slam_toolbox_s.ep.rosidl_typesupport_fastrtps_c.c
[9.243s] -- Up-to-date: /home/rstole01/Documents/CSE-596/msu_ws/install/slam_toolbox/local/lib/python3.10/dist-packages/slam_toolbox/slam_toolbox_s__rosidl_typesupport_c.cpython-310-x86_64-linux-gnu.so
[9.244s] -- Up-to-date: /home/rstole01/Documents/CSE-596/msu_ws/install/slam_toolbox/local/lib/python3.10/dist-packages/slam_toolbox/srv
[9.249s] -- Up-to-date: /home/rstole01/Documents/CSE-596/msu_ws/install/slam_toolbox/local/lib/python3.10/dist-packages/slam_toolbox/srv/_merge_maps.py
[9.249s] -- Up-to-date: /home/rstole01/Documents/CSE-596/msu_ws/install/slam_toolbox/local/lib/python3.10/dist-packages/slam_toolbox/srv/_add_submap_s.c
[9.250s] -- Up-to-date: /home/rstole01/Documents/CSE-596/msu_ws/install/slam_toolbox/local/lib/python3.10/dist-packages/slam_toolbox/srv/_deserialize_pose_graph.py
[9.251s] -- Up-to-date: /home/rstole01/Documents/CSE-596/msu_ws/install/slam_toolbox/local/lib/python3.10/dist-packages/slam_toolbox/srv/_clear_queue_s.c
[9.251s] -- Up-to-date: /home/rstole01/Documents/CSE-596/msu_ws/install/slam_toolbox/local/lib/python3.10/dist-packages/slam_toolbox/srv/_toggle_interactive_s.c
[9.252s] -- Up-to-date: /home/rstole01/Documents/CSE-596/msu_ws/install/slam_toolbox/local/lib/python3.10/dist-packages/slam_toolbox/srv/_pause.py
[9.252s] -- Up-to-date: /home/rstole01/Documents/CSE-596/msu_ws/install/slam_toolbox/local/lib/python3.10/dist-packages/slam_toolbox/srv/_save_map.py
[9.253s] -- Up-to-date: /home/rstole01/Documents/CSE-596/msu_ws/install/slam_toolbox/local/lib/python3.10/dist-packages/slam_toolbox/srv/_loop_closure.py
[9.254s] -- Up-to-date: /home/rstole01/Documents/CSE-596/msu_ws/install/slam_toolbox/local/lib/python3.10/dist-packages/slam_toolbox/srv/_merge_maps_s.c
[9.254s] -- Up-to-date: /home/rstole01/Documents/CSE-596/msu_ws/install/slam_toolbox/local/lib/python3.10/dist-packages/slam_toolbox/srv/_serialize_pose_graph.py
[9.255s] -- Up-to-date: /home/rstole01/Documents/CSE-596/msu_ws/install/slam_toolbox/local/lib/python3.10/dist-packages/slam_toolbox/srv/_serialize_pose_graph_s.c
[9.255s] -- Up-to-date: /home/rstole01/Documents/CSE-596/msu_ws/install/slam_toolbox/local/lib/python3.10/dist-packages/slam_toolbox/srv/_pause_s.c
[9.256s] -- Up-to-date: /home/rstole01/Documents/CSE-596/msu_ws/install/slam_toolbox/local/lib/python3.10/dist-packages/slam_toolbox/srv/_save_map_s.c
[9.257s] -- Up-to-date: /home/rstole01/Documents/CSE-596/msu_ws/install/slam_toolbox/local/lib/python3.10/dist-packages/slam_toolbox/srv/_clear_queue.py
[9.257s] -- Up-to-date: /home/rstole01/Documents/CSE-596/msu_ws/install/slam_toolbox/local/lib/python3.10/dist-packages/slam_toolbox/srv/__init__.py
[9.258s] -- Up-to-date: /home/rstole01/Documents/CSE-596/msu_ws/install/slam_toolbox/local/lib/python3.10/dist-packages/slam_toolbox/srv/_loop_closure_s.c
[9.259s] -- Up-to-date: /home/rstole01/Documents/CSE-596/msu_ws/install/slam_toolbox/local/lib/python3.10/dist-packages/slam_toolbox/srv/_clear.py
[9.259s] -- Up-to-date: /home/rstole01/Documents/CSE-596/msu_ws/install/slam_toolbox/local/lib/python3.10/dist-packages/slam_toolbox/srv/_toggle_interactive.py
[9.260s] -- Up-to-date: /home/rstole01/Documents/CSE-596/msu_ws/install/slam_toolbox/local/lib/python3.10/dist-packages/slam_toolbox/srv/_add_submap.py
[9.260s] -- Up-to-date: /home/rstole01/Documents/CSE-596/msu_ws/install/slam_toolbox/local/lib/python3.10/dist-packages/slam_toolbox/srv/_deserialize_pose_graph_s.c
[9.261s] -- Up-to-date: /home/rstole01/Documents/CSE-596/msu_ws/install/slam_toolbox/local/lib/python3.10/dist-packages/slam_toolbox/srv/_clear_s.c
[9.262s] -- Up-to-date: /home/rstole01/Documents/CSE-596/msu_ws/install/slam_toolbox/local/lib/python3.10/dist-packages/slam_toolbox/_slam_toolbox_s.ep.rosidl_typesupport_introspection_c.c
[9.263s] -- Up-to-date: /home/rstole01/Documents/CSE-596/msu_ws/install/slam_toolbox/local/lib/python3.10/dist-packages/slam_toolbox/__init__.py
[9.264s] -- Up-to-date: /home/rstole01/Documents/CSE-596/msu_ws/install/slam_toolbox/local/lib/python3.10/dist-packages/slam_toolbox/slam_toolbox_s__rosidl_typesupport_fastrtps_c.cpython-310-x86_64-linux-gnu.so
[9.265s] -- Up-to-date: /home/rstole01/Documents/CSE-596/msu_ws/install/slam_toolbox/local/lib/python3.10/dist-packages/slam_toolbox/_slam_toolbox_s.ep.rosidl_typesupport_c.c
[9.266s] Listing '/home/rstole01/Documents/CSE-596/msu_ws/install/slam_toolbox/local/lib/python3.10/dist-packages/slam_toolbox'...
[9.267s] Listing '/home/rstole01/Documents/CSE-596/msu_ws/install/slam_toolbox/local/lib/python3.10/dist-packages/slam_toolbox/srv'...
[9.267s] -- Up-to-date: /home/rstole01/Documents/CSE-596/msu_ws/install/slam_toolbox/local/lib/python3.10/dist-packages/slam_toolbox/slam_toolbox_s__rosidl_typesupport_fastrtps_c.cpython-310-x86_64-linux-gnu.so
[9.268s] -- Up-to-date: /home/rstole01/Documents/CSE-596/msu_ws/install/slam_toolbox/local/lib/python3.10/dist-packages/slam_toolbox/slam_toolbox_s__rosidl_typesupport_introspection_c.cpython-310-x86_64-linux-gnu.so
[9.269s] -- Up-to-date: /home/rstole01/Documents/CSE-596/msu_ws/install/slam_toolbox/local/lib/python3.10/dist-packages/slam_toolbox/slam_toolbox_s__rosidl_typesupport_c.cpython-310-x86_64-linux-gnu.so
[9.269s] -- Up-to-date: /home/rstole01/Documents/CSE-596/msu_ws/install/slam_toolbox/lib/libslam_toolbox__rosidl_generator_py.so
[9.270s] -- Up-to-date: /home/rstole01/Documents/CSE-596/msu_ws/install/slam_toolbox/share/slam_toolbox/srv/Pause.idl
[9.270s] -- Up-to-date: /home/rstole01/Documents/CSE-596/msu_ws/install/slam_toolbox/share/slam_toolbox/srv/ClearQueue.idl
[9.271s] -- Up-to-date: /home/rstole01/Documents/CSE-596/msu_ws/install/slam_toolbox/share/slam_toolbox/srv/ToggleInteractive.idl
[9.272s] -- Up-to-date: /home/rstole01/Documents/CSE-596/msu_ws/install/slam_toolbox/share/slam_toolbox/srv/Clear.idl
[9.272s] -- Up-to-date: /home/rstole01/Documents/CSE-596/msu_ws/install/slam_toolbox/share/slam_toolbox/srv/SaveMap.idl
[9.273s] -- Up-to-date: /home/rstole01/Documents/CSE-596/msu_ws/install/slam_toolbox/share/slam_toolbox/srv/LoopClosure.idl
[9.274s] -- Up-to-date: /home/rstole01/Documents/CSE-596/msu_ws/install/slam_toolbox/share/slam_toolbox/srv/MergeMaps.idl
[9.274s] -- Up-to-date: /home/rstole01/Documents/CSE-596/msu_ws/install/slam_toolbox/share/slam_toolbox/srv/AddSubmap.idl
[9.275s] -- Up-to-date: /home/rstole01/Documents/CSE-596/msu_ws/install/slam_toolbox/share/slam_toolbox/srv/DeserializePoseGraph.idl
[9.276s] -- Up-to-date: /home/rstole01/Documents/CSE-596/msu_ws/install/slam_toolbox/share/slam_toolbox/srv/SerializePoseGraph.idl
[9.276s] -- Up-to-date: /home/rstole01/Documents/CSE-596/msu_ws/install/slam_toolbox/share/slam_toolbox/srvs/Pause.srv
[9.277s] -- Up-to-date: /home/rstole01/Documents/CSE-596/msu_ws/install/slam_toolbox/share/slam_toolbox/srvs/Pause_Request.msg
[9.278s] -- Up-to-date: /home/rstole01/Documents/CSE-596/msu_ws/install/slam_toolbox/share/slam_toolbox/srvs/Pause_Response.msg
[9.279s] -- Up-to-date: /home/rstole01/Documents/CSE-596/msu_ws/install/slam_toolbox/share/slam_toolbox/srvs/ClearQueue.srv
[9.279s] -- Up-to-date: /home/rstole01/Documents/CSE-596/msu_ws/install/slam_toolbox/share/slam_toolbox/srvs/ClearQueue_Request.msg
[9.280s] -- Up-to-date: /home/rstole01/Documents/CSE-596/msu_ws/install/slam_toolbox/share/slam_toolbox/srvs/ClearQueue_Response.msg
[9.281s] -- Up-to-date: /home/rstole01/Documents/CSE-596/msu_ws/install/slam_toolbox/share/slam_toolbox/srvs/ToggleInteractive.srv
[9.282s] -- Up-to-date: /home/rstole01/Documents/CSE-596/msu_ws/install/slam_toolbox/share/slam_toolbox/srvs/ToggleInteractive_Request.msg
[9.282s] -- Up-to-date: /home/rstole01/Documents/CSE-596/msu_ws/install/slam_toolbox/share/slam_toolbox/srvs/ToggleInteractive_Response.msg
[9.283s] -- Up-to-date: /home/rstole01/Documents/CSE-596/msu_ws/install/slam_toolbox/share/slam_toolbox/srvs/Clear.srv
[9.284s] -- Up-to-date: /home/rstole01/Documents/CSE-596/msu_ws/install/slam_toolbox/share/slam_toolbox/srvs/Clear_Request.msg
[9.285s] -- Up-to-date: /home/rstole01/Documents/CSE-596/msu_ws/install/slam_toolbox/share/slam_toolbox/srvs/Clear_Response.msg
[9.285s] -- Up-to-date: /home/rstole01/Documents/CSE-596/msu_ws/install/slam_toolbox/share/slam_toolbox/srvs/SaveMap.srv
[9.286s] -- Up-to-date: /home/rstole01/Documents/CSE-596/msu_ws/install/slam_toolbox/share/slam_toolbox/srvs/SaveMap_Request.msg
[9.286s] -- Up-to-date: /home/rstole01/Documents/CSE-596/msu_ws/install/slam_toolbox/share/slam_toolbox/srvs/SaveMap_Response.msg
[9.287s] -- Up-to-date: /home/rstole01/Documents/CSE-596/msu_ws/install/slam_toolbox/share/slam_toolbox/srvs/LoopClosure.srv
[9.288s] -- Up-to-date: /home/rstole01/Documents/CSE-596/msu_ws/install/slam_toolbox/share/slam_toolbox/srvs/LoopClosure_Request.msg
[9.288s] -- Up-to-date: /home/rstole01/Documents/CSE-596/msu_ws/install/slam_toolbox/share/slam_toolbox/srvs/LoopClosure_Response.msg
[9.290s] -- Up-to-date: /home/rstole01/Documents/CSE-596/msu_ws/install/slam_toolbox/share/slam_toolbox/srvs/MergeMaps.srv
[9.290s] -- Up-to-date: /home/rstole01/Documents/CSE-596/msu_ws/install/slam_toolbox/share/slam_toolbox/srvs/MergeMaps_Request.msg
[9.291s] -- Up-to-date: /home/rstole01/Documents/CSE-596/msu_ws/install/slam_toolbox/share/slam_toolbox/srvs/MergeMaps_Response.msg
[9.292s] -- Up-to-date: /home/rstole01/Documents/CSE-596/msu_ws/install/slam_toolbox/share/slam_toolbox/srvs/AddSubmap.srv
[9.292s] -- Up-to-date: /home/rstole01/Documents/CSE-596/msu_ws/install/slam_toolbox/share/slam_toolbox/srvs/AddSubmap_Request.msg
[9.293s] -- Up-to-date: /home/rstole01/Documents/CSE-596/msu_ws/install/slam_toolbox/share/slam_toolbox/srvs/AddSubmap_Response.msg
[9.294s] -- Up-to-date: /home/rstole01/Documents/CSE-596/msu_ws/install/slam_toolbox/share/slam_toolbox/srvs/DeserializePoseGraph.srv
[9.295s] -- Up-to-date: /home/rstole01/Documents/CSE-596/msu_ws/install/slam_toolbox/share/slam_toolbox/srvs/DeserializePoseGraph_Request.msg
[9.295s] -- Up-to-date: /home/rstole01/Documents/CSE-596/msu_ws/install/slam_toolbox/share/slam_toolbox/srvs/DeserializePoseGraph_Response.msg
[9.297s] -- Up-to-date: /home/rstole01/Documents/CSE-596/msu_ws/install/slam_toolbox/share/slam_toolbox/srvs/SerializePoseGraph.srv
[9.298s] -- Up-to-date: /home/rstole01/Documents/CSE-596/msu_ws/install/slam_toolbox/share/slam_toolbox/srvs/SerializePoseGraph_Request.msg
[9.299s] -- Up-to-date: /home/rstole01/Documents/CSE-596/msu_ws/install/slam_toolbox/share/slam_toolbox/srvs/SerializePoseGraph_Response.msg
[9.300s] -- Up-to-date: /home/rstole01/Documents/CSE-596/msu_ws/install/slam_toolbox/share/slam_toolbox/rviz_plugins.xml
[9.300s] -- Up-to-date: /home/rstole01/Documents/CSE-596/msu_ws/install/slam_toolbox/share/slam_toolbox/solver_plugins.xml
[9.301s] -- Up-to-date: /home/rstole01/Documents/CSE-596/msu_ws/install/slam_toolbox/lib/slam_toolbox/async_slam_toolbox_node
[9.302s] -- Up-to-date: /home/rstole01/Documents/CSE-596/msu_ws/install/slam_toolbox/lib/slam_toolbox/sync_slam_toolbox_node
[9.302s] -- Up-to-date: /home/rstole01/Documents/CSE-596/msu_ws/install/slam_toolbox/lib/slam_toolbox/localization_slam_toolbox_node
[9.303s] -- Up-to-date: /home/rstole01/Documents/CSE-596/msu_ws/install/slam_toolbox/lib/slam_toolbox/map_and_localization_slam_toolbox_node
[9.303s] -- Up-to-date: /home/rstole01/Documents/CSE-596/msu_ws/install/slam_toolbox/lib/slam_toolbox/merge_maps_kinematic
[9.304s] -- Up-to-date: /home/rstole01/Documents/CSE-596/msu_ws/install/slam_toolbox/lib/slam_toolbox/lifelong_slam_toolbox_node
[9.305s] -- Up-to-date: /home/rstole01/Documents/CSE-596/msu_ws/install/slam_toolbox/lib/libtoolbox_common.so
[9.306s] -- Up-to-date: /home/rstole01/Documents/CSE-596/msu_ws/install/slam_toolbox/lib/libSlamToolboxPlugin.so
[9.306s] -- Up-to-date: /home/rstole01/Documents/CSE-596/msu_ws/install/slam_toolbox/lib/libceres_solver_plugin.so
[9.307s] -- Up-to-date: /home/rstole01/Documents/CSE-596/msu_ws/install/slam_toolbox/lib/libasync_slam_toolbox.so
[9.307s] -- Up-to-date: /home/rstole01/Documents/CSE-596/msu_ws/install/slam_toolbox/lib/libsync_slam_toolbox.so
[9.308s] -- Up-to-date: /home/rstole01/Documents/CSE-596/msu_ws/install/slam_toolbox/lib/liblocalization_slam_toolbox.so
[9.309s] -- Up-to-date: /home/rstole01/Documents/CSE-596/msu_ws/install/slam_toolbox/lib/liblifelong_slam_toolbox.so
[9.309s] -- Up-to-date: /home/rstole01/Documents/CSE-596/msu_ws/install/slam_toolbox/lib/libmap_and_localization_slam_toolbox.so
[9.310s] -- Up-to-date: /home/rstole01/Documents/CSE-596/msu_ws/install/slam_toolbox/lib/libkartoSlamToolbox.so
[9.311s] -- Up-to-date: /home/rstole01/Documents/CSE-596/msu_ws/install/slam_toolbox/lib/libSlamToolboxPlugin.so
[9.311s] -- Up-to-date: /home/rstole01/Documents/CSE-596/msu_ws/install/slam_toolbox/include
[9.312s] -- Up-to-date: /home/rstole01/Documents/CSE-596/msu_ws/install/slam_toolbox/include/slam_toolbox
[9.312s] -- Up-to-date: /home/rstole01/Documents/CSE-596/msu_ws/install/slam_toolbox/include/slam_toolbox/map_saver.hpp
[9.313s] -- Up-to-date: /home/rstole01/Documents/CSE-596/msu_ws/install/slam_toolbox/include/slam_toolbox/loop_closure_assistant.hpp
[9.313s] -- Up-to-date: /home/rstole01/Documents/CSE-596/msu_ws/install/slam_toolbox/include/slam_toolbox/slam_toolbox_localization.hpp
[9.313s] -- Up-to-date: /home/rstole01/Documents/CSE-596/msu_ws/install/slam_toolbox/include/slam_toolbox/serialization.hpp
[9.314s] -- Up-to-date: /home/rstole01/Documents/CSE-596/msu_ws/install/slam_toolbox/include/slam_toolbox/experimental
[9.315s] -- Up-to-date: /home/rstole01/Documents/CSE-596/msu_ws/install/slam_toolbox/include/slam_toolbox/experimental/slam_toolbox_map_and_localization.hpp
[9.315s] -- Up-to-date: /home/rstole01/Documents/CSE-596/msu_ws/install/slam_toolbox/include/slam_toolbox/experimental/slam_toolbox_lifelong.hpp
[9.316s] -- Up-to-date: /home/rstole01/Documents/CSE-596/msu_ws/install/slam_toolbox/include/slam_toolbox/slam_mapper.hpp
[9.317s] -- Up-to-date: /home/rstole01/Documents/CSE-596/msu_ws/install/slam_toolbox/include/slam_toolbox/visualization_utils.hpp
[9.318s] -- Up-to-date: /home/rstole01/Documents/CSE-596/msu_ws/install/slam_toolbox/include/slam_toolbox/slam_toolbox_async.hpp
[9.319s] -- Up-to-date: /home/rstole01/Documents/CSE-596/msu_ws/install/slam_toolbox/include/slam_toolbox/slam_toolbox_sync.hpp
[9.319s] -- Up-to-date: /home/rstole01/Documents/CSE-596/msu_ws/install/slam_toolbox/include/slam_toolbox/get_pose_helper.hpp
[9.320s] -- Up-to-date: /home/rstole01/Documents/CSE-596/msu_ws/install/slam_toolbox/include/slam_toolbox/toolbox_types.hpp
[9.321s] -- Up-to-date: /home/rstole01/Documents/CSE-596/msu_ws/install/slam_toolbox/include/slam_toolbox/toolbox_msgs.hpp
[9.321s] -- Up-to-date: /home/rstole01/Documents/CSE-596/msu_ws/install/slam_toolbox/include/slam_toolbox/slam_toolbox_common.hpp
[9.322s] -- Up-to-date: /home/rstole01/Documents/CSE-596/msu_ws/install/slam_toolbox/include/slam_toolbox/laser_utils.hpp
[9.323s] -- Up-to-date: /home/rstole01/Documents/CSE-596/msu_ws/install/slam_toolbox/include/slam_toolbox/merge_maps_kinematic.hpp
[9.323s] -- Up-to-date: /home/rstole01/Documents/CSE-596/msu_ws/install/slam_toolbox/include/slam_toolbox/snap_utils.hpp
[9.324s] -- Up-to-date: /home/rstole01/Documents/CSE-596/msu_ws/install/slam_toolbox/share/slam_toolbox/launch
[9.325s] -- Up-to-date: /home/rstole01/Documents/CSE-596/msu_ws/install/slam_toolbox/share/slam_toolbox/launch/online_sync_launch.py
[9.325s] -- Up-to-date: /home/rstole01/Documents/CSE-596/msu_ws/install/slam_toolbox/share/slam_toolbox/launch/reset_and_slam_launch.py
[9.326s] -- Up-to-date: /home/rstole01/Documents/CSE-596/msu_ws/install/slam_toolbox/share/slam_toolbox/launch/online_async_launch.py
[9.327s] -- Up-to-date: /home/rstole01/Documents/CSE-596/msu_ws/install/slam_toolbox/share/slam_toolbox/launch/offline_launch.py
[9.328s] -- Up-to-date: /home/rstole01/Documents/CSE-596/msu_ws/install/slam_toolbox/share/slam_toolbox/launch/localization_launch.py
[9.328s] -- Up-to-date: /home/rstole01/Documents/CSE-596/msu_ws/install/slam_toolbox/share/slam_toolbox/launch/merge_maps_kinematic_launch.py
[9.329s] -- Up-to-date: /home/rstole01/Documents/CSE-596/msu_ws/install/slam_toolbox/share/slam_toolbox/launch/lifelong_launch.py
[9.329s] -- Up-to-date: /home/rstole01/Documents/CSE-596/msu_ws/install/slam_toolbox/share/slam_toolbox/config
[9.329s] -- Up-to-date: /home/rstole01/Documents/CSE-596/msu_ws/install/slam_toolbox/share/slam_toolbox/config/mapper_params_online_async.yaml
[9.330s] -- Up-to-date: /home/rstole01/Documents/CSE-596/msu_ws/install/slam_toolbox/share/slam_toolbox/config/mapper_params_online_sync.yaml
[9.330s] -- Up-to-date: /home/rstole01/Documents/CSE-596/msu_ws/install/slam_toolbox/share/slam_toolbox/config/mapper_params_lifelong.yaml
[9.330s] -- Up-to-date: /home/rstole01/Documents/CSE-596/msu_ws/install/slam_toolbox/share/slam_toolbox/config/mapper_params_offline.yaml
[9.330s] -- Up-to-date: /home/rstole01/Documents/CSE-596/msu_ws/install/slam_toolbox/share/slam_toolbox/config/slam_toolbox_default.rviz
[9.332s] -- Up-to-date: /home/rstole01/Documents/CSE-596/msu_ws/install/slam_toolbox/share/slam_toolbox/config/mapper_params_localization.yaml
[9.333s] -- Up-to-date: /home/rstole01/Documents/CSE-596/msu_ws/install/slam_toolbox/share/solver_plugins.xml
[9.333s] -- Up-to-date: /home/rstole01/Documents/CSE-596/msu_ws/install/slam_toolbox/share/rviz_plugins.xml
[9.334s] -- Up-to-date: /home/rstole01/Documents/CSE-596/msu_ws/install/slam_toolbox/share/ament_index/resource_index/package_run_dependencies/slam_toolbox
[9.334s] -- Up-to-date: /home/rstole01/Documents/CSE-596/msu_ws/install/slam_toolbox/share/ament_index/resource_index/parent_prefix_path/slam_toolbox
[9.335s] -- Up-to-date: /home/rstole01/Documents/CSE-596/msu_ws/install/slam_toolbox/share/slam_toolbox/environment/ament_prefix_path.sh
[9.336s] -- Up-to-date: /home/rstole01/Documents/CSE-596/msu_ws/install/slam_toolbox/share/slam_toolbox/environment/ament_prefix_path.dsv
[9.336s] -- Up-to-date: /home/rstole01/Documents/CSE-596/msu_ws/install/slam_toolbox/share/slam_toolbox/environment/path.sh
[9.337s] -- Up-to-date: /home/rstole01/Documents/CSE-596/msu_ws/install/slam_toolbox/share/slam_toolbox/environment/path.dsv
[9.337s] -- Up-to-date: /home/rstole01/Documents/CSE-596/msu_ws/install/slam_toolbox/share/slam_toolbox/local_setup.bash
[9.338s] -- Up-to-date: /home/rstole01/Documents/CSE-596/msu_ws/install/slam_toolbox/share/slam_toolbox/local_setup.sh
[9.338s] -- Up-to-date: /home/rstole01/Documents/CSE-596/msu_ws/install/slam_toolbox/share/slam_toolbox/local_setup.zsh
[9.339s] -- Up-to-date: /home/rstole01/Documents/CSE-596/msu_ws/install/slam_toolbox/share/slam_toolbox/local_setup.dsv
[9.339s] -- Installing: /home/rstole01/Documents/CSE-596/msu_ws/install/slam_toolbox/share/slam_toolbox/package.dsv
[9.340s] -- Up-to-date: /home/rstole01/Documents/CSE-596/msu_ws/install/slam_toolbox/share/ament_index/resource_index/packages/slam_toolbox
[9.340s] -- Up-to-date: /home/rstole01/Documents/CSE-596/msu_ws/install/slam_toolbox/share/ament_index/resource_index/rviz_common__pluginlib__plugin/slam_toolbox
[9.341s] -- Up-to-date: /home/rstole01/Documents/CSE-596/msu_ws/install/slam_toolbox/share/ament_index/resource_index/slam_toolbox__pluginlib__plugin/slam_toolbox
[9.341s] -- Up-to-date: /home/rstole01/Documents/CSE-596/msu_ws/install/slam_toolbox/share/slam_toolbox/cmake/export_slam_toolbox__rosidl_generator_cExport.cmake
[9.342s] -- Up-to-date: /home/rstole01/Documents/CSE-596/msu_ws/install/slam_toolbox/share/slam_toolbox/cmake/export_slam_toolbox__rosidl_generator_cExport-release.cmake
[9.343s] -- Up-to-date: /home/rstole01/Documents/CSE-596/msu_ws/install/slam_toolbox/share/slam_toolbox/cmake/export_slam_toolbox__rosidl_typesupport_fastrtps_cExport.cmake
[9.343s] -- Up-to-date: /home/rstole01/Documents/CSE-596/msu_ws/install/slam_toolbox/share/slam_toolbox/cmake/export_slam_toolbox__rosidl_typesupport_fastrtps_cExport-release.cmake
[9.344s] -- Up-to-date: /home/rstole01/Documents/CSE-596/msu_ws/install/slam_toolbox/share/slam_toolbox/cmake/export_slam_toolbox__rosidl_generator_cppExport.cmake
[9.345s] -- Up-to-date: /home/rstole01/Documents/CSE-596/msu_ws/install/slam_toolbox/share/slam_toolbox/cmake/export_slam_toolbox__rosidl_typesupport_fastrtps_cppExport.cmake
[9.345s] -- Up-to-date: /home/rstole01/Documents/CSE-596/msu_ws/install/slam_toolbox/share/slam_toolbox/cmake/export_slam_toolbox__rosidl_typesupport_fastrtps_cppExport-release.cmake
[9.346s] -- Up-to-date: /home/rstole01/Documents/CSE-596/msu_ws/install/slam_toolbox/share/slam_toolbox/cmake/slam_toolbox__rosidl_typesupport_introspection_cExport.cmake
[9.346s] -- Up-to-date: /home/rstole01/Documents/CSE-596/msu_ws/install/slam_toolbox/share/slam_toolbox/cmake/slam_toolbox__rosidl_typesupport_introspection_cExport-release.cmake
[9.347s] -- Up-to-date: /home/rstole01/Documents/CSE-596/msu_ws/install/slam_toolbox/share/slam_toolbox/cmake/slam_toolbox__rosidl_typesupport_cExport.cmake
[9.348s] -- Up-to-date: /home/rstole01/Documents/CSE-596/msu_ws/install/slam_toolbox/share/slam_toolbox/cmake/slam_toolbox__rosidl_typesupport_cExport-release.cmake
[9.349s] -- Up-to-date: /home/rstole01/Documents/CSE-596/msu_ws/install/slam_toolbox/share/slam_toolbox/cmake/slam_toolbox__rosidl_typesupport_introspection_cppExport.cmake
[9.349s] -- Up-to-date: /home/rstole01/Documents/CSE-596/msu_ws/install/slam_toolbox/share/slam_toolbox/cmake/slam_toolbox__rosidl_typesupport_introspection_cppExport-release.cmake
[9.350s] -- Up-to-date: /home/rstole01/Documents/CSE-596/msu_ws/install/slam_toolbox/share/slam_toolbox/cmake/slam_toolbox__rosidl_typesupport_cppExport.cmake
[9.350s] -- Up-to-date: /home/rstole01/Documents/CSE-596/msu_ws/install/slam_toolbox/share/slam_toolbox/cmake/slam_toolbox__rosidl_typesupport_cppExport-release.cmake
[9.350s] -- Up-to-date: /home/rstole01/Documents/CSE-596/msu_ws/install/slam_toolbox/share/slam_toolbox/cmake/export_slam_toolbox__rosidl_generator_pyExport.cmake
[9.351s] -- Up-to-date: /home/rstole01/Documents/CSE-596/msu_ws/install/slam_toolbox/share/slam_toolbox/cmake/export_slam_toolbox__rosidl_generator_pyExport-release.cmake
[9.351s] -- Up-to-date: /home/rstole01/Documents/CSE-596/msu_ws/install/slam_toolbox/share/slam_toolbox/cmake/SlamToolboxPluginExport.cmake
[9.352s] -- Up-to-date: /home/rstole01/Documents/CSE-596/msu_ws/install/slam_toolbox/share/slam_toolbox/cmake/SlamToolboxPluginExport-release.cmake
[9.353s] -- Up-to-date: /home/rstole01/Documents/CSE-596/msu_ws/install/slam_toolbox/share/slam_toolbox/cmake/rosidl_cmake-extras.cmake
[9.353s] -- Up-to-date: /home/rstole01/Documents/CSE-596/msu_ws/install/slam_toolbox/share/slam_toolbox/cmake/ament_cmake_export_dependencies-extras.cmake
[9.354s] -- Up-to-date: /home/rstole01/Documents/CSE-596/msu_ws/install/slam_toolbox/share/slam_toolbox/cmake/ament_cmake_export_include_directories-extras.cmake
[9.354s] -- Up-to-date: /home/rstole01/Documents/CSE-596/msu_ws/install/slam_toolbox/share/slam_toolbox/cmake/ament_cmake_export_libraries-extras.cmake
[9.355s] -- Up-to-date: /home/rstole01/Documents/CSE-596/msu_ws/install/slam_toolbox/share/slam_toolbox/cmake/ament_cmake_export_targets-extras.cmake
[9.356s] -- Up-to-date: /home/rstole01/Documents/CSE-596/msu_ws/install/slam_toolbox/share/slam_toolbox/cmake/rosidl_cmake_export_typesupport_targets-extras.cmake
[9.356s] -- Up-to-date: /home/rstole01/Documents/CSE-596/msu_ws/install/slam_toolbox/share/slam_toolbox/cmake/rosidl_cmake_export_typesupport_libraries-extras.cmake
[9.357s] -- Up-to-date: /home/rstole01/Documents/CSE-596/msu_ws/install/slam_toolbox/share/slam_toolbox/cmake/slam_toolboxConfig.cmake
[9.357s] -- Up-to-date: /home/rstole01/Documents/CSE-596/msu_ws/install/slam_toolbox/share/slam_toolbox/cmake/slam_toolboxConfig-version.cmake
[9.358s] -- Up-to-date: /home/rstole01/Documents/CSE-596/msu_ws/install/slam_toolbox/share/slam_toolbox/package.xml
[9.359s] -- Up-to-date: /home/rstole01/Documents/CSE-596/msu_ws/install/slam_toolbox/include/
[9.360s] -- Up-to-date: /home/rstole01/Documents/CSE-596/msu_ws/install/slam_toolbox/include//karto_sdk
[9.360s] -- Up-to-date: /home/rstole01/Documents/CSE-596/msu_ws/install/slam_toolbox/include//karto_sdk/nanoflann_adaptors.h
[9.360s] -- Up-to-date: /home/rstole01/Documents/CSE-596/msu_ws/install/slam_toolbox/include//karto_sdk/nanoflann.hpp
[9.361s] -- Up-to-date: /home/rstole01/Documents/CSE-596/msu_ws/install/slam_toolbox/include//karto_sdk/Macros.h
[9.361s] -- Up-to-date: /home/rstole01/Documents/CSE-596/msu_ws/install/slam_toolbox/include//karto_sdk/Types.h
[9.362s] -- Up-to-date: /home/rstole01/Documents/CSE-596/msu_ws/install/slam_toolbox/include//karto_sdk/Mapper.h
[9.362s] -- Up-to-date: /home/rstole01/Documents/CSE-596/msu_ws/install/slam_toolbox/include//karto_sdk/Math.h
[9.363s] -- Up-to-date: /home/rstole01/Documents/CSE-596/msu_ws/install/slam_toolbox/include//karto_sdk/Karto.h
[12.859s] Invoked command in '/home/rstole01/Documents/CSE-596/msu_ws/build/slam_toolbox' returned '0': CMAKE_PREFIX_PATH=${CMAKE_PREFIX_PATH}:/home/rstole01/Documents/CSE-596/msu_ws/install/waypoint_writer:/home/rstole01/Documents/CSE-596/msu_ws/install/waypoint_follow:/home/rstole01/Documents/CSE-596/msu_ws/install/wall_follower_pid:/home/rstole01/Documents/CSE-596/msu_ws/install/qlearn:/home/rstole01/Documents/CSE-596/msu_ws/install/py_pubsub:/home/rstole01/Documents/CSE-596/msu_ws/install/plexer360:/home/rstole01/Documents/CSE-596/msu_ws/install/painter:/home/rstole01/Documents/CSE-596/msu_ws/install/f1tenth_gym_ros:/opt/ros/humble /usr/bin/cmake --install /home/rstole01/Documents/CSE-596/msu_ws/build/slam_toolbox
