-- The C compiler identification is GNU 11.4.0
-- The CXX compiler identification is GNU 11.4.0
-- Detecting C compiler ABI info
-- Detecting C compiler ABI info - done
-- Check for working C compiler: /usr/bin/cc - skipped
-- Detecting C compile features
-- Detecting C compile features - done
-- Detecting CXX compiler ABI info
-- Detecting CXX compiler ABI info - done
-- Check for working CXX compiler: /usr/bin/c++ - skipped
-- Detecting CXX compile features
-- Detecting CXX compile features - done
-- Found ament_cmake: 1.3.8 (/opt/ros/humble/share/ament_cmake/cmake)
-- Found Python3: /usr/bin/python3 (found version "3.10.12") found components: Interpreter 
-- Found rclcpp: 16.0.8 (/opt/ros/humble/share/rclcpp/cmake)
-- Found rosidl_generator_c: 3.1.5 (/opt/ros/humble/share/rosidl_generator_c/cmake)
-- Found rosidl_adapter: 3.1.5 (/opt/ros/humble/share/rosidl_adapter/cmake)
-- Found rosidl_generator_cpp: 3.1.5 (/opt/ros/humble/share/rosidl_generator_cpp/cmake)
-- Using all available rosidl_typesupport_c: rosidl_typesupport_fastrtps_c;rosidl_typesupport_introspection_c
-- Using all available rosidl_typesupport_cpp: rosidl_typesupport_fastrtps_cpp;rosidl_typesupport_introspection_cpp
-- Found rmw_implementation_cmake: 6.1.1 (/opt/ros/humble/share/rmw_implementation_cmake/cmake)
-- Found rmw_cyclonedds_cpp: 1.3.4 (/opt/ros/humble/share/rmw_cyclonedds_cpp/cmake)
-- Using RMW implementation 'rmw_cyclonedds_cpp' as default
-- Looking for pthread.h
-- Looking for pthread.h - found
-- Performing Test CMAKE_HAVE_LIBC_PTHREAD
-- Performing Test CMAKE_HAVE_LIBC_PTHREAD - Success
-- Found Threads: TRUE  
-- Found sensor_msgs: 4.2.3 (/opt/ros/humble/share/sensor_msgs/cmake)
-- Found tutorial_interfaces: 0.0.0 (/home/rstole01/Documents/CSE-596/humble_ws/src/install/tutorial_interfaces/share/tutorial_interfaces/cmake)
-- Configuring done
-- Generating done
-- Build files have been written to: /home/rstole01/Documents/CSE-596/humble_ws/src/build/scan_pubsub
[ 50%] [32mBuilding CXX object CMakeFiles/pubsub.dir/src/scan_pubsub.cpp.o[0m
[100%] [32m[1mLinking CXX executable pubsub[0m
[100%] Built target pubsub
-- Install configuration: ""
-- Installing: /home/rstole01/Documents/CSE-596/humble_ws/src/install/scan_pubsub/lib/scan_pubsub/pubsub
-- Set runtime path of "/home/rstole01/Documents/CSE-596/humble_ws/src/install/scan_pubsub/lib/scan_pubsub/pubsub" to ""
-- Installing: /home/rstole01/Documents/CSE-596/humble_ws/src/install/scan_pubsub/share/scan_pubsub/launch
-- Installing: /home/rstole01/Documents/CSE-596/humble_ws/src/install/scan_pubsub/share/scan_pubsub/launch/opp_racecar.xacro
-- Installing: /home/rstole01/Documents/CSE-596/humble_ws/src/install/scan_pubsub/share/scan_pubsub/launch/__pycache__
-- Installing: /home/rstole01/Documents/CSE-596/humble_ws/src/install/scan_pubsub/share/scan_pubsub/launch/__pycache__/lab1Launch.cpython-310.pyc
-- Installing: /home/rstole01/Documents/CSE-596/humble_ws/src/install/scan_pubsub/share/scan_pubsub/launch/gym_bridge_launch.py
-- Installing: /home/rstole01/Documents/CSE-596/humble_ws/src/install/scan_pubsub/share/scan_pubsub/launch/ego_racecar.xacro
-- Installing: /home/rstole01/Documents/CSE-596/humble_ws/src/install/scan_pubsub/share/scan_pubsub/launch/lab1Launch.py
-- Installing: /home/rstole01/Documents/CSE-596/humble_ws/src/install/scan_pubsub/share/scan_pubsub/launch/gym_bridge.rviz
-- Installing: /home/rstole01/Documents/CSE-596/humble_ws/src/install/scan_pubsub/share/ament_index/resource_index/package_run_dependencies/scan_pubsub
-- Installing: /home/rstole01/Documents/CSE-596/humble_ws/src/install/scan_pubsub/share/ament_index/resource_index/parent_prefix_path/scan_pubsub
-- Installing: /home/rstole01/Documents/CSE-596/humble_ws/src/install/scan_pubsub/share/scan_pubsub/environment/ament_prefix_path.sh
-- Installing: /home/rstole01/Documents/CSE-596/humble_ws/src/install/scan_pubsub/share/scan_pubsub/environment/ament_prefix_path.dsv
-- Installing: /home/rstole01/Documents/CSE-596/humble_ws/src/install/scan_pubsub/share/scan_pubsub/environment/path.sh
-- Installing: /home/rstole01/Documents/CSE-596/humble_ws/src/install/scan_pubsub/share/scan_pubsub/environment/path.dsv
-- Installing: /home/rstole01/Documents/CSE-596/humble_ws/src/install/scan_pubsub/share/scan_pubsub/local_setup.bash
-- Installing: /home/rstole01/Documents/CSE-596/humble_ws/src/install/scan_pubsub/share/scan_pubsub/local_setup.sh
-- Installing: /home/rstole01/Documents/CSE-596/humble_ws/src/install/scan_pubsub/share/scan_pubsub/local_setup.zsh
-- Installing: /home/rstole01/Documents/CSE-596/humble_ws/src/install/scan_pubsub/share/scan_pubsub/local_setup.dsv
-- Installing: /home/rstole01/Documents/CSE-596/humble_ws/src/install/scan_pubsub/share/scan_pubsub/package.dsv
-- Installing: /home/rstole01/Documents/CSE-596/humble_ws/src/install/scan_pubsub/share/ament_index/resource_index/packages/scan_pubsub
-- Installing: /home/rstole01/Documents/CSE-596/humble_ws/src/install/scan_pubsub/share/scan_pubsub/cmake/scan_pubsubConfig.cmake
-- Installing: /home/rstole01/Documents/CSE-596/humble_ws/src/install/scan_pubsub/share/scan_pubsub/cmake/scan_pubsubConfig-version.cmake
-- Installing: /home/rstole01/Documents/CSE-596/humble_ws/src/install/scan_pubsub/share/scan_pubsub/package.xml
