[4.769s] Invoking command in '/home/rstole01/Documents/CSE-596/msu_ws/src/painter': PYTHONPATH=/home/rstole01/Documents/CSE-596/msu_ws/build/painter/prefix_override:/home/rstole01/Documents/CSE-596/msu_ws/install/painter/lib/python3.10/site-packages:${PYTHONPATH} /usr/bin/python3 setup.py egg_info --egg-base ../../build/painter build --build-base /home/rstole01/Documents/CSE-596/msu_ws/build/painter/build install --record /home/rstole01/Documents/CSE-596/msu_ws/build/painter/install.log --single-version-externally-managed
[5.784s] running egg_info
[5.785s] writing ../../build/painter/painter.egg-info/PKG-INFO
[5.785s] writing dependency_links to ../../build/painter/painter.egg-info/dependency_links.txt
[5.785s] writing entry points to ../../build/painter/painter.egg-info/entry_points.txt
[5.786s] writing requirements to ../../build/painter/painter.egg-info/requires.txt
[5.786s] writing top-level names to ../../build/painter/painter.egg-info/top_level.txt
[5.787s] reading manifest file '../../build/painter/painter.egg-info/SOURCES.txt'
[5.787s] writing manifest file '../../build/painter/painter.egg-info/SOURCES.txt'
[5.787s] running build
[5.788s] running build_py
[5.788s] running install
[5.789s] running install_lib
[5.789s] running install_data
[5.789s] running install_egg_info
[5.790s] removing '/home/rstole01/Documents/CSE-596/msu_ws/install/painter/lib/python3.10/site-packages/painter-0.0.0-py3.10.egg-info' (and everything under it)
[5.790s] Copying ../../build/painter/painter.egg-info to /home/rstole01/Documents/CSE-596/msu_ws/install/painter/lib/python3.10/site-packages/painter-0.0.0-py3.10.egg-info
[5.791s] running install_scripts
[5.791s] Installing painter script to /home/rstole01/Documents/CSE-596/msu_ws/install/painter/lib/painter
[5.792s] writing list of installed files to '/home/rstole01/Documents/CSE-596/msu_ws/build/painter/install.log'
[5.792s] /usr/lib/python3/dist-packages/setuptools/command/install.py:34: SetuptoolsDeprecationWarning: setup.py install is deprecated. Use build and pip and other standards-based tools.
[5.792s]   warnings.warn(
[7.047s] Invoked command in '/home/rstole01/Documents/CSE-596/msu_ws/src/painter' returned '0': PYTHONPATH=/home/rstole01/Documents/CSE-596/msu_ws/build/painter/prefix_override:/home/rstole01/Documents/CSE-596/msu_ws/install/painter/lib/python3.10/site-packages:${PYTHONPATH} /usr/bin/python3 setup.py egg_info --egg-base ../../build/painter build --build-base /home/rstole01/Documents/CSE-596/msu_ws/build/painter/build install --record /home/rstole01/Documents/CSE-596/msu_ws/build/painter/install.log --single-version-externally-managed
