[1.225s] Invoking command in '/home/rstole01/Documents/CapstoneGit/humble_ws/build/lab1_package': CMAKE_PREFIX_PATH=${CMAKE_PREFIX_PATH}:/home/rstole01/Documents/CapstoneGit/humble_ws/install/waypoint_logger:/home/rstole01/Documents/CapstoneGit/humble_ws/install/scan_pubsub:/home/rstole01/Documents/CapstoneGit/humble_ws/install/cpp_pubsub:/home/rstole01/Documents/CapstoneGit/humble_ws/install/tutorial_interfaces:/home/rstole01/Documents/CapstoneGit/humble_ws/install/pid_lab:/home/rstole01/Documents/CapstoneGit/humble_ws/install/lab1_package:/home/rstole01/Documents/CapstoneGit/humble_ws/install/f1tenth_gym_ros:/home/rstole01/Documents/CapstoneGit/humble_ws/install/aeb_lab:/opt/ros/humble /usr/bin/cmake --build /home/rstole01/Documents/CapstoneGit/humble_ws/build/lab1_package -- -j8 -l8
[1.354s] [0mCMake Error: The current CMakeCache.txt directory /home/rstole01/Documents/CapstoneGit/humble_ws/build/lab1_package/CMakeCache.txt is different than the directory /home/rstole01/Documents/CSE-596/humble_ws/build/lab1_package where CMakeCache.txt was created. This may result in binaries being created in the wrong place. If you are not sure, reedit the CMakeCache.txt[0m
[1.547s] [ 50%] [32mBuilding CXX object CMakeFiles/my_node.dir/src/my_node.cpp.o[0m
[1.772s] [100%] [32m[1mLinking CXX executable my_node[0m
[1.964s] [100%] Built target my_node
[2.529s] Invoked command in '/home/rstole01/Documents/CapstoneGit/humble_ws/build/lab1_package' returned '0': CMAKE_PREFIX_PATH=${CMAKE_PREFIX_PATH}:/home/rstole01/Documents/CapstoneGit/humble_ws/install/waypoint_logger:/home/rstole01/Documents/CapstoneGit/humble_ws/install/scan_pubsub:/home/rstole01/Documents/CapstoneGit/humble_ws/install/cpp_pubsub:/home/rstole01/Documents/CapstoneGit/humble_ws/install/tutorial_interfaces:/home/rstole01/Documents/CapstoneGit/humble_ws/install/pid_lab:/home/rstole01/Documents/CapstoneGit/humble_ws/install/lab1_package:/home/rstole01/Documents/CapstoneGit/humble_ws/install/f1tenth_gym_ros:/home/rstole01/Documents/CapstoneGit/humble_ws/install/aeb_lab:/opt/ros/humble /usr/bin/cmake --build /home/rstole01/Documents/CapstoneGit/humble_ws/build/lab1_package -- -j8 -l8
[2.918s] Invoking command in '/home/rstole01/Documents/CapstoneGit/humble_ws/build/lab1_package': CMAKE_PREFIX_PATH=${CMAKE_PREFIX_PATH}:/home/rstole01/Documents/CapstoneGit/humble_ws/install/waypoint_logger:/home/rstole01/Documents/CapstoneGit/humble_ws/install/scan_pubsub:/home/rstole01/Documents/CapstoneGit/humble_ws/install/cpp_pubsub:/home/rstole01/Documents/CapstoneGit/humble_ws/install/tutorial_interfaces:/home/rstole01/Documents/CapstoneGit/humble_ws/install/pid_lab:/home/rstole01/Documents/CapstoneGit/humble_ws/install/lab1_package:/home/rstole01/Documents/CapstoneGit/humble_ws/install/f1tenth_gym_ros:/home/rstole01/Documents/CapstoneGit/humble_ws/install/aeb_lab:/opt/ros/humble /usr/bin/cmake --install /home/rstole01/Documents/CapstoneGit/humble_ws/build/lab1_package
[2.973s] -- Install configuration: ""
[2.981s] -- Up-to-date: /home/rstole01/Documents/CSE-596/humble_ws/install/lab1_package/lib/lab1_package/my_node
[2.982s] -- Up-to-date: /home/rstole01/Documents/CSE-596/humble_ws/install/lab1_package/share/ament_index/resource_index/package_run_dependencies/lab1_package
[2.982s] -- Up-to-date: /home/rstole01/Documents/CSE-596/humble_ws/install/lab1_package/share/ament_index/resource_index/parent_prefix_path/lab1_package
[2.982s] -- Up-to-date: /home/rstole01/Documents/CSE-596/humble_ws/install/lab1_package/share/lab1_package/environment/ament_prefix_path.sh
[2.983s] -- Up-to-date: /home/rstole01/Documents/CSE-596/humble_ws/install/lab1_package/share/lab1_package/environment/ament_prefix_path.dsv
[2.983s] -- Up-to-date: /home/rstole01/Documents/CSE-596/humble_ws/install/lab1_package/share/lab1_package/environment/path.sh
[2.983s] -- Up-to-date: /home/rstole01/Documents/CSE-596/humble_ws/install/lab1_package/share/lab1_package/environment/path.dsv
[2.984s] -- Up-to-date: /home/rstole01/Documents/CSE-596/humble_ws/install/lab1_package/share/lab1_package/local_setup.bash
[2.984s] -- Up-to-date: /home/rstole01/Documents/CSE-596/humble_ws/install/lab1_package/share/lab1_package/local_setup.sh
[2.984s] -- Up-to-date: /home/rstole01/Documents/CSE-596/humble_ws/install/lab1_package/share/lab1_package/local_setup.zsh
[2.984s] -- Up-to-date: /home/rstole01/Documents/CSE-596/humble_ws/install/lab1_package/share/lab1_package/local_setup.dsv
[2.985s] -- Up-to-date: /home/rstole01/Documents/CSE-596/humble_ws/install/lab1_package/share/lab1_package/package.dsv
[2.985s] -- Up-to-date: /home/rstole01/Documents/CSE-596/humble_ws/install/lab1_package/share/ament_index/resource_index/packages/lab1_package
[2.985s] -- Up-to-date: /home/rstole01/Documents/CSE-596/humble_ws/install/lab1_package/share/lab1_package/cmake/lab1_packageConfig.cmake
[2.985s] -- Up-to-date: /home/rstole01/Documents/CSE-596/humble_ws/install/lab1_package/share/lab1_package/cmake/lab1_packageConfig-version.cmake
[2.986s] -- Up-to-date: /home/rstole01/Documents/CSE-596/humble_ws/install/lab1_package/share/lab1_package/package.xml
[2.997s] Invoked command in '/home/rstole01/Documents/CapstoneGit/humble_ws/build/lab1_package' returned '0': CMAKE_PREFIX_PATH=${CMAKE_PREFIX_PATH}:/home/rstole01/Documents/CapstoneGit/humble_ws/install/waypoint_logger:/home/rstole01/Documents/CapstoneGit/humble_ws/install/scan_pubsub:/home/rstole01/Documents/CapstoneGit/humble_ws/install/cpp_pubsub:/home/rstole01/Documents/CapstoneGit/humble_ws/install/tutorial_interfaces:/home/rstole01/Documents/CapstoneGit/humble_ws/install/pid_lab:/home/rstole01/Documents/CapstoneGit/humble_ws/install/lab1_package:/home/rstole01/Documents/CapstoneGit/humble_ws/install/f1tenth_gym_ros:/home/rstole01/Documents/CapstoneGit/humble_ws/install/aeb_lab:/opt/ros/humble /usr/bin/cmake --install /home/rstole01/Documents/CapstoneGit/humble_ws/build/lab1_package
