[5.126s] Invoking command in '/home/rstole01/Documents/CSE-596/msu_ws/src/painter': PYTHONPATH=/home/rstole01/Documents/CSE-596/msu_ws/build/painter/prefix_override:/home/rstole01/Documents/CSE-596/msu_ws/install/painter/lib/python3.10/site-packages:${PYTHONPATH} /usr/bin/python3 setup.py egg_info --egg-base ../../build/painter build --build-base /home/rstole01/Documents/CSE-596/msu_ws/build/painter/build install --record /home/rstole01/Documents/CSE-596/msu_ws/build/painter/install.log --single-version-externally-managed
[5.802s] running egg_info
[5.803s] writing ../../build/painter/painter.egg-info/PKG-INFO
[5.804s] writing dependency_links to ../../build/painter/painter.egg-info/dependency_links.txt
[5.804s] writing entry points to ../../build/painter/painter.egg-info/entry_points.txt
[5.805s] writing requirements to ../../build/painter/painter.egg-info/requires.txt
[5.805s] writing top-level names to ../../build/painter/painter.egg-info/top_level.txt
[5.810s] reading manifest file '../../build/painter/painter.egg-info/SOURCES.txt'
[5.812s] writing manifest file '../../build/painter/painter.egg-info/SOURCES.txt'
[5.814s] running build
[5.814s] running build_py
[5.815s] running install
[5.815s] /usr/lib/python3/dist-packages/setuptools/command/install.py:34: SetuptoolsDeprecationWarning: setup.py install is deprecated. Use build and pip and other standards-based tools.
[5.816s]   warnings.warn(
[5.817s] running install_lib
[5.818s] running install_data
[5.820s] running install_egg_info
[5.825s] removing '/home/rstole01/Documents/CSE-596/msu_ws/install/painter/lib/python3.10/site-packages/painter-0.0.0-py3.10.egg-info' (and everything under it)
[5.825s] Copying ../../build/painter/painter.egg-info to /home/rstole01/Documents/CSE-596/msu_ws/install/painter/lib/python3.10/site-packages/painter-0.0.0-py3.10.egg-info
[5.828s] running install_scripts
[5.876s] Installing painter script to /home/rstole01/Documents/CSE-596/msu_ws/install/painter/lib/painter
[5.876s] writing list of installed files to '/home/rstole01/Documents/CSE-596/msu_ws/build/painter/install.log'
[7.099s] Invoked command in '/home/rstole01/Documents/CSE-596/msu_ws/src/painter' returned '0': PYTHONPATH=/home/rstole01/Documents/CSE-596/msu_ws/build/painter/prefix_override:/home/rstole01/Documents/CSE-596/msu_ws/install/painter/lib/python3.10/site-packages:${PYTHONPATH} /usr/bin/python3 setup.py egg_info --egg-base ../../build/painter build --build-base /home/rstole01/Documents/CSE-596/msu_ws/build/painter/build install --record /home/rstole01/Documents/CSE-596/msu_ws/build/painter/install.log --single-version-externally-managed
