[1.685s] Invoking command in '/home/rstole01/Documents/CSE-596/msu_ws/build/slam_toolbox': CMAKE_PREFIX_PATH=${CMAKE_PREFIX_PATH}:/home/rstole01/Documents/CSE-596/msu_ws/install/waypoint_writer:/home/rstole01/Documents/CSE-596/msu_ws/install/waypoint_follow:/home/rstole01/Documents/CSE-596/msu_ws/install/wall_follower_pid:/home/rstole01/Documents/CSE-596/msu_ws/install/qlearn:/home/rstole01/Documents/CSE-596/msu_ws/install/py_pubsub:/home/rstole01/Documents/CSE-596/msu_ws/install/plexer360:/home/rstole01/Documents/CSE-596/msu_ws/install/painter:/home/rstole01/Documents/CSE-596/msu_ws/install/f1tenth_gym_ros:/opt/ros/humble /usr/bin/cmake --build /home/rstole01/Documents/CSE-596/msu_ws/build/slam_toolbox -- -j8 -l8
[1.865s] [  1%] Built target slam_toolbox__cpp
[1.954s] [ 10%] Built target slam_toolbox__rosidl_generator_c
[1.958s] [ 10%] Built target ament_cmake_python_copy_slam_toolbox
[1.963s] [ 12%] Built target kartoSlamToolbox
[1.972s] [ 20%] Built target slam_toolbox__rosidl_typesupport_cpp
[2.038s] [ 29%] Built target slam_toolbox__rosidl_typesupport_fastrtps_cpp
[2.041s] [ 37%] Built target slam_toolbox__rosidl_typesupport_introspection_c
[2.109s] [ 45%] Built target slam_toolbox__rosidl_typesupport_c
[2.118s] [ 53%] Built target slam_toolbox__rosidl_typesupport_introspection_cpp
[2.126s] [ 55%] Built target SlamToolboxPlugin
[2.133s] [ 64%] Built target slam_toolbox__rosidl_typesupport_fastrtps_c
[2.136s] [ 66%] Built target ceres_solver_plugin
[2.210s] [ 66%] Built target slam_toolbox
[2.299s] [ 66%] Built target slam_toolbox__py
[2.308s] [ 71%] Built target toolbox_common
[2.477s] [ 79%] Built target slam_toolbox__rosidl_generator_py
[2.537s] [ 81%] Built target sync_slam_toolbox
[2.549s] [ 83%] Built target merge_maps_kinematic
[2.562s] [ 85%] Built target async_slam_toolbox
[2.575s] [ 86%] Built target localization_slam_toolbox
[2.578s] [ 87%] Built target lifelong_slam_toolbox
[2.669s] [ 89%] Built target slam_toolbox__rosidl_typesupport_introspection_c__pyext
[2.705s] [ 90%] Built target slam_toolbox__rosidl_typesupport_fastrtps_c__pyext
[2.790s] [ 92%] Built target slam_toolbox__rosidl_typesupport_c__pyext
[2.792s] [ 93%] Built target async_slam_toolbox_node
[2.804s] [ 95%] Built target localization_slam_toolbox_node
[2.818s] [ 96%] Built target sync_slam_toolbox_node
[2.819s] running egg_info
[2.821s] writing slam_toolbox.egg-info/PKG-INFO
[2.821s] writing dependency_links to slam_toolbox.egg-info/dependency_links.txt
[2.822s] writing top-level names to slam_toolbox.egg-info/top_level.txt
[2.828s] [ 98%] Built target lifelong_slam_toolbox_node
[2.828s] reading manifest file 'slam_toolbox.egg-info/SOURCES.txt'
[2.830s] writing manifest file 'slam_toolbox.egg-info/SOURCES.txt'
[2.935s] [ 98%] Built target ament_cmake_python_build_slam_toolbox_egg
[2.952s] [ 99%] Built target map_and_localization_slam_toolbox
[3.041s] [100%] Built target map_and_localization_slam_toolbox_node
[3.448s] Invoked command in '/home/rstole01/Documents/CSE-596/msu_ws/build/slam_toolbox' returned '0': CMAKE_PREFIX_PATH=${CMAKE_PREFIX_PATH}:/home/rstole01/Documents/CSE-596/msu_ws/install/waypoint_writer:/home/rstole01/Documents/CSE-596/msu_ws/install/waypoint_follow:/home/rstole01/Documents/CSE-596/msu_ws/install/wall_follower_pid:/home/rstole01/Documents/CSE-596/msu_ws/install/qlearn:/home/rstole01/Documents/CSE-596/msu_ws/install/py_pubsub:/home/rstole01/Documents/CSE-596/msu_ws/install/plexer360:/home/rstole01/Documents/CSE-596/msu_ws/install/painter:/home/rstole01/Documents/CSE-596/msu_ws/install/f1tenth_gym_ros:/opt/ros/humble /usr/bin/cmake --build /home/rstole01/Documents/CSE-596/msu_ws/build/slam_toolbox -- -j8 -l8
[5.501s] Invoking command in '/home/rstole01/Documents/CSE-596/msu_ws/build/slam_toolbox': CMAKE_PREFIX_PATH=${CMAKE_PREFIX_PATH}:/home/rstole01/Documents/CSE-596/msu_ws/install/waypoint_writer:/home/rstole01/Documents/CSE-596/msu_ws/install/waypoint_follow:/home/rstole01/Documents/CSE-596/msu_ws/install/wall_follower_pid:/home/rstole01/Documents/CSE-596/msu_ws/install/qlearn:/home/rstole01/Documents/CSE-596/msu_ws/install/py_pubsub:/home/rstole01/Documents/CSE-596/msu_ws/install/plexer360:/home/rstole01/Documents/CSE-596/msu_ws/install/painter:/home/rstole01/Documents/CSE-596/msu_ws/install/f1tenth_gym_ros:/opt/ros/humble /usr/bin/cmake --install /home/rstole01/Documents/CSE-596/msu_ws/build/slam_toolbox
[5.696s] -- Install configuration: "Release"
[5.696s] -- Up-to-date: /home/rstole01/Documents/CSE-596/msu_ws/install/slam_toolbox/share/ament_index/resource_index/rosidl_interfaces/slam_toolbox
[5.697s] -- Up-to-date: /home/rstole01/Documents/CSE-596/msu_ws/install/slam_toolbox/include/slam_toolbox/slam_toolbox
[5.697s] -- Up-to-date: /home/rstole01/Documents/CSE-596/msu_ws/install/slam_toolbox/include/slam_toolbox/slam_toolbox/srv
[5.698s] -- Up-to-date: /home/rstole01/Documents/CSE-596/msu_ws/install/slam_toolbox/include/slam_toolbox/slam_toolbox/srv/loop_closure.h
[5.698s] -- Up-to-date: /home/rstole01/Documents/CSE-596/msu_ws/install/slam_toolbox/include/slam_toolbox/slam_toolbox/srv/clear_queue.h
[5.699s] -- Up-to-date: /home/rstole01/Documents/CSE-596/msu_ws/install/slam_toolbox/include/slam_toolbox/slam_toolbox/srv/toggle_interactive.h
[5.700s] -- Up-to-date: /home/rstole01/Documents/CSE-596/msu_ws/install/slam_toolbox/include/slam_toolbox/slam_toolbox/srv/deserialize_pose_graph.h
[5.700s] -- Up-to-date: /home/rstole01/Documents/CSE-596/msu_ws/install/slam_toolbox/include/slam_toolbox/slam_toolbox/srv/serialize_pose_graph.h
[5.701s] -- Up-to-date: /home/rstole01/Documents/CSE-596/msu_ws/install/slam_toolbox/include/slam_toolbox/slam_toolbox/srv/merge_maps.h
[5.701s] -- Up-to-date: /home/rstole01/Documents/CSE-596/msu_ws/install/slam_toolbox/include/slam_toolbox/slam_toolbox/srv/detail
[5.702s] -- Up-to-date: /home/rstole01/Documents/CSE-596/msu_ws/install/slam_toolbox/include/slam_toolbox/slam_toolbox/srv/detail/serialize_pose_graph__struct.h
[5.703s] -- Up-to-date: /home/rstole01/Documents/CSE-596/msu_ws/install/slam_toolbox/include/slam_toolbox/slam_toolbox/srv/detail/clear_queue__functions.c
[5.703s] -- Up-to-date: /home/rstole01/Documents/CSE-596/msu_ws/install/slam_toolbox/include/slam_toolbox/slam_toolbox/srv/detail/merge_maps__functions.c
[5.704s] -- Up-to-date: /home/rstole01/Documents/CSE-596/msu_ws/install/slam_toolbox/include/slam_toolbox/slam_toolbox/srv/detail/clear__functions.h
[5.704s] -- Up-to-date: /home/rstole01/Documents/CSE-596/msu_ws/install/slam_toolbox/include/slam_toolbox/slam_toolbox/srv/detail/loop_closure__functions.h
[5.704s] -- Up-to-date: /home/rstole01/Documents/CSE-596/msu_ws/install/slam_toolbox/include/slam_toolbox/slam_toolbox/srv/detail/save_map__type_support.h
[5.705s] -- Up-to-date: /home/rstole01/Documents/CSE-596/msu_ws/install/slam_toolbox/include/slam_toolbox/slam_toolbox/srv/detail/serialize_pose_graph__functions.c
[5.706s] -- Up-to-date: /home/rstole01/Documents/CSE-596/msu_ws/install/slam_toolbox/include/slam_toolbox/slam_toolbox/srv/detail/save_map__functions.h
[5.706s] -- Up-to-date: /home/rstole01/Documents/CSE-596/msu_ws/install/slam_toolbox/include/slam_toolbox/slam_toolbox/srv/detail/toggle_interactive__functions.c
[5.706s] -- Up-to-date: /home/rstole01/Documents/CSE-596/msu_ws/install/slam_toolbox/include/slam_toolbox/slam_toolbox/srv/detail/merge_maps__functions.h
[5.707s] -- Up-to-date: /home/rstole01/Documents/CSE-596/msu_ws/install/slam_toolbox/include/slam_toolbox/slam_toolbox/srv/detail/clear_queue__struct.h
[5.707s] -- Up-to-date: /home/rstole01/Documents/CSE-596/msu_ws/install/slam_toolbox/include/slam_toolbox/slam_toolbox/srv/detail/serialize_pose_graph__type_support.h
[5.707s] -- Up-to-date: /home/rstole01/Documents/CSE-596/msu_ws/install/slam_toolbox/include/slam_toolbox/slam_toolbox/srv/detail/save_map__functions.c
[5.708s] -- Up-to-date: /home/rstole01/Documents/CSE-596/msu_ws/install/slam_toolbox/include/slam_toolbox/slam_toolbox/srv/detail/loop_closure__functions.c
[5.708s] -- Up-to-date: /home/rstole01/Documents/CSE-596/msu_ws/install/slam_toolbox/include/slam_toolbox/slam_toolbox/srv/detail/merge_maps__struct.h
[5.709s] -- Up-to-date: /home/rstole01/Documents/CSE-596/msu_ws/install/slam_toolbox/include/slam_toolbox/slam_toolbox/srv/detail/add_submap__functions.h
[5.710s] -- Up-to-date: /home/rstole01/Documents/CSE-596/msu_ws/install/slam_toolbox/include/slam_toolbox/slam_toolbox/srv/detail/clear__functions.c
[5.711s] -- Up-to-date: /home/rstole01/Documents/CSE-596/msu_ws/install/slam_toolbox/include/slam_toolbox/slam_toolbox/srv/detail/serialize_pose_graph__functions.h
[5.711s] -- Up-to-date: /home/rstole01/Documents/CSE-596/msu_ws/install/slam_toolbox/include/slam_toolbox/slam_toolbox/srv/detail/toggle_interactive__struct.h
[5.712s] -- Up-to-date: /home/rstole01/Documents/CSE-596/msu_ws/install/slam_toolbox/include/slam_toolbox/slam_toolbox/srv/detail/save_map__struct.h
[5.712s] -- Up-to-date: /home/rstole01/Documents/CSE-596/msu_ws/install/slam_toolbox/include/slam_toolbox/slam_toolbox/srv/detail/deserialize_pose_graph__struct.h
[5.713s] -- Up-to-date: /home/rstole01/Documents/CSE-596/msu_ws/install/slam_toolbox/include/slam_toolbox/slam_toolbox/srv/detail/add_submap__struct.h
[5.713s] -- Up-to-date: /home/rstole01/Documents/CSE-596/msu_ws/install/slam_toolbox/include/slam_toolbox/slam_toolbox/srv/detail/clear__struct.h
[5.714s] -- Up-to-date: /home/rstole01/Documents/CSE-596/msu_ws/install/slam_toolbox/include/slam_toolbox/slam_toolbox/srv/detail/toggle_interactive__functions.h
[5.714s] -- Up-to-date: /home/rstole01/Documents/CSE-596/msu_ws/install/slam_toolbox/include/slam_toolbox/slam_toolbox/srv/detail/toggle_interactive__type_support.h
[5.715s] -- Up-to-date: /home/rstole01/Documents/CSE-596/msu_ws/install/slam_toolbox/include/slam_toolbox/slam_toolbox/srv/detail/loop_closure__type_support.h
[5.715s] -- Up-to-date: /home/rstole01/Documents/CSE-596/msu_ws/install/slam_toolbox/include/slam_toolbox/slam_toolbox/srv/detail/clear_queue__type_support.h
[5.716s] -- Up-to-date: /home/rstole01/Documents/CSE-596/msu_ws/install/slam_toolbox/include/slam_toolbox/slam_toolbox/srv/detail/pause__functions.c
[5.716s] -- Up-to-date: /home/rstole01/Documents/CSE-596/msu_ws/install/slam_toolbox/include/slam_toolbox/slam_toolbox/srv/detail/pause__functions.h
[5.717s] -- Up-to-date: /home/rstole01/Documents/CSE-596/msu_ws/install/slam_toolbox/include/slam_toolbox/slam_toolbox/srv/detail/add_submap__functions.c
[5.717s] -- Up-to-date: /home/rstole01/Documents/CSE-596/msu_ws/install/slam_toolbox/include/slam_toolbox/slam_toolbox/srv/detail/pause__struct.h
[5.718s] -- Up-to-date: /home/rstole01/Documents/CSE-596/msu_ws/install/slam_toolbox/include/slam_toolbox/slam_toolbox/srv/detail/deserialize_pose_graph__functions.h
[5.719s] -- Up-to-date: /home/rstole01/Documents/CSE-596/msu_ws/install/slam_toolbox/include/slam_toolbox/slam_toolbox/srv/detail/merge_maps__type_support.h
[5.720s] -- Up-to-date: /home/rstole01/Documents/CSE-596/msu_ws/install/slam_toolbox/include/slam_toolbox/slam_toolbox/srv/detail/deserialize_pose_graph__type_support.h
[5.721s] -- Up-to-date: /home/rstole01/Documents/CSE-596/msu_ws/install/slam_toolbox/include/slam_toolbox/slam_toolbox/srv/detail/add_submap__type_support.h
[5.721s] -- Up-to-date: /home/rstole01/Documents/CSE-596/msu_ws/install/slam_toolbox/include/slam_toolbox/slam_toolbox/srv/detail/deserialize_pose_graph__functions.c
[5.722s] -- Up-to-date: /home/rstole01/Documents/CSE-596/msu_ws/install/slam_toolbox/include/slam_toolbox/slam_toolbox/srv/detail/pause__type_support.h
[5.722s] -- Up-to-date: /home/rstole01/Documents/CSE-596/msu_ws/install/slam_toolbox/include/slam_toolbox/slam_toolbox/srv/detail/clear_queue__functions.h
[5.722s] -- Up-to-date: /home/rstole01/Documents/CSE-596/msu_ws/install/slam_toolbox/include/slam_toolbox/slam_toolbox/srv/detail/clear__type_support.h
[5.723s] -- Up-to-date: /home/rstole01/Documents/CSE-596/msu_ws/install/slam_toolbox/include/slam_toolbox/slam_toolbox/srv/detail/loop_closure__struct.h
[5.723s] -- Up-to-date: /home/rstole01/Documents/CSE-596/msu_ws/install/slam_toolbox/include/slam_toolbox/slam_toolbox/srv/save_map.h
[5.724s] -- Up-to-date: /home/rstole01/Documents/CSE-596/msu_ws/install/slam_toolbox/include/slam_toolbox/slam_toolbox/srv/pause.h
[5.724s] -- Up-to-date: /home/rstole01/Documents/CSE-596/msu_ws/install/slam_toolbox/include/slam_toolbox/slam_toolbox/srv/add_submap.h
[5.725s] -- Up-to-date: /home/rstole01/Documents/CSE-596/msu_ws/install/slam_toolbox/include/slam_toolbox/slam_toolbox/srv/clear.h
[5.725s] -- Up-to-date: /home/rstole01/Documents/CSE-596/msu_ws/install/slam_toolbox/include/slam_toolbox/slam_toolbox/msg
[5.726s] -- Up-to-date: /home/rstole01/Documents/CSE-596/msu_ws/install/slam_toolbox/include/slam_toolbox/slam_toolbox/msg/rosidl_generator_c__visibility_control.h
[5.726s] -- Up-to-date: /home/rstole01/Documents/CSE-596/msu_ws/install/slam_toolbox/share/slam_toolbox/environment/library_path.sh
[5.727s] -- Up-to-date: /home/rstole01/Documents/CSE-596/msu_ws/install/slam_toolbox/share/slam_toolbox/environment/library_path.dsv
[5.727s] -- Up-to-date: /home/rstole01/Documents/CSE-596/msu_ws/install/slam_toolbox/lib/libslam_toolbox__rosidl_generator_c.so
[5.727s] -- Up-to-date: /home/rstole01/Documents/CSE-596/msu_ws/install/slam_toolbox/include/slam_toolbox/slam_toolbox
[5.728s] -- Up-to-date: /home/rstole01/Documents/CSE-596/msu_ws/install/slam_toolbox/include/slam_toolbox/slam_toolbox/srv
[5.728s] -- Up-to-date: /home/rstole01/Documents/CSE-596/msu_ws/install/slam_toolbox/include/slam_toolbox/slam_toolbox/srv/detail
[5.728s] -- Up-to-date: /home/rstole01/Documents/CSE-596/msu_ws/install/slam_toolbox/include/slam_toolbox/slam_toolbox/srv/detail/serialize_pose_graph__rosidl_typesupport_fastrtps_c.h
[5.728s] -- Up-to-date: /home/rstole01/Documents/CSE-596/msu_ws/install/slam_toolbox/include/slam_toolbox/slam_toolbox/srv/detail/deserialize_pose_graph__rosidl_typesupport_fastrtps_c.h
[5.729s] -- Up-to-date: /home/rstole01/Documents/CSE-596/msu_ws/install/slam_toolbox/include/slam_toolbox/slam_toolbox/srv/detail/clear_queue__rosidl_typesupport_fastrtps_c.h
[5.729s] -- Up-to-date: /home/rstole01/Documents/CSE-596/msu_ws/install/slam_toolbox/include/slam_toolbox/slam_toolbox/srv/detail/pause__rosidl_typesupport_fastrtps_c.h
[5.729s] -- Up-to-date: /home/rstole01/Documents/CSE-596/msu_ws/install/slam_toolbox/include/slam_toolbox/slam_toolbox/srv/detail/loop_closure__rosidl_typesupport_fastrtps_c.h
[5.730s] -- Up-to-date: /home/rstole01/Documents/CSE-596/msu_ws/install/slam_toolbox/include/slam_toolbox/slam_toolbox/srv/detail/save_map__rosidl_typesupport_fastrtps_c.h
[5.730s] -- Up-to-date: /home/rstole01/Documents/CSE-596/msu_ws/install/slam_toolbox/include/slam_toolbox/slam_toolbox/srv/detail/toggle_interactive__rosidl_typesupport_fastrtps_c.h
[5.730s] -- Up-to-date: /home/rstole01/Documents/CSE-596/msu_ws/install/slam_toolbox/include/slam_toolbox/slam_toolbox/srv/detail/merge_maps__rosidl_typesupport_fastrtps_c.h
[5.731s] -- Up-to-date: /home/rstole01/Documents/CSE-596/msu_ws/install/slam_toolbox/include/slam_toolbox/slam_toolbox/srv/detail/add_submap__rosidl_typesupport_fastrtps_c.h
[5.731s] -- Up-to-date: /home/rstole01/Documents/CSE-596/msu_ws/install/slam_toolbox/include/slam_toolbox/slam_toolbox/srv/detail/clear__rosidl_typesupport_fastrtps_c.h
[5.732s] -- Up-to-date: /home/rstole01/Documents/CSE-596/msu_ws/install/slam_toolbox/include/slam_toolbox/slam_toolbox/msg
[5.732s] -- Up-to-date: /home/rstole01/Documents/CSE-596/msu_ws/install/slam_toolbox/include/slam_toolbox/slam_toolbox/msg/rosidl_typesupport_fastrtps_c__visibility_control.h
[5.732s] -- Up-to-date: /home/rstole01/Documents/CSE-596/msu_ws/install/slam_toolbox/lib/libslam_toolbox__rosidl_typesupport_fastrtps_c.so
[5.733s] -- Up-to-date: /home/rstole01/Documents/CSE-596/msu_ws/install/slam_toolbox/include/slam_toolbox/slam_toolbox
[5.733s] -- Up-to-date: /home/rstole01/Documents/CSE-596/msu_ws/install/slam_toolbox/include/slam_toolbox/slam_toolbox/srv
[5.733s] -- Up-to-date: /home/rstole01/Documents/CSE-596/msu_ws/install/slam_toolbox/include/slam_toolbox/slam_toolbox/srv/merge_maps.hpp
[5.734s] -- Up-to-date: /home/rstole01/Documents/CSE-596/msu_ws/install/slam_toolbox/include/slam_toolbox/slam_toolbox/srv/deserialize_pose_graph.hpp
[5.734s] -- Up-to-date: /home/rstole01/Documents/CSE-596/msu_ws/install/slam_toolbox/include/slam_toolbox/slam_toolbox/srv/clear.hpp
[5.734s] -- Up-to-date: /home/rstole01/Documents/CSE-596/msu_ws/install/slam_toolbox/include/slam_toolbox/slam_toolbox/srv/detail
[5.735s] -- Up-to-date: /home/rstole01/Documents/CSE-596/msu_ws/install/slam_toolbox/include/slam_toolbox/slam_toolbox/srv/detail/add_submap__builder.hpp
[5.735s] -- Up-to-date: /home/rstole01/Documents/CSE-596/msu_ws/install/slam_toolbox/include/slam_toolbox/slam_toolbox/srv/detail/loop_closure__struct.hpp
[5.735s] -- Up-to-date: /home/rstole01/Documents/CSE-596/msu_ws/install/slam_toolbox/include/slam_toolbox/slam_toolbox/srv/detail/merge_maps__builder.hpp
[5.736s] -- Up-to-date: /home/rstole01/Documents/CSE-596/msu_ws/install/slam_toolbox/include/slam_toolbox/slam_toolbox/srv/detail/save_map__struct.hpp
[5.736s] -- Up-to-date: /home/rstole01/Documents/CSE-596/msu_ws/install/slam_toolbox/include/slam_toolbox/slam_toolbox/srv/detail/pause__builder.hpp
[5.736s] -- Up-to-date: /home/rstole01/Documents/CSE-596/msu_ws/install/slam_toolbox/include/slam_toolbox/slam_toolbox/srv/detail/deserialize_pose_graph__traits.hpp
[5.737s] -- Up-to-date: /home/rstole01/Documents/CSE-596/msu_ws/install/slam_toolbox/include/slam_toolbox/slam_toolbox/srv/detail/merge_maps__traits.hpp
[5.737s] -- Up-to-date: /home/rstole01/Documents/CSE-596/msu_ws/install/slam_toolbox/include/slam_toolbox/slam_toolbox/srv/detail/serialize_pose_graph__builder.hpp
[5.738s] -- Up-to-date: /home/rstole01/Documents/CSE-596/msu_ws/install/slam_toolbox/include/slam_toolbox/slam_toolbox/srv/detail/merge_maps__struct.hpp
[5.739s] -- Up-to-date: /home/rstole01/Documents/CSE-596/msu_ws/install/slam_toolbox/include/slam_toolbox/slam_toolbox/srv/detail/serialize_pose_graph__struct.hpp
[5.739s] -- Up-to-date: /home/rstole01/Documents/CSE-596/msu_ws/install/slam_toolbox/include/slam_toolbox/slam_toolbox/srv/detail/save_map__traits.hpp
[5.740s] -- Up-to-date: /home/rstole01/Documents/CSE-596/msu_ws/install/slam_toolbox/include/slam_toolbox/slam_toolbox/srv/detail/pause__struct.hpp
[5.740s] -- Up-to-date: /home/rstole01/Documents/CSE-596/msu_ws/install/slam_toolbox/include/slam_toolbox/slam_toolbox/srv/detail/clear_queue__struct.hpp
[5.741s] -- Up-to-date: /home/rstole01/Documents/CSE-596/msu_ws/install/slam_toolbox/include/slam_toolbox/slam_toolbox/srv/detail/toggle_interactive__traits.hpp
[5.741s] -- Up-to-date: /home/rstole01/Documents/CSE-596/msu_ws/install/slam_toolbox/include/slam_toolbox/slam_toolbox/srv/detail/clear__builder.hpp
[5.741s] -- Up-to-date: /home/rstole01/Documents/CSE-596/msu_ws/install/slam_toolbox/include/slam_toolbox/slam_toolbox/srv/detail/add_submap__traits.hpp
[5.742s] -- Up-to-date: /home/rstole01/Documents/CSE-596/msu_ws/install/slam_toolbox/include/slam_toolbox/slam_toolbox/srv/detail/clear_queue__traits.hpp
[5.742s] -- Up-to-date: /home/rstole01/Documents/CSE-596/msu_ws/install/slam_toolbox/include/slam_toolbox/slam_toolbox/srv/detail/loop_closure__builder.hpp
[5.743s] -- Up-to-date: /home/rstole01/Documents/CSE-596/msu_ws/install/slam_toolbox/include/slam_toolbox/slam_toolbox/srv/detail/serialize_pose_graph__traits.hpp
[5.744s] -- Up-to-date: /home/rstole01/Documents/CSE-596/msu_ws/install/slam_toolbox/include/slam_toolbox/slam_toolbox/srv/detail/loop_closure__traits.hpp
[5.744s] -- Up-to-date: /home/rstole01/Documents/CSE-596/msu_ws/install/slam_toolbox/include/slam_toolbox/slam_toolbox/srv/detail/clear__struct.hpp
[5.744s] -- Up-to-date: /home/rstole01/Documents/CSE-596/msu_ws/install/slam_toolbox/include/slam_toolbox/slam_toolbox/srv/detail/save_map__builder.hpp
[5.745s] -- Up-to-date: /home/rstole01/Documents/CSE-596/msu_ws/install/slam_toolbox/include/slam_toolbox/slam_toolbox/srv/detail/pause__traits.hpp
[5.745s] -- Up-to-date: /home/rstole01/Documents/CSE-596/msu_ws/install/slam_toolbox/include/slam_toolbox/slam_toolbox/srv/detail/clear__traits.hpp
[5.745s] -- Up-to-date: /home/rstole01/Documents/CSE-596/msu_ws/install/slam_toolbox/include/slam_toolbox/slam_toolbox/srv/detail/deserialize_pose_graph__struct.hpp
[5.746s] -- Up-to-date: /home/rstole01/Documents/CSE-596/msu_ws/install/slam_toolbox/include/slam_toolbox/slam_toolbox/srv/detail/add_submap__struct.hpp
[5.747s] -- Up-to-date: /home/rstole01/Documents/CSE-596/msu_ws/install/slam_toolbox/include/slam_toolbox/slam_toolbox/srv/detail/deserialize_pose_graph__builder.hpp
[5.747s] -- Up-to-date: /home/rstole01/Documents/CSE-596/msu_ws/install/slam_toolbox/include/slam_toolbox/slam_toolbox/srv/detail/clear_queue__builder.hpp
[5.747s] -- Up-to-date: /home/rstole01/Documents/CSE-596/msu_ws/install/slam_toolbox/include/slam_toolbox/slam_toolbox/srv/detail/toggle_interactive__struct.hpp
[5.748s] -- Up-to-date: /home/rstole01/Documents/CSE-596/msu_ws/install/slam_toolbox/include/slam_toolbox/slam_toolbox/srv/detail/toggle_interactive__builder.hpp
[5.749s] -- Up-to-date: /home/rstole01/Documents/CSE-596/msu_ws/install/slam_toolbox/include/slam_toolbox/slam_toolbox/srv/add_submap.hpp
[5.749s] -- Up-to-date: /home/rstole01/Documents/CSE-596/msu_ws/install/slam_toolbox/include/slam_toolbox/slam_toolbox/srv/clear_queue.hpp
[5.750s] -- Up-to-date: /home/rstole01/Documents/CSE-596/msu_ws/install/slam_toolbox/include/slam_toolbox/slam_toolbox/srv/pause.hpp
[5.751s] -- Up-to-date: /home/rstole01/Documents/CSE-596/msu_ws/install/slam_toolbox/include/slam_toolbox/slam_toolbox/srv/serialize_pose_graph.hpp
[5.751s] -- Up-to-date: /home/rstole01/Documents/CSE-596/msu_ws/install/slam_toolbox/include/slam_toolbox/slam_toolbox/srv/toggle_interactive.hpp
[5.751s] -- Up-to-date: /home/rstole01/Documents/CSE-596/msu_ws/install/slam_toolbox/include/slam_toolbox/slam_toolbox/srv/save_map.hpp
[5.752s] -- Up-to-date: /home/rstole01/Documents/CSE-596/msu_ws/install/slam_toolbox/include/slam_toolbox/slam_toolbox/srv/loop_closure.hpp
[5.752s] -- Up-to-date: /home/rstole01/Documents/CSE-596/msu_ws/install/slam_toolbox/include/slam_toolbox/slam_toolbox
[5.753s] -- Up-to-date: /home/rstole01/Documents/CSE-596/msu_ws/install/slam_toolbox/include/slam_toolbox/slam_toolbox/srv
[5.753s] -- Up-to-date: /home/rstole01/Documents/CSE-596/msu_ws/install/slam_toolbox/include/slam_toolbox/slam_toolbox/srv/detail
[5.754s] -- Up-to-date: /home/rstole01/Documents/CSE-596/msu_ws/install/slam_toolbox/include/slam_toolbox/slam_toolbox/srv/detail/add_submap__rosidl_typesupport_fastrtps_cpp.hpp
[5.754s] -- Up-to-date: /home/rstole01/Documents/CSE-596/msu_ws/install/slam_toolbox/include/slam_toolbox/slam_toolbox/srv/detail/serialize_pose_graph__rosidl_typesupport_fastrtps_cpp.hpp
[5.756s] -- Up-to-date: /home/rstole01/Documents/CSE-596/msu_ws/install/slam_toolbox/include/slam_toolbox/slam_toolbox/srv/detail/clear_queue__rosidl_typesupport_fastrtps_cpp.hpp
[5.756s] -- Up-to-date: /home/rstole01/Documents/CSE-596/msu_ws/install/slam_toolbox/include/slam_toolbox/slam_toolbox/srv/detail/loop_closure__rosidl_typesupport_fastrtps_cpp.hpp
[5.757s] -- Up-to-date: /home/rstole01/Documents/CSE-596/msu_ws/install/slam_toolbox/include/slam_toolbox/slam_toolbox/srv/detail/clear__rosidl_typesupport_fastrtps_cpp.hpp
[5.758s] -- Up-to-date: /home/rstole01/Documents/CSE-596/msu_ws/install/slam_toolbox/include/slam_toolbox/slam_toolbox/srv/detail/deserialize_pose_graph__rosidl_typesupport_fastrtps_cpp.hpp
[5.758s] -- Up-to-date: /home/rstole01/Documents/CSE-596/msu_ws/install/slam_toolbox/include/slam_toolbox/slam_toolbox/srv/detail/toggle_interactive__rosidl_typesupport_fastrtps_cpp.hpp
[5.759s] -- Up-to-date: /home/rstole01/Documents/CSE-596/msu_ws/install/slam_toolbox/include/slam_toolbox/slam_toolbox/srv/detail/dds_fastrtps
[5.760s] -- Up-to-date: /home/rstole01/Documents/CSE-596/msu_ws/install/slam_toolbox/include/slam_toolbox/slam_toolbox/srv/detail/save_map__rosidl_typesupport_fastrtps_cpp.hpp
[5.760s] -- Up-to-date: /home/rstole01/Documents/CSE-596/msu_ws/install/slam_toolbox/include/slam_toolbox/slam_toolbox/srv/detail/pause__rosidl_typesupport_fastrtps_cpp.hpp
[5.761s] -- Up-to-date: /home/rstole01/Documents/CSE-596/msu_ws/install/slam_toolbox/include/slam_toolbox/slam_toolbox/srv/detail/merge_maps__rosidl_typesupport_fastrtps_cpp.hpp
[5.761s] -- Up-to-date: /home/rstole01/Documents/CSE-596/msu_ws/install/slam_toolbox/include/slam_toolbox/slam_toolbox/msg
[5.762s] -- Up-to-date: /home/rstole01/Documents/CSE-596/msu_ws/install/slam_toolbox/include/slam_toolbox/slam_toolbox/msg/rosidl_typesupport_fastrtps_cpp__visibility_control.h
[5.763s] -- Up-to-date: /home/rstole01/Documents/CSE-596/msu_ws/install/slam_toolbox/lib/libslam_toolbox__rosidl_typesupport_fastrtps_cpp.so
[5.763s] -- Up-to-date: /home/rstole01/Documents/CSE-596/msu_ws/install/slam_toolbox/include/slam_toolbox/slam_toolbox
[5.764s] -- Up-to-date: /home/rstole01/Documents/CSE-596/msu_ws/install/slam_toolbox/include/slam_toolbox/slam_toolbox/srv
[5.764s] -- Up-to-date: /home/rstole01/Documents/CSE-596/msu_ws/install/slam_toolbox/include/slam_toolbox/slam_toolbox/srv/detail
[5.765s] -- Up-to-date: /home/rstole01/Documents/CSE-596/msu_ws/install/slam_toolbox/include/slam_toolbox/slam_toolbox/srv/detail/merge_maps__type_support.c
[5.765s] -- Up-to-date: /home/rstole01/Documents/CSE-596/msu_ws/install/slam_toolbox/include/slam_toolbox/slam_toolbox/srv/detail/add_submap__type_support.c
[5.766s] -- Up-to-date: /home/rstole01/Documents/CSE-596/msu_ws/install/slam_toolbox/include/slam_toolbox/slam_toolbox/srv/detail/clear__rosidl_typesupport_introspection_c.h
[5.767s] -- Up-to-date: /home/rstole01/Documents/CSE-596/msu_ws/install/slam_toolbox/include/slam_toolbox/slam_toolbox/srv/detail/loop_closure__type_support.c
[5.767s] -- Up-to-date: /home/rstole01/Documents/CSE-596/msu_ws/install/slam_toolbox/include/slam_toolbox/slam_toolbox/srv/detail/toggle_interactive__type_support.c
[5.768s] -- Up-to-date: /home/rstole01/Documents/CSE-596/msu_ws/install/slam_toolbox/include/slam_toolbox/slam_toolbox/srv/detail/pause__rosidl_typesupport_introspection_c.h
[5.769s] -- Up-to-date: /home/rstole01/Documents/CSE-596/msu_ws/install/slam_toolbox/include/slam_toolbox/slam_toolbox/srv/detail/deserialize_pose_graph__type_support.c
[5.769s] -- Up-to-date: /home/rstole01/Documents/CSE-596/msu_ws/install/slam_toolbox/include/slam_toolbox/slam_toolbox/srv/detail/clear_queue__rosidl_typesupport_introspection_c.h
[5.770s] -- Up-to-date: /home/rstole01/Documents/CSE-596/msu_ws/install/slam_toolbox/include/slam_toolbox/slam_toolbox/srv/detail/toggle_interactive__rosidl_typesupport_introspection_c.h
[5.770s] -- Up-to-date: /home/rstole01/Documents/CSE-596/msu_ws/install/slam_toolbox/include/slam_toolbox/slam_toolbox/srv/detail/save_map__type_support.c
[5.771s] -- Up-to-date: /home/rstole01/Documents/CSE-596/msu_ws/install/slam_toolbox/include/slam_toolbox/slam_toolbox/srv/detail/clear__type_support.c
[5.771s] -- Up-to-date: /home/rstole01/Documents/CSE-596/msu_ws/install/slam_toolbox/include/slam_toolbox/slam_toolbox/srv/detail/add_submap__rosidl_typesupport_introspection_c.h
[5.772s] -- Up-to-date: /home/rstole01/Documents/CSE-596/msu_ws/install/slam_toolbox/include/slam_toolbox/slam_toolbox/srv/detail/merge_maps__rosidl_typesupport_introspection_c.h
[5.772s] -- Up-to-date: /home/rstole01/Documents/CSE-596/msu_ws/install/slam_toolbox/include/slam_toolbox/slam_toolbox/srv/detail/pause__type_support.c
[5.773s] -- Up-to-date: /home/rstole01/Documents/CSE-596/msu_ws/install/slam_toolbox/include/slam_toolbox/slam_toolbox/srv/detail/clear_queue__type_support.c
[5.774s] -- Up-to-date: /home/rstole01/Documents/CSE-596/msu_ws/install/slam_toolbox/include/slam_toolbox/slam_toolbox/srv/detail/deserialize_pose_graph__rosidl_typesupport_introspection_c.h
[5.774s] -- Up-to-date: /home/rstole01/Documents/CSE-596/msu_ws/install/slam_toolbox/include/slam_toolbox/slam_toolbox/srv/detail/serialize_pose_graph__rosidl_typesupport_introspection_c.h
[5.775s] -- Up-to-date: /home/rstole01/Documents/CSE-596/msu_ws/install/slam_toolbox/include/slam_toolbox/slam_toolbox/srv/detail/serialize_pose_graph__type_support.c
[5.775s] -- Up-to-date: /home/rstole01/Documents/CSE-596/msu_ws/install/slam_toolbox/include/slam_toolbox/slam_toolbox/srv/detail/loop_closure__rosidl_typesupport_introspection_c.h
[5.776s] -- Up-to-date: /home/rstole01/Documents/CSE-596/msu_ws/install/slam_toolbox/include/slam_toolbox/slam_toolbox/srv/detail/save_map__rosidl_typesupport_introspection_c.h
[5.776s] -- Up-to-date: /home/rstole01/Documents/CSE-596/msu_ws/install/slam_toolbox/include/slam_toolbox/slam_toolbox/msg
[5.777s] -- Up-to-date: /home/rstole01/Documents/CSE-596/msu_ws/install/slam_toolbox/include/slam_toolbox/slam_toolbox/msg/rosidl_typesupport_introspection_c__visibility_control.h
[5.777s] -- Up-to-date: /home/rstole01/Documents/CSE-596/msu_ws/install/slam_toolbox/lib/libslam_toolbox__rosidl_typesupport_introspection_c.so
[5.777s] -- Up-to-date: /home/rstole01/Documents/CSE-596/msu_ws/install/slam_toolbox/lib/libslam_toolbox__rosidl_typesupport_c.so
[5.778s] -- Up-to-date: /home/rstole01/Documents/CSE-596/msu_ws/install/slam_toolbox/include/slam_toolbox/slam_toolbox
[5.778s] -- Up-to-date: /home/rstole01/Documents/CSE-596/msu_ws/install/slam_toolbox/include/slam_toolbox/slam_toolbox/srv
[5.779s] -- Up-to-date: /home/rstole01/Documents/CSE-596/msu_ws/install/slam_toolbox/include/slam_toolbox/slam_toolbox/srv/detail
[5.779s] -- Up-to-date: /home/rstole01/Documents/CSE-596/msu_ws/install/slam_toolbox/include/slam_toolbox/slam_toolbox/srv/detail/toggle_interactive__type_support.cpp
[5.780s] -- Up-to-date: /home/rstole01/Documents/CSE-596/msu_ws/install/slam_toolbox/include/slam_toolbox/slam_toolbox/srv/detail/serialize_pose_graph__type_support.cpp
[5.780s] -- Up-to-date: /home/rstole01/Documents/CSE-596/msu_ws/install/slam_toolbox/include/slam_toolbox/slam_toolbox/srv/detail/add_submap__rosidl_typesupport_introspection_cpp.hpp
[5.780s] -- Up-to-date: /home/rstole01/Documents/CSE-596/msu_ws/install/slam_toolbox/include/slam_toolbox/slam_toolbox/srv/detail/toggle_interactive__rosidl_typesupport_introspection_cpp.hpp
[5.781s] -- Up-to-date: /home/rstole01/Documents/CSE-596/msu_ws/install/slam_toolbox/include/slam_toolbox/slam_toolbox/srv/detail/clear_queue__type_support.cpp
[5.781s] -- Up-to-date: /home/rstole01/Documents/CSE-596/msu_ws/install/slam_toolbox/include/slam_toolbox/slam_toolbox/srv/detail/save_map__rosidl_typesupport_introspection_cpp.hpp
[5.782s] -- Up-to-date: /home/rstole01/Documents/CSE-596/msu_ws/install/slam_toolbox/include/slam_toolbox/slam_toolbox/srv/detail/serialize_pose_graph__rosidl_typesupport_introspection_cpp.hpp
[5.783s] -- Up-to-date: /home/rstole01/Documents/CSE-596/msu_ws/install/slam_toolbox/include/slam_toolbox/slam_toolbox/srv/detail/clear__type_support.cpp
[5.783s] -- Up-to-date: /home/rstole01/Documents/CSE-596/msu_ws/install/slam_toolbox/include/slam_toolbox/slam_toolbox/srv/detail/clear__rosidl_typesupport_introspection_cpp.hpp
[5.785s] -- Up-to-date: /home/rstole01/Documents/CSE-596/msu_ws/install/slam_toolbox/include/slam_toolbox/slam_toolbox/srv/detail/pause__type_support.cpp
[5.785s] -- Up-to-date: /home/rstole01/Documents/CSE-596/msu_ws/install/slam_toolbox/include/slam_toolbox/slam_toolbox/srv/detail/add_submap__type_support.cpp
[5.786s] -- Up-to-date: /home/rstole01/Documents/CSE-596/msu_ws/install/slam_toolbox/include/slam_toolbox/slam_toolbox/srv/detail/deserialize_pose_graph__rosidl_typesupport_introspection_cpp.hpp
[5.786s] -- Up-to-date: /home/rstole01/Documents/CSE-596/msu_ws/install/slam_toolbox/include/slam_toolbox/slam_toolbox/srv/detail/merge_maps__rosidl_typesupport_introspection_cpp.hpp
[5.787s] -- Up-to-date: /home/rstole01/Documents/CSE-596/msu_ws/install/slam_toolbox/include/slam_toolbox/slam_toolbox/srv/detail/pause__rosidl_typesupport_introspection_cpp.hpp
[5.788s] -- Up-to-date: /home/rstole01/Documents/CSE-596/msu_ws/install/slam_toolbox/include/slam_toolbox/slam_toolbox/srv/detail/merge_maps__type_support.cpp
[5.788s] -- Up-to-date: /home/rstole01/Documents/CSE-596/msu_ws/install/slam_toolbox/include/slam_toolbox/slam_toolbox/srv/detail/save_map__type_support.cpp
[5.789s] -- Up-to-date: /home/rstole01/Documents/CSE-596/msu_ws/install/slam_toolbox/include/slam_toolbox/slam_toolbox/srv/detail/deserialize_pose_graph__type_support.cpp
[5.789s] -- Up-to-date: /home/rstole01/Documents/CSE-596/msu_ws/install/slam_toolbox/include/slam_toolbox/slam_toolbox/srv/detail/loop_closure__rosidl_typesupport_introspection_cpp.hpp
[5.790s] -- Up-to-date: /home/rstole01/Documents/CSE-596/msu_ws/install/slam_toolbox/include/slam_toolbox/slam_toolbox/srv/detail/clear_queue__rosidl_typesupport_introspection_cpp.hpp
[5.791s] -- Up-to-date: /home/rstole01/Documents/CSE-596/msu_ws/install/slam_toolbox/include/slam_toolbox/slam_toolbox/srv/detail/loop_closure__type_support.cpp
[5.791s] -- Up-to-date: /home/rstole01/Documents/CSE-596/msu_ws/install/slam_toolbox/lib/libslam_toolbox__rosidl_typesupport_introspection_cpp.so
[5.792s] -- Up-to-date: /home/rstole01/Documents/CSE-596/msu_ws/install/slam_toolbox/lib/libslam_toolbox__rosidl_typesupport_cpp.so
[5.792s] -- Up-to-date: /home/rstole01/Documents/CSE-596/msu_ws/install/slam_toolbox/share/slam_toolbox/environment/pythonpath.sh
[5.792s] -- Up-to-date: /home/rstole01/Documents/CSE-596/msu_ws/install/slam_toolbox/share/slam_toolbox/environment/pythonpath.dsv
[5.793s] -- Up-to-date: /home/rstole01/Documents/CSE-596/msu_ws/install/slam_toolbox/local/lib/python3.10/dist-packages/slam_toolbox-2.7.2-py3.10.egg-info
[5.793s] -- Installing: /home/rstole01/Documents/CSE-596/msu_ws/install/slam_toolbox/local/lib/python3.10/dist-packages/slam_toolbox-2.7.2-py3.10.egg-info/top_level.txt
[5.794s] -- Installing: /home/rstole01/Documents/CSE-596/msu_ws/install/slam_toolbox/local/lib/python3.10/dist-packages/slam_toolbox-2.7.2-py3.10.egg-info/SOURCES.txt
[5.795s] -- Installing: /home/rstole01/Documents/CSE-596/msu_ws/install/slam_toolbox/local/lib/python3.10/dist-packages/slam_toolbox-2.7.2-py3.10.egg-info/PKG-INFO
[5.795s] -- Installing: /home/rstole01/Documents/CSE-596/msu_ws/install/slam_toolbox/local/lib/python3.10/dist-packages/slam_toolbox-2.7.2-py3.10.egg-info/dependency_links.txt
[5.796s] -- Up-to-date: /home/rstole01/Documents/CSE-596/msu_ws/install/slam_toolbox/local/lib/python3.10/dist-packages/slam_toolbox
[5.796s] -- Up-to-date: /home/rstole01/Documents/CSE-596/msu_ws/install/slam_toolbox/local/lib/python3.10/dist-packages/slam_toolbox/libslam_toolbox__rosidl_generator_py.so
[5.797s] -- Up-to-date: /home/rstole01/Documents/CSE-596/msu_ws/install/slam_toolbox/local/lib/python3.10/dist-packages/slam_toolbox/slam_toolbox_s__rosidl_typesupport_introspection_c.cpython-310-x86_64-linux-gnu.so
[5.797s] -- Up-to-date: /home/rstole01/Documents/CSE-596/msu_ws/install/slam_toolbox/local/lib/python3.10/dist-packages/slam_toolbox/_slam_toolbox_s.ep.rosidl_typesupport_fastrtps_c.c
[5.797s] -- Up-to-date: /home/rstole01/Documents/CSE-596/msu_ws/install/slam_toolbox/local/lib/python3.10/dist-packages/slam_toolbox/slam_toolbox_s__rosidl_typesupport_c.cpython-310-x86_64-linux-gnu.so
[5.798s] -- Up-to-date: /home/rstole01/Documents/CSE-596/msu_ws/install/slam_toolbox/local/lib/python3.10/dist-packages/slam_toolbox/srv
[5.799s] -- Up-to-date: /home/rstole01/Documents/CSE-596/msu_ws/install/slam_toolbox/local/lib/python3.10/dist-packages/slam_toolbox/srv/_merge_maps.py
[5.799s] -- Up-to-date: /home/rstole01/Documents/CSE-596/msu_ws/install/slam_toolbox/local/lib/python3.10/dist-packages/slam_toolbox/srv/_add_submap_s.c
[5.799s] -- Up-to-date: /home/rstole01/Documents/CSE-596/msu_ws/install/slam_toolbox/local/lib/python3.10/dist-packages/slam_toolbox/srv/_deserialize_pose_graph.py
[5.800s] -- Up-to-date: /home/rstole01/Documents/CSE-596/msu_ws/install/slam_toolbox/local/lib/python3.10/dist-packages/slam_toolbox/srv/_clear_queue_s.c
[5.800s] -- Up-to-date: /home/rstole01/Documents/CSE-596/msu_ws/install/slam_toolbox/local/lib/python3.10/dist-packages/slam_toolbox/srv/_toggle_interactive_s.c
[5.801s] -- Up-to-date: /home/rstole01/Documents/CSE-596/msu_ws/install/slam_toolbox/local/lib/python3.10/dist-packages/slam_toolbox/srv/_pause.py
[5.801s] -- Up-to-date: /home/rstole01/Documents/CSE-596/msu_ws/install/slam_toolbox/local/lib/python3.10/dist-packages/slam_toolbox/srv/_save_map.py
[5.802s] -- Up-to-date: /home/rstole01/Documents/CSE-596/msu_ws/install/slam_toolbox/local/lib/python3.10/dist-packages/slam_toolbox/srv/_loop_closure.py
[5.803s] -- Up-to-date: /home/rstole01/Documents/CSE-596/msu_ws/install/slam_toolbox/local/lib/python3.10/dist-packages/slam_toolbox/srv/_merge_maps_s.c
[5.803s] -- Up-to-date: /home/rstole01/Documents/CSE-596/msu_ws/install/slam_toolbox/local/lib/python3.10/dist-packages/slam_toolbox/srv/_serialize_pose_graph.py
[5.804s] -- Up-to-date: /home/rstole01/Documents/CSE-596/msu_ws/install/slam_toolbox/local/lib/python3.10/dist-packages/slam_toolbox/srv/_serialize_pose_graph_s.c
[5.805s] -- Up-to-date: /home/rstole01/Documents/CSE-596/msu_ws/install/slam_toolbox/local/lib/python3.10/dist-packages/slam_toolbox/srv/_pause_s.c
[5.805s] -- Up-to-date: /home/rstole01/Documents/CSE-596/msu_ws/install/slam_toolbox/local/lib/python3.10/dist-packages/slam_toolbox/srv/_save_map_s.c
[5.805s] -- Up-to-date: /home/rstole01/Documents/CSE-596/msu_ws/install/slam_toolbox/local/lib/python3.10/dist-packages/slam_toolbox/srv/_clear_queue.py
[5.806s] -- Up-to-date: /home/rstole01/Documents/CSE-596/msu_ws/install/slam_toolbox/local/lib/python3.10/dist-packages/slam_toolbox/srv/__init__.py
[5.807s] -- Up-to-date: /home/rstole01/Documents/CSE-596/msu_ws/install/slam_toolbox/local/lib/python3.10/dist-packages/slam_toolbox/srv/_loop_closure_s.c
[5.811s] -- Up-to-date: /home/rstole01/Documents/CSE-596/msu_ws/install/slam_toolbox/local/lib/python3.10/dist-packages/slam_toolbox/srv/_clear.py
[5.811s] -- Up-to-date: /home/rstole01/Documents/CSE-596/msu_ws/install/slam_toolbox/local/lib/python3.10/dist-packages/slam_toolbox/srv/_toggle_interactive.py
[5.811s] -- Up-to-date: /home/rstole01/Documents/CSE-596/msu_ws/install/slam_toolbox/local/lib/python3.10/dist-packages/slam_toolbox/srv/_add_submap.py
[5.811s] -- Up-to-date: /home/rstole01/Documents/CSE-596/msu_ws/install/slam_toolbox/local/lib/python3.10/dist-packages/slam_toolbox/srv/_deserialize_pose_graph_s.c
[5.812s] -- Up-to-date: /home/rstole01/Documents/CSE-596/msu_ws/install/slam_toolbox/local/lib/python3.10/dist-packages/slam_toolbox/srv/_clear_s.c
[5.812s] -- Up-to-date: /home/rstole01/Documents/CSE-596/msu_ws/install/slam_toolbox/local/lib/python3.10/dist-packages/slam_toolbox/_slam_toolbox_s.ep.rosidl_typesupport_introspection_c.c
[5.812s] -- Up-to-date: /home/rstole01/Documents/CSE-596/msu_ws/install/slam_toolbox/local/lib/python3.10/dist-packages/slam_toolbox/__init__.py
[5.812s] -- Up-to-date: /home/rstole01/Documents/CSE-596/msu_ws/install/slam_toolbox/local/lib/python3.10/dist-packages/slam_toolbox/slam_toolbox_s__rosidl_typesupport_fastrtps_c.cpython-310-x86_64-linux-gnu.so
[5.813s] -- Up-to-date: /home/rstole01/Documents/CSE-596/msu_ws/install/slam_toolbox/local/lib/python3.10/dist-packages/slam_toolbox/_slam_toolbox_s.ep.rosidl_typesupport_c.c
[5.813s] Listing '/home/rstole01/Documents/CSE-596/msu_ws/install/slam_toolbox/local/lib/python3.10/dist-packages/slam_toolbox'...
[5.814s] Listing '/home/rstole01/Documents/CSE-596/msu_ws/install/slam_toolbox/local/lib/python3.10/dist-packages/slam_toolbox/srv'...
[5.814s] -- Up-to-date: /home/rstole01/Documents/CSE-596/msu_ws/install/slam_toolbox/local/lib/python3.10/dist-packages/slam_toolbox/slam_toolbox_s__rosidl_typesupport_fastrtps_c.cpython-310-x86_64-linux-gnu.so
[5.814s] -- Up-to-date: /home/rstole01/Documents/CSE-596/msu_ws/install/slam_toolbox/local/lib/python3.10/dist-packages/slam_toolbox/slam_toolbox_s__rosidl_typesupport_introspection_c.cpython-310-x86_64-linux-gnu.so
[5.815s] -- Up-to-date: /home/rstole01/Documents/CSE-596/msu_ws/install/slam_toolbox/local/lib/python3.10/dist-packages/slam_toolbox/slam_toolbox_s__rosidl_typesupport_c.cpython-310-x86_64-linux-gnu.so
[5.816s] -- Up-to-date: /home/rstole01/Documents/CSE-596/msu_ws/install/slam_toolbox/lib/libslam_toolbox__rosidl_generator_py.so
[5.817s] -- Up-to-date: /home/rstole01/Documents/CSE-596/msu_ws/install/slam_toolbox/share/slam_toolbox/srv/Pause.idl
[5.818s] -- Up-to-date: /home/rstole01/Documents/CSE-596/msu_ws/install/slam_toolbox/share/slam_toolbox/srv/ClearQueue.idl
[5.818s] -- Up-to-date: /home/rstole01/Documents/CSE-596/msu_ws/install/slam_toolbox/share/slam_toolbox/srv/ToggleInteractive.idl
[5.818s] -- Up-to-date: /home/rstole01/Documents/CSE-596/msu_ws/install/slam_toolbox/share/slam_toolbox/srv/Clear.idl
[5.819s] -- Up-to-date: /home/rstole01/Documents/CSE-596/msu_ws/install/slam_toolbox/share/slam_toolbox/srv/SaveMap.idl
[5.819s] -- Up-to-date: /home/rstole01/Documents/CSE-596/msu_ws/install/slam_toolbox/share/slam_toolbox/srv/LoopClosure.idl
[5.819s] -- Up-to-date: /home/rstole01/Documents/CSE-596/msu_ws/install/slam_toolbox/share/slam_toolbox/srv/MergeMaps.idl
[5.820s] -- Up-to-date: /home/rstole01/Documents/CSE-596/msu_ws/install/slam_toolbox/share/slam_toolbox/srv/AddSubmap.idl
[5.821s] -- Up-to-date: /home/rstole01/Documents/CSE-596/msu_ws/install/slam_toolbox/share/slam_toolbox/srv/DeserializePoseGraph.idl
[5.821s] -- Up-to-date: /home/rstole01/Documents/CSE-596/msu_ws/install/slam_toolbox/share/slam_toolbox/srv/SerializePoseGraph.idl
[5.822s] -- Up-to-date: /home/rstole01/Documents/CSE-596/msu_ws/install/slam_toolbox/share/slam_toolbox/srvs/Pause.srv
[5.822s] -- Up-to-date: /home/rstole01/Documents/CSE-596/msu_ws/install/slam_toolbox/share/slam_toolbox/srvs/Pause_Request.msg
[5.823s] -- Up-to-date: /home/rstole01/Documents/CSE-596/msu_ws/install/slam_toolbox/share/slam_toolbox/srvs/Pause_Response.msg
[5.824s] -- Up-to-date: /home/rstole01/Documents/CSE-596/msu_ws/install/slam_toolbox/share/slam_toolbox/srvs/ClearQueue.srv
[5.824s] -- Up-to-date: /home/rstole01/Documents/CSE-596/msu_ws/install/slam_toolbox/share/slam_toolbox/srvs/ClearQueue_Request.msg
[5.825s] -- Up-to-date: /home/rstole01/Documents/CSE-596/msu_ws/install/slam_toolbox/share/slam_toolbox/srvs/ClearQueue_Response.msg
[5.825s] -- Up-to-date: /home/rstole01/Documents/CSE-596/msu_ws/install/slam_toolbox/share/slam_toolbox/srvs/ToggleInteractive.srv
[5.825s] -- Up-to-date: /home/rstole01/Documents/CSE-596/msu_ws/install/slam_toolbox/share/slam_toolbox/srvs/ToggleInteractive_Request.msg
[5.826s] -- Up-to-date: /home/rstole01/Documents/CSE-596/msu_ws/install/slam_toolbox/share/slam_toolbox/srvs/ToggleInteractive_Response.msg
[5.826s] -- Up-to-date: /home/rstole01/Documents/CSE-596/msu_ws/install/slam_toolbox/share/slam_toolbox/srvs/Clear.srv
[5.826s] -- Up-to-date: /home/rstole01/Documents/CSE-596/msu_ws/install/slam_toolbox/share/slam_toolbox/srvs/Clear_Request.msg
[5.827s] -- Up-to-date: /home/rstole01/Documents/CSE-596/msu_ws/install/slam_toolbox/share/slam_toolbox/srvs/Clear_Response.msg
[5.827s] -- Up-to-date: /home/rstole01/Documents/CSE-596/msu_ws/install/slam_toolbox/share/slam_toolbox/srvs/SaveMap.srv
[5.828s] -- Up-to-date: /home/rstole01/Documents/CSE-596/msu_ws/install/slam_toolbox/share/slam_toolbox/srvs/SaveMap_Request.msg
[5.829s] -- Up-to-date: /home/rstole01/Documents/CSE-596/msu_ws/install/slam_toolbox/share/slam_toolbox/srvs/SaveMap_Response.msg
[5.829s] -- Up-to-date: /home/rstole01/Documents/CSE-596/msu_ws/install/slam_toolbox/share/slam_toolbox/srvs/LoopClosure.srv
[5.830s] -- Up-to-date: /home/rstole01/Documents/CSE-596/msu_ws/install/slam_toolbox/share/slam_toolbox/srvs/LoopClosure_Request.msg
[5.830s] -- Up-to-date: /home/rstole01/Documents/CSE-596/msu_ws/install/slam_toolbox/share/slam_toolbox/srvs/LoopClosure_Response.msg
[5.831s] -- Up-to-date: /home/rstole01/Documents/CSE-596/msu_ws/install/slam_toolbox/share/slam_toolbox/srvs/MergeMaps.srv
[5.831s] -- Up-to-date: /home/rstole01/Documents/CSE-596/msu_ws/install/slam_toolbox/share/slam_toolbox/srvs/MergeMaps_Request.msg
[5.832s] -- Up-to-date: /home/rstole01/Documents/CSE-596/msu_ws/install/slam_toolbox/share/slam_toolbox/srvs/MergeMaps_Response.msg
[5.832s] -- Up-to-date: /home/rstole01/Documents/CSE-596/msu_ws/install/slam_toolbox/share/slam_toolbox/srvs/AddSubmap.srv
[5.832s] -- Up-to-date: /home/rstole01/Documents/CSE-596/msu_ws/install/slam_toolbox/share/slam_toolbox/srvs/AddSubmap_Request.msg
[5.832s] -- Up-to-date: /home/rstole01/Documents/CSE-596/msu_ws/install/slam_toolbox/share/slam_toolbox/srvs/AddSubmap_Response.msg
[5.833s] -- Up-to-date: /home/rstole01/Documents/CSE-596/msu_ws/install/slam_toolbox/share/slam_toolbox/srvs/DeserializePoseGraph.srv
[5.833s] -- Up-to-date: /home/rstole01/Documents/CSE-596/msu_ws/install/slam_toolbox/share/slam_toolbox/srvs/DeserializePoseGraph_Request.msg
[5.833s] -- Up-to-date: /home/rstole01/Documents/CSE-596/msu_ws/install/slam_toolbox/share/slam_toolbox/srvs/DeserializePoseGraph_Response.msg
[5.833s] -- Up-to-date: /home/rstole01/Documents/CSE-596/msu_ws/install/slam_toolbox/share/slam_toolbox/srvs/SerializePoseGraph.srv
[5.834s] -- Up-to-date: /home/rstole01/Documents/CSE-596/msu_ws/install/slam_toolbox/share/slam_toolbox/srvs/SerializePoseGraph_Request.msg
[5.834s] -- Up-to-date: /home/rstole01/Documents/CSE-596/msu_ws/install/slam_toolbox/share/slam_toolbox/srvs/SerializePoseGraph_Response.msg
[5.835s] -- Up-to-date: /home/rstole01/Documents/CSE-596/msu_ws/install/slam_toolbox/share/slam_toolbox/rviz_plugins.xml
[5.836s] -- Up-to-date: /home/rstole01/Documents/CSE-596/msu_ws/install/slam_toolbox/share/slam_toolbox/solver_plugins.xml
[5.837s] -- Up-to-date: /home/rstole01/Documents/CSE-596/msu_ws/install/slam_toolbox/lib/slam_toolbox/async_slam_toolbox_node
[5.838s] -- Up-to-date: /home/rstole01/Documents/CSE-596/msu_ws/install/slam_toolbox/lib/slam_toolbox/sync_slam_toolbox_node
[5.838s] -- Up-to-date: /home/rstole01/Documents/CSE-596/msu_ws/install/slam_toolbox/lib/slam_toolbox/localization_slam_toolbox_node
[5.839s] -- Up-to-date: /home/rstole01/Documents/CSE-596/msu_ws/install/slam_toolbox/lib/slam_toolbox/map_and_localization_slam_toolbox_node
[5.840s] -- Up-to-date: /home/rstole01/Documents/CSE-596/msu_ws/install/slam_toolbox/lib/slam_toolbox/merge_maps_kinematic
[5.841s] -- Up-to-date: /home/rstole01/Documents/CSE-596/msu_ws/install/slam_toolbox/lib/slam_toolbox/lifelong_slam_toolbox_node
[5.841s] -- Up-to-date: /home/rstole01/Documents/CSE-596/msu_ws/install/slam_toolbox/lib/libtoolbox_common.so
[5.841s] -- Up-to-date: /home/rstole01/Documents/CSE-596/msu_ws/install/slam_toolbox/lib/libSlamToolboxPlugin.so
[5.841s] -- Up-to-date: /home/rstole01/Documents/CSE-596/msu_ws/install/slam_toolbox/lib/libceres_solver_plugin.so
[5.841s] -- Up-to-date: /home/rstole01/Documents/CSE-596/msu_ws/install/slam_toolbox/lib/libasync_slam_toolbox.so
[5.842s] -- Up-to-date: /home/rstole01/Documents/CSE-596/msu_ws/install/slam_toolbox/lib/libsync_slam_toolbox.so
[5.842s] -- Up-to-date: /home/rstole01/Documents/CSE-596/msu_ws/install/slam_toolbox/lib/liblocalization_slam_toolbox.so
[5.843s] -- Up-to-date: /home/rstole01/Documents/CSE-596/msu_ws/install/slam_toolbox/lib/liblifelong_slam_toolbox.so
[5.843s] -- Up-to-date: /home/rstole01/Documents/CSE-596/msu_ws/install/slam_toolbox/lib/libmap_and_localization_slam_toolbox.so
[5.844s] -- Up-to-date: /home/rstole01/Documents/CSE-596/msu_ws/install/slam_toolbox/lib/libkartoSlamToolbox.so
[5.844s] -- Up-to-date: /home/rstole01/Documents/CSE-596/msu_ws/install/slam_toolbox/lib/libSlamToolboxPlugin.so
[5.844s] -- Up-to-date: /home/rstole01/Documents/CSE-596/msu_ws/install/slam_toolbox/include
[5.844s] -- Up-to-date: /home/rstole01/Documents/CSE-596/msu_ws/install/slam_toolbox/include/slam_toolbox
[5.845s] -- Up-to-date: /home/rstole01/Documents/CSE-596/msu_ws/install/slam_toolbox/include/slam_toolbox/map_saver.hpp
[5.845s] -- Up-to-date: /home/rstole01/Documents/CSE-596/msu_ws/install/slam_toolbox/include/slam_toolbox/loop_closure_assistant.hpp
[5.846s] -- Up-to-date: /home/rstole01/Documents/CSE-596/msu_ws/install/slam_toolbox/include/slam_toolbox/slam_toolbox_localization.hpp
[5.846s] -- Up-to-date: /home/rstole01/Documents/CSE-596/msu_ws/install/slam_toolbox/include/slam_toolbox/serialization.hpp
[5.846s] -- Up-to-date: /home/rstole01/Documents/CSE-596/msu_ws/install/slam_toolbox/include/slam_toolbox/experimental
[5.847s] -- Up-to-date: /home/rstole01/Documents/CSE-596/msu_ws/install/slam_toolbox/include/slam_toolbox/experimental/slam_toolbox_map_and_localization.hpp
[5.848s] -- Up-to-date: /home/rstole01/Documents/CSE-596/msu_ws/install/slam_toolbox/include/slam_toolbox/experimental/slam_toolbox_lifelong.hpp
[5.849s] -- Up-to-date: /home/rstole01/Documents/CSE-596/msu_ws/install/slam_toolbox/include/slam_toolbox/slam_mapper.hpp
[5.849s] -- Up-to-date: /home/rstole01/Documents/CSE-596/msu_ws/install/slam_toolbox/include/slam_toolbox/visualization_utils.hpp
[5.850s] -- Up-to-date: /home/rstole01/Documents/CSE-596/msu_ws/install/slam_toolbox/include/slam_toolbox/slam_toolbox_async.hpp
[5.850s] -- Up-to-date: /home/rstole01/Documents/CSE-596/msu_ws/install/slam_toolbox/include/slam_toolbox/slam_toolbox_sync.hpp
[5.851s] -- Up-to-date: /home/rstole01/Documents/CSE-596/msu_ws/install/slam_toolbox/include/slam_toolbox/get_pose_helper.hpp
[5.851s] -- Up-to-date: /home/rstole01/Documents/CSE-596/msu_ws/install/slam_toolbox/include/slam_toolbox/toolbox_types.hpp
[5.852s] -- Up-to-date: /home/rstole01/Documents/CSE-596/msu_ws/install/slam_toolbox/include/slam_toolbox/toolbox_msgs.hpp
[5.852s] -- Up-to-date: /home/rstole01/Documents/CSE-596/msu_ws/install/slam_toolbox/include/slam_toolbox/slam_toolbox_common.hpp
[5.853s] -- Up-to-date: /home/rstole01/Documents/CSE-596/msu_ws/install/slam_toolbox/include/slam_toolbox/laser_utils.hpp
[5.853s] -- Up-to-date: /home/rstole01/Documents/CSE-596/msu_ws/install/slam_toolbox/include/slam_toolbox/merge_maps_kinematic.hpp
[5.854s] -- Up-to-date: /home/rstole01/Documents/CSE-596/msu_ws/install/slam_toolbox/include/slam_toolbox/snap_utils.hpp
[5.854s] -- Up-to-date: /home/rstole01/Documents/CSE-596/msu_ws/install/slam_toolbox/share/slam_toolbox/launch
[5.855s] -- Up-to-date: /home/rstole01/Documents/CSE-596/msu_ws/install/slam_toolbox/share/slam_toolbox/launch/online_sync_launch.py
[5.855s] -- Up-to-date: /home/rstole01/Documents/CSE-596/msu_ws/install/slam_toolbox/share/slam_toolbox/launch/reset_and_slam_launch.py
[5.856s] -- Up-to-date: /home/rstole01/Documents/CSE-596/msu_ws/install/slam_toolbox/share/slam_toolbox/launch/online_async_launch.py
[5.856s] -- Up-to-date: /home/rstole01/Documents/CSE-596/msu_ws/install/slam_toolbox/share/slam_toolbox/launch/offline_launch.py
[5.856s] -- Up-to-date: /home/rstole01/Documents/CSE-596/msu_ws/install/slam_toolbox/share/slam_toolbox/launch/localization_launch.py
[5.857s] -- Up-to-date: /home/rstole01/Documents/CSE-596/msu_ws/install/slam_toolbox/share/slam_toolbox/launch/merge_maps_kinematic_launch.py
[5.857s] -- Up-to-date: /home/rstole01/Documents/CSE-596/msu_ws/install/slam_toolbox/share/slam_toolbox/launch/lifelong_launch.py
[5.858s] -- Up-to-date: /home/rstole01/Documents/CSE-596/msu_ws/install/slam_toolbox/share/slam_toolbox/config
[5.858s] -- Up-to-date: /home/rstole01/Documents/CSE-596/msu_ws/install/slam_toolbox/share/slam_toolbox/config/mapper_params_online_async.yaml
[5.858s] -- Up-to-date: /home/rstole01/Documents/CSE-596/msu_ws/install/slam_toolbox/share/slam_toolbox/config/mapper_params_online_sync.yaml
[5.859s] -- Up-to-date: /home/rstole01/Documents/CSE-596/msu_ws/install/slam_toolbox/share/slam_toolbox/config/mapper_params_lifelong.yaml
[5.860s] -- Up-to-date: /home/rstole01/Documents/CSE-596/msu_ws/install/slam_toolbox/share/slam_toolbox/config/mapper_params_offline.yaml
[5.861s] -- Up-to-date: /home/rstole01/Documents/CSE-596/msu_ws/install/slam_toolbox/share/slam_toolbox/config/slam_toolbox_default.rviz
[5.862s] -- Up-to-date: /home/rstole01/Documents/CSE-596/msu_ws/install/slam_toolbox/share/slam_toolbox/config/mapper_params_localization.yaml
[5.862s] -- Up-to-date: /home/rstole01/Documents/CSE-596/msu_ws/install/slam_toolbox/share/solver_plugins.xml
[5.862s] -- Up-to-date: /home/rstole01/Documents/CSE-596/msu_ws/install/slam_toolbox/share/rviz_plugins.xml
[5.863s] -- Up-to-date: /home/rstole01/Documents/CSE-596/msu_ws/install/slam_toolbox/share/ament_index/resource_index/package_run_dependencies/slam_toolbox
[5.863s] -- Up-to-date: /home/rstole01/Documents/CSE-596/msu_ws/install/slam_toolbox/share/ament_index/resource_index/parent_prefix_path/slam_toolbox
[5.864s] -- Up-to-date: /home/rstole01/Documents/CSE-596/msu_ws/install/slam_toolbox/share/slam_toolbox/environment/ament_prefix_path.sh
[5.865s] -- Up-to-date: /home/rstole01/Documents/CSE-596/msu_ws/install/slam_toolbox/share/slam_toolbox/environment/ament_prefix_path.dsv
[5.866s] -- Up-to-date: /home/rstole01/Documents/CSE-596/msu_ws/install/slam_toolbox/share/slam_toolbox/environment/path.sh
[5.866s] -- Up-to-date: /home/rstole01/Documents/CSE-596/msu_ws/install/slam_toolbox/share/slam_toolbox/environment/path.dsv
[5.866s] -- Up-to-date: /home/rstole01/Documents/CSE-596/msu_ws/install/slam_toolbox/share/slam_toolbox/local_setup.bash
[5.867s] -- Up-to-date: /home/rstole01/Documents/CSE-596/msu_ws/install/slam_toolbox/share/slam_toolbox/local_setup.sh
[5.868s] -- Up-to-date: /home/rstole01/Documents/CSE-596/msu_ws/install/slam_toolbox/share/slam_toolbox/local_setup.zsh
[5.868s] -- Up-to-date: /home/rstole01/Documents/CSE-596/msu_ws/install/slam_toolbox/share/slam_toolbox/local_setup.dsv
[5.869s] -- Installing: /home/rstole01/Documents/CSE-596/msu_ws/install/slam_toolbox/share/slam_toolbox/package.dsv
[5.870s] -- Up-to-date: /home/rstole01/Documents/CSE-596/msu_ws/install/slam_toolbox/share/ament_index/resource_index/packages/slam_toolbox
[5.871s] -- Up-to-date: /home/rstole01/Documents/CSE-596/msu_ws/install/slam_toolbox/share/ament_index/resource_index/rviz_common__pluginlib__plugin/slam_toolbox
[5.872s] -- Up-to-date: /home/rstole01/Documents/CSE-596/msu_ws/install/slam_toolbox/share/ament_index/resource_index/slam_toolbox__pluginlib__plugin/slam_toolbox
[5.872s] -- Up-to-date: /home/rstole01/Documents/CSE-596/msu_ws/install/slam_toolbox/share/slam_toolbox/cmake/export_slam_toolbox__rosidl_generator_cExport.cmake
[5.873s] -- Up-to-date: /home/rstole01/Documents/CSE-596/msu_ws/install/slam_toolbox/share/slam_toolbox/cmake/export_slam_toolbox__rosidl_generator_cExport-release.cmake
[5.873s] -- Up-to-date: /home/rstole01/Documents/CSE-596/msu_ws/install/slam_toolbox/share/slam_toolbox/cmake/export_slam_toolbox__rosidl_typesupport_fastrtps_cExport.cmake
[5.874s] -- Up-to-date: /home/rstole01/Documents/CSE-596/msu_ws/install/slam_toolbox/share/slam_toolbox/cmake/export_slam_toolbox__rosidl_typesupport_fastrtps_cExport-release.cmake
[5.875s] -- Up-to-date: /home/rstole01/Documents/CSE-596/msu_ws/install/slam_toolbox/share/slam_toolbox/cmake/export_slam_toolbox__rosidl_generator_cppExport.cmake
[5.875s] -- Up-to-date: /home/rstole01/Documents/CSE-596/msu_ws/install/slam_toolbox/share/slam_toolbox/cmake/export_slam_toolbox__rosidl_typesupport_fastrtps_cppExport.cmake
[5.876s] -- Up-to-date: /home/rstole01/Documents/CSE-596/msu_ws/install/slam_toolbox/share/slam_toolbox/cmake/export_slam_toolbox__rosidl_typesupport_fastrtps_cppExport-release.cmake
[5.877s] -- Up-to-date: /home/rstole01/Documents/CSE-596/msu_ws/install/slam_toolbox/share/slam_toolbox/cmake/slam_toolbox__rosidl_typesupport_introspection_cExport.cmake
[5.877s] -- Up-to-date: /home/rstole01/Documents/CSE-596/msu_ws/install/slam_toolbox/share/slam_toolbox/cmake/slam_toolbox__rosidl_typesupport_introspection_cExport-release.cmake
[5.878s] -- Up-to-date: /home/rstole01/Documents/CSE-596/msu_ws/install/slam_toolbox/share/slam_toolbox/cmake/slam_toolbox__rosidl_typesupport_cExport.cmake
[5.878s] -- Up-to-date: /home/rstole01/Documents/CSE-596/msu_ws/install/slam_toolbox/share/slam_toolbox/cmake/slam_toolbox__rosidl_typesupport_cExport-release.cmake
[5.879s] -- Up-to-date: /home/rstole01/Documents/CSE-596/msu_ws/install/slam_toolbox/share/slam_toolbox/cmake/slam_toolbox__rosidl_typesupport_introspection_cppExport.cmake
[5.879s] -- Up-to-date: /home/rstole01/Documents/CSE-596/msu_ws/install/slam_toolbox/share/slam_toolbox/cmake/slam_toolbox__rosidl_typesupport_introspection_cppExport-release.cmake
[5.880s] -- Up-to-date: /home/rstole01/Documents/CSE-596/msu_ws/install/slam_toolbox/share/slam_toolbox/cmake/slam_toolbox__rosidl_typesupport_cppExport.cmake
[5.880s] -- Up-to-date: /home/rstole01/Documents/CSE-596/msu_ws/install/slam_toolbox/share/slam_toolbox/cmake/slam_toolbox__rosidl_typesupport_cppExport-release.cmake
[5.881s] -- Up-to-date: /home/rstole01/Documents/CSE-596/msu_ws/install/slam_toolbox/share/slam_toolbox/cmake/export_slam_toolbox__rosidl_generator_pyExport.cmake
[5.881s] -- Up-to-date: /home/rstole01/Documents/CSE-596/msu_ws/install/slam_toolbox/share/slam_toolbox/cmake/export_slam_toolbox__rosidl_generator_pyExport-release.cmake
[5.881s] -- Up-to-date: /home/rstole01/Documents/CSE-596/msu_ws/install/slam_toolbox/share/slam_toolbox/cmake/SlamToolboxPluginExport.cmake
[5.882s] -- Up-to-date: /home/rstole01/Documents/CSE-596/msu_ws/install/slam_toolbox/share/slam_toolbox/cmake/SlamToolboxPluginExport-release.cmake
[5.882s] -- Up-to-date: /home/rstole01/Documents/CSE-596/msu_ws/install/slam_toolbox/share/slam_toolbox/cmake/rosidl_cmake-extras.cmake
[5.882s] -- Up-to-date: /home/rstole01/Documents/CSE-596/msu_ws/install/slam_toolbox/share/slam_toolbox/cmake/ament_cmake_export_dependencies-extras.cmake
[5.883s] -- Up-to-date: /home/rstole01/Documents/CSE-596/msu_ws/install/slam_toolbox/share/slam_toolbox/cmake/ament_cmake_export_include_directories-extras.cmake
[5.883s] -- Up-to-date: /home/rstole01/Documents/CSE-596/msu_ws/install/slam_toolbox/share/slam_toolbox/cmake/ament_cmake_export_libraries-extras.cmake
[5.884s] -- Up-to-date: /home/rstole01/Documents/CSE-596/msu_ws/install/slam_toolbox/share/slam_toolbox/cmake/ament_cmake_export_targets-extras.cmake
[5.885s] -- Up-to-date: /home/rstole01/Documents/CSE-596/msu_ws/install/slam_toolbox/share/slam_toolbox/cmake/rosidl_cmake_export_typesupport_targets-extras.cmake
[5.885s] -- Up-to-date: /home/rstole01/Documents/CSE-596/msu_ws/install/slam_toolbox/share/slam_toolbox/cmake/rosidl_cmake_export_typesupport_libraries-extras.cmake
[5.886s] -- Up-to-date: /home/rstole01/Documents/CSE-596/msu_ws/install/slam_toolbox/share/slam_toolbox/cmake/slam_toolboxConfig.cmake
[5.886s] -- Up-to-date: /home/rstole01/Documents/CSE-596/msu_ws/install/slam_toolbox/share/slam_toolbox/cmake/slam_toolboxConfig-version.cmake
[5.886s] -- Up-to-date: /home/rstole01/Documents/CSE-596/msu_ws/install/slam_toolbox/share/slam_toolbox/package.xml
[5.887s] -- Up-to-date: /home/rstole01/Documents/CSE-596/msu_ws/install/slam_toolbox/include/
[5.888s] -- Up-to-date: /home/rstole01/Documents/CSE-596/msu_ws/install/slam_toolbox/include//karto_sdk
[5.888s] -- Up-to-date: /home/rstole01/Documents/CSE-596/msu_ws/install/slam_toolbox/include//karto_sdk/nanoflann_adaptors.h
[5.889s] -- Up-to-date: /home/rstole01/Documents/CSE-596/msu_ws/install/slam_toolbox/include//karto_sdk/nanoflann.hpp
[5.889s] -- Up-to-date: /home/rstole01/Documents/CSE-596/msu_ws/install/slam_toolbox/include//karto_sdk/Macros.h
[5.889s] -- Up-to-date: /home/rstole01/Documents/CSE-596/msu_ws/install/slam_toolbox/include//karto_sdk/Types.h
[5.890s] -- Up-to-date: /home/rstole01/Documents/CSE-596/msu_ws/install/slam_toolbox/include//karto_sdk/Mapper.h
[5.891s] -- Up-to-date: /home/rstole01/Documents/CSE-596/msu_ws/install/slam_toolbox/include//karto_sdk/Math.h
[5.891s] -- Up-to-date: /home/rstole01/Documents/CSE-596/msu_ws/install/slam_toolbox/include//karto_sdk/Karto.h
[8.789s] Invoked command in '/home/rstole01/Documents/CSE-596/msu_ws/build/slam_toolbox' returned '0': CMAKE_PREFIX_PATH=${CMAKE_PREFIX_PATH}:/home/rstole01/Documents/CSE-596/msu_ws/install/waypoint_writer:/home/rstole01/Documents/CSE-596/msu_ws/install/waypoint_follow:/home/rstole01/Documents/CSE-596/msu_ws/install/wall_follower_pid:/home/rstole01/Documents/CSE-596/msu_ws/install/qlearn:/home/rstole01/Documents/CSE-596/msu_ws/install/py_pubsub:/home/rstole01/Documents/CSE-596/msu_ws/install/plexer360:/home/rstole01/Documents/CSE-596/msu_ws/install/painter:/home/rstole01/Documents/CSE-596/msu_ws/install/f1tenth_gym_ros:/opt/ros/humble /usr/bin/cmake --install /home/rstole01/Documents/CSE-596/msu_ws/build/slam_toolbox
