[2.934s] Invoking command in '/home/rstole01/Documents/CSE-596/msu_ws/build/slam_toolbox': CMAKE_PREFIX_PATH=${CMAKE_PREFIX_PATH}:/home/rstole01/Documents/CSE-596/msu_ws/install/waypoint_writer:/home/rstole01/Documents/CSE-596/msu_ws/install/waypoint_follow:/home/rstole01/Documents/CSE-596/msu_ws/install/wall_follower_pid:/home/rstole01/Documents/CSE-596/msu_ws/install/qlearn:/home/rstole01/Documents/CSE-596/msu_ws/install/py_pubsub:/home/rstole01/Documents/CSE-596/msu_ws/install/plexer360:/home/rstole01/Documents/CSE-596/msu_ws/install/painter:/home/rstole01/Documents/CSE-596/msu_ws/install/f1tenth_gym_ros:/opt/ros/humble /usr/bin/cmake --build /home/rstole01/Documents/CSE-596/msu_ws/build/slam_toolbox -- -j8 -l8
[3.213s] [  1%] Built target slam_toolbox__cpp
[3.300s] [ 10%] Built target slam_toolbox__rosidl_generator_c
[3.404s] [ 11%] Built target ament_cmake_python_copy_slam_toolbox
[3.406s] [ 12%] Built target kartoSlamToolbox
[3.526s] [ 21%] Built target slam_toolbox__rosidl_typesupport_fastrtps_cpp
[3.531s] [ 29%] Built target slam_toolbox__rosidl_typesupport_c
[3.550s] [ 37%] Built target slam_toolbox__rosidl_typesupport_cpp
[3.581s] [ 45%] Built target slam_toolbox__rosidl_typesupport_introspection_cpp
[3.589s] [ 54%] Built target slam_toolbox__rosidl_typesupport_fastrtps_c
[3.620s] [ 62%] Built target slam_toolbox__rosidl_typesupport_introspection_c
[3.783s] [ 64%] Built target ceres_solver_plugin
[3.785s] [ 66%] Built target SlamToolboxPlugin
[3.803s] [ 66%] Built target slam_toolbox
[3.900s] [ 71%] Built target toolbox_common
[3.999s] [ 71%] Built target slam_toolbox__py
[4.199s] [ 73%] Built target async_slam_toolbox
[4.292s] [ 74%] Built target localization_slam_toolbox
[4.316s] [ 76%] Built target sync_slam_toolbox
[4.360s] [ 84%] Built target slam_toolbox__rosidl_generator_py
[4.383s] [ 85%] Built target lifelong_slam_toolbox
[4.434s] [ 87%] Built target merge_maps_kinematic
[4.630s] [ 88%] Built target async_slam_toolbox_node
[4.633s] [ 90%] Built target slam_toolbox__rosidl_typesupport_introspection_c__pyext
[4.633s] [ 91%] Built target sync_slam_toolbox_node
[4.669s] [ 93%] Built target slam_toolbox__rosidl_typesupport_c__pyext
[4.683s] [ 95%] Built target localization_slam_toolbox_node
[4.683s] [ 96%] Built target slam_toolbox__rosidl_typesupport_fastrtps_c__pyext
[4.727s] [ 97%] Built target map_and_localization_slam_toolbox
[4.879s] [ 99%] Built target lifelong_slam_toolbox_node
[4.906s] [100%] Built target map_and_localization_slam_toolbox_node
[5.213s] running egg_info
[5.214s] writing slam_toolbox.egg-info/PKG-INFO
[5.215s] writing dependency_links to slam_toolbox.egg-info/dependency_links.txt
[5.217s] writing top-level names to slam_toolbox.egg-info/top_level.txt
[5.222s] reading manifest file 'slam_toolbox.egg-info/SOURCES.txt'
[5.224s] writing manifest file 'slam_toolbox.egg-info/SOURCES.txt'
[5.316s] [100%] Built target ament_cmake_python_build_slam_toolbox_egg
[6.451s] Invoked command in '/home/rstole01/Documents/CSE-596/msu_ws/build/slam_toolbox' returned '0': CMAKE_PREFIX_PATH=${CMAKE_PREFIX_PATH}:/home/rstole01/Documents/CSE-596/msu_ws/install/waypoint_writer:/home/rstole01/Documents/CSE-596/msu_ws/install/waypoint_follow:/home/rstole01/Documents/CSE-596/msu_ws/install/wall_follower_pid:/home/rstole01/Documents/CSE-596/msu_ws/install/qlearn:/home/rstole01/Documents/CSE-596/msu_ws/install/py_pubsub:/home/rstole01/Documents/CSE-596/msu_ws/install/plexer360:/home/rstole01/Documents/CSE-596/msu_ws/install/painter:/home/rstole01/Documents/CSE-596/msu_ws/install/f1tenth_gym_ros:/opt/ros/humble /usr/bin/cmake --build /home/rstole01/Documents/CSE-596/msu_ws/build/slam_toolbox -- -j8 -l8
[9.194s] Invoking command in '/home/rstole01/Documents/CSE-596/msu_ws/build/slam_toolbox': CMAKE_PREFIX_PATH=${CMAKE_PREFIX_PATH}:/home/rstole01/Documents/CSE-596/msu_ws/install/waypoint_writer:/home/rstole01/Documents/CSE-596/msu_ws/install/waypoint_follow:/home/rstole01/Documents/CSE-596/msu_ws/install/wall_follower_pid:/home/rstole01/Documents/CSE-596/msu_ws/install/qlearn:/home/rstole01/Documents/CSE-596/msu_ws/install/py_pubsub:/home/rstole01/Documents/CSE-596/msu_ws/install/plexer360:/home/rstole01/Documents/CSE-596/msu_ws/install/painter:/home/rstole01/Documents/CSE-596/msu_ws/install/f1tenth_gym_ros:/opt/ros/humble /usr/bin/cmake --install /home/rstole01/Documents/CSE-596/msu_ws/build/slam_toolbox
[9.670s] -- Install configuration: "Release"
[9.672s] -- Up-to-date: /home/rstole01/Documents/CSE-596/msu_ws/install/slam_toolbox/share/ament_index/resource_index/rosidl_interfaces/slam_toolbox
[9.672s] -- Up-to-date: /home/rstole01/Documents/CSE-596/msu_ws/install/slam_toolbox/include/slam_toolbox/slam_toolbox
[9.673s] -- Up-to-date: /home/rstole01/Documents/CSE-596/msu_ws/install/slam_toolbox/include/slam_toolbox/slam_toolbox/srv
[9.673s] -- Up-to-date: /home/rstole01/Documents/CSE-596/msu_ws/install/slam_toolbox/include/slam_toolbox/slam_toolbox/srv/loop_closure.h
[9.673s] -- Up-to-date: /home/rstole01/Documents/CSE-596/msu_ws/install/slam_toolbox/include/slam_toolbox/slam_toolbox/srv/clear_queue.h
[9.673s] -- Up-to-date: /home/rstole01/Documents/CSE-596/msu_ws/install/slam_toolbox/include/slam_toolbox/slam_toolbox/srv/toggle_interactive.h
[9.674s] -- Up-to-date: /home/rstole01/Documents/CSE-596/msu_ws/install/slam_toolbox/include/slam_toolbox/slam_toolbox/srv/deserialize_pose_graph.h
[9.674s] -- Up-to-date: /home/rstole01/Documents/CSE-596/msu_ws/install/slam_toolbox/include/slam_toolbox/slam_toolbox/srv/serialize_pose_graph.h
[9.674s] -- Up-to-date: /home/rstole01/Documents/CSE-596/msu_ws/install/slam_toolbox/include/slam_toolbox/slam_toolbox/srv/merge_maps.h
[9.675s] -- Up-to-date: /home/rstole01/Documents/CSE-596/msu_ws/install/slam_toolbox/include/slam_toolbox/slam_toolbox/srv/detail
[9.675s] -- Up-to-date: /home/rstole01/Documents/CSE-596/msu_ws/install/slam_toolbox/include/slam_toolbox/slam_toolbox/srv/detail/serialize_pose_graph__struct.h
[9.676s] -- Up-to-date: /home/rstole01/Documents/CSE-596/msu_ws/install/slam_toolbox/include/slam_toolbox/slam_toolbox/srv/detail/clear_queue__functions.c
[9.676s] -- Up-to-date: /home/rstole01/Documents/CSE-596/msu_ws/install/slam_toolbox/include/slam_toolbox/slam_toolbox/srv/detail/merge_maps__functions.c
[9.677s] -- Up-to-date: /home/rstole01/Documents/CSE-596/msu_ws/install/slam_toolbox/include/slam_toolbox/slam_toolbox/srv/detail/clear__functions.h
[9.677s] -- Up-to-date: /home/rstole01/Documents/CSE-596/msu_ws/install/slam_toolbox/include/slam_toolbox/slam_toolbox/srv/detail/loop_closure__functions.h
[9.677s] -- Up-to-date: /home/rstole01/Documents/CSE-596/msu_ws/install/slam_toolbox/include/slam_toolbox/slam_toolbox/srv/detail/save_map__type_support.h
[9.677s] -- Up-to-date: /home/rstole01/Documents/CSE-596/msu_ws/install/slam_toolbox/include/slam_toolbox/slam_toolbox/srv/detail/serialize_pose_graph__functions.c
[9.678s] -- Up-to-date: /home/rstole01/Documents/CSE-596/msu_ws/install/slam_toolbox/include/slam_toolbox/slam_toolbox/srv/detail/save_map__functions.h
[9.678s] -- Up-to-date: /home/rstole01/Documents/CSE-596/msu_ws/install/slam_toolbox/include/slam_toolbox/slam_toolbox/srv/detail/toggle_interactive__functions.c
[9.678s] -- Up-to-date: /home/rstole01/Documents/CSE-596/msu_ws/install/slam_toolbox/include/slam_toolbox/slam_toolbox/srv/detail/merge_maps__functions.h
[9.678s] -- Up-to-date: /home/rstole01/Documents/CSE-596/msu_ws/install/slam_toolbox/include/slam_toolbox/slam_toolbox/srv/detail/clear_queue__struct.h
[9.678s] -- Up-to-date: /home/rstole01/Documents/CSE-596/msu_ws/install/slam_toolbox/include/slam_toolbox/slam_toolbox/srv/detail/serialize_pose_graph__type_support.h
[9.679s] -- Up-to-date: /home/rstole01/Documents/CSE-596/msu_ws/install/slam_toolbox/include/slam_toolbox/slam_toolbox/srv/detail/save_map__functions.c
[9.679s] -- Up-to-date: /home/rstole01/Documents/CSE-596/msu_ws/install/slam_toolbox/include/slam_toolbox/slam_toolbox/srv/detail/loop_closure__functions.c
[9.679s] -- Up-to-date: /home/rstole01/Documents/CSE-596/msu_ws/install/slam_toolbox/include/slam_toolbox/slam_toolbox/srv/detail/merge_maps__struct.h
[9.679s] -- Up-to-date: /home/rstole01/Documents/CSE-596/msu_ws/install/slam_toolbox/include/slam_toolbox/slam_toolbox/srv/detail/add_submap__functions.h
[9.680s] -- Up-to-date: /home/rstole01/Documents/CSE-596/msu_ws/install/slam_toolbox/include/slam_toolbox/slam_toolbox/srv/detail/clear__functions.c
[9.680s] -- Up-to-date: /home/rstole01/Documents/CSE-596/msu_ws/install/slam_toolbox/include/slam_toolbox/slam_toolbox/srv/detail/serialize_pose_graph__functions.h
[9.680s] -- Up-to-date: /home/rstole01/Documents/CSE-596/msu_ws/install/slam_toolbox/include/slam_toolbox/slam_toolbox/srv/detail/toggle_interactive__struct.h
[9.680s] -- Up-to-date: /home/rstole01/Documents/CSE-596/msu_ws/install/slam_toolbox/include/slam_toolbox/slam_toolbox/srv/detail/save_map__struct.h
[9.681s] -- Up-to-date: /home/rstole01/Documents/CSE-596/msu_ws/install/slam_toolbox/include/slam_toolbox/slam_toolbox/srv/detail/deserialize_pose_graph__struct.h
[9.681s] -- Up-to-date: /home/rstole01/Documents/CSE-596/msu_ws/install/slam_toolbox/include/slam_toolbox/slam_toolbox/srv/detail/add_submap__struct.h
[9.681s] -- Up-to-date: /home/rstole01/Documents/CSE-596/msu_ws/install/slam_toolbox/include/slam_toolbox/slam_toolbox/srv/detail/clear__struct.h
[9.682s] -- Up-to-date: /home/rstole01/Documents/CSE-596/msu_ws/install/slam_toolbox/include/slam_toolbox/slam_toolbox/srv/detail/toggle_interactive__functions.h
[9.683s] -- Up-to-date: /home/rstole01/Documents/CSE-596/msu_ws/install/slam_toolbox/include/slam_toolbox/slam_toolbox/srv/detail/toggle_interactive__type_support.h
[9.683s] -- Up-to-date: /home/rstole01/Documents/CSE-596/msu_ws/install/slam_toolbox/include/slam_toolbox/slam_toolbox/srv/detail/loop_closure__type_support.h
[9.683s] -- Up-to-date: /home/rstole01/Documents/CSE-596/msu_ws/install/slam_toolbox/include/slam_toolbox/slam_toolbox/srv/detail/clear_queue__type_support.h
[9.683s] -- Up-to-date: /home/rstole01/Documents/CSE-596/msu_ws/install/slam_toolbox/include/slam_toolbox/slam_toolbox/srv/detail/pause__functions.c
[9.684s] -- Up-to-date: /home/rstole01/Documents/CSE-596/msu_ws/install/slam_toolbox/include/slam_toolbox/slam_toolbox/srv/detail/pause__functions.h
[9.684s] -- Up-to-date: /home/rstole01/Documents/CSE-596/msu_ws/install/slam_toolbox/include/slam_toolbox/slam_toolbox/srv/detail/add_submap__functions.c
[9.684s] -- Up-to-date: /home/rstole01/Documents/CSE-596/msu_ws/install/slam_toolbox/include/slam_toolbox/slam_toolbox/srv/detail/pause__struct.h
[9.684s] -- Up-to-date: /home/rstole01/Documents/CSE-596/msu_ws/install/slam_toolbox/include/slam_toolbox/slam_toolbox/srv/detail/deserialize_pose_graph__functions.h
[9.684s] -- Up-to-date: /home/rstole01/Documents/CSE-596/msu_ws/install/slam_toolbox/include/slam_toolbox/slam_toolbox/srv/detail/merge_maps__type_support.h
[9.685s] -- Up-to-date: /home/rstole01/Documents/CSE-596/msu_ws/install/slam_toolbox/include/slam_toolbox/slam_toolbox/srv/detail/deserialize_pose_graph__type_support.h
[9.685s] -- Up-to-date: /home/rstole01/Documents/CSE-596/msu_ws/install/slam_toolbox/include/slam_toolbox/slam_toolbox/srv/detail/add_submap__type_support.h
[9.685s] -- Up-to-date: /home/rstole01/Documents/CSE-596/msu_ws/install/slam_toolbox/include/slam_toolbox/slam_toolbox/srv/detail/deserialize_pose_graph__functions.c
[9.685s] -- Up-to-date: /home/rstole01/Documents/CSE-596/msu_ws/install/slam_toolbox/include/slam_toolbox/slam_toolbox/srv/detail/pause__type_support.h
[9.685s] -- Up-to-date: /home/rstole01/Documents/CSE-596/msu_ws/install/slam_toolbox/include/slam_toolbox/slam_toolbox/srv/detail/clear_queue__functions.h
[9.686s] -- Up-to-date: /home/rstole01/Documents/CSE-596/msu_ws/install/slam_toolbox/include/slam_toolbox/slam_toolbox/srv/detail/clear__type_support.h
[9.686s] -- Up-to-date: /home/rstole01/Documents/CSE-596/msu_ws/install/slam_toolbox/include/slam_toolbox/slam_toolbox/srv/detail/loop_closure__struct.h
[9.686s] -- Up-to-date: /home/rstole01/Documents/CSE-596/msu_ws/install/slam_toolbox/include/slam_toolbox/slam_toolbox/srv/save_map.h
[9.686s] -- Up-to-date: /home/rstole01/Documents/CSE-596/msu_ws/install/slam_toolbox/include/slam_toolbox/slam_toolbox/srv/pause.h
[9.686s] -- Up-to-date: /home/rstole01/Documents/CSE-596/msu_ws/install/slam_toolbox/include/slam_toolbox/slam_toolbox/srv/add_submap.h
[9.687s] -- Up-to-date: /home/rstole01/Documents/CSE-596/msu_ws/install/slam_toolbox/include/slam_toolbox/slam_toolbox/srv/clear.h
[9.687s] -- Up-to-date: /home/rstole01/Documents/CSE-596/msu_ws/install/slam_toolbox/include/slam_toolbox/slam_toolbox/msg
[9.687s] -- Up-to-date: /home/rstole01/Documents/CSE-596/msu_ws/install/slam_toolbox/include/slam_toolbox/slam_toolbox/msg/rosidl_generator_c__visibility_control.h
[9.687s] -- Up-to-date: /home/rstole01/Documents/CSE-596/msu_ws/install/slam_toolbox/share/slam_toolbox/environment/library_path.sh
[9.688s] -- Up-to-date: /home/rstole01/Documents/CSE-596/msu_ws/install/slam_toolbox/share/slam_toolbox/environment/library_path.dsv
[9.688s] -- Up-to-date: /home/rstole01/Documents/CSE-596/msu_ws/install/slam_toolbox/lib/libslam_toolbox__rosidl_generator_c.so
[9.688s] -- Up-to-date: /home/rstole01/Documents/CSE-596/msu_ws/install/slam_toolbox/include/slam_toolbox/slam_toolbox
[9.689s] -- Up-to-date: /home/rstole01/Documents/CSE-596/msu_ws/install/slam_toolbox/include/slam_toolbox/slam_toolbox/srv
[9.689s] -- Up-to-date: /home/rstole01/Documents/CSE-596/msu_ws/install/slam_toolbox/include/slam_toolbox/slam_toolbox/srv/detail
[9.689s] -- Up-to-date: /home/rstole01/Documents/CSE-596/msu_ws/install/slam_toolbox/include/slam_toolbox/slam_toolbox/srv/detail/serialize_pose_graph__rosidl_typesupport_fastrtps_c.h
[9.689s] -- Up-to-date: /home/rstole01/Documents/CSE-596/msu_ws/install/slam_toolbox/include/slam_toolbox/slam_toolbox/srv/detail/deserialize_pose_graph__rosidl_typesupport_fastrtps_c.h
[9.689s] -- Up-to-date: /home/rstole01/Documents/CSE-596/msu_ws/install/slam_toolbox/include/slam_toolbox/slam_toolbox/srv/detail/clear_queue__rosidl_typesupport_fastrtps_c.h
[9.690s] -- Up-to-date: /home/rstole01/Documents/CSE-596/msu_ws/install/slam_toolbox/include/slam_toolbox/slam_toolbox/srv/detail/pause__rosidl_typesupport_fastrtps_c.h
[9.690s] -- Up-to-date: /home/rstole01/Documents/CSE-596/msu_ws/install/slam_toolbox/include/slam_toolbox/slam_toolbox/srv/detail/loop_closure__rosidl_typesupport_fastrtps_c.h
[9.690s] -- Up-to-date: /home/rstole01/Documents/CSE-596/msu_ws/install/slam_toolbox/include/slam_toolbox/slam_toolbox/srv/detail/save_map__rosidl_typesupport_fastrtps_c.h
[9.690s] -- Up-to-date: /home/rstole01/Documents/CSE-596/msu_ws/install/slam_toolbox/include/slam_toolbox/slam_toolbox/srv/detail/toggle_interactive__rosidl_typesupport_fastrtps_c.h
[9.690s] -- Up-to-date: /home/rstole01/Documents/CSE-596/msu_ws/install/slam_toolbox/include/slam_toolbox/slam_toolbox/srv/detail/merge_maps__rosidl_typesupport_fastrtps_c.h
[9.691s] -- Up-to-date: /home/rstole01/Documents/CSE-596/msu_ws/install/slam_toolbox/include/slam_toolbox/slam_toolbox/srv/detail/add_submap__rosidl_typesupport_fastrtps_c.h
[9.691s] -- Up-to-date: /home/rstole01/Documents/CSE-596/msu_ws/install/slam_toolbox/include/slam_toolbox/slam_toolbox/srv/detail/clear__rosidl_typesupport_fastrtps_c.h
[9.691s] -- Up-to-date: /home/rstole01/Documents/CSE-596/msu_ws/install/slam_toolbox/include/slam_toolbox/slam_toolbox/msg
[9.691s] -- Up-to-date: /home/rstole01/Documents/CSE-596/msu_ws/install/slam_toolbox/include/slam_toolbox/slam_toolbox/msg/rosidl_typesupport_fastrtps_c__visibility_control.h
[9.691s] -- Up-to-date: /home/rstole01/Documents/CSE-596/msu_ws/install/slam_toolbox/lib/libslam_toolbox__rosidl_typesupport_fastrtps_c.so
[9.691s] -- Up-to-date: /home/rstole01/Documents/CSE-596/msu_ws/install/slam_toolbox/include/slam_toolbox/slam_toolbox
[9.691s] -- Up-to-date: /home/rstole01/Documents/CSE-596/msu_ws/install/slam_toolbox/include/slam_toolbox/slam_toolbox/srv
[9.692s] -- Up-to-date: /home/rstole01/Documents/CSE-596/msu_ws/install/slam_toolbox/include/slam_toolbox/slam_toolbox/srv/merge_maps.hpp
[9.692s] -- Up-to-date: /home/rstole01/Documents/CSE-596/msu_ws/install/slam_toolbox/include/slam_toolbox/slam_toolbox/srv/deserialize_pose_graph.hpp
[9.692s] -- Up-to-date: /home/rstole01/Documents/CSE-596/msu_ws/install/slam_toolbox/include/slam_toolbox/slam_toolbox/srv/clear.hpp
[9.692s] -- Up-to-date: /home/rstole01/Documents/CSE-596/msu_ws/install/slam_toolbox/include/slam_toolbox/slam_toolbox/srv/detail
[9.692s] -- Up-to-date: /home/rstole01/Documents/CSE-596/msu_ws/install/slam_toolbox/include/slam_toolbox/slam_toolbox/srv/detail/add_submap__builder.hpp
[9.692s] -- Up-to-date: /home/rstole01/Documents/CSE-596/msu_ws/install/slam_toolbox/include/slam_toolbox/slam_toolbox/srv/detail/loop_closure__struct.hpp
[9.692s] -- Up-to-date: /home/rstole01/Documents/CSE-596/msu_ws/install/slam_toolbox/include/slam_toolbox/slam_toolbox/srv/detail/merge_maps__builder.hpp
[9.692s] -- Up-to-date: /home/rstole01/Documents/CSE-596/msu_ws/install/slam_toolbox/include/slam_toolbox/slam_toolbox/srv/detail/save_map__struct.hpp
[9.693s] -- Up-to-date: /home/rstole01/Documents/CSE-596/msu_ws/install/slam_toolbox/include/slam_toolbox/slam_toolbox/srv/detail/pause__builder.hpp
[9.693s] -- Up-to-date: /home/rstole01/Documents/CSE-596/msu_ws/install/slam_toolbox/include/slam_toolbox/slam_toolbox/srv/detail/deserialize_pose_graph__traits.hpp
[9.693s] -- Up-to-date: /home/rstole01/Documents/CSE-596/msu_ws/install/slam_toolbox/include/slam_toolbox/slam_toolbox/srv/detail/merge_maps__traits.hpp
[9.693s] -- Up-to-date: /home/rstole01/Documents/CSE-596/msu_ws/install/slam_toolbox/include/slam_toolbox/slam_toolbox/srv/detail/serialize_pose_graph__builder.hpp
[9.693s] -- Up-to-date: /home/rstole01/Documents/CSE-596/msu_ws/install/slam_toolbox/include/slam_toolbox/slam_toolbox/srv/detail/merge_maps__struct.hpp
[9.693s] -- Up-to-date: /home/rstole01/Documents/CSE-596/msu_ws/install/slam_toolbox/include/slam_toolbox/slam_toolbox/srv/detail/serialize_pose_graph__struct.hpp
[9.693s] -- Up-to-date: /home/rstole01/Documents/CSE-596/msu_ws/install/slam_toolbox/include/slam_toolbox/slam_toolbox/srv/detail/save_map__traits.hpp
[9.694s] -- Up-to-date: /home/rstole01/Documents/CSE-596/msu_ws/install/slam_toolbox/include/slam_toolbox/slam_toolbox/srv/detail/pause__struct.hpp
[9.694s] -- Up-to-date: /home/rstole01/Documents/CSE-596/msu_ws/install/slam_toolbox/include/slam_toolbox/slam_toolbox/srv/detail/clear_queue__struct.hpp
[9.694s] -- Up-to-date: /home/rstole01/Documents/CSE-596/msu_ws/install/slam_toolbox/include/slam_toolbox/slam_toolbox/srv/detail/toggle_interactive__traits.hpp
[9.694s] -- Up-to-date: /home/rstole01/Documents/CSE-596/msu_ws/install/slam_toolbox/include/slam_toolbox/slam_toolbox/srv/detail/clear__builder.hpp
[9.694s] -- Up-to-date: /home/rstole01/Documents/CSE-596/msu_ws/install/slam_toolbox/include/slam_toolbox/slam_toolbox/srv/detail/add_submap__traits.hpp
[9.694s] -- Up-to-date: /home/rstole01/Documents/CSE-596/msu_ws/install/slam_toolbox/include/slam_toolbox/slam_toolbox/srv/detail/clear_queue__traits.hpp
[9.694s] -- Up-to-date: /home/rstole01/Documents/CSE-596/msu_ws/install/slam_toolbox/include/slam_toolbox/slam_toolbox/srv/detail/loop_closure__builder.hpp
[9.694s] -- Up-to-date: /home/rstole01/Documents/CSE-596/msu_ws/install/slam_toolbox/include/slam_toolbox/slam_toolbox/srv/detail/serialize_pose_graph__traits.hpp
[9.695s] -- Up-to-date: /home/rstole01/Documents/CSE-596/msu_ws/install/slam_toolbox/include/slam_toolbox/slam_toolbox/srv/detail/loop_closure__traits.hpp
[9.695s] -- Up-to-date: /home/rstole01/Documents/CSE-596/msu_ws/install/slam_toolbox/include/slam_toolbox/slam_toolbox/srv/detail/clear__struct.hpp
[9.695s] -- Up-to-date: /home/rstole01/Documents/CSE-596/msu_ws/install/slam_toolbox/include/slam_toolbox/slam_toolbox/srv/detail/save_map__builder.hpp
[9.695s] -- Up-to-date: /home/rstole01/Documents/CSE-596/msu_ws/install/slam_toolbox/include/slam_toolbox/slam_toolbox/srv/detail/pause__traits.hpp
[9.695s] -- Up-to-date: /home/rstole01/Documents/CSE-596/msu_ws/install/slam_toolbox/include/slam_toolbox/slam_toolbox/srv/detail/clear__traits.hpp
[9.695s] -- Up-to-date: /home/rstole01/Documents/CSE-596/msu_ws/install/slam_toolbox/include/slam_toolbox/slam_toolbox/srv/detail/deserialize_pose_graph__struct.hpp
[9.695s] -- Up-to-date: /home/rstole01/Documents/CSE-596/msu_ws/install/slam_toolbox/include/slam_toolbox/slam_toolbox/srv/detail/add_submap__struct.hpp
[9.696s] -- Up-to-date: /home/rstole01/Documents/CSE-596/msu_ws/install/slam_toolbox/include/slam_toolbox/slam_toolbox/srv/detail/deserialize_pose_graph__builder.hpp
[9.696s] -- Up-to-date: /home/rstole01/Documents/CSE-596/msu_ws/install/slam_toolbox/include/slam_toolbox/slam_toolbox/srv/detail/clear_queue__builder.hpp
[9.696s] -- Up-to-date: /home/rstole01/Documents/CSE-596/msu_ws/install/slam_toolbox/include/slam_toolbox/slam_toolbox/srv/detail/toggle_interactive__struct.hpp
[9.696s] -- Up-to-date: /home/rstole01/Documents/CSE-596/msu_ws/install/slam_toolbox/include/slam_toolbox/slam_toolbox/srv/detail/toggle_interactive__builder.hpp
[9.696s] -- Up-to-date: /home/rstole01/Documents/CSE-596/msu_ws/install/slam_toolbox/include/slam_toolbox/slam_toolbox/srv/add_submap.hpp
[9.696s] -- Up-to-date: /home/rstole01/Documents/CSE-596/msu_ws/install/slam_toolbox/include/slam_toolbox/slam_toolbox/srv/clear_queue.hpp
[9.696s] -- Up-to-date: /home/rstole01/Documents/CSE-596/msu_ws/install/slam_toolbox/include/slam_toolbox/slam_toolbox/srv/pause.hpp
[9.696s] -- Up-to-date: /home/rstole01/Documents/CSE-596/msu_ws/install/slam_toolbox/include/slam_toolbox/slam_toolbox/srv/serialize_pose_graph.hpp
[9.697s] -- Up-to-date: /home/rstole01/Documents/CSE-596/msu_ws/install/slam_toolbox/include/slam_toolbox/slam_toolbox/srv/toggle_interactive.hpp
[9.697s] -- Up-to-date: /home/rstole01/Documents/CSE-596/msu_ws/install/slam_toolbox/include/slam_toolbox/slam_toolbox/srv/save_map.hpp
[9.697s] -- Up-to-date: /home/rstole01/Documents/CSE-596/msu_ws/install/slam_toolbox/include/slam_toolbox/slam_toolbox/srv/loop_closure.hpp
[9.697s] -- Up-to-date: /home/rstole01/Documents/CSE-596/msu_ws/install/slam_toolbox/include/slam_toolbox/slam_toolbox
[9.697s] -- Up-to-date: /home/rstole01/Documents/CSE-596/msu_ws/install/slam_toolbox/include/slam_toolbox/slam_toolbox/srv
[9.697s] -- Up-to-date: /home/rstole01/Documents/CSE-596/msu_ws/install/slam_toolbox/include/slam_toolbox/slam_toolbox/srv/detail
[9.697s] -- Up-to-date: /home/rstole01/Documents/CSE-596/msu_ws/install/slam_toolbox/include/slam_toolbox/slam_toolbox/srv/detail/add_submap__rosidl_typesupport_fastrtps_cpp.hpp
[9.697s] -- Up-to-date: /home/rstole01/Documents/CSE-596/msu_ws/install/slam_toolbox/include/slam_toolbox/slam_toolbox/srv/detail/serialize_pose_graph__rosidl_typesupport_fastrtps_cpp.hpp
[9.698s] -- Up-to-date: /home/rstole01/Documents/CSE-596/msu_ws/install/slam_toolbox/include/slam_toolbox/slam_toolbox/srv/detail/clear_queue__rosidl_typesupport_fastrtps_cpp.hpp
[9.698s] -- Up-to-date: /home/rstole01/Documents/CSE-596/msu_ws/install/slam_toolbox/include/slam_toolbox/slam_toolbox/srv/detail/loop_closure__rosidl_typesupport_fastrtps_cpp.hpp
[9.698s] -- Up-to-date: /home/rstole01/Documents/CSE-596/msu_ws/install/slam_toolbox/include/slam_toolbox/slam_toolbox/srv/detail/clear__rosidl_typesupport_fastrtps_cpp.hpp
[9.698s] -- Up-to-date: /home/rstole01/Documents/CSE-596/msu_ws/install/slam_toolbox/include/slam_toolbox/slam_toolbox/srv/detail/deserialize_pose_graph__rosidl_typesupport_fastrtps_cpp.hpp
[9.698s] -- Up-to-date: /home/rstole01/Documents/CSE-596/msu_ws/install/slam_toolbox/include/slam_toolbox/slam_toolbox/srv/detail/toggle_interactive__rosidl_typesupport_fastrtps_cpp.hpp
[9.699s] -- Up-to-date: /home/rstole01/Documents/CSE-596/msu_ws/install/slam_toolbox/include/slam_toolbox/slam_toolbox/srv/detail/dds_fastrtps
[9.699s] -- Up-to-date: /home/rstole01/Documents/CSE-596/msu_ws/install/slam_toolbox/include/slam_toolbox/slam_toolbox/srv/detail/save_map__rosidl_typesupport_fastrtps_cpp.hpp
[9.699s] -- Up-to-date: /home/rstole01/Documents/CSE-596/msu_ws/install/slam_toolbox/include/slam_toolbox/slam_toolbox/srv/detail/pause__rosidl_typesupport_fastrtps_cpp.hpp
[9.699s] -- Up-to-date: /home/rstole01/Documents/CSE-596/msu_ws/install/slam_toolbox/include/slam_toolbox/slam_toolbox/srv/detail/merge_maps__rosidl_typesupport_fastrtps_cpp.hpp
[9.699s] -- Up-to-date: /home/rstole01/Documents/CSE-596/msu_ws/install/slam_toolbox/include/slam_toolbox/slam_toolbox/msg
[9.699s] -- Up-to-date: /home/rstole01/Documents/CSE-596/msu_ws/install/slam_toolbox/include/slam_toolbox/slam_toolbox/msg/rosidl_typesupport_fastrtps_cpp__visibility_control.h
[9.699s] -- Up-to-date: /home/rstole01/Documents/CSE-596/msu_ws/install/slam_toolbox/lib/libslam_toolbox__rosidl_typesupport_fastrtps_cpp.so
[9.700s] -- Up-to-date: /home/rstole01/Documents/CSE-596/msu_ws/install/slam_toolbox/include/slam_toolbox/slam_toolbox
[9.700s] -- Up-to-date: /home/rstole01/Documents/CSE-596/msu_ws/install/slam_toolbox/include/slam_toolbox/slam_toolbox/srv
[9.700s] -- Up-to-date: /home/rstole01/Documents/CSE-596/msu_ws/install/slam_toolbox/include/slam_toolbox/slam_toolbox/srv/detail
[9.700s] -- Up-to-date: /home/rstole01/Documents/CSE-596/msu_ws/install/slam_toolbox/include/slam_toolbox/slam_toolbox/srv/detail/merge_maps__type_support.c
[9.700s] -- Up-to-date: /home/rstole01/Documents/CSE-596/msu_ws/install/slam_toolbox/include/slam_toolbox/slam_toolbox/srv/detail/add_submap__type_support.c
[9.700s] -- Up-to-date: /home/rstole01/Documents/CSE-596/msu_ws/install/slam_toolbox/include/slam_toolbox/slam_toolbox/srv/detail/clear__rosidl_typesupport_introspection_c.h
[9.700s] -- Up-to-date: /home/rstole01/Documents/CSE-596/msu_ws/install/slam_toolbox/include/slam_toolbox/slam_toolbox/srv/detail/loop_closure__type_support.c
[9.701s] -- Up-to-date: /home/rstole01/Documents/CSE-596/msu_ws/install/slam_toolbox/include/slam_toolbox/slam_toolbox/srv/detail/toggle_interactive__type_support.c
[9.701s] -- Up-to-date: /home/rstole01/Documents/CSE-596/msu_ws/install/slam_toolbox/include/slam_toolbox/slam_toolbox/srv/detail/pause__rosidl_typesupport_introspection_c.h
[9.701s] -- Up-to-date: /home/rstole01/Documents/CSE-596/msu_ws/install/slam_toolbox/include/slam_toolbox/slam_toolbox/srv/detail/deserialize_pose_graph__type_support.c
[9.701s] -- Up-to-date: /home/rstole01/Documents/CSE-596/msu_ws/install/slam_toolbox/include/slam_toolbox/slam_toolbox/srv/detail/clear_queue__rosidl_typesupport_introspection_c.h
[9.701s] -- Up-to-date: /home/rstole01/Documents/CSE-596/msu_ws/install/slam_toolbox/include/slam_toolbox/slam_toolbox/srv/detail/toggle_interactive__rosidl_typesupport_introspection_c.h
[9.701s] -- Up-to-date: /home/rstole01/Documents/CSE-596/msu_ws/install/slam_toolbox/include/slam_toolbox/slam_toolbox/srv/detail/save_map__type_support.c
[9.701s] -- Up-to-date: /home/rstole01/Documents/CSE-596/msu_ws/install/slam_toolbox/include/slam_toolbox/slam_toolbox/srv/detail/clear__type_support.c
[9.701s] -- Up-to-date: /home/rstole01/Documents/CSE-596/msu_ws/install/slam_toolbox/include/slam_toolbox/slam_toolbox/srv/detail/add_submap__rosidl_typesupport_introspection_c.h
[9.702s] -- Up-to-date: /home/rstole01/Documents/CSE-596/msu_ws/install/slam_toolbox/include/slam_toolbox/slam_toolbox/srv/detail/merge_maps__rosidl_typesupport_introspection_c.h
[9.702s] -- Up-to-date: /home/rstole01/Documents/CSE-596/msu_ws/install/slam_toolbox/include/slam_toolbox/slam_toolbox/srv/detail/pause__type_support.c
[9.702s] -- Up-to-date: /home/rstole01/Documents/CSE-596/msu_ws/install/slam_toolbox/include/slam_toolbox/slam_toolbox/srv/detail/clear_queue__type_support.c
[9.702s] -- Up-to-date: /home/rstole01/Documents/CSE-596/msu_ws/install/slam_toolbox/include/slam_toolbox/slam_toolbox/srv/detail/deserialize_pose_graph__rosidl_typesupport_introspection_c.h
[9.702s] -- Up-to-date: /home/rstole01/Documents/CSE-596/msu_ws/install/slam_toolbox/include/slam_toolbox/slam_toolbox/srv/detail/serialize_pose_graph__rosidl_typesupport_introspection_c.h
[9.702s] -- Up-to-date: /home/rstole01/Documents/CSE-596/msu_ws/install/slam_toolbox/include/slam_toolbox/slam_toolbox/srv/detail/serialize_pose_graph__type_support.c
[9.702s] -- Up-to-date: /home/rstole01/Documents/CSE-596/msu_ws/install/slam_toolbox/include/slam_toolbox/slam_toolbox/srv/detail/loop_closure__rosidl_typesupport_introspection_c.h
[9.703s] -- Up-to-date: /home/rstole01/Documents/CSE-596/msu_ws/install/slam_toolbox/include/slam_toolbox/slam_toolbox/srv/detail/save_map__rosidl_typesupport_introspection_c.h
[9.703s] -- Up-to-date: /home/rstole01/Documents/CSE-596/msu_ws/install/slam_toolbox/include/slam_toolbox/slam_toolbox/msg
[9.703s] -- Up-to-date: /home/rstole01/Documents/CSE-596/msu_ws/install/slam_toolbox/include/slam_toolbox/slam_toolbox/msg/rosidl_typesupport_introspection_c__visibility_control.h
[9.703s] -- Up-to-date: /home/rstole01/Documents/CSE-596/msu_ws/install/slam_toolbox/lib/libslam_toolbox__rosidl_typesupport_introspection_c.so
[9.703s] -- Up-to-date: /home/rstole01/Documents/CSE-596/msu_ws/install/slam_toolbox/lib/libslam_toolbox__rosidl_typesupport_c.so
[9.703s] -- Up-to-date: /home/rstole01/Documents/CSE-596/msu_ws/install/slam_toolbox/include/slam_toolbox/slam_toolbox
[9.703s] -- Up-to-date: /home/rstole01/Documents/CSE-596/msu_ws/install/slam_toolbox/include/slam_toolbox/slam_toolbox/srv
[9.703s] -- Up-to-date: /home/rstole01/Documents/CSE-596/msu_ws/install/slam_toolbox/include/slam_toolbox/slam_toolbox/srv/detail
[9.704s] -- Up-to-date: /home/rstole01/Documents/CSE-596/msu_ws/install/slam_toolbox/include/slam_toolbox/slam_toolbox/srv/detail/toggle_interactive__type_support.cpp
[9.704s] -- Up-to-date: /home/rstole01/Documents/CSE-596/msu_ws/install/slam_toolbox/include/slam_toolbox/slam_toolbox/srv/detail/serialize_pose_graph__type_support.cpp
[9.704s] -- Up-to-date: /home/rstole01/Documents/CSE-596/msu_ws/install/slam_toolbox/include/slam_toolbox/slam_toolbox/srv/detail/add_submap__rosidl_typesupport_introspection_cpp.hpp
[9.704s] -- Up-to-date: /home/rstole01/Documents/CSE-596/msu_ws/install/slam_toolbox/include/slam_toolbox/slam_toolbox/srv/detail/toggle_interactive__rosidl_typesupport_introspection_cpp.hpp
[9.704s] -- Up-to-date: /home/rstole01/Documents/CSE-596/msu_ws/install/slam_toolbox/include/slam_toolbox/slam_toolbox/srv/detail/clear_queue__type_support.cpp
[9.704s] -- Up-to-date: /home/rstole01/Documents/CSE-596/msu_ws/install/slam_toolbox/include/slam_toolbox/slam_toolbox/srv/detail/save_map__rosidl_typesupport_introspection_cpp.hpp
[9.704s] -- Up-to-date: /home/rstole01/Documents/CSE-596/msu_ws/install/slam_toolbox/include/slam_toolbox/slam_toolbox/srv/detail/serialize_pose_graph__rosidl_typesupport_introspection_cpp.hpp
[9.705s] -- Up-to-date: /home/rstole01/Documents/CSE-596/msu_ws/install/slam_toolbox/include/slam_toolbox/slam_toolbox/srv/detail/clear__type_support.cpp
[9.705s] -- Up-to-date: /home/rstole01/Documents/CSE-596/msu_ws/install/slam_toolbox/include/slam_toolbox/slam_toolbox/srv/detail/clear__rosidl_typesupport_introspection_cpp.hpp
[9.705s] -- Up-to-date: /home/rstole01/Documents/CSE-596/msu_ws/install/slam_toolbox/include/slam_toolbox/slam_toolbox/srv/detail/pause__type_support.cpp
[9.705s] -- Up-to-date: /home/rstole01/Documents/CSE-596/msu_ws/install/slam_toolbox/include/slam_toolbox/slam_toolbox/srv/detail/add_submap__type_support.cpp
[9.705s] -- Up-to-date: /home/rstole01/Documents/CSE-596/msu_ws/install/slam_toolbox/include/slam_toolbox/slam_toolbox/srv/detail/deserialize_pose_graph__rosidl_typesupport_introspection_cpp.hpp
[9.705s] -- Up-to-date: /home/rstole01/Documents/CSE-596/msu_ws/install/slam_toolbox/include/slam_toolbox/slam_toolbox/srv/detail/merge_maps__rosidl_typesupport_introspection_cpp.hpp
[9.705s] -- Up-to-date: /home/rstole01/Documents/CSE-596/msu_ws/install/slam_toolbox/include/slam_toolbox/slam_toolbox/srv/detail/pause__rosidl_typesupport_introspection_cpp.hpp
[9.705s] -- Up-to-date: /home/rstole01/Documents/CSE-596/msu_ws/install/slam_toolbox/include/slam_toolbox/slam_toolbox/srv/detail/merge_maps__type_support.cpp
[9.706s] -- Up-to-date: /home/rstole01/Documents/CSE-596/msu_ws/install/slam_toolbox/include/slam_toolbox/slam_toolbox/srv/detail/save_map__type_support.cpp
[9.706s] -- Up-to-date: /home/rstole01/Documents/CSE-596/msu_ws/install/slam_toolbox/include/slam_toolbox/slam_toolbox/srv/detail/deserialize_pose_graph__type_support.cpp
[9.706s] -- Up-to-date: /home/rstole01/Documents/CSE-596/msu_ws/install/slam_toolbox/include/slam_toolbox/slam_toolbox/srv/detail/loop_closure__rosidl_typesupport_introspection_cpp.hpp
[9.706s] -- Up-to-date: /home/rstole01/Documents/CSE-596/msu_ws/install/slam_toolbox/include/slam_toolbox/slam_toolbox/srv/detail/clear_queue__rosidl_typesupport_introspection_cpp.hpp
[9.706s] -- Up-to-date: /home/rstole01/Documents/CSE-596/msu_ws/install/slam_toolbox/include/slam_toolbox/slam_toolbox/srv/detail/loop_closure__type_support.cpp
[9.706s] -- Up-to-date: /home/rstole01/Documents/CSE-596/msu_ws/install/slam_toolbox/lib/libslam_toolbox__rosidl_typesupport_introspection_cpp.so
[9.706s] -- Up-to-date: /home/rstole01/Documents/CSE-596/msu_ws/install/slam_toolbox/lib/libslam_toolbox__rosidl_typesupport_cpp.so
[9.706s] -- Up-to-date: /home/rstole01/Documents/CSE-596/msu_ws/install/slam_toolbox/share/slam_toolbox/environment/pythonpath.sh
[9.707s] -- Up-to-date: /home/rstole01/Documents/CSE-596/msu_ws/install/slam_toolbox/share/slam_toolbox/environment/pythonpath.dsv
[9.707s] -- Up-to-date: /home/rstole01/Documents/CSE-596/msu_ws/install/slam_toolbox/local/lib/python3.10/dist-packages/slam_toolbox-2.7.2-py3.10.egg-info
[9.707s] -- Installing: /home/rstole01/Documents/CSE-596/msu_ws/install/slam_toolbox/local/lib/python3.10/dist-packages/slam_toolbox-2.7.2-py3.10.egg-info/top_level.txt
[9.707s] -- Installing: /home/rstole01/Documents/CSE-596/msu_ws/install/slam_toolbox/local/lib/python3.10/dist-packages/slam_toolbox-2.7.2-py3.10.egg-info/SOURCES.txt
[9.707s] -- Installing: /home/rstole01/Documents/CSE-596/msu_ws/install/slam_toolbox/local/lib/python3.10/dist-packages/slam_toolbox-2.7.2-py3.10.egg-info/PKG-INFO
[9.707s] -- Installing: /home/rstole01/Documents/CSE-596/msu_ws/install/slam_toolbox/local/lib/python3.10/dist-packages/slam_toolbox-2.7.2-py3.10.egg-info/dependency_links.txt
[9.707s] -- Up-to-date: /home/rstole01/Documents/CSE-596/msu_ws/install/slam_toolbox/local/lib/python3.10/dist-packages/slam_toolbox
[9.707s] -- Up-to-date: /home/rstole01/Documents/CSE-596/msu_ws/install/slam_toolbox/local/lib/python3.10/dist-packages/slam_toolbox/libslam_toolbox__rosidl_generator_py.so
[9.708s] -- Up-to-date: /home/rstole01/Documents/CSE-596/msu_ws/install/slam_toolbox/local/lib/python3.10/dist-packages/slam_toolbox/slam_toolbox_s__rosidl_typesupport_introspection_c.cpython-310-x86_64-linux-gnu.so
[9.708s] -- Up-to-date: /home/rstole01/Documents/CSE-596/msu_ws/install/slam_toolbox/local/lib/python3.10/dist-packages/slam_toolbox/_slam_toolbox_s.ep.rosidl_typesupport_fastrtps_c.c
[9.708s] -- Up-to-date: /home/rstole01/Documents/CSE-596/msu_ws/install/slam_toolbox/local/lib/python3.10/dist-packages/slam_toolbox/slam_toolbox_s__rosidl_typesupport_c.cpython-310-x86_64-linux-gnu.so
[9.708s] -- Up-to-date: /home/rstole01/Documents/CSE-596/msu_ws/install/slam_toolbox/local/lib/python3.10/dist-packages/slam_toolbox/srv
[9.708s] -- Up-to-date: /home/rstole01/Documents/CSE-596/msu_ws/install/slam_toolbox/local/lib/python3.10/dist-packages/slam_toolbox/srv/_merge_maps.py
[9.708s] -- Up-to-date: /home/rstole01/Documents/CSE-596/msu_ws/install/slam_toolbox/local/lib/python3.10/dist-packages/slam_toolbox/srv/_add_submap_s.c
[9.708s] -- Up-to-date: /home/rstole01/Documents/CSE-596/msu_ws/install/slam_toolbox/local/lib/python3.10/dist-packages/slam_toolbox/srv/_deserialize_pose_graph.py
[9.708s] -- Up-to-date: /home/rstole01/Documents/CSE-596/msu_ws/install/slam_toolbox/local/lib/python3.10/dist-packages/slam_toolbox/srv/_clear_queue_s.c
[9.709s] -- Up-to-date: /home/rstole01/Documents/CSE-596/msu_ws/install/slam_toolbox/local/lib/python3.10/dist-packages/slam_toolbox/srv/_toggle_interactive_s.c
[9.709s] -- Up-to-date: /home/rstole01/Documents/CSE-596/msu_ws/install/slam_toolbox/local/lib/python3.10/dist-packages/slam_toolbox/srv/_pause.py
[9.709s] -- Up-to-date: /home/rstole01/Documents/CSE-596/msu_ws/install/slam_toolbox/local/lib/python3.10/dist-packages/slam_toolbox/srv/_save_map.py
[9.709s] -- Up-to-date: /home/rstole01/Documents/CSE-596/msu_ws/install/slam_toolbox/local/lib/python3.10/dist-packages/slam_toolbox/srv/_loop_closure.py
[9.709s] -- Up-to-date: /home/rstole01/Documents/CSE-596/msu_ws/install/slam_toolbox/local/lib/python3.10/dist-packages/slam_toolbox/srv/_merge_maps_s.c
[9.710s] -- Up-to-date: /home/rstole01/Documents/CSE-596/msu_ws/install/slam_toolbox/local/lib/python3.10/dist-packages/slam_toolbox/srv/_serialize_pose_graph.py
[9.710s] -- Up-to-date: /home/rstole01/Documents/CSE-596/msu_ws/install/slam_toolbox/local/lib/python3.10/dist-packages/slam_toolbox/srv/_serialize_pose_graph_s.c
[9.710s] -- Up-to-date: /home/rstole01/Documents/CSE-596/msu_ws/install/slam_toolbox/local/lib/python3.10/dist-packages/slam_toolbox/srv/_pause_s.c
[9.710s] -- Up-to-date: /home/rstole01/Documents/CSE-596/msu_ws/install/slam_toolbox/local/lib/python3.10/dist-packages/slam_toolbox/srv/_save_map_s.c
[9.711s] -- Up-to-date: /home/rstole01/Documents/CSE-596/msu_ws/install/slam_toolbox/local/lib/python3.10/dist-packages/slam_toolbox/srv/_clear_queue.py
[9.711s] -- Up-to-date: /home/rstole01/Documents/CSE-596/msu_ws/install/slam_toolbox/local/lib/python3.10/dist-packages/slam_toolbox/srv/__init__.py
[9.711s] -- Up-to-date: /home/rstole01/Documents/CSE-596/msu_ws/install/slam_toolbox/local/lib/python3.10/dist-packages/slam_toolbox/srv/_loop_closure_s.c
[9.711s] -- Up-to-date: /home/rstole01/Documents/CSE-596/msu_ws/install/slam_toolbox/local/lib/python3.10/dist-packages/slam_toolbox/srv/_clear.py
[9.711s] -- Up-to-date: /home/rstole01/Documents/CSE-596/msu_ws/install/slam_toolbox/local/lib/python3.10/dist-packages/slam_toolbox/srv/_toggle_interactive.py
[9.711s] -- Up-to-date: /home/rstole01/Documents/CSE-596/msu_ws/install/slam_toolbox/local/lib/python3.10/dist-packages/slam_toolbox/srv/_add_submap.py
[9.712s] -- Up-to-date: /home/rstole01/Documents/CSE-596/msu_ws/install/slam_toolbox/local/lib/python3.10/dist-packages/slam_toolbox/srv/_deserialize_pose_graph_s.c
[9.712s] -- Up-to-date: /home/rstole01/Documents/CSE-596/msu_ws/install/slam_toolbox/local/lib/python3.10/dist-packages/slam_toolbox/srv/_clear_s.c
[9.712s] -- Up-to-date: /home/rstole01/Documents/CSE-596/msu_ws/install/slam_toolbox/local/lib/python3.10/dist-packages/slam_toolbox/_slam_toolbox_s.ep.rosidl_typesupport_introspection_c.c
[9.712s] -- Up-to-date: /home/rstole01/Documents/CSE-596/msu_ws/install/slam_toolbox/local/lib/python3.10/dist-packages/slam_toolbox/__init__.py
[9.712s] -- Up-to-date: /home/rstole01/Documents/CSE-596/msu_ws/install/slam_toolbox/local/lib/python3.10/dist-packages/slam_toolbox/slam_toolbox_s__rosidl_typesupport_fastrtps_c.cpython-310-x86_64-linux-gnu.so
[9.712s] -- Up-to-date: /home/rstole01/Documents/CSE-596/msu_ws/install/slam_toolbox/local/lib/python3.10/dist-packages/slam_toolbox/_slam_toolbox_s.ep.rosidl_typesupport_c.c
[9.773s] Listing '/home/rstole01/Documents/CSE-596/msu_ws/install/slam_toolbox/local/lib/python3.10/dist-packages/slam_toolbox'...
[9.774s] Listing '/home/rstole01/Documents/CSE-596/msu_ws/install/slam_toolbox/local/lib/python3.10/dist-packages/slam_toolbox/srv'...
[9.784s] -- Up-to-date: /home/rstole01/Documents/CSE-596/msu_ws/install/slam_toolbox/local/lib/python3.10/dist-packages/slam_toolbox/slam_toolbox_s__rosidl_typesupport_fastrtps_c.cpython-310-x86_64-linux-gnu.so
[9.785s] -- Up-to-date: /home/rstole01/Documents/CSE-596/msu_ws/install/slam_toolbox/local/lib/python3.10/dist-packages/slam_toolbox/slam_toolbox_s__rosidl_typesupport_introspection_c.cpython-310-x86_64-linux-gnu.so
[9.786s] -- Up-to-date: /home/rstole01/Documents/CSE-596/msu_ws/install/slam_toolbox/local/lib/python3.10/dist-packages/slam_toolbox/slam_toolbox_s__rosidl_typesupport_c.cpython-310-x86_64-linux-gnu.so
[9.787s] -- Up-to-date: /home/rstole01/Documents/CSE-596/msu_ws/install/slam_toolbox/lib/libslam_toolbox__rosidl_generator_py.so
[9.788s] -- Up-to-date: /home/rstole01/Documents/CSE-596/msu_ws/install/slam_toolbox/share/slam_toolbox/srv/Pause.idl
[9.788s] -- Up-to-date: /home/rstole01/Documents/CSE-596/msu_ws/install/slam_toolbox/share/slam_toolbox/srv/ClearQueue.idl
[9.788s] -- Up-to-date: /home/rstole01/Documents/CSE-596/msu_ws/install/slam_toolbox/share/slam_toolbox/srv/ToggleInteractive.idl
[9.788s] -- Up-to-date: /home/rstole01/Documents/CSE-596/msu_ws/install/slam_toolbox/share/slam_toolbox/srv/Clear.idl
[9.789s] -- Up-to-date: /home/rstole01/Documents/CSE-596/msu_ws/install/slam_toolbox/share/slam_toolbox/srv/SaveMap.idl
[9.789s] -- Up-to-date: /home/rstole01/Documents/CSE-596/msu_ws/install/slam_toolbox/share/slam_toolbox/srv/LoopClosure.idl
[9.789s] -- Up-to-date: /home/rstole01/Documents/CSE-596/msu_ws/install/slam_toolbox/share/slam_toolbox/srv/MergeMaps.idl
[9.789s] -- Up-to-date: /home/rstole01/Documents/CSE-596/msu_ws/install/slam_toolbox/share/slam_toolbox/srv/AddSubmap.idl
[9.789s] -- Up-to-date: /home/rstole01/Documents/CSE-596/msu_ws/install/slam_toolbox/share/slam_toolbox/srv/DeserializePoseGraph.idl
[9.789s] -- Up-to-date: /home/rstole01/Documents/CSE-596/msu_ws/install/slam_toolbox/share/slam_toolbox/srv/SerializePoseGraph.idl
[9.790s] -- Up-to-date: /home/rstole01/Documents/CSE-596/msu_ws/install/slam_toolbox/share/slam_toolbox/srvs/Pause.srv
[9.790s] -- Up-to-date: /home/rstole01/Documents/CSE-596/msu_ws/install/slam_toolbox/share/slam_toolbox/srvs/Pause_Request.msg
[9.790s] -- Up-to-date: /home/rstole01/Documents/CSE-596/msu_ws/install/slam_toolbox/share/slam_toolbox/srvs/Pause_Response.msg
[9.790s] -- Up-to-date: /home/rstole01/Documents/CSE-596/msu_ws/install/slam_toolbox/share/slam_toolbox/srvs/ClearQueue.srv
[9.790s] -- Up-to-date: /home/rstole01/Documents/CSE-596/msu_ws/install/slam_toolbox/share/slam_toolbox/srvs/ClearQueue_Request.msg
[9.791s] -- Up-to-date: /home/rstole01/Documents/CSE-596/msu_ws/install/slam_toolbox/share/slam_toolbox/srvs/ClearQueue_Response.msg
[9.791s] -- Up-to-date: /home/rstole01/Documents/CSE-596/msu_ws/install/slam_toolbox/share/slam_toolbox/srvs/ToggleInteractive.srv
[9.791s] -- Up-to-date: /home/rstole01/Documents/CSE-596/msu_ws/install/slam_toolbox/share/slam_toolbox/srvs/ToggleInteractive_Request.msg
[9.792s] -- Up-to-date: /home/rstole01/Documents/CSE-596/msu_ws/install/slam_toolbox/share/slam_toolbox/srvs/ToggleInteractive_Response.msg
[9.792s] -- Up-to-date: /home/rstole01/Documents/CSE-596/msu_ws/install/slam_toolbox/share/slam_toolbox/srvs/Clear.srv
[9.792s] -- Up-to-date: /home/rstole01/Documents/CSE-596/msu_ws/install/slam_toolbox/share/slam_toolbox/srvs/Clear_Request.msg
[9.793s] -- Up-to-date: /home/rstole01/Documents/CSE-596/msu_ws/install/slam_toolbox/share/slam_toolbox/srvs/Clear_Response.msg
[9.793s] -- Up-to-date: /home/rstole01/Documents/CSE-596/msu_ws/install/slam_toolbox/share/slam_toolbox/srvs/SaveMap.srv
[9.793s] -- Up-to-date: /home/rstole01/Documents/CSE-596/msu_ws/install/slam_toolbox/share/slam_toolbox/srvs/SaveMap_Request.msg
[9.794s] -- Up-to-date: /home/rstole01/Documents/CSE-596/msu_ws/install/slam_toolbox/share/slam_toolbox/srvs/SaveMap_Response.msg
[9.794s] -- Up-to-date: /home/rstole01/Documents/CSE-596/msu_ws/install/slam_toolbox/share/slam_toolbox/srvs/LoopClosure.srv
[9.794s] -- Up-to-date: /home/rstole01/Documents/CSE-596/msu_ws/install/slam_toolbox/share/slam_toolbox/srvs/LoopClosure_Request.msg
[9.795s] -- Up-to-date: /home/rstole01/Documents/CSE-596/msu_ws/install/slam_toolbox/share/slam_toolbox/srvs/LoopClosure_Response.msg
[9.795s] -- Up-to-date: /home/rstole01/Documents/CSE-596/msu_ws/install/slam_toolbox/share/slam_toolbox/srvs/MergeMaps.srv
[9.795s] -- Up-to-date: /home/rstole01/Documents/CSE-596/msu_ws/install/slam_toolbox/share/slam_toolbox/srvs/MergeMaps_Request.msg
[9.796s] -- Up-to-date: /home/rstole01/Documents/CSE-596/msu_ws/install/slam_toolbox/share/slam_toolbox/srvs/MergeMaps_Response.msg
[9.796s] -- Up-to-date: /home/rstole01/Documents/CSE-596/msu_ws/install/slam_toolbox/share/slam_toolbox/srvs/AddSubmap.srv
[9.796s] -- Up-to-date: /home/rstole01/Documents/CSE-596/msu_ws/install/slam_toolbox/share/slam_toolbox/srvs/AddSubmap_Request.msg
[9.796s] -- Up-to-date: /home/rstole01/Documents/CSE-596/msu_ws/install/slam_toolbox/share/slam_toolbox/srvs/AddSubmap_Response.msg
[9.797s] -- Up-to-date: /home/rstole01/Documents/CSE-596/msu_ws/install/slam_toolbox/share/slam_toolbox/srvs/DeserializePoseGraph.srv
[9.797s] -- Up-to-date: /home/rstole01/Documents/CSE-596/msu_ws/install/slam_toolbox/share/slam_toolbox/srvs/DeserializePoseGraph_Request.msg
[9.797s] -- Up-to-date: /home/rstole01/Documents/CSE-596/msu_ws/install/slam_toolbox/share/slam_toolbox/srvs/DeserializePoseGraph_Response.msg
[9.797s] -- Up-to-date: /home/rstole01/Documents/CSE-596/msu_ws/install/slam_toolbox/share/slam_toolbox/srvs/SerializePoseGraph.srv
[9.798s] -- Up-to-date: /home/rstole01/Documents/CSE-596/msu_ws/install/slam_toolbox/share/slam_toolbox/srvs/SerializePoseGraph_Request.msg
[9.798s] -- Up-to-date: /home/rstole01/Documents/CSE-596/msu_ws/install/slam_toolbox/share/slam_toolbox/srvs/SerializePoseGraph_Response.msg
[9.798s] -- Up-to-date: /home/rstole01/Documents/CSE-596/msu_ws/install/slam_toolbox/share/slam_toolbox/rviz_plugins.xml
[9.798s] -- Up-to-date: /home/rstole01/Documents/CSE-596/msu_ws/install/slam_toolbox/share/slam_toolbox/solver_plugins.xml
[9.799s] -- Up-to-date: /home/rstole01/Documents/CSE-596/msu_ws/install/slam_toolbox/lib/slam_toolbox/async_slam_toolbox_node
[9.799s] -- Up-to-date: /home/rstole01/Documents/CSE-596/msu_ws/install/slam_toolbox/lib/slam_toolbox/sync_slam_toolbox_node
[9.799s] -- Up-to-date: /home/rstole01/Documents/CSE-596/msu_ws/install/slam_toolbox/lib/slam_toolbox/localization_slam_toolbox_node
[9.799s] -- Up-to-date: /home/rstole01/Documents/CSE-596/msu_ws/install/slam_toolbox/lib/slam_toolbox/map_and_localization_slam_toolbox_node
[9.800s] -- Up-to-date: /home/rstole01/Documents/CSE-596/msu_ws/install/slam_toolbox/lib/slam_toolbox/merge_maps_kinematic
[9.800s] -- Up-to-date: /home/rstole01/Documents/CSE-596/msu_ws/install/slam_toolbox/lib/slam_toolbox/lifelong_slam_toolbox_node
[9.801s] -- Up-to-date: /home/rstole01/Documents/CSE-596/msu_ws/install/slam_toolbox/lib/libtoolbox_common.so
[9.803s] -- Up-to-date: /home/rstole01/Documents/CSE-596/msu_ws/install/slam_toolbox/lib/libSlamToolboxPlugin.so
[9.804s] -- Up-to-date: /home/rstole01/Documents/CSE-596/msu_ws/install/slam_toolbox/lib/libceres_solver_plugin.so
[9.804s] -- Up-to-date: /home/rstole01/Documents/CSE-596/msu_ws/install/slam_toolbox/lib/libasync_slam_toolbox.so
[9.805s] -- Up-to-date: /home/rstole01/Documents/CSE-596/msu_ws/install/slam_toolbox/lib/libsync_slam_toolbox.so
[9.806s] -- Up-to-date: /home/rstole01/Documents/CSE-596/msu_ws/install/slam_toolbox/lib/liblocalization_slam_toolbox.so
[9.807s] -- Up-to-date: /home/rstole01/Documents/CSE-596/msu_ws/install/slam_toolbox/lib/liblifelong_slam_toolbox.so
[9.808s] -- Up-to-date: /home/rstole01/Documents/CSE-596/msu_ws/install/slam_toolbox/lib/libmap_and_localization_slam_toolbox.so
[9.809s] -- Up-to-date: /home/rstole01/Documents/CSE-596/msu_ws/install/slam_toolbox/lib/libkartoSlamToolbox.so
[9.809s] -- Up-to-date: /home/rstole01/Documents/CSE-596/msu_ws/install/slam_toolbox/lib/libSlamToolboxPlugin.so
[9.810s] -- Up-to-date: /home/rstole01/Documents/CSE-596/msu_ws/install/slam_toolbox/include
[9.811s] -- Up-to-date: /home/rstole01/Documents/CSE-596/msu_ws/install/slam_toolbox/include/slam_toolbox
[9.811s] -- Up-to-date: /home/rstole01/Documents/CSE-596/msu_ws/install/slam_toolbox/include/slam_toolbox/map_saver.hpp
[9.812s] -- Up-to-date: /home/rstole01/Documents/CSE-596/msu_ws/install/slam_toolbox/include/slam_toolbox/loop_closure_assistant.hpp
[9.812s] -- Up-to-date: /home/rstole01/Documents/CSE-596/msu_ws/install/slam_toolbox/include/slam_toolbox/slam_toolbox_localization.hpp
[9.812s] -- Up-to-date: /home/rstole01/Documents/CSE-596/msu_ws/install/slam_toolbox/include/slam_toolbox/serialization.hpp
[9.812s] -- Up-to-date: /home/rstole01/Documents/CSE-596/msu_ws/install/slam_toolbox/include/slam_toolbox/experimental
[9.813s] -- Up-to-date: /home/rstole01/Documents/CSE-596/msu_ws/install/slam_toolbox/include/slam_toolbox/experimental/slam_toolbox_map_and_localization.hpp
[9.813s] -- Up-to-date: /home/rstole01/Documents/CSE-596/msu_ws/install/slam_toolbox/include/slam_toolbox/experimental/slam_toolbox_lifelong.hpp
[9.813s] -- Up-to-date: /home/rstole01/Documents/CSE-596/msu_ws/install/slam_toolbox/include/slam_toolbox/slam_mapper.hpp
[9.813s] -- Up-to-date: /home/rstole01/Documents/CSE-596/msu_ws/install/slam_toolbox/include/slam_toolbox/visualization_utils.hpp
[9.814s] -- Up-to-date: /home/rstole01/Documents/CSE-596/msu_ws/install/slam_toolbox/include/slam_toolbox/slam_toolbox_async.hpp
[9.814s] -- Up-to-date: /home/rstole01/Documents/CSE-596/msu_ws/install/slam_toolbox/include/slam_toolbox/slam_toolbox_sync.hpp
[9.815s] -- Up-to-date: /home/rstole01/Documents/CSE-596/msu_ws/install/slam_toolbox/include/slam_toolbox/get_pose_helper.hpp
[9.815s] -- Up-to-date: /home/rstole01/Documents/CSE-596/msu_ws/install/slam_toolbox/include/slam_toolbox/toolbox_types.hpp
[9.815s] -- Up-to-date: /home/rstole01/Documents/CSE-596/msu_ws/install/slam_toolbox/include/slam_toolbox/toolbox_msgs.hpp
[9.816s] -- Up-to-date: /home/rstole01/Documents/CSE-596/msu_ws/install/slam_toolbox/include/slam_toolbox/slam_toolbox_common.hpp
[9.816s] -- Up-to-date: /home/rstole01/Documents/CSE-596/msu_ws/install/slam_toolbox/include/slam_toolbox/laser_utils.hpp
[9.816s] -- Up-to-date: /home/rstole01/Documents/CSE-596/msu_ws/install/slam_toolbox/include/slam_toolbox/merge_maps_kinematic.hpp
[9.816s] -- Up-to-date: /home/rstole01/Documents/CSE-596/msu_ws/install/slam_toolbox/include/slam_toolbox/snap_utils.hpp
[9.817s] -- Up-to-date: /home/rstole01/Documents/CSE-596/msu_ws/install/slam_toolbox/share/slam_toolbox/launch
[9.817s] -- Up-to-date: /home/rstole01/Documents/CSE-596/msu_ws/install/slam_toolbox/share/slam_toolbox/launch/online_sync_launch.py
[9.818s] -- Up-to-date: /home/rstole01/Documents/CSE-596/msu_ws/install/slam_toolbox/share/slam_toolbox/launch/reset_and_slam_launch.py
[9.818s] -- Up-to-date: /home/rstole01/Documents/CSE-596/msu_ws/install/slam_toolbox/share/slam_toolbox/launch/online_async_launch.py
[9.818s] -- Up-to-date: /home/rstole01/Documents/CSE-596/msu_ws/install/slam_toolbox/share/slam_toolbox/launch/offline_launch.py
[9.818s] -- Up-to-date: /home/rstole01/Documents/CSE-596/msu_ws/install/slam_toolbox/share/slam_toolbox/launch/localization_launch.py
[9.819s] -- Up-to-date: /home/rstole01/Documents/CSE-596/msu_ws/install/slam_toolbox/share/slam_toolbox/launch/merge_maps_kinematic_launch.py
[9.819s] -- Up-to-date: /home/rstole01/Documents/CSE-596/msu_ws/install/slam_toolbox/share/slam_toolbox/launch/lifelong_launch.py
[9.819s] -- Up-to-date: /home/rstole01/Documents/CSE-596/msu_ws/install/slam_toolbox/share/slam_toolbox/config
[9.819s] -- Up-to-date: /home/rstole01/Documents/CSE-596/msu_ws/install/slam_toolbox/share/slam_toolbox/config/mapper_params_online_async.yaml
[9.819s] -- Up-to-date: /home/rstole01/Documents/CSE-596/msu_ws/install/slam_toolbox/share/slam_toolbox/config/mapper_params_online_sync.yaml
[9.819s] -- Up-to-date: /home/rstole01/Documents/CSE-596/msu_ws/install/slam_toolbox/share/slam_toolbox/config/mapper_params_lifelong.yaml
[9.820s] -- Up-to-date: /home/rstole01/Documents/CSE-596/msu_ws/install/slam_toolbox/share/slam_toolbox/config/mapper_params_offline.yaml
[9.820s] -- Up-to-date: /home/rstole01/Documents/CSE-596/msu_ws/install/slam_toolbox/share/slam_toolbox/config/slam_toolbox_default.rviz
[9.820s] -- Up-to-date: /home/rstole01/Documents/CSE-596/msu_ws/install/slam_toolbox/share/slam_toolbox/config/mapper_params_localization.yaml
[9.820s] -- Up-to-date: /home/rstole01/Documents/CSE-596/msu_ws/install/slam_toolbox/share/solver_plugins.xml
[9.820s] -- Up-to-date: /home/rstole01/Documents/CSE-596/msu_ws/install/slam_toolbox/share/rviz_plugins.xml
[9.820s] -- Up-to-date: /home/rstole01/Documents/CSE-596/msu_ws/install/slam_toolbox/share/ament_index/resource_index/package_run_dependencies/slam_toolbox
[9.821s] -- Up-to-date: /home/rstole01/Documents/CSE-596/msu_ws/install/slam_toolbox/share/ament_index/resource_index/parent_prefix_path/slam_toolbox
[9.821s] -- Up-to-date: /home/rstole01/Documents/CSE-596/msu_ws/install/slam_toolbox/share/slam_toolbox/environment/ament_prefix_path.sh
[9.821s] -- Up-to-date: /home/rstole01/Documents/CSE-596/msu_ws/install/slam_toolbox/share/slam_toolbox/environment/ament_prefix_path.dsv
[9.821s] -- Up-to-date: /home/rstole01/Documents/CSE-596/msu_ws/install/slam_toolbox/share/slam_toolbox/environment/path.sh
[9.821s] -- Up-to-date: /home/rstole01/Documents/CSE-596/msu_ws/install/slam_toolbox/share/slam_toolbox/environment/path.dsv
[9.821s] -- Up-to-date: /home/rstole01/Documents/CSE-596/msu_ws/install/slam_toolbox/share/slam_toolbox/local_setup.bash
[9.822s] -- Up-to-date: /home/rstole01/Documents/CSE-596/msu_ws/install/slam_toolbox/share/slam_toolbox/local_setup.sh
[9.822s] -- Up-to-date: /home/rstole01/Documents/CSE-596/msu_ws/install/slam_toolbox/share/slam_toolbox/local_setup.zsh
[9.822s] -- Up-to-date: /home/rstole01/Documents/CSE-596/msu_ws/install/slam_toolbox/share/slam_toolbox/local_setup.dsv
[9.822s] -- Installing: /home/rstole01/Documents/CSE-596/msu_ws/install/slam_toolbox/share/slam_toolbox/package.dsv
[9.822s] -- Up-to-date: /home/rstole01/Documents/CSE-596/msu_ws/install/slam_toolbox/share/ament_index/resource_index/packages/slam_toolbox
[9.822s] -- Up-to-date: /home/rstole01/Documents/CSE-596/msu_ws/install/slam_toolbox/share/ament_index/resource_index/rviz_common__pluginlib__plugin/slam_toolbox
[9.822s] -- Up-to-date: /home/rstole01/Documents/CSE-596/msu_ws/install/slam_toolbox/share/ament_index/resource_index/slam_toolbox__pluginlib__plugin/slam_toolbox
[9.823s] -- Up-to-date: /home/rstole01/Documents/CSE-596/msu_ws/install/slam_toolbox/share/slam_toolbox/cmake/export_slam_toolbox__rosidl_generator_cExport.cmake
[9.823s] -- Up-to-date: /home/rstole01/Documents/CSE-596/msu_ws/install/slam_toolbox/share/slam_toolbox/cmake/export_slam_toolbox__rosidl_generator_cExport-release.cmake
[9.823s] -- Up-to-date: /home/rstole01/Documents/CSE-596/msu_ws/install/slam_toolbox/share/slam_toolbox/cmake/export_slam_toolbox__rosidl_typesupport_fastrtps_cExport.cmake
[9.823s] -- Up-to-date: /home/rstole01/Documents/CSE-596/msu_ws/install/slam_toolbox/share/slam_toolbox/cmake/export_slam_toolbox__rosidl_typesupport_fastrtps_cExport-release.cmake
[9.823s] -- Up-to-date: /home/rstole01/Documents/CSE-596/msu_ws/install/slam_toolbox/share/slam_toolbox/cmake/export_slam_toolbox__rosidl_generator_cppExport.cmake
[9.824s] -- Up-to-date: /home/rstole01/Documents/CSE-596/msu_ws/install/slam_toolbox/share/slam_toolbox/cmake/export_slam_toolbox__rosidl_typesupport_fastrtps_cppExport.cmake
[9.824s] -- Up-to-date: /home/rstole01/Documents/CSE-596/msu_ws/install/slam_toolbox/share/slam_toolbox/cmake/export_slam_toolbox__rosidl_typesupport_fastrtps_cppExport-release.cmake
[9.824s] -- Up-to-date: /home/rstole01/Documents/CSE-596/msu_ws/install/slam_toolbox/share/slam_toolbox/cmake/slam_toolbox__rosidl_typesupport_introspection_cExport.cmake
[9.824s] -- Up-to-date: /home/rstole01/Documents/CSE-596/msu_ws/install/slam_toolbox/share/slam_toolbox/cmake/slam_toolbox__rosidl_typesupport_introspection_cExport-release.cmake
[9.824s] -- Up-to-date: /home/rstole01/Documents/CSE-596/msu_ws/install/slam_toolbox/share/slam_toolbox/cmake/slam_toolbox__rosidl_typesupport_cExport.cmake
[9.824s] -- Up-to-date: /home/rstole01/Documents/CSE-596/msu_ws/install/slam_toolbox/share/slam_toolbox/cmake/slam_toolbox__rosidl_typesupport_cExport-release.cmake
[9.824s] -- Up-to-date: /home/rstole01/Documents/CSE-596/msu_ws/install/slam_toolbox/share/slam_toolbox/cmake/slam_toolbox__rosidl_typesupport_introspection_cppExport.cmake
[9.824s] -- Up-to-date: /home/rstole01/Documents/CSE-596/msu_ws/install/slam_toolbox/share/slam_toolbox/cmake/slam_toolbox__rosidl_typesupport_introspection_cppExport-release.cmake
[9.825s] -- Up-to-date: /home/rstole01/Documents/CSE-596/msu_ws/install/slam_toolbox/share/slam_toolbox/cmake/slam_toolbox__rosidl_typesupport_cppExport.cmake
[9.825s] -- Up-to-date: /home/rstole01/Documents/CSE-596/msu_ws/install/slam_toolbox/share/slam_toolbox/cmake/slam_toolbox__rosidl_typesupport_cppExport-release.cmake
[9.825s] -- Up-to-date: /home/rstole01/Documents/CSE-596/msu_ws/install/slam_toolbox/share/slam_toolbox/cmake/export_slam_toolbox__rosidl_generator_pyExport.cmake
[9.825s] -- Up-to-date: /home/rstole01/Documents/CSE-596/msu_ws/install/slam_toolbox/share/slam_toolbox/cmake/export_slam_toolbox__rosidl_generator_pyExport-release.cmake
[9.825s] -- Up-to-date: /home/rstole01/Documents/CSE-596/msu_ws/install/slam_toolbox/share/slam_toolbox/cmake/SlamToolboxPluginExport.cmake
[9.825s] -- Up-to-date: /home/rstole01/Documents/CSE-596/msu_ws/install/slam_toolbox/share/slam_toolbox/cmake/SlamToolboxPluginExport-release.cmake
[9.825s] -- Up-to-date: /home/rstole01/Documents/CSE-596/msu_ws/install/slam_toolbox/share/slam_toolbox/cmake/rosidl_cmake-extras.cmake
[9.825s] -- Up-to-date: /home/rstole01/Documents/CSE-596/msu_ws/install/slam_toolbox/share/slam_toolbox/cmake/ament_cmake_export_dependencies-extras.cmake
[9.825s] -- Up-to-date: /home/rstole01/Documents/CSE-596/msu_ws/install/slam_toolbox/share/slam_toolbox/cmake/ament_cmake_export_include_directories-extras.cmake
[9.826s] -- Up-to-date: /home/rstole01/Documents/CSE-596/msu_ws/install/slam_toolbox/share/slam_toolbox/cmake/ament_cmake_export_libraries-extras.cmake
[9.826s] -- Up-to-date: /home/rstole01/Documents/CSE-596/msu_ws/install/slam_toolbox/share/slam_toolbox/cmake/ament_cmake_export_targets-extras.cmake
[9.826s] -- Up-to-date: /home/rstole01/Documents/CSE-596/msu_ws/install/slam_toolbox/share/slam_toolbox/cmake/rosidl_cmake_export_typesupport_targets-extras.cmake
[9.826s] -- Up-to-date: /home/rstole01/Documents/CSE-596/msu_ws/install/slam_toolbox/share/slam_toolbox/cmake/rosidl_cmake_export_typesupport_libraries-extras.cmake
[9.826s] -- Up-to-date: /home/rstole01/Documents/CSE-596/msu_ws/install/slam_toolbox/share/slam_toolbox/cmake/slam_toolboxConfig.cmake
[9.826s] -- Up-to-date: /home/rstole01/Documents/CSE-596/msu_ws/install/slam_toolbox/share/slam_toolbox/cmake/slam_toolboxConfig-version.cmake
[9.827s] -- Up-to-date: /home/rstole01/Documents/CSE-596/msu_ws/install/slam_toolbox/share/slam_toolbox/package.xml
[9.827s] -- Up-to-date: /home/rstole01/Documents/CSE-596/msu_ws/install/slam_toolbox/include/
[9.827s] -- Up-to-date: /home/rstole01/Documents/CSE-596/msu_ws/install/slam_toolbox/include//karto_sdk
[9.827s] -- Up-to-date: /home/rstole01/Documents/CSE-596/msu_ws/install/slam_toolbox/include//karto_sdk/nanoflann_adaptors.h
[9.827s] -- Up-to-date: /home/rstole01/Documents/CSE-596/msu_ws/install/slam_toolbox/include//karto_sdk/nanoflann.hpp
[9.827s] -- Up-to-date: /home/rstole01/Documents/CSE-596/msu_ws/install/slam_toolbox/include//karto_sdk/Macros.h
[9.827s] -- Up-to-date: /home/rstole01/Documents/CSE-596/msu_ws/install/slam_toolbox/include//karto_sdk/Types.h
[9.828s] -- Up-to-date: /home/rstole01/Documents/CSE-596/msu_ws/install/slam_toolbox/include//karto_sdk/Mapper.h
[9.828s] -- Up-to-date: /home/rstole01/Documents/CSE-596/msu_ws/install/slam_toolbox/include//karto_sdk/Math.h
[9.828s] -- Up-to-date: /home/rstole01/Documents/CSE-596/msu_ws/install/slam_toolbox/include//karto_sdk/Karto.h
[12.378s] Invoked command in '/home/rstole01/Documents/CSE-596/msu_ws/build/slam_toolbox' returned '0': CMAKE_PREFIX_PATH=${CMAKE_PREFIX_PATH}:/home/rstole01/Documents/CSE-596/msu_ws/install/waypoint_writer:/home/rstole01/Documents/CSE-596/msu_ws/install/waypoint_follow:/home/rstole01/Documents/CSE-596/msu_ws/install/wall_follower_pid:/home/rstole01/Documents/CSE-596/msu_ws/install/qlearn:/home/rstole01/Documents/CSE-596/msu_ws/install/py_pubsub:/home/rstole01/Documents/CSE-596/msu_ws/install/plexer360:/home/rstole01/Documents/CSE-596/msu_ws/install/painter:/home/rstole01/Documents/CSE-596/msu_ws/install/f1tenth_gym_ros:/opt/ros/humble /usr/bin/cmake --install /home/rstole01/Documents/CSE-596/msu_ws/build/slam_toolbox
