[0.139s] Invoking command in '/home/rstole01/Documents/CSE-596/humble_ws/build/scan_pubsub': AMENT_PREFIX_PATH=/home/rstole01/Documents/CSE-596/humble_ws/install/tutorial_interfaces:${AMENT_PREFIX_PATH} CMAKE_PREFIX_PATH=/home/rstole01/Documents/CSE-596/humble_ws/install/tutorial_interfaces:/opt/ros/humble LD_LIBRARY_PATH=/home/rstole01/Documents/CSE-596/humble_ws/install/tutorial_interfaces/lib:${LD_LIBRARY_PATH} PYTHONPATH=/home/rstole01/Documents/CSE-596/humble_ws/install/tutorial_interfaces/local/lib/python3.10/dist-packages:${PYTHONPATH} /usr/bin/cmake /home/rstole01/Documents/CSE-596/humble_ws/src/scan_pubsub -DCMAKE_INSTALL_PREFIX=/home/rstole01/Documents/CSE-596/humble_ws/install/scan_pubsub
[0.257s] -- The C compiler identification is GNU 11.4.0
[0.413s] -- The CXX compiler identification is GNU 11.4.0
[0.429s] -- Detecting C compiler ABI info
[0.618s] -- Detecting C compiler ABI info - done
[0.640s] -- Check for working C compiler: /usr/bin/cc - skipped
[0.641s] -- Detecting C compile features
[0.642s] -- Detecting C compile features - done
[0.651s] -- Detecting CXX compiler ABI info
[0.837s] -- Detecting CXX compiler ABI info - done
[0.855s] -- Check for working CXX compiler: /usr/bin/c++ - skipped
[0.856s] -- Detecting CXX compile features
[0.857s] -- Detecting CXX compile features - done
[0.862s] -- Found ament_cmake: 1.3.6 (/opt/ros/humble/share/ament_cmake/cmake)
[1.246s] -- Found Python3: /usr/bin/python3.10 (found version "3.10.12") found components: Interpreter 
[1.425s] -- Found rclcpp: 16.0.7 (/opt/ros/humble/share/rclcpp/cmake)
[1.515s] -- Found rosidl_generator_c: 3.1.5 (/opt/ros/humble/share/rosidl_generator_c/cmake)
[1.525s] -- Found rosidl_adapter: 3.1.5 (/opt/ros/humble/share/rosidl_adapter/cmake)
[1.550s] -- Found rosidl_generator_cpp: 3.1.5 (/opt/ros/humble/share/rosidl_generator_cpp/cmake)
[1.601s] -- Using all available rosidl_typesupport_c: rosidl_typesupport_fastrtps_c;rosidl_typesupport_introspection_c
[1.666s] -- Using all available rosidl_typesupport_cpp: rosidl_typesupport_fastrtps_cpp;rosidl_typesupport_introspection_cpp
[1.836s] -- Found rmw_implementation_cmake: 6.1.1 (/opt/ros/humble/share/rmw_implementation_cmake/cmake)
[1.841s] -- Found rmw_fastrtps_cpp: 6.2.5 (/opt/ros/humble/share/rmw_fastrtps_cpp/cmake)
[2.047s] -- Found OpenSSL: /usr/lib/x86_64-linux-gnu/libcrypto.so (found version "3.0.2")  
[2.112s] -- Found FastRTPS: /opt/ros/humble/include  
[2.209s] -- Using RMW implementation 'rmw_fastrtps_cpp' as default
[2.228s] -- Looking for pthread.h
[2.376s] -- Looking for pthread.h - found
[2.377s] -- Performing Test CMAKE_HAVE_LIBC_PTHREAD
[2.573s] -- Performing Test CMAKE_HAVE_LIBC_PTHREAD - Success
[2.577s] -- Found Threads: TRUE  
[3.074s] -- Found sensor_msgs: 4.2.3 (/opt/ros/humble/share/sensor_msgs/cmake)
[3.483s] -- Found tutorial_interfaces: 0.0.0 (/home/rstole01/Documents/CSE-596/humble_ws/install/tutorial_interfaces/share/tutorial_interfaces/cmake)
[3.832s] -- Configuring done
[3.864s] -- Generating done
[3.869s] -- Build files have been written to: /home/rstole01/Documents/CSE-596/humble_ws/build/scan_pubsub
[3.897s] Invoked command in '/home/rstole01/Documents/CSE-596/humble_ws/build/scan_pubsub' returned '0': AMENT_PREFIX_PATH=/home/rstole01/Documents/CSE-596/humble_ws/install/tutorial_interfaces:${AMENT_PREFIX_PATH} CMAKE_PREFIX_PATH=/home/rstole01/Documents/CSE-596/humble_ws/install/tutorial_interfaces:/opt/ros/humble LD_LIBRARY_PATH=/home/rstole01/Documents/CSE-596/humble_ws/install/tutorial_interfaces/lib:${LD_LIBRARY_PATH} PYTHONPATH=/home/rstole01/Documents/CSE-596/humble_ws/install/tutorial_interfaces/local/lib/python3.10/dist-packages:${PYTHONPATH} /usr/bin/cmake /home/rstole01/Documents/CSE-596/humble_ws/src/scan_pubsub -DCMAKE_INSTALL_PREFIX=/home/rstole01/Documents/CSE-596/humble_ws/install/scan_pubsub
[3.902s] Invoking command in '/home/rstole01/Documents/CSE-596/humble_ws/build/scan_pubsub': AMENT_PREFIX_PATH=/home/rstole01/Documents/CSE-596/humble_ws/install/tutorial_interfaces:${AMENT_PREFIX_PATH} CMAKE_PREFIX_PATH=/home/rstole01/Documents/CSE-596/humble_ws/install/tutorial_interfaces:/opt/ros/humble LD_LIBRARY_PATH=/home/rstole01/Documents/CSE-596/humble_ws/install/tutorial_interfaces/lib:${LD_LIBRARY_PATH} PYTHONPATH=/home/rstole01/Documents/CSE-596/humble_ws/install/tutorial_interfaces/local/lib/python3.10/dist-packages:${PYTHONPATH} /usr/bin/cmake --build /home/rstole01/Documents/CSE-596/humble_ws/build/scan_pubsub -- -j8 -l8
[4.028s] [ 50%] [32mBuilding CXX object CMakeFiles/pubsub.dir/src/scan_pubsub.cpp.o[0m
[23.003s] [100%] [32m[1mLinking CXX executable pubsub[0m
[23.837s] [100%] Built target pubsub
[23.986s] Invoked command in '/home/rstole01/Documents/CSE-596/humble_ws/build/scan_pubsub' returned '0': AMENT_PREFIX_PATH=/home/rstole01/Documents/CSE-596/humble_ws/install/tutorial_interfaces:${AMENT_PREFIX_PATH} CMAKE_PREFIX_PATH=/home/rstole01/Documents/CSE-596/humble_ws/install/tutorial_interfaces:/opt/ros/humble LD_LIBRARY_PATH=/home/rstole01/Documents/CSE-596/humble_ws/install/tutorial_interfaces/lib:${LD_LIBRARY_PATH} PYTHONPATH=/home/rstole01/Documents/CSE-596/humble_ws/install/tutorial_interfaces/local/lib/python3.10/dist-packages:${PYTHONPATH} /usr/bin/cmake --build /home/rstole01/Documents/CSE-596/humble_ws/build/scan_pubsub -- -j8 -l8
[24.031s] Invoking command in '/home/rstole01/Documents/CSE-596/humble_ws/build/scan_pubsub': AMENT_PREFIX_PATH=/home/rstole01/Documents/CSE-596/humble_ws/install/tutorial_interfaces:${AMENT_PREFIX_PATH} CMAKE_PREFIX_PATH=/home/rstole01/Documents/CSE-596/humble_ws/install/tutorial_interfaces:/opt/ros/humble LD_LIBRARY_PATH=/home/rstole01/Documents/CSE-596/humble_ws/install/tutorial_interfaces/lib:${LD_LIBRARY_PATH} PYTHONPATH=/home/rstole01/Documents/CSE-596/humble_ws/install/tutorial_interfaces/local/lib/python3.10/dist-packages:${PYTHONPATH} /usr/bin/cmake --install /home/rstole01/Documents/CSE-596/humble_ws/build/scan_pubsub
[24.047s] -- Install configuration: ""
[24.047s] -- Installing: /home/rstole01/Documents/CSE-596/humble_ws/install/scan_pubsub/lib/scan_pubsub/pubsub
[24.055s] -- Set runtime path of "/home/rstole01/Documents/CSE-596/humble_ws/install/scan_pubsub/lib/scan_pubsub/pubsub" to ""
[24.056s] -- Installing: /home/rstole01/Documents/CSE-596/humble_ws/install/scan_pubsub/share/scan_pubsub/launch
[24.056s] -- Installing: /home/rstole01/Documents/CSE-596/humble_ws/install/scan_pubsub/share/scan_pubsub/launch/opp_racecar.xacro
[24.056s] -- Installing: /home/rstole01/Documents/CSE-596/humble_ws/install/scan_pubsub/share/scan_pubsub/launch/__pycache__
[24.056s] -- Installing: /home/rstole01/Documents/CSE-596/humble_ws/install/scan_pubsub/share/scan_pubsub/launch/__pycache__/lab1Launch.cpython-310.pyc
[24.057s] -- Installing: /home/rstole01/Documents/CSE-596/humble_ws/install/scan_pubsub/share/scan_pubsub/launch/gym_bridge_launch.py
[24.057s] -- Installing: /home/rstole01/Documents/CSE-596/humble_ws/install/scan_pubsub/share/scan_pubsub/launch/ego_racecar.xacro
[24.057s] -- Installing: /home/rstole01/Documents/CSE-596/humble_ws/install/scan_pubsub/share/scan_pubsub/launch/lab1Launch.py
[24.058s] -- Installing: /home/rstole01/Documents/CSE-596/humble_ws/install/scan_pubsub/share/scan_pubsub/launch/gym_bridge.rviz
[24.058s] -- Installing: /home/rstole01/Documents/CSE-596/humble_ws/install/scan_pubsub/share/ament_index/resource_index/package_run_dependencies/scan_pubsub
[24.058s] -- Installing: /home/rstole01/Documents/CSE-596/humble_ws/install/scan_pubsub/share/ament_index/resource_index/parent_prefix_path/scan_pubsub
[24.058s] -- Installing: /home/rstole01/Documents/CSE-596/humble_ws/install/scan_pubsub/share/scan_pubsub/environment/ament_prefix_path.sh
[24.059s] -- Installing: /home/rstole01/Documents/CSE-596/humble_ws/install/scan_pubsub/share/scan_pubsub/environment/ament_prefix_path.dsv
[24.059s] -- Installing: /home/rstole01/Documents/CSE-596/humble_ws/install/scan_pubsub/share/scan_pubsub/environment/path.sh
[24.059s] -- Installing: /home/rstole01/Documents/CSE-596/humble_ws/install/scan_pubsub/share/scan_pubsub/environment/path.dsv
[24.059s] -- Installing: /home/rstole01/Documents/CSE-596/humble_ws/install/scan_pubsub/share/scan_pubsub/local_setup.bash
[24.060s] -- Installing: /home/rstole01/Documents/CSE-596/humble_ws/install/scan_pubsub/share/scan_pubsub/local_setup.sh
[24.060s] -- Installing: /home/rstole01/Documents/CSE-596/humble_ws/install/scan_pubsub/share/scan_pubsub/local_setup.zsh
[24.060s] -- Installing: /home/rstole01/Documents/CSE-596/humble_ws/install/scan_pubsub/share/scan_pubsub/local_setup.dsv
[24.061s] -- Installing: /home/rstole01/Documents/CSE-596/humble_ws/install/scan_pubsub/share/scan_pubsub/package.dsv
[24.061s] -- Installing: /home/rstole01/Documents/CSE-596/humble_ws/install/scan_pubsub/share/ament_index/resource_index/packages/scan_pubsub
[24.061s] -- Installing: /home/rstole01/Documents/CSE-596/humble_ws/install/scan_pubsub/share/scan_pubsub/cmake/scan_pubsubConfig.cmake
[24.061s] -- Installing: /home/rstole01/Documents/CSE-596/humble_ws/install/scan_pubsub/share/scan_pubsub/cmake/scan_pubsubConfig-version.cmake
[24.062s] -- Installing: /home/rstole01/Documents/CSE-596/humble_ws/install/scan_pubsub/share/scan_pubsub/package.xml
[24.065s] Invoked command in '/home/rstole01/Documents/CSE-596/humble_ws/build/scan_pubsub' returned '0': AMENT_PREFIX_PATH=/home/rstole01/Documents/CSE-596/humble_ws/install/tutorial_interfaces:${AMENT_PREFIX_PATH} CMAKE_PREFIX_PATH=/home/rstole01/Documents/CSE-596/humble_ws/install/tutorial_interfaces:/opt/ros/humble LD_LIBRARY_PATH=/home/rstole01/Documents/CSE-596/humble_ws/install/tutorial_interfaces/lib:${LD_LIBRARY_PATH} PYTHONPATH=/home/rstole01/Documents/CSE-596/humble_ws/install/tutorial_interfaces/local/lib/python3.10/dist-packages:${PYTHONPATH} /usr/bin/cmake --install /home/rstole01/Documents/CSE-596/humble_ws/build/scan_pubsub
