[0.354s] Invoking command in '/home/rstole01/Documents/CSE-596/humble_ws/build/ackermann_mux': CMAKE_PREFIX_PATH=/opt/ros/humble /usr/bin/cmake --build /home/rstole01/Documents/CSE-596/humble_ws/build/ackermann_mux -- -j8 -l8
[1.525s] [35m[1mConsolidate compiler generated dependencies of target ackermann_mux[0m
[1.525s] [100%] Built target ackermann_mux
[1.546s] Invoked command in '/home/rstole01/Documents/CSE-596/humble_ws/build/ackermann_mux' returned '0': CMAKE_PREFIX_PATH=/opt/ros/humble /usr/bin/cmake --build /home/rstole01/Documents/CSE-596/humble_ws/build/ackermann_mux -- -j8 -l8
[1.640s] Invoking command in '/home/rstole01/Documents/CSE-596/humble_ws/build/ackermann_mux': CMAKE_PREFIX_PATH=/opt/ros/humble /usr/bin/cmake --install /home/rstole01/Documents/CSE-596/humble_ws/build/ackermann_mux
[1.659s] -- Install configuration: ""
[1.670s] -- Installing: /home/rstole01/Documents/CSE-596/humble_ws/install/ackermann_mux/lib/ackermann_mux/ackermann_mux
[1.671s] -- Set runtime path of "/home/rstole01/Documents/CSE-596/humble_ws/install/ackermann_mux/lib/ackermann_mux/ackermann_mux" to ""
[1.671s] -- Installing: /home/rstole01/Documents/CSE-596/humble_ws/install/ackermann_mux/share/ackermann_mux/launch
[1.671s] -- Installing: /home/rstole01/Documents/CSE-596/humble_ws/install/ackermann_mux/share/ackermann_mux/launch/ackermann_mux_launch.py
[1.671s] -- Installing: /home/rstole01/Documents/CSE-596/humble_ws/install/ackermann_mux/share/ackermann_mux/config
[1.672s] -- Installing: /home/rstole01/Documents/CSE-596/humble_ws/install/ackermann_mux/share/ackermann_mux/config/ackermann_mux_locks.yaml
[1.682s] -- Installing: /home/rstole01/Documents/CSE-596/humble_ws/install/ackermann_mux/share/ackermann_mux/config/ackermann_mux_topics.yaml
[1.683s] -- Installing: /home/rstole01/Documents/CSE-596/humble_ws/install/ackermann_mux/share/ackermann_mux/config/joystick.yaml
[1.683s] -- Installing: /home/rstole01/Documents/CSE-596/humble_ws/install/ackermann_mux/include
[1.683s] -- Installing: /home/rstole01/Documents/CSE-596/humble_ws/install/ackermann_mux/include/ackermann_mux
[1.683s] -- Installing: /home/rstole01/Documents/CSE-596/humble_ws/install/ackermann_mux/include/ackermann_mux/topic_handle.hpp
[1.683s] -- Installing: /home/rstole01/Documents/CSE-596/humble_ws/install/ackermann_mux/include/ackermann_mux/ackermann_mux.hpp
[1.684s] -- Installing: /home/rstole01/Documents/CSE-596/humble_ws/install/ackermann_mux/include/ackermann_mux/utils.hpp
[1.684s] -- Installing: /home/rstole01/Documents/CSE-596/humble_ws/install/ackermann_mux/include/ackermann_mux/ackermann_mux_diagnostics_status.hpp
[1.684s] -- Installing: /home/rstole01/Documents/CSE-596/humble_ws/install/ackermann_mux/include/ackermann_mux/params_helpers.hpp
[1.684s] -- Installing: /home/rstole01/Documents/CSE-596/humble_ws/install/ackermann_mux/include/ackermann_mux/ackermann_mux_diagnostics.hpp
[1.684s] -- Installing: /home/rstole01/Documents/CSE-596/humble_ws/install/ackermann_mux/share/ament_index/resource_index/package_run_dependencies/ackermann_mux
[1.685s] -- Installing: /home/rstole01/Documents/CSE-596/humble_ws/install/ackermann_mux/share/ament_index/resource_index/parent_prefix_path/ackermann_mux
[1.685s] -- Installing: /home/rstole01/Documents/CSE-596/humble_ws/install/ackermann_mux/share/ackermann_mux/environment/ament_prefix_path.sh
[1.685s] -- Installing: /home/rstole01/Documents/CSE-596/humble_ws/install/ackermann_mux/share/ackermann_mux/environment/ament_prefix_path.dsv
[1.685s] -- Installing: /home/rstole01/Documents/CSE-596/humble_ws/install/ackermann_mux/share/ackermann_mux/environment/path.sh
[1.686s] -- Installing: /home/rstole01/Documents/CSE-596/humble_ws/install/ackermann_mux/share/ackermann_mux/environment/path.dsv
[1.686s] -- Installing: /home/rstole01/Documents/CSE-596/humble_ws/install/ackermann_mux/share/ackermann_mux/local_setup.bash
[1.686s] -- Installing: /home/rstole01/Documents/CSE-596/humble_ws/install/ackermann_mux/share/ackermann_mux/local_setup.sh
[1.686s] -- Installing: /home/rstole01/Documents/CSE-596/humble_ws/install/ackermann_mux/share/ackermann_mux/local_setup.zsh
[1.687s] -- Installing: /home/rstole01/Documents/CSE-596/humble_ws/install/ackermann_mux/share/ackermann_mux/local_setup.dsv
[1.687s] -- Installing: /home/rstole01/Documents/CSE-596/humble_ws/install/ackermann_mux/share/ackermann_mux/package.dsv
[1.687s] -- Installing: /home/rstole01/Documents/CSE-596/humble_ws/install/ackermann_mux/share/ament_index/resource_index/packages/ackermann_mux
[1.687s] -- Installing: /home/rstole01/Documents/CSE-596/humble_ws/install/ackermann_mux/share/ackermann_mux/cmake/ament_cmake_export_include_directories-extras.cmake
[1.687s] -- Installing: /home/rstole01/Documents/CSE-596/humble_ws/install/ackermann_mux/share/ackermann_mux/cmake/ament_cmake_export_dependencies-extras.cmake
[1.688s] -- Installing: /home/rstole01/Documents/CSE-596/humble_ws/install/ackermann_mux/share/ackermann_mux/cmake/ackermann_muxConfig.cmake
[1.688s] -- Installing: /home/rstole01/Documents/CSE-596/humble_ws/install/ackermann_mux/share/ackermann_mux/cmake/ackermann_muxConfig-version.cmake
[1.688s] -- Installing: /home/rstole01/Documents/CSE-596/humble_ws/install/ackermann_mux/share/ackermann_mux/package.xml
[1.841s] Invoked command in '/home/rstole01/Documents/CSE-596/humble_ws/build/ackermann_mux' returned '0': CMAKE_PREFIX_PATH=/opt/ros/humble /usr/bin/cmake --install /home/rstole01/Documents/CSE-596/humble_ws/build/ackermann_mux
