/home/rstole01/Documents/CSE-596/msu_ws/install/plexer360/lib/python3.10/site-packages/src/control.py
/home/rstole01/Documents/CSE-596/msu_ws/install/plexer360/lib/python3.10/site-packages/src/field_view.py
/home/rstole01/Documents/CSE-596/msu_ws/install/plexer360/lib/python3.10/site-packages/src/multiplexer.py
/home/rstole01/Documents/CSE-596/msu_ws/install/plexer360/lib/python3.10/site-packages/src/__init__.py
/home/rstole01/Documents/CSE-596/msu_ws/install/plexer360/lib/python3.10/site-packages/src/dqn_bridge.py
/home/rstole01/Documents/CSE-596/msu_ws/install/plexer360/lib/python3.10/site-packages/src/dqn.py
/home/rstole01/Documents/CSE-596/msu_ws/install/plexer360/lib/python3.10/site-packages/src/__pycache__/control.cpython-310.pyc
/home/rstole01/Documents/CSE-596/msu_ws/install/plexer360/lib/python3.10/site-packages/src/__pycache__/field_view.cpython-310.pyc
/home/rstole01/Documents/CSE-596/msu_ws/install/plexer360/lib/python3.10/site-packages/src/__pycache__/multiplexer.cpython-310.pyc
/home/rstole01/Documents/CSE-596/msu_ws/install/plexer360/lib/python3.10/site-packages/src/__pycache__/__init__.cpython-310.pyc
/home/rstole01/Documents/CSE-596/msu_ws/install/plexer360/lib/python3.10/site-packages/src/__pycache__/dqn_bridge.cpython-310.pyc
/home/rstole01/Documents/CSE-596/msu_ws/install/plexer360/lib/python3.10/site-packages/src/__pycache__/dqn.cpython-310.pyc
/home/rstole01/Documents/CSE-596/msu_ws/install/plexer360/share/ament_index/resource_index/packages/plexer360
/home/rstole01/Documents/CSE-596/msu_ws/install/plexer360/share/plexer360/package.xml
/home/rstole01/Documents/CSE-596/msu_ws/install/plexer360/lib/python3.10/site-packages/plexer360-0.0.0-py3.10.egg-info/top_level.txt
/home/rstole01/Documents/CSE-596/msu_ws/install/plexer360/lib/python3.10/site-packages/plexer360-0.0.0-py3.10.egg-info/SOURCES.txt
/home/rstole01/Documents/CSE-596/msu_ws/install/plexer360/lib/python3.10/site-packages/plexer360-0.0.0-py3.10.egg-info/PKG-INFO
/home/rstole01/Documents/CSE-596/msu_ws/install/plexer360/lib/python3.10/site-packages/plexer360-0.0.0-py3.10.egg-info/entry_points.txt
/home/rstole01/Documents/CSE-596/msu_ws/install/plexer360/lib/python3.10/site-packages/plexer360-0.0.0-py3.10.egg-info/dependency_links.txt
/home/rstole01/Documents/CSE-596/msu_ws/install/plexer360/lib/python3.10/site-packages/plexer360-0.0.0-py3.10.egg-info/zip-safe
/home/rstole01/Documents/CSE-596/msu_ws/install/plexer360/lib/python3.10/site-packages/plexer360-0.0.0-py3.10.egg-info/requires.txt
/home/rstole01/Documents/CSE-596/msu_ws/install/plexer360/lib/plexer360/dec
/home/rstole01/Documents/CSE-596/msu_ws/install/plexer360/lib/plexer360/learn
/home/rstole01/Documents/CSE-596/msu_ws/install/plexer360/lib/plexer360/pub
/home/rstole01/Documents/CSE-596/msu_ws/install/plexer360/lib/plexer360/sub
