[0.141s] Invoking command in '/home/rstole01/Documents/CSE-596/humble_ws/build/pid_lab': CMAKE_PREFIX_PATH=/opt/ros/humble /usr/bin/cmake --build /home/rstole01/Documents/CSE-596/humble_ws/build/pid_lab -- -j8 -l8
[0.220s] [35m[1mConsolidate compiler generated dependencies of target pid[0m
[0.260s] [ 50%] [32mBuilding CXX object CMakeFiles/pid.dir/src/wall_follow_node.cpp.o[0m
[15.462s] [100%] [32m[1mLinking CXX executable pid[0m
[16.225s] [100%] Built target pid
[16.256s] Invoked command in '/home/rstole01/Documents/CSE-596/humble_ws/build/pid_lab' returned '0': CMAKE_PREFIX_PATH=/opt/ros/humble /usr/bin/cmake --build /home/rstole01/Documents/CSE-596/humble_ws/build/pid_lab -- -j8 -l8
[16.322s] Invoking command in '/home/rstole01/Documents/CSE-596/humble_ws/build/pid_lab': CMAKE_PREFIX_PATH=/opt/ros/humble /usr/bin/cmake --install /home/rstole01/Documents/CSE-596/humble_ws/build/pid_lab
[16.336s] -- Install configuration: ""
[16.336s] -- Installing: /home/rstole01/Documents/CSE-596/humble_ws/install/pid_lab/lib/pid_lab/pid
[16.347s] -- Set runtime path of "/home/rstole01/Documents/CSE-596/humble_ws/install/pid_lab/lib/pid_lab/pid" to ""
[16.348s] -- Up-to-date: /home/rstole01/Documents/CSE-596/humble_ws/install/pid_lab/share/ament_index/resource_index/package_run_dependencies/pid_lab
[16.348s] -- Up-to-date: /home/rstole01/Documents/CSE-596/humble_ws/install/pid_lab/share/ament_index/resource_index/parent_prefix_path/pid_lab
[16.349s] -- Up-to-date: /home/rstole01/Documents/CSE-596/humble_ws/install/pid_lab/share/pid_lab/environment/ament_prefix_path.sh
[16.349s] -- Up-to-date: /home/rstole01/Documents/CSE-596/humble_ws/install/pid_lab/share/pid_lab/environment/ament_prefix_path.dsv
[16.350s] -- Up-to-date: /home/rstole01/Documents/CSE-596/humble_ws/install/pid_lab/share/pid_lab/environment/path.sh
[16.350s] -- Up-to-date: /home/rstole01/Documents/CSE-596/humble_ws/install/pid_lab/share/pid_lab/environment/path.dsv
[16.350s] -- Up-to-date: /home/rstole01/Documents/CSE-596/humble_ws/install/pid_lab/share/pid_lab/local_setup.bash
[16.350s] -- Up-to-date: /home/rstole01/Documents/CSE-596/humble_ws/install/pid_lab/share/pid_lab/local_setup.sh
[16.351s] -- Up-to-date: /home/rstole01/Documents/CSE-596/humble_ws/install/pid_lab/share/pid_lab/local_setup.zsh
[16.351s] -- Up-to-date: /home/rstole01/Documents/CSE-596/humble_ws/install/pid_lab/share/pid_lab/local_setup.dsv
[16.351s] -- Installing: /home/rstole01/Documents/CSE-596/humble_ws/install/pid_lab/share/pid_lab/package.dsv
[16.351s] -- Up-to-date: /home/rstole01/Documents/CSE-596/humble_ws/install/pid_lab/share/ament_index/resource_index/packages/pid_lab
[16.352s] -- Up-to-date: /home/rstole01/Documents/CSE-596/humble_ws/install/pid_lab/share/pid_lab/cmake/pid_labConfig.cmake
[16.352s] -- Up-to-date: /home/rstole01/Documents/CSE-596/humble_ws/install/pid_lab/share/pid_lab/cmake/pid_labConfig-version.cmake
[16.352s] -- Up-to-date: /home/rstole01/Documents/CSE-596/humble_ws/install/pid_lab/share/pid_lab/package.xml
[16.355s] Invoked command in '/home/rstole01/Documents/CSE-596/humble_ws/build/pid_lab' returned '0': CMAKE_PREFIX_PATH=/opt/ros/humble /usr/bin/cmake --install /home/rstole01/Documents/CSE-596/humble_ws/build/pid_lab
