[1.718s] Invoking command in '/home/rstole01/Documents/CSE-596/msu_ws/build/ackermann_msgs': CMAKE_PREFIX_PATH=${CMAKE_PREFIX_PATH}:/home/rstole01/Documents/CSE-596/msu_ws/install/waypoint_writer:/home/rstole01/Documents/CSE-596/msu_ws/install/waypoint_follow:/home/rstole01/Documents/CSE-596/msu_ws/install/wall_follower_pid:/home/rstole01/Documents/CSE-596/msu_ws/install/qlearn:/home/rstole01/Documents/CSE-596/msu_ws/install/py_pubsub:/home/rstole01/Documents/CSE-596/msu_ws/install/plexer360:/home/rstole01/Documents/CSE-596/msu_ws/install/painter:/home/rstole01/Documents/CSE-596/msu_ws/install/f1tenth_gym_ros:/opt/ros/humble /usr/bin/cmake --build /home/rstole01/Documents/CSE-596/msu_ws/build/ackermann_msgs -- -j8 -l8
[4.164s] [  2%] Built target ackermann_msgs__cpp
[4.166s] [ 12%] Built target ackermann_msgs__rosidl_generator_c
[4.167s] [ 12%] Built target ament_cmake_python_copy_ackermann_msgs
[4.169s] [ 23%] Built target ackermann_msgs__rosidl_typesupport_fastrtps_cpp
[4.171s] [ 33%] Built target ackermann_msgs__rosidl_typesupport_cpp
[4.172s] [ 43%] Built target ackermann_msgs__rosidl_typesupport_fastrtps_c
[4.173s] [ 53%] Built target ackermann_msgs__rosidl_typesupport_c
[4.173s] [ 64%] Built target ackermann_msgs__rosidl_typesupport_introspection_c
[4.174s] [ 74%] Built target ackermann_msgs__rosidl_typesupport_introspection_cpp
[4.174s] [ 74%] Built target ackermann_msgs
[4.175s] [ 76%] Built target ackermann_msgs__py
[4.175s] [ 84%] Built target ackermann_msgs__rosidl_generator_py
[4.178s] [ 89%] Built target ackermann_msgs__rosidl_typesupport_introspection_c__pyext
[4.178s] [ 94%] Built target ackermann_msgs__rosidl_typesupport_c__pyext
[4.182s] [100%] Built target ackermann_msgs__rosidl_typesupport_fastrtps_c__pyext
[4.183s] running egg_info
[4.184s] writing ackermann_msgs.egg-info/PKG-INFO
[4.184s] writing dependency_links to ackermann_msgs.egg-info/dependency_links.txt
[4.185s] writing top-level names to ackermann_msgs.egg-info/top_level.txt
[4.186s] reading manifest file 'ackermann_msgs.egg-info/SOURCES.txt'
[4.186s] writing manifest file 'ackermann_msgs.egg-info/SOURCES.txt'
[4.188s] [100%] Built target ament_cmake_python_build_ackermann_msgs_egg
[4.216s] Invoked command in '/home/rstole01/Documents/CSE-596/msu_ws/build/ackermann_msgs' returned '0': CMAKE_PREFIX_PATH=${CMAKE_PREFIX_PATH}:/home/rstole01/Documents/CSE-596/msu_ws/install/waypoint_writer:/home/rstole01/Documents/CSE-596/msu_ws/install/waypoint_follow:/home/rstole01/Documents/CSE-596/msu_ws/install/wall_follower_pid:/home/rstole01/Documents/CSE-596/msu_ws/install/qlearn:/home/rstole01/Documents/CSE-596/msu_ws/install/py_pubsub:/home/rstole01/Documents/CSE-596/msu_ws/install/plexer360:/home/rstole01/Documents/CSE-596/msu_ws/install/painter:/home/rstole01/Documents/CSE-596/msu_ws/install/f1tenth_gym_ros:/opt/ros/humble /usr/bin/cmake --build /home/rstole01/Documents/CSE-596/msu_ws/build/ackermann_msgs -- -j8 -l8
[5.372s] Invoking command in '/home/rstole01/Documents/CSE-596/msu_ws/build/ackermann_msgs': CMAKE_PREFIX_PATH=${CMAKE_PREFIX_PATH}:/home/rstole01/Documents/CSE-596/msu_ws/install/waypoint_writer:/home/rstole01/Documents/CSE-596/msu_ws/install/waypoint_follow:/home/rstole01/Documents/CSE-596/msu_ws/install/wall_follower_pid:/home/rstole01/Documents/CSE-596/msu_ws/install/qlearn:/home/rstole01/Documents/CSE-596/msu_ws/install/py_pubsub:/home/rstole01/Documents/CSE-596/msu_ws/install/plexer360:/home/rstole01/Documents/CSE-596/msu_ws/install/painter:/home/rstole01/Documents/CSE-596/msu_ws/install/f1tenth_gym_ros:/opt/ros/humble /usr/bin/cmake --install /home/rstole01/Documents/CSE-596/msu_ws/build/ackermann_msgs
[5.499s] -- Install configuration: ""
[5.499s] -- Up-to-date: /home/rstole01/Documents/CSE-596/msu_ws/install/ackermann_msgs/share/ament_index/resource_index/rosidl_interfaces/ackermann_msgs
[5.500s] -- Up-to-date: /home/rstole01/Documents/CSE-596/msu_ws/install/ackermann_msgs/include/ackermann_msgs/ackermann_msgs
[5.500s] -- Up-to-date: /home/rstole01/Documents/CSE-596/msu_ws/install/ackermann_msgs/include/ackermann_msgs/ackermann_msgs/msg
[5.500s] -- Up-to-date: /home/rstole01/Documents/CSE-596/msu_ws/install/ackermann_msgs/include/ackermann_msgs/ackermann_msgs/msg/rosidl_generator_c__visibility_control.h
[5.501s] -- Up-to-date: /home/rstole01/Documents/CSE-596/msu_ws/install/ackermann_msgs/include/ackermann_msgs/ackermann_msgs/msg/detail
[5.501s] -- Up-to-date: /home/rstole01/Documents/CSE-596/msu_ws/install/ackermann_msgs/include/ackermann_msgs/ackermann_msgs/msg/detail/ackermann_drive_stamped__functions.c
[5.501s] -- Up-to-date: /home/rstole01/Documents/CSE-596/msu_ws/install/ackermann_msgs/include/ackermann_msgs/ackermann_msgs/msg/detail/ackermann_drive__functions.h
[5.501s] -- Up-to-date: /home/rstole01/Documents/CSE-596/msu_ws/install/ackermann_msgs/include/ackermann_msgs/ackermann_msgs/msg/detail/ackermann_drive_stamped__struct.h
[5.502s] -- Up-to-date: /home/rstole01/Documents/CSE-596/msu_ws/install/ackermann_msgs/include/ackermann_msgs/ackermann_msgs/msg/detail/ackermann_drive_stamped__type_support.h
[5.502s] -- Up-to-date: /home/rstole01/Documents/CSE-596/msu_ws/install/ackermann_msgs/include/ackermann_msgs/ackermann_msgs/msg/detail/ackermann_drive__functions.c
[5.502s] -- Up-to-date: /home/rstole01/Documents/CSE-596/msu_ws/install/ackermann_msgs/include/ackermann_msgs/ackermann_msgs/msg/detail/ackermann_drive__struct.h
[5.508s] -- Up-to-date: /home/rstole01/Documents/CSE-596/msu_ws/install/ackermann_msgs/include/ackermann_msgs/ackermann_msgs/msg/detail/ackermann_drive__type_support.h
[5.508s] -- Up-to-date: /home/rstole01/Documents/CSE-596/msu_ws/install/ackermann_msgs/include/ackermann_msgs/ackermann_msgs/msg/detail/ackermann_drive_stamped__functions.h
[5.510s] -- Up-to-date: /home/rstole01/Documents/CSE-596/msu_ws/install/ackermann_msgs/include/ackermann_msgs/ackermann_msgs/msg/ackermann_drive_stamped.h
[5.511s] -- Up-to-date: /home/rstole01/Documents/CSE-596/msu_ws/install/ackermann_msgs/include/ackermann_msgs/ackermann_msgs/msg/ackermann_drive.h
[5.512s] -- Up-to-date: /home/rstole01/Documents/CSE-596/msu_ws/install/ackermann_msgs/share/ackermann_msgs/environment/library_path.sh
[5.512s] -- Up-to-date: /home/rstole01/Documents/CSE-596/msu_ws/install/ackermann_msgs/share/ackermann_msgs/environment/library_path.dsv
[5.514s] -- Up-to-date: /home/rstole01/Documents/CSE-596/msu_ws/install/ackermann_msgs/lib/libackermann_msgs__rosidl_generator_c.so
[5.514s] -- Up-to-date: /home/rstole01/Documents/CSE-596/msu_ws/install/ackermann_msgs/include/ackermann_msgs/ackermann_msgs
[5.515s] -- Up-to-date: /home/rstole01/Documents/CSE-596/msu_ws/install/ackermann_msgs/include/ackermann_msgs/ackermann_msgs/msg
[5.515s] -- Up-to-date: /home/rstole01/Documents/CSE-596/msu_ws/install/ackermann_msgs/include/ackermann_msgs/ackermann_msgs/msg/rosidl_typesupport_fastrtps_c__visibility_control.h
[5.515s] -- Up-to-date: /home/rstole01/Documents/CSE-596/msu_ws/install/ackermann_msgs/include/ackermann_msgs/ackermann_msgs/msg/detail
[5.516s] -- Up-to-date: /home/rstole01/Documents/CSE-596/msu_ws/install/ackermann_msgs/include/ackermann_msgs/ackermann_msgs/msg/detail/ackermann_drive__rosidl_typesupport_fastrtps_c.h
[5.516s] -- Up-to-date: /home/rstole01/Documents/CSE-596/msu_ws/install/ackermann_msgs/include/ackermann_msgs/ackermann_msgs/msg/detail/ackermann_drive_stamped__rosidl_typesupport_fastrtps_c.h
[5.516s] -- Up-to-date: /home/rstole01/Documents/CSE-596/msu_ws/install/ackermann_msgs/lib/libackermann_msgs__rosidl_typesupport_fastrtps_c.so
[5.535s] -- Up-to-date: /home/rstole01/Documents/CSE-596/msu_ws/install/ackermann_msgs/include/ackermann_msgs/ackermann_msgs
[5.535s] -- Up-to-date: /home/rstole01/Documents/CSE-596/msu_ws/install/ackermann_msgs/include/ackermann_msgs/ackermann_msgs/msg
[5.536s] -- Up-to-date: /home/rstole01/Documents/CSE-596/msu_ws/install/ackermann_msgs/include/ackermann_msgs/ackermann_msgs/msg/rosidl_typesupport_introspection_c__visibility_control.h
[5.536s] -- Up-to-date: /home/rstole01/Documents/CSE-596/msu_ws/install/ackermann_msgs/include/ackermann_msgs/ackermann_msgs/msg/detail
[5.536s] -- Up-to-date: /home/rstole01/Documents/CSE-596/msu_ws/install/ackermann_msgs/include/ackermann_msgs/ackermann_msgs/msg/detail/ackermann_drive_stamped__type_support.c
[5.537s] -- Up-to-date: /home/rstole01/Documents/CSE-596/msu_ws/install/ackermann_msgs/include/ackermann_msgs/ackermann_msgs/msg/detail/ackermann_drive_stamped__rosidl_typesupport_introspection_c.h
[5.537s] -- Up-to-date: /home/rstole01/Documents/CSE-596/msu_ws/install/ackermann_msgs/include/ackermann_msgs/ackermann_msgs/msg/detail/ackermann_drive__rosidl_typesupport_introspection_c.h
[5.537s] -- Up-to-date: /home/rstole01/Documents/CSE-596/msu_ws/install/ackermann_msgs/include/ackermann_msgs/ackermann_msgs/msg/detail/ackermann_drive__type_support.c
[5.544s] -- Up-to-date: /home/rstole01/Documents/CSE-596/msu_ws/install/ackermann_msgs/lib/libackermann_msgs__rosidl_typesupport_introspection_c.so
[5.555s] -- Up-to-date: /home/rstole01/Documents/CSE-596/msu_ws/install/ackermann_msgs/lib/libackermann_msgs__rosidl_typesupport_c.so
[5.558s] -- Up-to-date: /home/rstole01/Documents/CSE-596/msu_ws/install/ackermann_msgs/include/ackermann_msgs/ackermann_msgs
[5.559s] -- Up-to-date: /home/rstole01/Documents/CSE-596/msu_ws/install/ackermann_msgs/include/ackermann_msgs/ackermann_msgs/msg
[5.559s] -- Up-to-date: /home/rstole01/Documents/CSE-596/msu_ws/install/ackermann_msgs/include/ackermann_msgs/ackermann_msgs/msg/ackermann_drive.hpp
[5.559s] -- Up-to-date: /home/rstole01/Documents/CSE-596/msu_ws/install/ackermann_msgs/include/ackermann_msgs/ackermann_msgs/msg/detail
[5.560s] -- Up-to-date: /home/rstole01/Documents/CSE-596/msu_ws/install/ackermann_msgs/include/ackermann_msgs/ackermann_msgs/msg/detail/ackermann_drive_stamped__traits.hpp
[5.560s] -- Up-to-date: /home/rstole01/Documents/CSE-596/msu_ws/install/ackermann_msgs/include/ackermann_msgs/ackermann_msgs/msg/detail/ackermann_drive_stamped__builder.hpp
[5.560s] -- Up-to-date: /home/rstole01/Documents/CSE-596/msu_ws/install/ackermann_msgs/include/ackermann_msgs/ackermann_msgs/msg/detail/ackermann_drive__builder.hpp
[5.560s] -- Up-to-date: /home/rstole01/Documents/CSE-596/msu_ws/install/ackermann_msgs/include/ackermann_msgs/ackermann_msgs/msg/detail/ackermann_drive__struct.hpp
[5.561s] -- Up-to-date: /home/rstole01/Documents/CSE-596/msu_ws/install/ackermann_msgs/include/ackermann_msgs/ackermann_msgs/msg/detail/ackermann_drive__traits.hpp
[5.561s] -- Up-to-date: /home/rstole01/Documents/CSE-596/msu_ws/install/ackermann_msgs/include/ackermann_msgs/ackermann_msgs/msg/detail/ackermann_drive_stamped__struct.hpp
[5.561s] -- Up-to-date: /home/rstole01/Documents/CSE-596/msu_ws/install/ackermann_msgs/include/ackermann_msgs/ackermann_msgs/msg/ackermann_drive_stamped.hpp
[5.562s] -- Up-to-date: /home/rstole01/Documents/CSE-596/msu_ws/install/ackermann_msgs/include/ackermann_msgs/ackermann_msgs
[5.562s] -- Up-to-date: /home/rstole01/Documents/CSE-596/msu_ws/install/ackermann_msgs/include/ackermann_msgs/ackermann_msgs/msg
[5.563s] -- Up-to-date: /home/rstole01/Documents/CSE-596/msu_ws/install/ackermann_msgs/include/ackermann_msgs/ackermann_msgs/msg/detail
[5.563s] -- Up-to-date: /home/rstole01/Documents/CSE-596/msu_ws/install/ackermann_msgs/include/ackermann_msgs/ackermann_msgs/msg/detail/ackermann_drive__rosidl_typesupport_fastrtps_cpp.hpp
[5.563s] -- Up-to-date: /home/rstole01/Documents/CSE-596/msu_ws/install/ackermann_msgs/include/ackermann_msgs/ackermann_msgs/msg/detail/ackermann_drive_stamped__rosidl_typesupport_fastrtps_cpp.hpp
[5.563s] -- Up-to-date: /home/rstole01/Documents/CSE-596/msu_ws/install/ackermann_msgs/include/ackermann_msgs/ackermann_msgs/msg/detail/dds_fastrtps
[5.564s] -- Up-to-date: /home/rstole01/Documents/CSE-596/msu_ws/install/ackermann_msgs/include/ackermann_msgs/ackermann_msgs/msg/rosidl_typesupport_fastrtps_cpp__visibility_control.h
[5.564s] -- Up-to-date: /home/rstole01/Documents/CSE-596/msu_ws/install/ackermann_msgs/lib/libackermann_msgs__rosidl_typesupport_fastrtps_cpp.so
[5.564s] -- Up-to-date: /home/rstole01/Documents/CSE-596/msu_ws/install/ackermann_msgs/include/ackermann_msgs/ackermann_msgs
[5.564s] -- Up-to-date: /home/rstole01/Documents/CSE-596/msu_ws/install/ackermann_msgs/include/ackermann_msgs/ackermann_msgs/msg
[5.564s] -- Up-to-date: /home/rstole01/Documents/CSE-596/msu_ws/install/ackermann_msgs/include/ackermann_msgs/ackermann_msgs/msg/detail
[5.565s] -- Up-to-date: /home/rstole01/Documents/CSE-596/msu_ws/install/ackermann_msgs/include/ackermann_msgs/ackermann_msgs/msg/detail/ackermann_drive_stamped__rosidl_typesupport_introspection_cpp.hpp
[5.565s] -- Up-to-date: /home/rstole01/Documents/CSE-596/msu_ws/install/ackermann_msgs/include/ackermann_msgs/ackermann_msgs/msg/detail/ackermann_drive__rosidl_typesupport_introspection_cpp.hpp
[5.565s] -- Up-to-date: /home/rstole01/Documents/CSE-596/msu_ws/install/ackermann_msgs/include/ackermann_msgs/ackermann_msgs/msg/detail/ackermann_drive_stamped__type_support.cpp
[5.566s] -- Up-to-date: /home/rstole01/Documents/CSE-596/msu_ws/install/ackermann_msgs/include/ackermann_msgs/ackermann_msgs/msg/detail/ackermann_drive__type_support.cpp
[5.581s] -- Up-to-date: /home/rstole01/Documents/CSE-596/msu_ws/install/ackermann_msgs/lib/libackermann_msgs__rosidl_typesupport_introspection_cpp.so
[5.581s] -- Up-to-date: /home/rstole01/Documents/CSE-596/msu_ws/install/ackermann_msgs/lib/libackermann_msgs__rosidl_typesupport_cpp.so
[5.581s] -- Up-to-date: /home/rstole01/Documents/CSE-596/msu_ws/install/ackermann_msgs/share/ackermann_msgs/environment/pythonpath.sh
[5.582s] -- Up-to-date: /home/rstole01/Documents/CSE-596/msu_ws/install/ackermann_msgs/share/ackermann_msgs/environment/pythonpath.dsv
[5.583s] -- Up-to-date: /home/rstole01/Documents/CSE-596/msu_ws/install/ackermann_msgs/local/lib/python3.10/dist-packages/ackermann_msgs-2.0.2-py3.10.egg-info
[5.583s] -- Installing: /home/rstole01/Documents/CSE-596/msu_ws/install/ackermann_msgs/local/lib/python3.10/dist-packages/ackermann_msgs-2.0.2-py3.10.egg-info/top_level.txt
[5.583s] -- Installing: /home/rstole01/Documents/CSE-596/msu_ws/install/ackermann_msgs/local/lib/python3.10/dist-packages/ackermann_msgs-2.0.2-py3.10.egg-info/SOURCES.txt
[5.584s] -- Installing: /home/rstole01/Documents/CSE-596/msu_ws/install/ackermann_msgs/local/lib/python3.10/dist-packages/ackermann_msgs-2.0.2-py3.10.egg-info/PKG-INFO
[5.584s] -- Installing: /home/rstole01/Documents/CSE-596/msu_ws/install/ackermann_msgs/local/lib/python3.10/dist-packages/ackermann_msgs-2.0.2-py3.10.egg-info/dependency_links.txt
[5.584s] -- Up-to-date: /home/rstole01/Documents/CSE-596/msu_ws/install/ackermann_msgs/local/lib/python3.10/dist-packages/ackermann_msgs
[5.585s] -- Up-to-date: /home/rstole01/Documents/CSE-596/msu_ws/install/ackermann_msgs/local/lib/python3.10/dist-packages/ackermann_msgs/ackermann_msgs_s__rosidl_typesupport_c.cpython-310-x86_64-linux-gnu.so
[5.585s] -- Up-to-date: /home/rstole01/Documents/CSE-596/msu_ws/install/ackermann_msgs/local/lib/python3.10/dist-packages/ackermann_msgs/_ackermann_msgs_s.ep.rosidl_typesupport_fastrtps_c.c
[5.585s] -- Up-to-date: /home/rstole01/Documents/CSE-596/msu_ws/install/ackermann_msgs/local/lib/python3.10/dist-packages/ackermann_msgs/__init__.py
[5.586s] -- Up-to-date: /home/rstole01/Documents/CSE-596/msu_ws/install/ackermann_msgs/local/lib/python3.10/dist-packages/ackermann_msgs/msg
[5.606s] -- Up-to-date: /home/rstole01/Documents/CSE-596/msu_ws/install/ackermann_msgs/local/lib/python3.10/dist-packages/ackermann_msgs/msg/_ackermann_drive_stamped.py
[5.606s] -- Up-to-date: /home/rstole01/Documents/CSE-596/msu_ws/install/ackermann_msgs/local/lib/python3.10/dist-packages/ackermann_msgs/msg/_ackermann_drive.py
[5.607s] -- Up-to-date: /home/rstole01/Documents/CSE-596/msu_ws/install/ackermann_msgs/local/lib/python3.10/dist-packages/ackermann_msgs/msg/_ackermann_drive_stamped_s.c
[5.607s] -- Up-to-date: /home/rstole01/Documents/CSE-596/msu_ws/install/ackermann_msgs/local/lib/python3.10/dist-packages/ackermann_msgs/msg/_ackermann_drive_s.c
[5.607s] -- Up-to-date: /home/rstole01/Documents/CSE-596/msu_ws/install/ackermann_msgs/local/lib/python3.10/dist-packages/ackermann_msgs/msg/__init__.py
[5.607s] -- Up-to-date: /home/rstole01/Documents/CSE-596/msu_ws/install/ackermann_msgs/local/lib/python3.10/dist-packages/ackermann_msgs/libackermann_msgs__rosidl_generator_py.so
[5.608s] -- Up-to-date: /home/rstole01/Documents/CSE-596/msu_ws/install/ackermann_msgs/local/lib/python3.10/dist-packages/ackermann_msgs/ackermann_msgs_s__rosidl_typesupport_introspection_c.cpython-310-x86_64-linux-gnu.so
[5.608s] -- Up-to-date: /home/rstole01/Documents/CSE-596/msu_ws/install/ackermann_msgs/local/lib/python3.10/dist-packages/ackermann_msgs/ackermann_msgs_s__rosidl_typesupport_fastrtps_c.cpython-310-x86_64-linux-gnu.so
[5.608s] -- Up-to-date: /home/rstole01/Documents/CSE-596/msu_ws/install/ackermann_msgs/local/lib/python3.10/dist-packages/ackermann_msgs/_ackermann_msgs_s.ep.rosidl_typesupport_c.c
[5.608s] -- Up-to-date: /home/rstole01/Documents/CSE-596/msu_ws/install/ackermann_msgs/local/lib/python3.10/dist-packages/ackermann_msgs/_ackermann_msgs_s.ep.rosidl_typesupport_introspection_c.c
[5.718s] Listing '/home/rstole01/Documents/CSE-596/msu_ws/install/ackermann_msgs/local/lib/python3.10/dist-packages/ackermann_msgs'...
[5.719s] Listing '/home/rstole01/Documents/CSE-596/msu_ws/install/ackermann_msgs/local/lib/python3.10/dist-packages/ackermann_msgs/msg'...
[5.752s] -- Up-to-date: /home/rstole01/Documents/CSE-596/msu_ws/install/ackermann_msgs/local/lib/python3.10/dist-packages/ackermann_msgs/ackermann_msgs_s__rosidl_typesupport_fastrtps_c.cpython-310-x86_64-linux-gnu.so
[5.755s] -- Up-to-date: /home/rstole01/Documents/CSE-596/msu_ws/install/ackermann_msgs/local/lib/python3.10/dist-packages/ackermann_msgs/ackermann_msgs_s__rosidl_typesupport_introspection_c.cpython-310-x86_64-linux-gnu.so
[5.759s] -- Up-to-date: /home/rstole01/Documents/CSE-596/msu_ws/install/ackermann_msgs/local/lib/python3.10/dist-packages/ackermann_msgs/ackermann_msgs_s__rosidl_typesupport_c.cpython-310-x86_64-linux-gnu.so
[5.760s] -- Up-to-date: /home/rstole01/Documents/CSE-596/msu_ws/install/ackermann_msgs/lib/libackermann_msgs__rosidl_generator_py.so
[5.764s] -- Up-to-date: /home/rstole01/Documents/CSE-596/msu_ws/install/ackermann_msgs/share/ackermann_msgs/msg/AckermannDrive.idl
[5.764s] -- Up-to-date: /home/rstole01/Documents/CSE-596/msu_ws/install/ackermann_msgs/share/ackermann_msgs/msg/AckermannDriveStamped.idl
[5.765s] -- Up-to-date: /home/rstole01/Documents/CSE-596/msu_ws/install/ackermann_msgs/share/ackermann_msgs/msg/AckermannDrive.msg
[5.772s] -- Up-to-date: /home/rstole01/Documents/CSE-596/msu_ws/install/ackermann_msgs/share/ackermann_msgs/msg/AckermannDriveStamped.msg
[5.772s] -- Up-to-date: /home/rstole01/Documents/CSE-596/msu_ws/install/ackermann_msgs/share/ament_index/resource_index/package_run_dependencies/ackermann_msgs
[5.773s] -- Up-to-date: /home/rstole01/Documents/CSE-596/msu_ws/install/ackermann_msgs/share/ament_index/resource_index/parent_prefix_path/ackermann_msgs
[5.773s] -- Up-to-date: /home/rstole01/Documents/CSE-596/msu_ws/install/ackermann_msgs/share/ackermann_msgs/environment/ament_prefix_path.sh
[5.773s] -- Up-to-date: /home/rstole01/Documents/CSE-596/msu_ws/install/ackermann_msgs/share/ackermann_msgs/environment/ament_prefix_path.dsv
[5.773s] -- Up-to-date: /home/rstole01/Documents/CSE-596/msu_ws/install/ackermann_msgs/share/ackermann_msgs/environment/path.sh
[5.774s] -- Up-to-date: /home/rstole01/Documents/CSE-596/msu_ws/install/ackermann_msgs/share/ackermann_msgs/environment/path.dsv
[5.774s] -- Up-to-date: /home/rstole01/Documents/CSE-596/msu_ws/install/ackermann_msgs/share/ackermann_msgs/local_setup.bash
[5.774s] -- Up-to-date: /home/rstole01/Documents/CSE-596/msu_ws/install/ackermann_msgs/share/ackermann_msgs/local_setup.sh
[5.775s] -- Up-to-date: /home/rstole01/Documents/CSE-596/msu_ws/install/ackermann_msgs/share/ackermann_msgs/local_setup.zsh
[5.775s] -- Up-to-date: /home/rstole01/Documents/CSE-596/msu_ws/install/ackermann_msgs/share/ackermann_msgs/local_setup.dsv
[5.775s] -- Installing: /home/rstole01/Documents/CSE-596/msu_ws/install/ackermann_msgs/share/ackermann_msgs/package.dsv
[5.776s] -- Up-to-date: /home/rstole01/Documents/CSE-596/msu_ws/install/ackermann_msgs/share/ament_index/resource_index/packages/ackermann_msgs
[5.776s] -- Up-to-date: /home/rstole01/Documents/CSE-596/msu_ws/install/ackermann_msgs/share/ackermann_msgs/cmake/export_ackermann_msgs__rosidl_generator_cExport.cmake
[5.776s] -- Up-to-date: /home/rstole01/Documents/CSE-596/msu_ws/install/ackermann_msgs/share/ackermann_msgs/cmake/export_ackermann_msgs__rosidl_generator_cExport-noconfig.cmake
[5.776s] -- Up-to-date: /home/rstole01/Documents/CSE-596/msu_ws/install/ackermann_msgs/share/ackermann_msgs/cmake/export_ackermann_msgs__rosidl_typesupport_fastrtps_cExport.cmake
[5.777s] -- Up-to-date: /home/rstole01/Documents/CSE-596/msu_ws/install/ackermann_msgs/share/ackermann_msgs/cmake/export_ackermann_msgs__rosidl_typesupport_fastrtps_cExport-noconfig.cmake
[5.777s] -- Up-to-date: /home/rstole01/Documents/CSE-596/msu_ws/install/ackermann_msgs/share/ackermann_msgs/cmake/ackermann_msgs__rosidl_typesupport_introspection_cExport.cmake
[5.777s] -- Up-to-date: /home/rstole01/Documents/CSE-596/msu_ws/install/ackermann_msgs/share/ackermann_msgs/cmake/ackermann_msgs__rosidl_typesupport_introspection_cExport-noconfig.cmake
[5.777s] -- Up-to-date: /home/rstole01/Documents/CSE-596/msu_ws/install/ackermann_msgs/share/ackermann_msgs/cmake/ackermann_msgs__rosidl_typesupport_cExport.cmake
[5.778s] -- Up-to-date: /home/rstole01/Documents/CSE-596/msu_ws/install/ackermann_msgs/share/ackermann_msgs/cmake/ackermann_msgs__rosidl_typesupport_cExport-noconfig.cmake
[5.778s] -- Up-to-date: /home/rstole01/Documents/CSE-596/msu_ws/install/ackermann_msgs/share/ackermann_msgs/cmake/export_ackermann_msgs__rosidl_generator_cppExport.cmake
[5.778s] -- Up-to-date: /home/rstole01/Documents/CSE-596/msu_ws/install/ackermann_msgs/share/ackermann_msgs/cmake/export_ackermann_msgs__rosidl_typesupport_fastrtps_cppExport.cmake
[5.778s] -- Up-to-date: /home/rstole01/Documents/CSE-596/msu_ws/install/ackermann_msgs/share/ackermann_msgs/cmake/export_ackermann_msgs__rosidl_typesupport_fastrtps_cppExport-noconfig.cmake
[5.779s] -- Up-to-date: /home/rstole01/Documents/CSE-596/msu_ws/install/ackermann_msgs/share/ackermann_msgs/cmake/ackermann_msgs__rosidl_typesupport_introspection_cppExport.cmake
[5.779s] -- Up-to-date: /home/rstole01/Documents/CSE-596/msu_ws/install/ackermann_msgs/share/ackermann_msgs/cmake/ackermann_msgs__rosidl_typesupport_introspection_cppExport-noconfig.cmake
[5.779s] -- Up-to-date: /home/rstole01/Documents/CSE-596/msu_ws/install/ackermann_msgs/share/ackermann_msgs/cmake/ackermann_msgs__rosidl_typesupport_cppExport.cmake
[5.779s] -- Up-to-date: /home/rstole01/Documents/CSE-596/msu_ws/install/ackermann_msgs/share/ackermann_msgs/cmake/ackermann_msgs__rosidl_typesupport_cppExport-noconfig.cmake
[5.779s] -- Up-to-date: /home/rstole01/Documents/CSE-596/msu_ws/install/ackermann_msgs/share/ackermann_msgs/cmake/export_ackermann_msgs__rosidl_generator_pyExport.cmake
[5.780s] -- Up-to-date: /home/rstole01/Documents/CSE-596/msu_ws/install/ackermann_msgs/share/ackermann_msgs/cmake/export_ackermann_msgs__rosidl_generator_pyExport-noconfig.cmake
[5.780s] -- Up-to-date: /home/rstole01/Documents/CSE-596/msu_ws/install/ackermann_msgs/share/ackermann_msgs/cmake/rosidl_cmake-extras.cmake
[5.780s] -- Up-to-date: /home/rstole01/Documents/CSE-596/msu_ws/install/ackermann_msgs/share/ackermann_msgs/cmake/ament_cmake_export_dependencies-extras.cmake
[5.780s] -- Up-to-date: /home/rstole01/Documents/CSE-596/msu_ws/install/ackermann_msgs/share/ackermann_msgs/cmake/ament_cmake_export_include_directories-extras.cmake
[5.781s] -- Up-to-date: /home/rstole01/Documents/CSE-596/msu_ws/install/ackermann_msgs/share/ackermann_msgs/cmake/ament_cmake_export_libraries-extras.cmake
[5.781s] -- Up-to-date: /home/rstole01/Documents/CSE-596/msu_ws/install/ackermann_msgs/share/ackermann_msgs/cmake/ament_cmake_export_targets-extras.cmake
[5.781s] -- Up-to-date: /home/rstole01/Documents/CSE-596/msu_ws/install/ackermann_msgs/share/ackermann_msgs/cmake/rosidl_cmake_export_typesupport_targets-extras.cmake
[5.781s] -- Up-to-date: /home/rstole01/Documents/CSE-596/msu_ws/install/ackermann_msgs/share/ackermann_msgs/cmake/rosidl_cmake_export_typesupport_libraries-extras.cmake
[5.782s] -- Up-to-date: /home/rstole01/Documents/CSE-596/msu_ws/install/ackermann_msgs/share/ackermann_msgs/cmake/ackermann_msgsConfig.cmake
[5.782s] -- Up-to-date: /home/rstole01/Documents/CSE-596/msu_ws/install/ackermann_msgs/share/ackermann_msgs/cmake/ackermann_msgsConfig-version.cmake
[5.782s] -- Up-to-date: /home/rstole01/Documents/CSE-596/msu_ws/install/ackermann_msgs/share/ackermann_msgs/package.xml
[6.612s] Invoked command in '/home/rstole01/Documents/CSE-596/msu_ws/build/ackermann_msgs' returned '0': CMAKE_PREFIX_PATH=${CMAKE_PREFIX_PATH}:/home/rstole01/Documents/CSE-596/msu_ws/install/waypoint_writer:/home/rstole01/Documents/CSE-596/msu_ws/install/waypoint_follow:/home/rstole01/Documents/CSE-596/msu_ws/install/wall_follower_pid:/home/rstole01/Documents/CSE-596/msu_ws/install/qlearn:/home/rstole01/Documents/CSE-596/msu_ws/install/py_pubsub:/home/rstole01/Documents/CSE-596/msu_ws/install/plexer360:/home/rstole01/Documents/CSE-596/msu_ws/install/painter:/home/rstole01/Documents/CSE-596/msu_ws/install/f1tenth_gym_ros:/opt/ros/humble /usr/bin/cmake --install /home/rstole01/Documents/CSE-596/msu_ws/build/ackermann_msgs
