[1.268s] Invoking command in '/home/rstole01/Documents/CSE-596/msu_ws/build/my_messages': CMAKE_PREFIX_PATH=${CMAKE_PREFIX_PATH}:/home/rstole01/Documents/CSE-596/msu_ws/install/waypoint_writer:/home/rstole01/Documents/CSE-596/msu_ws/install/waypoint_follow:/home/rstole01/Documents/CSE-596/msu_ws/install/wall_follower_pid:/home/rstole01/Documents/CSE-596/msu_ws/install/qlearn:/home/rstole01/Documents/CSE-596/msu_ws/install/py_pubsub:/home/rstole01/Documents/CSE-596/msu_ws/install/plexer360:/home/rstole01/Documents/CSE-596/msu_ws/install/painter:/home/rstole01/Documents/CSE-596/msu_ws/install/f1tenth_gym_ros:/opt/ros/humble /usr/bin/cmake --build /home/rstole01/Documents/CSE-596/msu_ws/build/my_messages -- -j8 -l8
[3.874s] [ 10%] Built target my_messages__rosidl_generator_c
[3.874s] [ 12%] Built target my_messages__cpp
[3.874s] [ 12%] Built target ament_cmake_python_copy_my_messages
[3.874s] [ 23%] Built target my_messages__rosidl_typesupport_introspection_c
[3.875s] [ 33%] Built target my_messages__rosidl_typesupport_fastrtps_c
[3.875s] [ 43%] Built target my_messages__rosidl_typesupport_c
[3.875s] [ 53%] Built target my_messages__rosidl_typesupport_cpp
[3.875s] [ 64%] Built target my_messages__rosidl_typesupport_introspection_cpp
[3.876s] [ 74%] Built target my_messages__rosidl_typesupport_fastrtps_cpp
[3.876s] running egg_info
[3.876s] writing my_messages.egg-info/PKG-INFO
[3.876s] writing dependency_links to my_messages.egg-info/dependency_links.txt
[3.877s] writing top-level names to my_messages.egg-info/top_level.txt
[3.877s] reading manifest file 'my_messages.egg-info/SOURCES.txt'
[3.877s] writing manifest file 'my_messages.egg-info/SOURCES.txt'
[3.877s] [ 74%] Built target ament_cmake_python_build_my_messages_egg
[3.878s] [ 74%] Built target my_messages
[3.878s] [ 76%] Built target my_messages__py
[3.880s] [ 84%] Built target my_messages__rosidl_generator_py
[3.880s] [ 89%] Built target my_messages__rosidl_typesupport_fastrtps_c__pyext
[3.880s] [ 94%] Built target my_messages__rosidl_typesupport_c__pyext
[3.880s] [100%] Built target my_messages__rosidl_typesupport_introspection_c__pyext
[3.884s] Invoked command in '/home/rstole01/Documents/CSE-596/msu_ws/build/my_messages' returned '0': CMAKE_PREFIX_PATH=${CMAKE_PREFIX_PATH}:/home/rstole01/Documents/CSE-596/msu_ws/install/waypoint_writer:/home/rstole01/Documents/CSE-596/msu_ws/install/waypoint_follow:/home/rstole01/Documents/CSE-596/msu_ws/install/wall_follower_pid:/home/rstole01/Documents/CSE-596/msu_ws/install/qlearn:/home/rstole01/Documents/CSE-596/msu_ws/install/py_pubsub:/home/rstole01/Documents/CSE-596/msu_ws/install/plexer360:/home/rstole01/Documents/CSE-596/msu_ws/install/painter:/home/rstole01/Documents/CSE-596/msu_ws/install/f1tenth_gym_ros:/opt/ros/humble /usr/bin/cmake --build /home/rstole01/Documents/CSE-596/msu_ws/build/my_messages -- -j8 -l8
[4.743s] Invoking command in '/home/rstole01/Documents/CSE-596/msu_ws/build/my_messages': CMAKE_PREFIX_PATH=${CMAKE_PREFIX_PATH}:/home/rstole01/Documents/CSE-596/msu_ws/install/waypoint_writer:/home/rstole01/Documents/CSE-596/msu_ws/install/waypoint_follow:/home/rstole01/Documents/CSE-596/msu_ws/install/wall_follower_pid:/home/rstole01/Documents/CSE-596/msu_ws/install/qlearn:/home/rstole01/Documents/CSE-596/msu_ws/install/py_pubsub:/home/rstole01/Documents/CSE-596/msu_ws/install/plexer360:/home/rstole01/Documents/CSE-596/msu_ws/install/painter:/home/rstole01/Documents/CSE-596/msu_ws/install/f1tenth_gym_ros:/opt/ros/humble /usr/bin/cmake --install /home/rstole01/Documents/CSE-596/msu_ws/build/my_messages
[4.813s] -- Install configuration: ""
[4.814s] -- Up-to-date: /home/rstole01/Documents/CSE-596/msu_ws/install/my_messages/share/ament_index/resource_index/rosidl_interfaces/my_messages
[4.817s] -- Up-to-date: /home/rstole01/Documents/CSE-596/msu_ws/install/my_messages/include/my_messages/my_messages
[4.817s] -- Up-to-date: /home/rstole01/Documents/CSE-596/msu_ws/install/my_messages/include/my_messages/my_messages/msg
[4.817s] -- Up-to-date: /home/rstole01/Documents/CSE-596/msu_ws/install/my_messages/include/my_messages/my_messages/msg/rosidl_generator_c__visibility_control.h
[4.817s] -- Up-to-date: /home/rstole01/Documents/CSE-596/msu_ws/install/my_messages/include/my_messages/my_messages/msg/key_value.h
[4.818s] -- Up-to-date: /home/rstole01/Documents/CSE-596/msu_ws/install/my_messages/include/my_messages/my_messages/msg/detail
[4.818s] -- Up-to-date: /home/rstole01/Documents/CSE-596/msu_ws/install/my_messages/include/my_messages/my_messages/msg/detail/pid_input__type_support.h
[4.818s] -- Up-to-date: /home/rstole01/Documents/CSE-596/msu_ws/install/my_messages/include/my_messages/my_messages/msg/detail/pid_input__functions.h
[4.818s] -- Up-to-date: /home/rstole01/Documents/CSE-596/msu_ws/install/my_messages/include/my_messages/my_messages/msg/detail/key_value__type_support.h
[4.819s] -- Up-to-date: /home/rstole01/Documents/CSE-596/msu_ws/install/my_messages/include/my_messages/my_messages/msg/detail/pid_input__functions.c
[4.820s] -- Up-to-date: /home/rstole01/Documents/CSE-596/msu_ws/install/my_messages/include/my_messages/my_messages/msg/detail/pid_input__struct.h
[4.821s] -- Up-to-date: /home/rstole01/Documents/CSE-596/msu_ws/install/my_messages/include/my_messages/my_messages/msg/detail/key_value__functions.c
[4.825s] -- Up-to-date: /home/rstole01/Documents/CSE-596/msu_ws/install/my_messages/include/my_messages/my_messages/msg/detail/key_value__functions.h
[4.825s] -- Up-to-date: /home/rstole01/Documents/CSE-596/msu_ws/install/my_messages/include/my_messages/my_messages/msg/detail/key_value__struct.h
[4.825s] -- Up-to-date: /home/rstole01/Documents/CSE-596/msu_ws/install/my_messages/include/my_messages/my_messages/msg/pid_input.h
[4.826s] -- Up-to-date: /home/rstole01/Documents/CSE-596/msu_ws/install/my_messages/share/my_messages/environment/library_path.sh
[4.835s] -- Up-to-date: /home/rstole01/Documents/CSE-596/msu_ws/install/my_messages/share/my_messages/environment/library_path.dsv
[4.837s] -- Up-to-date: /home/rstole01/Documents/CSE-596/msu_ws/install/my_messages/lib/libmy_messages__rosidl_generator_c.so
[4.837s] -- Up-to-date: /home/rstole01/Documents/CSE-596/msu_ws/install/my_messages/include/my_messages/my_messages
[4.837s] -- Up-to-date: /home/rstole01/Documents/CSE-596/msu_ws/install/my_messages/include/my_messages/my_messages/msg
[4.837s] -- Up-to-date: /home/rstole01/Documents/CSE-596/msu_ws/install/my_messages/include/my_messages/my_messages/msg/rosidl_typesupport_fastrtps_c__visibility_control.h
[4.838s] -- Up-to-date: /home/rstole01/Documents/CSE-596/msu_ws/install/my_messages/include/my_messages/my_messages/msg/detail
[4.838s] -- Up-to-date: /home/rstole01/Documents/CSE-596/msu_ws/install/my_messages/include/my_messages/my_messages/msg/detail/key_value__rosidl_typesupport_fastrtps_c.h
[4.838s] -- Up-to-date: /home/rstole01/Documents/CSE-596/msu_ws/install/my_messages/include/my_messages/my_messages/msg/detail/pid_input__rosidl_typesupport_fastrtps_c.h
[4.838s] -- Up-to-date: /home/rstole01/Documents/CSE-596/msu_ws/install/my_messages/lib/libmy_messages__rosidl_typesupport_fastrtps_c.so
[4.839s] -- Up-to-date: /home/rstole01/Documents/CSE-596/msu_ws/install/my_messages/include/my_messages/my_messages
[4.839s] -- Up-to-date: /home/rstole01/Documents/CSE-596/msu_ws/install/my_messages/include/my_messages/my_messages/msg
[4.839s] -- Up-to-date: /home/rstole01/Documents/CSE-596/msu_ws/install/my_messages/include/my_messages/my_messages/msg/rosidl_typesupport_introspection_c__visibility_control.h
[4.840s] -- Up-to-date: /home/rstole01/Documents/CSE-596/msu_ws/install/my_messages/include/my_messages/my_messages/msg/detail
[4.840s] -- Up-to-date: /home/rstole01/Documents/CSE-596/msu_ws/install/my_messages/include/my_messages/my_messages/msg/detail/key_value__type_support.c
[4.840s] -- Up-to-date: /home/rstole01/Documents/CSE-596/msu_ws/install/my_messages/include/my_messages/my_messages/msg/detail/key_value__rosidl_typesupport_introspection_c.h
[4.840s] -- Up-to-date: /home/rstole01/Documents/CSE-596/msu_ws/install/my_messages/include/my_messages/my_messages/msg/detail/pid_input__rosidl_typesupport_introspection_c.h
[4.841s] -- Up-to-date: /home/rstole01/Documents/CSE-596/msu_ws/install/my_messages/include/my_messages/my_messages/msg/detail/pid_input__type_support.c
[4.841s] -- Up-to-date: /home/rstole01/Documents/CSE-596/msu_ws/install/my_messages/lib/libmy_messages__rosidl_typesupport_introspection_c.so
[4.841s] -- Up-to-date: /home/rstole01/Documents/CSE-596/msu_ws/install/my_messages/lib/libmy_messages__rosidl_typesupport_c.so
[4.841s] -- Up-to-date: /home/rstole01/Documents/CSE-596/msu_ws/install/my_messages/include/my_messages/my_messages
[4.841s] -- Up-to-date: /home/rstole01/Documents/CSE-596/msu_ws/install/my_messages/include/my_messages/my_messages/msg
[4.842s] -- Up-to-date: /home/rstole01/Documents/CSE-596/msu_ws/install/my_messages/include/my_messages/my_messages/msg/pid_input.hpp
[4.842s] -- Up-to-date: /home/rstole01/Documents/CSE-596/msu_ws/install/my_messages/include/my_messages/my_messages/msg/key_value.hpp
[4.842s] -- Up-to-date: /home/rstole01/Documents/CSE-596/msu_ws/install/my_messages/include/my_messages/my_messages/msg/detail
[4.843s] -- Up-to-date: /home/rstole01/Documents/CSE-596/msu_ws/install/my_messages/include/my_messages/my_messages/msg/detail/pid_input__builder.hpp
[4.843s] -- Up-to-date: /home/rstole01/Documents/CSE-596/msu_ws/install/my_messages/include/my_messages/my_messages/msg/detail/key_value__builder.hpp
[4.843s] -- Up-to-date: /home/rstole01/Documents/CSE-596/msu_ws/install/my_messages/include/my_messages/my_messages/msg/detail/pid_input__struct.hpp
[4.844s] -- Up-to-date: /home/rstole01/Documents/CSE-596/msu_ws/install/my_messages/include/my_messages/my_messages/msg/detail/pid_input__traits.hpp
[4.844s] -- Up-to-date: /home/rstole01/Documents/CSE-596/msu_ws/install/my_messages/include/my_messages/my_messages/msg/detail/key_value__traits.hpp
[4.844s] -- Up-to-date: /home/rstole01/Documents/CSE-596/msu_ws/install/my_messages/include/my_messages/my_messages/msg/detail/key_value__struct.hpp
[4.844s] -- Up-to-date: /home/rstole01/Documents/CSE-596/msu_ws/install/my_messages/include/my_messages/my_messages
[4.845s] -- Up-to-date: /home/rstole01/Documents/CSE-596/msu_ws/install/my_messages/include/my_messages/my_messages/msg
[4.845s] -- Up-to-date: /home/rstole01/Documents/CSE-596/msu_ws/install/my_messages/include/my_messages/my_messages/msg/detail
[4.845s] -- Up-to-date: /home/rstole01/Documents/CSE-596/msu_ws/install/my_messages/include/my_messages/my_messages/msg/detail/pid_input__rosidl_typesupport_fastrtps_cpp.hpp
[4.845s] -- Up-to-date: /home/rstole01/Documents/CSE-596/msu_ws/install/my_messages/include/my_messages/my_messages/msg/detail/key_value__rosidl_typesupport_fastrtps_cpp.hpp
[4.846s] -- Up-to-date: /home/rstole01/Documents/CSE-596/msu_ws/install/my_messages/include/my_messages/my_messages/msg/detail/dds_fastrtps
[4.846s] -- Up-to-date: /home/rstole01/Documents/CSE-596/msu_ws/install/my_messages/include/my_messages/my_messages/msg/rosidl_typesupport_fastrtps_cpp__visibility_control.h
[4.846s] -- Up-to-date: /home/rstole01/Documents/CSE-596/msu_ws/install/my_messages/lib/libmy_messages__rosidl_typesupport_fastrtps_cpp.so
[4.846s] -- Up-to-date: /home/rstole01/Documents/CSE-596/msu_ws/install/my_messages/include/my_messages/my_messages
[4.860s] -- Up-to-date: /home/rstole01/Documents/CSE-596/msu_ws/install/my_messages/include/my_messages/my_messages/msg
[4.861s] -- Up-to-date: /home/rstole01/Documents/CSE-596/msu_ws/install/my_messages/include/my_messages/my_messages/msg/detail
[4.875s] -- Up-to-date: /home/rstole01/Documents/CSE-596/msu_ws/install/my_messages/include/my_messages/my_messages/msg/detail/pid_input__rosidl_typesupport_introspection_cpp.hpp
[4.876s] -- Up-to-date: /home/rstole01/Documents/CSE-596/msu_ws/install/my_messages/include/my_messages/my_messages/msg/detail/pid_input__type_support.cpp
[4.892s] -- Up-to-date: /home/rstole01/Documents/CSE-596/msu_ws/install/my_messages/include/my_messages/my_messages/msg/detail/key_value__type_support.cpp
[4.892s] -- Up-to-date: /home/rstole01/Documents/CSE-596/msu_ws/install/my_messages/include/my_messages/my_messages/msg/detail/key_value__rosidl_typesupport_introspection_cpp.hpp
[4.892s] -- Up-to-date: /home/rstole01/Documents/CSE-596/msu_ws/install/my_messages/lib/libmy_messages__rosidl_typesupport_introspection_cpp.so
[4.893s] -- Up-to-date: /home/rstole01/Documents/CSE-596/msu_ws/install/my_messages/lib/libmy_messages__rosidl_typesupport_cpp.so
[4.893s] -- Up-to-date: /home/rstole01/Documents/CSE-596/msu_ws/install/my_messages/share/my_messages/environment/pythonpath.sh
[4.893s] -- Up-to-date: /home/rstole01/Documents/CSE-596/msu_ws/install/my_messages/share/my_messages/environment/pythonpath.dsv
[4.893s] -- Up-to-date: /home/rstole01/Documents/CSE-596/msu_ws/install/my_messages/local/lib/python3.10/dist-packages/my_messages-0.0.0-py3.10.egg-info
[4.893s] -- Installing: /home/rstole01/Documents/CSE-596/msu_ws/install/my_messages/local/lib/python3.10/dist-packages/my_messages-0.0.0-py3.10.egg-info/top_level.txt
[4.894s] -- Installing: /home/rstole01/Documents/CSE-596/msu_ws/install/my_messages/local/lib/python3.10/dist-packages/my_messages-0.0.0-py3.10.egg-info/SOURCES.txt
[4.894s] -- Installing: /home/rstole01/Documents/CSE-596/msu_ws/install/my_messages/local/lib/python3.10/dist-packages/my_messages-0.0.0-py3.10.egg-info/PKG-INFO
[4.894s] -- Installing: /home/rstole01/Documents/CSE-596/msu_ws/install/my_messages/local/lib/python3.10/dist-packages/my_messages-0.0.0-py3.10.egg-info/dependency_links.txt
[4.894s] -- Up-to-date: /home/rstole01/Documents/CSE-596/msu_ws/install/my_messages/local/lib/python3.10/dist-packages/my_messages
[4.895s] -- Up-to-date: /home/rstole01/Documents/CSE-596/msu_ws/install/my_messages/local/lib/python3.10/dist-packages/my_messages/libmy_messages__rosidl_generator_py.so
[4.895s] -- Up-to-date: /home/rstole01/Documents/CSE-596/msu_ws/install/my_messages/local/lib/python3.10/dist-packages/my_messages/_my_messages_s.ep.rosidl_typesupport_introspection_c.c
[4.895s] -- Up-to-date: /home/rstole01/Documents/CSE-596/msu_ws/install/my_messages/local/lib/python3.10/dist-packages/my_messages/my_messages_s__rosidl_typesupport_fastrtps_c.cpython-310-x86_64-linux-gnu.so
[4.896s] -- Up-to-date: /home/rstole01/Documents/CSE-596/msu_ws/install/my_messages/local/lib/python3.10/dist-packages/my_messages/_my_messages_s.ep.rosidl_typesupport_c.c
[4.896s] -- Up-to-date: /home/rstole01/Documents/CSE-596/msu_ws/install/my_messages/local/lib/python3.10/dist-packages/my_messages/my_messages_s__rosidl_typesupport_c.cpython-310-x86_64-linux-gnu.so
[4.896s] -- Up-to-date: /home/rstole01/Documents/CSE-596/msu_ws/install/my_messages/local/lib/python3.10/dist-packages/my_messages/__init__.py
[4.897s] -- Up-to-date: /home/rstole01/Documents/CSE-596/msu_ws/install/my_messages/local/lib/python3.10/dist-packages/my_messages/msg
[4.897s] -- Up-to-date: /home/rstole01/Documents/CSE-596/msu_ws/install/my_messages/local/lib/python3.10/dist-packages/my_messages/msg/_key_value.py
[4.897s] -- Up-to-date: /home/rstole01/Documents/CSE-596/msu_ws/install/my_messages/local/lib/python3.10/dist-packages/my_messages/msg/_key_value_s.c
[4.898s] -- Up-to-date: /home/rstole01/Documents/CSE-596/msu_ws/install/my_messages/local/lib/python3.10/dist-packages/my_messages/msg/_pid_input.py
[4.898s] -- Up-to-date: /home/rstole01/Documents/CSE-596/msu_ws/install/my_messages/local/lib/python3.10/dist-packages/my_messages/msg/__init__.py
[4.898s] -- Up-to-date: /home/rstole01/Documents/CSE-596/msu_ws/install/my_messages/local/lib/python3.10/dist-packages/my_messages/msg/_pid_input_s.c
[4.898s] -- Up-to-date: /home/rstole01/Documents/CSE-596/msu_ws/install/my_messages/local/lib/python3.10/dist-packages/my_messages/my_messages_s__rosidl_typesupport_introspection_c.cpython-310-x86_64-linux-gnu.so
[4.898s] -- Up-to-date: /home/rstole01/Documents/CSE-596/msu_ws/install/my_messages/local/lib/python3.10/dist-packages/my_messages/_my_messages_s.ep.rosidl_typesupport_fastrtps_c.c
[5.008s] Listing '/home/rstole01/Documents/CSE-596/msu_ws/install/my_messages/local/lib/python3.10/dist-packages/my_messages'...
[5.008s] Listing '/home/rstole01/Documents/CSE-596/msu_ws/install/my_messages/local/lib/python3.10/dist-packages/my_messages/msg'...
[5.018s] -- Up-to-date: /home/rstole01/Documents/CSE-596/msu_ws/install/my_messages/local/lib/python3.10/dist-packages/my_messages/my_messages_s__rosidl_typesupport_fastrtps_c.cpython-310-x86_64-linux-gnu.so
[5.028s] -- Up-to-date: /home/rstole01/Documents/CSE-596/msu_ws/install/my_messages/local/lib/python3.10/dist-packages/my_messages/my_messages_s__rosidl_typesupport_introspection_c.cpython-310-x86_64-linux-gnu.so
[5.029s] -- Up-to-date: /home/rstole01/Documents/CSE-596/msu_ws/install/my_messages/local/lib/python3.10/dist-packages/my_messages/my_messages_s__rosidl_typesupport_c.cpython-310-x86_64-linux-gnu.so
[5.030s] -- Up-to-date: /home/rstole01/Documents/CSE-596/msu_ws/install/my_messages/lib/libmy_messages__rosidl_generator_py.so
[5.031s] -- Up-to-date: /home/rstole01/Documents/CSE-596/msu_ws/install/my_messages/share/my_messages/msg/PIDInput.idl
[5.038s] -- Up-to-date: /home/rstole01/Documents/CSE-596/msu_ws/install/my_messages/share/my_messages/msg/KeyValue.idl
[5.051s] -- Up-to-date: /home/rstole01/Documents/CSE-596/msu_ws/install/my_messages/share/my_messages/msg/PIDInput.msg
[5.052s] -- Up-to-date: /home/rstole01/Documents/CSE-596/msu_ws/install/my_messages/share/my_messages/msg/KeyValue.msg
[5.052s] -- Up-to-date: /home/rstole01/Documents/CSE-596/msu_ws/install/my_messages/share/ament_index/resource_index/package_run_dependencies/my_messages
[5.052s] -- Up-to-date: /home/rstole01/Documents/CSE-596/msu_ws/install/my_messages/share/ament_index/resource_index/parent_prefix_path/my_messages
[5.052s] -- Up-to-date: /home/rstole01/Documents/CSE-596/msu_ws/install/my_messages/share/my_messages/environment/ament_prefix_path.sh
[5.053s] -- Up-to-date: /home/rstole01/Documents/CSE-596/msu_ws/install/my_messages/share/my_messages/environment/ament_prefix_path.dsv
[5.053s] -- Up-to-date: /home/rstole01/Documents/CSE-596/msu_ws/install/my_messages/share/my_messages/environment/path.sh
[5.053s] -- Up-to-date: /home/rstole01/Documents/CSE-596/msu_ws/install/my_messages/share/my_messages/environment/path.dsv
[5.053s] -- Up-to-date: /home/rstole01/Documents/CSE-596/msu_ws/install/my_messages/share/my_messages/local_setup.bash
[5.054s] -- Up-to-date: /home/rstole01/Documents/CSE-596/msu_ws/install/my_messages/share/my_messages/local_setup.sh
[5.054s] -- Up-to-date: /home/rstole01/Documents/CSE-596/msu_ws/install/my_messages/share/my_messages/local_setup.zsh
[5.054s] -- Up-to-date: /home/rstole01/Documents/CSE-596/msu_ws/install/my_messages/share/my_messages/local_setup.dsv
[5.054s] -- Installing: /home/rstole01/Documents/CSE-596/msu_ws/install/my_messages/share/my_messages/package.dsv
[5.055s] -- Up-to-date: /home/rstole01/Documents/CSE-596/msu_ws/install/my_messages/share/ament_index/resource_index/packages/my_messages
[5.055s] -- Up-to-date: /home/rstole01/Documents/CSE-596/msu_ws/install/my_messages/share/my_messages/cmake/export_my_messages__rosidl_generator_cExport.cmake
[5.055s] -- Up-to-date: /home/rstole01/Documents/CSE-596/msu_ws/install/my_messages/share/my_messages/cmake/export_my_messages__rosidl_generator_cExport-noconfig.cmake
[5.055s] -- Up-to-date: /home/rstole01/Documents/CSE-596/msu_ws/install/my_messages/share/my_messages/cmake/export_my_messages__rosidl_typesupport_fastrtps_cExport.cmake
[5.056s] -- Up-to-date: /home/rstole01/Documents/CSE-596/msu_ws/install/my_messages/share/my_messages/cmake/export_my_messages__rosidl_typesupport_fastrtps_cExport-noconfig.cmake
[5.056s] -- Up-to-date: /home/rstole01/Documents/CSE-596/msu_ws/install/my_messages/share/my_messages/cmake/my_messages__rosidl_typesupport_introspection_cExport.cmake
[5.056s] -- Up-to-date: /home/rstole01/Documents/CSE-596/msu_ws/install/my_messages/share/my_messages/cmake/my_messages__rosidl_typesupport_introspection_cExport-noconfig.cmake
[5.056s] -- Up-to-date: /home/rstole01/Documents/CSE-596/msu_ws/install/my_messages/share/my_messages/cmake/my_messages__rosidl_typesupport_cExport.cmake
[5.057s] -- Up-to-date: /home/rstole01/Documents/CSE-596/msu_ws/install/my_messages/share/my_messages/cmake/my_messages__rosidl_typesupport_cExport-noconfig.cmake
[5.057s] -- Up-to-date: /home/rstole01/Documents/CSE-596/msu_ws/install/my_messages/share/my_messages/cmake/export_my_messages__rosidl_generator_cppExport.cmake
[5.057s] -- Up-to-date: /home/rstole01/Documents/CSE-596/msu_ws/install/my_messages/share/my_messages/cmake/export_my_messages__rosidl_typesupport_fastrtps_cppExport.cmake
[5.057s] -- Up-to-date: /home/rstole01/Documents/CSE-596/msu_ws/install/my_messages/share/my_messages/cmake/export_my_messages__rosidl_typesupport_fastrtps_cppExport-noconfig.cmake
[5.058s] -- Up-to-date: /home/rstole01/Documents/CSE-596/msu_ws/install/my_messages/share/my_messages/cmake/my_messages__rosidl_typesupport_introspection_cppExport.cmake
[5.058s] -- Up-to-date: /home/rstole01/Documents/CSE-596/msu_ws/install/my_messages/share/my_messages/cmake/my_messages__rosidl_typesupport_introspection_cppExport-noconfig.cmake
[5.058s] -- Up-to-date: /home/rstole01/Documents/CSE-596/msu_ws/install/my_messages/share/my_messages/cmake/my_messages__rosidl_typesupport_cppExport.cmake
[5.058s] -- Up-to-date: /home/rstole01/Documents/CSE-596/msu_ws/install/my_messages/share/my_messages/cmake/my_messages__rosidl_typesupport_cppExport-noconfig.cmake
[5.059s] -- Up-to-date: /home/rstole01/Documents/CSE-596/msu_ws/install/my_messages/share/my_messages/cmake/export_my_messages__rosidl_generator_pyExport.cmake
[5.059s] -- Up-to-date: /home/rstole01/Documents/CSE-596/msu_ws/install/my_messages/share/my_messages/cmake/export_my_messages__rosidl_generator_pyExport-noconfig.cmake
[5.059s] -- Up-to-date: /home/rstole01/Documents/CSE-596/msu_ws/install/my_messages/share/my_messages/cmake/rosidl_cmake-extras.cmake
[5.059s] -- Up-to-date: /home/rstole01/Documents/CSE-596/msu_ws/install/my_messages/share/my_messages/cmake/ament_cmake_export_dependencies-extras.cmake
[5.060s] -- Up-to-date: /home/rstole01/Documents/CSE-596/msu_ws/install/my_messages/share/my_messages/cmake/ament_cmake_export_include_directories-extras.cmake
[5.060s] -- Up-to-date: /home/rstole01/Documents/CSE-596/msu_ws/install/my_messages/share/my_messages/cmake/ament_cmake_export_libraries-extras.cmake
[5.060s] -- Up-to-date: /home/rstole01/Documents/CSE-596/msu_ws/install/my_messages/share/my_messages/cmake/ament_cmake_export_targets-extras.cmake
[5.060s] -- Up-to-date: /home/rstole01/Documents/CSE-596/msu_ws/install/my_messages/share/my_messages/cmake/rosidl_cmake_export_typesupport_targets-extras.cmake
[5.061s] -- Up-to-date: /home/rstole01/Documents/CSE-596/msu_ws/install/my_messages/share/my_messages/cmake/rosidl_cmake_export_typesupport_libraries-extras.cmake
[5.061s] -- Up-to-date: /home/rstole01/Documents/CSE-596/msu_ws/install/my_messages/share/my_messages/cmake/my_messagesConfig.cmake
[5.061s] -- Up-to-date: /home/rstole01/Documents/CSE-596/msu_ws/install/my_messages/share/my_messages/cmake/my_messagesConfig-version.cmake
[5.061s] -- Up-to-date: /home/rstole01/Documents/CSE-596/msu_ws/install/my_messages/share/my_messages/package.xml
[6.054s] Invoked command in '/home/rstole01/Documents/CSE-596/msu_ws/build/my_messages' returned '0': CMAKE_PREFIX_PATH=${CMAKE_PREFIX_PATH}:/home/rstole01/Documents/CSE-596/msu_ws/install/waypoint_writer:/home/rstole01/Documents/CSE-596/msu_ws/install/waypoint_follow:/home/rstole01/Documents/CSE-596/msu_ws/install/wall_follower_pid:/home/rstole01/Documents/CSE-596/msu_ws/install/qlearn:/home/rstole01/Documents/CSE-596/msu_ws/install/py_pubsub:/home/rstole01/Documents/CSE-596/msu_ws/install/plexer360:/home/rstole01/Documents/CSE-596/msu_ws/install/painter:/home/rstole01/Documents/CSE-596/msu_ws/install/f1tenth_gym_ros:/opt/ros/humble /usr/bin/cmake --install /home/rstole01/Documents/CSE-596/msu_ws/build/my_messages
