[0.934s] Invoking command in '/home/rstole01/Documents/CSE-596/msu_ws/src/wall_follower_pid': CMAKE_PREFIX_PATH=/home/rstole01/Documents/CSE-596/msu_ws/install/pid_msgs:/home/rstole01/Documents/CSE-596/msu_ws/install/ackermann_msgs:/home/rstole01/Documents/CSE-596/msu_ws/install/waypoint_publisher:/home/rstole01/Documents/CSE-596/msu_ws/install/slam_toolbox:/home/rstole01/Documents/CSE-596/msu_ws/install/qlearn_interfaces:/home/rstole01/Documents/CSE-596/msu_ws/install/my_messages LD_LIBRARY_PATH=/home/rstole01/Documents/CSE-596/msu_ws/install/pid_msgs/lib:/home/rstole01/Documents/CSE-596/msu_ws/install/ackermann_msgs/lib:/home/rstole01/Documents/CSE-596/msu_ws/install/slam_toolbox/lib:/home/rstole01/Documents/CSE-596/msu_ws/install/qlearn_interfaces/lib:/home/rstole01/Documents/CSE-596/msu_ws/install/my_messages/lib:/usr/lib/x86_64-linux-gnu/gazebo-11/plugins:/opt/ros/humble/opt/rviz_ogre_vendor/lib:/opt/ros/humble/lib/x86_64-linux-gnu:/opt/ros/humble/lib PYTHONPATH=/home/rstole01/Documents/CSE-596/msu_ws/build/wall_follower_pid/prefix_override:/home/rstole01/Documents/CSE-596/msu_ws/install/wall_follower_pid/lib/python3.10/site-packages:${PYTHONPATH} /usr/bin/python3 setup.py egg_info --egg-base ../../build/wall_follower_pid build --build-base /home/rstole01/Documents/CSE-596/msu_ws/build/wall_follower_pid/build install --record /home/rstole01/Documents/CSE-596/msu_ws/build/wall_follower_pid/install.log --single-version-externally-managed
[1.266s] running egg_info
[1.267s] writing ../../build/wall_follower_pid/wall_follower_pid.egg-info/PKG-INFO
[1.268s] writing dependency_links to ../../build/wall_follower_pid/wall_follower_pid.egg-info/dependency_links.txt
[1.268s] writing entry points to ../../build/wall_follower_pid/wall_follower_pid.egg-info/entry_points.txt
[1.268s] writing requirements to ../../build/wall_follower_pid/wall_follower_pid.egg-info/requires.txt
[1.269s] writing top-level names to ../../build/wall_follower_pid/wall_follower_pid.egg-info/top_level.txt
[1.271s] reading manifest file '../../build/wall_follower_pid/wall_follower_pid.egg-info/SOURCES.txt'
[1.295s] writing manifest file '../../build/wall_follower_pid/wall_follower_pid.egg-info/SOURCES.txt'
[1.295s] running build
[1.296s] running build_py
[1.296s] copying wall_follower_pid/wall_distance_finder.py -> /home/rstole01/Documents/CSE-596/msu_ws/build/wall_follower_pid/build/lib/wall_follower_pid
[1.296s] running install
[1.296s] /usr/lib/python3/dist-packages/setuptools/command/install.py:34: SetuptoolsDeprecationWarning: setup.py install is deprecated. Use build and pip and other standards-based tools.
[1.297s]   warnings.warn(
[1.297s] running install_lib
[1.298s] copying /home/rstole01/Documents/CSE-596/msu_ws/build/wall_follower_pid/build/lib/wall_follower_pid/wall_distance_finder.py -> /home/rstole01/Documents/CSE-596/msu_ws/install/wall_follower_pid/lib/python3.10/site-packages/wall_follower_pid
[1.299s] byte-compiling /home/rstole01/Documents/CSE-596/msu_ws/install/wall_follower_pid/lib/python3.10/site-packages/wall_follower_pid/wall_distance_finder.py to wall_distance_finder.cpython-310.pyc
[1.300s] running install_data
[1.301s] running install_egg_info
[1.305s] removing '/home/rstole01/Documents/CSE-596/msu_ws/install/wall_follower_pid/lib/python3.10/site-packages/wall_follower_pid-0.0.0-py3.10.egg-info' (and everything under it)
[1.305s] Copying ../../build/wall_follower_pid/wall_follower_pid.egg-info to /home/rstole01/Documents/CSE-596/msu_ws/install/wall_follower_pid/lib/python3.10/site-packages/wall_follower_pid-0.0.0-py3.10.egg-info
[1.307s] running install_scripts
[1.350s] Installing control script to /home/rstole01/Documents/CSE-596/msu_ws/install/wall_follower_pid/lib/wall_follower_pid
[1.350s] Installing wall_distance_finder script to /home/rstole01/Documents/CSE-596/msu_ws/install/wall_follower_pid/lib/wall_follower_pid
[1.351s] writing list of installed files to '/home/rstole01/Documents/CSE-596/msu_ws/build/wall_follower_pid/install.log'
[1.392s] Invoked command in '/home/rstole01/Documents/CSE-596/msu_ws/src/wall_follower_pid' returned '0': CMAKE_PREFIX_PATH=/home/rstole01/Documents/CSE-596/msu_ws/install/pid_msgs:/home/rstole01/Documents/CSE-596/msu_ws/install/ackermann_msgs:/home/rstole01/Documents/CSE-596/msu_ws/install/waypoint_publisher:/home/rstole01/Documents/CSE-596/msu_ws/install/slam_toolbox:/home/rstole01/Documents/CSE-596/msu_ws/install/qlearn_interfaces:/home/rstole01/Documents/CSE-596/msu_ws/install/my_messages LD_LIBRARY_PATH=/home/rstole01/Documents/CSE-596/msu_ws/install/pid_msgs/lib:/home/rstole01/Documents/CSE-596/msu_ws/install/ackermann_msgs/lib:/home/rstole01/Documents/CSE-596/msu_ws/install/slam_toolbox/lib:/home/rstole01/Documents/CSE-596/msu_ws/install/qlearn_interfaces/lib:/home/rstole01/Documents/CSE-596/msu_ws/install/my_messages/lib:/usr/lib/x86_64-linux-gnu/gazebo-11/plugins:/opt/ros/humble/opt/rviz_ogre_vendor/lib:/opt/ros/humble/lib/x86_64-linux-gnu:/opt/ros/humble/lib PYTHONPATH=/home/rstole01/Documents/CSE-596/msu_ws/build/wall_follower_pid/prefix_override:/home/rstole01/Documents/CSE-596/msu_ws/install/wall_follower_pid/lib/python3.10/site-packages:${PYTHONPATH} /usr/bin/python3 setup.py egg_info --egg-base ../../build/wall_follower_pid build --build-base /home/rstole01/Documents/CSE-596/msu_ws/build/wall_follower_pid/build install --record /home/rstole01/Documents/CSE-596/msu_ws/build/wall_follower_pid/install.log --single-version-externally-managed
