[2.962s] Invoking command in '/home/rstole01/Documents/CSE-596/msu_ws/build/qlearn_interfaces': CMAKE_PREFIX_PATH=${CMAKE_PREFIX_PATH}:/home/rstole01/Documents/CSE-596/msu_ws/install/waypoint_writer:/home/rstole01/Documents/CSE-596/msu_ws/install/waypoint_follow:/home/rstole01/Documents/CSE-596/msu_ws/install/wall_follower_pid:/home/rstole01/Documents/CSE-596/msu_ws/install/qlearn:/home/rstole01/Documents/CSE-596/msu_ws/install/py_pubsub:/home/rstole01/Documents/CSE-596/msu_ws/install/plexer360:/home/rstole01/Documents/CSE-596/msu_ws/install/painter:/home/rstole01/Documents/CSE-596/msu_ws/install/f1tenth_gym_ros:/opt/ros/humble /usr/bin/cmake --build /home/rstole01/Documents/CSE-596/msu_ws/build/qlearn_interfaces -- -j8 -l8
[3.181s] [  1%] Built target qlearn_interfaces__cpp
[3.196s] [ 12%] Built target qlearn_interfaces__rosidl_generator_c
[3.213s] [ 12%] Built target ament_cmake_python_copy_qlearn_interfaces
[3.370s] [ 23%] Built target qlearn_interfaces__rosidl_typesupport_fastrtps_cpp
[3.424s] [ 35%] Built target qlearn_interfaces__rosidl_typesupport_cpp
[3.487s] [ 46%] Built target qlearn_interfaces__rosidl_typesupport_introspection_c
[3.492s] [ 57%] Built target qlearn_interfaces__rosidl_typesupport_introspection_cpp
[3.505s] [ 69%] Built target qlearn_interfaces__rosidl_typesupport_fastrtps_c
[3.507s] [ 80%] Built target qlearn_interfaces__rosidl_typesupport_c
[3.692s] [ 80%] Built target qlearn_interfaces
[3.826s] [ 81%] Built target qlearn_interfaces__py
[4.001s] [ 91%] Built target qlearn_interfaces__rosidl_generator_py
[4.186s] [ 94%] Built target qlearn_interfaces__rosidl_typesupport_introspection_c__pyext
[4.186s] [ 97%] Built target qlearn_interfaces__rosidl_typesupport_fastrtps_c__pyext
[4.229s] [100%] Built target qlearn_interfaces__rosidl_typesupport_c__pyext
[4.710s] running egg_info
[4.724s] writing qlearn_interfaces.egg-info/PKG-INFO
[4.724s] writing dependency_links to qlearn_interfaces.egg-info/dependency_links.txt
[4.724s] writing top-level names to qlearn_interfaces.egg-info/top_level.txt
[4.751s] reading manifest file 'qlearn_interfaces.egg-info/SOURCES.txt'
[4.752s] writing manifest file 'qlearn_interfaces.egg-info/SOURCES.txt'
[4.863s] [100%] Built target ament_cmake_python_build_qlearn_interfaces_egg
[5.804s] Invoked command in '/home/rstole01/Documents/CSE-596/msu_ws/build/qlearn_interfaces' returned '0': CMAKE_PREFIX_PATH=${CMAKE_PREFIX_PATH}:/home/rstole01/Documents/CSE-596/msu_ws/install/waypoint_writer:/home/rstole01/Documents/CSE-596/msu_ws/install/waypoint_follow:/home/rstole01/Documents/CSE-596/msu_ws/install/wall_follower_pid:/home/rstole01/Documents/CSE-596/msu_ws/install/qlearn:/home/rstole01/Documents/CSE-596/msu_ws/install/py_pubsub:/home/rstole01/Documents/CSE-596/msu_ws/install/plexer360:/home/rstole01/Documents/CSE-596/msu_ws/install/painter:/home/rstole01/Documents/CSE-596/msu_ws/install/f1tenth_gym_ros:/opt/ros/humble /usr/bin/cmake --build /home/rstole01/Documents/CSE-596/msu_ws/build/qlearn_interfaces -- -j8 -l8
[8.559s] Invoking command in '/home/rstole01/Documents/CSE-596/msu_ws/build/qlearn_interfaces': CMAKE_PREFIX_PATH=${CMAKE_PREFIX_PATH}:/home/rstole01/Documents/CSE-596/msu_ws/install/waypoint_writer:/home/rstole01/Documents/CSE-596/msu_ws/install/waypoint_follow:/home/rstole01/Documents/CSE-596/msu_ws/install/wall_follower_pid:/home/rstole01/Documents/CSE-596/msu_ws/install/qlearn:/home/rstole01/Documents/CSE-596/msu_ws/install/py_pubsub:/home/rstole01/Documents/CSE-596/msu_ws/install/plexer360:/home/rstole01/Documents/CSE-596/msu_ws/install/painter:/home/rstole01/Documents/CSE-596/msu_ws/install/f1tenth_gym_ros:/opt/ros/humble /usr/bin/cmake --install /home/rstole01/Documents/CSE-596/msu_ws/build/qlearn_interfaces
[9.240s] -- Install configuration: ""
[9.240s] -- Up-to-date: /home/rstole01/Documents/CSE-596/msu_ws/install/qlearn_interfaces/share/ament_index/resource_index/rosidl_interfaces/qlearn_interfaces
[9.247s] -- Up-to-date: /home/rstole01/Documents/CSE-596/msu_ws/install/qlearn_interfaces/include/qlearn_interfaces/qlearn_interfaces
[9.250s] -- Up-to-date: /home/rstole01/Documents/CSE-596/msu_ws/install/qlearn_interfaces/include/qlearn_interfaces/qlearn_interfaces/srv
[9.250s] -- Up-to-date: /home/rstole01/Documents/CSE-596/msu_ws/install/qlearn_interfaces/include/qlearn_interfaces/qlearn_interfaces/srv/save_q_table.h
[9.251s] -- Up-to-date: /home/rstole01/Documents/CSE-596/msu_ws/install/qlearn_interfaces/include/qlearn_interfaces/qlearn_interfaces/srv/set_int.h
[9.252s] -- Up-to-date: /home/rstole01/Documents/CSE-596/msu_ws/install/qlearn_interfaces/include/qlearn_interfaces/qlearn_interfaces/srv/set_float.h
[9.252s] -- Up-to-date: /home/rstole01/Documents/CSE-596/msu_ws/install/qlearn_interfaces/include/qlearn_interfaces/qlearn_interfaces/srv/detail
[9.252s] -- Up-to-date: /home/rstole01/Documents/CSE-596/msu_ws/install/qlearn_interfaces/include/qlearn_interfaces/qlearn_interfaces/srv/detail/load_q_table__functions.h
[9.252s] -- Up-to-date: /home/rstole01/Documents/CSE-596/msu_ws/install/qlearn_interfaces/include/qlearn_interfaces/qlearn_interfaces/srv/detail/load_q_table__functions.c
[9.253s] -- Up-to-date: /home/rstole01/Documents/CSE-596/msu_ws/install/qlearn_interfaces/include/qlearn_interfaces/qlearn_interfaces/srv/detail/set_int__functions.c
[9.253s] -- Up-to-date: /home/rstole01/Documents/CSE-596/msu_ws/install/qlearn_interfaces/include/qlearn_interfaces/qlearn_interfaces/srv/detail/set_float__functions.h
[9.253s] -- Up-to-date: /home/rstole01/Documents/CSE-596/msu_ws/install/qlearn_interfaces/include/qlearn_interfaces/qlearn_interfaces/srv/detail/save_q_table__functions.h
[9.254s] -- Up-to-date: /home/rstole01/Documents/CSE-596/msu_ws/install/qlearn_interfaces/include/qlearn_interfaces/qlearn_interfaces/srv/detail/set_int__type_support.h
[9.254s] -- Up-to-date: /home/rstole01/Documents/CSE-596/msu_ws/install/qlearn_interfaces/include/qlearn_interfaces/qlearn_interfaces/srv/detail/save_q_table__type_support.h
[9.254s] -- Up-to-date: /home/rstole01/Documents/CSE-596/msu_ws/install/qlearn_interfaces/include/qlearn_interfaces/qlearn_interfaces/srv/detail/set_int__functions.h
[9.254s] -- Up-to-date: /home/rstole01/Documents/CSE-596/msu_ws/install/qlearn_interfaces/include/qlearn_interfaces/qlearn_interfaces/srv/detail/load_q_table__struct.h
[9.255s] -- Up-to-date: /home/rstole01/Documents/CSE-596/msu_ws/install/qlearn_interfaces/include/qlearn_interfaces/qlearn_interfaces/srv/detail/save_q_table__functions.c
[9.255s] -- Up-to-date: /home/rstole01/Documents/CSE-596/msu_ws/install/qlearn_interfaces/include/qlearn_interfaces/qlearn_interfaces/srv/detail/save_q_table__struct.h
[9.256s] -- Up-to-date: /home/rstole01/Documents/CSE-596/msu_ws/install/qlearn_interfaces/include/qlearn_interfaces/qlearn_interfaces/srv/detail/set_int__struct.h
[9.256s] -- Up-to-date: /home/rstole01/Documents/CSE-596/msu_ws/install/qlearn_interfaces/include/qlearn_interfaces/qlearn_interfaces/srv/detail/set_float__type_support.h
[9.256s] -- Up-to-date: /home/rstole01/Documents/CSE-596/msu_ws/install/qlearn_interfaces/include/qlearn_interfaces/qlearn_interfaces/srv/detail/set_float__struct.h
[9.257s] -- Up-to-date: /home/rstole01/Documents/CSE-596/msu_ws/install/qlearn_interfaces/include/qlearn_interfaces/qlearn_interfaces/srv/detail/load_q_table__type_support.h
[9.257s] -- Up-to-date: /home/rstole01/Documents/CSE-596/msu_ws/install/qlearn_interfaces/include/qlearn_interfaces/qlearn_interfaces/srv/detail/set_float__functions.c
[9.257s] -- Up-to-date: /home/rstole01/Documents/CSE-596/msu_ws/install/qlearn_interfaces/include/qlearn_interfaces/qlearn_interfaces/srv/load_q_table.h
[9.258s] -- Up-to-date: /home/rstole01/Documents/CSE-596/msu_ws/install/qlearn_interfaces/include/qlearn_interfaces/qlearn_interfaces/msg
[9.258s] -- Up-to-date: /home/rstole01/Documents/CSE-596/msu_ws/install/qlearn_interfaces/include/qlearn_interfaces/qlearn_interfaces/msg/float_stamped.h
[9.258s] -- Up-to-date: /home/rstole01/Documents/CSE-596/msu_ws/install/qlearn_interfaces/include/qlearn_interfaces/qlearn_interfaces/msg/rosidl_generator_c__visibility_control.h
[9.259s] -- Up-to-date: /home/rstole01/Documents/CSE-596/msu_ws/install/qlearn_interfaces/include/qlearn_interfaces/qlearn_interfaces/msg/int_stamped.h
[9.259s] -- Up-to-date: /home/rstole01/Documents/CSE-596/msu_ws/install/qlearn_interfaces/include/qlearn_interfaces/qlearn_interfaces/msg/detail
[9.259s] -- Up-to-date: /home/rstole01/Documents/CSE-596/msu_ws/install/qlearn_interfaces/include/qlearn_interfaces/qlearn_interfaces/msg/detail/int_stamped__type_support.h
[9.260s] -- Up-to-date: /home/rstole01/Documents/CSE-596/msu_ws/install/qlearn_interfaces/include/qlearn_interfaces/qlearn_interfaces/msg/detail/int_stamped__struct.h
[9.260s] -- Up-to-date: /home/rstole01/Documents/CSE-596/msu_ws/install/qlearn_interfaces/include/qlearn_interfaces/qlearn_interfaces/msg/detail/float_stamped__functions.h
[9.260s] -- Up-to-date: /home/rstole01/Documents/CSE-596/msu_ws/install/qlearn_interfaces/include/qlearn_interfaces/qlearn_interfaces/msg/detail/int_stamped__functions.c
[9.261s] -- Up-to-date: /home/rstole01/Documents/CSE-596/msu_ws/install/qlearn_interfaces/include/qlearn_interfaces/qlearn_interfaces/msg/detail/int_stamped__functions.h
[9.261s] -- Up-to-date: /home/rstole01/Documents/CSE-596/msu_ws/install/qlearn_interfaces/include/qlearn_interfaces/qlearn_interfaces/msg/detail/float_stamped__struct.h
[9.261s] -- Up-to-date: /home/rstole01/Documents/CSE-596/msu_ws/install/qlearn_interfaces/include/qlearn_interfaces/qlearn_interfaces/msg/detail/float_stamped__functions.c
[9.261s] -- Up-to-date: /home/rstole01/Documents/CSE-596/msu_ws/install/qlearn_interfaces/include/qlearn_interfaces/qlearn_interfaces/msg/detail/float_stamped__type_support.h
[9.262s] -- Up-to-date: /home/rstole01/Documents/CSE-596/msu_ws/install/qlearn_interfaces/share/qlearn_interfaces/environment/library_path.sh
[9.262s] -- Up-to-date: /home/rstole01/Documents/CSE-596/msu_ws/install/qlearn_interfaces/share/qlearn_interfaces/environment/library_path.dsv
[9.262s] -- Up-to-date: /home/rstole01/Documents/CSE-596/msu_ws/install/qlearn_interfaces/lib/libqlearn_interfaces__rosidl_generator_c.so
[9.262s] -- Up-to-date: /home/rstole01/Documents/CSE-596/msu_ws/install/qlearn_interfaces/include/qlearn_interfaces/qlearn_interfaces
[9.263s] -- Up-to-date: /home/rstole01/Documents/CSE-596/msu_ws/install/qlearn_interfaces/include/qlearn_interfaces/qlearn_interfaces/srv
[9.263s] -- Up-to-date: /home/rstole01/Documents/CSE-596/msu_ws/install/qlearn_interfaces/include/qlearn_interfaces/qlearn_interfaces/srv/detail
[9.263s] -- Up-to-date: /home/rstole01/Documents/CSE-596/msu_ws/install/qlearn_interfaces/include/qlearn_interfaces/qlearn_interfaces/srv/detail/load_q_table__rosidl_typesupport_fastrtps_c.h
[9.264s] -- Up-to-date: /home/rstole01/Documents/CSE-596/msu_ws/install/qlearn_interfaces/include/qlearn_interfaces/qlearn_interfaces/srv/detail/save_q_table__rosidl_typesupport_fastrtps_c.h
[9.264s] -- Up-to-date: /home/rstole01/Documents/CSE-596/msu_ws/install/qlearn_interfaces/include/qlearn_interfaces/qlearn_interfaces/srv/detail/set_float__rosidl_typesupport_fastrtps_c.h
[9.264s] -- Up-to-date: /home/rstole01/Documents/CSE-596/msu_ws/install/qlearn_interfaces/include/qlearn_interfaces/qlearn_interfaces/srv/detail/set_int__rosidl_typesupport_fastrtps_c.h
[9.264s] -- Up-to-date: /home/rstole01/Documents/CSE-596/msu_ws/install/qlearn_interfaces/include/qlearn_interfaces/qlearn_interfaces/msg
[9.265s] -- Up-to-date: /home/rstole01/Documents/CSE-596/msu_ws/install/qlearn_interfaces/include/qlearn_interfaces/qlearn_interfaces/msg/rosidl_typesupport_fastrtps_c__visibility_control.h
[9.265s] -- Up-to-date: /home/rstole01/Documents/CSE-596/msu_ws/install/qlearn_interfaces/include/qlearn_interfaces/qlearn_interfaces/msg/detail
[9.265s] -- Up-to-date: /home/rstole01/Documents/CSE-596/msu_ws/install/qlearn_interfaces/include/qlearn_interfaces/qlearn_interfaces/msg/detail/int_stamped__rosidl_typesupport_fastrtps_c.h
[9.265s] -- Up-to-date: /home/rstole01/Documents/CSE-596/msu_ws/install/qlearn_interfaces/include/qlearn_interfaces/qlearn_interfaces/msg/detail/float_stamped__rosidl_typesupport_fastrtps_c.h
[9.266s] -- Up-to-date: /home/rstole01/Documents/CSE-596/msu_ws/install/qlearn_interfaces/lib/libqlearn_interfaces__rosidl_typesupport_fastrtps_c.so
[9.266s] -- Up-to-date: /home/rstole01/Documents/CSE-596/msu_ws/install/qlearn_interfaces/include/qlearn_interfaces/qlearn_interfaces
[9.266s] -- Up-to-date: /home/rstole01/Documents/CSE-596/msu_ws/install/qlearn_interfaces/include/qlearn_interfaces/qlearn_interfaces/srv
[9.266s] -- Up-to-date: /home/rstole01/Documents/CSE-596/msu_ws/install/qlearn_interfaces/include/qlearn_interfaces/qlearn_interfaces/srv/load_q_table.hpp
[9.267s] -- Up-to-date: /home/rstole01/Documents/CSE-596/msu_ws/install/qlearn_interfaces/include/qlearn_interfaces/qlearn_interfaces/srv/set_float.hpp
[9.267s] -- Up-to-date: /home/rstole01/Documents/CSE-596/msu_ws/install/qlearn_interfaces/include/qlearn_interfaces/qlearn_interfaces/srv/detail
[9.267s] -- Up-to-date: /home/rstole01/Documents/CSE-596/msu_ws/install/qlearn_interfaces/include/qlearn_interfaces/qlearn_interfaces/srv/detail/load_q_table__builder.hpp
[9.267s] -- Up-to-date: /home/rstole01/Documents/CSE-596/msu_ws/install/qlearn_interfaces/include/qlearn_interfaces/qlearn_interfaces/srv/detail/set_float__traits.hpp
[9.268s] -- Up-to-date: /home/rstole01/Documents/CSE-596/msu_ws/install/qlearn_interfaces/include/qlearn_interfaces/qlearn_interfaces/srv/detail/set_int__traits.hpp
[9.268s] -- Up-to-date: /home/rstole01/Documents/CSE-596/msu_ws/install/qlearn_interfaces/include/qlearn_interfaces/qlearn_interfaces/srv/detail/set_float__struct.hpp
[9.268s] -- Up-to-date: /home/rstole01/Documents/CSE-596/msu_ws/install/qlearn_interfaces/include/qlearn_interfaces/qlearn_interfaces/srv/detail/set_int__struct.hpp
[9.268s] -- Up-to-date: /home/rstole01/Documents/CSE-596/msu_ws/install/qlearn_interfaces/include/qlearn_interfaces/qlearn_interfaces/srv/detail/set_int__builder.hpp
[9.268s] -- Up-to-date: /home/rstole01/Documents/CSE-596/msu_ws/install/qlearn_interfaces/include/qlearn_interfaces/qlearn_interfaces/srv/detail/save_q_table__traits.hpp
[9.269s] -- Up-to-date: /home/rstole01/Documents/CSE-596/msu_ws/install/qlearn_interfaces/include/qlearn_interfaces/qlearn_interfaces/srv/detail/set_float__builder.hpp
[9.269s] -- Up-to-date: /home/rstole01/Documents/CSE-596/msu_ws/install/qlearn_interfaces/include/qlearn_interfaces/qlearn_interfaces/srv/detail/save_q_table__builder.hpp
[9.269s] -- Up-to-date: /home/rstole01/Documents/CSE-596/msu_ws/install/qlearn_interfaces/include/qlearn_interfaces/qlearn_interfaces/srv/detail/save_q_table__struct.hpp
[9.270s] -- Up-to-date: /home/rstole01/Documents/CSE-596/msu_ws/install/qlearn_interfaces/include/qlearn_interfaces/qlearn_interfaces/srv/detail/load_q_table__traits.hpp
[9.270s] -- Up-to-date: /home/rstole01/Documents/CSE-596/msu_ws/install/qlearn_interfaces/include/qlearn_interfaces/qlearn_interfaces/srv/detail/load_q_table__struct.hpp
[9.270s] -- Up-to-date: /home/rstole01/Documents/CSE-596/msu_ws/install/qlearn_interfaces/include/qlearn_interfaces/qlearn_interfaces/srv/save_q_table.hpp
[9.270s] -- Up-to-date: /home/rstole01/Documents/CSE-596/msu_ws/install/qlearn_interfaces/include/qlearn_interfaces/qlearn_interfaces/srv/set_int.hpp
[9.271s] -- Up-to-date: /home/rstole01/Documents/CSE-596/msu_ws/install/qlearn_interfaces/include/qlearn_interfaces/qlearn_interfaces/msg
[9.271s] -- Up-to-date: /home/rstole01/Documents/CSE-596/msu_ws/install/qlearn_interfaces/include/qlearn_interfaces/qlearn_interfaces/msg/int_stamped.hpp
[9.271s] -- Up-to-date: /home/rstole01/Documents/CSE-596/msu_ws/install/qlearn_interfaces/include/qlearn_interfaces/qlearn_interfaces/msg/detail
[9.272s] -- Up-to-date: /home/rstole01/Documents/CSE-596/msu_ws/install/qlearn_interfaces/include/qlearn_interfaces/qlearn_interfaces/msg/detail/int_stamped__struct.hpp
[9.272s] -- Up-to-date: /home/rstole01/Documents/CSE-596/msu_ws/install/qlearn_interfaces/include/qlearn_interfaces/qlearn_interfaces/msg/detail/int_stamped__traits.hpp
[9.272s] -- Up-to-date: /home/rstole01/Documents/CSE-596/msu_ws/install/qlearn_interfaces/include/qlearn_interfaces/qlearn_interfaces/msg/detail/float_stamped__builder.hpp
[9.272s] -- Up-to-date: /home/rstole01/Documents/CSE-596/msu_ws/install/qlearn_interfaces/include/qlearn_interfaces/qlearn_interfaces/msg/detail/int_stamped__builder.hpp
[9.273s] -- Up-to-date: /home/rstole01/Documents/CSE-596/msu_ws/install/qlearn_interfaces/include/qlearn_interfaces/qlearn_interfaces/msg/detail/float_stamped__traits.hpp
[9.273s] -- Up-to-date: /home/rstole01/Documents/CSE-596/msu_ws/install/qlearn_interfaces/include/qlearn_interfaces/qlearn_interfaces/msg/detail/float_stamped__struct.hpp
[9.273s] -- Up-to-date: /home/rstole01/Documents/CSE-596/msu_ws/install/qlearn_interfaces/include/qlearn_interfaces/qlearn_interfaces/msg/float_stamped.hpp
[9.273s] -- Up-to-date: /home/rstole01/Documents/CSE-596/msu_ws/install/qlearn_interfaces/include/qlearn_interfaces/qlearn_interfaces
[9.274s] -- Up-to-date: /home/rstole01/Documents/CSE-596/msu_ws/install/qlearn_interfaces/include/qlearn_interfaces/qlearn_interfaces/srv
[9.274s] -- Up-to-date: /home/rstole01/Documents/CSE-596/msu_ws/install/qlearn_interfaces/include/qlearn_interfaces/qlearn_interfaces/srv/detail
[9.274s] -- Up-to-date: /home/rstole01/Documents/CSE-596/msu_ws/install/qlearn_interfaces/include/qlearn_interfaces/qlearn_interfaces/srv/detail/save_q_table__rosidl_typesupport_fastrtps_cpp.hpp
[9.274s] -- Up-to-date: /home/rstole01/Documents/CSE-596/msu_ws/install/qlearn_interfaces/include/qlearn_interfaces/qlearn_interfaces/srv/detail/set_int__rosidl_typesupport_fastrtps_cpp.hpp
[9.275s] -- Up-to-date: /home/rstole01/Documents/CSE-596/msu_ws/install/qlearn_interfaces/include/qlearn_interfaces/qlearn_interfaces/srv/detail/set_float__rosidl_typesupport_fastrtps_cpp.hpp
[9.275s] -- Up-to-date: /home/rstole01/Documents/CSE-596/msu_ws/install/qlearn_interfaces/include/qlearn_interfaces/qlearn_interfaces/srv/detail/load_q_table__rosidl_typesupport_fastrtps_cpp.hpp
[9.275s] -- Up-to-date: /home/rstole01/Documents/CSE-596/msu_ws/install/qlearn_interfaces/include/qlearn_interfaces/qlearn_interfaces/srv/detail/dds_fastrtps
[9.275s] -- Up-to-date: /home/rstole01/Documents/CSE-596/msu_ws/install/qlearn_interfaces/include/qlearn_interfaces/qlearn_interfaces/msg
[9.276s] -- Up-to-date: /home/rstole01/Documents/CSE-596/msu_ws/install/qlearn_interfaces/include/qlearn_interfaces/qlearn_interfaces/msg/detail
[9.276s] -- Up-to-date: /home/rstole01/Documents/CSE-596/msu_ws/install/qlearn_interfaces/include/qlearn_interfaces/qlearn_interfaces/msg/detail/int_stamped__rosidl_typesupport_fastrtps_cpp.hpp
[9.276s] -- Up-to-date: /home/rstole01/Documents/CSE-596/msu_ws/install/qlearn_interfaces/include/qlearn_interfaces/qlearn_interfaces/msg/detail/dds_fastrtps
[9.277s] -- Up-to-date: /home/rstole01/Documents/CSE-596/msu_ws/install/qlearn_interfaces/include/qlearn_interfaces/qlearn_interfaces/msg/detail/float_stamped__rosidl_typesupport_fastrtps_cpp.hpp
[9.277s] -- Up-to-date: /home/rstole01/Documents/CSE-596/msu_ws/install/qlearn_interfaces/include/qlearn_interfaces/qlearn_interfaces/msg/rosidl_typesupport_fastrtps_cpp__visibility_control.h
[9.277s] -- Up-to-date: /home/rstole01/Documents/CSE-596/msu_ws/install/qlearn_interfaces/lib/libqlearn_interfaces__rosidl_typesupport_fastrtps_cpp.so
[9.277s] -- Up-to-date: /home/rstole01/Documents/CSE-596/msu_ws/install/qlearn_interfaces/include/qlearn_interfaces/qlearn_interfaces
[9.278s] -- Up-to-date: /home/rstole01/Documents/CSE-596/msu_ws/install/qlearn_interfaces/include/qlearn_interfaces/qlearn_interfaces/srv
[9.278s] -- Up-to-date: /home/rstole01/Documents/CSE-596/msu_ws/install/qlearn_interfaces/include/qlearn_interfaces/qlearn_interfaces/srv/detail
[9.278s] -- Up-to-date: /home/rstole01/Documents/CSE-596/msu_ws/install/qlearn_interfaces/include/qlearn_interfaces/qlearn_interfaces/srv/detail/load_q_table__rosidl_typesupport_introspection_c.h
[9.278s] -- Up-to-date: /home/rstole01/Documents/CSE-596/msu_ws/install/qlearn_interfaces/include/qlearn_interfaces/qlearn_interfaces/srv/detail/set_int__rosidl_typesupport_introspection_c.h
[9.279s] -- Up-to-date: /home/rstole01/Documents/CSE-596/msu_ws/install/qlearn_interfaces/include/qlearn_interfaces/qlearn_interfaces/srv/detail/set_int__type_support.c
[9.279s] -- Up-to-date: /home/rstole01/Documents/CSE-596/msu_ws/install/qlearn_interfaces/include/qlearn_interfaces/qlearn_interfaces/srv/detail/save_q_table__rosidl_typesupport_introspection_c.h
[9.279s] -- Up-to-date: /home/rstole01/Documents/CSE-596/msu_ws/install/qlearn_interfaces/include/qlearn_interfaces/qlearn_interfaces/srv/detail/set_float__type_support.c
[9.288s] -- Up-to-date: /home/rstole01/Documents/CSE-596/msu_ws/install/qlearn_interfaces/include/qlearn_interfaces/qlearn_interfaces/srv/detail/save_q_table__type_support.c
[9.288s] -- Up-to-date: /home/rstole01/Documents/CSE-596/msu_ws/install/qlearn_interfaces/include/qlearn_interfaces/qlearn_interfaces/srv/detail/load_q_table__type_support.c
[9.289s] -- Up-to-date: /home/rstole01/Documents/CSE-596/msu_ws/install/qlearn_interfaces/include/qlearn_interfaces/qlearn_interfaces/srv/detail/set_float__rosidl_typesupport_introspection_c.h
[9.289s] -- Up-to-date: /home/rstole01/Documents/CSE-596/msu_ws/install/qlearn_interfaces/include/qlearn_interfaces/qlearn_interfaces/msg
[9.289s] -- Up-to-date: /home/rstole01/Documents/CSE-596/msu_ws/install/qlearn_interfaces/include/qlearn_interfaces/qlearn_interfaces/msg/rosidl_typesupport_introspection_c__visibility_control.h
[9.289s] -- Up-to-date: /home/rstole01/Documents/CSE-596/msu_ws/install/qlearn_interfaces/include/qlearn_interfaces/qlearn_interfaces/msg/detail
[9.290s] -- Up-to-date: /home/rstole01/Documents/CSE-596/msu_ws/install/qlearn_interfaces/include/qlearn_interfaces/qlearn_interfaces/msg/detail/float_stamped__type_support.c
[9.290s] -- Up-to-date: /home/rstole01/Documents/CSE-596/msu_ws/install/qlearn_interfaces/include/qlearn_interfaces/qlearn_interfaces/msg/detail/float_stamped__rosidl_typesupport_introspection_c.h
[9.290s] -- Up-to-date: /home/rstole01/Documents/CSE-596/msu_ws/install/qlearn_interfaces/include/qlearn_interfaces/qlearn_interfaces/msg/detail/int_stamped__rosidl_typesupport_introspection_c.h
[9.290s] -- Up-to-date: /home/rstole01/Documents/CSE-596/msu_ws/install/qlearn_interfaces/include/qlearn_interfaces/qlearn_interfaces/msg/detail/int_stamped__type_support.c
[9.291s] -- Up-to-date: /home/rstole01/Documents/CSE-596/msu_ws/install/qlearn_interfaces/lib/libqlearn_interfaces__rosidl_typesupport_introspection_c.so
[9.291s] -- Up-to-date: /home/rstole01/Documents/CSE-596/msu_ws/install/qlearn_interfaces/lib/libqlearn_interfaces__rosidl_typesupport_c.so
[9.291s] -- Up-to-date: /home/rstole01/Documents/CSE-596/msu_ws/install/qlearn_interfaces/include/qlearn_interfaces/qlearn_interfaces
[9.291s] -- Up-to-date: /home/rstole01/Documents/CSE-596/msu_ws/install/qlearn_interfaces/include/qlearn_interfaces/qlearn_interfaces/srv
[9.292s] -- Up-to-date: /home/rstole01/Documents/CSE-596/msu_ws/install/qlearn_interfaces/include/qlearn_interfaces/qlearn_interfaces/srv/detail
[9.292s] -- Up-to-date: /home/rstole01/Documents/CSE-596/msu_ws/install/qlearn_interfaces/include/qlearn_interfaces/qlearn_interfaces/srv/detail/set_float__rosidl_typesupport_introspection_cpp.hpp
[9.292s] -- Up-to-date: /home/rstole01/Documents/CSE-596/msu_ws/install/qlearn_interfaces/include/qlearn_interfaces/qlearn_interfaces/srv/detail/load_q_table__rosidl_typesupport_introspection_cpp.hpp
[9.292s] -- Up-to-date: /home/rstole01/Documents/CSE-596/msu_ws/install/qlearn_interfaces/include/qlearn_interfaces/qlearn_interfaces/srv/detail/set_int__type_support.cpp
[9.293s] -- Up-to-date: /home/rstole01/Documents/CSE-596/msu_ws/install/qlearn_interfaces/include/qlearn_interfaces/qlearn_interfaces/srv/detail/load_q_table__type_support.cpp
[9.293s] -- Up-to-date: /home/rstole01/Documents/CSE-596/msu_ws/install/qlearn_interfaces/include/qlearn_interfaces/qlearn_interfaces/srv/detail/set_int__rosidl_typesupport_introspection_cpp.hpp
[9.293s] -- Up-to-date: /home/rstole01/Documents/CSE-596/msu_ws/install/qlearn_interfaces/include/qlearn_interfaces/qlearn_interfaces/srv/detail/save_q_table__rosidl_typesupport_introspection_cpp.hpp
[9.293s] -- Up-to-date: /home/rstole01/Documents/CSE-596/msu_ws/install/qlearn_interfaces/include/qlearn_interfaces/qlearn_interfaces/srv/detail/save_q_table__type_support.cpp
[9.294s] -- Up-to-date: /home/rstole01/Documents/CSE-596/msu_ws/install/qlearn_interfaces/include/qlearn_interfaces/qlearn_interfaces/srv/detail/set_float__type_support.cpp
[9.294s] -- Up-to-date: /home/rstole01/Documents/CSE-596/msu_ws/install/qlearn_interfaces/include/qlearn_interfaces/qlearn_interfaces/msg
[9.294s] -- Up-to-date: /home/rstole01/Documents/CSE-596/msu_ws/install/qlearn_interfaces/include/qlearn_interfaces/qlearn_interfaces/msg/detail
[9.295s] -- Up-to-date: /home/rstole01/Documents/CSE-596/msu_ws/install/qlearn_interfaces/include/qlearn_interfaces/qlearn_interfaces/msg/detail/float_stamped__rosidl_typesupport_introspection_cpp.hpp
[9.295s] -- Up-to-date: /home/rstole01/Documents/CSE-596/msu_ws/install/qlearn_interfaces/include/qlearn_interfaces/qlearn_interfaces/msg/detail/int_stamped__rosidl_typesupport_introspection_cpp.hpp
[9.295s] -- Up-to-date: /home/rstole01/Documents/CSE-596/msu_ws/install/qlearn_interfaces/include/qlearn_interfaces/qlearn_interfaces/msg/detail/int_stamped__type_support.cpp
[9.295s] -- Up-to-date: /home/rstole01/Documents/CSE-596/msu_ws/install/qlearn_interfaces/include/qlearn_interfaces/qlearn_interfaces/msg/detail/float_stamped__type_support.cpp
[9.296s] -- Up-to-date: /home/rstole01/Documents/CSE-596/msu_ws/install/qlearn_interfaces/lib/libqlearn_interfaces__rosidl_typesupport_introspection_cpp.so
[9.296s] -- Up-to-date: /home/rstole01/Documents/CSE-596/msu_ws/install/qlearn_interfaces/lib/libqlearn_interfaces__rosidl_typesupport_cpp.so
[9.296s] -- Up-to-date: /home/rstole01/Documents/CSE-596/msu_ws/install/qlearn_interfaces/share/qlearn_interfaces/environment/pythonpath.sh
[9.296s] -- Up-to-date: /home/rstole01/Documents/CSE-596/msu_ws/install/qlearn_interfaces/share/qlearn_interfaces/environment/pythonpath.dsv
[9.297s] -- Up-to-date: /home/rstole01/Documents/CSE-596/msu_ws/install/qlearn_interfaces/local/lib/python3.10/dist-packages/qlearn_interfaces-0.0.0-py3.10.egg-info
[9.297s] -- Installing: /home/rstole01/Documents/CSE-596/msu_ws/install/qlearn_interfaces/local/lib/python3.10/dist-packages/qlearn_interfaces-0.0.0-py3.10.egg-info/top_level.txt
[9.297s] -- Installing: /home/rstole01/Documents/CSE-596/msu_ws/install/qlearn_interfaces/local/lib/python3.10/dist-packages/qlearn_interfaces-0.0.0-py3.10.egg-info/SOURCES.txt
[9.297s] -- Installing: /home/rstole01/Documents/CSE-596/msu_ws/install/qlearn_interfaces/local/lib/python3.10/dist-packages/qlearn_interfaces-0.0.0-py3.10.egg-info/PKG-INFO
[9.298s] -- Installing: /home/rstole01/Documents/CSE-596/msu_ws/install/qlearn_interfaces/local/lib/python3.10/dist-packages/qlearn_interfaces-0.0.0-py3.10.egg-info/dependency_links.txt
[9.298s] -- Up-to-date: /home/rstole01/Documents/CSE-596/msu_ws/install/qlearn_interfaces/local/lib/python3.10/dist-packages/qlearn_interfaces
[9.298s] -- Up-to-date: /home/rstole01/Documents/CSE-596/msu_ws/install/qlearn_interfaces/local/lib/python3.10/dist-packages/qlearn_interfaces/qlearn_interfaces_s__rosidl_typesupport_introspection_c.cpython-310-x86_64-linux-gnu.so
[9.298s] -- Up-to-date: /home/rstole01/Documents/CSE-596/msu_ws/install/qlearn_interfaces/local/lib/python3.10/dist-packages/qlearn_interfaces/_qlearn_interfaces_s.ep.rosidl_typesupport_fastrtps_c.c
[9.299s] -- Up-to-date: /home/rstole01/Documents/CSE-596/msu_ws/install/qlearn_interfaces/local/lib/python3.10/dist-packages/qlearn_interfaces/_qlearn_interfaces_s.ep.rosidl_typesupport_c.c
[9.299s] -- Up-to-date: /home/rstole01/Documents/CSE-596/msu_ws/install/qlearn_interfaces/local/lib/python3.10/dist-packages/qlearn_interfaces/srv
[9.299s] -- Up-to-date: /home/rstole01/Documents/CSE-596/msu_ws/install/qlearn_interfaces/local/lib/python3.10/dist-packages/qlearn_interfaces/srv/_load_q_table.py
[9.299s] -- Up-to-date: /home/rstole01/Documents/CSE-596/msu_ws/install/qlearn_interfaces/local/lib/python3.10/dist-packages/qlearn_interfaces/srv/_load_q_table_s.c
[9.300s] -- Up-to-date: /home/rstole01/Documents/CSE-596/msu_ws/install/qlearn_interfaces/local/lib/python3.10/dist-packages/qlearn_interfaces/srv/_set_int_s.c
[9.300s] -- Up-to-date: /home/rstole01/Documents/CSE-596/msu_ws/install/qlearn_interfaces/local/lib/python3.10/dist-packages/qlearn_interfaces/srv/_save_q_table.py
[9.300s] -- Up-to-date: /home/rstole01/Documents/CSE-596/msu_ws/install/qlearn_interfaces/local/lib/python3.10/dist-packages/qlearn_interfaces/srv/_set_float.py
[9.300s] -- Up-to-date: /home/rstole01/Documents/CSE-596/msu_ws/install/qlearn_interfaces/local/lib/python3.10/dist-packages/qlearn_interfaces/srv/__init__.py
[9.301s] -- Up-to-date: /home/rstole01/Documents/CSE-596/msu_ws/install/qlearn_interfaces/local/lib/python3.10/dist-packages/qlearn_interfaces/srv/_set_float_s.c
[9.317s] -- Up-to-date: /home/rstole01/Documents/CSE-596/msu_ws/install/qlearn_interfaces/local/lib/python3.10/dist-packages/qlearn_interfaces/srv/_set_int.py
[9.318s] -- Up-to-date: /home/rstole01/Documents/CSE-596/msu_ws/install/qlearn_interfaces/local/lib/python3.10/dist-packages/qlearn_interfaces/srv/_save_q_table_s.c
[9.318s] -- Up-to-date: /home/rstole01/Documents/CSE-596/msu_ws/install/qlearn_interfaces/local/lib/python3.10/dist-packages/qlearn_interfaces/qlearn_interfaces_s__rosidl_typesupport_c.cpython-310-x86_64-linux-gnu.so
[9.318s] -- Up-to-date: /home/rstole01/Documents/CSE-596/msu_ws/install/qlearn_interfaces/local/lib/python3.10/dist-packages/qlearn_interfaces/__init__.py
[9.318s] -- Up-to-date: /home/rstole01/Documents/CSE-596/msu_ws/install/qlearn_interfaces/local/lib/python3.10/dist-packages/qlearn_interfaces/msg
[9.319s] -- Up-to-date: /home/rstole01/Documents/CSE-596/msu_ws/install/qlearn_interfaces/local/lib/python3.10/dist-packages/qlearn_interfaces/msg/_float_stamped_s.c
[9.319s] -- Up-to-date: /home/rstole01/Documents/CSE-596/msu_ws/install/qlearn_interfaces/local/lib/python3.10/dist-packages/qlearn_interfaces/msg/_int_stamped.py
[9.319s] -- Up-to-date: /home/rstole01/Documents/CSE-596/msu_ws/install/qlearn_interfaces/local/lib/python3.10/dist-packages/qlearn_interfaces/msg/__init__.py
[9.319s] -- Up-to-date: /home/rstole01/Documents/CSE-596/msu_ws/install/qlearn_interfaces/local/lib/python3.10/dist-packages/qlearn_interfaces/msg/_float_stamped.py
[9.319s] -- Up-to-date: /home/rstole01/Documents/CSE-596/msu_ws/install/qlearn_interfaces/local/lib/python3.10/dist-packages/qlearn_interfaces/msg/_int_stamped_s.c
[9.320s] -- Up-to-date: /home/rstole01/Documents/CSE-596/msu_ws/install/qlearn_interfaces/local/lib/python3.10/dist-packages/qlearn_interfaces/qlearn_interfaces_s__rosidl_typesupport_fastrtps_c.cpython-310-x86_64-linux-gnu.so
[9.320s] -- Up-to-date: /home/rstole01/Documents/CSE-596/msu_ws/install/qlearn_interfaces/local/lib/python3.10/dist-packages/qlearn_interfaces/libqlearn_interfaces__rosidl_generator_py.so
[9.327s] -- Up-to-date: /home/rstole01/Documents/CSE-596/msu_ws/install/qlearn_interfaces/local/lib/python3.10/dist-packages/qlearn_interfaces/_qlearn_interfaces_s.ep.rosidl_typesupport_introspection_c.c
[9.373s] Listing '/home/rstole01/Documents/CSE-596/msu_ws/install/qlearn_interfaces/local/lib/python3.10/dist-packages/qlearn_interfaces'...
[9.373s] Listing '/home/rstole01/Documents/CSE-596/msu_ws/install/qlearn_interfaces/local/lib/python3.10/dist-packages/qlearn_interfaces/msg'...
[9.373s] Listing '/home/rstole01/Documents/CSE-596/msu_ws/install/qlearn_interfaces/local/lib/python3.10/dist-packages/qlearn_interfaces/srv'...
[9.386s] -- Up-to-date: /home/rstole01/Documents/CSE-596/msu_ws/install/qlearn_interfaces/local/lib/python3.10/dist-packages/qlearn_interfaces/qlearn_interfaces_s__rosidl_typesupport_fastrtps_c.cpython-310-x86_64-linux-gnu.so
[9.387s] -- Up-to-date: /home/rstole01/Documents/CSE-596/msu_ws/install/qlearn_interfaces/local/lib/python3.10/dist-packages/qlearn_interfaces/qlearn_interfaces_s__rosidl_typesupport_introspection_c.cpython-310-x86_64-linux-gnu.so
[9.388s] -- Up-to-date: /home/rstole01/Documents/CSE-596/msu_ws/install/qlearn_interfaces/local/lib/python3.10/dist-packages/qlearn_interfaces/qlearn_interfaces_s__rosidl_typesupport_c.cpython-310-x86_64-linux-gnu.so
[9.389s] -- Up-to-date: /home/rstole01/Documents/CSE-596/msu_ws/install/qlearn_interfaces/lib/libqlearn_interfaces__rosidl_generator_py.so
[9.390s] -- Up-to-date: /home/rstole01/Documents/CSE-596/msu_ws/install/qlearn_interfaces/share/qlearn_interfaces/srv/SaveQTable.idl
[9.390s] -- Up-to-date: /home/rstole01/Documents/CSE-596/msu_ws/install/qlearn_interfaces/share/qlearn_interfaces/srv/LoadQTable.idl
[9.391s] -- Up-to-date: /home/rstole01/Documents/CSE-596/msu_ws/install/qlearn_interfaces/share/qlearn_interfaces/srv/SetFloat.idl
[9.391s] -- Up-to-date: /home/rstole01/Documents/CSE-596/msu_ws/install/qlearn_interfaces/share/qlearn_interfaces/srv/SetInt.idl
[9.392s] -- Up-to-date: /home/rstole01/Documents/CSE-596/msu_ws/install/qlearn_interfaces/share/qlearn_interfaces/msg/FloatStamped.idl
[9.392s] -- Up-to-date: /home/rstole01/Documents/CSE-596/msu_ws/install/qlearn_interfaces/share/qlearn_interfaces/msg/IntStamped.idl
[9.393s] -- Up-to-date: /home/rstole01/Documents/CSE-596/msu_ws/install/qlearn_interfaces/share/qlearn_interfaces/srv/SaveQTable.srv
[9.393s] -- Up-to-date: /home/rstole01/Documents/CSE-596/msu_ws/install/qlearn_interfaces/share/qlearn_interfaces/srv/SaveQTable_Request.msg
[9.394s] -- Up-to-date: /home/rstole01/Documents/CSE-596/msu_ws/install/qlearn_interfaces/share/qlearn_interfaces/srv/SaveQTable_Response.msg
[9.394s] -- Up-to-date: /home/rstole01/Documents/CSE-596/msu_ws/install/qlearn_interfaces/share/qlearn_interfaces/srv/LoadQTable.srv
[9.395s] -- Up-to-date: /home/rstole01/Documents/CSE-596/msu_ws/install/qlearn_interfaces/share/qlearn_interfaces/srv/LoadQTable_Request.msg
[9.396s] -- Up-to-date: /home/rstole01/Documents/CSE-596/msu_ws/install/qlearn_interfaces/share/qlearn_interfaces/srv/LoadQTable_Response.msg
[9.396s] -- Up-to-date: /home/rstole01/Documents/CSE-596/msu_ws/install/qlearn_interfaces/share/qlearn_interfaces/srv/SetFloat.srv
[9.396s] -- Up-to-date: /home/rstole01/Documents/CSE-596/msu_ws/install/qlearn_interfaces/share/qlearn_interfaces/srv/SetFloat_Request.msg
[9.397s] -- Up-to-date: /home/rstole01/Documents/CSE-596/msu_ws/install/qlearn_interfaces/share/qlearn_interfaces/srv/SetFloat_Response.msg
[9.397s] -- Up-to-date: /home/rstole01/Documents/CSE-596/msu_ws/install/qlearn_interfaces/share/qlearn_interfaces/srv/SetInt.srv
[9.397s] -- Up-to-date: /home/rstole01/Documents/CSE-596/msu_ws/install/qlearn_interfaces/share/qlearn_interfaces/srv/SetInt_Request.msg
[9.398s] -- Up-to-date: /home/rstole01/Documents/CSE-596/msu_ws/install/qlearn_interfaces/share/qlearn_interfaces/srv/SetInt_Response.msg
[9.398s] -- Up-to-date: /home/rstole01/Documents/CSE-596/msu_ws/install/qlearn_interfaces/share/qlearn_interfaces/msg/FloatStamped.msg
[9.399s] -- Up-to-date: /home/rstole01/Documents/CSE-596/msu_ws/install/qlearn_interfaces/share/qlearn_interfaces/msg/IntStamped.msg
[9.399s] -- Up-to-date: /home/rstole01/Documents/CSE-596/msu_ws/install/qlearn_interfaces/share/ament_index/resource_index/package_run_dependencies/qlearn_interfaces
[9.400s] -- Up-to-date: /home/rstole01/Documents/CSE-596/msu_ws/install/qlearn_interfaces/share/ament_index/resource_index/parent_prefix_path/qlearn_interfaces
[9.400s] -- Up-to-date: /home/rstole01/Documents/CSE-596/msu_ws/install/qlearn_interfaces/share/qlearn_interfaces/environment/ament_prefix_path.sh
[9.401s] -- Up-to-date: /home/rstole01/Documents/CSE-596/msu_ws/install/qlearn_interfaces/share/qlearn_interfaces/environment/ament_prefix_path.dsv
[9.401s] -- Up-to-date: /home/rstole01/Documents/CSE-596/msu_ws/install/qlearn_interfaces/share/qlearn_interfaces/environment/path.sh
[9.402s] -- Up-to-date: /home/rstole01/Documents/CSE-596/msu_ws/install/qlearn_interfaces/share/qlearn_interfaces/environment/path.dsv
[9.403s] -- Up-to-date: /home/rstole01/Documents/CSE-596/msu_ws/install/qlearn_interfaces/share/qlearn_interfaces/local_setup.bash
[9.404s] -- Up-to-date: /home/rstole01/Documents/CSE-596/msu_ws/install/qlearn_interfaces/share/qlearn_interfaces/local_setup.sh
[9.404s] -- Up-to-date: /home/rstole01/Documents/CSE-596/msu_ws/install/qlearn_interfaces/share/qlearn_interfaces/local_setup.zsh
[9.404s] -- Up-to-date: /home/rstole01/Documents/CSE-596/msu_ws/install/qlearn_interfaces/share/qlearn_interfaces/local_setup.dsv
[9.405s] -- Installing: /home/rstole01/Documents/CSE-596/msu_ws/install/qlearn_interfaces/share/qlearn_interfaces/package.dsv
[9.405s] -- Up-to-date: /home/rstole01/Documents/CSE-596/msu_ws/install/qlearn_interfaces/share/ament_index/resource_index/packages/qlearn_interfaces
[9.406s] -- Up-to-date: /home/rstole01/Documents/CSE-596/msu_ws/install/qlearn_interfaces/share/qlearn_interfaces/cmake/export_qlearn_interfaces__rosidl_generator_cExport.cmake
[9.406s] -- Up-to-date: /home/rstole01/Documents/CSE-596/msu_ws/install/qlearn_interfaces/share/qlearn_interfaces/cmake/export_qlearn_interfaces__rosidl_generator_cExport-noconfig.cmake
[9.406s] -- Up-to-date: /home/rstole01/Documents/CSE-596/msu_ws/install/qlearn_interfaces/share/qlearn_interfaces/cmake/export_qlearn_interfaces__rosidl_typesupport_fastrtps_cExport.cmake
[9.407s] -- Up-to-date: /home/rstole01/Documents/CSE-596/msu_ws/install/qlearn_interfaces/share/qlearn_interfaces/cmake/export_qlearn_interfaces__rosidl_typesupport_fastrtps_cExport-noconfig.cmake
[9.408s] -- Up-to-date: /home/rstole01/Documents/CSE-596/msu_ws/install/qlearn_interfaces/share/qlearn_interfaces/cmake/export_qlearn_interfaces__rosidl_generator_cppExport.cmake
[9.409s] -- Up-to-date: /home/rstole01/Documents/CSE-596/msu_ws/install/qlearn_interfaces/share/qlearn_interfaces/cmake/export_qlearn_interfaces__rosidl_typesupport_fastrtps_cppExport.cmake
[9.409s] -- Up-to-date: /home/rstole01/Documents/CSE-596/msu_ws/install/qlearn_interfaces/share/qlearn_interfaces/cmake/export_qlearn_interfaces__rosidl_typesupport_fastrtps_cppExport-noconfig.cmake
[9.410s] -- Up-to-date: /home/rstole01/Documents/CSE-596/msu_ws/install/qlearn_interfaces/share/qlearn_interfaces/cmake/qlearn_interfaces__rosidl_typesupport_introspection_cExport.cmake
[9.410s] -- Up-to-date: /home/rstole01/Documents/CSE-596/msu_ws/install/qlearn_interfaces/share/qlearn_interfaces/cmake/qlearn_interfaces__rosidl_typesupport_introspection_cExport-noconfig.cmake
[9.410s] -- Up-to-date: /home/rstole01/Documents/CSE-596/msu_ws/install/qlearn_interfaces/share/qlearn_interfaces/cmake/qlearn_interfaces__rosidl_typesupport_cExport.cmake
[9.411s] -- Up-to-date: /home/rstole01/Documents/CSE-596/msu_ws/install/qlearn_interfaces/share/qlearn_interfaces/cmake/qlearn_interfaces__rosidl_typesupport_cExport-noconfig.cmake
[9.412s] -- Up-to-date: /home/rstole01/Documents/CSE-596/msu_ws/install/qlearn_interfaces/share/qlearn_interfaces/cmake/qlearn_interfaces__rosidl_typesupport_introspection_cppExport.cmake
[9.412s] -- Up-to-date: /home/rstole01/Documents/CSE-596/msu_ws/install/qlearn_interfaces/share/qlearn_interfaces/cmake/qlearn_interfaces__rosidl_typesupport_introspection_cppExport-noconfig.cmake
[9.412s] -- Up-to-date: /home/rstole01/Documents/CSE-596/msu_ws/install/qlearn_interfaces/share/qlearn_interfaces/cmake/qlearn_interfaces__rosidl_typesupport_cppExport.cmake
[9.412s] -- Up-to-date: /home/rstole01/Documents/CSE-596/msu_ws/install/qlearn_interfaces/share/qlearn_interfaces/cmake/qlearn_interfaces__rosidl_typesupport_cppExport-noconfig.cmake
[9.413s] -- Up-to-date: /home/rstole01/Documents/CSE-596/msu_ws/install/qlearn_interfaces/share/qlearn_interfaces/cmake/export_qlearn_interfaces__rosidl_generator_pyExport.cmake
[9.414s] -- Up-to-date: /home/rstole01/Documents/CSE-596/msu_ws/install/qlearn_interfaces/share/qlearn_interfaces/cmake/export_qlearn_interfaces__rosidl_generator_pyExport-noconfig.cmake
[9.414s] -- Up-to-date: /home/rstole01/Documents/CSE-596/msu_ws/install/qlearn_interfaces/share/qlearn_interfaces/cmake/rosidl_cmake-extras.cmake
[9.415s] -- Up-to-date: /home/rstole01/Documents/CSE-596/msu_ws/install/qlearn_interfaces/share/qlearn_interfaces/cmake/ament_cmake_export_dependencies-extras.cmake
[9.415s] -- Up-to-date: /home/rstole01/Documents/CSE-596/msu_ws/install/qlearn_interfaces/share/qlearn_interfaces/cmake/ament_cmake_export_include_directories-extras.cmake
[9.415s] -- Up-to-date: /home/rstole01/Documents/CSE-596/msu_ws/install/qlearn_interfaces/share/qlearn_interfaces/cmake/ament_cmake_export_libraries-extras.cmake
[9.415s] -- Up-to-date: /home/rstole01/Documents/CSE-596/msu_ws/install/qlearn_interfaces/share/qlearn_interfaces/cmake/ament_cmake_export_targets-extras.cmake
[9.416s] -- Up-to-date: /home/rstole01/Documents/CSE-596/msu_ws/install/qlearn_interfaces/share/qlearn_interfaces/cmake/rosidl_cmake_export_typesupport_targets-extras.cmake
[9.416s] -- Up-to-date: /home/rstole01/Documents/CSE-596/msu_ws/install/qlearn_interfaces/share/qlearn_interfaces/cmake/rosidl_cmake_export_typesupport_libraries-extras.cmake
[9.416s] -- Up-to-date: /home/rstole01/Documents/CSE-596/msu_ws/install/qlearn_interfaces/share/qlearn_interfaces/cmake/qlearn_interfacesConfig.cmake
[9.417s] -- Up-to-date: /home/rstole01/Documents/CSE-596/msu_ws/install/qlearn_interfaces/share/qlearn_interfaces/cmake/qlearn_interfacesConfig-version.cmake
[9.417s] -- Up-to-date: /home/rstole01/Documents/CSE-596/msu_ws/install/qlearn_interfaces/share/qlearn_interfaces/package.xml
[13.617s] Invoked command in '/home/rstole01/Documents/CSE-596/msu_ws/build/qlearn_interfaces' returned '0': CMAKE_PREFIX_PATH=${CMAKE_PREFIX_PATH}:/home/rstole01/Documents/CSE-596/msu_ws/install/waypoint_writer:/home/rstole01/Documents/CSE-596/msu_ws/install/waypoint_follow:/home/rstole01/Documents/CSE-596/msu_ws/install/wall_follower_pid:/home/rstole01/Documents/CSE-596/msu_ws/install/qlearn:/home/rstole01/Documents/CSE-596/msu_ws/install/py_pubsub:/home/rstole01/Documents/CSE-596/msu_ws/install/plexer360:/home/rstole01/Documents/CSE-596/msu_ws/install/painter:/home/rstole01/Documents/CSE-596/msu_ws/install/f1tenth_gym_ros:/opt/ros/humble /usr/bin/cmake --install /home/rstole01/Documents/CSE-596/msu_ws/build/qlearn_interfaces
