[1.569s] Invoking command in '/home/rstole01/Documents/CSE-596/humble_ws/src/f1tenth_gym_ros': PYTHONPATH=/home/rstole01/Documents/CSE-596/humble_ws/build/f1tenth_gym_ros/prefix_override:/home/rstole01/Documents/CSE-596/humble_ws/install/f1tenth_gym_ros/lib/python3.10/site-packages:${PYTHONPATH} /usr/bin/python3 -W ignore:setup.py install is deprecated setup.py egg_info --egg-base ../../build/f1tenth_gym_ros build --build-base /home/rstole01/Documents/CSE-596/humble_ws/build/f1tenth_gym_ros/build install --record /home/rstole01/Documents/CSE-596/humble_ws/build/f1tenth_gym_ros/install.log --install-scripts $base/lib/f1tenth_gym_ros --single-version-externally-managed install_data
[2.067s] /usr/lib/python3/dist-packages/setuptools/dist.py:723: UserWarning: Usage of dash-separated 'script-dir' will not be supported in future versions. Please use the underscore name 'script_dir' instead
[2.067s]   warnings.warn(
[2.085s] running egg_info
[2.086s] writing ../../build/f1tenth_gym_ros/f1tenth_gym_ros.egg-info/PKG-INFO
[2.087s] writing dependency_links to ../../build/f1tenth_gym_ros/f1tenth_gym_ros.egg-info/dependency_links.txt
[2.087s] writing entry points to ../../build/f1tenth_gym_ros/f1tenth_gym_ros.egg-info/entry_points.txt
[2.087s] writing requirements to ../../build/f1tenth_gym_ros/f1tenth_gym_ros.egg-info/requires.txt
[2.088s] writing top-level names to ../../build/f1tenth_gym_ros/f1tenth_gym_ros.egg-info/top_level.txt
[2.090s] reading manifest file '../../build/f1tenth_gym_ros/f1tenth_gym_ros.egg-info/SOURCES.txt'
[2.112s] adding license file 'LICENSE'
[2.114s] writing manifest file '../../build/f1tenth_gym_ros/f1tenth_gym_ros.egg-info/SOURCES.txt'
[2.114s] running build
[2.114s] running build_py
[2.115s] running install
[2.116s] running install_lib
[2.119s] running install_data
[2.119s] copying config/sim.yaml -> /home/rstole01/Documents/CSE-596/humble_ws/install/f1tenth_gym_ros/share/f1tenth_gym_ros/config
[2.120s] running install_egg_info
[2.124s] removing '/home/rstole01/Documents/CSE-596/humble_ws/install/f1tenth_gym_ros/lib/python3.10/site-packages/f1tenth_gym_ros-0.0.0-py3.10.egg-info' (and everything under it)
[2.124s] Copying ../../build/f1tenth_gym_ros/f1tenth_gym_ros.egg-info to /home/rstole01/Documents/CSE-596/humble_ws/install/f1tenth_gym_ros/lib/python3.10/site-packages/f1tenth_gym_ros-0.0.0-py3.10.egg-info
[2.126s] running install_scripts
[2.169s] Installing gym_bridge script to /home/rstole01/Documents/CSE-596/humble_ws/install/f1tenth_gym_ros/lib/f1tenth_gym_ros
[2.170s] writing list of installed files to '/home/rstole01/Documents/CSE-596/humble_ws/build/f1tenth_gym_ros/install.log'
[2.208s] Invoked command in '/home/rstole01/Documents/CSE-596/humble_ws/src/f1tenth_gym_ros' returned '0': PYTHONPATH=/home/rstole01/Documents/CSE-596/humble_ws/build/f1tenth_gym_ros/prefix_override:/home/rstole01/Documents/CSE-596/humble_ws/install/f1tenth_gym_ros/lib/python3.10/site-packages:${PYTHONPATH} /usr/bin/python3 -W ignore:setup.py install is deprecated setup.py egg_info --egg-base ../../build/f1tenth_gym_ros build --build-base /home/rstole01/Documents/CSE-596/humble_ws/build/f1tenth_gym_ros/build install --record /home/rstole01/Documents/CSE-596/humble_ws/build/f1tenth_gym_ros/install.log --install-scripts $base/lib/f1tenth_gym_ros --single-version-externally-managed install_data
