[4.302s] Invoking command in '/home/rstole01/Documents/CSE-596/msu_ws/src/py_pubsub': PYTHONPATH=/home/rstole01/Documents/CSE-596/msu_ws/build/py_pubsub/prefix_override:/home/rstole01/Documents/CSE-596/msu_ws/install/py_pubsub/lib/python3.10/site-packages:${PYTHONPATH} /usr/bin/python3 setup.py egg_info --egg-base ../../build/py_pubsub build --build-base /home/rstole01/Documents/CSE-596/msu_ws/build/py_pubsub/build install --record /home/rstole01/Documents/CSE-596/msu_ws/build/py_pubsub/install.log --single-version-externally-managed
[4.978s] running egg_info
[4.980s] writing ../../build/py_pubsub/py_pubsub.egg-info/PKG-INFO
[4.980s] writing dependency_links to ../../build/py_pubsub/py_pubsub.egg-info/dependency_links.txt
[4.980s] writing entry points to ../../build/py_pubsub/py_pubsub.egg-info/entry_points.txt
[4.981s] writing requirements to ../../build/py_pubsub/py_pubsub.egg-info/requires.txt
[4.981s] writing top-level names to ../../build/py_pubsub/py_pubsub.egg-info/top_level.txt
[4.985s] reading manifest file '../../build/py_pubsub/py_pubsub.egg-info/SOURCES.txt'
[4.988s] writing manifest file '../../build/py_pubsub/py_pubsub.egg-info/SOURCES.txt'
[4.988s] running build
[4.988s] running build_py
[4.989s] running install
[4.989s] /usr/lib/python3/dist-packages/setuptools/command/install.py:34: SetuptoolsDeprecationWarning: setup.py install is deprecated. Use build and pip and other standards-based tools.
[4.989s]   warnings.warn(
[4.990s] running install_lib
[4.994s] running install_data
[4.995s] running install_egg_info
[4.999s] removing '/home/rstole01/Documents/CSE-596/msu_ws/install/py_pubsub/lib/python3.10/site-packages/py_pubsub-0.0.0-py3.10.egg-info' (and everything under it)
[5.000s] Copying ../../build/py_pubsub/py_pubsub.egg-info to /home/rstole01/Documents/CSE-596/msu_ws/install/py_pubsub/lib/python3.10/site-packages/py_pubsub-0.0.0-py3.10.egg-info
[5.002s] running install_scripts
[5.048s] Installing listener script to /home/rstole01/Documents/CSE-596/msu_ws/install/py_pubsub/lib/py_pubsub
[5.048s] Installing talker script to /home/rstole01/Documents/CSE-596/msu_ws/install/py_pubsub/lib/py_pubsub
[5.049s] writing list of installed files to '/home/rstole01/Documents/CSE-596/msu_ws/build/py_pubsub/install.log'
[6.280s] Invoked command in '/home/rstole01/Documents/CSE-596/msu_ws/src/py_pubsub' returned '0': PYTHONPATH=/home/rstole01/Documents/CSE-596/msu_ws/build/py_pubsub/prefix_override:/home/rstole01/Documents/CSE-596/msu_ws/install/py_pubsub/lib/python3.10/site-packages:${PYTHONPATH} /usr/bin/python3 setup.py egg_info --egg-base ../../build/py_pubsub build --build-base /home/rstole01/Documents/CSE-596/msu_ws/build/py_pubsub/build install --record /home/rstole01/Documents/CSE-596/msu_ws/build/py_pubsub/install.log --single-version-externally-managed
