running egg_info
creating ../../../../build/key_teleop/key_teleop.egg-info
writing ../../../../build/key_teleop/key_teleop.egg-info/PKG-INFO
writing dependency_links to ../../../../build/key_teleop/key_teleop.egg-info/dependency_links.txt
writing entry points to ../../../../build/key_teleop/key_teleop.egg-info/entry_points.txt
writing requirements to ../../../../build/key_teleop/key_teleop.egg-info/requires.txt
writing top-level names to ../../../../build/key_teleop/key_teleop.egg-info/top_level.txt
writing manifest file '../../../../build/key_teleop/key_teleop.egg-info/SOURCES.txt'
reading manifest file '../../../../build/key_teleop/key_teleop.egg-info/SOURCES.txt'
adding license file 'LICENSE'
writing manifest file '../../../../build/key_teleop/key_teleop.egg-info/SOURCES.txt'
running build
running build_py
creating /home/rstole01/Documents/CSE-596/humble_ws/build/key_teleop/build
creating /home/rstole01/Documents/CSE-596/humble_ws/build/key_teleop/build/lib
creating /home/rstole01/Documents/CSE-596/humble_ws/build/key_teleop/build/lib/key_teleop
copying key_teleop/__init__.py -> /home/rstole01/Documents/CSE-596/humble_ws/build/key_teleop/build/lib/key_teleop
copying key_teleop/key_teleop.py -> /home/rstole01/Documents/CSE-596/humble_ws/build/key_teleop/build/lib/key_teleop
running install
running install_lib
creating /home/rstole01/Documents/CSE-596/humble_ws/install/key_teleop/lib/python3.10/site-packages/key_teleop
copying /home/rstole01/Documents/CSE-596/humble_ws/build/key_teleop/build/lib/key_teleop/__init__.py -> /home/rstole01/Documents/CSE-596/humble_ws/install/key_teleop/lib/python3.10/site-packages/key_teleop
copying /home/rstole01/Documents/CSE-596/humble_ws/build/key_teleop/build/lib/key_teleop/key_teleop.py -> /home/rstole01/Documents/CSE-596/humble_ws/install/key_teleop/lib/python3.10/site-packages/key_teleop
byte-compiling /home/rstole01/Documents/CSE-596/humble_ws/install/key_teleop/lib/python3.10/site-packages/key_teleop/__init__.py to __init__.cpython-310.pyc
byte-compiling /home/rstole01/Documents/CSE-596/humble_ws/install/key_teleop/lib/python3.10/site-packages/key_teleop/key_teleop.py to key_teleop.cpython-310.pyc
running install_data
copying package.xml -> /home/rstole01/Documents/CSE-596/humble_ws/install/key_teleop/share/key_teleop
creating /home/rstole01/Documents/CSE-596/humble_ws/install/key_teleop/share/key_teleop/config
copying config/key_teleop.yaml -> /home/rstole01/Documents/CSE-596/humble_ws/install/key_teleop/share/key_teleop/config
creating /home/rstole01/Documents/CSE-596/humble_ws/install/key_teleop/share/ament_index
creating /home/rstole01/Documents/CSE-596/humble_ws/install/key_teleop/share/ament_index/resource_index
creating /home/rstole01/Documents/CSE-596/humble_ws/install/key_teleop/share/ament_index/resource_index/packages
copying resource/key_teleop -> /home/rstole01/Documents/CSE-596/humble_ws/install/key_teleop/share/ament_index/resource_index/packages
running install_egg_info
Copying ../../../../build/key_teleop/key_teleop.egg-info to /home/rstole01/Documents/CSE-596/humble_ws/install/key_teleop/lib/python3.10/site-packages/key_teleop-0.3.0-py3.10.egg-info
running install_scripts
Installing key_teleop script to /home/rstole01/Documents/CSE-596/humble_ws/install/key_teleop/lib/key_teleop
writing list of installed files to '/home/rstole01/Documents/CSE-596/humble_ws/build/key_teleop/install.log'
/usr/lib/python3/dist-packages/setuptools/dist.py:723: UserWarning: Usage of dash-separated 'script-dir' will not be supported in future versions. Please use the underscore name 'script_dir' instead
  warnings.warn(
/usr/lib/python3/dist-packages/setuptools/command/install.py:34: SetuptoolsDeprecationWarning: setup.py install is deprecated. Use build and pip and other standards-based tools.
  warnings.warn(
