[4.711s] Invoking command in '/home/rstole01/Documents/CSE-596/humble_ws/src/f1tenth_system/teleop_tools/key_teleop': PYTHONPATH=/home/rstole01/Documents/CSE-596/humble_ws/build/key_teleop/prefix_override:/home/rstole01/Documents/CSE-596/humble_ws/install/key_teleop/lib/python3.10/site-packages:${PYTHONPATH} /usr/bin/python3 setup.py egg_info --egg-base ../../../../build/key_teleop build --build-base /home/rstole01/Documents/CSE-596/humble_ws/build/key_teleop/build install --record /home/rstole01/Documents/CSE-596/humble_ws/build/key_teleop/install.log --install-scripts $base/lib/key_teleop --single-version-externally-managed
[6.779s] running egg_info
[6.780s] creating ../../../../build/key_teleop/key_teleop.egg-info
[6.780s] writing ../../../../build/key_teleop/key_teleop.egg-info/PKG-INFO
[6.780s] writing dependency_links to ../../../../build/key_teleop/key_teleop.egg-info/dependency_links.txt
[6.781s] writing entry points to ../../../../build/key_teleop/key_teleop.egg-info/entry_points.txt
[6.781s] writing requirements to ../../../../build/key_teleop/key_teleop.egg-info/requires.txt
[6.781s] writing top-level names to ../../../../build/key_teleop/key_teleop.egg-info/top_level.txt
[6.781s] writing manifest file '../../../../build/key_teleop/key_teleop.egg-info/SOURCES.txt'
[6.782s] reading manifest file '../../../../build/key_teleop/key_teleop.egg-info/SOURCES.txt'
[6.782s] adding license file 'LICENSE'
[6.782s] writing manifest file '../../../../build/key_teleop/key_teleop.egg-info/SOURCES.txt'
[6.782s] running build
[6.782s] running build_py
[6.783s] creating /home/rstole01/Documents/CSE-596/humble_ws/build/key_teleop/build
[6.783s] creating /home/rstole01/Documents/CSE-596/humble_ws/build/key_teleop/build/lib
[6.783s] creating /home/rstole01/Documents/CSE-596/humble_ws/build/key_teleop/build/lib/key_teleop
[6.783s] copying key_teleop/__init__.py -> /home/rstole01/Documents/CSE-596/humble_ws/build/key_teleop/build/lib/key_teleop
[6.784s] copying key_teleop/key_teleop.py -> /home/rstole01/Documents/CSE-596/humble_ws/build/key_teleop/build/lib/key_teleop
[6.784s] running install
[6.784s] running install_lib
[6.784s] creating /home/rstole01/Documents/CSE-596/humble_ws/install/key_teleop/lib/python3.10/site-packages/key_teleop
[6.785s] copying /home/rstole01/Documents/CSE-596/humble_ws/build/key_teleop/build/lib/key_teleop/__init__.py -> /home/rstole01/Documents/CSE-596/humble_ws/install/key_teleop/lib/python3.10/site-packages/key_teleop
[6.785s] copying /home/rstole01/Documents/CSE-596/humble_ws/build/key_teleop/build/lib/key_teleop/key_teleop.py -> /home/rstole01/Documents/CSE-596/humble_ws/install/key_teleop/lib/python3.10/site-packages/key_teleop
[6.785s] byte-compiling /home/rstole01/Documents/CSE-596/humble_ws/install/key_teleop/lib/python3.10/site-packages/key_teleop/__init__.py to __init__.cpython-310.pyc
[6.785s] byte-compiling /home/rstole01/Documents/CSE-596/humble_ws/install/key_teleop/lib/python3.10/site-packages/key_teleop/key_teleop.py to key_teleop.cpython-310.pyc
[6.786s] running install_data
[6.786s] copying package.xml -> /home/rstole01/Documents/CSE-596/humble_ws/install/key_teleop/share/key_teleop
[6.786s] creating /home/rstole01/Documents/CSE-596/humble_ws/install/key_teleop/share/key_teleop/config
[6.787s] copying config/key_teleop.yaml -> /home/rstole01/Documents/CSE-596/humble_ws/install/key_teleop/share/key_teleop/config
[6.787s] creating /home/rstole01/Documents/CSE-596/humble_ws/install/key_teleop/share/ament_index
[6.787s] creating /home/rstole01/Documents/CSE-596/humble_ws/install/key_teleop/share/ament_index/resource_index
[6.787s] creating /home/rstole01/Documents/CSE-596/humble_ws/install/key_teleop/share/ament_index/resource_index/packages
[6.788s] copying resource/key_teleop -> /home/rstole01/Documents/CSE-596/humble_ws/install/key_teleop/share/ament_index/resource_index/packages
[6.788s] running install_egg_info
[6.791s] Copying ../../../../build/key_teleop/key_teleop.egg-info to /home/rstole01/Documents/CSE-596/humble_ws/install/key_teleop/lib/python3.10/site-packages/key_teleop-0.3.0-py3.10.egg-info
[6.791s] running install_scripts
[6.791s] Installing key_teleop script to /home/rstole01/Documents/CSE-596/humble_ws/install/key_teleop/lib/key_teleop
[6.792s] writing list of installed files to '/home/rstole01/Documents/CSE-596/humble_ws/build/key_teleop/install.log'
[6.793s] /usr/lib/python3/dist-packages/setuptools/dist.py:723: UserWarning: Usage of dash-separated 'script-dir' will not be supported in future versions. Please use the underscore name 'script_dir' instead
[6.793s]   warnings.warn(
[6.793s] /usr/lib/python3/dist-packages/setuptools/command/install.py:34: SetuptoolsDeprecationWarning: setup.py install is deprecated. Use build and pip and other standards-based tools.
[6.793s]   warnings.warn(
[7.103s] Invoked command in '/home/rstole01/Documents/CSE-596/humble_ws/src/f1tenth_system/teleop_tools/key_teleop' returned '0': PYTHONPATH=/home/rstole01/Documents/CSE-596/humble_ws/build/key_teleop/prefix_override:/home/rstole01/Documents/CSE-596/humble_ws/install/key_teleop/lib/python3.10/site-packages:${PYTHONPATH} /usr/bin/python3 setup.py egg_info --egg-base ../../../../build/key_teleop build --build-base /home/rstole01/Documents/CSE-596/humble_ws/build/key_teleop/build install --record /home/rstole01/Documents/CSE-596/humble_ws/build/key_teleop/install.log --install-scripts $base/lib/key_teleop --single-version-externally-managed
