[3.877s] Invoking command in '/home/rstole01/Documents/CSE-596/msu_ws/src/painter': PYTHONPATH=/home/rstole01/Documents/CSE-596/msu_ws/build/painter/prefix_override:/home/rstole01/Documents/CSE-596/msu_ws/install/painter/lib/python3.10/site-packages:${PYTHONPATH} /usr/bin/python3 setup.py egg_info --egg-base ../../build/painter build --build-base /home/rstole01/Documents/CSE-596/msu_ws/build/painter/build install --record /home/rstole01/Documents/CSE-596/msu_ws/build/painter/install.log --single-version-externally-managed
[4.445s] running egg_info
[4.445s] writing ../../build/painter/painter.egg-info/PKG-INFO
[4.446s] writing dependency_links to ../../build/painter/painter.egg-info/dependency_links.txt
[4.446s] writing entry points to ../../build/painter/painter.egg-info/entry_points.txt
[4.446s] writing requirements to ../../build/painter/painter.egg-info/requires.txt
[4.446s] writing top-level names to ../../build/painter/painter.egg-info/top_level.txt
[4.448s] reading manifest file '../../build/painter/painter.egg-info/SOURCES.txt'
[4.449s] writing manifest file '../../build/painter/painter.egg-info/SOURCES.txt'
[4.450s] running build
[4.450s] running build_py
[4.450s] running install
[4.450s] /usr/lib/python3/dist-packages/setuptools/command/install.py:34: SetuptoolsDeprecationWarning: setup.py install is deprecated. Use build and pip and other standards-based tools.
[4.451s]   warnings.warn(
[4.451s] running install_lib
[4.451s] running install_data
[4.452s] running install_egg_info
[4.455s] removing '/home/rstole01/Documents/CSE-596/msu_ws/install/painter/lib/python3.10/site-packages/painter-0.0.0-py3.10.egg-info' (and everything under it)
[4.456s] Copying ../../build/painter/painter.egg-info to /home/rstole01/Documents/CSE-596/msu_ws/install/painter/lib/python3.10/site-packages/painter-0.0.0-py3.10.egg-info
[4.457s] running install_scripts
[4.484s] Installing painter script to /home/rstole01/Documents/CSE-596/msu_ws/install/painter/lib/painter
[4.484s] writing list of installed files to '/home/rstole01/Documents/CSE-596/msu_ws/build/painter/install.log'
[5.196s] Invoked command in '/home/rstole01/Documents/CSE-596/msu_ws/src/painter' returned '0': PYTHONPATH=/home/rstole01/Documents/CSE-596/msu_ws/build/painter/prefix_override:/home/rstole01/Documents/CSE-596/msu_ws/install/painter/lib/python3.10/site-packages:${PYTHONPATH} /usr/bin/python3 setup.py egg_info --egg-base ../../build/painter build --build-base /home/rstole01/Documents/CSE-596/msu_ws/build/painter/build install --record /home/rstole01/Documents/CSE-596/msu_ws/build/painter/install.log --single-version-externally-managed
