[9.343s] Invoking command in '/home/rstole01/Documents/CSE-596/msu_ws/src/qlearn': AMENT_PREFIX_PATH=/home/rstole01/Documents/CSE-596/msu_ws/install/ackermann_msgs:${AMENT_PREFIX_PATH} CMAKE_PREFIX_PATH=/home/rstole01/Documents/CSE-596/msu_ws/install/ackermann_msgs LD_LIBRARY_PATH=/home/rstole01/Documents/CSE-596/msu_ws/install/ackermann_msgs/lib:${LD_LIBRARY_PATH} PYTHONPATH=/home/rstole01/Documents/CSE-596/msu_ws/build/qlearn/prefix_override:/home/rstole01/Documents/CSE-596/msu_ws/install/qlearn/lib/python3.10/site-packages:/home/rstole01/Documents/CSE-596/msu_ws/install/ackermann_msgs/local/lib/python3.10/dist-packages:${PYTHONPATH} /usr/bin/python3 setup.py egg_info --egg-base ../../build/qlearn build --build-base /home/rstole01/Documents/CSE-596/msu_ws/build/qlearn/build install --record /home/rstole01/Documents/CSE-596/msu_ws/build/qlearn/install.log --single-version-externally-managed
[10.330s] running egg_info
[10.332s] writing ../../build/qlearn/qlearn.egg-info/PKG-INFO
[10.333s] writing dependency_links to ../../build/qlearn/qlearn.egg-info/dependency_links.txt
[10.333s] writing entry points to ../../build/qlearn/qlearn.egg-info/entry_points.txt
[10.333s] writing requirements to ../../build/qlearn/qlearn.egg-info/requires.txt
[10.334s] writing top-level names to ../../build/qlearn/qlearn.egg-info/top_level.txt
[10.340s] reading manifest file '../../build/qlearn/qlearn.egg-info/SOURCES.txt'
[10.363s] writing manifest file '../../build/qlearn/qlearn.egg-info/SOURCES.txt'
[10.363s] running build
[10.364s] running build_py
[10.366s] running install
[10.366s] /usr/lib/python3/dist-packages/setuptools/command/install.py:34: SetuptoolsDeprecationWarning: setup.py install is deprecated. Use build and pip and other standards-based tools.
[10.366s]   warnings.warn(
[10.367s] running install_lib
[10.371s] running install_data
[10.373s] running install_egg_info
[10.380s] removing '/home/rstole01/Documents/CSE-596/msu_ws/install/qlearn/lib/python3.10/site-packages/qlearn-0.0.0-py3.10.egg-info' (and everything under it)
[10.382s] Copying ../../build/qlearn/qlearn.egg-info to /home/rstole01/Documents/CSE-596/msu_ws/install/qlearn/lib/python3.10/site-packages/qlearn-0.0.0-py3.10.egg-info
[10.385s] running install_scripts
[10.460s] Installing qlearn script to /home/rstole01/Documents/CSE-596/msu_ws/install/qlearn/lib/qlearn
[10.460s] writing list of installed files to '/home/rstole01/Documents/CSE-596/msu_ws/build/qlearn/install.log'
[10.575s] Invoked command in '/home/rstole01/Documents/CSE-596/msu_ws/src/qlearn' returned '0': AMENT_PREFIX_PATH=/home/rstole01/Documents/CSE-596/msu_ws/install/ackermann_msgs:${AMENT_PREFIX_PATH} CMAKE_PREFIX_PATH=/home/rstole01/Documents/CSE-596/msu_ws/install/ackermann_msgs LD_LIBRARY_PATH=/home/rstole01/Documents/CSE-596/msu_ws/install/ackermann_msgs/lib:${LD_LIBRARY_PATH} PYTHONPATH=/home/rstole01/Documents/CSE-596/msu_ws/build/qlearn/prefix_override:/home/rstole01/Documents/CSE-596/msu_ws/install/qlearn/lib/python3.10/site-packages:/home/rstole01/Documents/CSE-596/msu_ws/install/ackermann_msgs/local/lib/python3.10/dist-packages:${PYTHONPATH} /usr/bin/python3 setup.py egg_info --egg-base ../../build/qlearn build --build-base /home/rstole01/Documents/CSE-596/msu_ws/build/qlearn/build install --record /home/rstole01/Documents/CSE-596/msu_ws/build/qlearn/install.log --single-version-externally-managed
