[3.823s] Invoking command in '/home/rstole01/Documents/CSE-596/humble_ws/src/f1tenth_stack': PYTHONPATH=/home/rstole01/Documents/CSE-596/humble_ws/build/f1tenth_stack/prefix_override:/home/rstole01/Documents/CSE-596/humble_ws/install/f1tenth_stack/lib/python3.10/site-packages:${PYTHONPATH} /usr/bin/python3 setup.py egg_info --egg-base ../../build/f1tenth_stack build --build-base /home/rstole01/Documents/CSE-596/humble_ws/build/f1tenth_stack/build install --record /home/rstole01/Documents/CSE-596/humble_ws/build/f1tenth_stack/install.log --install-scripts $base/lib/f1tenth_stack --single-version-externally-managed
[4.467s] /usr/lib/python3/dist-packages/setuptools/dist.py:723: UserWarning: Usage of dash-separated 'script-dir' will not be supported in future versions. Please use the underscore name 'script_dir' instead
[4.468s]   warnings.warn(
[4.485s] running egg_info
[4.487s] writing ../../build/f1tenth_stack/f1tenth_stack.egg-info/PKG-INFO
[4.488s] writing dependency_links to ../../build/f1tenth_stack/f1tenth_stack.egg-info/dependency_links.txt
[4.488s] writing entry points to ../../build/f1tenth_stack/f1tenth_stack.egg-info/entry_points.txt
[4.489s] writing requirements to ../../build/f1tenth_stack/f1tenth_stack.egg-info/requires.txt
[4.490s] writing top-level names to ../../build/f1tenth_stack/f1tenth_stack.egg-info/top_level.txt
[4.493s] reading manifest file '../../build/f1tenth_stack/f1tenth_stack.egg-info/SOURCES.txt'
[4.495s] writing manifest file '../../build/f1tenth_stack/f1tenth_stack.egg-info/SOURCES.txt'
[4.495s] running build
[4.496s] running build_py
[4.497s] running install
[4.497s] /usr/lib/python3/dist-packages/setuptools/command/install.py:34: SetuptoolsDeprecationWarning: setup.py install is deprecated. Use build and pip and other standards-based tools.
[4.497s]   warnings.warn(
[4.498s] running install_lib
[4.501s] running install_data
[4.502s] running install_egg_info
[4.507s] removing '/home/rstole01/Documents/CSE-596/humble_ws/install/f1tenth_stack/lib/python3.10/site-packages/f1tenth_stack-0.0.1-py3.10.egg-info' (and everything under it)
[4.508s] Copying ../../build/f1tenth_stack/f1tenth_stack.egg-info to /home/rstole01/Documents/CSE-596/humble_ws/install/f1tenth_stack/lib/python3.10/site-packages/f1tenth_stack-0.0.1-py3.10.egg-info
[4.511s] running install_scripts
[4.560s] Installing tf_publisher script to /home/rstole01/Documents/CSE-596/humble_ws/install/f1tenth_stack/lib/f1tenth_stack
[4.561s] Installing throttle_interpolator script to /home/rstole01/Documents/CSE-596/humble_ws/install/f1tenth_stack/lib/f1tenth_stack
[4.561s] writing list of installed files to '/home/rstole01/Documents/CSE-596/humble_ws/build/f1tenth_stack/install.log'
[4.923s] Invoked command in '/home/rstole01/Documents/CSE-596/humble_ws/src/f1tenth_stack' returned '0': PYTHONPATH=/home/rstole01/Documents/CSE-596/humble_ws/build/f1tenth_stack/prefix_override:/home/rstole01/Documents/CSE-596/humble_ws/install/f1tenth_stack/lib/python3.10/site-packages:${PYTHONPATH} /usr/bin/python3 setup.py egg_info --egg-base ../../build/f1tenth_stack build --build-base /home/rstole01/Documents/CSE-596/humble_ws/build/f1tenth_stack/build install --record /home/rstole01/Documents/CSE-596/humble_ws/build/f1tenth_stack/install.log --install-scripts $base/lib/f1tenth_stack --single-version-externally-managed
