[0.661s] Invoking command in '/home/rstole01/Documents/CSE-596/humble_ws/build/scan_pubsub': CMAKE_PREFIX_PATH=/home/rstole01/Documents/CSE-596/humble_ws/install/tutorial_interfaces:/home/rstole01/Documents/CSE-596/humble_ws/install/vesc_msgs:/home/rstole01/Documents/CSE-596/humble_ws/install/scan_pubsub:/home/rstole01/Documents/CSE-596/humble_ws/install/cpp_pubsub:/home/rstole01/Documents/CSE-596/humble_ws/install/teleop_tools:/home/rstole01/Documents/CSE-596/humble_ws/install/teleop_tools_msgs:/home/rstole01/Documents/CSE-596/humble_ws/install/pid_lab:/home/rstole01/Documents/CSE-596/humble_ws/install/lab1_package:/home/rstole01/Documents/CSE-596/humble_ws/install/aeb_lab:/home/rstole01/Documents/CSE-596/humble_ws/install/ackermann_mux:/home/rstole01/Documents/CSE-596/humble_ws/install/joy_teleop:/home/rstole01/Documents/CSE-596/humble_ws/install/mouse_teleop:/home/rstole01/Documents/CSE-596/humble_ws/install/key_teleop:/home/rstole01/Documents/CSE-596/humble_ws/install/f1tenth_gym_ros:/opt/ros/humble LD_LIBRARY_PATH=/home/rstole01/Documents/CSE-596/humble_ws/install/tutorial_interfaces/lib:/home/rstole01/Documents/CSE-596/humble_ws/install/vesc_msgs/lib:/home/rstole01/Documents/CSE-596/humble_ws/install/teleop_tools_msgs/lib:/usr/lib/x86_64-linux-gnu/gazebo-11/plugins:/opt/ros/humble/opt/rviz_ogre_vendor/lib:/opt/ros/humble/lib/x86_64-linux-gnu:/opt/ros/humble/lib /usr/bin/cmake --build /home/rstole01/Documents/CSE-596/humble_ws/build/scan_pubsub -- -j8 -l8
[0.753s] [35m[1mConsolidate compiler generated dependencies of target pubsub[0m
[0.805s] [100%] Built target pubsub
[0.829s] Invoked command in '/home/rstole01/Documents/CSE-596/humble_ws/build/scan_pubsub' returned '0': CMAKE_PREFIX_PATH=/home/rstole01/Documents/CSE-596/humble_ws/install/tutorial_interfaces:/home/rstole01/Documents/CSE-596/humble_ws/install/vesc_msgs:/home/rstole01/Documents/CSE-596/humble_ws/install/scan_pubsub:/home/rstole01/Documents/CSE-596/humble_ws/install/cpp_pubsub:/home/rstole01/Documents/CSE-596/humble_ws/install/teleop_tools:/home/rstole01/Documents/CSE-596/humble_ws/install/teleop_tools_msgs:/home/rstole01/Documents/CSE-596/humble_ws/install/pid_lab:/home/rstole01/Documents/CSE-596/humble_ws/install/lab1_package:/home/rstole01/Documents/CSE-596/humble_ws/install/aeb_lab:/home/rstole01/Documents/CSE-596/humble_ws/install/ackermann_mux:/home/rstole01/Documents/CSE-596/humble_ws/install/joy_teleop:/home/rstole01/Documents/CSE-596/humble_ws/install/mouse_teleop:/home/rstole01/Documents/CSE-596/humble_ws/install/key_teleop:/home/rstole01/Documents/CSE-596/humble_ws/install/f1tenth_gym_ros:/opt/ros/humble LD_LIBRARY_PATH=/home/rstole01/Documents/CSE-596/humble_ws/install/tutorial_interfaces/lib:/home/rstole01/Documents/CSE-596/humble_ws/install/vesc_msgs/lib:/home/rstole01/Documents/CSE-596/humble_ws/install/teleop_tools_msgs/lib:/usr/lib/x86_64-linux-gnu/gazebo-11/plugins:/opt/ros/humble/opt/rviz_ogre_vendor/lib:/opt/ros/humble/lib/x86_64-linux-gnu:/opt/ros/humble/lib /usr/bin/cmake --build /home/rstole01/Documents/CSE-596/humble_ws/build/scan_pubsub -- -j8 -l8
[0.888s] Invoking command in '/home/rstole01/Documents/CSE-596/humble_ws/build/scan_pubsub': CMAKE_PREFIX_PATH=/home/rstole01/Documents/CSE-596/humble_ws/install/tutorial_interfaces:/home/rstole01/Documents/CSE-596/humble_ws/install/vesc_msgs:/home/rstole01/Documents/CSE-596/humble_ws/install/scan_pubsub:/home/rstole01/Documents/CSE-596/humble_ws/install/cpp_pubsub:/home/rstole01/Documents/CSE-596/humble_ws/install/teleop_tools:/home/rstole01/Documents/CSE-596/humble_ws/install/teleop_tools_msgs:/home/rstole01/Documents/CSE-596/humble_ws/install/pid_lab:/home/rstole01/Documents/CSE-596/humble_ws/install/lab1_package:/home/rstole01/Documents/CSE-596/humble_ws/install/aeb_lab:/home/rstole01/Documents/CSE-596/humble_ws/install/ackermann_mux:/home/rstole01/Documents/CSE-596/humble_ws/install/joy_teleop:/home/rstole01/Documents/CSE-596/humble_ws/install/mouse_teleop:/home/rstole01/Documents/CSE-596/humble_ws/install/key_teleop:/home/rstole01/Documents/CSE-596/humble_ws/install/f1tenth_gym_ros:/opt/ros/humble LD_LIBRARY_PATH=/home/rstole01/Documents/CSE-596/humble_ws/install/tutorial_interfaces/lib:/home/rstole01/Documents/CSE-596/humble_ws/install/vesc_msgs/lib:/home/rstole01/Documents/CSE-596/humble_ws/install/teleop_tools_msgs/lib:/usr/lib/x86_64-linux-gnu/gazebo-11/plugins:/opt/ros/humble/opt/rviz_ogre_vendor/lib:/opt/ros/humble/lib/x86_64-linux-gnu:/opt/ros/humble/lib /usr/bin/cmake --install /home/rstole01/Documents/CSE-596/humble_ws/build/scan_pubsub
[0.904s] -- Install configuration: ""
[0.907s] -- Installing: /home/rstole01/Documents/CSE-596/humble_ws/install/scan_pubsub/lib/scan_pubsub/pubsub
[0.920s] -- Set runtime path of "/home/rstole01/Documents/CSE-596/humble_ws/install/scan_pubsub/lib/scan_pubsub/pubsub" to ""
[0.920s] -- Up-to-date: /home/rstole01/Documents/CSE-596/humble_ws/install/scan_pubsub/share/scan_pubsub/launch
[0.921s] -- Up-to-date: /home/rstole01/Documents/CSE-596/humble_ws/install/scan_pubsub/share/scan_pubsub/launch/opp_racecar.xacro
[0.921s] -- Up-to-date: /home/rstole01/Documents/CSE-596/humble_ws/install/scan_pubsub/share/scan_pubsub/launch/__pycache__
[0.923s] -- Up-to-date: /home/rstole01/Documents/CSE-596/humble_ws/install/scan_pubsub/share/scan_pubsub/launch/__pycache__/lab1Launch.cpython-310.pyc
[0.923s] -- Up-to-date: /home/rstole01/Documents/CSE-596/humble_ws/install/scan_pubsub/share/scan_pubsub/launch/gym_bridge_launch.py
[0.924s] -- Up-to-date: /home/rstole01/Documents/CSE-596/humble_ws/install/scan_pubsub/share/scan_pubsub/launch/ego_racecar.xacro
[0.924s] -- Up-to-date: /home/rstole01/Documents/CSE-596/humble_ws/install/scan_pubsub/share/scan_pubsub/launch/lab1Launch.py
[0.924s] -- Up-to-date: /home/rstole01/Documents/CSE-596/humble_ws/install/scan_pubsub/share/scan_pubsub/launch/gym_bridge.rviz
[0.925s] -- Up-to-date: /home/rstole01/Documents/CSE-596/humble_ws/install/scan_pubsub/share/ament_index/resource_index/package_run_dependencies/scan_pubsub
[0.925s] -- Up-to-date: /home/rstole01/Documents/CSE-596/humble_ws/install/scan_pubsub/share/ament_index/resource_index/parent_prefix_path/scan_pubsub
[0.925s] -- Installing: /home/rstole01/Documents/CSE-596/humble_ws/install/scan_pubsub/share/scan_pubsub/environment/ament_prefix_path.sh
[0.926s] -- Installing: /home/rstole01/Documents/CSE-596/humble_ws/install/scan_pubsub/share/scan_pubsub/environment/ament_prefix_path.dsv
[0.927s] -- Installing: /home/rstole01/Documents/CSE-596/humble_ws/install/scan_pubsub/share/scan_pubsub/environment/path.sh
[0.928s] -- Installing: /home/rstole01/Documents/CSE-596/humble_ws/install/scan_pubsub/share/scan_pubsub/environment/path.dsv
[0.928s] -- Up-to-date: /home/rstole01/Documents/CSE-596/humble_ws/install/scan_pubsub/share/scan_pubsub/local_setup.bash
[0.929s] -- Up-to-date: /home/rstole01/Documents/CSE-596/humble_ws/install/scan_pubsub/share/scan_pubsub/local_setup.sh
[0.929s] -- Up-to-date: /home/rstole01/Documents/CSE-596/humble_ws/install/scan_pubsub/share/scan_pubsub/local_setup.zsh
[0.929s] -- Installing: /home/rstole01/Documents/CSE-596/humble_ws/install/scan_pubsub/share/scan_pubsub/local_setup.dsv
[0.930s] -- Installing: /home/rstole01/Documents/CSE-596/humble_ws/install/scan_pubsub/share/scan_pubsub/package.dsv
[0.930s] -- Up-to-date: /home/rstole01/Documents/CSE-596/humble_ws/install/scan_pubsub/share/ament_index/resource_index/packages/scan_pubsub
[0.931s] -- Up-to-date: /home/rstole01/Documents/CSE-596/humble_ws/install/scan_pubsub/share/scan_pubsub/cmake/scan_pubsubConfig.cmake
[0.931s] -- Up-to-date: /home/rstole01/Documents/CSE-596/humble_ws/install/scan_pubsub/share/scan_pubsub/cmake/scan_pubsubConfig-version.cmake
[0.931s] -- Up-to-date: /home/rstole01/Documents/CSE-596/humble_ws/install/scan_pubsub/share/scan_pubsub/package.xml
[0.934s] Invoked command in '/home/rstole01/Documents/CSE-596/humble_ws/build/scan_pubsub' returned '0': CMAKE_PREFIX_PATH=/home/rstole01/Documents/CSE-596/humble_ws/install/tutorial_interfaces:/home/rstole01/Documents/CSE-596/humble_ws/install/vesc_msgs:/home/rstole01/Documents/CSE-596/humble_ws/install/scan_pubsub:/home/rstole01/Documents/CSE-596/humble_ws/install/cpp_pubsub:/home/rstole01/Documents/CSE-596/humble_ws/install/teleop_tools:/home/rstole01/Documents/CSE-596/humble_ws/install/teleop_tools_msgs:/home/rstole01/Documents/CSE-596/humble_ws/install/pid_lab:/home/rstole01/Documents/CSE-596/humble_ws/install/lab1_package:/home/rstole01/Documents/CSE-596/humble_ws/install/aeb_lab:/home/rstole01/Documents/CSE-596/humble_ws/install/ackermann_mux:/home/rstole01/Documents/CSE-596/humble_ws/install/joy_teleop:/home/rstole01/Documents/CSE-596/humble_ws/install/mouse_teleop:/home/rstole01/Documents/CSE-596/humble_ws/install/key_teleop:/home/rstole01/Documents/CSE-596/humble_ws/install/f1tenth_gym_ros:/opt/ros/humble LD_LIBRARY_PATH=/home/rstole01/Documents/CSE-596/humble_ws/install/tutorial_interfaces/lib:/home/rstole01/Documents/CSE-596/humble_ws/install/vesc_msgs/lib:/home/rstole01/Documents/CSE-596/humble_ws/install/teleop_tools_msgs/lib:/usr/lib/x86_64-linux-gnu/gazebo-11/plugins:/opt/ros/humble/opt/rviz_ogre_vendor/lib:/opt/ros/humble/lib/x86_64-linux-gnu:/opt/ros/humble/lib /usr/bin/cmake --install /home/rstole01/Documents/CSE-596/humble_ws/build/scan_pubsub
